,number,values_0,values_1,datetime_start,datetime_complete,duration,params_dim,params_smoothing_level,system_attrs_nsga2:generation,state
271,271,-0.23595454717713507,0.005674326697396594,2024-05-18 14:33:45.916569,2024-05-18 14:33:48.310017,0 days 00:00:02.393448,385,0.6798270613611228,5,COMPLETE
272,272,-1.1114927371197294,0.0073261426999534805,2024-05-18 14:33:48.310017,2024-05-18 14:33:50.990154,0 days 00:00:02.680137,591,0.20172989830436971,5,COMPLETE
273,273,-0.825937615243028,0.007038620078828628,2024-05-18 14:33:50.990154,2024-05-18 14:33:53.725423,0 days 00:00:02.735269,571,0.5281471394387424,5,COMPLETE
274,274,-0.882442919785238,0.0068679489919346495,2024-05-18 14:33:53.725423,2024-05-18 14:33:56.389465,0 days 00:00:02.664042,491,0.46872282321131487,5,COMPLETE
275,275,-0.45577839427962596,0.006195280602185417,2024-05-18 14:33:56.389465,2024-05-18 14:34:00.784952,0 days 00:00:04.395487,859,0.8100561024518842,5,COMPLETE
276,276,-1.50206677346679,0.007915803990857843,2024-05-18 14:34:00.784952,2024-05-18 14:34:04.751753,0 days 00:00:03.966801,816,0.24354151002426194,5,COMPLETE
277,277,-0.6995213583496922,0.006593031989521278,2024-05-18 14:34:04.751753,2024-05-18 14:34:06.615547,0 days 00:00:01.863794,178,0.27379101105617243,5,COMPLETE
278,278,-0.4517561678170825,0.006134783142608291,2024-05-18 14:34:06.615547,2024-05-18 14:34:09.031332,0 days 00:00:02.415785,461,0.5918097357636898,5,COMPLETE
279,279,-0.6860754511331298,0.006580103507753605,2024-05-18 14:34:09.031332,2024-05-18 14:34:13.014032,0 days 00:00:03.982700,816,0.5219941433182567,5,COMPLETE
280,280,-0.458410438457054,0.006091614082716641,2024-05-18 14:34:13.014032,2024-05-18 14:34:14.996508,0 days 00:00:01.982476,285,0.6694626513145412,5,COMPLETE
281,281,-1.211294241188443,0.007515263009367184,2024-05-18 14:34:14.996508,2024-05-18 14:34:19.911305,0 days 00:00:04.914797,890,0.6262934113665739,5,COMPLETE
282,282,-1.8519814437688882,0.008690482825559223,2024-05-18 14:34:19.911305,2024-05-18 14:34:22.244567,0 days 00:00:02.333262,348,0.2758632087197752,5,COMPLETE
283,283,-2.602897361136795,0.009210905686360016,2024-05-18 14:34:22.244567,2024-05-18 14:34:27.236505,0 days 00:00:04.991938,830,0.5208513456399668,5,COMPLETE
284,284,-1.37456943242933,0.007805771757875208,2024-05-18 14:34:27.236505,2024-05-18 14:34:31.239344,0 days 00:00:04.002839,667,0.7040366723392834,5,COMPLETE
285,285,-0.3432461068088266,0.005914245678666222,2024-05-18 14:34:31.239344,2024-05-18 14:34:36.446083,0 days 00:00:05.206739,898,0.3413378536436953,5,COMPLETE
286,286,-0.5376650318040694,0.006242754351700435,2024-05-18 14:34:36.446083,2024-05-18 14:34:41.190266,0 days 00:00:04.744183,830,0.2758632087197752,5,COMPLETE
287,287,-0.7327930683930395,0.006830773271750415,2024-05-18 14:34:41.190266,2024-05-18 14:34:46.305110,0 days 00:00:05.114844,936,0.6207227029747193,5,COMPLETE
288,288,-1.9371970131232465,0.008514953052369864,2024-05-18 14:34:46.307103,2024-05-18 14:34:48.967137,0 days 00:00:02.660034,530,0.7820169621967699,5,COMPLETE
289,289,-0.6254363698577055,0.006402561713973148,2024-05-18 14:34:48.967137,2024-05-18 14:34:50.908670,0 days 00:00:01.941533,150,0.06665597370731491,5,COMPLETE
290,290,-0.3505090215116944,0.005953624895248779,2024-05-18 14:34:50.909667,2024-05-18 14:34:55.849982,0 days 00:00:04.940315,849,0.7198400535460219,5,COMPLETE
291,291,-11.345507007026177,0.014412715968019163,2024-05-18 14:34:55.851894,2024-05-18 14:35:00.918950,0 days 00:00:05.067056,859,0.7059417171634296,5,COMPLETE
292,292,-0.9076856664935622,0.006979499331212143,2024-05-18 14:35:00.918950,2024-05-18 14:35:05.612426,0 days 00:00:04.693476,755,0.6498223872984176,5,COMPLETE
293,293,-0.6439814672513432,0.006686861098271884,2024-05-18 14:35:05.614421,2024-05-18 14:35:07.680031,0 days 00:00:02.065610,108,0.4742136325432218,5,COMPLETE
294,294,-0.3908179489571509,0.006018762237383593,2024-05-18 14:35:07.682025,2024-05-18 14:35:10.503420,0 days 00:00:02.821395,377,0.21345598190136617,5,COMPLETE
295,295,-0.3854810005333583,0.005999686397258262,2024-05-18 14:35:10.505413,2024-05-18 14:35:13.942677,0 days 00:00:03.437264,651,0.03192675630572961,5,COMPLETE
296,296,-0.49511028833717285,0.006074468798376275,2024-05-18 14:35:13.942677,2024-05-18 14:35:19.906666,0 days 00:00:05.963989,730,0.5411929317532349,5,COMPLETE
297,297,-0.34270956335457914,0.005816134273625336,2024-05-18 14:35:19.906666,2024-05-18 14:35:22.855494,0 days 00:00:02.948828,404,0.14247161773214778,5,COMPLETE
298,298,-1.636421960054556,0.007827526578549824,2024-05-18 14:35:22.855494,2024-05-18 14:35:26.453807,0 days 00:00:03.598313,623,0.01962994267196294,5,COMPLETE
299,299,-0.1353070238737841,0.005457787028230836,2024-05-18 14:35:26.453807,2024-05-18 14:35:33.567869,0 days 00:00:07.114062,852,0.46872282321131487,5,COMPLETE
300,300,-0.6132640205056392,0.006497659348134956,2024-05-18 14:35:33.567869,2024-05-18 14:35:37.129745,0 days 00:00:03.561876,491,0.2872477928571312,6,COMPLETE
301,301,-0.7587413388117923,0.006539371802230609,2024-05-18 14:35:37.129745,2024-05-18 14:35:39.211030,0 days 00:00:02.081285,194,0.26786371295480427,6,COMPLETE
302,302,-1.2592330595810803,0.00755729895042391,2024-05-18 14:35:39.211030,2024-05-18 14:35:41.151244,0 days 00:00:01.940214,178,0.013566119419588185,6,COMPLETE
303,303,-0.8874879407439433,0.007083992359072986,2024-05-18 14:35:41.151244,2024-05-18 14:35:45.392890,0 days 00:00:04.241646,685,0.9294497471052522,6,COMPLETE
304,304,-0.3301445758040426,0.0058761612548046864,2024-05-18 14:35:45.392890,2024-05-18 14:35:49.929821,0 days 00:00:04.536931,859,0.9112883510198551,6,COMPLETE
305,305,-0.4895607580338517,0.00627562346825732,2024-05-18 14:35:49.929821,2024-05-18 14:35:51.907905,0 days 00:00:01.978084,199,0.7680844587280367,6,COMPLETE
306,306,-0.36950011078222633,0.0058728513214215995,2024-05-18 14:35:51.907905,2024-05-18 14:35:54.892978,0 days 00:00:02.985073,491,0.3179859725093068,6,COMPLETE
307,307,-0.697914897994783,0.00661595364689474,2024-05-18 14:35:54.892978,2024-05-18 14:35:57.956660,0 days 00:00:03.063682,603,0.1897965120599433,6,COMPLETE
308,308,-0.375256028382753,0.005983236306345168,2024-05-18 14:35:57.972281,2024-05-18 14:36:03.365867,0 days 00:00:05.393586,971,0.6970913897692645,6,COMPLETE
309,309,-0.5352772359472053,0.006236484195004695,2024-05-18 14:36:03.365867,2024-05-18 14:36:08.672018,0 days 00:00:05.306151,918,0.6118701562765668,6,COMPLETE
310,310,-0.39635789317815107,0.005934380660439703,2024-05-18 14:36:08.672018,2024-05-18 14:36:13.533176,0 days 00:00:04.861158,816,0.30814854003418424,6,COMPLETE
311,311,-0.7237322458401133,0.006588781702448372,2024-05-18 14:36:13.533176,2024-05-18 14:36:18.286485,0 days 00:00:04.753309,769,0.2721799647933443,6,COMPLETE
312,312,-0.783496944605676,0.00667890450649012,2024-05-18 14:36:18.286485,2024-05-18 14:36:21.328607,0 days 00:00:03.042122,458,0.003502905564865655,6,COMPLETE
313,313,-1.9237077877098852,0.008778564922792937,2024-05-18 14:36:21.328607,2024-05-18 14:36:23.180703,0 days 00:00:01.852096,72,0.24005941875505177,6,COMPLETE
314,314,-7.3254913619063915,0.012872903911769772,2024-05-18 14:36:23.196332,2024-05-18 14:36:28.871642,0 days 00:00:05.675310,967,0.7198400535460219,6,COMPLETE
315,315,-0.7462701529844018,0.006743633432401348,2024-05-18 14:36:28.874144,2024-05-18 14:36:34.107139,0 days 00:00:05.232995,690,0.8223547764648684,6,COMPLETE
316,316,-1.4113572705475061,0.00808013725249104,2024-05-18 14:36:34.107139,2024-05-18 14:36:36.822621,0 days 00:00:02.715482,318,0.03192675630572961,6,COMPLETE
317,317,-34.76831211218251,0.02124034853220218,2024-05-18 14:36:36.822621,2024-05-18 14:36:42.936570,0 days 00:00:06.113949,838,0.34240293949504264,6,COMPLETE
318,318,-0.5579563569347314,0.0063770172489840335,2024-05-18 14:36:42.936570,2024-05-18 14:36:48.469466,0 days 00:00:05.532896,830,0.7971163294517495,6,COMPLETE
319,319,-0.8531363529307374,0.007012061279473717,2024-05-18 14:36:48.485086,2024-05-18 14:36:50.699642,0 days 00:00:02.214556,171,0.14247161773214778,6,COMPLETE
320,320,-0.6169141858325212,0.00646744774158995,2024-05-18 14:36:50.699642,2024-05-18 14:36:56.566591,0 days 00:00:05.866949,985,0.5037012764993845,6,COMPLETE
321,321,-1.2868689359426213,0.007390373210613514,2024-05-18 14:36:56.567587,2024-05-18 14:37:02.561195,0 days 00:00:05.993608,894,0.740547627615406,6,COMPLETE
322,322,-0.8003781142309994,0.0068544865942318026,2024-05-18 14:37:02.561195,2024-05-18 14:37:06.543376,0 days 00:00:03.982181,639,0.46872282321131487,6,COMPLETE
323,323,-0.5124001989258418,0.006272775140068083,2024-05-18 14:37:06.543376,2024-05-18 14:37:09.274896,0 days 00:00:02.731520,199,0.3701802757902898,6,COMPLETE
324,324,-0.8724954376482976,0.0070456130042591495,2024-05-18 14:37:09.274896,2024-05-18 14:37:15.355647,0 days 00:00:06.080751,971,0.7518118414481754,6,COMPLETE
325,325,-0.52908625379617,0.0062740466838571984,2024-05-18 14:37:15.355647,2024-05-18 14:37:21.315934,0 days 00:00:05.960287,971,0.6660605478147122,6,COMPLETE
326,326,-0.40804207388791147,0.006006505832372216,2024-05-18 14:37:21.315934,2024-05-18 14:37:27.295797,0 days 00:00:05.979863,992,0.19693049559736153,6,COMPLETE
327,327,-0.5836378193969116,0.006306851978253964,2024-05-18 14:37:27.297792,2024-05-18 14:37:32.348338,0 days 00:00:05.050546,688,0.951637371660413,6,COMPLETE
328,328,-0.31309488227245175,0.005947532098307729,2024-05-18 14:37:32.364842,2024-05-18 14:37:37.361730,0 days 00:00:04.996888,685,0.07005618849371731,6,COMPLETE
329,329,-0.5264237709890487,0.00627013394431015,2024-05-18 14:37:37.361730,2024-05-18 14:37:43.155668,0 days 00:00:05.793938,967,0.09084591787104401,6,COMPLETE
330,330,-0.261166164391443,0.005747295444414421,2024-05-18 14:37:43.155668,2024-05-18 14:37:48.435834,0 days 00:00:05.280166,855,0.14247161773214778,6,COMPLETE
331,331,-0.5577609575669495,0.0063360092700806255,2024-05-18 14:37:48.435834,2024-05-18 14:37:50.831127,0 days 00:00:02.395293,241,0.46872282321131487,6,COMPLETE
332,332,-1.4553588043850711,0.008083399385577282,2024-05-18 14:37:50.831127,2024-05-18 14:37:53.121435,0 days 00:00:02.290308,247,0.4742136325432218,6,COMPLETE
333,333,-1.0180215345333508,0.007243133496043495,2024-05-18 14:37:53.121435,2024-05-18 14:37:58.863432,0 days 00:00:05.741997,975,0.30814854003418424,6,COMPLETE
334,334,-0.7554182061372124,0.006677089490946764,2024-05-18 14:37:58.863432,2024-05-18 14:38:04.706045,0 days 00:00:05.842613,967,0.6657480136968503,6,COMPLETE
335,335,-0.6846391904862607,0.006599533110046957,2024-05-18 14:38:04.709038,2024-05-18 14:38:09.444450,0 days 00:00:04.735412,700,0.5537288758311638,6,COMPLETE
336,336,-0.49664749212394205,0.006159600212336641,2024-05-18 14:38:09.444450,2024-05-18 14:38:14.845971,0 days 00:00:05.401521,894,0.2969156429377814,6,COMPLETE
337,337,-15.669483414873131,0.01637334315776781,2024-05-18 14:38:14.845971,2024-05-18 14:38:20.292920,0 days 00:00:05.446949,732,0.3413378536436953,6,COMPLETE
338,338,-0.9655392366759837,0.007133865277483907,2024-05-18 14:38:20.292920,2024-05-18 14:38:26.640874,0 days 00:00:06.347954,967,0.09084591787104401,6,COMPLETE
339,339,-0.5892806558501054,0.0063627273708059566,2024-05-18 14:38:26.640874,2024-05-18 14:38:31.807027,0 days 00:00:05.166153,660,0.3413378536436953,6,COMPLETE
340,340,-0.403944230448377,0.006133988988136702,2024-05-18 14:38:31.807027,2024-05-18 14:38:38.788770,0 days 00:00:06.981743,867,0.7198400535460219,6,COMPLETE
341,341,-0.7303935539376007,0.006577825798462773,2024-05-18 14:38:38.788770,2024-05-18 14:38:42.879325,0 days 00:00:04.090555,608,0.7087737942871889,6,COMPLETE
342,342,-0.3744654616306832,0.0059491038046086825,2024-05-18 14:38:42.882367,2024-05-18 14:38:49.579875,0 days 00:00:06.697508,971,0.9692638574605789,6,COMPLETE
343,343,-0.9461622800612043,0.007164524680340829,2024-05-18 14:38:49.582128,2024-05-18 14:38:55.268855,0 days 00:00:05.686727,823,0.2872477928571312,6,COMPLETE
344,344,-0.47444752868478746,0.006258126184846001,2024-05-18 14:38:55.268855,2024-05-18 14:38:57.775139,0 days 00:00:02.506284,244,0.1897965120599433,6,COMPLETE
345,345,-2.012364312576053,0.009042220536096258,2024-05-18 14:38:57.775139,2024-05-18 14:38:59.981334,0 days 00:00:02.206195,119,0.34605543926082194,6,COMPLETE
346,346,-0.3393241878544994,0.005921126946642757,2024-05-18 14:38:59.981334,2024-05-18 14:39:06.102036,0 days 00:00:06.120702,849,0.6031527537273179,6,COMPLETE
347,347,-0.526775733019147,0.006323352488238751,2024-05-18 14:39:06.102036,2024-05-18 14:39:09.482456,0 days 00:00:03.380420,417,0.6659609670227572,6,COMPLETE
348,348,-0.6675468189399588,0.006476243604353652,2024-05-18 14:39:09.482456,2024-05-18 14:39:15.347666,0 days 00:00:05.865210,838,0.7734476165257347,6,COMPLETE
349,349,-1.4047116359376264,0.007959094978700482,2024-05-18 14:39:15.347666,2024-05-18 14:39:20.719752,0 days 00:00:05.372086,830,0.2758632087197752,6,COMPLETE
350,350,-0.922277892283987,0.007003332108587837,2024-05-18 14:39:20.719752,2024-05-18 14:39:22.449518,0 days 00:00:01.729766,24,0.7696768921853696,7,COMPLETE
351,351,-0.3757035953771129,0.006010687746285284,2024-05-18 14:39:22.449518,2024-05-18 14:39:27.541339,0 days 00:00:05.091821,816,0.7087737942871889,7,COMPLETE
352,352,-0.5753560415523955,0.006302271350743749,2024-05-18 14:39:27.542338,2024-05-18 14:39:32.794353,0 days 00:00:05.252015,810,0.6852139781823383,7,COMPLETE
353,353,-0.4519220160040055,0.006215829153316424,2024-05-18 14:39:32.794353,2024-05-18 14:39:38.458666,0 days 00:00:05.664313,992,0.1897965120599433,7,COMPLETE
354,354,-62.40740085863182,0.02993788344896874,2024-05-18 14:39:38.458666,2024-05-18 14:39:43.451998,0 days 00:00:04.993332,852,0.2758632087197752,7,COMPLETE
355,355,-0.9406395164994322,0.007092372913069295,2024-05-18 14:39:43.451998,2024-05-18 14:39:48.935841,0 days 00:00:05.483843,885,0.4057453297671013,7,COMPLETE
356,356,-0.6787083444583825,0.00652379295142428,2024-05-18 14:39:48.935841,2024-05-18 14:39:54.118154,0 days 00:00:05.182313,849,0.6031527537273179,7,COMPLETE
357,357,-0.2873756192335571,0.005704495281756155,2024-05-18 14:39:54.118154,2024-05-18 14:39:59.412676,0 days 00:00:05.294522,836,0.2272052575092658,7,COMPLETE
358,358,-0.8339680139540541,0.006874568217280099,2024-05-18 14:39:59.412676,2024-05-18 14:40:01.392603,0 days 00:00:01.979927,95,0.8885464973126296,7,COMPLETE
359,359,-1.0551179678064626,0.00732424180541168,2024-05-18 14:40:01.394691,2024-05-18 14:40:06.568589,0 days 00:00:05.173898,852,0.62125217493246,7,COMPLETE
360,360,-1.1683907387437227,0.0075197005707586945,2024-05-18 14:40:06.570583,2024-05-18 14:40:09.965341,0 days 00:00:03.394758,643,0.46872282321131487,7,COMPLETE
361,361,-0.4398947839674469,0.006113456381131133,2024-05-18 14:40:09.965341,2024-05-18 14:40:12.285125,0 days 00:00:02.319784,203,0.6614132393009148,7,COMPLETE
362,362,-0.47237778114976336,0.0062342922077130965,2024-05-18 14:40:12.286123,2024-05-18 14:40:17.041344,0 days 00:00:04.755221,685,0.5537288758311638,7,COMPLETE
363,363,-3.703556741752842,0.010164628368967024,2024-05-18 14:40:17.041344,2024-05-18 14:40:22.367925,0 days 00:00:05.326581,896,0.2758632087197752,7,COMPLETE
364,364,-1.0017711931561026,0.007279941602531828,2024-05-18 14:40:22.367925,2024-05-18 14:40:27.548975,0 days 00:00:05.181050,816,0.9542497125849834,7,COMPLETE
365,365,-0.5940394094864558,0.006307422981865934,2024-05-18 14:40:27.548975,2024-05-18 14:40:29.812814,0 days 00:00:02.263839,244,0.9695659751612415,7,COMPLETE
366,366,-0.7552115846837114,0.006643704789411939,2024-05-18 14:40:29.812814,2024-05-18 14:40:31.648404,0 days 00:00:01.835590,104,0.6996581216901036,7,COMPLETE
367,367,-1.038246367291125,0.0072278225663388665,2024-05-18 14:40:31.648404,2024-05-18 14:40:33.786419,0 days 00:00:02.138015,223,0.5906648639651956,7,COMPLETE
368,368,-0.32472607008042154,0.005754733187227006,2024-05-18 14:40:33.786419,2024-05-18 14:40:39.374162,0 days 00:00:05.587743,897,0.14247161773214778,7,COMPLETE
369,369,-0.718722767852767,0.006647125410825719,2024-05-18 14:40:39.374162,2024-05-18 14:40:41.656782,0 days 00:00:02.282620,256,0.46872282321131487,7,COMPLETE
370,370,-0.4496118669049297,0.0061297991304947366,2024-05-18 14:40:41.658776,2024-05-18 14:40:43.741730,0 days 00:00:02.082954,155,0.6131388257447172,7,COMPLETE
371,371,-0.34855100180124765,0.0060576291119595616,2024-05-18 14:40:43.743725,2024-05-18 14:40:48.687106,0 days 00:00:04.943381,816,0.6031527537273179,7,COMPLETE
372,372,-0.17913971175566626,0.005548646988584968,2024-05-18 14:40:48.688101,2024-05-18 14:40:53.324227,0 days 00:00:04.636126,765,0.8046442283437856,7,COMPLETE
373,373,-0.6658311095813756,0.006609710301673215,2024-05-18 14:40:53.324227,2024-05-18 14:40:56.007186,0 days 00:00:02.682959,316,0.7696768921853696,7,COMPLETE
374,374,-0.9631454288028692,0.006994937724860764,2024-05-18 14:40:56.007186,2024-05-18 14:40:58.910296,0 days 00:00:02.903110,404,0.2115561922127719,7,COMPLETE
375,375,-0.7033526058260285,0.006567843597102017,2024-05-18 14:40:58.910296,2024-05-18 14:41:04.443387,0 days 00:00:05.533091,971,0.2758632087197752,7,COMPLETE
376,376,-0.6526772330329378,0.006552120558419837,2024-05-18 14:41:04.459009,2024-05-18 14:41:06.526738,0 days 00:00:02.067729,172,0.27321888606412115,7,COMPLETE
377,377,-0.9628601842053301,0.007205516871800602,2024-05-18 14:41:06.526738,2024-05-18 14:41:09.689928,0 days 00:00:03.163190,604,0.1897965120599433,7,COMPLETE
378,378,-1.1449011685348067,0.007412395951430864,2024-05-18 14:41:09.689928,2024-05-18 14:41:12.415010,0 days 00:00:02.725082,410,0.7126130608434542,7,COMPLETE
379,379,-1.0863914094639309,0.007431827189736409,2024-05-18 14:41:12.415010,2024-05-18 14:41:14.598008,0 days 00:00:02.182998,206,0.8834265871129517,7,COMPLETE
380,380,-0.6638010474822575,0.006696723509247773,2024-05-18 14:41:14.598008,2024-05-18 14:41:20.340019,0 days 00:00:05.742011,992,0.1897965120599433,7,COMPLETE
381,381,-0.9812096178716064,0.007236672815781868,2024-05-18 14:41:20.342013,2024-05-18 14:41:23.812431,0 days 00:00:03.470418,623,0.8963729921772287,7,COMPLETE
382,382,-0.3209453471891083,0.005916299566540368,2024-05-18 14:41:23.812431,2024-05-18 14:41:26.877557,0 days 00:00:03.065126,434,0.30814854003418424,7,COMPLETE
383,383,-0.6996638479249244,0.006661752957780728,2024-05-18 14:41:26.880548,2024-05-18 14:41:33.062716,0 days 00:00:06.182168,971,0.5581203309121645,7,COMPLETE
384,384,-0.5764685600490174,0.006333993236895194,2024-05-18 14:41:33.064711,2024-05-18 14:41:35.701116,0 days 00:00:02.636405,357,0.42703651220865146,7,COMPLETE
385,385,-0.8333278074672288,0.006910935269935263,2024-05-18 14:41:35.701116,2024-05-18 14:41:37.538812,0 days 00:00:01.837696,92,0.17260011238648731,7,COMPLETE
386,386,-0.5493538818569209,0.006345209289017986,2024-05-18 14:41:37.538812,2024-05-18 14:41:42.452295,0 days 00:00:04.913483,852,0.0903805266302794,7,COMPLETE
387,387,-0.4370509842735979,0.006140905634729364,2024-05-18 14:41:42.452295,2024-05-18 14:41:48.033373,0 days 00:00:05.581078,971,0.769683124264102,7,COMPLETE
388,388,-0.6763750140620848,0.006561891264254151,2024-05-18 14:41:48.033373,2024-05-18 14:41:53.573436,0 days 00:00:05.540063,963,0.24354151002426194,7,COMPLETE
389,389,-0.47933797407294076,0.006156230262200085,2024-05-18 14:41:53.573436,2024-05-18 14:41:58.223665,0 days 00:00:04.650229,685,0.1767890823719095,7,COMPLETE
390,390,-0.48314112530454134,0.006166101460787051,2024-05-18 14:41:58.223665,2024-05-18 14:42:03.292021,0 days 00:00:05.068356,894,0.6031527537273179,7,COMPLETE
391,391,-1.1310044494256002,0.007552257449735316,2024-05-18 14:42:03.292021,2024-05-18 14:42:07.808970,0 days 00:00:04.516949,755,0.18256734443596623,7,COMPLETE
392,392,-0.4827391584538357,0.006052659376403589,2024-05-18 14:42:07.808970,2024-05-18 14:42:10.934664,0 days 00:00:03.125694,585,0.7514850253398365,7,COMPLETE
393,393,-1.0641941368094519,0.007263545499925599,2024-05-18 14:42:10.936658,2024-05-18 14:42:13.265581,0 days 00:00:02.328923,281,0.7679267330705236,7,COMPLETE
394,394,-0.6988369450602099,0.006644332942680288,2024-05-18 14:42:13.267576,2024-05-18 14:42:16.184227,0 days 00:00:02.916651,467,0.6798270613611228,7,COMPLETE
395,395,-0.7892442457502021,0.006756047186504327,2024-05-18 14:42:16.186222,2024-05-18 14:42:18.212847,0 days 00:00:02.026625,61,0.17260011238648731,7,COMPLETE
396,396,-11.08769951629544,0.013056573328729204,2024-05-18 14:42:18.213845,2024-05-18 14:42:20.054137,0 days 00:00:01.840292,14,0.1311464656963406,7,COMPLETE
397,397,-0.5280882685273921,0.006215259577223104,2024-05-18 14:42:20.054137,2024-05-18 14:42:25.918727,0 days 00:00:05.864590,692,0.2872477928571312,7,COMPLETE
398,398,-0.43809109180064965,0.0061539179094396755,2024-05-18 14:42:25.918727,2024-05-18 14:42:31.382582,0 days 00:00:05.463855,816,0.35354428532789484,7,COMPLETE
399,399,-0.776928762685883,0.006817952586551575,2024-05-18 14:42:31.382582,2024-05-18 14:42:34.297979,0 days 00:00:02.915397,367,0.5021774694736006,7,COMPLETE
400,400,-4.290665059961066,0.010446102830566985,2024-05-18 14:42:34.297979,2024-05-18 14:42:40.209766,0 days 00:00:05.911787,849,0.46872282321131487,8,COMPLETE
401,401,-0.8404661753361365,0.00687172022429047,2024-05-18 14:42:40.212407,2024-05-18 14:42:45.807604,0 days 00:00:05.595197,994,0.8924427467294809,8,COMPLETE
402,402,-0.4383606467447347,0.00606032017336568,2024-05-18 14:42:45.807604,2024-05-18 14:42:50.605500,0 days 00:00:04.797896,755,0.7273487027711096,8,COMPLETE
403,403,-0.6682962997418862,0.006545596023813727,2024-05-18 14:42:50.605500,2024-05-18 14:42:55.901065,0 days 00:00:05.295565,849,0.6031527537273179,8,COMPLETE
404,404,-0.7280030191531448,0.00668145489511827,2024-05-18 14:42:55.901065,2024-05-18 14:42:58.210715,0 days 00:00:02.309650,225,0.30814854003418424,8,COMPLETE
405,405,-1.038798517332246,0.007216409181198019,2024-05-18 14:42:58.211713,2024-05-18 14:43:03.884908,0 days 00:00:05.673195,894,0.4478317355262683,8,COMPLETE
