,number,values_0,values_1,datetime_start,datetime_complete,duration,params_dim,params_smoothing_level,system_attrs_nsga2:generation,state
674,674,-5.169137615171701,4.691350460526155e-05,2024-05-16 17:54:04.208255,2024-05-16 17:54:06.659214,0 days 00:00:02.450959,10,0.38794670517874685,13,COMPLETE
675,675,-2886.0562682710415,0.0007576470853387255,2024-05-16 17:54:06.659214,2024-05-16 17:54:09.595832,0 days 00:00:02.936618,148,0.8251480854377773,13,COMPLETE
676,676,-6.271928109414936,5.080584086806457e-05,2024-05-16 17:54:09.595832,2024-05-16 17:54:11.963335,0 days 00:00:02.367503,10,0.8609123598511259,13,COMPLETE
677,677,-254.26158279729216,0.0002947999092093445,2024-05-16 17:54:11.965330,2024-05-16 17:54:17.854999,0 days 00:00:05.889669,864,0.4668298833322784,13,COMPLETE
678,678,-10.629681746787671,5.469762130661013e-05,2024-05-16 17:54:17.870620,2024-05-16 17:54:19.923127,0 days 00:00:02.052507,10,0.05647575063614019,13,COMPLETE
679,679,-553.9532924116917,0.0002363187386519116,2024-05-16 17:54:19.923127,2024-05-16 17:54:22.108440,0 days 00:00:02.185313,10,0.05647575063614019,13,COMPLETE
680,680,-65.12062138977488,0.00015156087285988565,2024-05-16 17:54:22.110435,2024-05-16 17:54:25.987323,0 days 00:00:03.876888,366,0.01306873702382838,13,COMPLETE
681,681,-42.795907195534866,0.0001323214856614785,2024-05-16 17:54:25.987323,2024-05-16 17:54:28.564770,0 days 00:00:02.577447,91,0.1601195863071574,13,COMPLETE
682,682,-3.386622136274158,4.05326038690713e-05,2024-05-16 17:54:28.564770,2024-05-16 17:54:30.797734,0 days 00:00:02.232964,10,0.2021387420499271,13,COMPLETE
683,683,-117886.62458568606,0.0035745363119831174,2024-05-16 17:54:30.797734,2024-05-16 17:54:38.594446,0 days 00:00:07.796712,980,0.059948681329107245,13,COMPLETE
684,684,-343.28187682231544,0.00033643420915201183,2024-05-16 17:54:38.594446,2024-05-16 18:04:27.629856,0 days 00:09:49.035410,552,0.8698472038608015,13,COMPLETE
685,685,-16.379082113744104,8.446908123832394e-05,2024-05-16 18:04:27.629856,2024-05-16 18:04:30.371709,0 days 00:00:02.741853,58,0.5455744107828809,13,COMPLETE
686,686,-52.01291352569543,0.00013776954580515947,2024-05-16 18:04:30.371709,2024-05-16 18:04:33.935714,0 days 00:00:03.564005,372,0.7268739916365616,13,COMPLETE
687,687,-19.020146434533572,7.008326639709056e-05,2024-05-16 18:04:33.951335,2024-05-16 18:04:35.962261,0 days 00:00:02.010926,10,0.759949066650675,13,COMPLETE
688,688,-62.56878215457773,0.0001655267987321312,2024-05-16 18:04:35.962261,2024-05-16 18:04:40.404398,0 days 00:00:04.442137,454,0.8270754533063933,13,COMPLETE
689,689,-9.131054600229634,5.927226323065643e-05,2024-05-16 18:04:40.404398,2024-05-16 18:04:43.128238,0 days 00:00:02.723840,20,0.0807154428514909,13,COMPLETE
690,690,-372.4976239890451,0.00033147221043272406,2024-05-16 18:04:43.128238,2024-05-16 18:04:47.626293,0 days 00:00:04.498055,580,0.9299323108379143,13,COMPLETE
691,691,-5.635550205358053,4.817945277032275e-05,2024-05-16 18:04:47.626293,2024-05-16 18:04:50.084874,0 days 00:00:02.458581,10,0.624684013855046,13,COMPLETE
692,692,-4.811569223272779,4.676996191301592e-05,2024-05-16 18:04:50.084874,2024-05-16 18:04:52.179602,0 days 00:00:02.094728,10,0.26523225865942235,13,COMPLETE
693,693,-7.465216129581991,4.8270306845676265e-05,2024-05-16 18:04:52.179602,2024-05-16 18:04:54.259653,0 days 00:00:02.080051,10,0.6022182339233059,13,COMPLETE
694,694,-4.510318023201757,4.5482740613265745e-05,2024-05-16 18:04:54.261648,2024-05-16 18:04:56.399691,0 days 00:00:02.138043,10,0.6231724592389004,13,COMPLETE
695,695,-4.4063737144252695,4.506666787427122e-05,2024-05-16 18:04:56.399691,2024-05-16 18:04:58.731809,0 days 00:00:02.332118,10,0.7816297499262409,13,COMPLETE
696,696,-5.287579318841482,4.787258635301348e-05,2024-05-16 18:04:58.731809,2024-05-16 18:05:00.921357,0 days 00:00:02.189548,10,0.30173586835517296,13,COMPLETE
697,697,-404224.50411697145,0.006067801368051234,2024-05-16 18:05:00.921357,2024-05-16 18:05:04.237177,0 days 00:00:03.315820,295,0.5455744107828809,13,COMPLETE
698,698,-4461.286778628338,0.0006449191876456838,2024-05-16 18:05:04.252798,2024-05-16 18:05:06.708003,0 days 00:00:02.455205,104,0.7886486170650381,13,COMPLETE
699,699,-3.650658881768858,4.1731453595100354e-05,2024-05-16 18:05:06.708003,2024-05-16 18:05:09.161540,0 days 00:00:02.453537,10,0.4157448699887748,13,COMPLETE
700,700,-5.8443299800060675,4.9362213807386644e-05,2024-05-16 18:05:09.161540,2024-05-16 18:05:11.375279,0 days 00:00:02.213739,15,0.3416444695971086,14,COMPLETE
701,701,-16030.417254700991,0.0015746885683402098,2024-05-16 18:05:11.375279,2024-05-16 18:05:17.617425,0 days 00:00:06.242146,772,0.31980726978973273,14,COMPLETE
702,702,-144.63325969137364,0.00010159843599655334,2024-05-16 18:05:17.617425,2024-05-16 18:05:20.029385,0 days 00:00:02.411960,15,0.320018647198994,14,COMPLETE
703,703,-44226.699108094035,0.002191276234251342,2024-05-16 18:05:20.029385,2024-05-16 18:05:26.160222,0 days 00:00:06.130837,688,0.6231724592389004,14,COMPLETE
704,704,-72.48446142717405,0.00016740271544304393,2024-05-16 18:05:26.162287,2024-05-16 18:05:29.486865,0 days 00:00:03.324578,475,0.6605426387143237,14,COMPLETE
705,705,-44.98053753456112,0.0001267378832381802,2024-05-16 18:05:29.486865,2024-05-16 18:05:33.172146,0 days 00:00:03.685281,273,0.9489726620530707,14,COMPLETE
706,706,-10.30342994133995,5.742760266075886e-05,2024-05-16 18:05:33.172146,2024-05-16 18:05:35.651191,0 days 00:00:02.479045,10,0.254382492837515,14,COMPLETE
707,707,-3.8375146928877832,4.038485937019191e-05,2024-05-16 18:05:35.651191,2024-05-16 18:05:37.720985,0 days 00:00:02.069794,10,0.2021387420499271,14,COMPLETE
708,708,-2698.3715728054476,0.0009287481893510986,2024-05-16 18:05:37.720985,2024-05-16 18:05:44.636457,0 days 00:00:06.915472,718,0.3234522472472815,14,COMPLETE
709,709,-3.7551271980681618,4.1426101831498555e-05,2024-05-16 18:05:44.636457,2024-05-16 18:05:47.377798,0 days 00:00:02.741341,15,0.1601195863071574,14,COMPLETE
710,710,-62.91191302728873,0.00015287589997940254,2024-05-16 18:05:47.379411,2024-05-16 18:05:51.258156,0 days 00:00:03.878745,348,0.23458002629750319,14,COMPLETE
711,711,-8.276174680666378,5.380438245769719e-05,2024-05-16 18:05:51.273777,2024-05-16 18:05:53.664750,0 days 00:00:02.390973,10,0.5306232472463729,14,COMPLETE
712,712,-50527.715926504825,0.002262600553707466,2024-05-16 18:05:53.664750,2024-05-16 18:05:57.422691,0 days 00:00:03.757941,481,0.05647575063614019,14,COMPLETE
713,713,-67245.61979912166,0.0028834969435640196,2024-05-16 18:05:57.422691,2024-05-16 18:06:01.236964,0 days 00:00:03.814273,548,0.5549198895446826,14,COMPLETE
714,714,-4.600726933441165,4.5942798970043095e-05,2024-05-16 18:06:01.252584,2024-05-16 18:06:03.236493,0 days 00:00:01.983909,10,0.1601195863071574,14,COMPLETE
715,715,-12.405583601657067,7.206538459901196e-05,2024-05-16 18:06:03.252716,2024-05-16 18:06:05.790304,0 days 00:00:02.537588,30,0.30854177980749486,14,COMPLETE
716,716,-18.89568911549851,8.597743591542795e-05,2024-05-16 18:06:05.790304,2024-05-16 18:06:08.901135,0 days 00:00:03.110831,138,0.9098836580565846,14,COMPLETE
717,717,-4.476794332453826,4.517100115671092e-05,2024-05-16 18:06:08.901135,2024-05-16 18:06:11.015776,0 days 00:00:02.114641,10,0.4677353003515332,14,COMPLETE
718,718,-62.09931434709874,0.0001618924219770731,2024-05-16 18:06:11.015776,2024-05-16 18:06:15.083539,0 days 00:00:04.067763,529,0.1885898513118719,14,COMPLETE
719,719,-3.860550929231304,4.239022415862631e-05,2024-05-16 18:06:15.083539,2024-05-16 18:06:17.236531,0 days 00:00:02.152992,10,0.1361354616469137,14,COMPLETE
720,720,-5.3290853017665025,4.588334225180832e-05,2024-05-16 18:06:17.238562,2024-05-16 18:06:19.662826,0 days 00:00:02.424264,10,0.6940045617869604,14,COMPLETE
721,721,-4.748369839443024,4.6582635344676754e-05,2024-05-16 18:06:19.662826,2024-05-16 18:06:21.840134,0 days 00:00:02.177308,10,0.20458613944230453,14,COMPLETE
722,722,-9896.552250056548,0.0015676047491005919,2024-05-16 18:06:21.840134,2024-05-16 18:06:28.218961,0 days 00:00:06.378827,849,0.7979952580105277,14,COMPLETE
723,723,-131.76452291697623,0.0002336442799231197,2024-05-16 18:06:28.218961,2024-05-16 18:06:32.004857,0 days 00:00:03.785896,532,0.7494066856811981,14,COMPLETE
724,724,-71.44445342765405,0.00016558448720461514,2024-05-16 18:06:32.004857,2024-05-16 18:06:36.172973,0 days 00:00:04.168116,469,0.6231724592389004,14,COMPLETE
725,725,-448.3960363329237,0.0004195096179115086,2024-05-16 18:06:36.172973,2024-05-16 18:06:45.655906,0 days 00:00:09.482933,742,0.24550467898091266,14,COMPLETE
726,726,-671.5508049382486,0.00045611244223338327,2024-05-16 18:06:45.655906,2024-05-16 18:06:52.305102,0 days 00:00:06.649196,872,0.7191771150422709,14,COMPLETE
727,727,-40599.5459387371,0.0020784881399289086,2024-05-16 18:06:52.320721,2024-05-16 18:06:55.625139,0 days 00:00:03.304418,367,0.31980726978973273,14,COMPLETE
728,728,-4.7997893687953335,4.67600803385101e-05,2024-05-16 18:06:55.625139,2024-05-16 18:06:57.835039,0 days 00:00:02.209900,15,0.11754929987372775,14,COMPLETE
729,729,-23.957974033232855,9.849034052106665e-05,2024-05-16 18:06:57.850661,2024-05-16 18:07:00.292459,0 days 00:00:02.441798,82,0.7494066856811981,14,COMPLETE
730,730,-3.4498397870266393,3.965578549354822e-05,2024-05-16 18:07:00.292459,2024-05-16 18:07:02.532087,0 days 00:00:02.239628,10,0.557536536393459,14,COMPLETE
731,731,-87631.2017491007,0.0028849541006994604,2024-05-16 18:07:02.547708,2024-05-16 18:07:05.829454,0 days 00:00:03.281746,379,0.2114261815606644,14,COMPLETE
732,732,-5.478753055103739,4.9050085594003774e-05,2024-05-16 18:07:05.829454,2024-05-16 18:07:08.198633,0 days 00:00:02.369179,10,0.9812711893464935,14,COMPLETE
733,733,-39.5904178603535,0.0001310225564764932,2024-05-16 18:07:08.198633,2024-05-16 18:07:11.464533,0 days 00:00:03.265900,330,0.4695927072661211,14,COMPLETE
734,734,-197.98445624461417,0.000278399086259016,2024-05-16 18:07:11.464533,2024-05-16 18:07:19.072808,0 days 00:00:07.608275,849,0.11865869683077512,14,COMPLETE
735,735,-409892.2437725264,0.006300562473348238,2024-05-16 18:07:19.072808,2024-05-16 18:07:27.305696,0 days 00:00:08.232888,810,0.4695927072661211,14,COMPLETE
736,736,-6.761565541892288,5.1938574364456966e-05,2024-05-16 18:07:27.305696,2024-05-16 18:07:29.431516,0 days 00:00:02.125820,10,0.6526350435088841,14,COMPLETE
737,737,-18.06072504041493,8.56598862447134e-05,2024-05-16 18:07:29.431516,2024-05-16 18:07:32.358707,0 days 00:00:02.927191,202,0.22449791880303638,14,COMPLETE
738,738,-96185.92822321337,0.0046713594388877785,2024-05-16 18:07:32.374329,2024-05-16 18:07:39.958619,0 days 00:00:07.584290,836,0.4668298833322784,14,COMPLETE
739,739,-3792.2331328721375,0.0008269089766884868,2024-05-16 18:07:39.958619,2024-05-16 18:07:47.550787,0 days 00:00:07.592168,757,0.9440162191794498,14,COMPLETE
740,740,-3.5731244916748017,4.0489075828113995e-05,2024-05-16 18:07:47.550787,2024-05-16 18:07:49.926536,0 days 00:00:02.375749,10,0.8208706134031076,14,COMPLETE
741,741,-4.818968104141228,4.675517515826625e-05,2024-05-16 18:07:49.926536,2024-05-16 18:07:52.087810,0 days 00:00:02.161274,10,0.5387245153930489,14,COMPLETE
742,742,-6.812009233169507,4.7693605103010076e-05,2024-05-16 18:07:52.087810,2024-05-16 18:07:54.739928,0 days 00:00:02.652118,10,0.8208706134031076,14,COMPLETE
743,743,-52.38214005597901,8.2579106744119e-05,2024-05-16 18:07:54.739928,2024-05-16 18:07:57.253320,0 days 00:00:02.513392,16,0.5499967169046042,14,COMPLETE
744,744,-2905.504593895983,0.0007730398731350958,2024-05-16 18:07:57.268941,2024-05-16 18:08:01.863756,0 days 00:00:04.594815,608,0.3253031377289335,14,COMPLETE
745,745,-265.47822114258764,0.0002628469713824593,2024-05-16 18:08:01.863756,2024-05-16 18:08:06.130858,0 days 00:00:04.267102,411,0.33609323554653747,14,COMPLETE
746,746,-111.90664447173624,0.00012249491599391498,2024-05-16 18:08:06.130858,2024-05-16 18:08:08.277705,0 days 00:00:02.146847,10,0.2021387420499271,14,COMPLETE
747,747,-21.15506269971804,9.245863954297964e-05,2024-05-16 18:08:08.277705,2024-05-16 18:08:11.246827,0 days 00:00:02.969122,181,0.2996095017909326,14,COMPLETE
748,748,-4.634977492241753,4.6143637282753e-05,2024-05-16 18:08:11.262447,2024-05-16 18:08:13.326123,0 days 00:00:02.063676,10,0.01306873702382838,14,COMPLETE
749,749,-13653.56041624724,0.0012889923797285675,2024-05-16 18:08:13.326123,2024-05-16 18:08:17.903333,0 days 00:00:04.577210,638,0.4695927072661211,14,COMPLETE
750,750,-10.749196824967159,6.092378136097361e-05,2024-05-16 18:08:17.903333,2024-05-16 18:08:20.023171,0 days 00:00:02.119838,10,0.759949066650675,15,COMPLETE
751,751,-4.1032830574484915,4.226867755438672e-05,2024-05-16 18:08:20.023171,2024-05-16 18:08:22.155057,0 days 00:00:02.131886,15,0.3742535629405631,15,COMPLETE
752,752,-24.885071809823085,0.00010258423558650704,2024-05-16 18:08:22.155057,2024-05-16 18:08:24.771741,0 days 00:00:02.616684,130,0.4157448699887748,15,COMPLETE
753,753,-210.07297670931325,0.0002799707967139972,2024-05-16 18:08:24.771741,2024-05-16 18:08:31.650222,0 days 00:00:06.878481,827,0.320018647198994,15,COMPLETE
754,754,-32.840927426058485,8.501034384057681e-05,2024-05-16 18:08:31.665843,2024-05-16 18:08:33.703484,0 days 00:00:02.037641,20,0.05647575063614019,15,COMPLETE
755,755,-278438.44750321814,0.005203611358820649,2024-05-16 18:08:33.703484,2024-05-16 18:08:39.334496,0 days 00:00:05.631012,783,0.5484422555486598,15,COMPLETE
756,756,-5.419709268436246,4.902667425220717e-05,2024-05-16 18:08:39.334496,2024-05-16 18:08:41.485480,0 days 00:00:02.150984,10,0.5306232472463729,15,COMPLETE
757,757,-23.046720649789055,9.937422952183614e-05,2024-05-16 18:08:41.485480,2024-05-16 18:08:43.933289,0 days 00:00:02.447809,154,0.691235477445091,15,COMPLETE
758,758,-350.2248427861646,0.00032153988418805445,2024-05-16 18:08:43.933289,2024-05-16 18:08:47.611778,0 days 00:00:03.678489,488,0.7191524769704714,15,COMPLETE
759,759,-3.291868054977372,3.8233601254219336e-05,2024-05-16 18:08:47.611778,2024-05-16 18:08:49.840692,0 days 00:00:02.228914,10,0.8834974443927411,15,COMPLETE
760,760,-4.878485946230139,4.671337653973063e-05,2024-05-16 18:08:49.840692,2024-05-16 18:08:52.091616,0 days 00:00:02.250924,10,0.4157448699887748,15,COMPLETE
761,761,-4.383162291453056,4.487825651907657e-05,2024-05-16 18:08:52.091616,2024-05-16 18:08:54.331231,0 days 00:00:02.239615,10,0.7886486170650381,15,COMPLETE
762,762,-4.780158899237807,4.638117274166127e-05,2024-05-16 18:08:54.331231,2024-05-16 18:08:56.295324,0 days 00:00:01.964093,10,0.16077172549747154,15,COMPLETE
763,763,-3.3738470831514222,3.949402978934608e-05,2024-05-16 18:08:56.295324,2024-05-16 18:08:58.308986,0 days 00:00:02.013662,10,0.43992281125414423,15,COMPLETE
764,764,-5.290086695404612,4.816260352225902e-05,2024-05-16 18:08:58.308986,2024-05-16 18:09:00.607190,0 days 00:00:02.298204,10,0.5306232472463729,15,COMPLETE
765,765,-4.425502623655591,4.501618708492016e-05,2024-05-16 18:09:00.607190,2024-05-16 18:09:02.796565,0 days 00:00:02.189375,10,0.759949066650675,15,COMPLETE
766,766,-65475.17103474578,0.0028797549329946867,2024-05-16 18:09:02.796565,2024-05-16 18:09:08.773050,0 days 00:00:05.976485,781,0.4704245886004589,15,COMPLETE
767,767,-124.02616767974811,0.00023387542658822122,2024-05-16 18:09:08.788672,2024-05-16 18:09:13.059974,0 days 00:00:04.271302,563,0.6526350435088841,15,COMPLETE
768,768,-106898.10498251513,0.0038322962116577987,2024-05-16 18:09:13.059974,2024-05-16 18:09:19.993790,0 days 00:00:06.933816,987,0.6152578050596534,15,COMPLETE
769,769,-143.06124451959036,0.00024036982109102342,2024-05-16 18:09:19.993790,2024-05-16 18:09:24.161078,0 days 00:00:04.167288,517,0.759949066650675,15,COMPLETE
770,770,-2395.9482291771983,0.000771097320465187,2024-05-16 18:09:24.161078,2024-05-16 18:09:28.011755,0 days 00:00:03.850677,602,0.48973138863939536,15,COMPLETE
771,771,-47231.37341597056,0.002202223929644815,2024-05-16 18:09:28.011755,2024-05-16 18:09:32.087406,0 days 00:00:04.075651,520,0.5455744107828809,15,COMPLETE
772,772,-25.878482849859864,0.00010458547694112515,2024-05-16 18:09:32.087406,2024-05-16 18:09:35.622604,0 days 00:00:03.535198,245,0.0862671410073177,15,COMPLETE
773,773,-197.1443123345425,0.0002605010441158138,2024-05-16 18:09:35.622604,2024-05-16 18:09:39.166430,0 days 00:00:03.543826,467,0.5724093322024578,15,COMPLETE
774,774,-4.922403747960368,4.738597711966709e-05,2024-05-16 18:09:39.166430,2024-05-16 18:09:41.442846,0 days 00:00:02.276416,20,0.1885898513118719,15,COMPLETE
775,775,-5.08507777927362,4.782157957367675e-05,2024-05-16 18:09:41.442846,2024-05-16 18:09:43.855867,0 days 00:00:02.413021,15,0.9868994012699416,15,COMPLETE
776,776,-6.184153725783482,4.673676143360644e-05,2024-05-16 18:09:43.871488,2024-05-16 18:09:46.221128,0 days 00:00:02.349640,10,0.9486970065090687,15,COMPLETE
777,777,-5.210237395184997,4.681134625773883e-05,2024-05-16 18:09:46.221128,2024-05-16 18:09:48.566429,0 days 00:00:02.345301,10,0.8163874773831292,15,COMPLETE
778,778,-405.119536227105,0.0002660926794792179,2024-05-16 18:09:48.566429,2024-05-16 18:09:51.533170,0 days 00:00:02.966741,233,0.5306232472463729,15,COMPLETE
779,779,-9.974849689575741,5.879355688719769e-05,2024-05-16 18:09:51.533170,2024-05-16 18:09:53.710559,0 days 00:00:02.177389,10,0.4668298833322784,15,COMPLETE
780,780,-200.0425926684922,0.00010965194881378398,2024-05-16 18:09:53.710559,2024-05-16 18:09:55.861894,0 days 00:00:02.151335,10,0.8943267339260977,15,COMPLETE
781,781,-4.5172387496459745,4.578446608326518e-05,2024-05-16 18:09:55.861894,2024-05-16 18:09:58.002016,0 days 00:00:02.140122,15,0.10801314747240942,15,COMPLETE
782,782,-5.979720324946067,5.016401615422058e-05,2024-05-16 18:09:58.002016,2024-05-16 18:10:00.102596,0 days 00:00:02.100580,10,0.1885898513118719,15,COMPLETE
783,783,-567.0909614960368,0.0004558850172520568,2024-05-16 18:10:00.102596,2024-05-16 18:10:06.588501,0 days 00:00:06.485905,937,0.4695927072661211,15,COMPLETE
784,784,-368.3858177710566,0.0003744265109024197,2024-05-16 18:10:06.588501,2024-05-16 18:10:10.991306,0 days 00:00:04.402805,637,0.04181963678560219,15,COMPLETE
785,785,-27.210068162041658,0.00010131890098044429,2024-05-16 18:10:10.991306,2024-05-16 18:10:15.253537,0 days 00:00:04.262231,319,0.5387245153930489,15,COMPLETE
786,786,-265.18703672855037,0.000314428175641128,2024-05-16 18:10:15.253537,2024-05-16 18:10:20.290590,0 days 00:00:05.037053,651,0.4580257495996375,15,COMPLETE
787,787,-6.272112415189818,5.084484822509528e-05,2024-05-16 18:10:20.290590,2024-05-16 18:10:22.354030,0 days 00:00:02.063440,10,0.2021387420499271,15,COMPLETE
788,788,-87098.60634095487,0.003079247383821138,2024-05-16 18:10:22.354030,2024-05-16 18:10:27.434579,0 days 00:00:05.080549,645,0.7526112974517077,15,COMPLETE
789,789,-881.2762934706186,0.0002910946200507847,2024-05-16 18:10:27.434579,2024-05-16 18:10:29.750363,0 days 00:00:02.315784,11,0.4668298833322784,15,COMPLETE
790,790,-736.9238997164682,0.0004678455009084027,2024-05-16 18:10:29.750363,2024-05-16 18:10:34.003196,0 days 00:00:04.252833,581,0.8217172501588192,15,COMPLETE
791,791,-6.844661138918724,5.241569400291807e-05,2024-05-16 18:10:34.003196,2024-05-16 18:10:36.304426,0 days 00:00:02.301230,15,0.7970198966184833,15,COMPLETE
792,792,-4.477132314400219,4.54756741642608e-05,2024-05-16 18:10:36.304426,2024-05-16 18:10:38.341366,0 days 00:00:02.036940,10,0.39035038237554487,15,COMPLETE
793,793,-4.984836663347861,4.637871672694331e-05,2024-05-16 18:10:38.341366,2024-05-16 18:10:40.340896,0 days 00:00:01.999530,10,0.4864944465861618,15,COMPLETE
794,794,-4.445267227364608,4.3887943711482585e-05,2024-05-16 18:10:40.340896,2024-05-16 18:10:42.554584,0 days 00:00:02.213688,10,0.6231724592389004,15,COMPLETE
795,795,-3.986432044255472,4.321696379279421e-05,2024-05-16 18:10:42.570206,2024-05-16 18:10:44.748050,0 days 00:00:02.177844,10,0.4668298833322784,15,COMPLETE
796,796,-163.4404478045371,0.00023912296832391536,2024-05-16 18:10:44.748050,2024-05-16 18:10:48.492710,0 days 00:00:03.744660,311,0.4677353003515332,15,COMPLETE
797,797,-1028.6776310414357,0.0003075541404551558,2024-05-16 18:10:48.492710,2024-05-16 18:10:50.518769,0 days 00:00:02.026059,10,0.1885898513118719,15,COMPLETE
798,798,-5.601833242179703,4.4025753838777784e-05,2024-05-16 18:10:50.534389,2024-05-16 18:10:52.758800,0 days 00:00:02.224411,10,0.7044817108610741,15,COMPLETE
799,799,-419.4488063777653,0.0004114196895414421,2024-05-16 18:10:52.758800,2024-05-16 18:10:59.887061,0 days 00:00:07.128261,829,0.4157448699887748,15,COMPLETE
800,800,-843.7105519720242,0.00039075831164351205,2024-05-16 18:10:59.887061,2024-05-16 18:11:04.527436,0 days 00:00:04.640375,450,0.759949066650675,16,COMPLETE
801,801,-23.995826932315754,9.255213242622585e-05,2024-05-16 18:11:04.527436,2024-05-16 18:11:06.819533,0 days 00:00:02.292097,30,0.9440162191794498,16,COMPLETE
802,802,-321.5105196596209,0.00033710678375392775,2024-05-16 18:11:06.819533,2024-05-16 18:11:14.228866,0 days 00:00:07.409333,918,0.3742535629405631,16,COMPLETE
803,803,-9.440944967569582,5.493548408896732e-05,2024-05-16 18:11:14.228866,2024-05-16 18:11:16.661250,0 days 00:00:02.432384,10,0.9440162191794498,16,COMPLETE
804,804,-3.95970423910563,4.147674160629486e-05,2024-05-16 18:11:16.676871,2024-05-16 18:11:18.926267,0 days 00:00:02.249396,10,0.8834974443927411,16,COMPLETE
805,805,-294.3881036785343,0.00033937033640558825,2024-05-16 18:11:18.926267,2024-05-16 18:11:25.443953,0 days 00:00:06.517686,653,0.979969901668721,16,COMPLETE
806,806,-801.5054022981833,0.00034895712308487476,2024-05-16 18:11:25.446946,2024-05-16 18:11:28.487709,0 days 00:00:03.040763,295,0.7159305789003928,16,COMPLETE
807,807,-7.101092281667316,5.1855247580397045e-05,2024-05-16 18:11:28.487709,2024-05-16 18:11:30.511857,0 days 00:00:02.024148,10,0.01306873702382838,16,COMPLETE
