,number,values_0,values_1,datetime_start,datetime_complete,duration,params_dim,params_smoothing_level,system_attrs_nsga2:generation,state
0,0,-0.8157508699138099,0.006769338266038705,2024-05-18 14:18:19.310682,2024-05-18 14:18:23.583693,0 days 00:00:04.273011,904,0.3806167664818264,0,COMPLETE
1,1,-0.34912979805959826,0.005933903899396661,2024-05-18 14:18:23.584618,2024-05-18 14:18:27.632658,0 days 00:00:04.048040,838,0.5855621864660694,0,COMPLETE
2,2,-1.0605667758502864,0.007134322161571421,2024-05-18 14:18:27.633655,2024-05-18 14:18:29.988736,0 days 00:00:02.355081,503,0.1817746338169799,0,COMPLETE
3,3,-0.5186648377333016,0.0063063535209949865,2024-05-18 14:18:29.988736,2024-05-18 14:18:31.701896,0 days 00:00:01.713160,262,0.5855424515326731,0,COMPLETE
4,4,-0.3808560368882955,0.005898779439765913,2024-05-18 14:18:31.701896,2024-05-18 14:18:33.218467,0 days 00:00:01.516571,108,0.4742136325432218,0,COMPLETE
5,5,-0.7135888612118448,0.0066298527793391595,2024-05-18 14:18:33.218467,2024-05-18 14:18:36.135469,0 days 00:00:02.917002,563,0.8781894272036838,0,COMPLETE
6,6,-6.003137099502824,0.011812711019813437,2024-05-18 14:18:36.136465,2024-05-18 14:18:40.527289,0 days 00:00:04.390824,931,0.9868887373353553,0,COMPLETE
7,7,-0.7282522063574112,0.0066572974391926176,2024-05-18 14:18:40.527289,2024-05-18 14:18:41.999860,0 days 00:00:01.472571,114,0.020640712087991453,0,COMPLETE
8,8,-0.3533503382908635,0.00584054755103205,2024-05-18 14:18:41.999860,2024-05-18 14:18:46.166488,0 days 00:00:04.166628,971,0.30814854003418424,0,COMPLETE
9,9,-1.0801613267066208,0.007334254063985142,2024-05-18 14:18:46.166488,2024-05-18 14:18:50.161585,0 days 00:00:03.995097,756,0.09068476634933054,0,COMPLETE
10,10,-0.1718772912413093,0.00550313529742677,2024-05-18 14:18:50.177699,2024-05-18 14:18:54.804002,0 days 00:00:04.626303,830,0.18256734443596623,0,COMPLETE
11,11,-0.27999501905680363,0.005658846798325784,2024-05-18 14:18:54.804002,2024-05-18 14:18:59.048048,0 days 00:00:04.244046,816,0.7087737942871889,0,COMPLETE
12,12,-0.5190307450879754,0.006084369700279814,2024-05-18 14:18:59.049045,2024-05-18 14:19:00.740243,0 days 00:00:01.691198,151,0.49093197066078587,0,COMPLETE
13,13,-0.6965321780227557,0.006530435729093229,2024-05-18 14:19:00.755867,2024-05-18 14:19:02.165195,0 days 00:00:01.409328,143,0.7802179787749071,0,COMPLETE
14,14,-1.2321064581647607,0.00756043131651171,2024-05-18 14:19:02.165195,2024-05-18 14:19:04.171903,0 days 00:00:02.006708,502,0.9695508119995737,0,COMPLETE
15,15,-0.7282175601014108,0.006800298478935508,2024-05-18 14:19:04.171903,2024-05-18 14:19:07.690488,0 days 00:00:03.518585,820,0.6651026461018491,0,COMPLETE
16,16,-1.0666606870005664,0.007170834367246272,2024-05-18 14:19:07.690488,2024-05-18 14:19:09.094458,0 days 00:00:01.403970,70,0.7328904979720308,0,COMPLETE
17,17,-1.5217194115420232,0.00829194970309061,2024-05-18 14:19:09.095456,2024-05-18 14:19:10.512386,0 days 00:00:01.416930,82,0.9904317049640421,0,COMPLETE
18,18,-0.5856863508624159,0.006462858109154826,2024-05-18 14:19:10.512386,2024-05-18 14:19:12.430787,0 days 00:00:01.918401,388,0.33656504549959676,0,COMPLETE
19,19,-0.5653122270100608,0.006354418505835678,2024-05-18 14:19:12.430787,2024-05-18 14:19:14.884314,0 days 00:00:02.453527,491,0.2918828983750009,0,COMPLETE
20,20,-0.4736895512478002,0.006250367312441161,2024-05-18 14:19:14.886309,2024-05-18 14:19:17.367264,0 days 00:00:02.480955,541,0.11771775250659611,0,COMPLETE
21,21,-0.3618278071127219,0.005770580655165959,2024-05-18 14:19:17.368261,2024-05-18 14:19:21.210925,0 days 00:00:03.842664,755,0.24354151002426194,0,COMPLETE
22,22,-0.5667277403800484,0.00632391750167465,2024-05-18 14:19:21.211920,2024-05-18 14:19:23.332866,0 days 00:00:02.120946,384,0.29675967872466025,0,COMPLETE
23,23,-0.52948705249677,0.00628072150763862,2024-05-18 14:19:23.333863,2024-05-18 14:19:25.745233,0 days 00:00:02.411370,493,0.5043092791493061,0,COMPLETE
24,24,-1.001076625135307,0.007013503338603117,2024-05-18 14:19:25.745233,2024-05-18 14:19:27.462317,0 days 00:00:01.717084,175,0.2994836706828595,0,COMPLETE
25,25,-1.099725047578375,0.007390669403349667,2024-05-18 14:19:27.462317,2024-05-18 14:19:29.628123,0 days 00:00:02.165806,327,0.6503065258477447,0,COMPLETE
26,26,-0.6481386752991541,0.006468138917387403,2024-05-18 14:19:29.628123,2024-05-18 14:19:33.152413,0 days 00:00:03.524290,671,0.26949217573722295,0,COMPLETE
27,27,-0.6646711782308529,0.006471112099840898,2024-05-18 14:19:33.152413,2024-05-18 14:19:34.989586,0 days 00:00:01.837173,214,0.8530562387300964,0,COMPLETE
28,28,-0.7839534185478247,0.00676896805389655,2024-05-18 14:19:34.989586,2024-05-18 14:19:37.606906,0 days 00:00:02.617320,545,0.6276348053673555,0,COMPLETE
29,29,-0.8164696697905182,0.006801632114639207,2024-05-18 14:19:37.606906,2024-05-18 14:19:42.372707,0 days 00:00:04.765801,972,0.3227736767326653,0,COMPLETE
30,30,-0.7285622677010604,0.006761883874028797,2024-05-18 14:19:42.374705,2024-05-18 14:19:43.878764,0 days 00:00:01.504059,20,0.7403099138842697,0,COMPLETE
31,31,-0.4932733826883253,0.006198188436445117,2024-05-18 14:19:43.879761,2024-05-18 14:19:45.916516,0 days 00:00:02.036755,340,0.5643303474407816,0,COMPLETE
32,32,-0.7400811615911632,0.006736162074690728,2024-05-18 14:19:45.917513,2024-05-18 14:19:48.465598,0 days 00:00:02.548085,620,0.08609581382580378,0,COMPLETE
33,33,-0.6134005041943074,0.006476526948958653,2024-05-18 14:19:48.465598,2024-05-18 14:19:53.492463,0 days 00:00:05.026865,985,0.330357000861347,0,COMPLETE
34,34,-0.3814744512684143,0.005936741594998105,2024-05-18 14:19:53.493461,2024-05-18 14:19:58.336564,0 days 00:00:04.843103,918,0.6118701562765668,0,COMPLETE
35,35,-0.8766002847271016,0.007033496879549507,2024-05-18 14:19:58.338518,2024-05-18 14:20:00.852212,0 days 00:00:02.513694,574,0.6161608553742852,0,COMPLETE
36,36,-0.6833718757172216,0.006384494039567662,2024-05-18 14:20:00.853210,2024-05-18 14:20:04.785754,0 days 00:00:03.932544,734,0.4628518581193898,0,COMPLETE
37,37,-0.9456291159206744,0.006991641656668673,2024-05-18 14:20:04.786749,2024-05-18 14:20:07.275362,0 days 00:00:02.488613,457,0.5555049942541929,0,COMPLETE
38,38,-1.0053556352058723,0.007130795325166842,2024-05-18 14:20:07.275362,2024-05-18 14:20:09.392101,0 days 00:00:02.116739,244,0.1897965120599433,0,COMPLETE
39,39,-0.6572985997580203,0.0066314306530701524,2024-05-18 14:20:09.392640,2024-05-18 14:20:11.958458,0 days 00:00:02.565818,404,0.27379101105617243,0,COMPLETE
40,40,-1.3062693705086816,0.007553258576776809,2024-05-18 14:20:11.958458,2024-05-18 14:20:14.108795,0 days 00:00:02.150337,314,0.34539448589430766,0,COMPLETE
41,41,-0.2824079640723834,0.00575691599684552,2024-05-18 14:20:14.108795,2024-05-18 14:20:16.289853,0 days 00:00:02.181058,378,0.17260011238648731,0,COMPLETE
42,42,-0.6365641023139371,0.006513409673740078,2024-05-18 14:20:16.289853,2024-05-18 14:20:20.038564,0 days 00:00:03.748711,701,0.34453022727376603,0,COMPLETE
43,43,-0.7264622656995918,0.006652772791850735,2024-05-18 14:20:20.038564,2024-05-18 14:20:22.616997,0 days 00:00:02.578433,537,0.6542779406987147,0,COMPLETE
44,44,-0.5902624795612532,0.006346899423017367,2024-05-18 14:20:22.617993,2024-05-18 14:20:27.114674,0 days 00:00:04.496681,994,0.2335881470645247,0,COMPLETE
45,45,-0.4750051364997633,0.0060762647936814735,2024-05-18 14:20:27.114674,2024-05-18 14:20:29.594253,0 days 00:00:02.479579,374,0.10395212175195867,0,COMPLETE
46,46,-1.2521789408329989,0.0076092808622849175,2024-05-18 14:20:29.595250,2024-05-18 14:20:31.353240,0 days 00:00:01.757990,166,0.4332768441827871,0,COMPLETE
47,47,-0.602530154100247,0.006476535755455442,2024-05-18 14:20:31.353240,2024-05-18 14:20:32.979743,0 days 00:00:01.626503,199,0.3150393675610824,0,COMPLETE
48,48,-3.163206986850029,0.010713937331572537,2024-05-18 14:20:32.995365,2024-05-18 14:20:34.877160,0 days 00:00:01.881795,339,0.002032925054384793,0,COMPLETE
49,49,-0.7263332670596127,0.0065660969708003615,2024-05-18 14:20:34.878158,2024-05-18 14:20:37.188009,0 days 00:00:02.309851,548,0.3732818281674647,0,COMPLETE
50,50,-0.44934866925853906,0.006147443335249621,2024-05-18 14:20:37.189006,2024-05-18 14:20:39.337112,0 days 00:00:02.148106,378,0.49093197066078587,1,COMPLETE
51,51,-2.1850363921794043,0.008543764091253063,2024-05-18 14:20:39.338110,2024-05-18 14:20:43.142523,0 days 00:00:03.804413,765,0.4004455373320944,1,COMPLETE
52,52,-0.5391494111603571,0.006368603190496915,2024-05-18 14:20:43.142523,2024-05-18 14:20:44.700887,0 days 00:00:01.558364,146,0.38485467982070565,1,COMPLETE
53,53,-0.9098029458604986,0.006888483679339965,2024-05-18 14:20:44.700887,2024-05-18 14:20:48.744774,0 days 00:00:04.043887,816,0.5334634907125606,1,COMPLETE
54,54,-0.47681707260125206,0.00622063804277123,2024-05-18 14:20:48.744774,2024-05-18 14:20:53.782137,0 days 00:00:05.037363,994,0.06195278710940644,1,COMPLETE
55,55,-0.6220333075527759,0.006397477567308412,2024-05-18 14:20:53.797757,2024-05-18 14:20:58.498855,0 days 00:00:04.701098,994,0.22525304824869896,1,COMPLETE
56,56,-1.4857352921105746,0.008500898703796719,2024-05-18 14:20:58.514476,2024-05-18 14:21:00.090569,0 days 00:00:01.576093,4,0.5325987885860738,1,COMPLETE
57,57,-0.2683872603313489,0.005758735210309911,2024-05-18 14:21:00.090569,2024-05-18 14:21:02.120819,0 days 00:00:02.030250,244,0.1897965120599433,1,COMPLETE
58,58,-0.5854854341829677,0.006366368960040146,2024-05-18 14:21:02.122814,2024-05-18 14:21:06.358622,0 days 00:00:04.235808,675,0.3150393675610824,1,COMPLETE
59,59,-0.9590463337064324,0.007071006797316533,2024-05-18 14:21:06.358622,2024-05-18 14:21:11.375772,0 days 00:00:05.017150,869,0.18256734443596623,1,COMPLETE
60,60,-0.46534245730186896,0.0061426498971662025,2024-05-18 14:21:11.377768,2024-05-18 14:21:15.997625,0 days 00:00:04.619857,859,0.003502905564865655,1,COMPLETE
61,61,-0.2928509478885425,0.005929042680922575,2024-05-18 14:21:15.997625,2024-05-18 14:21:20.974087,0 days 00:00:04.976462,994,0.03836464194036482,1,COMPLETE
62,62,-0.6194321053942347,0.00635057585674278,2024-05-18 14:21:20.977037,2024-05-18 14:21:25.226745,0 days 00:00:04.249708,756,0.48355820020741525,1,COMPLETE
63,63,-1.6693184697898509,0.008413842525397815,2024-05-18 14:21:25.226745,2024-05-18 14:21:28.257817,0 days 00:00:03.031072,503,0.29675967872466025,1,COMPLETE
64,64,-0.3898715311183835,0.006037809739173425,2024-05-18 14:21:28.257817,2024-05-18 14:21:31.124304,0 days 00:00:02.866487,378,0.7040366723392834,1,COMPLETE
65,65,-0.45387036940641473,0.006120211686049472,2024-05-18 14:21:31.124304,2024-05-18 14:21:34.968049,0 days 00:00:03.843745,685,0.7011063804237261,1,COMPLETE
66,66,-0.35232904596997466,0.005985519013093439,2024-05-18 14:21:34.968049,2024-05-18 14:21:36.870314,0 days 00:00:01.902265,199,0.2758632087197752,1,COMPLETE
67,67,-0.5693358473881908,0.00637083569187592,2024-05-18 14:21:36.872355,2024-05-18 14:21:39.643529,0 days 00:00:02.771174,602,0.6651026461018491,1,COMPLETE
68,68,-1.5398847005523504,0.008026091577126308,2024-05-18 14:21:39.643529,2024-05-18 14:21:44.289351,0 days 00:00:04.645822,903,0.8781894272036838,1,COMPLETE
69,69,-1.7712983278204444,0.008568141594335048,2024-05-18 14:21:44.289351,2024-05-18 14:21:46.288308,0 days 00:00:01.998957,140,0.624543233144857,1,COMPLETE
70,70,-0.481348577638563,0.006194988948328443,2024-05-18 14:21:46.288308,2024-05-18 14:21:49.062596,0 days 00:00:02.774288,491,0.8781894272036838,1,COMPLETE
71,71,-6.088836259235514,0.011442098019895203,2024-05-18 14:21:49.062596,2024-05-18 14:21:50.800347,0 days 00:00:01.737751,48,0.33656504549959676,1,COMPLETE
72,72,-0.4236545741982316,0.006071305225875982,2024-05-18 14:21:50.802365,2024-05-18 14:21:55.285901,0 days 00:00:04.483536,764,0.11771775250659611,1,COMPLETE
73,73,-1.4271585841516634,0.00761192914414343,2024-05-18 14:21:55.301523,2024-05-18 14:21:57.972163,0 days 00:00:02.670640,499,0.49093197066078587,1,COMPLETE
74,74,-0.70045382909413,0.00665364931682551,2024-05-18 14:21:57.972163,2024-05-18 14:22:00.269149,0 days 00:00:02.296986,388,0.6428448503713945,1,COMPLETE
75,75,-0.5323418200315768,0.0061994563304924935,2024-05-18 14:22:00.269149,2024-05-18 14:22:04.285656,0 days 00:00:04.016507,701,0.34453022727376603,1,COMPLETE
76,76,-0.8289077362137085,0.006602330327954896,2024-05-18 14:22:04.285656,2024-05-18 14:22:06.008671,0 days 00:00:01.723015,70,0.5614766682549956,1,COMPLETE
77,77,-0.43111955758114845,0.006132339951530086,2024-05-18 14:22:06.008671,2024-05-18 14:22:07.981022,0 days 00:00:01.972351,199,0.7087737942871889,1,COMPLETE
78,78,-0.9876395162932387,0.007103938452418608,2024-05-18 14:22:07.982019,2024-05-18 14:22:13.309195,0 days 00:00:05.327176,972,0.36125362899253166,1,COMPLETE
79,79,-0.5868297282071997,0.00631468449193434,2024-05-18 14:22:13.309195,2024-05-18 14:22:16.719110,0 days 00:00:03.409915,563,0.8960552745182939,1,COMPLETE
80,80,-1.501362541419633,0.008074278695931499,2024-05-18 14:22:16.734731,2024-05-18 14:22:19.822943,0 days 00:00:03.088212,508,0.330357000861347,1,COMPLETE
81,81,-0.3672628722751313,0.005959937109932152,2024-05-18 14:22:19.824303,2024-05-18 14:22:22.306212,0 days 00:00:02.481909,404,0.27379101105617243,1,COMPLETE
82,82,-17.022885837184845,0.017263566975864297,2024-05-18 14:22:22.307208,2024-05-18 14:22:23.905498,0 days 00:00:01.598290,20,0.5855424515326731,1,COMPLETE
83,83,-0.6362300580774594,0.006451469750561535,2024-05-18 14:22:23.905498,2024-05-18 14:22:26.246602,0 days 00:00:02.341104,355,0.7892846689940031,1,COMPLETE
84,84,-0.6143121595450544,0.0064846760817300255,2024-05-18 14:22:26.246602,2024-05-18 14:22:28.825751,0 days 00:00:02.579149,467,0.35480476886959755,1,COMPLETE
85,85,-0.32467389632980237,0.00589216568436334,2024-05-18 14:22:28.825751,2024-05-18 14:22:33.877635,0 days 00:00:05.051884,967,0.17260011238648731,1,COMPLETE
86,86,-0.5599468997166659,0.006323216831696494,2024-05-18 14:22:33.879654,2024-05-18 14:22:37.577363,0 days 00:00:03.697709,572,0.2918828983750009,1,COMPLETE
87,87,-0.6748939971046214,0.006541848073330123,2024-05-18 14:22:37.577363,2024-05-18 14:22:42.741592,0 days 00:00:05.164229,701,0.07983963995845722,1,COMPLETE
88,88,-0.5662544288306932,0.00634991861285495,2024-05-18 14:22:42.741592,2024-05-18 14:22:46.104049,0 days 00:00:03.362457,469,0.04378997593308853,1,COMPLETE
89,89,-8.409649454232639,0.01578104010380145,2024-05-18 14:22:46.104049,2024-05-18 14:22:48.879447,0 days 00:00:02.775398,545,0.07025231394946951,1,COMPLETE
90,90,-0.21589710237944254,0.005445378048909289,2024-05-18 14:22:48.879447,2024-05-18 14:22:51.586014,0 days 00:00:02.706567,491,0.2872477928571312,1,COMPLETE
91,91,-0.9284386214676873,0.007061369862692698,2024-05-18 14:22:51.586014,2024-05-18 14:22:53.496705,0 days 00:00:01.910691,188,0.4153468860640661,1,COMPLETE
92,92,-0.9337107424203829,0.00699942312859092,2024-05-18 14:22:53.496705,2024-05-18 14:22:55.468239,0 days 00:00:01.971534,247,0.9239882795395423,1,COMPLETE
93,93,-0.34219204597720154,0.0060102463732050375,2024-05-18 14:22:55.468239,2024-05-18 14:22:57.765036,0 days 00:00:02.296797,374,0.2721799647933443,1,COMPLETE
94,94,-0.44079324394513575,0.0058146506423918075,2024-05-18 14:22:57.765036,2024-05-18 14:23:00.318400,0 days 00:00:02.553364,378,0.7696768921853696,1,COMPLETE
95,95,-0.7533674187249954,0.0067245799726009916,2024-05-18 14:23:00.333144,2024-05-18 14:23:05.773404,0 days 00:00:05.440260,726,0.48084281261595685,1,COMPLETE
96,96,-0.6213047994007228,0.006402330965721829,2024-05-18 14:23:05.775398,2024-05-18 14:23:07.663796,0 days 00:00:01.888398,56,0.9695508119995737,1,COMPLETE
97,97,-1.194470424492296,0.007664868895260163,2024-05-18 14:23:07.663796,2024-05-18 14:23:09.629989,0 days 00:00:01.966193,64,0.025993057345463755,1,COMPLETE
98,98,-6.554488759702245,0.011811321046914847,2024-05-18 14:23:09.629989,2024-05-18 14:23:13.141019,0 days 00:00:03.511030,541,0.2335881470645247,1,COMPLETE
99,99,-1.0515172396348222,0.007485323398128643,2024-05-18 14:23:13.141019,2024-05-18 14:23:15.988457,0 days 00:00:02.847438,340,0.5643303474407816,1,COMPLETE
100,100,-0.3112664702775739,0.005803484434403351,2024-05-18 14:23:15.988457,2024-05-18 14:23:21.893419,0 days 00:00:05.904962,994,0.8834265871129517,2,COMPLETE
101,101,-0.6258855007476066,0.006633598999237931,2024-05-18 14:23:21.896411,2024-05-18 14:23:27.164280,0 days 00:00:05.267869,770,0.43706090350376037,2,COMPLETE
102,102,-0.25603418299537484,0.005693975959416241,2024-05-18 14:23:27.166277,2024-05-18 14:23:33.118661,0 days 00:00:05.952384,971,0.30814854003418424,2,COMPLETE
103,103,-0.29166757776465213,0.005888046726311173,2024-05-18 14:23:33.118661,2024-05-18 14:23:38.070714,0 days 00:00:04.952053,685,0.5581203309121645,2,COMPLETE
104,104,-0.8771103399411577,0.006912062518673806,2024-05-18 14:23:38.072710,2024-05-18 14:23:44.293136,0 days 00:00:06.220426,918,0.2735653947929273,2,COMPLETE
105,105,-0.600439859468227,0.006424628524513214,2024-05-18 14:23:44.293136,2024-05-18 14:23:46.952052,0 days 00:00:02.658916,340,0.25873806459304804,2,COMPLETE
106,106,-0.42583326757264245,0.006118644855333476,2024-05-18 14:23:46.962477,2024-05-18 14:23:49.595428,0 days 00:00:02.632951,244,0.4793474740625989,2,COMPLETE
107,107,-1.235496919462144,0.007716922875720346,2024-05-18 14:23:49.595428,2024-05-18 14:23:51.659365,0 days 00:00:02.063937,132,0.1897965120599433,2,COMPLETE
108,108,-0.7196906895146385,0.006613843590716003,2024-05-18 14:23:51.659365,2024-05-18 14:23:53.559671,0 days 00:00:01.900306,108,0.4742136325432218,2,COMPLETE
109,109,-0.7602431164321883,0.006905898765272649,2024-05-18 14:23:53.561666,2024-05-18 14:23:55.908632,0 days 00:00:02.346966,358,0.24711413076015687,2,COMPLETE
110,110,-0.3362806829495474,0.00589770020033854,2024-05-18 14:23:55.908632,2024-05-18 14:23:58.117197,0 days 00:00:02.208565,305,0.2758632087197752,2,COMPLETE
111,111,-0.9230236377683729,0.006977975945133512,2024-05-18 14:23:58.117197,2024-05-18 14:24:03.456059,0 days 00:00:05.338862,816,0.7087737942871889,2,COMPLETE
112,112,-1.3562192012532224,0.007930322783736746,2024-05-18 14:24:03.456059,2024-05-18 14:24:06.956178,0 days 00:00:03.500119,629,0.6118701562765668,2,COMPLETE
113,113,-0.9030218842558984,0.006859872857894862,2024-05-18 14:24:06.956178,2024-05-18 14:24:10.870573,0 days 00:00:03.914395,563,0.8960552745182939,2,COMPLETE
114,114,-0.42614131473344374,0.006039613296010051,2024-05-18 14:24:10.870573,2024-05-18 14:24:13.177321,0 days 00:00:02.306748,340,0.03836464194036482,2,COMPLETE
115,115,-0.39282907242943277,0.005940634948894167,2024-05-18 14:24:13.177321,2024-05-18 14:24:17.670612,0 days 00:00:04.493291,690,0.5855621864660694,2,COMPLETE
116,116,-0.665683638393814,0.006488116010869657,2024-05-18 14:24:17.672606,2024-05-18 14:24:23.058118,0 days 00:00:05.385512,782,0.5855621864660694,2,COMPLETE
117,117,-0.7892009327937693,0.00659716085677515,2024-05-18 14:24:23.058118,2024-05-18 14:24:28.178699,0 days 00:00:05.120581,992,0.6772773471191431,2,COMPLETE
118,118,-0.6739478360274235,0.006530973943540672,2024-05-18 14:24:28.178699,2024-05-18 14:24:32.723531,0 days 00:00:04.544832,659,0.7446828817137751,2,COMPLETE
119,119,-0.4717817648974937,0.006172038822270411,2024-05-18 14:24:32.725646,2024-05-18 14:24:34.733747,0 days 00:00:02.008101,108,0.2872477928571312,2,COMPLETE
120,120,-0.7318210551995097,0.006696287917811472,2024-05-18 14:24:34.735742,2024-05-18 14:24:39.357792,0 days 00:00:04.622050,764,0.8173924745726491,2,COMPLETE
121,121,-0.4311053418234052,0.006041128867144712,2024-05-18 14:24:39.357792,2024-05-18 14:24:42.563182,0 days 00:00:03.205390,648,0.48355820020741525,2,COMPLETE
122,122,-0.9396054143814896,0.007002021571097593,2024-05-18 14:24:42.563362,2024-05-18 14:24:47.601125,0 days 00:00:05.037763,838,0.5855621864660694,2,COMPLETE
123,123,-1.1386059400342343,0.007417272592154625,2024-05-18 14:24:47.603188,2024-05-18 14:24:50.789032,0 days 00:00:03.185844,491,0.2872477928571312,2,COMPLETE
124,124,-1.436376119223164,0.00802237741927298,2024-05-18 14:24:50.789032,2024-05-18 14:24:52.856813,0 days 00:00:02.067781,263,0.4771753934799936,2,COMPLETE
125,125,-0.6264027530260924,0.0064252523851626876,2024-05-18 14:24:52.856813,2024-05-18 14:24:55.079843,0 days 00:00:02.223030,374,0.36939137150392565,2,COMPLETE
126,126,-0.4498265160873388,0.006131501614847967,2024-05-18 14:24:55.095463,2024-05-18 14:24:59.969619,0 days 00:00:04.874156,938,0.30814854003418424,2,COMPLETE
127,127,-1.615160507618493,0.008305455982386408,2024-05-18 14:24:59.985241,2024-05-18 14:25:01.920026,0 days 00:00:01.934785,182,0.06195278710940644,2,COMPLETE
128,128,-0.3719374238239407,0.005994027008236727,2024-05-18 14:25:01.920026,2024-05-18 14:25:04.404934,0 days 00:00:02.484908,378,0.7087737942871889,2,COMPLETE
129,129,-0.5663141200707885,0.006306123896512361,2024-05-18 14:25:04.404934,2024-05-18 14:25:09.141929,0 days 00:00:04.736995,799,0.27379101105617243,2,COMPLETE
130,130,-0.31480156327696707,0.005925825883114531,2024-05-18 14:25:09.141929,2024-05-18 14:25:11.200758,0 days 00:00:02.058829,199,0.7087737942871889,2,COMPLETE
131,131,-0.46853088946344473,0.00607524139020064,2024-05-18 14:25:11.200758,2024-05-18 14:25:13.559212,0 days 00:00:02.358454,305,0.46872282321131487,2,COMPLETE
132,132,-1.2691400250280132,0.007836808613742734,2024-05-18 14:25:13.559212,2024-05-18 14:25:16.418548,0 days 00:00:02.859336,576,0.6118701562765668,2,COMPLETE
133,133,-0.8266640570809299,0.006927533209372352,2024-05-18 14:25:16.418548,2024-05-18 14:25:18.506258,0 days 00:00:02.087710,87,0.749722896569078,2,COMPLETE
134,134,-1.2033292813476595,0.007430286077663479,2024-05-18 14:25:18.506258,2024-05-18 14:25:21.055157,0 days 00:00:02.548899,219,0.7230951378218081,2,COMPLETE
135,135,-1.380459501930348,0.0076811964471425135,2024-05-18 14:25:21.055157,2024-05-18 14:25:23.988545,0 days 00:00:02.933388,384,0.4805405811257629,2,COMPLETE
