,number,values_0,values_1,datetime_start,datetime_complete,duration,params_dim,params_smoothing_level,system_attrs_nsga2:generation,state
270,270,-3606.616789968661,0.0009591934410109893,2024-05-16 16:17:22.396057,2024-05-16 16:17:33.806012,0 days 00:00:11.409955,960,0.11208430037622297,5,COMPLETE
271,271,-8.098731714699717,5.8626393147258845e-05,2024-05-16 16:17:33.808007,2024-05-16 16:17:36.576013,0 days 00:00:02.768006,28,0.41218849802992563,5,COMPLETE
272,272,-74.81574367568214,0.00016920689412798002,2024-05-16 16:17:36.576013,2024-05-16 16:17:40.985068,0 days 00:00:04.409055,437,0.7491029379273602,5,COMPLETE
273,273,-1630.3863577535963,0.0006263731003684516,2024-05-16 16:17:40.985068,2024-05-16 16:17:47.406252,0 days 00:00:06.421184,720,0.49803224682267444,5,COMPLETE
274,274,-4.5233616959080525,4.043709712899565e-05,2024-05-16 16:17:47.408248,2024-05-16 16:17:49.581985,0 days 00:00:02.173737,10,0.2585019165312642,5,COMPLETE
275,275,-75252.6768082402,0.0028775077782748877,2024-05-16 16:17:49.583499,2024-05-16 16:17:56.555813,0 days 00:00:06.972314,995,0.15241221864684773,5,COMPLETE
276,276,-10.539624029220375,6.0561462003613235e-05,2024-05-16 16:17:56.571434,2024-05-16 16:17:58.910703,0 days 00:00:02.339269,10,0.8055163188005494,5,COMPLETE
277,277,-4.236069753656365,4.4332277439304e-05,2024-05-16 16:17:58.910703,2024-05-16 16:18:02.090114,0 days 00:00:03.179411,10,0.41218849802992563,5,COMPLETE
278,278,-28.010971692616977,0.00011065874411198074,2024-05-16 16:18:02.091936,2024-05-16 16:18:05.924086,0 days 00:00:03.832150,389,0.052726204495229245,5,COMPLETE
279,279,-5.40530806085469,4.917697238942906e-05,2024-05-16 16:18:05.924086,2024-05-16 16:18:08.288490,0 days 00:00:02.364404,10,0.793302665744012,5,COMPLETE
280,280,-219592.04320813878,0.004545028363975693,2024-05-16 16:18:08.288490,2024-05-16 16:18:11.514315,0 days 00:00:03.225825,374,0.9689947784194837,5,COMPLETE
281,281,-11.061967202199543,6.678052125000786e-05,2024-05-16 16:18:11.516541,2024-05-16 16:18:14.244312,0 days 00:00:02.727771,28,0.3459208065956533,5,COMPLETE
282,282,-315.6193497479036,0.00021570968744523498,2024-05-16 16:18:14.246307,2024-05-16 16:18:16.918527,0 days 00:00:02.672220,38,0.572105850752095,5,COMPLETE
283,283,-2.889309598756762,3.614100369755126e-05,2024-05-16 16:18:16.934148,2024-05-16 16:18:19.998042,0 days 00:00:03.063894,10,0.4695927072661211,5,COMPLETE
284,284,-73.62240829504091,0.00012275789145799713,2024-05-16 16:18:20.000529,2024-05-16 16:18:22.676418,0 days 00:00:02.675889,28,0.3084919185434565,5,COMPLETE
285,285,-14.251133654759263,7.541071508942332e-05,2024-05-16 16:18:22.676418,2024-05-16 16:18:25.271499,0 days 00:00:02.595081,50,0.8839690781058805,5,COMPLETE
286,286,-161886.53909565037,0.00422502222960894,2024-05-16 16:18:25.271499,2024-05-16 16:18:33.425291,0 days 00:00:08.153792,924,0.8243236401869933,5,COMPLETE
287,287,-276.54809779339314,0.0003405845022129332,2024-05-16 16:18:33.427986,2024-05-16 16:18:41.858198,0 days 00:00:08.430212,894,0.41218849802992563,5,COMPLETE
288,288,-179.6153980552642,0.00019891333766501083,2024-05-16 16:18:41.858198,2024-05-16 16:18:45.676636,0 days 00:00:03.818438,237,0.8565662518407748,5,COMPLETE
289,289,-6.402166309742656,5.414110279537462e-05,2024-05-16 16:18:45.690244,2024-05-16 16:18:48.238092,0 days 00:00:02.547848,28,0.8432435019266064,5,COMPLETE
290,290,-327.3913549765362,0.0002694431770743401,2024-05-16 16:18:48.238092,2024-05-16 16:18:52.405140,0 days 00:00:04.167048,320,0.4677353003515332,5,COMPLETE
291,291,-1005.5123695397709,0.0005059690256910273,2024-05-16 16:18:52.408132,2024-05-16 16:18:58.350869,0 days 00:00:05.942737,585,0.4668298833322784,5,COMPLETE
292,292,-22.780407392728808,7.239407308400761e-05,2024-05-16 16:18:58.350869,2024-05-16 16:19:01.232643,0 days 00:00:02.881774,38,0.6887824915214303,5,COMPLETE
293,293,-4.235161791691177,4.372771253872212e-05,2024-05-16 16:19:01.232643,2024-05-16 16:19:03.685895,0 days 00:00:02.453252,10,0.3211002167328739,5,COMPLETE
294,294,-23.335288496487728,0.00010020217397876141,2024-05-16 16:19:03.685895,2024-05-16 16:19:07.683055,0 days 00:00:03.997160,259,0.8432435019266064,5,COMPLETE
295,295,-16.09684638042676,8.212346048651426e-05,2024-05-16 16:19:07.683055,2024-05-16 16:19:11.356745,0 days 00:00:03.673690,46,0.466105124202861,5,COMPLETE
296,296,-301.2305526484025,0.00018550461531557263,2024-05-16 16:19:11.358739,2024-05-16 16:19:14.439562,0 days 00:00:03.080823,10,0.7807958313152304,5,COMPLETE
297,297,-4.656581573819091,4.5119998228257195e-05,2024-05-16 16:19:14.441557,2024-05-16 16:19:17.284125,0 days 00:00:02.842568,10,0.9082696672532545,5,COMPLETE
298,298,-179.831564764985,0.0002679199882645592,2024-05-16 16:19:17.286119,2024-05-16 16:19:26.591265,0 days 00:00:09.305146,836,0.6820271831308437,5,COMPLETE
299,299,-6.102132319004485,5.1978898408249246e-05,2024-05-16 16:19:26.595258,2024-05-16 16:19:29.442740,0 days 00:00:02.847482,28,0.9466116448614044,5,COMPLETE
300,300,-107.88829733865683,0.0002120002859576125,2024-05-16 16:19:29.444735,2024-05-16 16:19:34.908932,0 days 00:00:05.464197,641,0.509152990702672,6,COMPLETE
301,301,-18.112183447056655,8.570996693255932e-05,2024-05-16 16:19:34.910926,2024-05-16 16:19:38.177336,0 days 00:00:03.266410,82,0.3534106545002771,6,COMPLETE
302,302,-10.903371195886226,6.774601483590027e-05,2024-05-16 16:19:38.179331,2024-05-16 16:19:40.897176,0 days 00:00:02.717845,28,0.557986944247401,6,COMPLETE
303,303,-493836.1800479422,0.006942486223339736,2024-05-16 16:19:40.902164,2024-05-16 16:19:49.761223,0 days 00:00:08.859059,965,0.7491029379273602,6,COMPLETE
304,304,-3.2664188316363805,3.9721735577538585e-05,2024-05-16 16:19:49.761223,2024-05-16 16:19:52.109818,0 days 00:00:02.348595,15,0.6152578050596534,6,COMPLETE
305,305,-139.87811388808933,0.00021269226879942603,2024-05-16 16:19:52.112708,2024-05-16 16:19:56.904674,0 days 00:00:04.791966,520,0.3410241655299938,6,COMPLETE
306,306,-4.5638254939423915,4.5604806016857945e-05,2024-05-16 16:19:56.906669,2024-05-16 16:19:59.586939,0 days 00:00:02.680270,10,0.04845457888685545,6,COMPLETE
307,307,-4095.9992668868895,0.0007875940070926589,2024-05-16 16:19:59.588933,2024-05-16 16:20:04.251411,0 days 00:00:04.662478,332,0.3211002167328739,6,COMPLETE
308,308,-61934.59767981002,0.0029148654472826606,2024-05-16 16:20:04.251411,2024-05-16 16:20:09.056706,0 days 00:00:04.805295,501,0.5274969777993278,6,COMPLETE
309,309,-1051.9614179808661,0.0004442032949753648,2024-05-16 16:20:09.056706,2024-05-16 16:20:14.821509,0 days 00:00:05.764803,526,0.5578286056031472,6,COMPLETE
310,310,-248.2545739315223,0.000262385528118324,2024-05-16 16:20:14.821509,2024-05-16 16:20:20.047607,0 days 00:00:05.226098,522,0.44870855490720307,6,COMPLETE
311,311,-174829.02383320784,0.0043995380318272975,2024-05-16 16:20:20.050599,2024-05-16 16:20:25.583458,0 days 00:00:05.532859,592,0.2582033598982445,6,COMPLETE
312,312,-1542.9387693871126,0.0006219534402160494,2024-05-16 16:20:25.585453,2024-05-16 16:20:34.625029,0 days 00:00:09.039576,725,0.4695927072661211,6,COMPLETE
313,313,-347.3847897968906,0.0003891080445211321,2024-05-16 16:20:34.625029,2024-05-16 16:20:42.491350,0 days 00:00:07.866321,899,0.20389263746713449,6,COMPLETE
314,314,-728.7727432387006,0.00040197351683488416,2024-05-16 16:20:42.493708,2024-05-16 16:20:47.847118,0 days 00:00:05.353410,422,0.9875479603481814,6,COMPLETE
315,315,-10.268025792049992,6.249255573698704e-05,2024-05-16 16:20:47.849115,2024-05-16 16:20:50.417786,0 days 00:00:02.568671,10,0.4695927072661211,6,COMPLETE
316,316,-6.646774371299342,5.4846177224558986e-05,2024-05-16 16:20:50.417786,2024-05-16 16:20:52.999965,0 days 00:00:02.582179,28,0.1833583311599405,6,COMPLETE
317,317,-4.849980090331963,4.5611268269076435e-05,2024-05-16 16:20:52.999965,2024-05-16 16:20:55.468925,0 days 00:00:02.468960,10,0.6392900824423151,6,COMPLETE
318,318,-171.01861757098933,0.00027080380272319056,2024-05-16 16:20:55.469401,2024-05-16 16:21:03.695184,0 days 00:00:08.225783,676,0.2702897055421791,6,COMPLETE
319,319,-5.353231014052265,4.751424404119842e-05,2024-05-16 16:21:03.695184,2024-05-16 16:21:06.327449,0 days 00:00:02.632265,10,0.9254430097106956,6,COMPLETE
320,320,-4.241968436985987,4.4351156736611594e-05,2024-05-16 16:21:06.327449,2024-05-16 16:21:08.853804,0 days 00:00:02.526355,10,0.24207164535228942,6,COMPLETE
321,321,-770.4987601375059,0.0003533066439447369,2024-05-16 16:21:08.855798,2024-05-16 16:21:13.725900,0 days 00:00:04.870102,333,0.1833583311599405,6,COMPLETE
322,322,-23.475890845309593,9.77332443083417e-05,2024-05-16 16:21:13.728404,2024-05-16 16:21:18.121022,0 days 00:00:04.392618,220,0.4668298833322784,6,COMPLETE
323,323,-622680.9650277542,0.007506448615303286,2024-05-16 16:21:18.124015,2024-05-16 16:21:22.895992,0 days 00:00:04.771977,274,0.7491029379273602,6,COMPLETE
324,324,-448.2988598770342,0.00040217282631447476,2024-05-16 16:21:22.897987,2024-05-16 16:21:28.644373,0 days 00:00:05.746386,567,0.4677353003515332,6,COMPLETE
325,325,-1377.083601329987,0.00044634004568231827,2024-05-16 16:21:28.646369,2024-05-16 16:21:34.481792,0 days 00:00:05.835423,381,0.9900439847485386,6,COMPLETE
326,326,-45.76868160916551,0.00010922622265994522,2024-05-16 16:21:34.481792,2024-05-16 16:21:37.263496,0 days 00:00:02.781704,38,0.33591209705271063,6,COMPLETE
327,327,-16.674404107940198,6.771912195385596e-05,2024-05-16 16:21:37.263496,2024-05-16 16:21:40.447198,0 days 00:00:03.183702,28,0.4668298833322784,6,COMPLETE
328,328,-4.578603423830617,4.5917457883829235e-05,2024-05-16 16:21:40.447198,2024-05-16 16:21:42.958006,0 days 00:00:02.510808,15,0.15241221864684773,6,COMPLETE
329,329,-3.857761898411655,4.258389086477056e-05,2024-05-16 16:21:42.960001,2024-05-16 16:21:45.398455,0 days 00:00:02.438454,10,0.31980726978973273,6,COMPLETE
330,330,-4.070565771622191,4.3699764248795165e-05,2024-05-16 16:21:45.398455,2024-05-16 16:21:47.930368,0 days 00:00:02.531913,10,0.12606763976483337,6,COMPLETE
331,331,-8.410557220047133,5.591713084947591e-05,2024-05-16 16:21:47.930368,2024-05-16 16:21:50.824404,0 days 00:00:02.894036,28,0.8432435019266064,6,COMPLETE
332,332,-11.979358492900467,7.188701081204273e-05,2024-05-16 16:21:50.824404,2024-05-16 16:21:54.839232,0 days 00:00:04.014828,188,0.7273830904875188,6,COMPLETE
333,333,-18.22426838683,6.461476051530901e-05,2024-05-16 16:21:54.839232,2024-05-16 16:21:57.337906,0 days 00:00:02.498674,10,0.9082696672532545,6,COMPLETE
334,334,-6.366913931329083,5.225883116698355e-05,2024-05-16 16:21:57.337906,2024-05-16 16:22:00.036772,0 days 00:00:02.698866,28,0.41218849802992563,6,COMPLETE
335,335,-4.337393025619219,4.479059113174274e-05,2024-05-16 16:22:00.036772,2024-05-16 16:22:02.552485,0 days 00:00:02.515713,10,0.02013003190492546,6,COMPLETE
336,336,-4.142066639325454,4.3738912634829654e-05,2024-05-16 16:22:02.552485,2024-05-16 16:22:05.101318,0 days 00:00:02.548833,10,0.3410241655299938,6,COMPLETE
337,337,-30.4798805776092,0.00011000837674403315,2024-05-16 16:22:05.118095,2024-05-16 16:22:08.904891,0 days 00:00:03.786796,149,0.41218849802992563,6,COMPLETE
338,338,-646.5606687070851,0.00016258727304470946,2024-05-16 16:22:08.904891,2024-05-16 16:22:11.552864,0 days 00:00:02.647973,10,0.9440162191794498,6,COMPLETE
339,339,-12.052919648010185,6.546998881482634e-05,2024-05-16 16:22:11.552864,2024-05-16 16:22:14.213840,0 days 00:00:02.660976,10,0.5891856915803786,6,COMPLETE
340,340,-7.002102419942491,5.5247267173488955e-05,2024-05-16 16:22:14.230518,2024-05-16 16:22:16.946104,0 days 00:00:02.715586,28,0.7515616539658716,6,COMPLETE
341,341,-4.231948829923409,4.4116704006325156e-05,2024-05-16 16:22:16.946104,2024-05-16 16:22:19.666255,0 days 00:00:02.720151,10,0.9440162191794498,6,COMPLETE
342,342,-95.59455450330941,0.00019734052050553963,2024-05-16 16:22:19.677886,2024-05-16 16:22:26.475210,0 days 00:00:06.797324,531,0.759949066650675,6,COMPLETE
343,343,-5.455384411653959,4.973062955179687e-05,2024-05-16 16:22:26.475210,2024-05-16 16:22:28.943194,0 days 00:00:02.467984,20,0.1885898513118719,6,COMPLETE
344,344,-162.52278728647246,0.00025844831008148375,2024-05-16 16:22:28.945189,2024-05-16 16:22:37.520203,0 days 00:00:08.575014,747,0.7789946006545826,6,COMPLETE
345,345,-10.051919432397307,5.5750030879162684e-05,2024-05-16 16:22:37.520203,2024-05-16 16:22:40.385748,0 days 00:00:02.865545,28,0.37928434365456987,6,COMPLETE
346,346,-5.495648389316689,4.914589254914094e-05,2024-05-16 16:22:40.385748,2024-05-16 16:22:42.819413,0 days 00:00:02.433665,10,0.3211002167328739,6,COMPLETE
347,347,-7.632907168656324,5.731073582646483e-05,2024-05-16 16:22:42.819413,2024-05-16 16:22:45.649942,0 days 00:00:02.830529,28,0.052726204495229245,6,COMPLETE
348,348,-1363.5253921745875,0.00037501942612443536,2024-05-16 16:22:45.649942,2024-05-16 16:22:48.641325,0 days 00:00:02.991383,35,0.4260648372057374,6,COMPLETE
349,349,-234.78845767072502,0.0003184683128255735,2024-05-16 16:22:48.641325,2024-05-16 16:22:55.595802,0 days 00:00:06.954477,660,0.759949066650675,6,COMPLETE
350,350,-50.59054538380672,0.0001268893963491565,2024-05-16 16:22:55.595802,2024-05-16 16:22:59.443967,0 days 00:00:03.848165,254,0.11567840606455271,7,COMPLETE
351,351,-4.1194653965305,4.337415761389238e-05,2024-05-16 16:22:59.443967,2024-05-16 16:23:01.826102,0 days 00:00:02.382135,15,0.26523225865942235,7,COMPLETE
352,352,-486.4357697457907,0.0003068742691406622,2024-05-16 16:23:01.842791,2024-05-16 16:23:05.891047,0 days 00:00:04.048256,386,0.3410241655299938,7,COMPLETE
353,353,-3.5818787456713297,4.146970534151029e-05,2024-05-16 16:23:05.891047,2024-05-16 16:23:08.445200,0 days 00:00:02.554153,10,0.4677353003515332,7,COMPLETE
354,354,-5.214451896663623,4.826965856743118e-05,2024-05-16 16:23:08.457057,2024-05-16 16:23:11.227248,0 days 00:00:02.770191,10,0.8393471898252836,7,COMPLETE
355,355,-36.886779883614466,0.00011356816287391204,2024-05-16 16:23:11.227248,2024-05-16 16:23:14.854165,0 days 00:00:03.626917,194,0.12606763976483337,7,COMPLETE
356,356,-7.657422867018423,5.569846471766986e-05,2024-05-16 16:23:14.856160,2024-05-16 16:23:17.535956,0 days 00:00:02.679796,10,0.4677353003515332,7,COMPLETE
357,357,-11.487874963355381,5.698733495357203e-05,2024-05-16 16:23:17.535956,2024-05-16 16:23:19.923577,0 days 00:00:02.387621,10,0.2585019165312642,7,COMPLETE
358,358,-63.3990771671803,0.0001553346727140738,2024-05-16 16:23:19.925572,2024-05-16 16:23:24.284338,0 days 00:00:04.358766,328,0.28320391984155757,7,COMPLETE
359,359,-12.830168967047252,7.045070416479005e-05,2024-05-16 16:23:24.286332,2024-05-16 16:23:26.781840,0 days 00:00:02.495508,53,0.2220569999259685,7,COMPLETE
360,360,-40.982063122930455,0.00012568961303004834,2024-05-16 16:23:26.781840,2024-05-16 16:23:31.367718,0 days 00:00:04.585878,391,0.5057038826470707,7,COMPLETE
361,361,-4.597452461292576,4.587088704991087e-05,2024-05-16 16:23:31.367718,2024-05-16 16:23:33.698882,0 days 00:00:02.331164,10,0.11567840606455271,7,COMPLETE
362,362,-3.9917222009265707,4.321776893486556e-05,2024-05-16 16:23:33.712491,2024-05-16 16:23:36.128082,0 days 00:00:02.415591,10,0.16860353685066265,7,COMPLETE
363,363,-212904.28779844622,0.004567472480094077,2024-05-16 16:23:36.130078,2024-05-16 16:23:41.065092,0 days 00:00:04.935014,639,0.6392900824423151,7,COMPLETE
364,364,-4.96206417376805,4.645916009629818e-05,2024-05-16 16:23:41.065092,2024-05-16 16:23:43.424388,0 days 00:00:02.359296,10,0.31980726978973273,7,COMPLETE
365,365,-255.76917901231974,0.00011729865838972307,2024-05-16 16:23:43.441012,2024-05-16 16:23:46.272683,0 days 00:00:02.831671,15,0.6152578050596534,7,COMPLETE
366,366,-21.597960400591653,9.08113708278732e-05,2024-05-16 16:23:46.272683,2024-05-16 16:23:49.738280,0 days 00:00:03.465597,261,0.3198079190371973,7,COMPLETE
367,367,-5192.2066845743075,0.000940199031320296,2024-05-16 16:23:49.754849,2024-05-16 16:23:56.304478,0 days 00:00:06.549629,672,0.759949066650675,7,COMPLETE
368,368,-3.466428806660697,3.98660294082736e-05,2024-05-16 16:23:56.306472,2024-05-16 16:23:58.817647,0 days 00:00:02.511175,10,0.4668298833322784,7,COMPLETE
369,369,-4.174520183289713,4.3887969787553466e-05,2024-05-16 16:23:58.817647,2024-05-16 16:24:01.349735,0 days 00:00:02.532088,10,0.31980726978973273,7,COMPLETE
370,370,-6273.862906953496,0.0008632749053568703,2024-05-16 16:24:01.349735,2024-05-16 16:24:05.502397,0 days 00:00:04.152662,227,0.9440162191794498,7,COMPLETE
371,371,-20.34442096889007,8.822157632403459e-05,2024-05-16 16:24:05.503591,2024-05-16 16:24:09.598610,0 days 00:00:04.095019,392,0.4668298833322784,7,COMPLETE
372,372,-14.149081365013444,7.245611407657249e-05,2024-05-16 16:24:09.598610,2024-05-16 16:24:12.377696,0 days 00:00:02.779086,28,0.4977402104615959,7,COMPLETE
373,373,-8.712404167790746,5.4294799713959136e-05,2024-05-16 16:24:12.378302,2024-05-16 16:24:15.075603,0 days 00:00:02.697301,20,0.9440162191794498,7,COMPLETE
374,374,-22.819380061508138,9.908400882001689e-05,2024-05-16 16:24:15.091273,2024-05-16 16:24:18.675641,0 days 00:00:03.584368,296,0.4677353003515332,7,COMPLETE
375,375,-5.00797675332552,4.5220097005765024e-05,2024-05-16 16:24:18.675641,2024-05-16 16:24:21.006740,0 days 00:00:02.331099,10,0.4800902330497254,7,COMPLETE
376,376,-8.323316731645557,5.1435457376538205e-05,2024-05-16 16:24:21.007811,2024-05-16 16:24:23.657854,0 days 00:00:02.650043,20,0.7744521345298898,7,COMPLETE
377,377,-4.933505223286798,4.700671845977841e-05,2024-05-16 16:24:23.657854,2024-05-16 16:24:26.272626,0 days 00:00:02.614772,15,0.8211225103134291,7,COMPLETE
378,378,-1480.2909859861306,0.0002050730483133163,2024-05-16 16:24:26.274620,2024-05-16 16:24:29.370742,0 days 00:00:03.096122,10,0.8824171956477426,7,COMPLETE
379,379,-3.912978634796933,4.260021686827788e-05,2024-05-16 16:24:29.370742,2024-05-16 16:24:31.819483,0 days 00:00:02.448741,10,0.4668298833322784,7,COMPLETE
380,380,-387.9941205982466,0.0003953651545750162,2024-05-16 16:24:31.819483,2024-05-16 16:24:40.732369,0 days 00:00:08.912886,879,0.052726204495229245,7,COMPLETE
381,381,-59208.828838210706,0.0024074830091817033,2024-05-16 16:24:40.732369,2024-05-16 16:24:45.463593,0 days 00:00:04.731224,506,0.6150679486572789,7,COMPLETE
382,382,-3027287.139231331,0.016820894131224354,2024-05-16 16:24:45.463593,2024-05-16 16:24:54.842873,0 days 00:00:09.379280,736,0.793302665744012,7,COMPLETE
383,383,-5.722588524444982,4.833230903124825e-05,2024-05-16 16:24:54.842873,2024-05-16 16:24:57.420084,0 days 00:00:02.577211,10,0.5695309967960763,7,COMPLETE
384,384,-6.979160638015896,5.372816913015519e-05,2024-05-16 16:24:57.421081,2024-05-16 16:24:59.645251,0 days 00:00:02.224170,10,0.794282124140895,7,COMPLETE
385,385,-14.693026721490266,7.904669099536111e-05,2024-05-16 16:24:59.678218,2024-05-16 16:25:02.989145,0 days 00:00:03.310927,45,0.44141225082912916,7,COMPLETE
386,386,-44307.810917718736,0.002347597105607882,2024-05-16 16:25:02.989145,2024-05-16 16:25:08.824447,0 days 00:00:05.835302,639,0.6152578050596534,7,COMPLETE
387,387,-55.598702528051334,9.675058098705991e-05,2024-05-16 16:25:08.824447,2024-05-16 16:25:11.240542,0 days 00:00:02.416095,10,0.6392900824423151,7,COMPLETE
388,388,-7.968285729303943,6.037229195609339e-05,2024-05-16 16:25:11.240542,2024-05-16 16:25:14.223177,0 days 00:00:02.982635,28,0.4677353003515332,7,COMPLETE
389,389,-5.1813446669860275,4.60504174005139e-05,2024-05-16 16:25:14.233607,2024-05-16 16:25:16.537709,0 days 00:00:02.304102,10,0.9689142491446981,7,COMPLETE
390,390,-4.008085347082025,4.3205200791438656e-05,2024-05-16 16:25:16.537709,2024-05-16 16:25:19.198560,0 days 00:00:02.660851,10,0.8208706134031076,7,COMPLETE
391,391,-5.179547204793608,4.811538027622719e-05,2024-05-16 16:25:19.215292,2024-05-16 16:25:21.715088,0 days 00:00:02.499796,10,0.052726204495229245,7,COMPLETE
392,392,-755.6873026755388,0.00038365672689062697,2024-05-16 16:25:21.715088,2024-05-16 16:25:26.095565,0 days 00:00:04.380477,413,0.13736149852735324,7,COMPLETE
393,393,-4.652001482547549,4.6173048396844813e-05,2024-05-16 16:25:26.095565,2024-05-16 16:25:28.497980,0 days 00:00:02.402415,10,0.052726204495229245,7,COMPLETE
394,394,-162.04609325487553,0.00026198099662916384,2024-05-16 16:25:28.500973,2024-05-16 16:25:36.074480,0 days 00:00:07.573507,683,0.4668298833322784,7,COMPLETE
395,395,-5.553000434566939,4.7568578865347904e-05,2024-05-16 16:25:36.074480,2024-05-16 16:25:38.556803,0 days 00:00:02.482323,10,0.5266764203560547,7,COMPLETE
396,396,-4.883616472638377,4.704050497000884e-05,2024-05-16 16:25:38.573509,2024-05-16 16:25:41.138406,0 days 00:00:02.564897,10,0.3410241655299938,7,COMPLETE
397,397,-110.89896470336096,0.00013952936060021275,2024-05-16 16:25:41.138406,2024-05-16 16:25:44.254150,0 days 00:00:03.115744,28,0.3548302218820212,7,COMPLETE
398,398,-59587.33725190642,0.002509817049222097,2024-05-16 16:25:44.254150,2024-05-16 16:25:50.938358,0 days 00:00:06.684208,693,0.4677353003515332,7,COMPLETE
399,399,-3.6493283168044135,3.946181455137913e-05,2024-05-16 16:25:50.940353,2024-05-16 16:25:53.555985,0 days 00:00:02.615632,10,0.759949066650675,7,COMPLETE
400,400,-386304.9979301449,0.006197066378964952,2024-05-16 16:25:53.567178,2024-05-16 16:26:01.063529,0 days 00:00:07.496351,836,0.4677353003515332,8,COMPLETE
401,401,-34.80184340371007,0.0001091570422626201,2024-05-16 16:26:01.063529,2024-05-16 16:26:03.876577,0 days 00:00:02.813048,55,0.073760207158855,8,COMPLETE
402,402,-5.012555790907105,4.753216528590727e-05,2024-05-16 16:26:03.878909,2024-05-16 16:26:06.211107,0 days 00:00:02.332198,10,0.31980726978973273,8,COMPLETE
403,403,-18.410596950844386,7.999345055262822e-05,2024-05-16 16:26:06.227734,2024-05-16 16:26:09.542932,0 days 00:00:03.315198,159,0.12606763976483337,8,COMPLETE
404,404,-4.8855437542117315,4.7015363579030445e-05,2024-05-16 16:26:09.542932,2024-05-16 16:26:12.241491,0 days 00:00:02.698559,10,0.6392900824423151,8,COMPLETE
