,number,values_0,values_1,datetime_start,datetime_complete,duration,params_dim,params_smoothing_level,system_attrs_nsga2:generation,state
540,540,-11.394463790849278,6.004168623532098e-05,2024-05-16 16:33:56.027698,2024-05-16 16:33:58.364246,0 days 00:00:02.336548,10,0.7494066856811981,10,COMPLETE
541,541,-3.6826556371270827,4.1888725230103296e-05,2024-05-16 16:33:58.366240,2024-05-16 16:34:00.449253,0 days 00:00:02.083013,10,0.6526350435088841,10,COMPLETE
542,542,-15.737299645934343,8.198805057016778e-05,2024-05-16 16:34:00.451247,2024-05-16 16:34:03.587184,0 days 00:00:03.135937,239,0.9864666304031726,10,COMPLETE
543,543,-272.4675948290759,0.0002534807328250246,2024-05-16 16:34:03.588181,2024-05-16 16:34:07.021950,0 days 00:00:03.433769,328,0.4668298833322784,10,COMPLETE
544,544,-45.161158512487624,0.00014016739898668014,2024-05-16 16:34:07.023943,2024-05-16 16:34:10.516389,0 days 00:00:03.492446,433,0.6168663894837975,10,COMPLETE
545,545,-223.25106928900178,0.0003131767774629056,2024-05-16 16:34:10.518455,2024-05-16 16:34:15.832330,0 days 00:00:05.313875,652,0.9827468088681135,10,COMPLETE
546,546,-19.84598381865349,9.214972667266857e-05,2024-05-16 16:34:15.833328,2024-05-16 16:34:18.952856,0 days 00:00:03.119528,244,0.9827468088681135,10,COMPLETE
547,547,-4.530531565057337,4.558293445478326e-05,2024-05-16 16:34:18.954848,2024-05-16 16:34:20.995579,0 days 00:00:02.040731,10,0.4023770814369535,10,COMPLETE
548,548,-16.254667459561244,6.739247295664636e-05,2024-05-16 16:34:20.996576,2024-05-16 16:34:22.949776,0 days 00:00:01.953200,10,0.6231724592389004,10,COMPLETE
549,549,-4.355070496546874,4.475764179936088e-05,2024-05-16 16:34:22.951770,2024-05-16 16:34:24.970507,0 days 00:00:02.018737,10,0.7619405499406453,10,COMPLETE
550,550,-71086.60262411402,0.003595181963007541,2024-05-16 16:34:24.972565,2024-05-16 16:34:32.746411,0 days 00:00:07.773846,742,0.759949066650675,11,COMPLETE
551,551,-206.29712498491236,0.0002722041115921625,2024-05-16 16:34:32.748406,2024-05-16 16:34:37.430868,0 days 00:00:04.682462,548,0.759949066650675,11,COMPLETE
552,552,-3.854870665319993,4.171947616246931e-05,2024-05-16 16:34:37.431867,2024-05-16 16:34:39.491586,0 days 00:00:02.059719,10,0.6231724592389004,11,COMPLETE
553,553,-27937.15688289727,0.0018042386203595741,2024-05-16 16:34:39.493580,2024-05-16 16:34:43.625408,0 days 00:00:04.131828,543,0.9093952662876806,11,COMPLETE
554,554,-242.62083425232672,0.00032564190413771613,2024-05-16 16:34:43.627402,2024-05-16 16:34:50.830700,0 days 00:00:07.203298,897,0.8932901437946078,11,COMPLETE
555,555,-36.87421714716474,7.85817434353588e-05,2024-05-16 16:34:50.831698,2024-05-16 16:34:52.805137,0 days 00:00:01.973439,10,0.8499488116565067,11,COMPLETE
556,556,-96.74940583682478,0.0001913454352546362,2024-05-16 16:34:52.807131,2024-05-16 16:34:56.297623,0 days 00:00:03.490492,349,0.6407757820939214,11,COMPLETE
557,557,-311252.1683535162,0.007821796020716958,2024-05-16 16:34:56.299617,2024-05-16 16:35:02.148608,0 days 00:00:05.848991,727,0.1885898513118719,11,COMPLETE
558,558,-1214.1316387902298,0.00045035330316956336,2024-05-16 16:35:02.149605,2024-05-16 16:35:06.328395,0 days 00:00:04.178790,343,0.94921233650042,11,COMPLETE
559,559,-39.1305197840429,0.00011889264771889635,2024-05-16 16:35:06.330388,2024-05-16 16:35:10.140478,0 days 00:00:03.810090,413,0.7569617559783631,11,COMPLETE
560,560,-4.356545193571845,4.489270383824139e-05,2024-05-16 16:35:10.142472,2024-05-16 16:35:12.105153,0 days 00:00:01.962681,10,0.31980726978973273,11,COMPLETE
561,561,-157.5230112535317,0.00021755666337857477,2024-05-16 16:35:12.106151,2024-05-16 16:35:15.856170,0 days 00:00:03.750019,452,0.759949066650675,11,COMPLETE
562,562,-1070.1499289059977,0.000414804284652307,2024-05-16 16:35:15.858164,2024-05-16 16:35:21.055834,0 days 00:00:05.197670,662,0.02738655591458017,11,COMPLETE
563,563,-7.034559674797412,5.430064293496025e-05,2024-05-16 16:35:21.057829,2024-05-16 16:35:23.265241,0 days 00:00:02.207412,10,0.5010285655012018,11,COMPLETE
564,564,-208.68255535332742,0.00029402643702298894,2024-05-16 16:35:23.267235,2024-05-16 16:35:29.499441,0 days 00:00:06.232206,872,0.759949066650675,11,COMPLETE
565,565,-16848.11925310232,0.0014384310045066166,2024-05-16 16:35:29.501507,2024-05-16 16:35:33.725838,0 days 00:00:04.224331,636,0.5746374321776224,11,COMPLETE
566,566,-5.074729363899018,4.604785361532838e-05,2024-05-16 16:35:33.727834,2024-05-16 16:35:35.765144,0 days 00:00:02.037310,10,0.4157448699887748,11,COMPLETE
567,567,-4.716355517999068,4.32803283594484e-05,2024-05-16 16:35:35.767138,2024-05-16 16:35:37.812187,0 days 00:00:02.045049,10,0.3410241655299938,11,COMPLETE
568,568,-5.886300613089938,4.830391237878995e-05,2024-05-16 16:35:37.814181,2024-05-16 16:35:40.093904,0 days 00:00:02.279723,10,0.5117474357435502,11,COMPLETE
569,569,-64.99326136686261,0.0001653891338867575,2024-05-16 16:35:40.096012,2024-05-16 16:35:43.083243,0 days 00:00:02.987231,437,0.1885898513118719,11,COMPLETE
570,570,-108.772537544693,0.0001814397687347007,2024-05-16 16:35:43.085240,2024-05-16 16:35:46.454857,0 days 00:00:03.369617,386,0.8777790166760255,11,COMPLETE
571,571,-4.549086728708393,4.563445565716332e-05,2024-05-16 16:35:46.456852,2024-05-16 16:35:48.696944,0 days 00:00:02.240092,10,0.0527161792546722,11,COMPLETE
572,572,-312.2289283036607,0.0003429069587448766,2024-05-16 16:35:48.698938,2024-05-16 16:35:56.389399,0 days 00:00:07.690461,854,0.36105511706321025,11,COMPLETE
573,573,-4.94053692138237,4.709435371930299e-05,2024-05-16 16:35:56.391393,2024-05-16 16:35:58.448208,0 days 00:00:02.056815,10,0.8543824142053797,11,COMPLETE
574,574,-23.068216256430265,9.961225749527854e-05,2024-05-16 16:35:58.449204,2024-05-16 16:36:00.958842,0 days 00:00:02.509638,85,0.14604307420405482,11,COMPLETE
575,575,-10147.518577517461,0.0010527986544310187,2024-05-16 16:36:00.960837,2024-05-16 16:36:03.996080,0 days 00:00:03.035243,247,0.16860353685066265,11,COMPLETE
576,576,-432561995.13631123,0.20011505666966634,2024-05-16 16:36:03.998077,2024-05-16 17:47:58.451779,0 days 01:11:54.453702,808,0.4668298833322784,11,COMPLETE
577,577,-1051.718079024048,0.0005131592417990553,2024-05-16 17:47:58.480897,2024-05-16 17:48:02.211800,0 days 00:00:03.730903,425,0.442367168389754,11,COMPLETE
578,578,-349.17687122494243,0.0003910249132288506,2024-05-16 17:48:02.227420,2024-05-16 17:48:10.509611,0 days 00:00:08.282191,955,0.8904479437483418,11,COMPLETE
579,579,-83.60247561553084,0.00011435621454520762,2024-05-16 17:48:10.509611,2024-05-16 17:48:12.862651,0 days 00:00:02.353040,10,0.12606763976483337,11,COMPLETE
580,580,-35.7337863113212,0.00011367420216526903,2024-05-16 17:48:12.862651,2024-05-16 17:48:15.800455,0 days 00:00:02.937804,248,0.4262319588068445,11,COMPLETE
581,581,-19.738144861108076,9.269327146595311e-05,2024-05-16 17:48:15.800455,2024-05-16 17:48:19.315003,0 days 00:00:03.514548,192,0.197556791218361,11,COMPLETE
582,582,-3.9875039971176376,4.314065047874448e-05,2024-05-16 17:48:19.315003,2024-05-16 17:48:21.385648,0 days 00:00:02.070645,10,0.7551227432448981,11,COMPLETE
583,583,-19.491236010513365,6.838979510512009e-05,2024-05-16 17:48:21.385648,2024-05-16 17:48:23.914387,0 days 00:00:02.528739,10,0.8208706134031076,11,COMPLETE
584,584,-5.07529834392746,4.662194240500256e-05,2024-05-16 17:48:23.914387,2024-05-16 17:48:26.538684,0 days 00:00:02.624297,10,0.4668298833322784,11,COMPLETE
585,585,-197.0176024468035,0.0002956258237975163,2024-05-16 17:48:26.538684,2024-05-16 17:48:35.580259,0 days 00:00:09.041575,890,0.8895225424239976,11,COMPLETE
586,586,-268456.6068877435,0.005435424636350153,2024-05-16 17:48:35.580259,2024-05-16 17:48:39.849677,0 days 00:00:04.269418,587,0.9827468088681135,11,COMPLETE
587,587,-192.0162565707282,0.00027589158379839364,2024-05-16 17:48:39.849677,2024-05-16 17:48:44.487776,0 days 00:00:04.638099,638,0.042788358997865816,11,COMPLETE
588,588,-4.893602495285764,4.7026629971666535e-05,2024-05-16 17:48:44.503398,2024-05-16 17:48:46.760193,0 days 00:00:02.256795,10,0.6344637195847206,11,COMPLETE
589,589,-131954.55361334822,0.003716134452997744,2024-05-16 17:48:46.760193,2024-05-16 17:48:54.082552,0 days 00:00:07.322359,770,0.8208706134031076,11,COMPLETE
590,590,-4.523596576414687,4.564710372738037e-05,2024-05-16 17:48:54.082552,2024-05-16 17:48:56.191268,0 days 00:00:02.108716,10,0.01306873702382838,11,COMPLETE
591,591,-4462.376187112586,0.0009729893583977995,2024-05-16 17:48:56.206890,2024-05-16 17:48:59.647590,0 days 00:00:03.440700,431,0.6526350435088841,11,COMPLETE
592,592,-27540.270077679383,0.0017946267708663232,2024-05-16 17:48:59.663212,2024-05-16 17:49:04.603246,0 days 00:00:04.940034,593,0.4677353003515332,11,COMPLETE
593,593,-129774.34694230816,0.004331831968527921,2024-05-16 17:49:04.618865,2024-05-16 17:49:10.916371,0 days 00:00:06.297506,883,0.3410241655299938,11,COMPLETE
594,594,-6.243042680909483,5.345851911097768e-05,2024-05-16 17:49:10.916371,2024-05-16 17:49:13.211752,0 days 00:00:02.295381,31,0.9947723393926393,11,COMPLETE
595,595,-15.356856068871599,8.022320340401711e-05,2024-05-16 17:49:13.211752,2024-05-16 17:49:16.671247,0 days 00:00:03.459495,182,0.6152578050596534,11,COMPLETE
596,596,-3.94226650295226,4.260227618798567e-05,2024-05-16 17:49:16.686867,2024-05-16 17:49:18.759503,0 days 00:00:02.072636,10,0.1601195863071574,11,COMPLETE
597,597,-9.469325008077943,5.019295612451607e-05,2024-05-16 17:49:18.759503,2024-05-16 17:49:20.878848,0 days 00:00:02.119345,10,0.2245627704006954,11,COMPLETE
598,598,-54.29312086322153,0.00014481016354540656,2024-05-16 17:49:20.894470,2024-05-16 17:49:25.336620,0 days 00:00:04.442150,401,0.11567840606455271,11,COMPLETE
599,599,-4.521960553437717,4.549531504652778e-05,2024-05-16 17:49:25.336620,2024-05-16 17:49:27.690915,0 days 00:00:02.354295,10,0.4668298833322784,11,COMPLETE
600,600,-22.978187750632095,9.502265830181359e-05,2024-05-16 17:49:27.690915,2024-05-16 17:49:31.081524,0 days 00:00:03.390609,197,0.17592585182869147,12,COMPLETE
601,601,-146.1683345198489,0.00023086172531473618,2024-05-16 17:49:31.081524,2024-05-16 17:49:35.411021,0 days 00:00:04.329497,545,0.4668298833322784,12,COMPLETE
602,602,-217.82966245031602,0.0002812496933614868,2024-05-16 17:49:35.411021,2024-05-16 17:49:41.903960,0 days 00:00:06.492939,729,0.3032902483095198,12,COMPLETE
603,603,-59784.263818156694,0.0024142671670615732,2024-05-16 17:49:41.903960,2024-05-16 17:49:45.548551,0 days 00:00:03.644591,410,0.979969901668721,12,COMPLETE
604,604,-3.2062421412096525,3.804565407813611e-05,2024-05-16 17:49:45.548551,2024-05-16 17:49:47.920202,0 days 00:00:02.371651,15,0.4677353003515332,12,COMPLETE
605,605,-4.601186305722117,4.5523808810543264e-05,2024-05-16 17:49:47.920202,2024-05-16 17:49:50.161930,0 days 00:00:02.241728,10,0.858657426332804,12,COMPLETE
606,606,-93.01859173311335,0.0001905327478014651,2024-05-16 17:49:50.161930,2024-05-16 17:49:54.299803,0 days 00:00:04.137873,425,0.23115345195744674,12,COMPLETE
607,607,-28.060102790043004,0.00010948992559388728,2024-05-16 17:49:54.299803,2024-05-16 17:49:57.150285,0 days 00:00:02.850482,192,0.9424708345019803,12,COMPLETE
608,608,-6.971774620238446,5.011568559521662e-05,2024-05-16 17:49:57.150285,2024-05-16 17:49:59.510735,0 days 00:00:02.360450,10,0.7886486170650381,12,COMPLETE
609,609,-74244.08264940526,0.002820881705775591,2024-05-16 17:49:59.510735,2024-05-16 17:50:05.402602,0 days 00:00:05.891867,689,0.6152578050596534,12,COMPLETE
610,610,-296.664456684389,0.00035644519686914067,2024-05-16 17:50:05.402602,2024-05-16 17:50:11.414187,0 days 00:00:06.011585,679,0.7407762064803819,12,COMPLETE
611,611,-376.61359645242015,0.00027984825417361886,2024-05-16 17:50:11.414187,2024-05-16 17:50:15.092414,0 days 00:00:03.678227,371,0.6736495701840437,12,COMPLETE
612,612,-199068.72562020447,0.004507024040240568,2024-05-16 17:50:15.092414,2024-05-16 17:50:19.192936,0 days 00:00:04.100522,346,0.8889816931455479,12,COMPLETE
613,613,-28.403159940745702,0.0001097469842245904,2024-05-16 17:50:19.208561,2024-05-16 17:50:23.044138,0 days 00:00:03.835577,259,0.6588266254514409,12,COMPLETE
614,614,-9.269663887990731,5.236137552531996e-05,2024-05-16 17:50:23.044138,2024-05-16 17:50:25.571407,0 days 00:00:02.527269,10,0.1668147540440601,12,COMPLETE
615,615,-270.3667674830278,0.00021718087399007525,2024-05-16 17:50:25.571407,2024-05-16 17:50:28.045465,0 days 00:00:02.474058,84,0.3905898279778798,12,COMPLETE
616,616,-2779.800584899949,0.0007070607099579162,2024-05-16 17:50:28.045465,2024-05-16 17:50:35.205225,0 days 00:00:07.159760,729,0.2812996343947942,12,COMPLETE
617,617,-23.682184893462733,0.00010012896084307083,2024-05-16 17:50:35.205225,2024-05-16 17:50:38.495342,0 days 00:00:03.290117,155,0.6231724592389004,12,COMPLETE
618,618,-5.141742247533655,4.7065657018175336e-05,2024-05-16 17:50:38.495342,2024-05-16 17:50:40.751028,0 days 00:00:02.255686,10,0.2500916061292944,12,COMPLETE
619,619,-6.037358664383882,4.571773451797865e-05,2024-05-16 17:50:40.766651,2024-05-16 17:50:43.235846,0 days 00:00:02.469195,10,0.9528125060854401,12,COMPLETE
620,620,-13584.561575912847,0.0016178766790891836,2024-05-16 17:50:43.235846,2024-05-16 17:50:47.194631,0 days 00:00:03.958785,380,0.12606763976483337,12,COMPLETE
621,621,-58543.663887037255,0.002538226862901038,2024-05-16 17:50:47.194631,2024-05-16 17:50:54.196642,0 days 00:00:07.002011,703,0.2690990747103018,12,COMPLETE
622,622,-19.81130556170507,8.730710184382598e-05,2024-05-16 17:50:54.196642,2024-05-16 17:50:56.662649,0 days 00:00:02.466007,66,0.4348714062014497,12,COMPLETE
623,623,-3.738996165083834,4.116671563348832e-05,2024-05-16 17:50:56.662649,2024-05-16 17:50:58.862208,0 days 00:00:02.199559,10,0.5306232472463729,12,COMPLETE
624,624,-241.83500730138525,0.0003265601973150781,2024-05-16 17:50:58.863221,2024-05-16 17:51:06.499146,0 days 00:00:07.635925,964,0.8992906914127596,12,COMPLETE
625,625,-151.97317234708217,0.00025808958847174846,2024-05-16 17:51:06.499146,2024-05-16 17:51:12.143645,0 days 00:00:05.644499,666,0.4668298833322784,12,COMPLETE
626,626,-4.400593807464029,4.427088792430398e-05,2024-05-16 17:51:12.143645,2024-05-16 17:51:14.311544,0 days 00:00:02.167899,10,0.36376974533390416,12,COMPLETE
627,627,-4.381708958112979,4.496192041606375e-05,2024-05-16 17:51:14.311544,2024-05-16 17:51:16.463000,0 days 00:00:02.151456,10,0.3410241655299938,12,COMPLETE
628,628,-5.04338594920678,4.7394696484894105e-05,2024-05-16 17:51:16.463000,2024-05-16 17:51:18.826676,0 days 00:00:02.363676,10,0.6526350435088841,12,COMPLETE
629,629,-5.293998581777457,4.6880841245088264e-05,2024-05-16 17:51:18.831668,2024-05-16 17:51:21.563507,0 days 00:00:02.731839,10,0.7385956045989989,12,COMPLETE
630,630,-16.393285027160953,8.08583286675288e-05,2024-05-16 17:51:21.563507,2024-05-16 17:51:24.245121,0 days 00:00:02.681614,162,0.6579885988558335,12,COMPLETE
631,631,-3.0098736469516583,3.6680901146265086e-05,2024-05-16 17:51:24.245121,2024-05-16 17:51:26.496632,0 days 00:00:02.251511,10,0.1601195863071574,12,COMPLETE
632,632,-3.6196214135971365,4.0770707009668974e-05,2024-05-16 17:51:26.496632,2024-05-16 17:51:28.631025,0 days 00:00:02.134393,10,0.20458613944230453,12,COMPLETE
633,633,-253.8110097031772,0.0003274854013417863,2024-05-16 17:51:28.631025,2024-05-16 17:51:35.874075,0 days 00:00:07.243050,884,0.01306873702382838,12,COMPLETE
634,634,-3.4473873487121893,3.9100936957892886e-05,2024-05-16 17:51:35.874075,2024-05-16 17:51:37.898958,0 days 00:00:02.024883,10,0.05647575063614019,12,COMPLETE
635,635,-146.16326535597545,0.00013825066896193698,2024-05-16 17:51:37.898958,2024-05-16 17:51:40.096635,0 days 00:00:02.197677,10,0.9068320947987165,12,COMPLETE
636,636,-12.22947977753149,7.327592056024233e-05,2024-05-16 17:51:40.112257,2024-05-16 17:51:42.432918,0 days 00:00:02.320661,42,0.39612295843793066,12,COMPLETE
637,637,-13815.575183128394,0.0016607836226211557,2024-05-16 17:51:42.432918,2024-05-16 17:51:46.675078,0 days 00:00:04.242160,531,0.9536742966555927,12,COMPLETE
638,638,-4.153926080061916,4.4018017759936585e-05,2024-05-16 17:51:46.675078,2024-05-16 17:51:48.812906,0 days 00:00:02.137828,10,0.31980726978973273,12,COMPLETE
639,639,-9.424557307353943,5.7250213289369845e-05,2024-05-16 17:51:48.812906,2024-05-16 17:51:50.927842,0 days 00:00:02.114936,10,0.061877804770425926,12,COMPLETE
640,640,-122.26355960080859,0.0002270012663425333,2024-05-16 17:51:50.927842,2024-05-16 17:51:54.805828,0 days 00:00:03.877986,441,0.7698526418527246,12,COMPLETE
641,641,-19.62321729458693,9.112664898635896e-05,2024-05-16 17:51:54.805828,2024-05-16 17:51:57.847928,0 days 00:00:03.042100,144,0.8213833112137383,12,COMPLETE
642,642,-38.437691898276384,0.00013022049837359016,2024-05-16 17:51:57.863549,2024-05-16 17:52:01.387443,0 days 00:00:03.523894,375,0.2226286333336973,12,COMPLETE
643,643,-3.8621703365985085,4.083992448718246e-05,2024-05-16 17:52:01.387443,2024-05-16 17:52:03.607267,0 days 00:00:02.219824,10,0.39035038237554487,12,COMPLETE
644,644,-17.818465293257624,6.76439420269061e-05,2024-05-16 17:52:03.607267,2024-05-16 17:52:05.804965,0 days 00:00:02.197698,10,0.20121263105725784,12,COMPLETE
645,645,-254.98532775157506,0.0003292336308367292,2024-05-16 17:52:05.804965,2024-05-16 17:52:12.961698,0 days 00:00:07.156733,933,0.41589099405230323,12,COMPLETE
646,646,-129.96339100422696,0.00023962317162656252,2024-05-16 17:52:12.961698,2024-05-16 17:52:17.068823,0 days 00:00:04.107125,576,0.06101909910382097,12,COMPLETE
647,647,-341.15963997107156,0.0003417408687930516,2024-05-16 17:52:17.068823,2024-05-16 17:52:21.043620,0 days 00:00:03.974797,609,0.4695927072661211,12,COMPLETE
648,648,-3.1910043358074054,3.872278384911546e-05,2024-05-16 17:52:21.043620,2024-05-16 17:52:23.330773,0 days 00:00:02.287153,10,0.5455744107828809,12,COMPLETE
649,649,-4.082422373703549,4.3426609785069316e-05,2024-05-16 17:52:23.330773,2024-05-16 17:52:25.395284,0 days 00:00:02.064511,15,0.7494066856811981,12,COMPLETE
650,650,-12989.42604703422,0.0013174121843209771,2024-05-16 17:52:25.410905,2024-05-16 17:52:32.548461,0 days 00:00:07.137556,726,0.1885898513118719,13,COMPLETE
651,651,-1934.0281349318761,0.0005359151086239095,2024-05-16 17:52:32.548461,2024-05-16 17:52:36.749400,0 days 00:00:04.200939,389,0.4668298833322784,13,COMPLETE
652,652,-36.108225885544876,8.62670092675019e-05,2024-05-16 17:52:36.749400,2024-05-16 17:52:39.265221,0 days 00:00:02.515821,15,0.9440162191794498,13,COMPLETE
653,653,-8829.24180030244,0.001076570784893127,2024-05-16 17:52:39.265221,2024-05-16 17:52:43.488106,0 days 00:00:04.222885,367,0.759949066650675,13,COMPLETE
654,654,-266.44544239529375,0.0003359061680835455,2024-05-16 17:52:43.488106,2024-05-16 17:52:50.962982,0 days 00:00:07.474876,917,0.6152578050596534,13,COMPLETE
655,655,-7.796439047901892,5.609880367480676e-05,2024-05-16 17:52:50.962982,2024-05-16 17:52:53.446675,0 days 00:00:02.483693,15,0.20458613944230453,13,COMPLETE
656,656,-155.7636160257124,0.00018507151815062018,2024-05-16 17:52:53.446675,2024-05-16 17:52:57.485179,0 days 00:00:04.038504,366,0.4668298833322784,13,COMPLETE
657,657,-826.2802502887807,0.0003438972962282961,2024-05-16 17:52:57.500799,2024-05-16 17:53:01.120496,0 days 00:00:03.619697,107,0.979969901668721,13,COMPLETE
658,658,-155.6203550004074,0.0002426969632828165,2024-05-16 17:53:01.120496,2024-05-16 17:53:05.505710,0 days 00:00:04.385214,412,0.320018647198994,13,COMPLETE
659,659,-5.3021213672928145,4.8825577832995103e-05,2024-05-16 17:53:05.505710,2024-05-16 17:53:08.006472,0 days 00:00:02.500762,15,0.23012946777489518,13,COMPLETE
660,660,-6.036600749609984,5.0889861412236674e-05,2024-05-16 17:53:08.006472,2024-05-16 17:53:10.235573,0 days 00:00:02.229101,10,0.2696500893195378,13,COMPLETE
661,661,-5.872291579682782,5.026180683676688e-05,2024-05-16 17:53:10.235573,2024-05-16 17:53:12.315730,0 days 00:00:02.080157,10,0.31980726978973273,13,COMPLETE
662,662,-4.47679726849047,4.5259471725410736e-05,2024-05-16 17:53:12.315730,2024-05-16 17:53:14.594171,0 days 00:00:02.278441,10,0.6526350435088841,13,COMPLETE
663,663,-3.436923719647789,3.893041579113702e-05,2024-05-16 17:53:14.609792,2024-05-16 17:53:16.817950,0 days 00:00:02.208158,15,0.7494066856811981,13,COMPLETE
664,664,-12231.643195747916,0.001308746345321005,2024-05-16 17:53:16.817950,2024-05-16 17:53:24.228820,0 days 00:00:07.410870,934,0.8208706134031076,13,COMPLETE
665,665,-5.178047241094925,4.496712903825535e-05,2024-05-16 17:53:24.228820,2024-05-16 17:53:26.812204,0 days 00:00:02.583384,10,0.5306232472463729,13,COMPLETE
666,666,-34058.18710060266,0.0018560788271293166,2024-05-16 17:53:26.812204,2024-05-16 17:53:32.146636,0 days 00:00:05.334432,525,0.320018647198994,13,COMPLETE
667,667,-4.2404921564160745,4.3388207142331694e-05,2024-05-16 17:53:32.146636,2024-05-16 17:53:34.455391,0 days 00:00:02.308755,10,0.7886486170650381,13,COMPLETE
668,668,-4.278002725754267,4.311233326334225e-05,2024-05-16 17:53:34.455391,2024-05-16 17:53:36.464911,0 days 00:00:02.009520,10,0.7325060110332147,13,COMPLETE
669,669,-4.813358996651955,4.67001187646316e-05,2024-05-16 17:53:36.464911,2024-05-16 17:53:38.562634,0 days 00:00:02.097723,10,0.3109234270875244,13,COMPLETE
670,670,-1616.4155155626552,0.0006297436343889654,2024-05-16 17:53:38.562634,2024-05-16 17:53:46.178996,0 days 00:00:07.616362,740,0.979969901668721,13,COMPLETE
671,671,-1019.8652906678119,0.0005611215478161927,2024-05-16 17:53:46.178996,2024-05-16 17:53:53.055198,0 days 00:00:06.876202,755,0.9827468088681135,13,COMPLETE
672,672,-17.0278943345618,8.418938959156024e-05,2024-05-16 17:53:53.055198,2024-05-16 17:53:56.143572,0 days 00:00:03.088374,157,0.15192657259077924,13,COMPLETE
673,673,-373.22984532670387,0.000373164809812399,2024-05-16 17:53:56.143572,2024-05-16 17:54:04.208255,0 days 00:00:08.064683,727,0.4695927072661211,13,COMPLETE
