,number,values_0,values_1,datetime_start,datetime_complete,duration,params_dim,params_smoothing_level,system_attrs_nsga2:generation,state
406,406,-0.989809980340317,0.007352908484849351,2024-05-18 14:43:03.901642,2024-05-18 14:43:06.083811,0 days 00:00:02.182169,115,0.701887495052294,8,COMPLETE
407,407,-0.6028981879226307,0.006490502441479707,2024-05-18 14:43:06.083811,2024-05-18 14:43:11.831206,0 days 00:00:05.747395,828,0.6060891459736952,8,COMPLETE
408,408,-0.4867227109125511,0.006269856608150525,2024-05-18 14:43:11.831206,2024-05-18 14:43:17.462719,0 days 00:00:05.631513,855,0.24354151002426194,8,COMPLETE
409,409,-0.5572755335410782,0.00628022212426384,2024-05-18 14:43:17.462719,2024-05-18 14:43:23.359694,0 days 00:00:05.896975,849,0.09641429236692511,8,COMPLETE
410,410,-0.3196116092946587,0.00577290167908012,2024-05-18 14:43:23.359694,2024-05-18 14:43:28.473243,0 days 00:00:05.113549,822,0.03192675630572961,8,COMPLETE
411,411,-0.7692589206887238,0.006781029350962496,2024-05-18 14:43:28.473243,2024-05-18 14:43:31.213657,0 days 00:00:02.740414,378,0.8763348921614412,8,COMPLETE
412,412,-2.0341763563173356,0.008488778040417248,2024-05-18 14:43:31.214655,2024-05-18 14:43:36.655874,0 days 00:00:05.441219,830,0.46872282321131487,8,COMPLETE
413,413,-0.5339188220005253,0.006205729837399483,2024-05-18 14:43:36.657868,2024-05-18 14:43:40.734906,0 days 00:00:04.077038,586,0.5581203309121645,8,COMPLETE
414,414,-0.4434117264322356,0.0061750686567687415,2024-05-18 14:43:40.734906,2024-05-18 14:43:43.350771,0 days 00:00:02.615865,303,0.3413378536436953,8,COMPLETE
415,415,-0.5052471648018984,0.006183079097193307,2024-05-18 14:43:43.350771,2024-05-18 14:43:48.464498,0 days 00:00:05.113727,830,0.7842249052641199,8,COMPLETE
416,416,-1.2027650408812716,0.007443915202072837,2024-05-18 14:43:48.464498,2024-05-18 14:43:52.580298,0 days 00:00:04.115800,558,0.07005618849371731,8,COMPLETE
417,417,-0.4238419682109048,0.00602895536911761,2024-05-18 14:43:52.580298,2024-05-18 14:43:58.626576,0 days 00:00:06.046278,994,0.961086250158352,8,COMPLETE
418,418,-0.8158454719713252,0.006905038197818204,2024-05-18 14:43:58.626576,2024-05-18 14:44:03.024807,0 days 00:00:04.398231,685,0.8470092406855628,8,COMPLETE
419,419,-0.6526205325301081,0.006500878207267869,2024-05-18 14:44:03.024807,2024-05-18 14:44:05.899244,0 days 00:00:02.874437,491,0.09084591787104401,8,COMPLETE
420,420,-10.6540513177552,0.014457892927912708,2024-05-18 14:44:05.899244,2024-05-18 14:44:09.109499,0 days 00:00:03.210255,594,0.8700882384018691,8,COMPLETE
421,421,-0.5957564361790235,0.006514930288110556,2024-05-18 14:44:09.109499,2024-05-18 14:44:12.275420,0 days 00:00:03.165921,451,0.26300147037850263,8,COMPLETE
422,422,-1.63390444724051,0.008217506305620698,2024-05-18 14:44:12.275420,2024-05-18 14:44:14.028125,0 days 00:00:01.752705,30,0.8459914105323275,8,COMPLETE
423,423,-1.8551962210800508,0.008445942172039641,2024-05-18 14:44:14.028125,2024-05-18 14:44:19.443917,0 days 00:00:05.415792,992,0.7198400535460219,8,COMPLETE
424,424,-0.5907704152812483,0.006479198203320008,2024-05-18 14:44:19.443917,2024-05-18 14:44:24.975201,0 days 00:00:05.531284,971,0.30814854003418424,8,COMPLETE
425,425,-0.8612376877852569,0.006756736978893153,2024-05-18 14:44:24.975201,2024-05-18 14:44:28.024672,0 days 00:00:03.049471,505,0.7110996652150507,8,COMPLETE
426,426,-0.27131211115360754,0.005704869052315454,2024-05-18 14:44:28.026667,2024-05-18 14:44:32.631268,0 days 00:00:04.604601,685,0.7055188355356484,8,COMPLETE
427,427,-0.4330529414589181,0.006060923710802027,2024-05-18 14:44:32.633261,2024-05-18 14:44:34.660779,0 days 00:00:02.027518,184,0.9479965886025018,8,COMPLETE
428,428,-0.9973537196507977,0.007092540159014883,2024-05-18 14:44:34.660779,2024-05-18 14:44:39.757551,0 days 00:00:05.096772,883,0.9445464721317874,8,COMPLETE
429,429,-0.6726761935188635,0.0065784074351478775,2024-05-18 14:44:39.757551,2024-05-18 14:44:44.620540,0 days 00:00:04.862989,765,0.4500238310543746,8,COMPLETE
430,430,-0.48425369336814567,0.006247653569277129,2024-05-18 14:44:44.620540,2024-05-18 14:44:47.637032,0 days 00:00:03.016492,496,0.519244719197,8,COMPLETE
431,431,-0.30890713071370224,0.005968725931916143,2024-05-18 14:44:47.637032,2024-05-18 14:44:50.520136,0 days 00:00:02.883104,491,0.1076015438655109,8,COMPLETE
432,432,-0.8131162875625186,0.006661634204507857,2024-05-18 14:44:50.520136,2024-05-18 14:44:52.860988,0 days 00:00:02.340852,251,0.1897965120599433,8,COMPLETE
433,433,-0.7107944537117886,0.006648504429178545,2024-05-18 14:44:52.876608,2024-05-18 14:44:55.542905,0 days 00:00:02.666297,387,0.2272052575092658,8,COMPLETE
434,434,-0.7780456946294478,0.006780782651928831,2024-05-18 14:44:55.542905,2024-05-18 14:44:58.841736,0 days 00:00:03.298831,588,0.18256734443596623,8,COMPLETE
435,435,-0.45571149001756783,0.006176335277345539,2024-05-18 14:44:58.841736,2024-05-18 14:45:01.487322,0 days 00:00:02.645586,385,0.08245802368027699,8,COMPLETE
436,436,-0.43989425522261694,0.005926083893507849,2024-05-18 14:45:01.498695,2024-05-18 14:45:04.370522,0 days 00:00:02.871827,442,0.24787209058036697,8,COMPLETE
437,437,-0.4055696141694655,0.00611320686519954,2024-05-18 14:45:04.370522,2024-05-18 14:45:06.976394,0 days 00:00:02.605872,386,0.46872282321131487,8,COMPLETE
438,438,-1.2187112993483948,0.007523426203146166,2024-05-18 14:45:06.992013,2024-05-18 14:45:08.794314,0 days 00:00:01.802301,71,0.2272052575092658,8,COMPLETE
439,439,-0.8449525770264646,0.006884459384588195,2024-05-18 14:45:08.794314,2024-05-18 14:45:14.142986,0 days 00:00:05.348672,816,0.7087737942871889,8,COMPLETE
440,440,-0.8571811419846004,0.006753789100064305,2024-05-18 14:45:14.142986,2024-05-18 14:45:17.020919,0 days 00:00:02.877933,404,0.07005618849371731,8,COMPLETE
441,441,-0.3626474083701287,0.005895780741806835,2024-05-18 14:45:17.020919,2024-05-18 14:45:19.476078,0 days 00:00:02.455159,244,0.30814854003418424,8,COMPLETE
442,442,-1.5186831123547087,0.008063579977598254,2024-05-18 14:45:19.479070,2024-05-18 14:45:21.333405,0 days 00:00:01.854335,13,0.8129087791211249,8,COMPLETE
443,443,-0.5584789840528867,0.006354936050102074,2024-05-18 14:45:21.335400,2024-05-18 14:45:25.812288,0 days 00:00:04.476888,491,0.419505938034865,8,COMPLETE
444,444,-1.1137242365526803,0.007253643828222939,2024-05-18 14:45:25.814284,2024-05-18 14:45:31.227246,0 days 00:00:05.412962,685,0.7087737942871889,8,COMPLETE
445,445,-0.6373908827809014,0.006521660782091689,2024-05-18 14:45:31.229242,2024-05-18 14:45:35.234481,0 days 00:00:04.005239,496,0.22610457793158611,8,COMPLETE
446,446,-0.3406417923684965,0.005791121016793611,2024-05-18 14:45:35.250394,2024-05-18 14:45:37.650030,0 days 00:00:02.399636,181,0.14247161773214778,8,COMPLETE
447,447,-0.09126360180859305,0.005362551732089935,2024-05-18 14:45:37.650030,2024-05-18 14:45:40.603330,0 days 00:00:02.953300,378,0.2272052575092658,8,COMPLETE
448,448,-5.814234437013487,0.011058866579528249,2024-05-18 14:45:40.605325,2024-05-18 14:45:46.414121,0 days 00:00:05.808796,936,0.8469745042022006,8,COMPLETE
449,449,-0.14255435772923092,0.005535575594450124,2024-05-18 14:45:46.416116,2024-05-18 14:45:49.033788,0 days 00:00:02.617672,282,0.46872282321131487,8,COMPLETE
450,450,-0.2755793842000419,0.005694024240287543,2024-05-18 14:45:49.035783,2024-05-18 14:45:54.299765,0 days 00:00:05.263982,760,0.8888844081416387,9,COMPLETE
451,451,-0.1723965212962117,0.005478158113299282,2024-05-18 14:45:54.301760,2024-05-18 14:46:00.338006,0 days 00:00:06.036246,898,0.30814854003418424,9,COMPLETE
452,452,-0.623732865323297,0.006389948846897649,2024-05-18 14:46:00.339518,2024-05-18 14:46:03.072033,0 days 00:00:02.732515,366,0.10226283467681796,9,COMPLETE
453,453,-0.7642868474355307,0.006791308521683852,2024-05-18 14:46:03.072033,2024-05-18 14:46:09.152987,0 days 00:00:06.080954,994,0.351996447316533,9,COMPLETE
454,454,-0.7171171022829272,0.006694861827536576,2024-05-18 14:46:09.152987,2024-05-18 14:46:14.750161,0 days 00:00:05.597174,852,0.2643104779464617,9,COMPLETE
455,455,-0.7821908682631845,0.006663072599678205,2024-05-18 14:46:14.750161,2024-05-18 14:46:17.215976,0 days 00:00:02.465815,229,0.30814854003418424,9,COMPLETE
456,456,-0.43683022709261915,0.0060860091428737075,2024-05-18 14:46:17.215976,2024-05-18 14:46:20.347706,0 days 00:00:03.131730,491,0.2872477928571312,9,COMPLETE
457,457,-0.5741321986495502,0.006350062044425085,2024-05-18 14:46:20.347706,2024-05-18 14:46:25.812040,0 days 00:00:05.464334,852,0.46872282321131487,9,COMPLETE
458,458,-3.101932201150116,0.009525619557593856,2024-05-18 14:46:25.828537,2024-05-18 14:46:30.494064,0 days 00:00:04.665527,685,0.2639501302185986,9,COMPLETE
459,459,-0.5391114211725279,0.006318772174811296,2024-05-18 14:46:30.494064,2024-05-18 14:46:35.924173,0 days 00:00:05.430109,849,0.008586398816390672,9,COMPLETE
460,460,-0.44911159179466187,0.006233364177905189,2024-05-18 14:46:35.924173,2024-05-18 14:46:41.405102,0 days 00:00:05.480929,849,0.7087737942871889,9,COMPLETE
461,461,-0.39848428185680335,0.00599069881250589,2024-05-18 14:46:41.405102,2024-05-18 14:46:44.303765,0 days 00:00:02.898663,385,0.46872282321131487,9,COMPLETE
462,462,-0.42738679746533637,0.006091588453492836,2024-05-18 14:46:44.303765,2024-05-18 14:46:49.568315,0 days 00:00:05.264550,830,0.9969108465588635,9,COMPLETE
463,463,-0.636030092073255,0.006356756228670502,2024-05-18 14:46:49.568315,2024-05-18 14:46:52.183584,0 days 00:00:02.615269,220,0.2692296468313866,9,COMPLETE
464,464,-0.5427408018197936,0.006339560957743827,2024-05-18 14:46:52.183584,2024-05-18 14:46:57.598143,0 days 00:00:05.414559,894,0.8019368396436217,9,COMPLETE
465,465,-0.6247677341513098,0.006543094276262653,2024-05-18 14:46:57.598143,2024-05-18 14:47:03.141576,0 days 00:00:05.543433,718,0.9539859985079939,9,COMPLETE
466,466,-0.6974238256955253,0.006650228753426196,2024-05-18 14:47:03.144569,2024-05-18 14:47:06.344091,0 days 00:00:03.199522,382,0.03192675630572961,9,COMPLETE
467,467,-0.4931768516602533,0.006256469796835129,2024-05-18 14:47:06.344091,2024-05-18 14:47:09.526943,0 days 00:00:03.182852,348,0.17260011238648731,9,COMPLETE
468,468,-0.3030321085223644,0.0057838575483017554,2024-05-18 14:47:09.542029,2024-05-18 14:47:15.664765,0 days 00:00:06.122736,859,0.35431345554007354,9,COMPLETE
469,469,-0.7926835507080059,0.006814947778665708,2024-05-18 14:47:15.680386,2024-05-18 14:47:20.342559,0 days 00:00:04.662173,903,0.2272052575092658,9,COMPLETE
470,470,-0.28863574942763537,0.0057235381166011534,2024-05-18 14:47:20.342559,2024-05-18 14:47:25.269323,0 days 00:00:04.926764,836,0.7087737942871889,9,COMPLETE
471,471,-1.4534741080035691,0.008064736801959103,2024-05-18 14:47:25.269323,2024-05-18 14:47:27.190404,0 days 00:00:01.921081,163,0.8046442283437856,9,COMPLETE
472,472,-0.30378362657799013,0.005872076203011561,2024-05-18 14:47:27.190404,2024-05-18 14:47:31.703074,0 days 00:00:04.512670,859,0.7040881702884152,9,COMPLETE
473,473,-0.7813206862703949,0.006773870133020349,2024-05-18 14:47:31.703074,2024-05-18 14:47:36.365191,0 days 00:00:04.662117,849,0.17260011238648731,9,COMPLETE
474,474,-0.38132617122259005,0.005908433781270645,2024-05-18 14:47:36.366188,2024-05-18 14:47:39.288250,0 days 00:00:02.922062,409,0.46872282321131487,9,COMPLETE
475,475,-0.37428999903333904,0.00596475142991904,2024-05-18 14:47:39.288250,2024-05-18 14:47:42.190589,0 days 00:00:02.902339,434,0.17260011238648731,9,COMPLETE
476,476,-0.3722228416579533,0.005933499925079258,2024-05-18 14:47:42.190589,2024-05-18 14:47:44.593994,0 days 00:00:02.403405,244,0.9112883510198551,9,COMPLETE
477,477,-0.8614859965674604,0.006891940673443275,2024-05-18 14:47:44.593994,2024-05-18 14:47:49.874778,0 days 00:00:05.280784,755,0.24354151002426194,9,COMPLETE
478,478,-0.6059069665811281,0.006334591908495108,2024-05-18 14:47:49.874778,2024-05-18 14:47:55.175621,0 days 00:00:05.300843,971,0.9024446969599517,9,COMPLETE
479,479,-0.8227022312659271,0.0068895311537654534,2024-05-18 14:47:55.175621,2024-05-18 14:48:00.215448,0 days 00:00:05.039827,897,0.3337303798603224,9,COMPLETE
480,480,-0.934165639119902,0.006867700991454855,2024-05-18 14:48:00.215448,2024-05-18 14:48:02.607249,0 days 00:00:02.391801,378,0.2272052575092658,9,COMPLETE
481,481,-0.5139629359541498,0.006218688561629003,2024-05-18 14:48:02.607249,2024-05-18 14:48:08.106225,0 days 00:00:05.498976,921,0.503473823663939,9,COMPLETE
482,482,-1.2176729709456033,0.007400622211477288,2024-05-18 14:48:08.106225,2024-05-18 14:48:12.731379,0 days 00:00:04.625154,683,0.6107900853915841,9,COMPLETE
483,483,-0.7940554735519866,0.006698897316000191,2024-05-18 14:48:12.731379,2024-05-18 14:48:18.322559,0 days 00:00:05.591180,864,0.6031527537273179,9,COMPLETE
484,484,-0.6477220172366289,0.006634350318329212,2024-05-18 14:48:18.324554,2024-05-18 14:48:20.775096,0 days 00:00:02.450542,408,0.30814854003418424,9,COMPLETE
485,485,-0.8078657190762619,0.006809970707688412,2024-05-18 14:48:20.777382,2024-05-18 14:48:25.710394,0 days 00:00:04.933012,967,0.17260011238648731,9,COMPLETE
486,486,-0.4550476548006987,0.006141146311462809,2024-05-18 14:48:25.712389,2024-05-18 14:48:29.632391,0 days 00:00:03.920002,502,0.9112883510198551,9,COMPLETE
487,487,-0.4440078212272535,0.006031589426524682,2024-05-18 14:48:29.633389,2024-05-18 14:48:31.888202,0 days 00:00:02.254813,281,0.21644622384693213,9,COMPLETE
488,488,-0.38655580604512607,0.0058779561409927645,2024-05-18 14:48:31.888202,2024-05-18 14:48:34.222075,0 days 00:00:02.333873,244,0.2272052575092658,9,COMPLETE
489,489,-0.4456805650477452,0.006115587418213926,2024-05-18 14:48:34.222075,2024-05-18 14:48:36.687476,0 days 00:00:02.465401,358,0.8013663922204591,9,COMPLETE
490,490,-0.5984731163827746,0.006223478931738738,2024-05-18 14:48:36.687476,2024-05-18 14:48:42.658550,0 days 00:00:05.971074,859,0.2272052575092658,9,COMPLETE
491,491,-0.5285407962725159,0.0061622760792191585,2024-05-18 14:48:42.658550,2024-05-18 14:48:45.033923,0 days 00:00:02.375373,244,0.1897965120599433,9,COMPLETE
492,492,-1.509341168390336,0.008116495346590116,2024-05-18 14:48:45.033923,2024-05-18 14:48:50.564650,0 days 00:00:05.530727,875,0.14247161773214778,9,COMPLETE
493,493,-0.3114586984012096,0.005778515032994469,2024-05-18 14:48:50.581279,2024-05-18 14:48:55.529219,0 days 00:00:04.947940,822,0.03192675630572961,9,COMPLETE
494,494,-0.4088932974969552,0.0060989008689697494,2024-05-18 14:48:55.529219,2024-05-18 14:48:57.911364,0 days 00:00:02.382145,282,0.2272052575092658,9,COMPLETE
495,495,-1.1901038011694698,0.007242733764100973,2024-05-18 14:48:57.927963,2024-05-18 14:49:03.075958,0 days 00:00:05.147995,849,0.46872282321131487,9,COMPLETE
496,496,-0.7336379784258851,0.006657673051274239,2024-05-18 14:49:03.092585,2024-05-18 14:49:07.928770,0 days 00:00:04.836185,830,0.9788315606628443,9,COMPLETE
497,497,-2.152252379440677,0.008154146910843537,2024-05-18 14:49:07.928770,2024-05-18 14:49:09.744084,0 days 00:00:01.815314,49,0.5456836760446,9,COMPLETE
498,498,-1.1193002411985122,0.007348557885091307,2024-05-18 14:49:09.744084,2024-05-18 14:49:14.370662,0 days 00:00:04.626578,664,0.3723328908163519,9,COMPLETE
499,499,-0.7369651696001833,0.006550845704995742,2024-05-18 14:49:14.370662,2024-05-18 14:49:19.169092,0 days 00:00:04.798430,737,0.5537288758311638,9,COMPLETE
500,500,-0.5458174424843435,0.006356938396865039,2024-05-18 14:49:19.169092,2024-05-18 14:49:25.118478,0 days 00:00:05.949386,897,0.21901327146139515,10,COMPLETE
501,501,-1.027134731531987,0.007245930152417488,2024-05-18 14:49:25.118478,2024-05-18 14:49:27.060032,0 days 00:00:01.941554,244,0.47860411933477265,10,COMPLETE
502,502,-0.28173234537287123,0.005757271282577988,2024-05-18 14:49:27.061030,2024-05-18 14:49:31.406504,0 days 00:00:04.345474,755,0.3320172563755026,10,COMPLETE
503,503,-0.8283514261464824,0.006767557663959013,2024-05-18 14:49:31.407502,2024-05-18 14:49:34.388008,0 days 00:00:02.980506,556,0.3245464012096727,10,COMPLETE
504,504,-0.3970359627763347,0.006022777226414771,2024-05-18 14:49:34.390004,2024-05-18 14:49:39.223173,0 days 00:00:04.833169,898,0.4125676870476419,10,COMPLETE
505,505,-12.53109846173587,0.014458704599867566,2024-05-18 14:49:39.225167,2024-05-18 14:49:44.349711,0 days 00:00:05.124544,971,0.2272052575092658,10,COMPLETE
506,506,-0.39265395733656494,0.006004415102356277,2024-05-18 14:49:44.351707,2024-05-18 14:49:46.174889,0 days 00:00:01.823182,164,0.27924569078702277,10,COMPLETE
507,507,-0.49705471477072577,0.0063141481427064884,2024-05-18 14:49:46.175886,2024-05-18 14:49:50.221992,0 days 00:00:04.046106,685,0.03192675630572961,10,COMPLETE
508,508,-0.7001150286005096,0.0066500272158817875,2024-05-18 14:49:50.222989,2024-05-18 14:49:52.513241,0 days 00:00:02.290252,405,0.11110599688624911,10,COMPLETE
509,509,-1.332147247597925,0.0076499250844382525,2024-05-18 14:49:52.514239,2024-05-18 14:49:57.050145,0 days 00:00:04.535906,840,0.14247161773214778,10,COMPLETE
510,510,-0.5561969184807541,0.006225827171473493,2024-05-18 14:49:57.052139,2024-05-18 14:50:01.486416,0 days 00:00:04.434277,847,0.46872282321131487,10,COMPLETE
511,511,-0.4801077950021849,0.006121965906437286,2024-05-18 14:50:01.488411,2024-05-18 14:50:05.696231,0 days 00:00:04.207820,816,0.7087737942871889,10,COMPLETE
512,512,-0.9234933466162285,0.007083169008853435,2024-05-18 14:50:05.699223,2024-05-18 14:50:08.008623,0 days 00:00:02.309400,378,0.8297042407350397,10,COMPLETE
513,513,-0.38363594178463395,0.005966764931936739,2024-05-18 14:50:08.010618,2024-05-18 14:50:09.880672,0 days 00:00:01.870054,107,0.7565153003593509,10,COMPLETE
514,514,-1.1744773611572836,0.007556513261917195,2024-05-18 14:50:09.883220,2024-05-18 14:50:14.498378,0 days 00:00:04.615158,894,0.46872282321131487,10,COMPLETE
515,515,-0.7611782172270447,0.006744022536740939,2024-05-18 14:50:14.498378,2024-05-18 14:50:18.248775,0 days 00:00:03.750397,657,0.6337041754298188,10,COMPLETE
516,516,-1.1397287597352999,0.007530982794707467,2024-05-18 14:50:18.248775,2024-05-18 14:50:22.406289,0 days 00:00:04.157514,822,0.11064566444800739,10,COMPLETE
517,517,-1.3210988554159755,0.0077554875795715125,2024-05-18 14:50:22.406289,2024-05-18 14:50:24.932187,0 days 00:00:02.525898,442,0.5411929317532349,10,COMPLETE
518,518,-0.247821217306821,0.005670439709316477,2024-05-18 14:50:24.932187,2024-05-18 14:50:29.090290,0 days 00:00:04.158103,836,0.2272052575092658,10,COMPLETE
519,519,-0.4990461095075262,0.006240298654414283,2024-05-18 14:50:29.092285,2024-05-18 14:50:33.184914,0 days 00:00:04.092629,816,0.31205470121004486,10,COMPLETE
520,520,-0.7086801496630424,0.00668319852149307,2024-05-18 14:50:33.184914,2024-05-18 14:50:35.193230,0 days 00:00:02.008316,282,0.46872282321131487,10,COMPLETE
521,521,-0.7211006010349588,0.006678243151806419,2024-05-18 14:50:35.193230,2024-05-18 14:50:39.552023,0 days 00:00:04.358793,815,0.6535845407361112,10,COMPLETE
522,522,-0.31459339243087964,0.005876972826789163,2024-05-18 14:50:39.554018,2024-05-18 14:50:41.498776,0 days 00:00:01.944758,199,0.7718606100940426,10,COMPLETE
523,523,-0.8484035495388632,0.006812432747604229,2024-05-18 14:50:41.498776,2024-05-18 14:50:46.172929,0 days 00:00:04.674153,859,0.3933638002489357,10,COMPLETE
524,524,-0.7720757381665334,0.006892633508297896,2024-05-18 14:50:46.172929,2024-05-18 14:50:48.866009,0 days 00:00:02.693080,629,0.12473747836818594,10,COMPLETE
525,525,-0.7095940865851791,0.006718940166727405,2024-05-18 14:50:48.866009,2024-05-18 14:50:51.177953,0 days 00:00:02.311944,391,0.4059669969102163,10,COMPLETE
526,526,-1.0860531704037684,0.007287039794400665,2024-05-18 14:50:51.177953,2024-05-18 14:50:53.810718,0 days 00:00:02.632765,491,0.14247161773214778,10,COMPLETE
527,527,-0.29554749570544475,0.00580325695802891,2024-05-18 14:50:53.812711,2024-05-18 14:50:58.022883,0 days 00:00:04.210172,760,0.8888844081416387,10,COMPLETE
528,528,-0.1919295934392919,0.005558290635657969,2024-05-18 14:50:58.022883,2024-05-18 14:51:04.053937,0 days 00:00:06.031054,893,0.8239388924731653,10,COMPLETE
529,529,-4.276277905416127,0.01127980814456525,2024-05-18 14:51:04.053937,2024-05-18 14:51:05.747962,0 days 00:00:01.694025,35,0.956913048934187,10,COMPLETE
530,530,-0.2555554075059664,0.005715411986584269,2024-05-18 14:51:05.747962,2024-05-18 14:51:08.228951,0 days 00:00:02.480989,361,0.10287000662109735,10,COMPLETE
531,531,-1.227163914789865,0.007562778919004645,2024-05-18 14:51:08.228951,2024-05-18 14:51:10.828828,0 days 00:00:02.599877,405,0.7040881702884152,10,COMPLETE
532,532,-0.5056540124408843,0.006210655187153781,2024-05-18 14:51:10.828828,2024-05-18 14:51:13.805491,0 days 00:00:02.976663,608,0.30814854003418424,10,COMPLETE
533,533,-0.31833390498247394,0.005847295855331752,2024-05-18 14:51:13.805491,2024-05-18 14:51:16.244698,0 days 00:00:02.439207,385,0.6798270613611228,10,COMPLETE
534,534,-0.6235332440215842,0.006545860528110015,2024-05-18 14:51:16.244698,2024-05-18 14:51:18.584298,0 days 00:00:02.339600,281,0.5537288758311638,10,COMPLETE
535,535,-0.9679605942457294,0.007074985073652636,2024-05-18 14:51:18.599919,2024-05-18 14:51:20.292845,0 days 00:00:01.692926,77,0.47735269208214126,10,COMPLETE
536,536,-0.9134991813175464,0.007112764420899706,2024-05-18 14:51:20.292845,2024-05-18 14:51:24.808931,0 days 00:00:04.516086,894,0.28212019765228924,10,COMPLETE
537,537,-0.8258015447960668,0.006739786801106762,2024-05-18 14:51:24.808931,2024-05-18 14:51:28.858786,0 days 00:00:04.049855,732,0.8453530957313666,10,COMPLETE
538,538,-0.6271970861126788,0.006558975829981858,2024-05-18 14:51:28.858786,2024-05-18 14:51:32.935549,0 days 00:00:04.076763,755,0.37068675087296576,10,COMPLETE
539,539,-0.5253797564557177,0.006384653006556007,2024-05-18 14:51:32.935549,2024-05-18 14:51:35.428735,0 days 00:00:02.493186,378,0.17260011238648731,10,COMPLETE
540,540,-1.7606394865658974,0.008129004407499266,2024-05-18 14:51:35.428735,2024-05-18 14:51:39.845409,0 days 00:00:04.416674,894,0.8625512554196869,10,COMPLETE
