,number,values_0,values_1,datetime_start,datetime_complete,duration,params_dim,params_smoothing_level,system_attrs_nsga2:generation,state
684,684,0.06090902255768345,0.1138897128970898,2024-05-16 07:52:43.196842,2024-05-16 07:52:48.833034,0 days 00:00:05.636192,53,0.4636285465512212,13,COMPLETE
685,685,-10.086596672721793,0.35514126443560573,2024-05-16 07:52:48.835377,2024-05-16 07:52:51.678212,0 days 00:00:02.842835,8,0.9639382924056547,13,COMPLETE
686,686,0.29116437419013846,0.09813833469490148,2024-05-16 07:52:51.682824,2024-05-16 07:52:56.207869,0 days 00:00:04.525045,45,0.6546252800829349,13,COMPLETE
687,687,0.22691467586838568,0.10489366623153129,2024-05-16 07:52:56.211375,2024-05-16 07:53:03.063851,0 days 00:00:06.852476,61,0.9001586576459149,13,COMPLETE
688,688,-0.06130285074617923,0.121812565891307,2024-05-16 07:53:03.069371,2024-05-16 07:53:05.341286,0 days 00:00:02.271915,43,0.9001586576459149,13,COMPLETE
689,689,-2.944999644208386,0.20591657512423814,2024-05-16 07:53:05.342283,2024-05-16 07:53:07.881724,0 days 00:00:02.539441,4,0.8577995352210567,13,COMPLETE
690,690,0.3595276116518404,0.09094887070169531,2024-05-16 07:53:07.882877,2024-05-16 07:53:09.965160,0 days 00:00:02.082283,93,0.9001586576459149,13,COMPLETE
691,691,0.19727016197500397,0.10519087227642879,2024-05-16 07:53:09.967884,2024-05-16 07:53:11.748033,0 days 00:00:01.780149,74,0.5234529844238579,13,COMPLETE
692,692,0.5358019525776336,0.0756957571909175,2024-05-16 07:53:11.764384,2024-05-16 07:53:15.517819,0 days 00:00:03.753435,45,0.9001586576459149,13,COMPLETE
693,693,0.2588460867988568,0.100686433248556,2024-05-16 07:53:15.521490,2024-05-16 07:53:19.351983,0 days 00:00:03.830493,53,0.6671029982199992,13,COMPLETE
694,694,-0.4174584455356268,0.12101099108474203,2024-05-16 07:53:19.357970,2024-05-16 07:53:21.260017,0 days 00:00:01.902047,52,0.9994627587231382,13,COMPLETE
695,695,-0.5451665769960654,0.14759387092621049,2024-05-16 07:53:21.263509,2024-05-16 07:53:26.013213,0 days 00:00:04.749704,35,0.7545984810471543,13,COMPLETE
696,696,-0.4179379057070537,0.1326824653398205,2024-05-16 07:53:26.015179,2024-05-16 07:53:28.345312,0 days 00:00:02.330133,16,0.9250668686470647,13,COMPLETE
697,697,-16.66343859523217,0.425104863741407,2024-05-16 07:53:28.353567,2024-05-16 07:53:30.640207,0 days 00:00:02.286640,8,0.9001586576459149,13,COMPLETE
698,698,0.09006987043979622,0.11328024731898267,2024-05-16 07:53:30.643532,2024-05-16 07:53:34.914210,0 days 00:00:04.270678,82,0.7720683310147018,13,COMPLETE
699,699,0.26876808459500123,0.10004153135630886,2024-05-16 07:53:34.916216,2024-05-16 07:53:38.968992,0 days 00:00:04.052776,42,0.970616646575527,13,COMPLETE
700,700,0.058139297887743614,0.10942657252281189,2024-05-16 07:53:38.975403,2024-05-16 07:53:41.878344,0 days 00:00:02.902941,92,0.26296854918453183,14,COMPLETE
701,701,0.3547939109600945,0.09253903481903322,2024-05-16 07:53:41.885997,2024-05-16 07:53:46.082077,0 days 00:00:04.196080,92,0.48639312648140687,14,COMPLETE
702,702,0.1970960255658689,0.10525268701469179,2024-05-16 07:53:46.089037,2024-05-16 07:53:48.329469,0 days 00:00:02.240432,53,0.7522448046864667,14,COMPLETE
703,703,-1.7736755347746151,0.20123443199635532,2024-05-16 07:53:48.330962,2024-05-16 07:53:51.631034,0 days 00:00:03.300072,87,0.04260600338883758,14,COMPLETE
704,704,-1.2079957198244164,0.15037876000982325,2024-05-16 07:53:51.636127,2024-05-16 07:53:54.984618,0 days 00:00:03.348491,45,0.8834056863691265,14,COMPLETE
705,705,0.17183065776284087,0.10335470317119178,2024-05-16 07:53:54.986227,2024-05-16 07:53:57.465935,0 days 00:00:02.479708,100,0.6558697702092077,14,COMPLETE
706,706,0.44294628482307424,0.08748456131803559,2024-05-16 07:53:57.471774,2024-05-16 07:54:01.340309,0 days 00:00:03.868535,61,0.7857521673220229,14,COMPLETE
707,707,-118.91557832526034,0.8166370615979448,2024-05-16 07:54:01.350038,2024-05-16 07:54:03.458142,0 days 00:00:02.108104,6,0.9301965291092027,14,COMPLETE
708,708,0.1369295679688556,0.10717698808176654,2024-05-16 07:54:03.470290,2024-05-16 07:54:06.784287,0 days 00:00:03.313997,58,0.7350785708412749,14,COMPLETE
709,709,0.13501473290231616,0.1051547970911643,2024-05-16 07:54:06.786776,2024-05-16 07:54:10.288277,0 days 00:00:03.501501,61,0.7566320591560077,14,COMPLETE
710,710,6.180121597869626e-05,0.11097635419374463,2024-05-16 07:54:10.290270,2024-05-16 07:54:12.939615,0 days 00:00:02.649345,87,0.9001586576459149,14,COMPLETE
711,711,0.4542164404501598,0.08599746903904691,2024-05-16 07:54:12.946325,2024-05-16 07:54:17.009256,0 days 00:00:04.062931,59,0.8870066551570652,14,COMPLETE
712,712,-1.3609079508245745,0.19150761948331768,2024-05-16 07:54:17.012149,2024-05-16 07:54:19.024762,0 days 00:00:02.012613,53,0.004399944747769058,14,COMPLETE
713,713,-0.16926611500681996,0.12852176500914805,2024-05-16 07:54:19.025759,2024-05-16 07:54:22.585120,0 days 00:00:03.559361,72,0.7018070330151726,14,COMPLETE
714,714,0.06668678430448952,0.11403171942887132,2024-05-16 07:54:22.588588,2024-05-16 07:54:24.399822,0 days 00:00:01.811234,71,0.9001586576459149,14,COMPLETE
715,715,-0.26242989881448675,0.12254528381660412,2024-05-16 07:54:24.402994,2024-05-16 07:54:26.917982,0 days 00:00:02.514988,35,0.9950499976135305,14,COMPLETE
716,716,-26.810330690364616,0.4922805752043556,2024-05-16 07:54:26.931207,2024-05-16 07:54:30.310368,0 days 00:00:03.379161,7,0.7760869980298499,14,COMPLETE
717,717,-0.01960273613254824,0.11677135078858791,2024-05-16 07:54:30.312833,2024-05-16 07:54:33.596336,0 days 00:00:03.283503,73,0.4135078836595608,14,COMPLETE
718,718,-1.261577434394642,0.18378116980357367,2024-05-16 07:54:33.600975,2024-05-16 07:54:35.480798,0 days 00:00:01.879823,43,0.00663550850239536,14,COMPLETE
719,719,0.4384569006614999,0.08144546070398995,2024-05-16 07:54:35.486142,2024-05-16 07:54:39.900069,0 days 00:00:04.413927,45,0.8675878120475414,14,COMPLETE
720,720,-3.8068956759034798,0.1908772823057179,2024-05-16 07:54:39.903266,2024-05-16 07:54:46.295785,0 days 00:00:06.392519,35,0.6969187180421729,14,COMPLETE
721,721,-0.7436806627076636,0.15207671295266867,2024-05-16 07:54:46.296900,2024-05-16 07:54:49.673217,0 days 00:00:03.376317,97,0.14777184794822895,14,COMPLETE
722,722,0.19954103380790805,0.10356950855907834,2024-05-16 07:54:49.676492,2024-05-16 07:54:51.555638,0 days 00:00:01.879146,87,0.9001586576459149,14,COMPLETE
723,723,0.14221926668358792,0.10582385816572466,2024-05-16 07:54:51.557633,2024-05-16 07:55:00.408347,0 days 00:00:08.850714,87,0.970616646575527,14,COMPLETE
724,724,-0.6610998729013119,0.13825009885803805,2024-05-16 07:55:00.411198,2024-05-16 07:55:06.674508,0 days 00:00:06.263310,73,0.8995009334948074,14,COMPLETE
725,725,-0.3639251991331636,0.12374834703377191,2024-05-16 07:55:06.676772,2024-05-16 07:55:11.882578,0 days 00:00:05.205806,45,0.9697438685481747,14,COMPLETE
726,726,-2.202076496835139,0.1620222185027113,2024-05-16 07:55:11.885428,2024-05-16 07:55:16.095653,0 days 00:00:04.210225,45,0.8000720441417185,14,COMPLETE
727,727,-0.1822562582031811,0.12574807366886556,2024-05-16 07:55:16.099619,2024-05-16 07:55:22.642475,0 days 00:00:06.542856,77,0.5079696066378303,14,COMPLETE
728,728,0.3672057046530672,0.09337916491763307,2024-05-16 07:55:22.645980,2024-05-16 07:55:29.280783,0 days 00:00:06.634803,97,0.7456381905048086,14,COMPLETE
729,729,-0.13863555885949577,0.1173990578529079,2024-05-16 07:55:29.285462,2024-05-16 07:55:35.305475,0 days 00:00:06.020013,61,0.9001586576459149,14,COMPLETE
730,730,-0.15462908838235423,0.12223177241798637,2024-05-16 07:55:35.309678,2024-05-16 07:55:38.886997,0 days 00:00:03.577319,35,0.7350785708412749,14,COMPLETE
731,731,-6.439632723669274,0.287259544085427,2024-05-16 07:55:38.888991,2024-05-16 07:55:43.714368,0 days 00:00:04.825377,6,0.34507147017839046,14,COMPLETE
732,732,-0.9416191781591106,0.1504698650739365,2024-05-16 07:55:43.716474,2024-05-16 07:55:47.315359,0 days 00:00:03.598885,100,0.8337337517426028,14,COMPLETE
733,733,-6.069288824311994,0.2521590288824419,2024-05-16 07:55:47.318424,2024-05-16 07:55:51.028345,0 days 00:00:03.709921,45,0.7760869980298499,14,COMPLETE
734,734,-0.14185992770353223,0.1270294502329661,2024-05-16 07:55:51.032442,2024-05-16 07:55:57.005527,0 days 00:00:05.973085,77,0.9950499976135305,14,COMPLETE
735,735,-0.15292396978134942,0.12323053563138489,2024-05-16 07:55:57.009109,2024-05-16 07:55:59.445245,0 days 00:00:02.436136,49,0.44465678762334404,14,COMPLETE
736,736,-18.566498195545698,0.4676443011914033,2024-05-16 07:55:59.451850,2024-05-16 07:56:02.375355,0 days 00:00:02.923505,8,0.8100422392398826,14,COMPLETE
737,737,0.0616052026074176,0.10992438084067153,2024-05-16 07:56:02.378797,2024-05-16 07:56:06.158331,0 days 00:00:03.779534,35,0.7350785708412749,14,COMPLETE
738,738,-0.30292965912579006,0.1252806687141618,2024-05-16 07:56:06.159709,2024-05-16 07:56:09.522321,0 days 00:00:03.362612,67,0.8000720441417185,14,COMPLETE
739,739,0.2800773968639168,0.09842990363030268,2024-05-16 07:56:09.524637,2024-05-16 07:56:12.208083,0 days 00:00:02.683446,97,0.689410864911767,14,COMPLETE
740,740,-1.1942893437036286,0.176013805112813,2024-05-16 07:56:12.209080,2024-05-16 07:56:13.846675,0 days 00:00:01.637595,34,0.7760869980298499,14,COMPLETE
741,741,-0.34357752302398625,0.12295141165707675,2024-05-16 07:56:13.848601,2024-05-16 07:56:17.385410,0 days 00:00:03.536809,35,0.8000720441417185,14,COMPLETE
742,742,-0.5212004595524853,0.1458665745475543,2024-05-16 07:56:17.388711,2024-05-16 07:56:20.625507,0 days 00:00:03.236796,43,0.751696410756282,14,COMPLETE
743,743,0.5571712087904693,0.07582214340027732,2024-05-16 07:56:20.627781,2024-05-16 07:56:24.909242,0 days 00:00:04.281461,48,0.9950499976135305,14,COMPLETE
744,744,-1.7603401533413432,0.16492730944789596,2024-05-16 07:56:24.911237,2024-05-16 07:56:26.895911,0 days 00:00:01.984674,66,0.18402899820161167,14,COMPLETE
745,745,0.1523164326661807,0.1007429036115723,2024-05-16 07:56:26.898905,2024-05-16 07:56:28.834446,0 days 00:00:01.935541,61,0.9001586576459149,14,COMPLETE
746,746,-0.3871898512992039,0.13105190496174807,2024-05-16 07:56:28.836439,2024-05-16 07:56:31.510057,0 days 00:00:02.673618,56,0.9950499976135305,14,COMPLETE
747,747,-0.6306502526769358,0.14325817723836043,2024-05-16 07:56:31.512138,2024-05-16 07:56:32.976570,0 days 00:00:01.464432,35,0.6829865945089368,14,COMPLETE
748,748,-1.0259534705479847,0.17110286770877464,2024-05-16 07:56:32.977792,2024-05-16 07:56:35.674801,0 days 00:00:02.697009,71,0.2970801536954515,14,COMPLETE
749,749,-0.22372848078373705,0.1270605641835833,2024-05-16 07:56:35.676790,2024-05-16 07:56:38.425799,0 days 00:00:02.749009,66,0.4177883853308235,14,COMPLETE
750,750,0.04861822241051681,0.11663451110404228,2024-05-16 07:56:38.428763,2024-05-16 07:56:42.385525,0 days 00:00:03.956762,90,0.7522448046864667,15,COMPLETE
751,751,-0.2652888744529457,0.11846224732728527,2024-05-16 07:56:42.387333,2024-05-16 07:56:45.207254,0 days 00:00:02.819921,62,0.4355537417675178,15,COMPLETE
752,752,0.08968203403848682,0.1115876535396517,2024-05-16 07:56:45.209311,2024-05-16 07:56:48.284235,0 days 00:00:03.074924,35,0.8131835837756952,15,COMPLETE
753,753,-0.941369992511104,0.14831914076531874,2024-05-16 07:56:48.286264,2024-05-16 07:56:51.934570,0 days 00:00:03.648306,45,0.24955100481158754,15,COMPLETE
754,754,0.314745329113832,0.09804316327763471,2024-05-16 07:56:51.936744,2024-05-16 07:56:55.078340,0 days 00:00:03.141596,68,0.9639382924056547,15,COMPLETE
755,755,0.15135414787894036,0.10574833299956535,2024-05-16 07:56:55.080526,2024-05-16 07:57:00.006632,0 days 00:00:04.926106,46,0.8870066551570652,15,COMPLETE
756,756,0.1271913021801195,0.10673445450224653,2024-05-16 07:57:00.015949,2024-05-16 07:57:03.000015,0 days 00:00:02.984066,53,0.830437140090139,15,COMPLETE
757,757,-1.7479226112781396,0.185020371729684,2024-05-16 07:57:03.002169,2024-05-16 07:57:04.100360,0 days 00:00:01.098191,64,0.5971043183272995,15,COMPLETE
758,758,0.3299458179441242,0.09373637230009416,2024-05-16 07:57:04.103282,2024-05-16 07:57:07.648655,0 days 00:00:03.545373,45,0.7456381905048086,15,COMPLETE
759,759,-0.36468488393991266,0.13312771710548352,2024-05-16 07:57:07.650131,2024-05-16 07:57:09.580441,0 days 00:00:01.930310,34,0.28602496721654325,15,COMPLETE
760,760,-0.736561539719343,0.15216786332994467,2024-05-16 07:57:09.582400,2024-05-16 07:57:12.949690,0 days 00:00:03.367290,11,0.7760869980298499,15,COMPLETE
761,761,-0.5668315180846955,0.14911936560122693,2024-05-16 07:57:12.953542,2024-05-16 07:57:15.241826,0 days 00:00:02.288284,89,0.26080000935150294,15,COMPLETE
762,762,-1.1365174404367917,0.1632750649542849,2024-05-16 07:57:15.244592,2024-05-16 07:57:17.124485,0 days 00:00:01.879893,20,0.9760875830111321,15,COMPLETE
763,763,-0.36251303088755016,0.13443059623256148,2024-05-16 07:57:17.126479,2024-05-16 07:57:19.985355,0 days 00:00:02.858876,82,0.3273159650247617,15,COMPLETE
764,764,-0.7001158905321881,0.156556322759521,2024-05-16 07:57:19.987532,2024-05-16 07:57:23.223529,0 days 00:00:03.235997,96,0.9950499976135305,15,COMPLETE
765,765,-0.025390845705828856,0.10745037512763818,2024-05-16 07:57:23.225419,2024-05-16 07:57:25.595728,0 days 00:00:02.370309,51,0.9001586576459149,15,COMPLETE
766,766,0.35052948377930465,0.0926318827012856,2024-05-16 07:57:25.600862,2024-05-16 07:57:28.337048,0 days 00:00:02.736186,38,0.8182293205728064,15,COMPLETE
767,767,-0.5211229658738196,0.145067747335667,2024-05-16 07:57:28.343141,2024-05-16 07:57:29.984175,0 days 00:00:01.641034,87,0.09694821758994177,15,COMPLETE
768,768,-0.006841996916068993,0.11750884947129148,2024-05-16 07:57:29.985855,2024-05-16 07:57:33.175425,0 days 00:00:03.189570,69,0.9001586576459149,15,COMPLETE
769,769,-0.5843217102028753,0.1295635701204775,2024-05-16 07:57:33.178427,2024-05-16 07:57:35.913515,0 days 00:00:02.735088,45,0.7760869980298499,15,COMPLETE
770,770,0.03049906998813321,0.11720739705854957,2024-05-16 07:57:35.916500,2024-05-16 07:57:38.565149,0 days 00:00:02.648649,61,0.5539015207589976,15,COMPLETE
771,771,0.08433990738392036,0.1117860531263866,2024-05-16 07:57:38.567014,2024-05-16 07:57:41.684387,0 days 00:00:03.117373,56,0.6671029982199992,15,COMPLETE
772,772,-0.8052703279454969,0.16194221009249687,2024-05-16 07:57:41.686384,2024-05-16 07:57:42.667573,0 days 00:00:00.981189,40,0.1486804652333369,15,COMPLETE
773,773,0.3922094561835536,0.08951384309818729,2024-05-16 07:57:42.669607,2024-05-16 07:57:46.545627,0 days 00:00:03.876020,78,0.9974599806514882,15,COMPLETE
774,774,-0.4934329555972966,0.14416087693830698,2024-05-16 07:57:46.546724,2024-05-16 07:57:50.809164,0 days 00:00:04.262440,68,0.9001586576459149,15,COMPLETE
775,775,-0.4165583018058279,0.13441236899833728,2024-05-16 07:57:50.813280,2024-05-16 07:57:52.096711,0 days 00:00:01.283431,56,0.4700296568171083,15,COMPLETE
776,776,0.09677882621356881,0.11174264149870679,2024-05-16 07:57:52.104357,2024-05-16 07:57:54.886648,0 days 00:00:02.782291,60,0.46643115169708327,15,COMPLETE
777,777,0.3019307024727834,0.09825338341822283,2024-05-16 07:57:54.889893,2024-05-16 07:57:58.672929,0 days 00:00:03.783036,45,0.7331383564770503,15,COMPLETE
778,778,-0.5912831082547036,0.14750584778744494,2024-05-16 07:57:58.674484,2024-05-16 07:58:01.205884,0 days 00:00:02.531400,53,0.7456381905048086,15,COMPLETE
779,779,-1.434495736364626,0.15652564124837584,2024-05-16 07:58:01.213211,2024-05-16 07:58:04.125794,0 days 00:00:02.912583,27,0.7760869980298499,15,COMPLETE
780,780,-49.866032618424256,0.6743870008886083,2024-05-16 07:58:04.127790,2024-05-16 07:58:06.443384,0 days 00:00:02.315594,7,0.9250668686470647,15,COMPLETE
781,781,-0.9097671907909513,0.1499598528454224,2024-05-16 07:58:06.445074,2024-05-16 07:58:08.806616,0 days 00:00:02.361542,38,0.7760869980298499,15,COMPLETE
782,782,-0.9821224132801453,0.16959596024589763,2024-05-16 07:58:08.808670,2024-05-16 07:58:10.499688,0 days 00:00:01.691018,87,0.2589030321287291,15,COMPLETE
783,783,-1.048827171012655,0.15052793429551778,2024-05-16 07:58:10.503138,2024-05-16 07:58:13.013236,0 days 00:00:02.510098,45,0.7531361241908328,15,COMPLETE
784,784,-0.7483643472645595,0.14113001553968235,2024-05-16 07:58:13.015231,2024-05-16 07:58:17.506400,0 days 00:00:04.491169,61,0.8834056863691265,15,COMPLETE
785,785,-1.415102516289047,0.18098474058263386,2024-05-16 07:58:17.509828,2024-05-16 07:58:19.145828,0 days 00:00:01.636000,100,0.4235866512285241,15,COMPLETE
786,786,-0.064675952892095,0.11724866723819227,2024-05-16 07:58:19.150271,2024-05-16 07:58:22.827536,0 days 00:00:03.677265,73,0.9950499976135305,15,COMPLETE
787,787,-0.20970595986073742,0.12390760728472354,2024-05-16 07:58:22.833242,2024-05-16 07:58:25.613303,0 days 00:00:02.780061,60,0.970616646575527,15,COMPLETE
788,788,0.33541342660515683,0.09506990393557216,2024-05-16 07:58:25.615074,2024-05-16 07:58:27.894606,0 days 00:00:02.279532,61,0.8675878120475414,15,COMPLETE
789,789,-38.20072417561857,0.4544286478700103,2024-05-16 07:58:27.896859,2024-05-16 07:58:30.563120,0 days 00:00:02.666261,6,0.7760869980298499,15,COMPLETE
790,790,-0.630567016667687,0.15674328817828903,2024-05-16 07:58:30.565591,2024-05-16 07:58:31.536124,0 days 00:00:00.970533,22,0.16886558173076427,15,COMPLETE
791,791,-0.35684366764805997,0.1326430469220655,2024-05-16 07:58:31.540008,2024-05-16 07:58:33.496693,0 days 00:00:01.956685,54,0.9001586576459149,15,COMPLETE
792,792,0.1657706540417458,0.10593496798418298,2024-05-16 07:58:33.499691,2024-05-16 07:58:37.246763,0 days 00:00:03.747072,77,0.8675878120475414,15,COMPLETE
793,793,-0.23443118037916916,0.12909507069054887,2024-05-16 07:58:37.250759,2024-05-16 07:58:39.553356,0 days 00:00:02.302597,68,0.49422952475416015,15,COMPLETE
794,794,0.1541802703538469,0.10798367261857138,2024-05-16 07:58:39.554801,2024-05-16 07:58:42.037311,0 days 00:00:02.482510,93,0.7522448046864667,15,COMPLETE
795,795,0.3742093658142758,0.0914089009518023,2024-05-16 07:58:42.039404,2024-05-16 07:58:46.594352,0 days 00:00:04.554948,83,0.8011517804169567,15,COMPLETE
796,796,-0.41682352669703704,0.13582071545075977,2024-05-16 07:58:46.596348,2024-05-16 07:58:51.049187,0 days 00:00:04.452839,39,0.36184635001520127,15,COMPLETE
797,797,-0.43586888250778955,0.14002723566990088,2024-05-16 07:58:51.050275,2024-05-16 07:58:53.785669,0 days 00:00:02.735394,92,0.5380907663893398,15,COMPLETE
798,798,0.0484261914451664,0.10673013858342359,2024-05-16 07:58:53.790596,2024-05-16 07:58:55.802010,0 days 00:00:02.011414,45,0.3524864944074517,15,COMPLETE
799,799,0.338779733697361,0.09554747498960657,2024-05-16 07:58:55.804005,2024-05-16 07:58:59.195761,0 days 00:00:03.391756,61,0.7456381905048086,15,COMPLETE
800,800,0.30532606239976945,0.094061093231399,2024-05-16 07:58:59.197327,2024-05-16 07:59:02.496428,0 days 00:00:03.299101,78,0.9950499976135305,16,COMPLETE
801,801,-4.372762594209535,0.25269718658368295,2024-05-16 07:59:02.500473,2024-05-16 07:59:04.826271,0 days 00:00:02.325798,6,0.9001586576459149,16,COMPLETE
802,802,-1.0866154211114325,0.17376286451690168,2024-05-16 07:59:04.833216,2024-05-16 07:59:06.322956,0 days 00:00:01.489740,61,0.18728214768124196,16,COMPLETE
803,803,-1.7643864864574674,0.16437796939523755,2024-05-16 07:59:06.324462,2024-05-16 07:59:09.377168,0 days 00:00:03.052706,43,0.029562241404758938,16,COMPLETE
804,804,-0.34277133397412707,0.1335933835020488,2024-05-16 07:59:09.379220,2024-05-16 07:59:11.479358,0 days 00:00:02.100138,62,0.7857521673220229,16,COMPLETE
805,805,-2.1002459892194314,0.18546907797914106,2024-05-16 07:59:11.482453,2024-05-16 07:59:13.280386,0 days 00:00:01.797933,45,0.5508765496488947,16,COMPLETE
806,806,-0.6897136032407719,0.14527882230824887,2024-05-16 07:59:13.284649,2024-05-16 07:59:13.966401,0 days 00:00:00.681752,27,0.12096981576596888,16,COMPLETE
807,807,-0.858211262800468,0.15800313450507536,2024-05-16 07:59:13.967522,2024-05-16 07:59:16.287182,0 days 00:00:02.319660,11,0.8739018499633903,16,COMPLETE
808,808,-0.25814249161218017,0.13205989707789773,2024-05-16 07:59:16.290689,2024-05-16 07:59:18.046573,0 days 00:00:01.755884,45,0.8834056863691265,16,COMPLETE
809,809,-0.501221827597979,0.12836329013242326,2024-05-16 07:59:18.049000,2024-05-16 07:59:21.803338,0 days 00:00:03.754338,36,0.44496514568726886,16,COMPLETE
810,810,0.30359264668093966,0.09348686859050029,2024-05-16 07:59:21.805241,2024-05-16 07:59:25.483357,0 days 00:00:03.678116,38,0.8834056863691265,16,COMPLETE
811,811,0.1545716634205448,0.10760158524233121,2024-05-16 07:59:25.485345,2024-05-16 07:59:28.288106,0 days 00:00:02.802761,15,0.9001586576459149,16,COMPLETE
812,812,-2.0807317518485013,0.1937617639765749,2024-05-16 07:59:28.290101,2024-05-16 07:59:31.712093,0 days 00:00:03.421992,74,0.04524313717516437,16,COMPLETE
813,813,-1.1941849594482654,0.1732512900878115,2024-05-16 07:59:31.714388,2024-05-16 07:59:33.265035,0 days 00:00:01.550647,46,0.8675878120475414,16,COMPLETE
814,814,-0.8617021811356306,0.15532414710139272,2024-05-16 07:59:33.266153,2024-05-16 07:59:36.146742,0 days 00:00:02.880589,38,0.9950499976135305,16,COMPLETE
815,815,-0.4942467725125354,0.14143037470865005,2024-05-16 07:59:36.154389,2024-05-16 07:59:39.623173,0 days 00:00:03.468784,61,0.4311754586235176,16,COMPLETE
816,816,-0.12561199985038723,0.12408044793844168,2024-05-16 07:59:39.625901,2024-05-16 07:59:42.077156,0 days 00:00:02.451255,61,0.9950499976135305,16,COMPLETE
817,817,-1.2984180401219874,0.1749853828035944,2024-05-16 07:59:42.083132,2024-05-16 07:59:44.404688,0 days 00:00:02.321556,29,0.9001586576459149,16,COMPLETE
818,818,-0.7624191261677192,0.1531021767312908,2024-05-16 07:59:44.408337,2024-05-16 07:59:46.565503,0 days 00:00:02.157166,12,0.7067124572313296,16,COMPLETE
819,819,0.2057171511994534,0.10773349628862598,2024-05-16 07:59:46.567786,2024-05-16 07:59:50.377360,0 days 00:00:03.809574,59,0.9834263216411853,16,COMPLETE
