,number,values_0,values_1,datetime_start,datetime_complete,duration,params_dim,params_smoothing_level,system_attrs_nsga2:generation,state
411,411,-0.1567836703150069,0.12695531651638706,2024-05-16 07:39:54.848104,2024-05-16 07:39:57.068648,0 days 00:00:02.220544,88,0.5867529239230763,8,COMPLETE
412,412,0.14869922986117323,0.10566194282647448,2024-05-16 07:39:57.070572,2024-05-16 07:40:00.152754,0 days 00:00:03.082182,56,0.841806687519279,8,COMPLETE
413,413,0.0911452253709664,0.11186453407404376,2024-05-16 07:40:00.154974,2024-05-16 07:40:03.380274,0 days 00:00:03.225300,31,0.8675878120475414,8,COMPLETE
414,414,-3.4343139559721827,0.18048355780698871,2024-05-16 07:40:03.382205,2024-05-16 07:40:06.065593,0 days 00:00:02.683388,43,0.5329581585169834,8,COMPLETE
415,415,-0.29910844179690776,0.13079938859998014,2024-05-16 07:40:06.067686,2024-05-16 07:40:08.174913,0 days 00:00:02.107227,20,0.9001586576459149,8,COMPLETE
416,416,-11.815176165467253,0.3566915870102699,2024-05-16 07:40:08.176358,2024-05-16 07:40:10.865311,0 days 00:00:02.688953,8,0.9370966975081093,8,COMPLETE
417,417,0.1971099141938884,0.10134260687263599,2024-05-16 07:40:10.867618,2024-05-16 07:40:14.133501,0 days 00:00:03.265883,62,0.7818126433629602,8,COMPLETE
418,418,0.44984191973265625,0.08234324128192091,2024-05-16 07:40:14.135601,2024-05-16 07:40:18.800769,0 days 00:00:04.665168,35,0.7350785708412749,8,COMPLETE
419,419,-0.561034572378962,0.14477566454068802,2024-05-16 07:40:18.802763,2024-05-16 07:40:21.025298,0 days 00:00:02.222535,12,0.7872925185947733,8,COMPLETE
420,420,-1.9548292773558977,0.20091764225074157,2024-05-16 07:40:21.031274,2024-05-16 07:40:21.723935,0 days 00:00:00.692661,26,0.11867336227470116,8,COMPLETE
421,421,-1.230754995218447,0.16898746587941654,2024-05-16 07:40:21.726426,2024-05-16 07:40:23.137180,0 days 00:00:01.410754,24,0.1762252658241149,8,COMPLETE
422,422,-1.950313780529943,0.19819104021132583,2024-05-16 07:40:23.138793,2024-05-16 07:40:24.412474,0 days 00:00:01.273681,25,0.875000364447955,8,COMPLETE
423,423,-0.5240926820546928,0.14577286089567326,2024-05-16 07:40:24.414626,2024-05-16 07:40:27.182493,0 days 00:00:02.767867,88,0.14549437248847918,8,COMPLETE
424,424,-0.085011201102782,0.12236132933510939,2024-05-16 07:40:27.184490,2024-05-16 07:40:29.834642,0 days 00:00:02.650152,94,0.7760869980298499,8,COMPLETE
425,425,0.33660099749826755,0.09248651847583003,2024-05-16 07:40:29.836636,2024-05-16 07:40:31.574931,0 days 00:00:01.738295,95,0.7760869980298499,8,COMPLETE
426,426,0.38590996800785843,0.0908753154360999,2024-05-16 07:40:31.579058,2024-05-16 07:40:35.366685,0 days 00:00:03.787627,92,0.9301965291092027,8,COMPLETE
427,427,-0.25982247082098503,0.1266650583534486,2024-05-16 07:40:35.368680,2024-05-16 07:40:39.254896,0 days 00:00:03.886216,35,0.7818126433629602,8,COMPLETE
428,428,-0.35444068128332484,0.13224635555553746,2024-05-16 07:40:39.261356,2024-05-16 07:40:41.804640,0 days 00:00:02.543284,85,0.655901047498187,8,COMPLETE
429,429,0.2752821100716586,0.09378037776777165,2024-05-16 07:40:41.807026,2024-05-16 07:40:45.628229,0 days 00:00:03.821203,43,0.970616646575527,8,COMPLETE
430,430,-0.10749577215327082,0.12037517580453601,2024-05-16 07:40:45.629367,2024-05-16 07:40:47.962665,0 days 00:00:02.333298,54,0.29109042307234456,8,COMPLETE
431,431,-0.3011140501780127,0.1347577838936515,2024-05-16 07:40:47.965125,2024-05-16 07:40:50.547758,0 days 00:00:02.582633,87,0.970616646575527,8,COMPLETE
432,432,-0.6566844898577662,0.14540028903481442,2024-05-16 07:40:50.549487,2024-05-16 07:40:55.262374,0 days 00:00:04.712887,61,0.9001586576459149,8,COMPLETE
433,433,0.20947878150557947,0.10576026155129817,2024-05-16 07:40:55.263391,2024-05-16 07:40:58.946537,0 days 00:00:03.683146,58,0.7522448046864667,8,COMPLETE
434,434,-0.1952169227479921,0.1366527745343484,2024-05-16 07:40:58.947722,2024-05-16 07:41:02.989797,0 days 00:00:04.042075,60,0.9250668686470647,8,COMPLETE
435,435,-23.12196458685125,0.533062788603646,2024-05-16 07:41:02.993574,2024-05-16 07:41:05.683770,0 days 00:00:02.690196,7,0.7566320591560077,8,COMPLETE
436,436,-1.2703878017574328,0.18429344936413458,2024-05-16 07:41:05.685885,2024-05-16 07:41:08.295986,0 days 00:00:02.610101,60,0.012650451689488529,8,COMPLETE
437,437,-1.1444003799194111,0.16143279494646195,2024-05-16 07:41:08.297983,2024-05-16 07:41:09.004718,0 days 00:00:00.706735,44,0.6910350479330608,8,COMPLETE
438,438,-0.43977556232976756,0.1409972976467359,2024-05-16 07:41:09.006138,2024-05-16 07:41:12.404318,0 days 00:00:03.398180,47,0.4697830094223998,8,COMPLETE
439,439,-0.11444864437023661,0.11134160538941118,2024-05-16 07:41:12.406479,2024-05-16 07:41:14.412452,0 days 00:00:02.005973,45,0.7350785708412749,8,COMPLETE
440,440,-0.49408222133176505,0.134534874971662,2024-05-16 07:41:14.415734,2024-05-16 07:41:17.984968,0 days 00:00:03.569234,27,0.6515430543388833,8,COMPLETE
441,441,-1.1491270093881802,0.17289678437603423,2024-05-16 07:41:17.988548,2024-05-16 07:41:19.935622,0 days 00:00:01.947074,75,0.15085349568834538,8,COMPLETE
442,442,0.07020136148211129,0.11095402834048507,2024-05-16 07:41:19.940746,2024-05-16 07:41:23.508649,0 days 00:00:03.567903,90,0.6910350479330608,8,COMPLETE
443,443,0.22020779034161997,0.0986008673105772,2024-05-16 07:41:23.509646,2024-05-16 07:41:26.165006,0 days 00:00:02.655360,50,0.9001586576459149,8,COMPLETE
444,444,0.21312844504570533,0.10069015081788815,2024-05-16 07:41:26.171927,2024-05-16 07:41:30.028490,0 days 00:00:03.856563,45,0.6760328307904307,8,COMPLETE
445,445,-4.961211282943926,0.2461261834459505,2024-05-16 07:41:30.030505,2024-05-16 07:41:32.373196,0 days 00:00:02.342691,5,0.9639382924056547,8,COMPLETE
446,446,0.3482695189008217,0.09565762873830552,2024-05-16 07:41:32.375190,2024-05-16 07:41:35.924885,0 days 00:00:03.549695,56,0.9001586576459149,8,COMPLETE
447,447,-0.10510171693779051,0.12487930088503782,2024-05-16 07:41:35.933693,2024-05-16 07:41:38.152708,0 days 00:00:02.219015,61,0.7456381905048086,8,COMPLETE
448,448,-0.06275971057566218,0.12013798701875673,2024-05-16 07:41:38.154791,2024-05-16 07:41:40.623818,0 days 00:00:02.469027,61,0.826194506615961,8,COMPLETE
449,449,0.009089537772227142,0.10660340644719657,2024-05-16 07:41:40.625090,2024-05-16 07:41:44.457149,0 days 00:00:03.832059,97,0.9107095660421074,8,COMPLETE
450,450,0.2890428108509028,0.09886303565502846,2024-05-16 07:41:44.461225,2024-05-16 07:41:47.026019,0 days 00:00:02.564794,56,0.6671029982199992,9,COMPLETE
451,451,0.07711177820294242,0.11327890971983161,2024-05-16 07:41:47.028089,2024-05-16 07:41:51.099212,0 days 00:00:04.071123,83,0.7350785708412749,9,COMPLETE
452,452,0.05642159215025435,0.11085373622734909,2024-05-16 07:41:51.100817,2024-05-16 07:41:53.250243,0 days 00:00:02.149426,11,0.6455207794547579,9,COMPLETE
453,453,-1.1119763210842795,0.152823882548615,2024-05-16 07:41:53.252440,2024-05-16 07:41:56.320048,0 days 00:00:03.067608,17,0.9250668686470647,9,COMPLETE
454,454,-1.2424788769594866,0.17964636303835757,2024-05-16 07:41:56.321045,2024-05-16 07:41:58.485160,0 days 00:00:02.164115,75,0.04131856248122279,9,COMPLETE
455,455,0.20841545539352563,0.10528142944310044,2024-05-16 07:41:58.489471,2024-05-16 07:42:01.811137,0 days 00:00:03.321666,100,0.9758935466295702,9,COMPLETE
456,456,-0.3733597520705805,0.13373370934934997,2024-05-16 07:42:01.813552,2024-05-16 07:42:04.564547,0 days 00:00:02.750995,92,0.623478751586934,9,COMPLETE
457,457,-4.418197944374132,0.24246974676999114,2024-05-16 07:42:04.570636,2024-05-16 07:42:06.597361,0 days 00:00:02.026725,6,0.9250668686470647,9,COMPLETE
458,458,0.11433175433992197,0.10562046015308527,2024-05-16 07:42:06.602508,2024-05-16 07:42:08.441503,0 days 00:00:01.838995,61,0.9001586576459149,9,COMPLETE
459,459,0.1672001876915936,0.10907402115361894,2024-05-16 07:42:08.443497,2024-05-16 07:42:11.852515,0 days 00:00:03.409018,56,0.623478751586934,9,COMPLETE
460,460,0.382141144678132,0.09018853463327761,2024-05-16 07:42:11.855114,2024-05-16 07:42:14.290926,0 days 00:00:02.435812,61,0.9950499976135305,9,COMPLETE
461,461,-0.2552622838014142,0.12598840468470135,2024-05-16 07:42:14.292782,2024-05-16 07:42:15.924775,0 days 00:00:01.631993,98,0.6370545053581528,9,COMPLETE
462,462,-0.17081043165663207,0.1185995619340324,2024-05-16 07:42:15.931444,2024-05-16 07:42:20.193953,0 days 00:00:04.262509,26,0.11675004216587326,9,COMPLETE
463,463,0.25493490106773076,0.1007031689123776,2024-05-16 07:42:20.196350,2024-05-16 07:42:23.725546,0 days 00:00:03.529196,61,0.9639382924056547,9,COMPLETE
464,464,-0.26904966905311417,0.12235423018622996,2024-05-16 07:42:23.727100,2024-05-16 07:42:25.243529,0 days 00:00:01.516429,59,0.7566320591560077,9,COMPLETE
465,465,-0.04143528181796339,0.1174383828955186,2024-05-16 07:42:25.244852,2024-05-16 07:42:27.451918,0 days 00:00:02.207066,59,0.15513713839551013,9,COMPLETE
466,466,-1.2248026103171912,0.17642368066419753,2024-05-16 07:42:27.454441,2024-05-16 07:42:30.005766,0 days 00:00:02.551325,56,0.18901864409073088,9,COMPLETE
467,467,-0.3189663092463314,0.1337991888205264,2024-05-16 07:42:30.011566,2024-05-16 07:42:33.332762,0 days 00:00:03.321196,47,0.7456381905048086,9,COMPLETE
468,468,-0.12467570599685114,0.1100582526729261,2024-05-16 07:42:33.333896,2024-05-16 07:42:36.046985,0 days 00:00:02.713089,43,0.9001586576459149,9,COMPLETE
469,469,0.17242569378771871,0.10041960913190642,2024-05-16 07:42:36.049184,2024-05-16 07:42:39.533424,0 days 00:00:03.484240,87,0.7760869980298499,9,COMPLETE
470,470,-0.545938934526618,0.13661351817720171,2024-05-16 07:42:39.535562,2024-05-16 07:42:41.989258,0 days 00:00:02.453696,62,0.3352470392342187,9,COMPLETE
471,471,0.01666552565574233,0.11727021133727474,2024-05-16 07:42:41.993458,2024-05-16 07:42:43.894315,0 days 00:00:01.900857,68,0.46333331333396766,9,COMPLETE
472,472,-0.39702985261978674,0.13146977706681146,2024-05-16 07:42:43.899416,2024-05-16 07:42:48.312837,0 days 00:00:04.413421,61,0.08207234608784231,9,COMPLETE
473,473,-0.34682561150150165,0.1392059467527758,2024-05-16 07:42:48.314833,2024-05-16 07:42:49.524840,0 days 00:00:01.210007,19,0.495206370678247,9,COMPLETE
474,474,-0.5875575150930774,0.1368013713140465,2024-05-16 07:42:49.526333,2024-05-16 07:42:53.221671,0 days 00:00:03.695338,53,0.7522448046864667,9,COMPLETE
475,475,0.04192756809771001,0.11050618809255379,2024-05-16 07:42:53.223664,2024-05-16 07:42:56.256879,0 days 00:00:03.033215,61,0.9250668686470647,9,COMPLETE
476,476,-1.1269389310528566,0.1667715347980916,2024-05-16 07:42:56.258874,2024-05-16 07:42:57.713924,0 days 00:00:01.455050,45,0.2577698421864084,9,COMPLETE
477,477,0.2631324053717487,0.09755223766278891,2024-05-16 07:42:57.715087,2024-05-16 07:43:01.068180,0 days 00:00:03.353093,53,0.5745325528226903,9,COMPLETE
478,478,0.18317086819917505,0.09695549990636809,2024-05-16 07:43:01.069177,2024-05-16 07:43:04.686409,0 days 00:00:03.617232,48,0.6671029982199992,9,COMPLETE
479,479,0.022103462156015198,0.10995205032923558,2024-05-16 07:43:04.688826,2024-05-16 07:43:09.374833,0 days 00:00:04.686007,61,0.26055153586561475,9,COMPLETE
480,480,0.2020076054999868,0.10441593096837484,2024-05-16 07:43:09.377015,2024-05-16 07:43:12.779916,0 days 00:00:03.402901,92,0.6355231696266668,9,COMPLETE
481,481,0.30243570384461005,0.09619213253913178,2024-05-16 07:43:12.781910,2024-05-16 07:43:15.528755,0 days 00:00:02.746845,77,0.7350785708412749,9,COMPLETE
482,482,0.030994771511318485,0.11457570877422489,2024-05-16 07:43:15.531094,2024-05-16 07:43:20.044626,0 days 00:00:04.513532,53,0.9250668686470647,9,COMPLETE
483,483,-0.3372339155341276,0.1324151628705799,2024-05-16 07:43:20.053766,2024-05-16 07:43:22.845030,0 days 00:00:02.791264,61,0.8870066551570652,9,COMPLETE
484,484,-0.4115195704170184,0.13618547727926228,2024-05-16 07:43:22.851537,2024-05-16 07:43:25.576158,0 days 00:00:02.724621,47,0.9515177747897634,9,COMPLETE
485,485,-0.3144334288211,0.13773445966297576,2024-05-16 07:43:25.583046,2024-05-16 07:43:29.008099,0 days 00:00:03.425053,56,0.7760869980298499,9,COMPLETE
486,486,-0.06672770206905254,0.11509395260034594,2024-05-16 07:43:29.009961,2024-05-16 07:43:31.824809,0 days 00:00:02.814848,45,0.6443744872514889,9,COMPLETE
487,487,-0.024756684548415397,0.12078479657427396,2024-05-16 07:43:31.827686,2024-05-16 07:43:35.245708,0 days 00:00:03.418022,92,0.7835545831164293,9,COMPLETE
488,488,-1.2706882215542703,0.1489202930125058,2024-05-16 07:43:35.250867,2024-05-16 07:43:39.036910,0 days 00:00:03.786043,45,0.2153588436718965,9,COMPLETE
489,489,-0.9210384216038395,0.15180074349228495,2024-05-16 07:43:39.039319,2024-05-16 07:43:40.663674,0 days 00:00:01.624355,77,0.7350785708412749,9,COMPLETE
490,490,0.5286347289148823,0.07809954579700115,2024-05-16 07:43:40.665034,2024-05-16 07:43:45.524789,0 days 00:00:04.859755,45,0.9001586576459149,9,COMPLETE
491,491,-0.36077878746748737,0.13675806342789987,2024-05-16 07:43:45.526893,2024-05-16 07:43:48.613931,0 days 00:00:03.087038,61,0.047200095743151316,9,COMPLETE
492,492,0.16764087605493067,0.10830017816242646,2024-05-16 07:43:48.615887,2024-05-16 07:43:52.222645,0 days 00:00:03.606758,91,0.7350785708412749,9,COMPLETE
493,493,-0.42404497812765973,0.1385831392861459,2024-05-16 07:43:52.225079,2024-05-16 07:43:54.146651,0 days 00:00:01.921572,74,0.10489332294488107,9,COMPLETE
494,494,-0.205571535006849,0.12802160766271148,2024-05-16 07:43:54.149106,2024-05-16 07:43:56.084846,0 days 00:00:01.935740,74,0.28925476786219206,9,COMPLETE
495,495,0.008267245606987017,0.11674105627157239,2024-05-16 07:43:56.092009,2024-05-16 07:43:59.134861,0 days 00:00:03.042852,78,0.7159281173396178,9,COMPLETE
496,496,-1.104175963628813,0.16743600521875662,2024-05-16 07:43:59.142483,2024-05-16 07:44:00.844914,0 days 00:00:01.702431,21,0.7350785708412749,9,COMPLETE
497,497,-0.4203570598610174,0.12894610242852916,2024-05-16 07:44:00.852643,2024-05-16 07:44:02.736334,0 days 00:00:01.883691,43,0.6750497256664211,9,COMPLETE
498,498,-0.24111836971546938,0.1269210693782523,2024-05-16 07:44:02.738363,2024-05-16 07:44:04.758661,0 days 00:00:02.020298,18,0.6760328307904307,9,COMPLETE
499,499,-0.35515101554024475,0.1284799761226117,2024-05-16 07:44:04.761227,2024-05-16 07:44:05.264682,0 days 00:00:00.503455,8,0.018086975777988346,9,COMPLETE
500,500,0.33412924974013053,0.09543227956352204,2024-05-16 07:44:05.268909,2024-05-16 07:44:08.541263,0 days 00:00:03.272354,87,0.8675878120475414,10,COMPLETE
501,501,0.21466264558271347,0.10500946613625872,2024-05-16 07:44:08.542622,2024-05-16 07:44:11.105108,0 days 00:00:02.562486,61,0.9986174875249496,10,COMPLETE
502,502,-0.6333495064643445,0.1480347671851435,2024-05-16 07:44:11.107425,2024-05-16 07:44:15.011796,0 days 00:00:03.904371,45,0.8000720441417185,10,COMPLETE
503,503,0.1814826055566388,0.10513000212378634,2024-05-16 07:44:15.013407,2024-05-16 07:44:17.555556,0 days 00:00:02.542149,87,0.9001586576459149,10,COMPLETE
504,504,-0.46120549070456107,0.13434684251705215,2024-05-16 07:44:17.558806,2024-05-16 07:44:18.875310,0 days 00:00:01.316504,60,0.8577995352210567,10,COMPLETE
505,505,-0.28410732285378903,0.1322430262348338,2024-05-16 07:44:18.877306,2024-05-16 07:44:20.612721,0 days 00:00:01.735415,61,0.691452675109674,10,COMPLETE
506,506,-0.3383989681220731,0.13523638092468374,2024-05-16 07:44:20.615026,2024-05-16 07:44:23.609530,0 days 00:00:02.994504,18,0.18935345698664718,10,COMPLETE
507,507,0.21338397725881494,0.10487537530926841,2024-05-16 07:44:23.611227,2024-05-16 07:44:26.647902,0 days 00:00:03.036675,75,0.9250668686470647,10,COMPLETE
508,508,-0.4241446105586986,0.13374100557129195,2024-05-16 07:44:26.650506,2024-05-16 07:44:27.452348,0 days 00:00:00.801842,100,0.9971759965004042,10,COMPLETE
509,509,-0.8282009023976652,0.14711710947043474,2024-05-16 07:44:27.454563,2024-05-16 07:44:29.489073,0 days 00:00:02.034510,18,0.9640851765124411,10,COMPLETE
510,510,-4.191166840236498,0.24046858954486736,2024-05-16 07:44:29.491116,2024-05-16 07:44:33.083980,0 days 00:00:03.592864,7,0.302758873411907,10,COMPLETE
511,511,0.2573252602806928,0.10120825323838722,2024-05-16 07:44:33.086152,2024-05-16 07:44:36.910053,0 days 00:00:03.823901,56,0.7760869980298499,10,COMPLETE
512,512,0.31682673385190846,0.09695871345068108,2024-05-16 07:44:36.912786,2024-05-16 07:44:40.579503,0 days 00:00:03.666717,61,0.9950499976135305,10,COMPLETE
513,513,0.05055773761011682,0.11049026617387372,2024-05-16 07:44:40.581746,2024-05-16 07:44:43.210554,0 days 00:00:02.628808,79,0.64701354983807,10,COMPLETE
514,514,-1.0951044456779364,0.16762460931091913,2024-05-16 07:44:43.212550,2024-05-16 07:44:44.879695,0 days 00:00:01.667145,40,0.919199520711383,10,COMPLETE
515,515,0.3339563942051246,0.09528835545432554,2024-05-16 07:44:44.882807,2024-05-16 07:44:48.178405,0 days 00:00:03.295598,85,0.9001586576459149,10,COMPLETE
516,516,0.14449611116008093,0.1065355307328382,2024-05-16 07:44:48.179679,2024-05-16 07:44:52.001425,0 days 00:00:03.821746,60,0.7818126433629602,10,COMPLETE
517,517,-0.4379581906995142,0.13631742352784815,2024-05-16 07:44:52.002422,2024-05-16 07:44:54.273504,0 days 00:00:02.271082,78,0.7456381905048086,10,COMPLETE
518,518,0.054276512470278246,0.10385113117175533,2024-05-16 07:44:54.275852,2024-05-16 07:44:56.745486,0 days 00:00:02.469634,61,0.9001586576459149,10,COMPLETE
519,519,-1.0708095851362436,0.15495217111156664,2024-05-16 07:44:56.747138,2024-05-16 07:44:58.778023,0 days 00:00:02.030885,41,0.7537409785842957,10,COMPLETE
520,520,-0.3492868833217216,0.1335046843640571,2024-05-16 07:44:58.782033,2024-05-16 07:45:01.796994,0 days 00:00:03.014961,61,0.5015153883113046,10,COMPLETE
521,521,0.3520270995444396,0.09654993452466072,2024-05-16 07:45:01.799042,2024-05-16 07:45:05.443487,0 days 00:00:03.644445,68,0.8675878120475414,10,COMPLETE
522,522,-1.3542941305241343,0.16134978037365763,2024-05-16 07:45:05.444630,2024-05-16 07:45:08.146229,0 days 00:00:02.701599,56,0.8675878120475414,10,COMPLETE
523,523,-1.191434673721061,0.16591466520205164,2024-05-16 07:45:08.147777,2024-05-16 07:45:10.910674,0 days 00:00:02.762897,35,0.7350785708412749,10,COMPLETE
524,524,-1.4022839784033057,0.16992789633533223,2024-05-16 07:45:10.913483,2024-05-16 07:45:13.488686,0 days 00:00:02.575203,43,0.41447623500990693,10,COMPLETE
525,525,-0.7168735551778755,0.1513991531775099,2024-05-16 07:45:13.490845,2024-05-16 07:45:17.335418,0 days 00:00:03.844573,57,0.07382241272111312,10,COMPLETE
526,526,0.13554063957451193,0.1066709648686063,2024-05-16 07:45:17.342124,2024-05-16 07:45:20.283609,0 days 00:00:02.941485,45,0.8662201595817497,10,COMPLETE
527,527,0.3093224532445215,0.0961017261578358,2024-05-16 07:45:20.284944,2024-05-16 07:45:24.470328,0 days 00:00:04.185384,64,0.9950499976135305,10,COMPLETE
528,528,-0.5317845438345541,0.1341313809829615,2024-05-16 07:45:24.472561,2024-05-16 07:45:26.345964,0 days 00:00:01.873403,59,0.8834056863691265,10,COMPLETE
529,529,-0.027971358896011413,0.11410562420136665,2024-05-16 07:45:26.350173,2024-05-16 07:45:29.289035,0 days 00:00:02.938862,56,0.9691878548434596,10,COMPLETE
530,530,-0.45822511480398526,0.13821196643043948,2024-05-16 07:45:29.290526,2024-05-16 07:45:31.306087,0 days 00:00:02.015561,77,0.7350785708412749,10,COMPLETE
531,531,-0.48922911531106994,0.1396339236965384,2024-05-16 07:45:31.310249,2024-05-16 07:45:33.726404,0 days 00:00:02.416155,45,0.9001586576459149,10,COMPLETE
532,532,-0.10245957911035612,0.11946131990616116,2024-05-16 07:45:33.733701,2024-05-16 07:45:35.593515,0 days 00:00:01.859814,61,0.9001586576459149,10,COMPLETE
533,533,-0.3249983385095741,0.13601011813508712,2024-05-16 07:45:35.595509,2024-05-16 07:45:38.584867,0 days 00:00:02.989358,15,0.17414127032901128,10,COMPLETE
534,534,-0.657370905624398,0.1512588260103772,2024-05-16 07:45:38.588983,2024-05-16 07:45:41.681391,0 days 00:00:03.092408,36,0.5038372188025053,10,COMPLETE
535,535,-0.9073034017748547,0.1646982402818694,2024-05-16 07:45:41.683633,2024-05-16 07:45:43.768048,0 days 00:00:02.084415,61,0.6879866214740292,10,COMPLETE
536,536,0.14826974885976457,0.09562963065899087,2024-05-16 07:45:43.769080,2024-05-16 07:45:46.872633,0 days 00:00:03.103553,61,0.6910350479330608,10,COMPLETE
537,537,-0.45096523391205023,0.14477721084479062,2024-05-16 07:45:46.875010,2024-05-16 07:45:49.854982,0 days 00:00:02.979972,92,0.5108468921742065,10,COMPLETE
538,538,0.2355035846548192,0.10170792992761993,2024-05-16 07:45:49.856981,2024-05-16 07:45:52.446330,0 days 00:00:02.589349,61,0.9001586576459149,10,COMPLETE
539,539,-1.027732239747142,0.1717665618374255,2024-05-16 07:45:52.447502,2024-05-16 07:45:54.505706,0 days 00:00:02.058204,92,0.05080077399255101,10,COMPLETE
540,540,0.3718604137396331,0.09206476562246968,2024-05-16 07:45:54.507256,2024-05-16 07:45:56.433817,0 days 00:00:01.926561,61,0.9950499976135305,10,COMPLETE
541,541,-0.08415651962157886,0.11894464725651319,2024-05-16 07:45:56.435892,2024-05-16 07:45:58.312647,0 days 00:00:01.876755,45,0.3693153100887312,10,COMPLETE
542,542,-0.03190495941939449,0.11669440621496865,2024-05-16 07:45:58.314954,2024-05-16 07:46:00.840794,0 days 00:00:02.525840,87,0.4732315720852831,10,COMPLETE
543,543,-0.1550964223069876,0.12875096281930365,2024-05-16 07:46:00.842889,2024-05-16 07:46:04.965009,0 days 00:00:04.122120,71,0.06810714906810156,10,COMPLETE
544,544,-0.6922537489787963,0.13713528970319794,2024-05-16 07:46:04.966971,2024-05-16 07:46:08.794669,0 days 00:00:03.827698,27,0.9950499976135305,10,COMPLETE
545,545,-0.29897623631405923,0.12708619036362415,2024-05-16 07:46:08.796011,2024-05-16 07:46:11.082836,0 days 00:00:02.286825,34,0.6632391916304808,10,COMPLETE
546,546,-0.2034102078040722,0.13050740229970928,2024-05-16 07:46:11.084387,2024-05-16 07:46:13.662659,0 days 00:00:02.578272,100,0.6985570109848855,10,COMPLETE
547,547,0.2208233647161706,0.10062906588266099,2024-05-16 07:46:13.664055,2024-05-16 07:46:17.356647,0 days 00:00:03.692592,87,0.970616646575527,10,COMPLETE
