,number,values_0,values_1,datetime_start,datetime_complete,duration,params_dim,params_smoothing_level,system_attrs_nsga2:generation,state
0,0,-0.564790957384149,0.14616601287001824,2024-05-16 07:21:23.099827,2024-05-16 07:21:25.829454,0 days 00:00:02.729627,45,0.17729033005798212,0,COMPLETE
1,1,-5.067728751254428,0.2620399542784886,2024-05-16 07:21:25.830965,2024-05-16 07:21:26.693770,0 days 00:00:00.862805,26,0.12090870443198509,0,COMPLETE
2,2,-1.4951410873391802,0.1790290582952312,2024-05-16 07:21:26.696697,2024-05-16 07:21:28.599679,0 days 00:00:01.902982,67,0.3094563354881841,0,COMPLETE
3,3,-1.679451783501109,0.18442618246871004,2024-05-16 07:21:28.600768,2024-05-16 07:21:30.523506,0 days 00:00:01.922738,69,0.18471547589745274,0,COMPLETE
4,4,-1.5764297208781222,0.1690234104909843,2024-05-16 07:21:30.530239,2024-05-16 07:21:32.142741,0 days 00:00:01.612502,35,0.26552277126970303,0,COMPLETE
5,5,-1.9563676598052844,0.2087055348447317,2024-05-16 07:21:32.144963,2024-05-16 07:21:33.737631,0 days 00:00:01.592668,27,0.3301205948159256,0,COMPLETE
6,6,-0.03297088730966109,0.10671115306265729,2024-05-16 07:21:33.739755,2024-05-16 07:21:36.371915,0 days 00:00:02.632160,35,0.5509864773795611,0,COMPLETE
7,7,-0.40351501665124345,0.13874130148881683,2024-05-16 07:21:36.377412,2024-05-16 07:21:38.554179,0 days 00:00:02.176767,13,0.9639382924056547,0,COMPLETE
8,8,-0.3360220895371612,0.13146025092833163,2024-05-16 07:21:38.564505,2024-05-16 07:21:40.836500,0 days 00:00:02.271995,61,0.2604085114239536,0,COMPLETE
9,9,-1.1196431136153877,0.17662165709756275,2024-05-16 07:21:40.838462,2024-05-16 07:21:41.465672,0 days 00:00:00.627210,35,0.11022657972712635,0,COMPLETE
10,10,-2.358253740391686,0.17303385140609925,2024-05-16 07:21:41.466727,2024-05-16 07:21:44.603649,0 days 00:00:03.136922,50,0.47001181556365146,0,COMPLETE
11,11,-0.2607795527490084,0.12622742680517385,2024-05-16 07:21:44.605048,2024-05-16 07:21:46.522320,0 days 00:00:01.917272,43,0.5388669456767294,0,COMPLETE
12,12,-0.052035610634463624,0.11725782171352146,2024-05-16 07:21:46.526179,2024-05-16 07:21:48.808709,0 days 00:00:02.282530,16,0.790701748676197,0,COMPLETE
13,13,0.11895689587156646,0.1099037375270101,2024-05-16 07:21:48.812524,2024-05-16 07:21:51.629716,0 days 00:00:02.817192,71,0.6695414789550771,0,COMPLETE
14,14,-2.003280452949099,0.19721633780801426,2024-05-16 07:21:51.631710,2024-05-16 07:21:52.976591,0 days 00:00:01.344881,39,0.043663764109656555,0,COMPLETE
15,15,-0.6110141437265758,0.13438203104372012,2024-05-16 07:21:52.978663,2024-05-16 07:21:55.529983,0 days 00:00:02.551320,65,0.49864556237875957,0,COMPLETE
16,16,0.20299097343455555,0.1032956504270192,2024-05-16 07:21:55.536656,2024-05-16 07:21:58.544343,0 days 00:00:03.007687,97,0.8286852243817374,0,COMPLETE
17,17,-0.9167221245860556,0.16046684792115906,2024-05-16 07:21:58.545613,2024-05-16 07:22:01.345082,0 days 00:00:02.799469,100,0.2340451717865354,0,COMPLETE
18,18,-1.2895399974310098,0.18305163593253398,2024-05-16 07:22:01.348987,2024-05-16 07:22:02.051233,0 days 00:00:00.702246,34,0.15895698771546074,0,COMPLETE
19,19,-0.3954240611910008,0.1378142698348443,2024-05-16 07:22:02.052231,2024-05-16 07:22:04.441175,0 days 00:00:02.388944,45,0.36481452400409264,0,COMPLETE
20,20,-1.716400812557086,0.19188667584906788,2024-05-16 07:22:04.447887,2024-05-16 07:22:05.470706,0 days 00:00:01.022819,64,0.1494905715183521,0,COMPLETE
21,21,0.1898850629122551,0.10640765533838396,2024-05-16 07:22:05.478064,2024-05-16 07:22:08.552765,0 days 00:00:03.074701,91,0.9001586576459149,0,COMPLETE
22,22,-0.11210566976130994,0.11819056821087263,2024-05-16 07:22:08.559377,2024-05-16 07:22:13.291080,0 days 00:00:04.731703,55,0.9917099971768252,0,COMPLETE
23,23,0.14412452519113622,0.10495083848294584,2024-05-16 07:22:13.299730,2024-05-16 07:22:16.822559,0 days 00:00:03.522829,53,0.6671029982199992,0,COMPLETE
24,24,-0.4307093257743702,0.1403933579730971,2024-05-16 07:22:16.823944,2024-05-16 07:22:18.253234,0 days 00:00:01.429290,69,0.6549157314792096,0,COMPLETE
25,25,-2.823227660257134,0.20117071607441792,2024-05-16 07:22:18.254262,2024-05-16 07:22:20.753257,0 days 00:00:02.498995,32,0.6499901738999574,0,COMPLETE
26,26,-0.34854329354618707,0.13122710752783684,2024-05-16 07:22:20.758959,2024-05-16 07:22:23.152675,0 days 00:00:02.393716,54,0.5579535216139502,0,COMPLETE
27,27,0.4445735875621586,0.08273279274352405,2024-05-16 07:22:23.154842,2024-05-16 07:22:25.884010,0 days 00:00:02.729168,35,0.7522448046864667,0,COMPLETE
28,28,-0.5625345631725075,0.14073842362619068,2024-05-16 07:22:25.885330,2024-05-16 07:22:27.652436,0 days 00:00:01.767106,66,0.3166710595887352,0,COMPLETE
29,29,0.1372006521436817,0.10766896963142367,2024-05-16 07:22:27.655524,2024-05-16 07:22:31.132136,0 days 00:00:03.476612,92,0.5720582186991324,0,COMPLETE
30,30,-0.9381609744880951,0.15298986912615237,2024-05-16 07:22:31.134004,2024-05-16 07:22:34.171764,0 days 00:00:03.037760,27,0.48549056811790015,0,COMPLETE
31,31,0.09273802386998457,0.11080530027785304,2024-05-16 07:22:34.172923,2024-05-16 07:22:36.982932,0 days 00:00:02.810009,65,0.29207474446242476,0,COMPLETE
32,32,-0.7188466944804492,0.15017014286119948,2024-05-16 07:22:36.988367,2024-05-16 07:22:39.412931,0 days 00:00:02.424564,62,0.9608586020551657,0,COMPLETE
33,33,-0.17155179322570469,0.12359158711826579,2024-05-16 07:22:39.416326,2024-05-16 07:22:41.845218,0 days 00:00:02.428892,44,0.13023813134409667,0,COMPLETE
34,34,0.258878396134605,0.10119020179159618,2024-05-16 07:22:41.847258,2024-05-16 07:22:44.392820,0 days 00:00:02.545562,71,0.8993982076620489,0,COMPLETE
35,35,-0.6962748565050744,0.14956200418240756,2024-05-16 07:22:44.399913,2024-05-16 07:22:48.154311,0 days 00:00:03.754398,29,0.47935672320808886,0,COMPLETE
36,36,0.09150158497620135,0.11283771401917679,2024-05-16 07:22:48.155263,2024-05-16 07:22:51.041126,0 days 00:00:02.885863,77,0.49950528559763596,0,COMPLETE
37,37,-0.31897145717394826,0.1364719434791909,2024-05-16 07:22:51.043345,2024-05-16 07:22:53.191629,0 days 00:00:02.148284,96,0.8946217044846099,0,COMPLETE
38,38,0.2798583917983957,0.10092820033021913,2024-05-16 07:22:53.197411,2024-05-16 07:22:58.639922,0 days 00:00:05.442511,71,0.8313217016697068,0,COMPLETE
39,39,-1.4058883470673287,0.18921644107078606,2024-05-16 07:22:58.642124,2024-05-16 07:23:00.419950,0 days 00:00:01.777826,48,0.019053790308725338,0,COMPLETE
40,40,-0.7934345998873436,0.15513332247922587,2024-05-16 07:23:00.420950,2024-05-16 07:23:01.601803,0 days 00:00:01.180853,66,0.12401859260875592,0,COMPLETE
41,41,-0.009834320913108697,0.11451114828117111,2024-05-16 07:23:01.608025,2024-05-16 07:23:05.797867,0 days 00:00:04.189842,39,0.355630327163997,0,COMPLETE
42,42,-0.9513168171263086,0.14992805422677993,2024-05-16 07:23:05.798864,2024-05-16 07:23:08.831992,0 days 00:00:03.033128,32,0.6824668433261173,0,COMPLETE
43,43,-0.09669779726426127,0.11896646556685002,2024-05-16 07:23:08.834394,2024-05-16 07:23:11.382753,0 days 00:00:02.548359,52,0.4059677410206354,0,COMPLETE
44,44,0.15786411183720123,0.10508260158557381,2024-05-16 07:23:11.385217,2024-05-16 07:23:13.271621,0 days 00:00:01.886404,15,0.8229562714927089,0,COMPLETE
45,45,-1.5881075048623456,0.19288960820708306,2024-05-16 07:23:13.277414,2024-05-16 07:23:14.467243,0 days 00:00:01.189829,25,0.41460807607578554,0,COMPLETE
46,46,0.06557022893649023,0.11185890920778288,2024-05-16 07:23:14.469057,2024-05-16 07:23:18.113089,0 days 00:00:03.644032,81,0.7988631722460279,0,COMPLETE
47,47,-0.7023367646700113,0.15447933391442126,2024-05-16 07:23:18.114354,2024-05-16 07:23:20.965870,0 days 00:00:02.851516,64,0.48292705210717657,0,COMPLETE
48,48,-0.393644720116871,0.14075827126026122,2024-05-16 07:23:20.966867,2024-05-16 07:23:25.862489,0 days 00:00:04.895622,94,0.07482645587116032,0,COMPLETE
49,49,0.3213809988382013,0.09480500919784846,2024-05-16 07:23:25.870593,2024-05-16 07:23:28.722131,0 days 00:00:02.851538,90,0.6910350479330608,0,COMPLETE
50,50,-0.5357360943373071,0.14402365382170484,2024-05-16 07:23:28.726667,2024-05-16 07:23:31.671717,0 days 00:00:02.945050,79,0.8313217016697068,1,COMPLETE
51,51,-0.26917130712075205,0.13098532925018747,2024-05-16 07:23:31.672714,2024-05-16 07:23:35.597336,0 days 00:00:03.924622,58,0.7393248020466527,1,COMPLETE
52,52,-1.4302314340854678,0.18366780962596554,2024-05-16 07:23:35.598710,2024-05-16 07:23:37.044168,0 days 00:00:01.445458,85,0.2604085114239536,1,COMPLETE
53,53,0.08784687831754363,0.1093721195124698,2024-05-16 07:23:37.046916,2024-05-16 07:23:40.102328,0 days 00:00:03.055412,47,0.5240512989128638,1,COMPLETE
54,54,-1.4495579809038435,0.19279851847149432,2024-05-16 07:23:40.109807,2024-05-16 07:23:41.787729,0 days 00:00:01.677922,59,0.034323536749073735,1,COMPLETE
55,55,-1.0954458268703031,0.14853030515196816,2024-05-16 07:23:41.789723,2024-05-16 07:23:44.279790,0 days 00:00:02.490067,53,0.7988631722460279,1,COMPLETE
56,56,-2.0345322132972363,0.2019544313377625,2024-05-16 07:23:44.281826,2024-05-16 07:23:45.207034,0 days 00:00:00.925208,90,0.6910350479330608,1,COMPLETE
57,57,-0.41300370986891216,0.13892816413842968,2024-05-16 07:23:45.209030,2024-05-16 07:23:48.472440,0 days 00:00:03.263410,97,0.6444926708282062,1,COMPLETE
58,58,-0.7063854198191085,0.15034563242238472,2024-05-16 07:23:48.473893,2024-05-16 07:23:50.672523,0 days 00:00:02.198630,91,0.15131318253803694,1,COMPLETE
59,59,-1.9891043360789897,0.1918749686577345,2024-05-16 07:23:50.673504,2024-05-16 07:23:51.676804,0 days 00:00:01.003300,42,0.8229562714927089,1,COMPLETE
60,60,0.003466651537705112,0.11856500682588358,2024-05-16 07:23:51.677528,2024-05-16 07:23:54.251716,0 days 00:00:02.574188,66,0.8993982076620489,1,COMPLETE
61,61,-0.9917864176710598,0.16065583023689406,2024-05-16 07:23:54.254918,2024-05-16 07:23:57.175187,0 days 00:00:02.920269,54,0.043663764109656555,1,COMPLETE
62,62,-0.32192471325702654,0.13311669356610578,2024-05-16 07:23:57.178704,2024-05-16 07:24:00.869616,0 days 00:00:03.690912,71,0.7772016640997346,1,COMPLETE
63,63,0.2213822220428142,0.1045617832966225,2024-05-16 07:24:00.871019,2024-05-16 07:24:03.521122,0 days 00:00:02.650103,97,0.9958009128599662,1,COMPLETE
64,64,-0.2829904680097842,0.13185775655061172,2024-05-16 07:24:03.523116,2024-05-16 07:24:06.214053,0 days 00:00:02.690937,76,0.06953761679395543,1,COMPLETE
65,65,0.12940547632949762,0.10976614790157957,2024-05-16 07:24:06.215803,2024-05-16 07:24:08.191942,0 days 00:00:01.976139,52,0.4059677410206354,1,COMPLETE
66,66,-0.8430661904488634,0.15678763698381348,2024-05-16 07:24:08.195548,2024-05-16 07:24:09.702943,0 days 00:00:01.507395,45,0.790701748676197,1,COMPLETE
67,67,0.15448405190379905,0.10797211479131483,2024-05-16 07:24:09.705151,2024-05-16 07:24:12.768277,0 days 00:00:03.063126,71,0.3166710595887352,1,COMPLETE
68,68,0.41747629835735145,0.09110304173102717,2024-05-16 07:24:12.769358,2024-05-16 07:24:15.942114,0 days 00:00:03.172756,60,0.7818126433629602,1,COMPLETE
69,69,-0.49378138595529925,0.14487991198426467,2024-05-16 07:24:15.942869,2024-05-16 07:24:17.852231,0 days 00:00:01.909362,45,0.7033487647690129,1,COMPLETE
70,70,0.07018428571300488,0.1122416907380738,2024-05-16 07:24:17.855360,2024-05-16 07:24:20.644591,0 days 00:00:02.789231,72,0.9250668686470647,1,COMPLETE
71,71,-2.5859369085108783,0.21658454464746052,2024-05-16 07:24:20.646876,2024-05-16 07:24:21.603198,0 days 00:00:00.956322,48,0.7603086512499041,1,COMPLETE
72,72,-0.9105077439261914,0.1530753951136568,2024-05-16 07:24:21.604740,2024-05-16 07:24:23.221604,0 days 00:00:01.616864,92,0.5720582186991324,1,COMPLETE
73,73,0.061192317405989204,0.11521556725567787,2024-05-16 07:24:23.222475,2024-05-16 07:24:26.395600,0 days 00:00:03.173125,72,0.7988631722460279,1,COMPLETE
74,74,-2.231792508412339,0.20234208162099715,2024-05-16 07:24:26.396490,2024-05-16 07:24:27.378644,0 days 00:00:00.982154,65,0.29207474446242476,1,COMPLETE
75,75,-0.38086749208220344,0.1351527777695014,2024-05-16 07:24:27.380597,2024-05-16 07:24:28.855573,0 days 00:00:01.474976,46,0.9608586020551657,1,COMPLETE
76,76,-0.6686962009705179,0.15139976399114352,2024-05-16 07:24:28.857800,2024-05-16 07:24:30.565845,0 days 00:00:01.708045,80,0.29207474446242476,1,COMPLETE
77,77,-0.3301198428259764,0.1308530981154758,2024-05-16 07:24:30.566843,2024-05-16 07:24:32.950656,0 days 00:00:02.383813,77,0.49950528559763596,1,COMPLETE
78,78,-0.032122838709623555,0.11486512519625909,2024-05-16 07:24:32.951653,2024-05-16 07:24:35.566541,0 days 00:00:02.614888,29,0.355630327163997,1,COMPLETE
79,79,-0.18635835463086825,0.12428122835473121,2024-05-16 07:24:35.568051,2024-05-16 07:24:37.032649,0 days 00:00:01.464598,67,0.49950528559763596,1,COMPLETE
80,80,-0.5046205285977056,0.14700842578518156,2024-05-16 07:24:37.038440,2024-05-16 07:24:38.912004,0 days 00:00:01.873564,92,0.4242162151523673,1,COMPLETE
81,81,0.4281372972129983,0.0868553234978655,2024-05-16 07:24:38.917908,2024-05-16 07:24:41.794495,0 days 00:00:02.876587,88,0.7566320591560077,1,COMPLETE
82,82,-0.2574001577156224,0.1297911479980463,2024-05-16 07:24:41.798357,2024-05-16 07:24:44.329609,0 days 00:00:02.531252,63,0.18471547589745274,1,COMPLETE
83,83,0.46956830647818926,0.0838490132685944,2024-05-16 07:24:44.332543,2024-05-16 07:24:50.741928,0 days 00:00:06.409385,43,0.9639382924056547,1,COMPLETE
84,84,-0.1965940219900951,0.12579375062835846,2024-05-16 07:24:50.745622,2024-05-16 07:24:53.303902,0 days 00:00:02.558280,61,0.7788683972908844,1,COMPLETE
85,85,-0.44183288626860673,0.14509300502755842,2024-05-16 07:24:53.309748,2024-05-16 07:24:54.629597,0 days 00:00:01.319849,13,0.11022657972712635,1,COMPLETE
86,86,-2.6177265380625627,0.21500300537994077,2024-05-16 07:24:54.631020,2024-05-16 07:24:55.850977,0 days 00:00:01.219957,67,0.3094563354881841,1,COMPLETE
87,87,-0.8582960352424036,0.14503406114911063,2024-05-16 07:24:55.852972,2024-05-16 07:24:59.787256,0 days 00:00:03.934284,26,0.6525633668752677,1,COMPLETE
88,88,-0.28910334703577184,0.12531276679542816,2024-05-16 07:24:59.789103,2024-05-16 07:25:02.440452,0 days 00:00:02.651349,61,0.9950499976135305,1,COMPLETE
89,89,-0.22947251533088725,0.13338202756447498,2024-05-16 07:25:02.441450,2024-05-16 07:25:10.169703,0 days 00:00:07.728253,71,0.6695414789550771,1,COMPLETE
90,90,0.20681554967590232,0.103800753471327,2024-05-16 07:25:10.172837,2024-05-16 07:25:13.243560,0 days 00:00:03.070723,71,0.9624483078133885,1,COMPLETE
91,91,-0.5211879418702715,0.14505720870997635,2024-05-16 07:25:13.247360,2024-05-16 07:25:14.792734,0 days 00:00:01.545374,77,0.6930866179129677,1,COMPLETE
92,92,-0.29328111311005267,0.13549266730386575,2024-05-16 07:25:14.798886,2024-05-16 07:25:17.352722,0 days 00:00:02.553836,77,0.49950528559763596,1,COMPLETE
93,93,-0.317804116958497,0.13236343857929156,2024-05-16 07:25:17.353889,2024-05-16 07:25:20.199670,0 days 00:00:02.845781,12,0.9646015443308256,1,COMPLETE
94,94,-0.44261540445454556,0.1382957528696403,2024-05-16 07:25:20.201404,2024-05-16 07:25:22.306211,0 days 00:00:02.104807,44,0.13023813134409667,1,COMPLETE
95,95,-0.06595397512150603,0.12010167490573301,2024-05-16 07:25:22.309799,2024-05-16 07:25:24.822591,0 days 00:00:02.512792,17,0.355630327163997,1,COMPLETE
96,96,-0.3382083482206607,0.1309833038468783,2024-05-16 07:25:24.824900,2024-05-16 07:25:26.142831,0 days 00:00:01.317931,14,0.36481452400409264,1,COMPLETE
97,97,-0.6348511602994751,0.1463822364776639,2024-05-16 07:25:26.149751,2024-05-16 07:25:27.453730,0 days 00:00:01.303979,27,0.18665086304115386,1,COMPLETE
98,98,-0.8908269888874287,0.1594117677260897,2024-05-16 07:25:27.455361,2024-05-16 07:25:28.737702,0 days 00:00:01.282341,51,0.2668506961132193,1,COMPLETE
99,99,-0.8188800019746809,0.15078551353436742,2024-05-16 07:25:28.740737,2024-05-16 07:25:30.973977,0 days 00:00:02.233240,16,0.4059677410206354,1,COMPLETE
100,100,-0.6784805659171229,0.13707615412389418,2024-05-16 07:25:30.979657,2024-05-16 07:25:34.662890,0 days 00:00:03.683233,51,0.9616604812903293,2,COMPLETE
101,101,-0.7541958882257735,0.15283082042012955,2024-05-16 07:25:34.665554,2024-05-16 07:25:36.470852,0 days 00:00:01.805298,17,0.8313217016697068,2,COMPLETE
102,102,-1.6334761376239897,0.1892896008293814,2024-05-16 07:25:36.471849,2024-05-16 07:25:37.739735,0 days 00:00:01.267886,35,0.5509864773795611,2,COMPLETE
103,103,-0.06532266988221443,0.12015216304239802,2024-05-16 07:25:37.741957,2024-05-16 07:25:38.898565,0 days 00:00:01.156608,23,0.7988631722460279,2,COMPLETE
104,104,0.2612740454724136,0.09936935814643821,2024-05-16 07:25:38.899562,2024-05-16 07:25:42.311249,0 days 00:00:03.411687,90,0.7818126433629602,2,COMPLETE
105,105,0.5351981901088442,0.07841117697935247,2024-05-16 07:25:42.312834,2024-05-16 07:25:45.844558,0 days 00:00:03.531724,61,0.9950499976135305,2,COMPLETE
106,106,0.09368554109854144,0.11272751703545611,2024-05-16 07:25:45.845578,2024-05-16 07:25:49.232167,0 days 00:00:03.386589,44,0.6910350479330608,2,COMPLETE
107,107,-0.3761183551952031,0.12763360072044092,2024-05-16 07:25:49.233684,2024-05-16 07:25:51.802755,0 days 00:00:02.569071,66,0.8993982076620489,2,COMPLETE
108,108,-0.4441288944201892,0.14086229618699767,2024-05-16 07:25:51.804190,2024-05-16 07:25:52.726065,0 days 00:00:00.921875,24,0.2118488368719046,2,COMPLETE
109,109,-0.5053039506796967,0.1383070268566325,2024-05-16 07:25:52.729704,2024-05-16 07:25:55.032825,0 days 00:00:02.303121,48,0.8176656933735347,2,COMPLETE
110,110,0.015385206770685134,0.11915556392405276,2024-05-16 07:25:55.039690,2024-05-16 07:25:58.189152,0 days 00:00:03.149462,71,0.9950499976135305,2,COMPLETE
111,111,-0.11936948897735229,0.12168593423862221,2024-05-16 07:25:58.190586,2024-05-16 07:26:02.143002,0 days 00:00:03.952416,83,0.8229562714927089,2,COMPLETE
112,112,0.32042158355429146,0.09495815574597422,2024-05-16 07:26:02.147612,2024-05-16 07:26:04.389678,0 days 00:00:02.242066,66,0.7601202334505146,2,COMPLETE
113,113,-3.30716104283882,0.23903822001274122,2024-05-16 07:26:04.390302,2024-05-16 07:26:05.261696,0 days 00:00:00.871394,38,0.13023813134409667,2,COMPLETE
114,114,0.07614411434178585,0.1119977824519551,2024-05-16 07:26:05.264191,2024-05-16 07:26:07.932272,0 days 00:00:02.668081,75,0.3814294483480456,2,COMPLETE
115,115,-0.38870643237518915,0.14137372718634938,2024-05-16 07:26:07.933809,2024-05-16 07:26:10.060560,0 days 00:00:02.126751,17,0.8315170457301472,2,COMPLETE
116,116,-1.1199475317371173,0.16781895171284228,2024-05-16 07:26:10.062555,2024-05-16 07:26:11.571960,0 days 00:00:01.509405,44,0.2905136940541011,2,COMPLETE
117,117,-1.2617671673939561,0.15844852372168075,2024-05-16 07:26:11.575826,2024-05-16 07:26:15.116702,0 days 00:00:03.540876,26,0.9612892982664878,2,COMPLETE
118,118,-0.12126373073926107,0.127183341494154,2024-05-16 07:26:15.117700,2024-05-16 07:26:17.861110,0 days 00:00:02.743410,35,0.7522448046864667,2,COMPLETE
119,119,-0.6214572757672753,0.1434903077594129,2024-05-16 07:26:17.863105,2024-05-16 07:26:19.778647,0 days 00:00:01.915542,67,0.6865385407496499,2,COMPLETE
120,120,-0.37574199518877605,0.14134458302655448,2024-05-16 07:26:19.780642,2024-05-16 07:26:21.021803,0 days 00:00:01.241161,23,0.9210823343524714,2,COMPLETE
121,121,-0.28444781736654096,0.1273159420515868,2024-05-16 07:26:21.024947,2024-05-16 07:26:24.781782,0 days 00:00:03.756835,43,0.30167582655757474,2,COMPLETE
122,122,-0.3097929557827176,0.13395797739844598,2024-05-16 07:26:24.783296,2024-05-16 07:26:26.072007,0 days 00:00:01.288711,17,0.0537154430481569,2,COMPLETE
123,123,-0.32001807169256546,0.13378481698371344,2024-05-16 07:26:26.073218,2024-05-16 07:26:28.362617,0 days 00:00:02.289399,99,0.21223895861643627,2,COMPLETE
124,124,-0.5176184088253659,0.12551155382907775,2024-05-16 07:26:28.364282,2024-05-16 07:26:31.668015,0 days 00:00:03.303733,43,0.5930034753753867,2,COMPLETE
125,125,-1.2341280061897812,0.1721955485091494,2024-05-16 07:26:31.670070,2024-05-16 07:26:32.924889,0 days 00:00:01.254819,93,0.08408428687857794,2,COMPLETE
126,126,-0.8411348468544124,0.14920628486335427,2024-05-16 07:26:32.928929,2024-05-16 07:26:35.923384,0 days 00:00:02.994455,91,0.17713021746196056,2,COMPLETE
127,127,-0.11205757654840606,0.1243007727987199,2024-05-16 07:26:35.928259,2024-05-16 07:26:38.670174,0 days 00:00:02.741915,97,0.6525245187238178,2,COMPLETE
128,128,-0.2492162103431384,0.13706247691601298,2024-05-16 07:26:38.672169,2024-05-16 07:26:40.281235,0 days 00:00:01.609066,79,0.8702690292445349,2,COMPLETE
129,129,-0.49082627064545736,0.14366362267398275,2024-05-16 07:26:40.283389,2024-05-16 07:26:41.724532,0 days 00:00:01.441143,71,0.4264594819034254,2,COMPLETE
130,130,-3.2409900577855297,0.203261285172033,2024-05-16 07:26:41.726758,2024-05-16 07:26:44.497869,0 days 00:00:02.771111,7,0.4258791341573479,2,COMPLETE
131,131,-1.9530596063584151,0.20029634097394533,2024-05-16 07:26:44.498928,2024-05-16 07:26:45.656501,0 days 00:00:01.157573,22,0.8984050547291652,2,COMPLETE
132,132,-2.2368011567993253,0.21501797562833871,2024-05-16 07:26:45.658806,2024-05-16 07:26:46.026975,0 days 00:00:00.368169,47,0.20309454867893773,2,COMPLETE
133,133,-0.34518642306049846,0.13217265402160067,2024-05-16 07:26:46.029538,2024-05-16 07:26:49.448900,0 days 00:00:03.419362,81,0.46881563389326086,2,COMPLETE
134,134,0.2523256567287448,0.10055601750035019,2024-05-16 07:26:49.453445,2024-05-16 07:26:53.629357,0 days 00:00:04.175912,54,0.8834056863691265,2,COMPLETE
135,135,0.28671772958769026,0.09969865623020387,2024-05-16 07:26:53.630977,2024-05-16 07:26:56.746820,0 days 00:00:03.115843,88,0.5723360878832077,2,COMPLETE
136,136,-0.2723083103872323,0.12982921384333598,2024-05-16 07:26:56.750675,2024-05-16 07:26:59.389310,0 days 00:00:02.638635,55,0.7391282965213801,2,COMPLETE
