,number,values_0,values_1,datetime_start,datetime_complete,duration,params_dim,params_smoothing_level,system_attrs_nsga2:generation,state
541,541,-0.8279537455280556,0.007001687757358352,2024-05-18 14:51:39.845409,2024-05-18 14:51:44.403395,0 days 00:00:04.557986,967,0.03192675630572961,10,COMPLETE
542,542,-0.3041352583653086,0.005732662045700686,2024-05-18 14:51:44.403395,2024-05-18 14:51:46.429239,0 days 00:00:02.025844,301,0.6798270613611228,10,COMPLETE
543,543,-0.45231367327845523,0.006027394938104598,2024-05-18 14:51:46.444857,2024-05-18 14:51:51.140824,0 days 00:00:04.695967,967,0.17260011238648731,10,COMPLETE
544,544,-51.68416629509517,0.025230765687475603,2024-05-18 14:51:51.140824,2024-05-18 14:51:53.182574,0 days 00:00:02.041750,283,0.2508491784431266,10,COMPLETE
545,545,-0.5409106752691256,0.006296658433447217,2024-05-18 14:51:53.198193,2024-05-18 14:51:55.017933,0 days 00:00:01.819740,92,0.9778256929736434,10,COMPLETE
546,546,-0.14142566589092512,0.005404237601001423,2024-05-18 14:51:55.017933,2024-05-18 14:51:57.012432,0 days 00:00:01.994499,282,0.46872282321131487,10,COMPLETE
547,547,-0.9979712366364243,0.007143064480436691,2024-05-18 14:51:57.012432,2024-05-18 14:51:59.060769,0 days 00:00:02.048337,282,0.3124233226637225,10,COMPLETE
548,548,-0.5072699962883,0.006074583517861106,2024-05-18 14:51:59.060769,2024-05-18 14:52:03.489028,0 days 00:00:04.428259,852,0.46872282321131487,10,COMPLETE
549,549,-0.6994951863784472,0.006546506621485015,2024-05-18 14:52:03.489028,2024-05-18 14:52:09.161171,0 days 00:00:05.672143,898,0.09690055701299838,10,COMPLETE
550,550,-0.5920581462204708,0.006339295447564652,2024-05-18 14:52:09.161171,2024-05-18 14:52:11.245215,0 days 00:00:02.084044,360,0.46872282321131487,11,COMPLETE
551,551,-0.470659237136905,0.006154800161577497,2024-05-18 14:52:11.245215,2024-05-18 14:52:15.258098,0 days 00:00:04.012883,836,0.2272052575092658,11,COMPLETE
552,552,-0.1851357288196974,0.0055516973103073184,2024-05-18 14:52:15.258098,2024-05-18 14:52:19.066613,0 days 00:00:03.808515,760,0.45018021720266843,11,COMPLETE
553,553,-0.36743958602289944,0.006077335720274525,2024-05-18 14:52:19.082234,2024-05-18 14:52:23.565707,0 days 00:00:04.483473,859,0.2272052575092658,11,COMPLETE
554,554,-0.279509182230851,0.0057729945137634155,2024-05-18 14:52:23.565707,2024-05-18 14:52:25.973893,0 days 00:00:02.408186,404,0.2586854904874655,11,COMPLETE
555,555,-0.7584197029146076,0.006636558885118114,2024-05-18 14:52:25.973893,2024-05-18 14:52:30.444879,0 days 00:00:04.470986,836,0.2272052575092658,11,COMPLETE
556,556,-0.7508706989989908,0.006618342472088134,2024-05-18 14:52:30.444879,2024-05-18 14:52:35.081282,0 days 00:00:04.636403,843,0.7087737942871889,11,COMPLETE
557,557,-0.7912182262698612,0.006819556876359131,2024-05-18 14:52:35.081282,2024-05-18 14:52:37.107712,0 days 00:00:02.026430,282,0.30814854003418424,11,COMPLETE
558,558,-0.3391435223035709,0.005910156259066616,2024-05-18 14:52:37.107712,2024-05-18 14:52:41.516795,0 days 00:00:04.409083,971,0.22221491021656148,11,COMPLETE
559,559,-0.9065265198253292,0.007037662374155188,2024-05-18 14:52:41.516795,2024-05-18 14:52:43.214519,0 days 00:00:01.697724,119,0.11517245379146812,11,COMPLETE
560,560,-30.289036860567684,0.02282455531798009,2024-05-18 14:52:43.214519,2024-05-18 14:52:47.873036,0 days 00:00:04.658517,947,0.07005618849371731,11,COMPLETE
561,561,-0.2687942547244112,0.005508345917218038,2024-05-18 14:52:47.873036,2024-05-18 14:52:50.060965,0 days 00:00:02.187929,282,0.46872282321131487,11,COMPLETE
562,562,-1.828522170724763,0.008745471958658647,2024-05-18 14:52:50.060965,2024-05-18 14:52:52.170692,0 days 00:00:02.109727,335,0.6302697083997033,11,COMPLETE
563,563,-0.7761592547192523,0.006794098284450728,2024-05-18 14:52:52.186313,2024-05-18 14:52:56.686992,0 days 00:00:04.500679,897,0.14247161773214778,11,COMPLETE
564,564,-0.7866123883336495,0.006672452526753364,2024-05-18 14:52:56.686992,2024-05-18 14:53:01.403166,0 days 00:00:04.716174,967,0.41068050159088454,11,COMPLETE
565,565,-0.9269883120194955,0.007057708241031262,2024-05-18 14:53:01.403166,2024-05-18 14:53:05.736727,0 days 00:00:04.333561,707,0.10414765855216424,11,COMPLETE
566,566,-0.7950087331499421,0.0067020261833807245,2024-05-18 14:53:05.736727,2024-05-18 14:53:10.209945,0 days 00:00:04.473218,822,0.03192675630572961,11,COMPLETE
567,567,-1.7762430715753452,0.008266958492118427,2024-05-18 14:53:10.209945,2024-05-18 14:53:12.949643,0 days 00:00:02.739698,529,0.2522062102662932,11,COMPLETE
568,568,-0.2513746112650728,0.0057941891829169125,2024-05-18 14:53:12.965263,2024-05-18 14:53:17.487325,0 days 00:00:04.522062,822,0.11990941379301345,11,COMPLETE
569,569,-1.461113466380488,0.007946394731757445,2024-05-18 14:53:17.487325,2024-05-18 14:53:22.368604,0 days 00:00:04.881279,935,0.6235960836265864,11,COMPLETE
570,570,-0.39292432491067275,0.005940049447088613,2024-05-18 14:53:22.368604,2024-05-18 14:53:26.770463,0 days 00:00:04.401859,765,0.9079993624965131,11,COMPLETE
571,571,-0.5654736587859764,0.006368629626515976,2024-05-18 14:53:26.770463,2024-05-18 14:53:31.526509,0 days 00:00:04.756046,898,0.8618605991931879,11,COMPLETE
572,572,-0.4376450687451097,0.006119588373323423,2024-05-18 14:53:31.526509,2024-05-18 14:53:33.615036,0 days 00:00:02.088527,306,0.42896406837491075,11,COMPLETE
573,573,-1.335346618076606,0.007938811112481629,2024-05-18 14:53:33.615036,2024-05-18 14:53:36.017526,0 days 00:00:02.402490,378,0.46872282321131487,11,COMPLETE
574,574,-0.42159812178114003,0.006068632186190383,2024-05-18 14:53:36.017526,2024-05-18 14:53:40.768429,0 days 00:00:04.750903,893,0.8239388924731653,11,COMPLETE
575,575,-1.1584852691166936,0.0076222878313054855,2024-05-18 14:53:40.768429,2024-05-18 14:53:42.555166,0 days 00:00:01.786737,77,0.7087737942871889,11,COMPLETE
576,576,-1.2169213053994805,0.007548593964682476,2024-05-18 14:53:42.555166,2024-05-18 14:53:46.926370,0 days 00:00:04.371204,760,0.1960130275393499,11,COMPLETE
577,577,-0.6275624403105742,0.006301487249081428,2024-05-18 14:53:46.926370,2024-05-18 14:53:51.900244,0 days 00:00:04.973874,971,0.30814854003418424,11,COMPLETE
578,578,-0.74693776595886,0.00666500001142125,2024-05-18 14:53:51.900244,2024-05-18 14:53:54.525418,0 days 00:00:02.625174,491,0.23897678425012225,11,COMPLETE
579,579,-0.8190029158269132,0.006916018117684189,2024-05-18 14:53:54.541039,2024-05-18 14:53:58.779392,0 days 00:00:04.238353,760,0.8888844081416387,11,COMPLETE
580,580,-0.6953852899797958,0.006626193358055993,2024-05-18 14:53:58.779392,2024-05-18 14:54:00.733112,0 days 00:00:01.953720,199,0.36798650038803893,11,COMPLETE
581,581,-0.923863188636405,0.007175140807590584,2024-05-18 14:54:00.733112,2024-05-18 14:54:02.740308,0 days 00:00:02.007196,237,0.7718606100940426,11,COMPLETE
582,582,-0.5683497464786644,0.00637083550833657,2024-05-18 14:54:02.740308,2024-05-18 14:54:07.315368,0 days 00:00:04.575060,822,0.03192675630572961,11,COMPLETE
583,583,-0.42395910351116495,0.006076178668506495,2024-05-18 14:54:07.330989,2024-05-18 14:54:11.726445,0 days 00:00:04.395456,816,0.7087737942871889,11,COMPLETE
584,584,-0.41644640909884156,0.006104035512210418,2024-05-18 14:54:11.726445,2024-05-18 14:54:13.752830,0 days 00:00:02.026385,244,0.5049121493753157,11,COMPLETE
585,585,-0.330577335374404,0.005817921260400727,2024-05-18 14:54:13.752830,2024-05-18 14:54:16.109463,0 days 00:00:02.356633,395,0.034688807464063665,11,COMPLETE
586,586,-0.6941499403605791,0.00661486882241778,2024-05-18 14:54:16.109463,2024-05-18 14:54:21.194856,0 days 00:00:05.085393,967,0.09084591787104401,11,COMPLETE
587,587,-0.419867224032337,0.006017545505421377,2024-05-18 14:54:21.194856,2024-05-18 14:54:25.855107,0 days 00:00:04.660251,898,0.7926126391671978,11,COMPLETE
588,588,-3.2104637523221293,0.00991680904197315,2024-05-18 14:54:25.855107,2024-05-18 14:54:27.975148,0 days 00:00:02.120041,282,0.8746485959312728,11,COMPLETE
589,589,-0.34137785624279726,0.0059450172426387645,2024-05-18 14:54:27.990769,2024-05-18 14:54:32.857857,0 days 00:00:04.867088,967,0.7369788737053061,11,COMPLETE
590,590,-1.3354020680223866,0.00776132690724098,2024-05-18 14:54:32.857857,2024-05-18 14:54:34.660144,0 days 00:00:01.802287,152,0.2272052575092658,11,COMPLETE
591,591,-0.974900235123458,0.006994137635857589,2024-05-18 14:54:34.660144,2024-05-18 14:54:36.931712,0 days 00:00:02.271568,391,0.044315598548123614,11,COMPLETE
592,592,-0.70349152175944,0.0066632895544645005,2024-05-18 14:54:36.931712,2024-05-18 14:54:41.449972,0 days 00:00:04.518260,836,0.2272052575092658,11,COMPLETE
593,593,-0.43873946849439777,0.006003195437774067,2024-05-18 14:54:41.449972,2024-05-18 14:54:44.280157,0 days 00:00:02.830185,606,0.9350897674416452,11,COMPLETE
594,594,-0.8476185856647958,0.006920450981530246,2024-05-18 14:54:44.280157,2024-05-18 14:54:49.050159,0 days 00:00:04.770002,903,0.2272052575092658,11,COMPLETE
595,595,-1.732168813115766,0.008494461306957647,2024-05-18 14:54:49.050159,2024-05-18 14:54:51.707906,0 days 00:00:02.657747,491,0.10909205625031293,11,COMPLETE
596,596,-1.0225316768298063,0.007262390866931473,2024-05-18 14:54:51.707906,2024-05-18 14:54:53.547659,0 days 00:00:01.839753,101,0.003502905564865655,11,COMPLETE
597,597,-0.5848544591042973,0.006226444070015099,2024-05-18 14:54:53.547659,2024-05-18 14:54:56.235378,0 days 00:00:02.687719,491,0.7632100851588135,11,COMPLETE
598,598,-3.04149989714833,0.00952984840029703,2024-05-18 14:54:56.235378,2024-05-18 14:54:57.897034,0 days 00:00:01.661656,44,0.007444239292694443,11,COMPLETE
599,599,-0.5219313937098479,0.006241351102426444,2024-05-18 14:54:57.897034,2024-05-18 14:55:00.714810,0 days 00:00:02.817776,563,0.4162848252305702,11,COMPLETE
600,600,-0.7630985421276056,0.006859359783430595,2024-05-18 14:55:00.714810,2024-05-18 14:55:05.366511,0 days 00:00:04.651701,859,0.7040881702884152,12,COMPLETE
601,601,-0.5531550501429672,0.0063107652513785025,2024-05-18 14:55:05.366511,2024-05-18 14:55:10.185164,0 days 00:00:04.818653,897,0.24354151002426194,12,COMPLETE
602,602,-0.8519948273765394,0.007073801279488062,2024-05-18 14:55:10.185164,2024-05-18 14:55:12.919960,0 days 00:00:02.734796,517,0.3225891472995689,12,COMPLETE
603,603,-0.614010326680561,0.0063643490728026485,2024-05-18 14:55:12.919960,2024-05-18 14:55:17.230093,0 days 00:00:04.310133,712,0.8799549699761281,12,COMPLETE
604,604,-1.012821365846897,0.00720990221890967,2024-05-18 14:55:17.245714,2024-05-18 14:55:21.730956,0 days 00:00:04.485242,852,0.46872282321131487,12,COMPLETE
605,605,-24.83339324428954,0.018877445423434995,2024-05-18 14:55:21.730956,2024-05-18 14:55:26.424357,0 days 00:00:04.693401,893,0.48165534040370594,12,COMPLETE
606,606,-0.3164949684419233,0.005971018148334058,2024-05-18 14:55:26.424357,2024-05-18 14:55:28.450191,0 days 00:00:02.025834,231,0.2272052575092658,12,COMPLETE
607,607,-0.5465800173314987,0.006270569034478883,2024-05-18 14:55:28.450191,2024-05-18 14:55:32.925415,0 days 00:00:04.475224,822,0.7177764913326802,12,COMPLETE
608,608,-0.30340411023090097,0.005840034923730341,2024-05-18 14:55:32.925415,2024-05-18 14:55:37.243058,0 days 00:00:04.317643,760,0.25446190180617045,12,COMPLETE
609,609,-0.3853011514442529,0.005884335885971351,2024-05-18 14:55:37.243058,2024-05-18 14:55:42.294366,0 days 00:00:05.051308,994,0.2725836896663886,12,COMPLETE
610,610,-2.033711294276683,0.008591963880772388,2024-05-18 14:55:42.309987,2024-05-18 14:55:44.655352,0 days 00:00:02.345365,378,0.7087737942871889,12,COMPLETE
611,611,-1.0244394268649502,0.007071238228956491,2024-05-18 14:55:44.655352,2024-05-18 14:55:47.000001,0 days 00:00:02.344649,361,0.39299590176293175,12,COMPLETE
612,612,-0.86310606994596,0.0066958680244687515,2024-05-18 14:55:47.000001,2024-05-18 14:55:51.321393,0 days 00:00:04.321392,836,0.03192675630572961,12,COMPLETE
613,613,-1.0694267820631556,0.007310023152953554,2024-05-18 14:55:51.321393,2024-05-18 14:55:53.713348,0 days 00:00:02.391955,385,0.11145714201262669,12,COMPLETE
614,614,-0.48650618812272395,0.0061992370118601715,2024-05-18 14:55:53.713348,2024-05-18 14:55:58.465278,0 days 00:00:04.751930,852,0.46872282321131487,12,COMPLETE
615,615,-0.30466897720086233,0.005777215406025241,2024-05-18 14:55:58.465278,2024-05-18 14:56:02.073145,0 days 00:00:03.607867,611,0.7617367322868813,12,COMPLETE
616,616,-0.8949095931114922,0.006998990609499964,2024-05-18 14:56:02.076137,2024-05-18 14:56:06.617107,0 days 00:00:04.540970,685,0.9014222636812793,12,COMPLETE
617,617,-0.5351974555645187,0.006372221138003517,2024-05-18 14:56:06.619102,2024-05-18 14:56:11.486304,0 days 00:00:04.867202,894,0.8046442283437856,12,COMPLETE
618,618,-0.6734644914997496,0.006648502229095891,2024-05-18 14:56:11.488299,2024-05-18 14:56:16.574836,0 days 00:00:05.086537,957,0.1007498142605876,12,COMPLETE
619,619,-0.3669708172542424,0.0059053507729172755,2024-05-18 14:56:16.576830,2024-05-18 14:56:18.810463,0 days 00:00:02.233633,230,0.30814854003418424,12,COMPLETE
620,620,-0.8707622225474342,0.006987790339882659,2024-05-18 14:56:18.811460,2024-05-18 14:56:20.545894,0 days 00:00:01.734434,48,0.7087737942871889,12,COMPLETE
621,621,-1.6927233474816874,0.008435171102523079,2024-05-18 14:56:20.547889,2024-05-18 14:56:23.718579,0 days 00:00:03.170690,495,0.2272052575092658,12,COMPLETE
622,622,-0.3885701665932626,0.005880415081903774,2024-05-18 14:56:23.720574,2024-05-18 14:56:29.499020,0 days 00:00:05.778446,830,0.18256734443596623,12,COMPLETE
623,623,-1.2644429271260171,0.007464172440604541,2024-05-18 14:56:29.501015,2024-05-18 14:56:32.057936,0 days 00:00:02.556921,361,0.034688807464063665,12,COMPLETE
624,624,-0.7123313641054964,0.006690635438130321,2024-05-18 14:56:32.059932,2024-05-18 14:56:36.540133,0 days 00:00:04.480201,836,0.30814854003418424,12,COMPLETE
625,625,-0.9540367675612911,0.007180503501779302,2024-05-18 14:56:36.540133,2024-05-18 14:56:41.125779,0 days 00:00:04.585646,864,0.4342659761198917,12,COMPLETE
626,626,-0.5250520162845151,0.006204548477038299,2024-05-18 14:56:41.127797,2024-05-18 14:56:45.735469,0 days 00:00:04.607672,836,0.30863118262567224,12,COMPLETE
627,627,-2.987965597607013,0.010314677104683749,2024-05-18 14:56:45.735469,2024-05-18 14:56:47.630590,0 days 00:00:01.895121,131,0.9119232649251799,12,COMPLETE
628,628,-0.5327564355907655,0.006366364003258573,2024-05-18 14:56:47.646212,2024-05-18 14:56:52.233247,0 days 00:00:04.587035,894,0.14247161773214778,12,COMPLETE
629,629,-0.55788382465164,0.006395513972471963,2024-05-18 14:56:52.233247,2024-05-18 14:56:54.672457,0 days 00:00:02.439210,385,0.6798270613611228,12,COMPLETE
630,630,-0.8861290202303465,0.006896757580318308,2024-05-18 14:56:54.672457,2024-05-18 14:56:57.732245,0 days 00:00:03.059788,600,0.7055188355356484,12,COMPLETE
631,631,-1.0163270007930234,0.007052699360818038,2024-05-18 14:56:57.734280,2024-05-18 14:56:59.435035,0 days 00:00:01.700755,58,0.8676250709027797,12,COMPLETE
632,632,-0.41070678045371556,0.0059552704980695885,2024-05-18 14:56:59.435035,2024-05-18 14:57:01.514132,0 days 00:00:02.079097,241,0.46872282321131487,12,COMPLETE
633,633,-0.4972990686614609,0.006268645790441363,2024-05-18 14:57:01.514132,2024-05-18 14:57:06.428573,0 days 00:00:04.914441,967,0.09084591787104401,12,COMPLETE
634,634,-0.48531279382684056,0.0061234382360211064,2024-05-18 14:57:06.428573,2024-05-18 14:57:10.853482,0 days 00:00:04.424909,765,0.584363984929264,12,COMPLETE
635,635,-0.653366378128263,0.006533652227355304,2024-05-18 14:57:10.853482,2024-05-18 14:57:13.659056,0 days 00:00:02.805574,543,0.10287000662109735,12,COMPLETE
636,636,-0.7328605777838505,0.006689476008520592,2024-05-18 14:57:13.659056,2024-05-18 14:57:17.982710,0 days 00:00:04.323654,836,0.46872282321131487,12,COMPLETE
637,637,-0.59508772246483,0.006281122670289317,2024-05-18 14:57:17.982710,2024-05-18 14:57:22.523528,0 days 00:00:04.540818,859,0.7040881702884152,12,COMPLETE
638,638,-1.1620996047408814,0.007243534401311667,2024-05-18 14:57:22.539149,2024-05-18 14:57:24.237010,0 days 00:00:01.697861,62,0.9219009061917467,12,COMPLETE
639,639,-0.7818727118809261,0.0068869307044467755,2024-05-18 14:57:24.237010,2024-05-18 14:57:28.827440,0 days 00:00:04.590430,852,0.9934606678654971,12,COMPLETE
640,640,-0.4156128284179301,0.006048377802456398,2024-05-18 14:57:28.843061,2024-05-18 14:57:33.084182,0 days 00:00:04.241121,755,0.5753645713187948,12,COMPLETE
641,641,-0.9882027800459037,0.007027637122226316,2024-05-18 14:57:33.084182,2024-05-18 14:57:35.261285,0 days 00:00:02.177103,282,0.5581203309121645,12,COMPLETE
642,642,-0.8715299996232855,0.006947708765466088,2024-05-18 14:57:35.261285,2024-05-18 14:57:38.066665,0 days 00:00:02.805380,549,0.46872282321131487,12,COMPLETE
643,643,-0.9596814274071042,0.007139951408562839,2024-05-18 14:57:38.066665,2024-05-18 14:57:42.267290,0 days 00:00:04.200625,689,0.8126730344734412,12,COMPLETE
644,644,-0.5172830066568921,0.006221146284992476,2024-05-18 14:57:42.267290,2024-05-18 14:57:43.976226,0 days 00:00:01.708936,51,0.5230348015536656,12,COMPLETE
645,645,-16.946925977001065,0.015798916225846234,2024-05-18 14:57:43.976226,2024-05-18 14:57:46.312025,0 days 00:00:02.335799,382,0.159640813856875,12,COMPLETE
646,646,-1.2052218005592539,0.007367384305874967,2024-05-18 14:57:46.312025,2024-05-18 14:57:50.764460,0 days 00:00:04.452435,816,0.9588801741858938,12,COMPLETE
647,647,-0.43518718967472625,0.006160774612578716,2024-05-18 14:57:50.764460,2024-05-18 14:57:52.940456,0 days 00:00:02.175996,282,0.46872282321131487,12,COMPLETE
648,648,-0.3589438178802765,0.005961449955716026,2024-05-18 14:57:52.940456,2024-05-18 14:57:55.060245,0 days 00:00:02.119789,282,0.8217294270800422,12,COMPLETE
649,649,-0.6441417589250615,0.00644614597038429,2024-05-18 14:57:55.075865,2024-05-18 14:57:57.343149,0 days 00:00:02.267284,378,0.3785306135434682,12,COMPLETE
650,650,-1.7717790537921072,0.008777031223995164,2024-05-18 14:57:57.343149,2024-05-18 14:57:58.921955,0 days 00:00:01.578806,14,0.46872282321131487,13,COMPLETE
651,651,-1.0779333178364996,0.007337485952623854,2024-05-18 14:57:58.937576,2024-05-18 14:58:01.396797,0 days 00:00:02.459221,348,0.8922645417696616,13,COMPLETE
652,652,-0.7119067277338437,0.006640008527376779,2024-05-18 14:58:01.396797,2024-05-18 14:58:06.227495,0 days 00:00:04.830698,971,0.1256603275562489,13,COMPLETE
653,653,-0.7612254028203551,0.006708535248221935,2024-05-18 14:58:06.227495,2024-05-18 14:58:11.125706,0 days 00:00:04.898211,935,0.88243792861032,13,COMPLETE
654,654,-0.2665066265870341,0.005798068503735621,2024-05-18 14:58:11.125706,2024-05-18 14:58:13.548479,0 days 00:00:02.422773,404,0.6697848907897213,13,COMPLETE
655,655,-0.602673355259346,0.006488181652617478,2024-05-18 14:58:13.548479,2024-05-18 14:58:16.529137,0 days 00:00:02.980658,634,0.33196855414800275,13,COMPLETE
656,656,-0.8388523066537029,0.006787877539676207,2024-05-18 14:58:16.529137,2024-05-18 14:58:19.456787,0 days 00:00:02.927650,628,0.5189868796461339,13,COMPLETE
657,657,-0.4531828266055372,0.006160445405092685,2024-05-18 14:58:19.456787,2024-05-18 14:58:24.068723,0 days 00:00:04.611936,855,0.14247161773214778,13,COMPLETE
658,658,-0.1625382645766411,0.005574560957116503,2024-05-18 14:58:24.084344,2024-05-18 14:58:29.096075,0 days 00:00:05.011731,967,0.8968150771388544,13,COMPLETE
659,659,-0.8177266113330142,0.006813032052652451,2024-05-18 14:58:29.111696,2024-05-18 14:58:32.134441,0 days 00:00:03.022745,630,0.5565355563191103,13,COMPLETE
660,660,-0.7401042114314527,0.006684002774593417,2024-05-18 14:58:32.134441,2024-05-18 14:58:34.519753,0 days 00:00:02.385312,412,0.7617367322868813,13,COMPLETE
661,661,-0.6522379232892257,0.0065535477077151615,2024-05-18 14:58:34.519753,2024-05-18 14:58:36.594232,0 days 00:00:02.074479,244,0.2272052575092658,13,COMPLETE
662,662,-0.44286484420971667,0.00603195081082544,2024-05-18 14:58:36.594232,2024-05-18 14:58:41.090381,0 days 00:00:04.496149,846,0.09084591787104401,13,COMPLETE
663,663,-0.5958058004749303,0.006297227778914933,2024-05-18 14:58:41.090381,2024-05-18 14:58:46.092110,0 days 00:00:05.001729,994,0.7509756557514929,13,COMPLETE
664,664,-0.36919450876177873,0.0060039732359207015,2024-05-18 14:58:46.092110,2024-05-18 14:58:50.771597,0 days 00:00:04.679487,893,0.5551910294541983,13,COMPLETE
665,665,-0.8798117648591004,0.006791223024130308,2024-05-18 14:58:50.771597,2024-05-18 14:58:53.226204,0 days 00:00:02.454607,378,0.4927059314296477,13,COMPLETE
666,666,-0.2449201826062426,0.005664902334706306,2024-05-18 14:58:53.226204,2024-05-18 14:58:57.917205,0 days 00:00:04.691001,852,0.7835453248448354,13,COMPLETE
667,667,-1.1958506970654734,0.0076351404240791645,2024-05-18 14:58:57.917205,2024-05-18 14:59:00.966575,0 days 00:00:03.049370,540,0.16147329366453445,13,COMPLETE
668,668,-0.36648277158283643,0.005927095543820498,2024-05-18 14:59:00.966575,2024-05-18 14:59:05.197218,0 days 00:00:04.230643,686,0.4731404201943481,13,COMPLETE
669,669,-0.9053187648363936,0.006982361643349507,2024-05-18 14:59:05.197218,2024-05-18 14:59:09.881381,0 days 00:00:04.684163,897,0.6678265775298446,13,COMPLETE
670,670,-0.7572048457260646,0.006662462962074652,2024-05-18 14:59:09.881381,2024-05-18 14:59:12.860294,0 days 00:00:02.978913,611,0.7617367322868813,13,COMPLETE
671,671,-0.38257636055701927,0.0060398096844622015,2024-05-18 14:59:12.875916,2024-05-18 14:59:18.007145,0 days 00:00:05.131229,765,0.46872282321131487,13,COMPLETE
672,672,-1.0081272255880342,0.007194342113642453,2024-05-18 14:59:18.007145,2024-05-18 14:59:20.857939,0 days 00:00:02.850794,457,0.003502905564865655,13,COMPLETE
673,673,-0.6698193626955217,0.006616994330360208,2024-05-18 14:59:20.857939,2024-05-18 14:59:23.215740,0 days 00:00:02.357801,265,0.6048683889340618,13,COMPLETE
674,674,-0.8952952233489277,0.006957310629758432,2024-05-18 14:59:23.215740,2024-05-18 14:59:27.983898,0 days 00:00:04.768158,852,0.17486928525979728,13,COMPLETE
