,number,values_0,values_1,datetime_start,datetime_complete,duration,params_dim,params_smoothing_level,system_attrs_nsga2:generation,state
548,548,-0.28680217800204694,0.130472617780894,2024-05-16 07:46:17.359465,2024-05-16 07:46:20.155351,0 days 00:00:02.795886,15,0.8870066551570652,10,COMPLETE
549,549,-0.34393078952937955,0.13185620359947908,2024-05-16 07:46:20.161679,2024-05-16 07:46:22.732369,0 days 00:00:02.570690,53,0.7456381905048086,10,COMPLETE
550,550,-12.713291959891666,0.4047308752739207,2024-05-16 07:46:22.734365,2024-05-16 07:46:25.259153,0 days 00:00:02.524788,9,0.9001586576459149,11,COMPLETE
551,551,0.19917805985871673,0.10338214570239143,2024-05-16 07:46:25.261575,2024-05-16 07:46:29.212475,0 days 00:00:03.950900,43,0.49610213215753496,11,COMPLETE
552,552,0.353054111663009,0.0922086213321032,2024-05-16 07:46:29.213887,2024-05-16 07:46:34.484869,0 days 00:00:05.270982,35,0.9972301979498708,11,COMPLETE
553,553,-0.8358560376342539,0.15432172644239003,2024-05-16 07:46:34.489482,2024-05-16 07:46:36.905982,0 days 00:00:02.416500,15,0.8870066551570652,11,COMPLETE
554,554,-1.0234202295388737,0.16564366729219757,2024-05-16 07:46:36.906978,2024-05-16 07:46:39.724867,0 days 00:00:02.817889,64,0.22506199277207595,11,COMPLETE
555,555,0.09203172467261518,0.11244589697072258,2024-05-16 07:46:39.726476,2024-05-16 07:46:43.678006,0 days 00:00:03.951530,100,0.9639382924056547,11,COMPLETE
556,556,-0.6798004001185373,0.15017864527013539,2024-05-16 07:46:43.679241,2024-05-16 07:46:45.803903,0 days 00:00:02.124662,89,0.508083303680583,11,COMPLETE
557,557,0.3375321287000977,0.09519628398063582,2024-05-16 07:46:45.804900,2024-05-16 07:46:51.831751,0 days 00:00:06.026851,40,0.9250668686470647,11,COMPLETE
558,558,-1.0732358768718047,0.16781557178255252,2024-05-16 07:46:51.833147,2024-05-16 07:46:54.162763,0 days 00:00:02.329616,61,0.16057224412306992,11,COMPLETE
559,559,0.38381392385810803,0.0928305845874543,2024-05-16 07:46:54.166303,2024-05-16 07:46:58.716880,0 days 00:00:04.550577,83,0.9639382924056547,11,COMPLETE
560,560,-2.1696318637760337,0.17463353383832916,2024-05-16 07:46:58.718548,2024-05-16 07:47:01.111602,0 days 00:00:02.393054,35,0.4399561104015315,11,COMPLETE
561,561,-0.16941788422010073,0.12934959695730466,2024-05-16 07:47:01.113596,2024-05-16 07:47:07.480267,0 days 00:00:06.366671,61,0.6607877129955277,11,COMPLETE
562,562,-2.3490206870509516,0.20284149844317656,2024-05-16 07:47:07.482260,2024-05-16 07:47:08.905233,0 days 00:00:01.422973,35,0.34910467726356675,11,COMPLETE
563,563,-0.4947804720789392,0.12573141562140053,2024-05-16 07:47:08.907168,2024-05-16 07:47:11.790616,0 days 00:00:02.883448,43,0.9639382924056547,11,COMPLETE
564,564,-0.5586565810847366,0.1472813932127166,2024-05-16 07:47:11.792664,2024-05-16 07:47:14.860795,0 days 00:00:03.068131,95,0.9001586576459149,11,COMPLETE
565,565,-1.7610433293789858,0.20087952206665535,2024-05-16 07:47:14.862577,2024-05-16 07:47:16.006507,0 days 00:00:01.143930,30,0.039311291962676354,11,COMPLETE
566,566,-0.8826161932911273,0.16303106894614863,2024-05-16 07:47:16.008500,2024-05-16 07:47:18.071495,0 days 00:00:02.062995,36,0.0044876530436381845,11,COMPLETE
567,567,-0.2117412321778854,0.12625716646873886,2024-05-16 07:47:18.073780,2024-05-16 07:47:23.009754,0 days 00:00:04.935974,92,0.4025687095683661,11,COMPLETE
568,568,-1.4200003465454025,0.15481753500564324,2024-05-16 07:47:23.011747,2024-05-16 07:47:25.106482,0 days 00:00:02.094735,22,0.970616646575527,11,COMPLETE
569,569,-0.662110127296011,0.14720177769266224,2024-05-16 07:47:25.108476,2024-05-16 07:47:29.110571,0 days 00:00:04.002095,74,0.9950499976135305,11,COMPLETE
570,570,-0.25022781857060084,0.1256725373756864,2024-05-16 07:47:29.112566,2024-05-16 07:47:32.643260,0 days 00:00:03.530694,88,0.25688704482574254,11,COMPLETE
571,571,-0.510253033658883,0.14496696920701804,2024-05-16 07:47:32.645202,2024-05-16 07:47:35.971748,0 days 00:00:03.326546,77,0.7350785708412749,11,COMPLETE
572,572,-0.791239576705798,0.1511187544992268,2024-05-16 07:47:35.973537,2024-05-16 07:47:38.539731,0 days 00:00:02.566194,61,0.498319518380948,11,COMPLETE
573,573,0.2246840225416534,0.10007273362041758,2024-05-16 07:47:38.540679,2024-05-16 07:47:43.457333,0 days 00:00:04.916654,61,0.9301965291092027,11,COMPLETE
574,574,0.2312874381719526,0.10407080515022263,2024-05-16 07:47:43.459326,2024-05-16 07:47:46.892360,0 days 00:00:03.433034,45,0.9001586576459149,11,COMPLETE
575,575,0.30300875955441037,0.09969118584243944,2024-05-16 07:47:46.893523,2024-05-16 07:47:50.201624,0 days 00:00:03.308101,61,0.7569935797646227,11,COMPLETE
576,576,-0.36408214203455536,0.13313058028547217,2024-05-16 07:47:50.203675,2024-05-16 07:47:52.575704,0 days 00:00:02.372029,36,0.2904534083649598,11,COMPLETE
577,577,-0.9135081160102999,0.16251528637477128,2024-05-16 07:47:52.577816,2024-05-16 07:47:53.983283,0 days 00:00:01.405467,45,0.009759274722418554,11,COMPLETE
578,578,0.21389507236146826,0.09743469778191467,2024-05-16 07:47:53.984827,2024-05-16 07:47:56.625526,0 days 00:00:02.640699,28,0.9001586576459149,11,COMPLETE
579,579,-0.4172386286620845,0.1404920208588566,2024-05-16 07:47:56.632022,2024-05-16 07:47:58.340166,0 days 00:00:01.708144,65,0.8870066551570652,11,COMPLETE
580,580,-0.45035899136094687,0.13882527236757575,2024-05-16 07:47:58.341739,2024-05-16 07:48:02.026420,0 days 00:00:03.684681,31,0.9001586576459149,11,COMPLETE
581,581,-0.585671184322719,0.1493911446006363,2024-05-16 07:48:02.028408,2024-05-16 07:48:04.477657,0 days 00:00:02.449249,61,0.3541694916415624,11,COMPLETE
582,582,0.3956410600144239,0.09064918977784335,2024-05-16 07:48:04.480424,2024-05-16 07:48:06.917077,0 days 00:00:02.436653,66,0.9001586576459149,11,COMPLETE
583,583,-0.6447147591780639,0.15123899436124771,2024-05-16 07:48:06.919043,2024-05-16 07:48:08.174084,0 days 00:00:01.255041,61,0.9001586576459149,11,COMPLETE
584,584,-0.6773732815051041,0.14039422443982738,2024-05-16 07:48:08.176126,2024-05-16 07:48:10.316634,0 days 00:00:02.140508,37,0.9950499976135305,11,COMPLETE
585,585,-0.07704861092310375,0.11687601972942621,2024-05-16 07:48:10.320979,2024-05-16 07:48:12.354831,0 days 00:00:02.033852,56,0.6515430543388833,11,COMPLETE
586,586,-0.037041794303004874,0.1195755545250797,2024-05-16 07:48:12.359199,2024-05-16 07:48:14.765712,0 days 00:00:02.406513,87,0.970616646575527,11,COMPLETE
587,587,-0.1265666139835394,0.11333156204681691,2024-05-16 07:48:14.773870,2024-05-16 07:48:17.819666,0 days 00:00:03.045796,95,0.970616646575527,11,COMPLETE
588,588,-0.5332491348431048,0.14197790548153424,2024-05-16 07:48:17.821792,2024-05-16 07:48:19.527100,0 days 00:00:01.705308,71,0.24222363139510894,11,COMPLETE
589,589,0.18646493044928542,0.10236624438284543,2024-05-16 07:48:19.529109,2024-05-16 07:48:23.407371,0 days 00:00:03.878262,56,0.8675878120475414,11,COMPLETE
590,590,-2.8369184648744703,0.19492207756577096,2024-05-16 07:48:23.409679,2024-05-16 07:48:25.663854,0 days 00:00:02.254175,32,0.2428175671989461,11,COMPLETE
591,591,-0.8127772092364267,0.1630956651254951,2024-05-16 07:48:25.664882,2024-05-16 07:48:28.193157,0 days 00:00:02.528275,45,0.17598253392523067,11,COMPLETE
592,592,-0.11278230582315704,0.12137844220950286,2024-05-16 07:48:28.194185,2024-05-16 07:48:30.385636,0 days 00:00:02.191451,88,0.9981064509002803,11,COMPLETE
593,593,-5.962789494016398,0.2239475066434427,2024-05-16 07:48:30.387119,2024-05-16 07:48:32.290871,0 days 00:00:01.903752,43,0.6515430543388833,11,COMPLETE
594,594,-0.802898124842012,0.15397234757274078,2024-05-16 07:48:32.292954,2024-05-16 07:48:33.707070,0 days 00:00:01.414116,92,0.4349600997251233,11,COMPLETE
595,595,-1.5596255289539251,0.17772842482919382,2024-05-16 07:48:33.713798,2024-05-16 07:48:36.352495,0 days 00:00:02.638697,10,0.7566143733982995,11,COMPLETE
596,596,0.3746900662930408,0.09254539359386169,2024-05-16 07:48:36.354496,2024-05-16 07:48:39.072548,0 days 00:00:02.718052,78,0.9950499976135305,11,COMPLETE
597,597,-0.24670032336740536,0.1254614241573012,2024-05-16 07:48:39.074104,2024-05-16 07:48:41.217517,0 days 00:00:02.143413,39,0.9250668686470647,11,COMPLETE
598,598,-0.6113198422704272,0.14555063385438238,2024-05-16 07:48:41.219507,2024-05-16 07:48:43.168950,0 days 00:00:01.949443,56,0.44597399068790866,11,COMPLETE
599,599,-0.5578373799028201,0.1432055366118021,2024-05-16 07:48:43.170310,2024-05-16 07:48:46.004518,0 days 00:00:02.834208,56,0.9190339203333291,11,COMPLETE
600,600,0.12332059983350407,0.10837966389240632,2024-05-16 07:48:46.007693,2024-05-16 07:48:48.449997,0 days 00:00:02.442304,99,0.9001586576459149,12,COMPLETE
601,601,-5.5604102024604645,0.23415704011787733,2024-05-16 07:48:48.452055,2024-05-16 07:48:51.166614,0 days 00:00:02.714559,66,0.10846573968138473,12,COMPLETE
602,602,0.5356878273615899,0.07728394644221437,2024-05-16 07:48:51.170443,2024-05-16 07:48:55.607025,0 days 00:00:04.436582,45,0.9001586576459149,12,COMPLETE
603,603,0.49144323063372786,0.07901304449768606,2024-05-16 07:48:55.610118,2024-05-16 07:48:58.214107,0 days 00:00:02.603989,45,0.8834056863691265,12,COMPLETE
604,604,0.12715060337818543,0.10690783439888543,2024-05-16 07:48:58.215172,2024-05-16 07:49:01.145980,0 days 00:00:02.930808,30,0.5068018544287952,12,COMPLETE
605,605,-0.04605910316041737,0.11796087403798225,2024-05-16 07:49:01.148221,2024-05-16 07:49:03.740918,0 days 00:00:02.592697,62,0.9271558770735204,12,COMPLETE
606,606,-1.2663276707982902,0.16795024657245966,2024-05-16 07:49:03.742545,2024-05-16 07:49:04.958957,0 days 00:00:01.216412,45,0.2717592009458716,12,COMPLETE
607,607,-0.051330642177588204,0.11670682796308748,2024-05-16 07:49:04.960077,2024-05-16 07:49:07.406842,0 days 00:00:02.446765,52,0.7522448046864667,12,COMPLETE
608,608,-0.4925662443124049,0.14557208030372945,2024-05-16 07:49:07.409092,2024-05-16 07:49:08.836615,0 days 00:00:01.427523,62,0.7350785708412749,12,COMPLETE
609,609,0.022523842799855552,0.12059653752966679,2024-05-16 07:49:08.839125,2024-05-16 07:49:11.922528,0 days 00:00:03.083403,77,0.8834056863691265,12,COMPLETE
610,610,-0.42577549702237344,0.1478524317308643,2024-05-16 07:49:11.924651,2024-05-16 07:49:14.594642,0 days 00:00:02.669991,74,0.8119880107907254,12,COMPLETE
611,611,0.11309113249968136,0.1115626231453067,2024-05-16 07:49:14.597925,2024-05-16 07:49:18.525815,0 days 00:00:03.927890,77,0.8379076131616462,12,COMPLETE
612,612,-0.4860492220577351,0.14351104038335336,2024-05-16 07:49:18.532346,2024-05-16 07:49:21.154684,0 days 00:00:02.622338,61,0.9250668686470647,12,COMPLETE
613,613,-0.6296775116956955,0.1437688299175987,2024-05-16 07:49:21.156567,2024-05-16 07:49:24.295803,0 days 00:00:03.139236,60,0.9250668686470647,12,COMPLETE
614,614,-0.285140203670576,0.13179345382781132,2024-05-16 07:49:24.298520,2024-05-16 07:49:28.278889,0 days 00:00:03.980369,40,0.5183614376927488,12,COMPLETE
615,615,0.3027568730817628,0.09753163615951987,2024-05-16 07:49:28.280411,2024-05-16 07:49:31.455008,0 days 00:00:03.174597,35,0.7818126433629602,12,COMPLETE
616,616,-0.6592810193828841,0.13928045812592801,2024-05-16 07:49:31.457829,2024-05-16 07:49:34.734652,0 days 00:00:03.276823,47,0.8834056863691265,12,COMPLETE
617,617,-0.4190175254496612,0.1388929626738646,2024-05-16 07:49:34.735934,2024-05-16 07:49:37.268298,0 days 00:00:02.532364,69,0.5300080914481302,12,COMPLETE
618,618,-0.22350759971298229,0.12257911303321219,2024-05-16 07:49:37.269604,2024-05-16 07:49:39.914932,0 days 00:00:02.645328,50,0.47528647734919505,12,COMPLETE
619,619,0.31583432266095846,0.09491178655277142,2024-05-16 07:49:39.916464,2024-05-16 07:49:42.457140,0 days 00:00:02.540676,56,0.7760869980298499,12,COMPLETE
620,620,-1.9036295839056585,0.19624120174292953,2024-05-16 07:49:42.460648,2024-05-16 07:49:43.233451,0 days 00:00:00.772803,27,0.12196018914122797,12,COMPLETE
621,621,-0.33523191019264653,0.12951432420741568,2024-05-16 07:49:43.234457,2024-05-16 07:49:46.075071,0 days 00:00:02.840614,11,0.9250668686470647,12,COMPLETE
622,622,-0.6582551882270649,0.15124137913916108,2024-05-16 07:49:46.080008,2024-05-16 07:49:47.499931,0 days 00:00:01.419923,24,0.4607665365785101,12,COMPLETE
623,623,-0.12325382738750375,0.12589316757637461,2024-05-16 07:49:47.501926,2024-05-16 07:49:49.346689,0 days 00:00:01.844763,14,0.7522448046864667,12,COMPLETE
624,624,-0.6002441524158175,0.14616218714760595,2024-05-16 07:49:49.348717,2024-05-16 07:49:50.487748,0 days 00:00:01.139031,69,0.34665506667837875,12,COMPLETE
625,625,0.2346577564766747,0.10451675961741755,2024-05-16 07:49:50.491336,2024-05-16 07:49:53.734978,0 days 00:00:03.243642,100,0.7783087249687423,12,COMPLETE
626,626,-0.33553820329450973,0.13072397227073537,2024-05-16 07:49:53.742379,2024-05-16 07:49:56.472558,0 days 00:00:02.730179,92,0.623478751586934,12,COMPLETE
627,627,0.2134445264101535,0.10507714968896431,2024-05-16 07:49:56.473811,2024-05-16 07:49:59.461568,0 days 00:00:02.987757,56,0.7723211560586103,12,COMPLETE
628,628,-0.5788816165133045,0.14425559206441735,2024-05-16 07:49:59.464022,2024-05-16 07:50:01.736799,0 days 00:00:02.272777,70,0.5047030804197071,12,COMPLETE
629,629,0.3636836677233012,0.09270664451010557,2024-05-16 07:50:01.743517,2024-05-16 07:50:04.555008,0 days 00:00:02.811491,60,0.6671029982199992,12,COMPLETE
630,630,-0.8419257641983554,0.16603306179687113,2024-05-16 07:50:04.558559,2024-05-16 07:50:06.183827,0 days 00:00:01.625268,61,0.05759945445033965,12,COMPLETE
631,631,-0.4015503592335291,0.1306844418775161,2024-05-16 07:50:06.187884,2024-05-16 07:50:09.664701,0 days 00:00:03.476817,61,0.9950499976135305,12,COMPLETE
632,632,0.31702631436823614,0.09694449213246471,2024-05-16 07:50:09.671829,2024-05-16 07:50:12.973696,0 days 00:00:03.301867,47,0.7456381905048086,12,COMPLETE
633,633,-0.2460015770517959,0.11485994925505452,2024-05-16 07:50:12.974793,2024-05-16 07:50:15.452670,0 days 00:00:02.477877,45,0.6671029982199992,12,COMPLETE
634,634,-1.905810931742731,0.19421008370118847,2024-05-16 07:50:15.454235,2024-05-16 07:50:17.039046,0 days 00:00:01.584811,21,0.18177755711499388,12,COMPLETE
635,635,-1.431427856218328,0.18474445293276642,2024-05-16 07:50:17.041080,2024-05-16 07:50:18.212678,0 days 00:00:01.171598,63,0.6671029982199992,12,COMPLETE
636,636,-0.456684410158815,0.13059349421191593,2024-05-16 07:50:18.214719,2024-05-16 07:50:21.803350,0 days 00:00:03.588631,35,0.7350785708412749,12,COMPLETE
637,637,-0.6078168448725787,0.15150466521762768,2024-05-16 07:50:21.805741,2024-05-16 07:50:24.161683,0 days 00:00:02.355942,15,0.7350785708412749,12,COMPLETE
638,638,-0.9080578255425118,0.1541129978800883,2024-05-16 07:50:24.163688,2024-05-16 07:50:27.849657,0 days 00:00:03.685969,69,0.39926143977685824,12,COMPLETE
639,639,-0.9669144725724749,0.16083332019481505,2024-05-16 07:50:27.852534,2024-05-16 07:50:29.555620,0 days 00:00:01.703086,83,0.4166387454289424,12,COMPLETE
640,640,-0.30215611973376444,0.13062298129611322,2024-05-16 07:50:29.559929,2024-05-16 07:50:32.535757,0 days 00:00:02.975828,60,0.17797361468769324,12,COMPLETE
641,641,0.36595486372023567,0.09177073417661503,2024-05-16 07:50:32.537801,2024-05-16 07:50:36.594990,0 days 00:00:04.057189,36,0.9950499976135305,12,COMPLETE
642,642,-0.6247894279938492,0.13443756523956604,2024-05-16 07:50:36.596087,2024-05-16 07:50:38.605045,0 days 00:00:02.008958,35,0.9001586576459149,12,COMPLETE
643,643,0.15872307877283062,0.10717860092450197,2024-05-16 07:50:38.606780,2024-05-16 07:50:42.155666,0 days 00:00:03.548886,64,0.9001586576459149,12,COMPLETE
644,644,0.036852475769657646,0.11601321106020002,2024-05-16 07:50:42.160464,2024-05-16 07:50:44.713761,0 days 00:00:02.553297,45,0.8013445106203122,12,COMPLETE
645,645,-0.49865707024381634,0.1470965661270939,2024-05-16 07:50:44.714758,2024-05-16 07:50:46.635720,0 days 00:00:01.920962,92,0.623478751586934,12,COMPLETE
646,646,0.08637670962700872,0.1105828480590401,2024-05-16 07:50:46.640968,2024-05-16 07:50:50.061455,0 days 00:00:03.420487,83,0.9001586576459149,12,COMPLETE
647,647,0.000485670054998133,0.11286864707457207,2024-05-16 07:50:50.063458,2024-05-16 07:50:53.072373,0 days 00:00:03.008915,35,0.7564402546702201,12,COMPLETE
648,648,0.5515582179815018,0.07866227208738508,2024-05-16 07:50:53.074538,2024-05-16 07:50:57.158144,0 days 00:00:04.083606,56,0.7760869980298499,12,COMPLETE
649,649,-0.661204151781173,0.15040399009081495,2024-05-16 07:50:57.160476,2024-05-16 07:51:00.108369,0 days 00:00:02.947893,42,0.7517199773010476,12,COMPLETE
650,650,-0.03856491785562142,0.11966749492648579,2024-05-16 07:51:00.110365,2024-05-16 07:51:02.731591,0 days 00:00:02.621226,87,0.7456381905048086,13,COMPLETE
651,651,-1.268477187769535,0.17407012757852156,2024-05-16 07:51:02.733604,2024-05-16 07:51:03.820512,0 days 00:00:01.086908,69,0.10523659645490535,13,COMPLETE
652,652,-1.5446304432495574,0.1714262321817175,2024-05-16 07:51:03.822518,2024-05-16 07:51:06.474801,0 days 00:00:02.652283,100,0.06992123381630566,13,COMPLETE
653,653,-0.6154441089026013,0.14936536910224743,2024-05-16 07:51:06.483862,2024-05-16 07:51:09.125356,0 days 00:00:02.641494,100,0.21134159732812852,13,COMPLETE
654,654,0.4187920891393782,0.08456205471905223,2024-05-16 07:51:09.129642,2024-05-16 07:51:13.074668,0 days 00:00:03.945026,47,0.8675878120475414,13,COMPLETE
655,655,0.3826827685367527,0.08762152169374757,2024-05-16 07:51:13.082099,2024-05-16 07:51:18.392392,0 days 00:00:05.310293,47,0.7350785708412749,13,COMPLETE
656,656,-0.4461232968128357,0.12838711813069756,2024-05-16 07:51:18.393388,2024-05-16 07:51:21.264043,0 days 00:00:02.870655,52,0.5161640638153677,13,COMPLETE
657,657,0.4462832903839004,0.08385521375600517,2024-05-16 07:51:21.265040,2024-05-16 07:51:24.284844,0 days 00:00:03.019804,61,0.9001586576459149,13,COMPLETE
658,658,-1.849085374044624,0.2006465550020129,2024-05-16 07:51:24.289343,2024-05-16 07:51:24.979541,0 days 00:00:00.690198,53,0.03705845436927868,13,COMPLETE
659,659,-1.4687219674396157,0.17196388250100808,2024-05-16 07:51:24.980538,2024-05-16 07:51:27.755304,0 days 00:00:02.774766,36,0.31943916389435356,13,COMPLETE
660,660,-0.13640178184364118,0.11983062455064278,2024-05-16 07:51:27.757644,2024-05-16 07:51:30.682433,0 days 00:00:02.924789,61,0.9950499976135305,13,COMPLETE
661,661,0.35340253243281927,0.09268757446704809,2024-05-16 07:51:30.683748,2024-05-16 07:51:34.607289,0 days 00:00:03.923541,47,0.8834056863691265,13,COMPLETE
662,662,0.25902569392363056,0.10218761372550719,2024-05-16 07:51:34.609067,2024-05-16 07:51:38.925992,0 days 00:00:04.316925,61,0.9001586576459149,13,COMPLETE
663,663,-1.4811462150825219,0.16661721009234132,2024-05-16 07:51:38.931232,2024-05-16 07:51:42.212650,0 days 00:00:03.281418,45,0.6671029982199992,13,COMPLETE
664,664,-0.208322842005299,0.13133168502751086,2024-05-16 07:51:42.215006,2024-05-16 07:51:44.645537,0 days 00:00:02.430531,75,0.8834056863691265,13,COMPLETE
665,665,-0.12883479170027137,0.12396728106217147,2024-05-16 07:51:44.647057,2024-05-16 07:51:46.654959,0 days 00:00:02.007902,69,0.5117954013813192,13,COMPLETE
666,666,0.3867372640956464,0.09134397958179871,2024-05-16 07:51:46.663811,2024-05-16 07:51:50.094986,0 days 00:00:03.431175,73,0.9639382924056547,13,COMPLETE
667,667,-0.2535115370118638,0.12607664321063677,2024-05-16 07:51:50.098149,2024-05-16 07:51:51.554734,0 days 00:00:01.456585,58,0.13229407457585463,13,COMPLETE
668,668,-0.7728873877713163,0.15624861733235193,2024-05-16 07:51:51.558177,2024-05-16 07:51:53.235728,0 days 00:00:01.677551,55,0.24843778546289974,13,COMPLETE
669,669,-16.667080559771396,0.35094557959621253,2024-05-16 07:51:53.241319,2024-05-16 07:51:53.658513,0 days 00:00:00.417194,23,0.008709643402883271,13,COMPLETE
670,670,0.2718187838500932,0.09526592383766297,2024-05-16 07:51:53.659510,2024-05-16 07:51:55.484886,0 days 00:00:01.825376,100,0.8834056863691265,13,COMPLETE
671,671,-0.6829524370966059,0.13672792450920163,2024-05-16 07:51:55.490854,2024-05-16 07:51:58.774816,0 days 00:00:03.283962,56,0.06949357959320113,13,COMPLETE
672,672,-0.03286132481433186,0.10988860695779197,2024-05-16 07:51:58.777085,2024-05-16 07:52:01.645434,0 days 00:00:02.868349,69,0.668393201194828,13,COMPLETE
673,673,-0.7494179894234728,0.15218092862696392,2024-05-16 07:52:01.647428,2024-05-16 07:52:03.584896,0 days 00:00:01.937468,61,0.09321856308457965,13,COMPLETE
674,674,0.04030999507815447,0.11405759322289602,2024-05-16 07:52:03.591073,2024-05-16 07:52:08.793524,0 days 00:00:05.202451,45,0.9001586576459149,13,COMPLETE
675,675,0.22726764554121068,0.09912278263005048,2024-05-16 07:52:08.795891,2024-05-16 07:52:13.023646,0 days 00:00:04.227755,59,0.7760869980298499,13,COMPLETE
676,676,0.12161150250872113,0.10782057206676214,2024-05-16 07:52:13.026637,2024-05-16 07:52:19.211196,0 days 00:00:06.184559,35,0.8675878120475414,13,COMPLETE
677,677,-0.46466560236849297,0.1364947951007324,2024-05-16 07:52:19.213629,2024-05-16 07:52:22.464501,0 days 00:00:03.250872,84,0.48185944375149203,13,COMPLETE
678,678,0.39460420535029644,0.08973319686632827,2024-05-16 07:52:22.466744,2024-05-16 07:52:26.369235,0 days 00:00:03.902491,61,0.7735333728195264,13,COMPLETE
679,679,-0.796867105064665,0.153160133579274,2024-05-16 07:52:26.373822,2024-05-16 07:52:30.009785,0 days 00:00:03.635963,30,0.5324751683823518,13,COMPLETE
680,680,0.24600309940889237,0.10421712265816252,2024-05-16 07:52:30.012145,2024-05-16 07:52:33.609853,0 days 00:00:03.597708,90,0.9639382924056547,13,COMPLETE
681,681,-0.48052209909281157,0.14043647939687992,2024-05-16 07:52:33.612537,2024-05-16 07:52:35.626552,0 days 00:00:02.014015,53,0.6671029982199992,13,COMPLETE
682,682,-0.1122582845753233,0.12200011925331959,2024-05-16 07:52:35.629069,2024-05-16 07:52:38.674830,0 days 00:00:03.045761,90,0.6325763656632382,13,COMPLETE
683,683,-3.836585244684558,0.19544527786418903,2024-05-16 07:52:38.679179,2024-05-16 07:52:43.191755,0 days 00:00:04.512576,29,0.9001586576459149,13,COMPLETE
