,number,values_0,values_1,datetime_start,datetime_complete,duration,params_dim,params_smoothing_level,system_attrs_nsga2:generation,state
405,405,-4.587481109265899,4.57046605164875e-05,2024-05-16 16:26:12.243813,2024-05-16 16:26:14.457502,0 days 00:00:02.213689,10,0.7886486170650381,8,COMPLETE
406,406,-36841.10295091368,0.0027578338315395632,2024-05-16 16:26:14.474167,2024-05-16 16:26:22.777984,0 days 00:00:08.303817,978,0.4102933285842483,8,COMPLETE
407,407,-31.635495213834325,0.00011484292658837559,2024-05-16 16:26:22.779979,2024-05-16 16:26:25.835733,0 days 00:00:03.055754,199,0.35912515871954487,8,COMPLETE
408,408,-47.06005075735326,0.00013109229052751217,2024-05-16 16:26:25.835733,2024-05-16 16:26:29.306257,0 days 00:00:03.470524,196,0.3410241655299938,8,COMPLETE
409,409,-4.791319878340269,4.552434605281521e-05,2024-05-16 16:26:29.308252,2024-05-16 16:26:32.192889,0 days 00:00:02.884637,10,0.7057410175353575,8,COMPLETE
410,410,-4.784547077506813,4.6462718230238714e-05,2024-05-16 16:26:32.194884,2024-05-16 16:26:34.459498,0 days 00:00:02.264614,10,0.4695927072661211,8,COMPLETE
411,411,-42029.661722042714,0.00295882573631858,2024-05-16 16:26:34.461493,2024-05-16 16:26:41.572847,0 days 00:00:07.111354,888,0.30950667197234827,8,COMPLETE
412,412,-6.00279988264722,5.1342417273021255e-05,2024-05-16 16:26:41.574842,2024-05-16 16:26:43.660400,0 days 00:00:02.085558,10,0.3410241655299938,8,COMPLETE
413,413,-6.596613018757237,5.254539215180764e-05,2024-05-16 16:26:43.662461,2024-05-16 16:26:45.734697,0 days 00:00:02.072236,10,0.6829695977150123,8,COMPLETE
414,414,-4.877596622422144,4.625856753436344e-05,2024-05-16 16:26:45.735695,2024-05-16 16:26:47.778239,0 days 00:00:02.042544,10,0.8393471898252836,8,COMPLETE
415,415,-42.58219966098497,9.12349525063938e-05,2024-05-16 16:26:47.780234,2024-05-16 16:26:50.186242,0 days 00:00:02.406008,10,0.8280815317973403,8,COMPLETE
416,416,-155.50341457000462,0.00022255624449890756,2024-05-16 16:26:50.188205,2024-05-16 16:26:54.176413,0 days 00:00:03.988208,598,0.6585381957319116,8,COMPLETE
417,417,-5.121015210091573,4.682377365914767e-05,2024-05-16 16:26:54.178409,2024-05-16 16:26:56.412397,0 days 00:00:02.233988,10,0.4695927072661211,8,COMPLETE
418,418,-5.600222693577722,4.969670385983635e-05,2024-05-16 16:26:56.414392,2024-05-16 16:26:58.351156,0 days 00:00:01.936764,10,0.9689142491446981,8,COMPLETE
419,419,-3.5590844796665193,4.001111616038832e-05,2024-05-16 16:26:58.353150,2024-05-16 16:27:00.307369,0 days 00:00:01.954219,10,0.4157448699887748,8,COMPLETE
420,420,-4.757855838213905,4.3362992086760354e-05,2024-05-16 16:27:00.309362,2024-05-16 16:27:02.332582,0 days 00:00:02.023220,10,0.3410241655299938,8,COMPLETE
421,421,-82890.3385470228,0.0029462506067175816,2024-05-16 16:27:02.333580,2024-05-16 16:27:08.953116,0 days 00:00:06.619536,679,0.7065362506206777,8,COMPLETE
422,422,-4.189457697723381,4.361502557364489e-05,2024-05-16 16:27:08.955109,2024-05-16 16:27:11.106893,0 days 00:00:02.151784,10,0.6526350435088841,8,COMPLETE
423,423,-26.842278878123484,0.00010340076681031863,2024-05-16 16:27:11.108888,2024-05-16 16:27:14.557190,0 days 00:00:03.448302,166,0.8026287471436196,8,COMPLETE
424,424,-231.2731369457037,0.00029820827936939904,2024-05-16 16:27:14.559185,2024-05-16 16:27:20.940478,0 days 00:00:06.381293,997,0.8830488134222227,8,COMPLETE
425,425,-6.115958227500228,5.088568659461929e-05,2024-05-16 16:27:20.941545,2024-05-16 16:27:23.335085,0 days 00:00:02.393540,10,0.9129760366036859,8,COMPLETE
426,426,-5.0821810298167005,4.72576523943198e-05,2024-05-16 16:27:23.337153,2024-05-16 16:27:25.326022,0 days 00:00:01.988869,10,0.16597345871631752,8,COMPLETE
427,427,-14.179445345709004,6.405427382122659e-05,2024-05-16 16:27:25.327019,2024-05-16 16:27:27.153540,0 days 00:00:01.826521,10,0.5819520006267187,8,COMPLETE
428,428,-4.956621200826466,4.727343379408777e-05,2024-05-16 16:27:27.155111,2024-05-16 16:27:29.052329,0 days 00:00:01.897218,10,0.042678950986566266,8,COMPLETE
429,429,-134.23713732877857,0.00023999538702975005,2024-05-16 16:27:29.053326,2024-05-16 16:27:33.158546,0 days 00:00:04.105220,518,0.8208706134031076,8,COMPLETE
430,430,-5.20281306800346,4.79068482276518e-05,2024-05-16 16:27:33.160542,2024-05-16 16:27:35.503507,0 days 00:00:02.342965,15,0.9546712988667495,8,COMPLETE
431,431,-3812008.8404569114,0.019189420755434786,2024-05-16 16:27:35.504504,2024-05-16 16:27:41.452950,0 days 00:00:05.948446,851,0.73443341435243,8,COMPLETE
432,432,-4.503641746875981,4.546228073675335e-05,2024-05-16 16:27:41.454945,2024-05-16 16:27:43.686181,0 days 00:00:02.231236,10,0.4668298833322784,8,COMPLETE
433,433,-5.233869933432479,4.8265283482649945e-05,2024-05-16 16:27:43.688175,2024-05-16 16:27:45.940777,0 days 00:00:02.252602,10,0.46297901235155037,8,COMPLETE
434,434,-3.8855387210459633,4.278333059617321e-05,2024-05-16 16:27:45.942770,2024-05-16 16:27:48.153035,0 days 00:00:02.210265,10,0.6231724592389004,8,COMPLETE
435,435,-4.841481213114786,4.684299759717107e-05,2024-05-16 16:27:48.155029,2024-05-16 16:27:50.155230,0 days 00:00:02.000201,10,0.42070581458516476,8,COMPLETE
436,436,-158400.69214023332,0.004043649895552857,2024-05-16 16:27:50.157225,2024-05-16 16:27:57.495626,0 days 00:00:07.338401,940,0.3410241655299938,8,COMPLETE
437,437,-2410.0265045807505,0.0007325720771165693,2024-05-16 16:27:57.496623,2024-05-16 16:28:03.566847,0 days 00:00:06.070224,692,0.24207164535228942,8,COMPLETE
438,438,-731.440095508609,0.0004726299467049325,2024-05-16 16:28:03.567915,2024-05-16 16:28:11.003185,0 days 00:00:07.435270,926,0.5648480626007234,8,COMPLETE
439,439,-5.376604578818369,4.9374576787365135e-05,2024-05-16 16:28:11.006176,2024-05-16 16:28:13.211584,0 days 00:00:02.205408,20,0.18362397226360905,8,COMPLETE
440,440,-46.394047997948306,0.00013688472681858667,2024-05-16 16:28:13.213579,2024-05-16 16:28:16.448372,0 days 00:00:03.234793,408,0.08393629878393183,8,COMPLETE
441,441,-5.086936409969214,4.726045246952305e-05,2024-05-16 16:28:16.450366,2024-05-16 16:28:18.596483,0 days 00:00:02.146117,10,0.3272564664002061,8,COMPLETE
442,442,-4.075009883612422,4.058279075807643e-05,2024-05-16 16:28:18.598477,2024-05-16 16:28:20.639975,0 days 00:00:02.041498,15,0.7494066856811981,8,COMPLETE
443,443,-5.267075248031676,4.830122256567581e-05,2024-05-16 16:28:20.640972,2024-05-16 16:28:22.634463,0 days 00:00:01.993491,10,0.2601685471968105,8,COMPLETE
444,444,-6.316193266428834,4.96679142754929e-05,2024-05-16 16:28:22.635459,2024-05-16 16:28:24.827941,0 days 00:00:02.192482,10,0.9082696672532545,8,COMPLETE
445,445,-4.832695080860665,4.6517173957647795e-05,2024-05-16 16:28:24.828938,2024-05-16 16:28:26.863909,0 days 00:00:02.034971,10,0.12082072724686954,8,COMPLETE
446,446,-337.96873401395095,0.00038382148197140247,2024-05-16 16:28:26.864908,2024-05-16 16:28:34.555840,0 days 00:00:07.690932,831,0.759949066650675,8,COMPLETE
447,447,-2.881505667649799,3.651424767434247e-05,2024-05-16 16:28:34.557835,2024-05-16 16:28:36.819535,0 days 00:00:02.261700,10,0.979969901668721,8,COMPLETE
448,448,-16.182100835227494,7.678763912194566e-05,2024-05-16 16:28:36.821531,2024-05-16 16:28:40.206517,0 days 00:00:03.384986,125,0.1885898513118719,8,COMPLETE
449,449,-4.253131734992813,4.4081816786052e-05,2024-05-16 16:28:40.208513,2024-05-16 16:28:42.309761,0 days 00:00:02.101248,10,0.4677353003515332,8,COMPLETE
450,450,-6.519304211406498,5.2037206821933586e-05,2024-05-16 16:28:42.311755,2024-05-16 16:28:44.465009,0 days 00:00:02.153254,10,0.8220560952635864,9,COMPLETE
451,451,-230274.9475407367,0.004773278337129313,2024-05-16 16:28:44.466057,2024-05-16 16:28:51.518708,0 days 00:00:07.052651,882,0.979969901668721,9,COMPLETE
452,452,-59348.56504804394,0.0032933147531903654,2024-05-16 16:28:51.519707,2024-05-16 16:28:57.818747,0 days 00:00:06.299040,836,0.31980726978973273,9,COMPLETE
453,453,-4.125184897046471,4.363799711326741e-05,2024-05-16 16:28:57.820741,2024-05-16 16:28:59.840470,0 days 00:00:02.019729,10,0.9827468088681135,9,COMPLETE
454,454,-6.460626375353277,5.2655033666995776e-05,2024-05-16 16:28:59.841467,2024-05-16 16:29:02.109021,0 days 00:00:02.267554,25,0.8208706134031076,9,COMPLETE
455,455,-6.203001948455852,4.94995119207532e-05,2024-05-16 16:29:02.110017,2024-05-16 16:29:04.051218,0 days 00:00:01.941201,10,0.4668298833322784,9,COMPLETE
456,456,-198.99006352380246,0.00029215071778646517,2024-05-16 16:29:04.053211,2024-05-16 16:29:10.602644,0 days 00:00:06.549433,730,0.6294937243115216,9,COMPLETE
457,457,-64.13592734727467,0.00016161275484022317,2024-05-16 16:29:10.603642,2024-05-16 16:29:15.016668,0 days 00:00:04.413026,489,0.02013003190492546,9,COMPLETE
458,458,-416.8168440241302,0.00035945517860734274,2024-05-16 16:29:15.018663,2024-05-16 16:29:18.747349,0 days 00:00:03.728686,496,0.4349171978923049,9,COMPLETE
459,459,-93436.3047274646,0.0038129857049418953,2024-05-16 16:29:18.749344,2024-05-16 16:29:26.028796,0 days 00:00:07.279452,919,0.435237326260583,9,COMPLETE
460,460,-14.37627728683238,6.051874621701451e-05,2024-05-16 16:29:26.030789,2024-05-16 16:29:28.634534,0 days 00:00:02.603745,10,0.979969901668721,9,COMPLETE
461,461,-4.23219183793753,4.193379853856268e-05,2024-05-16 16:29:28.636529,2024-05-16 16:29:30.652725,0 days 00:00:02.016196,10,0.31980726978973273,9,COMPLETE
462,462,-884.4297192336131,0.0004826192757439574,2024-05-16 16:29:30.654719,2024-05-16 16:29:36.051065,0 days 00:00:05.396346,568,0.8447247443723405,9,COMPLETE
463,463,-5.553801884618716,4.936463578192797e-05,2024-05-16 16:29:36.053061,2024-05-16 16:29:38.583649,0 days 00:00:02.530588,10,0.6068647846487726,9,COMPLETE
464,464,-48.28682566631429,0.00014400588537756204,2024-05-16 16:29:38.584647,2024-05-16 16:29:42.532275,0 days 00:00:03.947628,399,0.8614741372584064,9,COMPLETE
465,465,-47926.035021716394,0.002227935337650129,2024-05-16 16:29:42.534270,2024-05-16 16:29:46.496427,0 days 00:00:03.962157,505,0.5292038083871075,9,COMPLETE
466,466,-603.8273257947407,0.0001755501479762966,2024-05-16 16:29:46.498423,2024-05-16 16:29:48.566322,0 days 00:00:02.067899,15,0.18605491779599936,9,COMPLETE
467,467,-245.31148989189865,0.00022585811391495573,2024-05-16 16:29:48.567354,2024-05-16 16:29:51.731086,0 days 00:00:03.163732,89,0.3410241655299938,9,COMPLETE
468,468,-4.82745810606555,4.637255388997382e-05,2024-05-16 16:29:51.732084,2024-05-16 16:29:53.815380,0 days 00:00:02.083296,10,0.9440162191794498,9,COMPLETE
469,469,-4075.9066619617865,0.0003418880781388447,2024-05-16 16:29:53.816377,2024-05-16 16:29:55.945246,0 days 00:00:02.128869,10,0.4687082406475186,9,COMPLETE
470,470,-86.56626560395678,0.00014325174565734143,2024-05-16 16:29:55.947240,2024-05-16 16:29:58.876266,0 days 00:00:02.929026,237,0.7432419154036418,9,COMPLETE
471,471,-1113.879163991136,0.0004837798625456634,2024-05-16 16:29:58.878260,2024-05-16 16:30:05.401553,0 days 00:00:06.523293,654,0.4677353003515332,9,COMPLETE
472,472,-22.4034476959822,7.525560027104946e-05,2024-05-16 16:30:05.403548,2024-05-16 16:30:07.742729,0 days 00:00:02.339181,10,0.5143803226324637,9,COMPLETE
473,473,-384.7687545699622,0.0003519352016366641,2024-05-16 16:30:07.743795,2024-05-16 16:30:14.027558,0 days 00:00:06.283763,654,0.7494066856811981,9,COMPLETE
474,474,-4.787792060355554,4.667771895717865e-05,2024-05-16 16:30:14.029552,2024-05-16 16:30:16.182365,0 days 00:00:02.152813,15,0.7494066856811981,9,COMPLETE
475,475,-6494182.804578461,0.01075232706813086,2024-05-16 16:30:16.184360,2024-05-16 16:30:18.130727,0 days 00:00:01.946367,15,0.3410241655299938,9,COMPLETE
476,476,-125.52474302735484,0.00023283411514057176,2024-05-16 16:30:18.131724,2024-05-16 16:30:22.275643,0 days 00:00:04.143919,606,0.4668298833322784,9,COMPLETE
477,477,-4.317972126162475,4.1456461783766754e-05,2024-05-16 16:30:22.278636,2024-05-16 16:30:24.158851,0 days 00:00:01.880215,15,0.320018647198994,9,COMPLETE
478,478,-4.413052424202716,4.2658082827809414e-05,2024-05-16 16:30:24.160844,2024-05-16 16:30:26.117925,0 days 00:00:01.957081,10,0.08683220553535254,9,COMPLETE
479,479,-6.823012235202533,5.450075547508636e-05,2024-05-16 16:30:26.119919,2024-05-16 16:30:28.483784,0 days 00:00:02.363865,27,0.8208706134031076,9,COMPLETE
480,480,-548.0810791345949,0.00033878640192709804,2024-05-16 16:30:28.485778,2024-05-16 16:30:31.636366,0 days 00:00:03.150588,358,0.9557588625734207,9,COMPLETE
481,481,-4.057589003194712,4.353154404793011e-05,2024-05-16 16:30:31.638428,2024-05-16 16:30:33.684831,0 days 00:00:02.046403,10,0.5387245153930489,9,COMPLETE
482,482,-396.92131719331405,0.0002464319131871129,2024-05-16 16:30:33.686826,2024-05-16 16:30:36.497041,0 days 00:00:02.810215,179,0.8208706134031076,9,COMPLETE
483,483,-3.8446464653802637,4.244904557498375e-05,2024-05-16 16:30:36.498039,2024-05-16 16:30:38.418946,0 days 00:00:01.920907,10,0.01306873702382838,9,COMPLETE
484,484,-4.287754684554196,4.344952309763339e-05,2024-05-16 16:30:38.419944,2024-05-16 16:30:40.703261,0 days 00:00:02.283317,10,0.4677353003515332,9,COMPLETE
485,485,-4.396113658458802,4.4847798483316765e-05,2024-05-16 16:30:40.704259,2024-05-16 16:30:42.671741,0 days 00:00:01.967482,10,0.2922431388379809,9,COMPLETE
486,486,-18.653458038085205,8.535560660065747e-05,2024-05-16 16:30:42.673735,2024-05-16 16:30:45.771336,0 days 00:00:03.097601,254,0.8621775579007434,9,COMPLETE
487,487,-682.4778069468517,0.0004486909738961615,2024-05-16 16:30:45.773330,2024-05-16 16:30:51.784218,0 days 00:00:06.010888,664,0.3410241655299938,9,COMPLETE
488,488,-3.7074968062393716,4.117222584839167e-05,2024-05-16 16:30:51.786290,2024-05-16 16:30:53.866765,0 days 00:00:02.080475,10,0.7886486170650381,9,COMPLETE
489,489,-4.24915462063654,4.4452387391625926e-05,2024-05-16 16:30:53.868760,2024-05-16 16:30:55.866289,0 days 00:00:01.997529,10,0.8361314626563384,9,COMPLETE
490,490,-152.26557373831815,0.00026011393601885164,2024-05-16 16:30:55.868286,2024-05-16 16:30:59.694355,0 days 00:00:03.826069,552,0.1463310787251929,9,COMPLETE
491,491,-196.6350363294354,0.00027003007167278645,2024-05-16 16:30:59.695353,2024-05-16 16:31:04.682115,0 days 00:00:04.986762,612,0.4668298833322784,9,COMPLETE
492,492,-4.032170348985938,4.270252157215206e-05,2024-05-16 16:31:04.684110,2024-05-16 16:31:06.844240,0 days 00:00:02.160130,10,0.520888936931538,9,COMPLETE
493,493,-4.65077724243035,4.602770332239566e-05,2024-05-16 16:31:06.846201,2024-05-16 16:31:08.842295,0 days 00:00:01.996094,10,0.16860353685066265,9,COMPLETE
494,494,-197.21567490221776,0.00028047966826598707,2024-05-16 16:31:08.844289,2024-05-16 16:31:12.972090,0 days 00:00:04.127801,556,0.5291134103454125,9,COMPLETE
495,495,-1811.0025337548457,0.000488372124256686,2024-05-16 16:31:12.974084,2024-05-16 16:31:16.143584,0 days 00:00:03.169500,279,0.715447920459491,9,COMPLETE
496,496,-28.261143842267007,0.00010528130474700931,2024-05-16 16:31:16.145580,2024-05-16 16:31:18.968513,0 days 00:00:02.822933,92,0.979969901668721,9,COMPLETE
497,497,-6.0461078768411625,4.908266288469787e-05,2024-05-16 16:31:18.970506,2024-05-16 16:31:21.225686,0 days 00:00:02.255180,10,0.4289752579178847,9,COMPLETE
498,498,-25.50263076292831,0.0001002861682046797,2024-05-16 16:31:21.227682,2024-05-16 16:31:23.668245,0 days 00:00:02.440563,125,0.6231724592389004,9,COMPLETE
499,499,-2541112.202033137,0.015442999376661376,2024-05-16 16:31:23.671237,2024-05-16 16:31:29.759289,0 days 00:00:06.088052,739,0.4668298833322784,9,COMPLETE
500,500,-4.130216796446731,4.376407162606348e-05,2024-05-16 16:31:29.761283,2024-05-16 16:31:31.956250,0 days 00:00:02.194967,10,0.7494066856811981,10,COMPLETE
501,501,-4.639281258349067,4.617634641009847e-05,2024-05-16 16:31:31.958244,2024-05-16 16:31:34.210882,0 days 00:00:02.252638,10,0.02013003190492546,10,COMPLETE
502,502,-752.0462473484785,0.0005113436334839033,2024-05-16 16:31:34.211880,2024-05-16 16:31:42.270270,0 days 00:00:08.058390,933,0.3410241655299938,10,COMPLETE
503,503,-4.332831051998645,4.411225162516984e-05,2024-05-16 16:31:42.272264,2024-05-16 16:31:44.307332,0 days 00:00:02.035068,10,0.4318510990372382,10,COMPLETE
504,504,-4.681420425982529,4.613092907733854e-05,2024-05-16 16:31:44.308330,2024-05-16 16:31:46.454714,0 days 00:00:02.146384,10,0.5931537340941516,10,COMPLETE
505,505,-3.7256574295971134,4.216361445021266e-05,2024-05-16 16:31:46.456708,2024-05-16 16:31:48.359515,0 days 00:00:01.902807,10,0.11567840606455271,10,COMPLETE
506,506,-162.5882559839209,0.0002520419482406742,2024-05-16 16:31:48.361510,2024-05-16 16:31:54.690483,0 days 00:00:06.328973,703,0.3410241655299938,10,COMPLETE
507,507,-8300.12184887186,0.0012198279181467719,2024-05-16 16:31:54.692478,2024-05-16 16:31:58.764871,0 days 00:00:04.072393,603,0.6494347177394255,10,COMPLETE
508,508,-16.77272860400591,8.592670914972495e-05,2024-05-16 16:31:58.765868,2024-05-16 16:32:01.331911,0 days 00:00:02.566043,55,0.26523225865942235,10,COMPLETE
509,509,-5.139386663360786,4.612595817518828e-05,2024-05-16 16:32:01.333975,2024-05-16 16:32:03.262315,0 days 00:00:01.928340,10,0.4677353003515332,10,COMPLETE
510,510,-4.296358161943331,4.4564904476928184e-05,2024-05-16 16:32:03.264309,2024-05-16 16:32:05.193274,0 days 00:00:01.928965,10,0.025168466754652008,10,COMPLETE
511,511,-195.49037530349412,0.0002861277633529803,2024-05-16 16:32:05.195268,2024-05-16 16:32:09.844358,0 days 00:00:04.649090,642,0.3287596185370296,10,COMPLETE
512,512,-6.242360435301538,5.100849670949055e-05,2024-05-16 16:32:09.846353,2024-05-16 16:32:12.219013,0 days 00:00:02.372660,15,0.5231187340026761,10,COMPLETE
513,513,-76353.01018243641,0.0029525551687115824,2024-05-16 16:32:12.221006,2024-05-16 16:32:19.500499,0 days 00:00:07.279493,869,0.4677353003515332,10,COMPLETE
514,514,-8.088673826065255,5.703958157212498e-05,2024-05-16 16:32:19.502493,2024-05-16 16:32:21.757710,0 days 00:00:02.255217,10,0.5955277535569715,10,COMPLETE
515,515,-4.535917365384234,4.5565416005150245e-05,2024-05-16 16:32:21.759804,2024-05-16 16:32:24.147858,0 days 00:00:02.388054,10,0.31980726978973273,10,COMPLETE
516,516,-120.78505833834677,0.0001707954858199239,2024-05-16 16:32:24.150851,2024-05-16 16:32:27.081092,0 days 00:00:02.930241,274,0.31980726978973273,10,COMPLETE
517,517,-331.07791868543484,0.0003570299075500032,2024-05-16 16:32:27.082090,2024-05-16 16:32:34.326434,0 days 00:00:07.244344,975,0.36136973568575914,10,COMPLETE
518,518,-12780.449921748585,0.0015442103889044237,2024-05-16 16:32:34.327505,2024-05-16 16:32:37.868243,0 days 00:00:03.540738,327,0.3296704084593238,10,COMPLETE
519,519,-153.78037876339621,0.00016818998134632225,2024-05-16 16:32:37.869240,2024-05-16 16:32:39.911963,0 days 00:00:02.042723,10,0.6184177912092593,10,COMPLETE
520,520,-28.704613098078642,0.0001105995745692053,2024-05-16 16:32:39.913957,2024-05-16 16:32:42.765135,0 days 00:00:02.851178,153,0.26523225865942235,10,COMPLETE
521,521,-26.37182249903438,0.00010712955626331388,2024-05-16 16:32:42.767129,2024-05-16 16:32:45.590132,0 days 00:00:02.823003,121,0.6409038335595968,10,COMPLETE
522,522,-269.72680030032217,0.0003469400515307313,2024-05-16 16:32:45.592127,2024-05-16 16:32:53.809348,0 days 00:00:08.217221,922,0.45504589596235445,10,COMPLETE
523,523,-192.0652462793203,0.00027233202869697266,2024-05-16 16:32:53.811343,2024-05-16 16:32:58.370283,0 days 00:00:04.558940,546,0.5318579518677207,10,COMPLETE
524,524,-635.5902789454752,0.000500921800799629,2024-05-16 16:32:58.372279,2024-05-16 16:33:05.573952,0 days 00:00:07.201673,944,0.14244805776470315,10,COMPLETE
525,525,-365.6766003133919,0.000270440927948138,2024-05-16 16:33:05.576020,2024-05-16 16:33:08.649316,0 days 00:00:03.073296,357,0.8235537567564986,10,COMPLETE
526,526,-4.66350769780031,4.589752442288594e-05,2024-05-16 16:33:08.651309,2024-05-16 16:33:10.604922,0 days 00:00:01.953613,10,0.16860353685066265,10,COMPLETE
527,527,-27.000886334936318,7.751953481656065e-05,2024-05-16 16:33:10.606917,2024-05-16 16:33:12.753995,0 days 00:00:02.147078,10,0.6231724592389004,10,COMPLETE
528,528,-6.361732609450918,5.005988219185728e-05,2024-05-16 16:33:12.755989,2024-05-16 16:33:15.056456,0 days 00:00:02.300467,10,0.979969901668721,10,COMPLETE
529,529,-3.995154477804346,4.1011010560855566e-05,2024-05-16 16:33:15.057453,2024-05-16 16:33:17.094674,0 days 00:00:02.037221,10,0.9827468088681135,10,COMPLETE
530,530,-4.444146852691095,4.5275929555126234e-05,2024-05-16 16:33:17.096668,2024-05-16 16:33:19.164412,0 days 00:00:02.067744,15,0.8163765343962833,10,COMPLETE
531,531,-174913.73851511296,0.004722468906422563,2024-05-16 16:33:19.166409,2024-05-16 16:33:25.671939,0 days 00:00:06.505530,904,0.21243136113462135,10,COMPLETE
532,532,-110.28868970313108,0.0002186999203266248,2024-05-16 16:33:25.673933,2024-05-16 16:33:31.307743,0 days 00:00:05.633810,784,0.09530225291441463,10,COMPLETE
533,533,-5.822864226978368,5.0625041461712946e-05,2024-05-16 16:33:31.309738,2024-05-16 16:33:33.518317,0 days 00:00:02.208579,24,0.4157448699887748,10,COMPLETE
534,534,-1003.8621100132541,0.0005001431378332555,2024-05-16 16:33:33.520312,2024-05-16 16:33:38.932137,0 days 00:00:05.411825,665,0.3587388244801428,10,COMPLETE
535,535,-5.495261908325641,4.8712415916804826e-05,2024-05-16 16:33:38.934130,2024-05-16 16:33:40.868614,0 days 00:00:01.934484,10,0.3679848615204234,10,COMPLETE
536,536,-196.55567463574434,0.0002848065572999386,2024-05-16 16:33:40.869668,2024-05-16 16:33:45.227195,0 days 00:00:04.357527,590,0.4677353003515332,10,COMPLETE
537,537,-209.17730918666493,0.00015272676688170452,2024-05-16 16:33:45.229191,2024-05-16 16:33:47.282408,0 days 00:00:02.053217,10,0.113693002646026,10,COMPLETE
538,538,-13098.594751951747,0.0017867547504947733,2024-05-16 16:33:47.283403,2024-05-16 16:33:53.895112,0 days 00:00:06.611709,838,0.6526350435088841,10,COMPLETE
539,539,-4.156448184636884,4.3436102059998936e-05,2024-05-16 16:33:53.897106,2024-05-16 16:33:56.026701,0 days 00:00:02.129595,10,0.1347433340282571,10,COMPLETE
