,number,values_0,values_1,datetime_start,datetime_complete,duration,params_dim,params_smoothing_level,params_smoothing_trend,params_use_boxcox,system_attrs_nsga2:generation,state
944,944,0.17816696616450106,0.10383316246883152,2024-05-16 11:50:44.848934,2024-05-16 11:50:49.752604,0 days 00:00:04.903670,52,0.8963994392275162,0.5996427502987954,False,18,COMPLETE
945,945,-0.10883764500190438,0.11776651345186913,2024-05-16 11:50:49.755608,2024-05-16 11:50:52.772221,0 days 00:00:03.016613,52,0.6396727420821675,0.43776005475302393,True,18,COMPLETE
946,946,0.047355381636657846,0.11671300385735876,2024-05-16 11:50:52.774215,2024-05-16 11:50:55.970551,0 days 00:00:03.196336,58,0.8963994392275162,0.18773922746579486,False,18,COMPLETE
947,947,0.3912990359946348,0.08751059985535198,2024-05-16 11:50:55.972544,2024-05-16 11:50:59.182603,0 days 00:00:03.210059,52,0.8965634370266353,0.1843023718236858,True,18,COMPLETE
948,948,0.37500166266332247,0.09100943610868337,2024-05-16 11:50:59.184616,2024-05-16 11:51:03.018960,0 days 00:00:03.834344,58,0.8127156960799414,0.21433889234696413,False,18,COMPLETE
949,949,-0.5659662016519726,0.1363723508763317,2024-05-16 11:51:03.020948,2024-05-16 11:51:05.504847,0 days 00:00:02.483899,85,0.8965634370266353,0.05592784577460197,True,18,COMPLETE
950,950,-0.7694041096996649,0.1493964957791716,2024-05-16 11:51:05.506823,2024-05-16 11:51:07.850552,0 days 00:00:02.343729,45,0.36641410640798344,0.4114277405311313,True,19,COMPLETE
951,951,-0.019604549260234895,0.11930939025785565,2024-05-16 11:51:07.852789,2024-05-16 11:51:12.339287,0 days 00:00:04.486498,45,0.7949874873712804,0.4114277405311313,False,19,COMPLETE
952,952,-0.694536429975164,0.14555395848011893,2024-05-16 11:51:12.341282,2024-05-16 11:51:16.401087,0 days 00:00:04.059805,51,0.7949874873712804,0.4114277405311313,True,19,COMPLETE
953,953,0.45536360742278825,0.0859147593033747,2024-05-16 11:51:16.403189,2024-05-16 11:51:22.062321,0 days 00:00:05.659132,96,0.8680971781565545,0.035610602850976725,True,19,COMPLETE
954,954,-0.4619227829951898,0.12816026133388084,2024-05-16 11:51:22.065361,2024-05-16 11:51:25.173922,0 days 00:00:03.108561,52,0.7202587045738691,0.06693206732750656,False,19,COMPLETE
955,955,-0.17598851274575877,0.12651065265848493,2024-05-16 11:51:25.175427,2024-05-16 11:51:29.915909,0 days 00:00:04.740482,38,0.8815382014493156,0.6201856047543517,True,19,COMPLETE
956,956,0.2798673911727014,0.09971114374420138,2024-05-16 11:51:29.917903,2024-05-16 11:51:33.335227,0 days 00:00:03.417324,45,0.7949874873712804,0.43776005475302393,False,19,COMPLETE
957,957,0.3712473612781199,0.08595837444394457,2024-05-16 11:51:33.337988,2024-05-16 11:51:35.794413,0 days 00:00:02.456425,52,0.8663887679719304,0.7921712658552167,True,19,COMPLETE
958,958,-0.2268658001681534,0.12544183689881644,2024-05-16 11:51:35.796408,2024-05-16 11:51:38.243186,0 days 00:00:02.446778,52,0.8127156960799414,0.5316704397207329,False,19,COMPLETE
959,959,0.08010722052895161,0.1078169973830487,2024-05-16 11:51:38.244184,2024-05-16 11:51:39.788457,0 days 00:00:01.544273,18,0.8957094338170173,0.7921712658552167,False,19,COMPLETE
960,960,-0.7689336907251308,0.15692437002057927,2024-05-16 11:51:39.790474,2024-05-16 11:51:41.191155,0 days 00:00:01.400681,58,0.7949874873712804,0.43776005475302393,True,19,COMPLETE
961,961,0.055589589157442276,0.1162536220646195,2024-05-16 11:51:41.193149,2024-05-16 11:51:44.639475,0 days 00:00:03.446326,58,0.8963994392275162,0.9547702379598568,False,19,COMPLETE
962,962,-0.47792545963328054,0.14474290280802884,2024-05-16 11:51:44.641400,2024-05-16 11:51:46.285284,0 days 00:00:01.643884,58,0.8963994392275162,0.8639265442596397,False,19,COMPLETE
963,963,0.22173695922012904,0.10375382557949557,2024-05-16 11:51:46.286438,2024-05-16 11:51:48.718390,0 days 00:00:02.431952,15,0.8963994392275162,0.3002750009323196,False,19,COMPLETE
964,964,-0.3958145210103692,0.1387583739868575,2024-05-16 11:51:48.720525,2024-05-16 11:51:52.397655,0 days 00:00:03.677130,12,0.8127156960799414,0.7659341412549274,False,19,COMPLETE
965,965,0.3807497014957432,0.0908953807493003,2024-05-16 11:51:52.399650,2024-05-16 11:51:56.096698,0 days 00:00:03.697048,45,0.7949874873712804,0.894598833052137,True,19,COMPLETE
966,966,-0.044405813223848886,0.12090481148793182,2024-05-16 11:51:56.098691,2024-05-16 11:51:59.036939,0 days 00:00:02.938248,52,0.8127156960799414,0.21433889234696413,False,19,COMPLETE
967,967,-0.7586872459492955,0.1416614677446799,2024-05-16 11:51:59.039931,2024-05-16 11:52:02.358102,0 days 00:00:03.318171,52,0.8815382014493156,0.6201856047543517,False,19,COMPLETE
968,968,0.2643000299487099,0.09613878244196986,2024-05-16 11:52:02.360096,2024-05-16 11:52:05.075588,0 days 00:00:02.715492,85,0.8965634370266353,0.38884053796828555,False,19,COMPLETE
969,969,0.40097218606105284,0.08880330877892824,2024-05-16 11:52:05.077985,2024-05-16 11:52:08.859090,0 days 00:00:03.781105,45,0.7949874873712804,0.4114277405311313,True,19,COMPLETE
970,970,-1.5085824025672383,0.15250526407819137,2024-05-16 11:52:08.861583,2024-05-16 11:52:11.741194,0 days 00:00:02.879611,45,0.17049811465685227,0.353847579212205,True,19,COMPLETE
971,971,0.3312997021718472,0.09454331201924364,2024-05-16 11:52:11.742246,2024-05-16 11:52:14.436013,0 days 00:00:02.693767,58,0.8963994392275162,0.2868599011725893,False,19,COMPLETE
972,972,0.19562290819694955,0.10402264478654577,2024-05-16 11:52:14.437009,2024-05-16 11:52:17.960054,0 days 00:00:03.523045,85,0.8965634370266353,0.38884053796828555,True,19,COMPLETE
973,973,-1.381884805421901,0.18369278446733187,2024-05-16 11:52:17.962048,2024-05-16 11:52:19.784380,0 days 00:00:01.822332,52,0.8127156960799414,0.3838241063565315,False,19,COMPLETE
974,974,-0.020191560779500618,0.11500121975817978,2024-05-16 11:52:19.786405,2024-05-16 11:52:22.352633,0 days 00:00:02.566228,58,0.8963994392275162,0.4114277405311313,False,19,COMPLETE
975,975,-0.4379208139089883,0.13203589128501664,2024-05-16 11:52:22.353691,2024-05-16 11:52:24.742455,0 days 00:00:02.388764,44,0.05851121536998105,0.4114277405311313,True,19,COMPLETE
976,976,-2.298674387981849,0.18942081019941512,2024-05-16 11:52:24.744345,2024-05-16 11:52:27.361354,0 days 00:00:02.617009,4,0.7949874873712804,0.38884053796828555,False,19,COMPLETE
977,977,-0.3599272505657432,0.12067272790469889,2024-05-16 11:52:27.362381,2024-05-16 11:52:29.304003,0 days 00:00:01.941622,52,0.8815382014493156,0.6990772264926722,False,19,COMPLETE
978,978,-0.5611402142406644,0.15039066363804024,2024-05-16 11:52:29.305997,2024-05-16 11:52:31.129335,0 days 00:00:01.823338,45,0.8815382014493156,0.21433889234696413,True,19,COMPLETE
979,979,0.1514982353112975,0.10363351909842126,2024-05-16 11:52:31.131329,2024-05-16 11:52:35.602221,0 days 00:00:04.470892,49,0.7949874873712804,0.4114277405311313,True,19,COMPLETE
980,980,-0.20466144923058333,0.12527667956361258,2024-05-16 11:52:35.604167,2024-05-16 11:52:38.439893,0 days 00:00:02.835726,60,0.8127156960799414,0.21433889234696413,True,19,COMPLETE
981,981,-0.3928077960288165,0.1277673421631968,2024-05-16 11:52:38.441255,2024-05-16 11:52:41.558628,0 days 00:00:03.117373,45,0.8815382014493156,0.5321875162324811,False,19,COMPLETE
982,982,-1.2857372393761934,0.17771648717370164,2024-05-16 11:52:41.560623,2024-05-16 11:52:44.047177,0 days 00:00:02.486554,45,0.7949874873712804,0.4114277405311313,True,19,COMPLETE
983,983,0.27662576338021533,0.10068232058201713,2024-05-16 11:52:44.049171,2024-05-16 11:52:48.305852,0 days 00:00:04.256681,69,0.8127156960799414,0.4936424524366335,True,19,COMPLETE
984,984,-0.39705643097507215,0.13990672600839318,2024-05-16 11:52:48.307846,2024-05-16 11:52:50.785731,0 days 00:00:02.477885,52,0.7949874873712804,0.4114277405311313,False,19,COMPLETE
985,985,-0.1557573824710747,0.11563838360204462,2024-05-16 11:52:50.787725,2024-05-16 11:52:54.147161,0 days 00:00:03.359436,52,0.6545817298787963,0.4218919131144234,False,19,COMPLETE
986,986,0.5409212394570606,0.07755859204697498,2024-05-16 11:52:54.149156,2024-05-16 11:52:58.044220,0 days 00:00:03.895064,51,0.8815382014493156,0.5923667852521575,True,19,COMPLETE
987,987,-0.35115830978601703,0.13081960802700726,2024-05-16 11:52:58.045233,2024-05-16 11:53:00.537996,0 days 00:00:02.492763,51,0.8815382014493156,0.4114277405311313,True,19,COMPLETE
988,988,-0.7279255508252762,0.152428757837873,2024-05-16 11:53:00.539991,2024-05-16 11:53:03.226310,0 days 00:00:02.686319,45,0.8965634370266353,0.38884053796828555,True,19,COMPLETE
989,989,-1.0558569555676907,0.15586354627584725,2024-05-16 11:53:03.228390,2024-05-16 11:53:05.139161,0 days 00:00:01.910771,45,0.925828675883483,0.941236161838664,False,19,COMPLETE
990,990,-0.16812428463699258,0.12663124241269935,2024-05-16 11:53:05.141156,2024-05-16 11:53:07.723668,0 days 00:00:02.582512,85,0.8965634370266353,0.18773922746579486,True,19,COMPLETE
991,991,0.11797977402889961,0.10385821611298374,2024-05-16 11:53:07.725662,2024-05-16 11:53:12.044852,0 days 00:00:04.319190,52,0.8963994392275162,0.4114277405311313,False,19,COMPLETE
992,992,-0.3878642370088502,0.12740203953534782,2024-05-16 11:53:12.046847,2024-05-16 11:53:14.842849,0 days 00:00:02.796002,52,0.7949874873712804,0.4114277405311313,True,19,COMPLETE
993,993,0.37071829963130504,0.09180114956356397,2024-05-16 11:53:14.846097,2024-05-16 11:53:17.940848,0 days 00:00:03.094751,52,0.8815382014493156,0.06693206732750656,False,19,COMPLETE
994,994,-0.8569485734497533,0.1536439196918311,2024-05-16 11:53:17.943802,2024-05-16 11:53:22.633396,0 days 00:00:04.689594,45,0.7949874873712804,0.12028552144671334,True,19,COMPLETE
995,995,0.3351188194239666,0.09562508853956404,2024-05-16 11:53:22.635096,2024-05-16 11:53:28.928025,0 days 00:00:06.292929,67,0.8127156960799414,0.21433889234696413,False,19,COMPLETE
996,996,-0.035591300570640395,0.11671907602887463,2024-05-16 11:53:28.930020,2024-05-16 11:53:34.293456,0 days 00:00:05.363436,52,0.8963994392275162,0.7921712658552167,False,19,COMPLETE
997,997,-0.7662991535755415,0.1497691872535874,2024-05-16 11:53:34.297445,2024-05-16 11:53:37.534292,0 days 00:00:03.236847,75,0.3577037236031553,0.4218919131144234,False,19,COMPLETE
998,998,-1.3590169683473683,0.17397128299795775,2024-05-16 11:53:37.536287,2024-05-16 11:53:40.322342,0 days 00:00:02.786055,58,0.8963994392275162,0.4114277405311313,True,19,COMPLETE
999,999,-1.5560976182856934,0.177268752381592,2024-05-16 11:53:40.325334,2024-05-16 11:53:42.875396,0 days 00:00:02.550062,51,0.16819118150965562,0.9369883575326172,False,19,COMPLETE
