,number,values_0,values_1,datetime_start,datetime_complete,duration,params_dim,params_smoothing_level,params_smoothing_trend,system_attrs_nsga2:generation,state
602,602,-4.607236700121473,4.599823166890844e-05,2024-05-18 08:39:25.198556,2024-05-18 08:39:27.323636,0 days 00:00:02.125080,4,0.029864221534959268,0.9095680458450501,12,COMPLETE
603,603,-29990.888767636265,0.001915992883987207,2024-05-18 08:39:27.323636,2024-05-18 08:39:34.631922,0 days 00:00:07.308286,761,0.856051848826716,0.3050241939612597,12,COMPLETE
604,604,-194119.59772192495,0.005786688165367428,2024-05-18 08:39:34.633917,2024-05-18 08:39:46.650652,0 days 00:00:12.016735,910,0.6532038166410609,0.8660142850896904,12,COMPLETE
605,605,-5.4093122352837515,4.906422295596299e-05,2024-05-18 08:39:46.650652,2024-05-18 08:39:48.999338,0 days 00:00:02.348686,4,0.7420128958713069,0.08328467403651163,12,COMPLETE
606,606,-5.291700515994225,4.828569913032766e-05,2024-05-18 08:39:48.999338,2024-05-18 08:39:51.307851,0 days 00:00:02.308513,4,0.7632000022886348,0.9378857949419868,12,COMPLETE
607,607,-9.035104424652332,5.193552286943849e-05,2024-05-18 08:39:51.309845,2024-05-18 08:39:53.684567,0 days 00:00:02.374722,11,0.8643730694131961,0.9378857949419868,12,COMPLETE
608,608,-4.543208980384509,4.574460676744167e-05,2024-05-18 08:39:53.684567,2024-05-18 08:39:55.784574,0 days 00:00:02.100007,4,0.30563936770043576,0.9378857949419868,12,COMPLETE
609,609,-576.8500780252173,0.0004236422421182908,2024-05-18 08:39:55.786568,2024-05-18 08:40:04.647170,0 days 00:00:08.860602,927,0.8791226853533946,0.4833684640676533,12,COMPLETE
610,610,-4.297967193849002,4.4651002739226845e-05,2024-05-18 08:40:04.649164,2024-05-18 08:40:06.849507,0 days 00:00:02.200343,4,0.5994569891407125,0.8920308982967438,12,COMPLETE
611,611,-179056.83520329764,0.004325803420718423,2024-05-18 08:40:06.849507,2024-05-18 08:40:15.435405,0 days 00:00:08.585898,831,0.763949465589627,0.1999078784625301,12,COMPLETE
612,612,-3.9313374492904756,4.286212543768345e-05,2024-05-18 08:40:15.438397,2024-05-18 08:40:17.973514,0 days 00:00:02.535117,4,0.7632000022886348,0.8660142850896904,12,COMPLETE
613,613,-13.991945970924368,6.479653037581488e-05,2024-05-18 08:40:17.973514,2024-05-18 08:40:20.134023,0 days 00:00:02.160509,4,0.09311889584602828,0.8660142850896904,12,COMPLETE
614,614,-3453.6816357908165,0.0007067405722359848,2024-05-18 08:40:20.134023,2024-05-18 08:40:24.078755,0 days 00:00:03.944732,525,0.7427048605225952,0.8884671751483024,12,COMPLETE
615,615,-4.183693084464958,4.4009333572467206e-05,2024-05-18 08:40:24.078755,2024-05-18 08:40:26.394282,0 days 00:00:02.315527,4,0.7632000022886348,0.45730368613343897,12,COMPLETE
616,616,-32.99952835793549,0.00011781646401931047,2024-05-18 08:40:26.394282,2024-05-18 08:40:29.947263,0 days 00:00:03.552981,277,0.8643730694131961,0.6182893200026809,12,COMPLETE
617,617,-9777.209189141004,0.0010928674013173853,2024-05-18 08:40:29.949257,2024-05-18 08:40:34.152267,0 days 00:00:04.203010,473,0.6636439329575906,0.9378857949419868,12,COMPLETE
618,618,-544.3179744222709,0.00023149571200508224,2024-05-18 08:40:34.153783,2024-05-18 08:40:36.643374,0 days 00:00:02.489591,4,0.022917632006468902,0.9378857949419868,12,COMPLETE
619,619,-512.4345707011619,0.0004320248939418887,2024-05-18 08:40:36.644982,2024-05-18 08:40:45.929833,0 days 00:00:09.284851,771,0.8074026816175291,0.9378857949419868,12,COMPLETE
620,620,-4.571707233108446,4.5799250215034794e-05,2024-05-18 08:40:45.931826,2024-05-18 08:40:48.205900,0 days 00:00:02.274074,4,0.14415990125124367,0.5679546247625413,12,COMPLETE
621,621,-25.92505723195569,0.00010087284903777234,2024-05-18 08:40:48.205900,2024-05-18 08:40:52.299356,0 days 00:00:04.093456,252,0.14415990125124367,0.9378857949419868,12,COMPLETE
622,622,-4.2602264611818415,4.451498424077218e-05,2024-05-18 08:40:52.299356,2024-05-18 08:40:54.678364,0 days 00:00:02.379008,4,0.9426644189248469,0.5785907310670091,12,COMPLETE
623,623,-515.3954077631114,0.00037062374958448535,2024-05-18 08:40:54.693985,2024-05-18 08:40:58.646728,0 days 00:00:03.952743,441,0.795115107248513,0.9095680458450501,12,COMPLETE
624,624,-853.2617992657817,0.0003918894408725581,2024-05-18 08:40:58.646728,2024-05-18 08:41:03.828841,0 days 00:00:05.182113,420,0.8596853943574363,0.8660142850896904,12,COMPLETE
625,625,-5.651845723604292,4.989766712539676e-05,2024-05-18 08:41:03.844462,2024-05-18 08:41:06.163746,0 days 00:00:02.319284,4,0.8596853943574363,0.8660142850896904,12,COMPLETE
626,626,-5.899275728097675,5.063485785314384e-05,2024-05-18 08:41:06.163746,2024-05-18 08:41:08.409774,0 days 00:00:02.246028,4,0.8995087242376825,0.32949707049540056,12,COMPLETE
627,627,-115.44136589751444,0.00012205986338257297,2024-05-18 08:41:08.412518,2024-05-18 08:41:10.661623,0 days 00:00:02.249105,4,0.8074026816175291,0.011092611651882578,12,COMPLETE
628,628,-5.1732018852409345,4.794525733782279e-05,2024-05-18 08:41:10.664615,2024-05-18 08:41:12.922208,0 days 00:00:02.257593,4,0.8074026816175291,0.9378857949419868,12,COMPLETE
629,629,-4.262276953580953,4.460680852517856e-05,2024-05-18 08:41:12.922208,2024-05-18 08:41:15.196200,0 days 00:00:02.273992,15,0.14415990125124367,0.16129206986598255,12,COMPLETE
630,630,-5.136000462060222,4.8245629258768996e-05,2024-05-18 08:41:15.196200,2024-05-18 08:41:17.459181,0 days 00:00:02.262981,4,0.0006600181906820657,0.24256979329013428,12,COMPLETE
631,631,-4.777646737545277,4.669900659618507e-05,2024-05-18 08:41:17.474802,2024-05-18 08:41:19.814072,0 days 00:00:02.339270,4,0.14415990125124367,0.46148164734583474,12,COMPLETE
632,632,-5.015358130245792,4.610416459812056e-05,2024-05-18 08:41:19.814072,2024-05-18 08:41:22.287180,0 days 00:00:02.473108,4,0.24144629949850227,0.9378857949419868,12,COMPLETE
633,633,-8.39703475405179,5.780955864377468e-05,2024-05-18 08:41:22.287180,2024-05-18 08:41:24.503533,0 days 00:00:02.216353,11,0.8643730694131961,0.3050241939612597,12,COMPLETE
634,634,-25.426858953033996,0.00010440404949252835,2024-05-18 08:41:24.519154,2024-05-18 08:41:28.454580,0 days 00:00:03.935426,272,0.8643730694131961,0.9378857949419868,12,COMPLETE
635,635,-502.39115949879533,0.0004171530043478182,2024-05-18 08:41:28.454580,2024-05-18 08:41:34.598494,0 days 00:00:06.143914,660,0.8596853943574363,0.9378857949419868,12,COMPLETE
636,636,-530461.8396339768,0.007630904552450274,2024-05-18 08:41:34.598494,2024-05-18 08:41:39.375472,0 days 00:00:04.776978,605,0.23640664759822927,0.9378857949419868,12,COMPLETE
637,637,-2186.8944875375973,0.0005039366661346263,2024-05-18 08:41:39.375472,2024-05-18 08:41:43.459157,0 days 00:00:04.083685,361,0.9832184304309212,0.33614387642513055,12,COMPLETE
638,638,-74.94879882004041,0.00017991021513190695,2024-05-18 08:41:43.459157,2024-05-18 08:41:48.313224,0 days 00:00:04.854067,484,0.5792962423091018,0.8660142850896904,12,COMPLETE
639,639,-3.538532869319275,4.016302780832546e-05,2024-05-18 08:41:48.313224,2024-05-18 08:41:50.660680,0 days 00:00:02.347456,4,0.8643730694131961,0.5216627819506698,12,COMPLETE
640,640,-1978385.7753968728,0.01901285064697655,2024-05-18 08:41:50.660680,2024-05-18 08:41:56.955277,0 days 00:00:06.294597,743,0.8643730694131961,0.6325028267654934,12,COMPLETE
641,641,-53.167306027899954,0.0001497373603089833,2024-05-18 08:41:56.955277,2024-05-18 08:42:00.660625,0 days 00:00:03.705348,483,0.48111156720540904,0.9378857949419868,12,COMPLETE
642,642,-4.941733329265715,4.729672583200325e-05,2024-05-18 08:42:00.660625,2024-05-18 08:42:02.976919,0 days 00:00:02.316294,4,0.2040000870777089,0.6678703390709317,12,COMPLETE
643,643,-11620.872170189552,0.0012074229013876398,2024-05-18 08:42:02.978914,2024-05-18 08:42:08.086232,0 days 00:00:05.107318,532,0.8643730694131961,0.21253683427063408,12,COMPLETE
644,644,-373.41802473892034,0.00037315479613554844,2024-05-18 08:42:08.086232,2024-05-18 08:42:12.858425,0 days 00:00:04.772193,631,0.2784831468587421,0.8660142850896904,12,COMPLETE
645,645,-20.60511287851206,9.408942288834632e-05,2024-05-18 08:42:12.858425,2024-05-18 08:42:16.670183,0 days 00:00:03.811758,211,0.022917632006468902,0.5765972925769673,12,COMPLETE
646,646,-4.795064244860124,4.666865731434401e-05,2024-05-18 08:42:16.670183,2024-05-18 08:42:19.370301,0 days 00:00:02.700118,4,0.8705907402636234,0.9378857949419868,12,COMPLETE
647,647,-36197.9933601026,0.0020683981087955185,2024-05-18 08:42:19.372331,2024-05-18 08:42:23.689787,0 days 00:00:04.317456,644,0.8596853943574363,0.9378857949419868,12,COMPLETE
648,648,-76798.81320081223,0.0031181788671439726,2024-05-18 08:42:23.689787,2024-05-18 08:42:31.384310,0 days 00:00:07.694523,819,0.20588332369938267,0.018821899388053454,12,COMPLETE
649,649,-75973.17673509053,0.00432706280388955,2024-05-18 08:42:31.384310,2024-05-18 08:42:35.224878,0 days 00:00:03.840568,393,0.1694236900196805,0.8977250046036028,12,COMPLETE
650,650,-39.7775451244291,0.0001284310221880845,2024-05-18 08:42:35.224878,2024-05-18 08:42:41.037649,0 days 00:00:05.812771,514,0.011634796973797434,0.9378857949419868,13,COMPLETE
651,651,-4.057267651387312,4.363745300433561e-05,2024-05-18 08:42:41.037649,2024-05-18 08:42:43.454432,0 days 00:00:02.416783,4,0.11053853533889202,0.5515458669281674,13,COMPLETE
652,652,-4.221750712280176,4.427319161858969e-05,2024-05-18 08:42:43.454432,2024-05-18 08:42:46.265165,0 days 00:00:02.810733,4,0.35719901400023213,0.9095680458450501,13,COMPLETE
653,653,-688681.6050597297,0.008198545034851101,2024-05-18 08:42:46.267159,2024-05-18 08:42:55.465757,0 days 00:00:09.198598,939,0.35719901400023213,0.272777413055576,13,COMPLETE
654,654,-5.2048208610353495,4.833421257693953e-05,2024-05-18 08:42:55.465757,2024-05-18 08:42:57.898097,0 days 00:00:02.432340,4,0.9795811338329083,0.9378857949419868,13,COMPLETE
655,655,-170.90812318085628,0.00027170525345806266,2024-05-18 08:42:57.914768,2024-05-18 08:43:03.666687,0 days 00:00:05.751919,647,0.718507187210106,0.9077349266711264,13,COMPLETE
656,656,-63.67651979092572,0.0001586083889770667,2024-05-18 08:43:03.668681,2024-05-18 08:43:08.843328,0 days 00:00:05.174647,498,0.01754231879125434,0.9378857949419868,13,COMPLETE
657,657,-5.968556712366459,5.0316309836751806e-05,2024-05-18 08:43:08.843328,2024-05-18 08:43:11.542959,0 days 00:00:02.699631,4,0.8643730694131961,0.5785907310670091,13,COMPLETE
658,658,-2811.621972136112,0.0007853265986242407,2024-05-18 08:43:11.542959,2024-05-18 08:43:19.038535,0 days 00:00:07.495576,678,0.46715525234533417,0.8660142850896904,13,COMPLETE
659,659,-6.951720420572291,5.2127739400557956e-05,2024-05-18 08:43:19.038535,2024-05-18 08:43:21.443853,0 days 00:00:02.405318,4,0.5226745496433993,0.8660142850896904,13,COMPLETE
660,660,-2073.1271406428673,0.0004997349415481687,2024-05-18 08:43:21.443853,2024-05-18 08:43:24.123381,0 days 00:00:02.679528,131,0.35719901400023213,0.3050241939612597,13,COMPLETE
661,661,-6.4414251515641086,5.1955403674960713e-05,2024-05-18 08:43:24.123381,2024-05-18 08:43:26.418612,0 days 00:00:02.295231,4,0.8643730694131961,0.4717951571260347,13,COMPLETE
662,662,-668.9746666346723,0.0004556557016956759,2024-05-18 08:43:26.434814,2024-05-18 08:43:31.751196,0 days 00:00:05.316382,612,0.022917632006468902,0.6927500852298278,13,COMPLETE
663,663,-5.242141215140939,4.84520344431402e-05,2024-05-18 08:43:31.751196,2024-05-18 08:43:34.091510,0 days 00:00:02.340314,4,0.46991619403972307,0.7915403442888447,13,COMPLETE
664,664,-22.58788214650182,9.751430991522959e-05,2024-05-18 08:43:34.092507,2024-05-18 08:43:36.949207,0 days 00:00:02.856700,135,0.5922223961971003,0.9378857949419868,13,COMPLETE
665,665,-50.88499649305125,9.544106980056123e-05,2024-05-18 08:43:36.949207,2024-05-18 08:43:39.979331,0 days 00:00:03.030124,12,0.7420128958713069,0.21692288446135555,13,COMPLETE
666,666,-4.304644933314202,4.3947240880262844e-05,2024-05-18 08:43:39.979331,2024-05-18 08:43:42.234079,0 days 00:00:02.254748,4,0.10938061846093317,0.9652905230541027,13,COMPLETE
667,667,-4.654282343845721,4.612677081854051e-05,2024-05-18 08:43:42.234079,2024-05-18 08:43:44.813953,0 days 00:00:02.579874,4,0.7632000022886348,0.6512011482009976,13,COMPLETE
668,668,-7.275495158345812,5.683264962218725e-05,2024-05-18 08:43:44.813953,2024-05-18 08:43:47.582593,0 days 00:00:02.768640,25,0.8643730694131961,0.46148164734583474,13,COMPLETE
669,669,-3.487195326375326,4.023145998765687e-05,2024-05-18 08:43:47.582593,2024-05-18 08:43:50.021960,0 days 00:00:02.439367,4,0.9426644189248469,0.3618653790020109,13,COMPLETE
670,670,-4.799676730230815,4.607007190420919e-05,2024-05-18 08:43:50.022958,2024-05-18 08:43:52.775740,0 days 00:00:02.752782,11,0.7420128958713069,0.9778649382369596,13,COMPLETE
671,671,-270.28429429576124,0.0003437975908792274,2024-05-18 08:43:52.778732,2024-05-18 08:44:01.453143,0 days 00:00:08.674411,856,0.8074026816175291,0.46148164734583474,13,COMPLETE
672,672,-7.599422814178912,5.769064969135504e-05,2024-05-18 08:44:01.453143,2024-05-18 08:44:04.373486,0 days 00:00:02.920343,25,0.14415990125124367,0.46148164734583474,13,COMPLETE
673,673,-4568.19270270241,0.0008364832505338693,2024-05-18 08:44:04.373486,2024-05-18 08:44:08.258590,0 days 00:00:03.885104,410,0.022917632006468902,0.5785907310670091,13,COMPLETE
674,674,-4.042960375564968,4.0832348098753725e-05,2024-05-18 08:44:08.259588,2024-05-18 08:44:10.567752,0 days 00:00:02.308164,4,0.1613988236942563,0.33614387642513055,13,COMPLETE
675,675,-5.056926457196465,4.764549745959855e-05,2024-05-18 08:44:10.567752,2024-05-18 08:44:12.613885,0 days 00:00:02.046133,4,0.2794375339276286,0.9378857949419868,13,COMPLETE
676,676,-7.582813870338407,5.6030004187135045e-05,2024-05-18 08:44:12.629506,2024-05-18 08:44:15.025606,0 days 00:00:02.396100,25,0.6812481846906641,0.9996168438108226,13,COMPLETE
677,677,-3.5027381784293525,3.9966845406154136e-05,2024-05-18 08:44:15.025606,2024-05-18 08:44:17.493662,0 days 00:00:02.468056,11,0.5901848826405418,0.9378857949419868,13,COMPLETE
678,678,-4.566383445367303,4.5855793038025325e-05,2024-05-18 08:44:17.493662,2024-05-18 08:44:19.617611,0 days 00:00:02.123949,4,0.14415990125124367,0.9378857949419868,13,COMPLETE
679,679,-14.78825514499415,6.9900670000207e-05,2024-05-18 08:44:19.617611,2024-05-18 08:44:22.033001,0 days 00:00:02.415390,24,0.6162812727269025,0.7236878313292056,13,COMPLETE
680,680,-4.413327793644065,4.522669212141832e-05,2024-05-18 08:44:22.033998,2024-05-18 08:44:24.325805,0 days 00:00:02.291807,4,0.8643730694131961,0.33614387642513055,13,COMPLETE
681,681,-6.630765321941338,4.5066728894707075e-05,2024-05-18 08:44:24.325805,2024-05-18 08:44:26.375309,0 days 00:00:02.049504,4,0.7420128958713069,0.5785907310670091,13,COMPLETE
682,682,-140772.17229334626,0.003941849935052121,2024-05-18 08:44:26.375309,2024-05-18 08:44:35.387592,0 days 00:00:09.012283,960,0.2513005418794958,0.9378857949419868,13,COMPLETE
683,683,-51058.55423857153,0.002861080178535054,2024-05-18 08:44:35.387592,2024-05-18 08:44:40.879578,0 days 00:00:05.491986,603,0.8643730694131961,0.3050241939612597,13,COMPLETE
684,684,-4.902079248800003,4.666024643913967e-05,2024-05-18 08:44:40.879578,2024-05-18 08:44:43.136748,0 days 00:00:02.257170,4,0.60992054640252,0.9378857949419868,13,COMPLETE
685,685,-4.83578078648983,4.657641013336849e-05,2024-05-18 08:44:43.136748,2024-05-18 08:44:45.231990,0 days 00:00:02.095242,4,0.7632000022886348,0.27584217176310166,13,COMPLETE
686,686,-67.2310127739169,0.00010545862605566723,2024-05-18 08:44:45.231990,2024-05-18 08:44:47.798264,0 days 00:00:02.566274,15,0.8074026816175291,0.9378857949419868,13,COMPLETE
687,687,-6.678555907033608,5.204250568776115e-05,2024-05-18 08:44:47.798264,2024-05-18 08:44:49.907671,0 days 00:00:02.109407,4,0.7420128958713069,0.5785907310670091,13,COMPLETE
688,688,-4589.886924777841,0.0009087896662345822,2024-05-18 08:44:49.907671,2024-05-18 08:44:54.217383,0 days 00:00:04.309712,532,0.7427048605225952,0.8884671751483024,13,COMPLETE
689,689,-80930.19756678402,0.002891300932750808,2024-05-18 08:44:54.233004,2024-05-18 08:44:57.648454,0 days 00:00:03.415450,407,0.9335991196157458,0.8660142850896904,13,COMPLETE
690,690,-5.688471697474974,4.987363705078635e-05,2024-05-18 08:44:57.648454,2024-05-18 08:44:59.886703,0 days 00:00:02.238249,11,0.35719901400023213,0.5564646415600245,13,COMPLETE
691,691,-8.830326914170353,5.175398806287074e-05,2024-05-18 08:44:59.886703,2024-05-18 08:45:01.932625,0 days 00:00:02.045922,4,0.763949465589627,0.12769388044623053,13,COMPLETE
692,692,-349.463121424218,0.00037751528085348547,2024-05-18 08:45:01.932625,2024-05-18 08:45:10.357924,0 days 00:00:08.425299,785,0.01754231879125434,0.9378857949419868,13,COMPLETE
693,693,-8431.510771694655,0.0008090587188260299,2024-05-18 08:45:10.357924,2024-05-18 08:45:12.566164,0 days 00:00:02.208240,4,0.8643730694131961,0.3050241939612597,13,COMPLETE
694,694,-852406.9167052703,0.012914751171264869,2024-05-18 08:45:12.566164,2024-05-18 08:45:20.004869,0 days 00:00:07.438705,798,0.7632000022886348,0.20962889530957907,13,COMPLETE
695,695,-6.7134156713619575,5.1196115131063675e-05,2024-05-18 08:45:20.004869,2024-05-18 08:45:22.279092,0 days 00:00:02.274223,4,0.8074026816175291,0.9378857949419868,13,COMPLETE
696,696,-4.508372602684655,4.548632450497174e-05,2024-05-18 08:45:22.279092,2024-05-18 08:45:24.588182,0 days 00:00:02.309090,11,0.35719901400023213,0.5001690195749664,13,COMPLETE
697,697,-3.0279701330210043,3.829778645450567e-05,2024-05-18 08:45:24.603803,2024-05-18 08:45:27.079753,0 days 00:00:02.475950,4,0.3208917182484211,0.45730368613343897,13,COMPLETE
698,698,-4.224569179571872,4.407628930687772e-05,2024-05-18 08:45:27.079753,2024-05-18 08:45:29.093533,0 days 00:00:02.013780,4,0.8643730694131961,0.21253683427063408,13,COMPLETE
699,699,-37.40791614498234,8.57473069019593e-05,2024-05-18 08:45:29.093533,2024-05-18 08:45:31.460637,0 days 00:00:02.367104,4,0.8643730694131961,0.21253683427063408,13,COMPLETE
700,700,-284.4416825275717,0.0003475280847514499,2024-05-18 08:45:31.460637,2024-05-18 08:45:40.578801,0 days 00:00:09.118164,998,0.022917632006468902,0.11549721856214501,14,COMPLETE
701,701,-3.6299701256463393,4.1146624339537754e-05,2024-05-18 08:45:40.579800,2024-05-18 08:45:42.891432,0 days 00:00:02.311632,4,0.17797204876199268,0.3050241939612597,14,COMPLETE
702,702,-66950.62412354906,0.0028542327383490264,2024-05-18 08:45:42.893148,2024-05-18 08:45:52.794405,0 days 00:00:09.901257,926,0.61939423436169,0.8660142850896904,14,COMPLETE
703,703,-20.120087212541684,7.099935561957443e-05,2024-05-18 08:45:52.797146,2024-05-18 08:45:55.852555,0 days 00:00:03.055409,4,0.9426644189248469,0.5785907310670091,14,COMPLETE
704,704,-3.5698885713892805,4.116217774471954e-05,2024-05-18 08:45:55.852555,2024-05-18 08:45:58.682903,0 days 00:00:02.830348,4,0.8643730694131961,0.9095680458450501,14,COMPLETE
705,705,-5.5159063887927235,4.725036955418039e-05,2024-05-18 08:45:58.682903,2024-05-18 08:46:01.065235,0 days 00:00:02.382332,11,0.8643730694131961,0.9378857949419868,14,COMPLETE
706,706,-5.077178073839827,4.7901459436084406e-05,2024-05-18 08:46:01.065235,2024-05-18 08:46:03.361016,0 days 00:00:02.295781,4,0.14415990125124367,0.24590288722498865,14,COMPLETE
707,707,-24.54804691903774,0.00010251606644356608,2024-05-18 08:46:03.363011,2024-05-18 08:46:07.014792,0 days 00:00:03.651781,124,0.42447694312366835,0.5515458669281674,14,COMPLETE
708,708,-4783.330751079133,0.0006800070956070618,2024-05-18 08:46:07.014792,2024-05-18 08:46:11.043955,0 days 00:00:04.029163,48,0.8596853943574363,0.5785907310670091,14,COMPLETE
709,709,-23.077970335409287,9.946619534918404e-05,2024-05-18 08:46:11.048319,2024-05-18 08:46:16.828102,0 days 00:00:05.779783,300,0.46715525234533417,0.9378857949419868,14,COMPLETE
710,710,-21.718989244108506,9.105351943486397e-05,2024-05-18 08:46:16.829099,2024-05-18 08:46:20.513708,0 days 00:00:03.684609,274,0.5314339248860599,0.33614387642513055,14,COMPLETE
711,711,-5.505725155928146,4.9180899584221906e-05,2024-05-18 08:46:20.513708,2024-05-18 08:46:23.122112,0 days 00:00:02.608404,4,0.35719901400023213,0.517589606055224,14,COMPLETE
712,712,-4.215057401489377,4.4266391981385894e-05,2024-05-18 08:46:23.122112,2024-05-18 08:46:25.154714,0 days 00:00:02.032602,4,0.036224228586232865,0.8660142850896904,14,COMPLETE
713,713,-3.6486262442614397,4.1606595301580825e-05,2024-05-18 08:46:25.154714,2024-05-18 08:46:27.743799,0 days 00:00:02.589085,4,0.6995011179196746,0.9378857949419868,14,COMPLETE
714,714,-4.8099282850354115,4.524446452412661e-05,2024-05-18 08:46:27.743799,2024-05-18 08:46:29.965888,0 days 00:00:02.222089,4,0.9253853257475995,0.45730368613343897,14,COMPLETE
715,715,-13.537249234997585,6.970031129459098e-05,2024-05-18 08:46:29.967886,2024-05-18 08:46:33.500222,0 days 00:00:03.532336,253,0.7632000022886348,0.8660142850896904,14,COMPLETE
716,716,-26.99790788738652,7.957874330939026e-05,2024-05-18 08:46:33.500222,2024-05-18 08:46:35.563808,0 days 00:00:02.063586,11,0.3208917182484211,0.313626164717661,14,COMPLETE
717,717,-47.1184810770821,0.00013131327016062904,2024-05-18 08:46:35.579427,2024-05-18 08:46:38.425753,0 days 00:00:02.846326,134,0.46715525234533417,0.8660142850896904,14,COMPLETE
718,718,-5.118003016117369,4.681303187900911e-05,2024-05-18 08:46:38.425753,2024-05-18 08:46:40.612989,0 days 00:00:02.187236,4,0.7427048605225952,0.8884671751483024,14,COMPLETE
719,719,-6.931314754515585,5.3961680604294664e-05,2024-05-18 08:46:40.612989,2024-05-18 08:46:43.598946,0 days 00:00:02.985957,25,0.31296385578546193,0.46148164734583474,14,COMPLETE
720,720,-10.039438759301422,5.828697651696919e-05,2024-05-18 08:46:43.600903,2024-05-18 08:46:45.877113,0 days 00:00:02.276210,4,0.7427048605225952,0.8884671751483024,14,COMPLETE
721,721,-3.710267072719083,4.096256388533472e-05,2024-05-18 08:46:45.877113,2024-05-18 08:46:48.192701,0 days 00:00:02.315588,4,0.4347364467766922,0.8660142850896904,14,COMPLETE
