,number,values_0,values_1,datetime_start,datetime_complete,duration,params_dim,params_smoothing_level,params_smoothing_trend,system_attrs_nsga2:generation,state
843,843,-4.396018233896614,4.489090227395902e-05,2024-05-18 08:54:07.257704,2024-05-18 08:54:09.725650,0 days 00:00:02.467946,11,0.8596853943574363,0.33614387642513055,16,COMPLETE
844,844,-4.85135781905559,4.679872239949096e-05,2024-05-18 08:54:09.726647,2024-05-18 08:54:12.793537,0 days 00:00:03.066890,4,0.9292478580900128,0.9378857949419868,16,COMPLETE
845,845,-4.42371117287539,4.5175272943306344e-05,2024-05-18 08:54:12.795530,2024-05-18 08:54:15.331619,0 days 00:00:02.536089,4,0.8643730694131961,0.7863568446649138,16,COMPLETE
846,846,-4.527820732747804,4.3920637108424726e-05,2024-05-18 08:54:15.333614,2024-05-18 08:54:17.849071,0 days 00:00:02.515457,11,0.8749968606730544,0.9378857949419868,16,COMPLETE
847,847,-185.92318605495944,0.00015128807726893766,2024-05-18 08:54:17.851067,2024-05-18 08:54:20.453286,0 days 00:00:02.602219,4,0.3208917182484211,0.9378857949419868,16,COMPLETE
848,848,-18.337962963760265,6.151024253751118e-05,2024-05-18 08:54:20.454369,2024-05-18 08:54:22.542782,0 days 00:00:02.088413,4,0.14415990125124367,0.9378857949419868,16,COMPLETE
849,849,-7.3671956197360995,5.247808339784456e-05,2024-05-18 08:54:22.544776,2024-05-18 08:54:25.102667,0 days 00:00:02.557891,4,0.13925059530438577,0.7444607923765011,16,COMPLETE
850,850,-5.695584181847043,4.9976203282553324e-05,2024-05-18 08:54:25.103728,2024-05-18 08:54:27.616730,0 days 00:00:02.513002,4,0.952373113328732,0.9378857949419868,17,COMPLETE
851,851,-2.349014242788545,3.391770640722942e-05,2024-05-18 08:54:27.618719,2024-05-18 08:54:30.574205,0 days 00:00:02.955486,11,0.8643730694131961,0.9378857949419868,17,COMPLETE
852,852,-106.53470541493007,0.00019456887183919553,2024-05-18 08:54:30.576198,2024-05-18 08:54:35.061270,0 days 00:00:04.485072,456,0.1613988236942563,0.33614387642513055,17,COMPLETE
853,853,-4.075914934267679,4.2637088327288956e-05,2024-05-18 08:54:35.062267,2024-05-18 08:54:37.382971,0 days 00:00:02.320704,4,0.8596853943574363,0.33614387642513055,17,COMPLETE
854,854,-2152.3175350491415,0.0005706004383741616,2024-05-18 08:54:37.384966,2024-05-18 08:54:41.870439,0 days 00:00:04.485473,433,0.7420128958713069,0.5785907310670091,17,COMPLETE
855,855,-4.4182773268730475,4.523644016436673e-05,2024-05-18 08:54:41.872431,2024-05-18 08:54:43.910578,0 days 00:00:02.038147,4,0.5226745496433993,0.45730368613343897,17,COMPLETE
856,856,-9905.28589926135,0.001001019010098451,2024-05-18 08:54:43.912572,2024-05-18 08:54:48.014037,0 days 00:00:04.101465,341,0.8596853943574363,0.9760759389331232,17,COMPLETE
857,857,-4.6886435408227145,4.622848981317021e-05,2024-05-18 08:54:48.017030,2024-05-18 08:54:50.358021,0 days 00:00:02.340991,4,0.8074026816175291,0.9378857949419868,17,COMPLETE
858,858,-26.997881326578913,0.0001081518621579034,2024-05-18 08:54:50.360015,2024-05-18 08:54:53.405321,0 days 00:00:03.045306,106,0.115009224770237,0.12960583921066415,17,COMPLETE
859,859,-9.509958292042311,5.7794022555542784e-05,2024-05-18 08:54:53.407314,2024-05-18 08:54:55.828053,0 days 00:00:02.420739,11,0.22133859944954237,0.3519493989668776,17,COMPLETE
860,860,-90.41606350892064,0.00018900826597171354,2024-05-18 08:54:55.830182,2024-05-18 08:54:59.541205,0 days 00:00:03.711023,439,0.7583263158346081,0.9378857949419868,17,COMPLETE
861,861,-4.717529921008833,4.6086825924896745e-05,2024-05-18 08:54:59.543199,2024-05-18 08:55:01.678704,0 days 00:00:02.135505,4,0.5850040529586198,0.3050241939612597,17,COMPLETE
862,862,-4.864733577818874,4.703360618732646e-05,2024-05-18 08:55:01.678704,2024-05-18 08:55:04.348101,0 days 00:00:02.669397,4,0.3208917182484211,0.6389822701760166,17,COMPLETE
863,863,-5.0285243164203255,4.7348477225634764e-05,2024-05-18 08:55:04.350097,2024-05-18 08:55:06.931848,0 days 00:00:02.581751,4,0.4347364467766922,0.9378857949419868,17,COMPLETE
864,864,-256.9522195587997,0.00030187001457836763,2024-05-18 08:55:06.932846,2024-05-18 08:55:15.694369,0 days 00:00:08.761523,972,0.7495872962186805,0.893335320883685,17,COMPLETE
865,865,-294.52287660796827,0.00035717014292082803,2024-05-18 08:55:15.697361,2024-05-18 08:55:26.639015,0 days 00:00:10.941654,918,0.7495872962186805,0.8660142850896904,17,COMPLETE
866,866,-2684.6398391520734,0.0008153739264042498,2024-05-18 08:55:26.639015,2024-05-18 08:55:30.822186,0 days 00:00:04.183171,481,0.7186618632612156,0.8951918261708193,17,COMPLETE
867,867,-13564.528398940234,0.0013834563332859933,2024-05-18 08:55:30.837807,2024-05-18 08:55:37.916721,0 days 00:00:07.078914,870,0.7495872962186805,0.8660142850896904,17,COMPLETE
868,868,-4.038842505959211,4.33160017244516e-05,2024-05-18 08:55:37.918715,2024-05-18 08:55:40.260470,0 days 00:00:02.341755,4,0.816379344635392,0.20417446910185044,17,COMPLETE
869,869,-130.50195843956882,0.00018672243984307928,2024-05-18 08:55:40.260470,2024-05-18 08:55:45.380937,0 days 00:00:05.120467,349,0.9292478580900128,0.3050241939612597,17,COMPLETE
870,870,-4.770552514524138,4.662366114260711e-05,2024-05-18 08:55:45.380937,2024-05-18 08:55:47.888253,0 days 00:00:02.507316,4,0.7420128958713069,0.5785907310670091,17,COMPLETE
871,871,-5.408644933265826,4.867671422480783e-05,2024-05-18 08:55:47.889641,2024-05-18 08:55:50.337928,0 days 00:00:02.448287,4,0.8596853943574363,0.8660142850896904,17,COMPLETE
872,872,-21.476964820636873,7.120881846510525e-05,2024-05-18 08:55:50.340085,2024-05-18 08:55:52.742664,0 days 00:00:02.402579,4,0.47712352119816603,0.22130493598145495,17,COMPLETE
873,873,-304.09479115778674,0.00035444674625688383,2024-05-18 08:55:52.744659,2024-05-18 08:56:01.427585,0 days 00:00:08.682926,736,0.9426644189248469,0.3618653790020109,17,COMPLETE
874,874,-4.5419947284302316,4.47631946986297e-05,2024-05-18 08:56:01.427585,2024-05-18 08:56:03.937652,0 days 00:00:02.510067,4,0.8643730694131961,0.7819658963347695,17,COMPLETE
875,875,-3.904686564569727,4.2830787576292196e-05,2024-05-18 08:56:03.950123,2024-05-18 08:56:06.274670,0 days 00:00:02.324547,4,0.6585739870741764,0.1592051618603738,17,COMPLETE
876,876,-5.3301955581525675,4.8726691542062364e-05,2024-05-18 08:56:06.274670,2024-05-18 08:56:08.904916,0 days 00:00:02.630246,4,0.8643730694131961,0.5785907310670091,17,COMPLETE
877,877,-3.877939262700534,4.171903567197727e-05,2024-05-18 08:56:08.906909,2024-05-18 08:56:11.349021,0 days 00:00:02.442112,11,0.5226745496433993,0.9378857949419868,17,COMPLETE
878,878,-3.8809250506384516,4.214950683027864e-05,2024-05-18 08:56:11.349021,2024-05-18 08:56:13.657012,0 days 00:00:02.307991,4,0.7427048605225952,0.5785907310670091,17,COMPLETE
879,879,-132264.72531798066,0.0037335355261604378,2024-05-18 08:56:13.657012,2024-05-18 08:56:21.496827,0 days 00:00:07.839815,966,0.8643730694131961,0.24364783096092946,17,COMPLETE
880,880,-4.881591805624099,4.720393188144435e-05,2024-05-18 08:56:21.496827,2024-05-18 08:56:23.889239,0 days 00:00:02.392412,4,0.27163674525031223,0.45730368613343897,17,COMPLETE
881,881,-221.11744209618502,0.0002986499044014757,2024-05-18 08:56:23.889239,2024-05-18 08:56:31.263382,0 days 00:00:07.374143,771,0.8596853943574363,0.9392653296228948,17,COMPLETE
882,882,-4.524457466170407,4.563436550436029e-05,2024-05-18 08:56:31.263382,2024-05-18 08:56:33.614871,0 days 00:00:02.351489,4,0.5226745496433993,0.9095680458450501,17,COMPLETE
883,883,-3.59690435049468,3.9382109103576566e-05,2024-05-18 08:56:33.616865,2024-05-18 08:56:35.961037,0 days 00:00:02.344172,4,0.8596853943574363,0.8547952839103858,17,COMPLETE
884,884,-7.139962137360167,5.327635056639875e-05,2024-05-18 08:56:35.961037,2024-05-18 08:56:38.131879,0 days 00:00:02.170842,11,0.011708076627820918,0.9095680458450501,17,COMPLETE
885,885,-52258.48931861289,0.002344337542788065,2024-05-18 08:56:38.131879,2024-05-18 08:56:42.598868,0 days 00:00:04.466989,545,0.952373113328732,0.45730368613343897,17,COMPLETE
886,886,-4.832442766273784,4.6704701897242604e-05,2024-05-18 08:56:42.598868,2024-05-18 08:56:44.961956,0 days 00:00:02.363088,4,0.35719901400023213,0.8884671751483024,17,COMPLETE
887,887,-4.506684825954109,4.489638098940728e-05,2024-05-18 08:56:44.964538,2024-05-18 08:56:47.461312,0 days 00:00:02.496774,11,0.17797204876199268,0.9378857949419868,17,COMPLETE
888,888,-3.638871467771397,3.9867402960373094e-05,2024-05-18 08:56:47.461312,2024-05-18 08:56:50.020625,0 days 00:00:02.559313,4,0.8643730694131961,0.45730368613343897,17,COMPLETE
889,889,-5.867556539933694,4.826938977308101e-05,2024-05-18 08:56:50.022620,2024-05-18 08:56:52.431987,0 days 00:00:02.409367,4,0.5774123186097283,0.16089085528556768,17,COMPLETE
890,890,-198.34038394301268,0.00027969151382731597,2024-05-18 08:56:52.431987,2024-05-18 08:56:58.776606,0 days 00:00:06.344619,699,0.561226367714966,0.9095680458450501,17,COMPLETE
891,891,-5.311789352507134,4.876406580388469e-05,2024-05-18 08:56:58.778601,2024-05-18 08:57:01.307145,0 days 00:00:02.528544,4,0.14415990125124367,0.9754281275798644,17,COMPLETE
892,892,-28.06268517014733,0.00011138212171138779,2024-05-18 08:57:01.307145,2024-05-18 08:57:04.385512,0 days 00:00:03.078367,120,0.8643730694131961,0.13652133743754846,17,COMPLETE
893,893,-134.51337664566444,0.00023418338376964636,2024-05-18 08:57:04.386510,2024-05-18 08:57:08.748662,0 days 00:00:04.362152,447,0.7420128958713069,0.7833868095426563,17,COMPLETE
894,894,-5.0090298655848855,4.7385578693745424e-05,2024-05-18 08:57:08.750657,2024-05-18 08:57:11.023067,0 days 00:00:02.272410,4,0.7084354449794618,0.9049056472208274,17,COMPLETE
895,895,-4.195566671124444,4.432133378661521e-05,2024-05-18 08:57:11.023067,2024-05-18 08:57:13.533456,0 days 00:00:02.510389,4,0.6251608989737643,0.5216627819506698,17,COMPLETE
896,896,-4.787584832816877,4.668908588666503e-05,2024-05-18 08:57:13.535674,2024-05-18 08:57:15.938429,0 days 00:00:02.402755,4,0.1828079645508619,0.8660142850896904,17,COMPLETE
897,897,-4.845070392236645,4.6836686915670866e-05,2024-05-18 08:57:15.938429,2024-05-18 08:57:18.433311,0 days 00:00:02.494882,4,0.9426644189248469,0.9703937136638124,17,COMPLETE
898,898,-4.722532571960177,4.5806188219231706e-05,2024-05-18 08:57:18.450084,2024-05-18 08:57:20.822028,0 days 00:00:02.371944,4,0.4347364467766922,0.8660142850896904,17,COMPLETE
899,899,-680592.4159396085,0.008019851073861366,2024-05-18 08:57:20.823026,2024-05-18 08:57:28.977408,0 days 00:00:08.154382,862,0.8596853943574363,0.9694511449877554,17,COMPLETE
900,900,-3.6638137794327124,4.085230523273884e-05,2024-05-18 08:57:28.977408,2024-05-18 08:57:31.202647,0 days 00:00:02.225239,4,0.8596853943574363,0.051771308991955256,18,COMPLETE
901,901,-4.549699831198845,4.53323866128873e-05,2024-05-18 08:57:31.202647,2024-05-18 08:57:33.510733,0 days 00:00:02.308086,8,0.8331548719281051,0.5510600912701382,18,COMPLETE
902,902,-4.492862899433968,4.553322094354879e-05,2024-05-18 08:57:33.510733,2024-05-18 08:57:35.885077,0 days 00:00:02.374344,4,0.17797204876199268,0.8884671751483024,18,COMPLETE
903,903,-25.48880480421923,6.657509878134381e-05,2024-05-18 08:57:35.885077,2024-05-18 08:57:37.940329,0 days 00:00:02.055252,4,0.45678820433279743,0.21405540920198407,18,COMPLETE
904,904,-5.2458504388560385,4.79500096478523e-05,2024-05-18 08:57:37.940329,2024-05-18 08:57:40.020877,0 days 00:00:02.080548,4,0.606342556408969,0.10457787462964696,18,COMPLETE
905,905,-21.293337272909106,9.399451124190337e-05,2024-05-18 08:57:40.020877,2024-05-18 08:57:42.810645,0 days 00:00:02.789768,102,0.952373113328732,0.7444607923765011,18,COMPLETE
906,906,-4.91342097556052,4.7139973355613026e-05,2024-05-18 08:57:42.810645,2024-05-18 08:57:45.037913,0 days 00:00:02.227268,4,0.8643730694131961,0.23640939386478965,18,COMPLETE
907,907,-4.750763690313255,4.589985919801991e-05,2024-05-18 08:57:45.039896,2024-05-18 08:57:47.480125,0 days 00:00:02.440229,4,0.5680761672101411,0.8547952839103858,18,COMPLETE
908,908,-5.153935280163975,4.804616998783698e-05,2024-05-18 08:57:47.482119,2024-05-18 08:57:49.860572,0 days 00:00:02.378453,4,0.8643730694131961,0.9095680458450501,18,COMPLETE
909,909,-59893.40361417524,0.0025597783067247233,2024-05-18 08:57:49.860572,2024-05-18 08:57:55.149973,0 days 00:00:05.289401,618,0.8643730694131961,0.45730368613343897,18,COMPLETE
910,910,-4.777859294714984,4.639211692542603e-05,2024-05-18 08:57:55.152964,2024-05-18 08:57:57.825166,0 days 00:00:02.672202,4,0.8074026816175291,0.4049317314712527,18,COMPLETE
911,911,-3.1264416035990314,3.718052710835267e-05,2024-05-18 08:57:57.825166,2024-05-18 08:57:59.964936,0 days 00:00:02.139770,4,0.8296151738442262,0.9378857949419868,18,COMPLETE
912,912,-3.792730283869074,4.0277173099082025e-05,2024-05-18 08:57:59.980558,2024-05-18 08:58:02.044749,0 days 00:00:02.064191,4,0.5212203422426757,0.8849319348793118,18,COMPLETE
913,913,-4.744058181218751,4.658152508989201e-05,2024-05-18 08:58:02.044749,2024-05-18 08:58:04.392894,0 days 00:00:02.348145,4,0.23605569360605727,0.5715986835307953,18,COMPLETE
914,914,-5.928957454787128,5.0087144546853114e-05,2024-05-18 08:58:04.403327,2024-05-18 08:58:06.812116,0 days 00:00:02.408789,4,0.1613988236942563,0.8310649722624969,18,COMPLETE
915,915,-8.930065208676169,5.400936765990503e-05,2024-05-18 08:58:06.812116,2024-05-18 08:58:09.022022,0 days 00:00:02.209906,4,0.6995011179196746,0.9378857949419868,18,COMPLETE
916,916,-6.209040599371494,5.042305478307078e-05,2024-05-18 08:58:09.022022,2024-05-18 08:58:11.181865,0 days 00:00:02.159843,4,0.7632000022886348,0.8660142850896904,18,COMPLETE
917,917,-4.244397142601486,4.433385632731388e-05,2024-05-18 08:58:11.181865,2024-05-18 08:58:13.612798,0 days 00:00:02.430933,4,0.35719901400023213,0.45730368613343897,18,COMPLETE
918,918,-3.2280157412487744,3.881171969611199e-05,2024-05-18 08:58:13.612798,2024-05-18 08:58:16.224651,0 days 00:00:02.611853,11,0.1873984625205415,0.5785907310670091,18,COMPLETE
919,919,-6.866718200709049,4.813623828212536e-05,2024-05-18 08:58:16.224651,2024-05-18 08:58:18.541695,0 days 00:00:02.317044,4,0.7420128958713069,0.45730368613343897,18,COMPLETE
920,920,-4.552920109663463,4.5726125354958505e-05,2024-05-18 08:58:18.541695,2024-05-18 08:58:20.906051,0 days 00:00:02.364356,4,0.9901331887222686,0.4681375657242648,18,COMPLETE
921,921,-4.626912433379494,4.577972377639337e-05,2024-05-18 08:58:20.908045,2024-05-18 08:58:23.541498,0 days 00:00:02.633453,11,0.5901848826405418,0.9378857949419868,18,COMPLETE
922,922,-5.669734761439033,4.9803332685181863e-05,2024-05-18 08:58:23.541498,2024-05-18 08:58:25.753815,0 days 00:00:02.212317,4,0.8643730694131961,0.5517290630364808,18,COMPLETE
923,923,-24.3088953466078,8.063403079135181e-05,2024-05-18 08:58:25.753815,2024-05-18 08:58:28.286122,0 days 00:00:02.532307,4,0.7420128958713069,0.5785907310670091,18,COMPLETE
924,924,-10.645809405873905,5.670855473221575e-05,2024-05-18 08:58:28.288117,2024-05-18 08:58:30.801456,0 days 00:00:02.513339,11,0.5226745496433993,0.9378857949419868,18,COMPLETE
925,925,-111.27833265719394,0.00015825408725341,2024-05-18 08:58:30.817542,2024-05-18 08:58:34.152182,0 days 00:00:03.334640,239,0.25780563789957,0.789490554042419,18,COMPLETE
926,926,-751473.659354402,0.011975535307405217,2024-05-18 08:58:34.152182,2024-05-18 08:58:43.418478,0 days 00:00:09.266296,917,0.13536068399562196,0.9378857949419868,18,COMPLETE
927,927,-3.985450088910053,4.296489298549736e-05,2024-05-18 08:58:43.418478,2024-05-18 08:58:45.672242,0 days 00:00:02.253764,4,0.4730657971334602,0.5216627819506698,18,COMPLETE
928,928,-5.471882859707025,4.722373487724624e-05,2024-05-18 08:58:45.672242,2024-05-18 08:58:47.710084,0 days 00:00:02.037842,4,0.5472447803617311,0.3050241939612597,18,COMPLETE
929,929,-27.789660907786292,0.00010724666652715622,2024-05-18 08:58:47.710084,2024-05-18 08:58:50.524232,0 days 00:00:02.814148,173,0.11281184781623244,0.8660142850896904,18,COMPLETE
930,930,-76.51967293263165,0.00011009502326252481,2024-05-18 08:58:50.524232,2024-05-18 08:58:52.543330,0 days 00:00:02.019098,4,0.14415990125124367,0.9760759389331232,18,COMPLETE
931,931,-450.9831123430313,0.0003521003089347311,2024-05-18 08:58:52.543330,2024-05-18 08:58:56.485094,0 days 00:00:03.941764,369,0.33450273778965145,0.5626090987459875,18,COMPLETE
932,932,-4.993919236707957,4.664813820555041e-05,2024-05-18 08:58:56.486091,2024-05-18 08:58:58.660940,0 days 00:00:02.174849,4,0.8074026816175291,0.8390536333714812,18,COMPLETE
933,933,-5.355697773353472,4.3702842266322465e-05,2024-05-18 08:58:58.660940,2024-05-18 08:59:00.751631,0 days 00:00:02.090691,4,0.5226745496433993,0.24060914147248724,18,COMPLETE
934,934,-3525.566029538078,0.0006761658382750906,2024-05-18 08:59:00.752629,2024-05-18 08:59:04.387136,0 days 00:00:03.634507,314,0.3208917182484211,0.45730368613343897,18,COMPLETE
935,935,-5.470065448088197,4.909722246922595e-05,2024-05-18 08:59:04.388596,2024-05-18 08:59:06.517486,0 days 00:00:02.128890,4,0.7495872962186805,0.8660142850896904,18,COMPLETE
936,936,-4.664350106126668,4.61358154010493e-05,2024-05-18 08:59:06.520494,2024-05-18 08:59:08.599156,0 days 00:00:02.078662,4,0.8596853943574363,0.579656964323618,18,COMPLETE
937,937,-4.296330788003028,4.463841614537801e-05,2024-05-18 08:59:08.599156,2024-05-18 08:59:10.734482,0 days 00:00:02.135326,4,0.7420128958713069,0.7901011434562395,18,COMPLETE
938,938,-4.8177209322847,4.6864615782219524e-05,2024-05-18 08:59:10.734482,2024-05-18 08:59:12.973167,0 days 00:00:02.238685,4,0.3208917182484211,0.45730368613343897,18,COMPLETE
939,939,-94.68271261620951,0.00011804532636622831,2024-05-18 08:59:12.973167,2024-05-18 08:59:15.768780,0 days 00:00:02.795613,16,0.8596853943574363,0.8660142850896904,18,COMPLETE
940,940,-31.257427298787015,0.00010885782304714252,2024-05-18 08:59:15.771771,2024-05-18 08:59:19.016681,0 days 00:00:03.244910,289,0.5349967383853291,0.1914487496842242,18,COMPLETE
941,941,-8.247033178287467,6.020434231798327e-05,2024-05-18 08:59:19.018675,2024-05-18 08:59:21.564663,0 days 00:00:02.545988,35,0.5247542598305306,0.5785907310670091,18,COMPLETE
942,942,-5.369315120916775,4.851543943865322e-05,2024-05-18 08:59:21.566656,2024-05-18 08:59:23.767992,0 days 00:00:02.201336,4,0.7420128958713069,0.06100646660805309,18,COMPLETE
943,943,-4.3002908529028625,4.4060933852483164e-05,2024-05-18 08:59:23.767992,2024-05-18 08:59:26.154843,0 days 00:00:02.386851,4,0.7495872962186805,0.09532212805983464,18,COMPLETE
944,944,-4.474825713080355,4.538907738347026e-05,2024-05-18 08:59:26.171107,2024-05-18 08:59:28.321723,0 days 00:00:02.150616,11,0.4347364467766922,0.8660142850896904,18,COMPLETE
945,945,-5501.85446792399,0.0009877639919134234,2024-05-18 08:59:28.321723,2024-05-18 08:59:34.524259,0 days 00:00:06.202536,715,0.557085923988297,0.5785907310670091,18,COMPLETE
946,946,-5.714456334273041,5.04688892202169e-05,2024-05-18 08:59:34.524259,2024-05-18 08:59:36.912325,0 days 00:00:02.388066,22,0.3208917182484211,0.31105525059673333,18,COMPLETE
947,947,-5.355246343438997,4.839924029152171e-05,2024-05-18 08:59:36.912325,2024-05-18 08:59:38.876006,0 days 00:00:01.963681,4,0.5683916480226189,0.45730368613343897,18,COMPLETE
948,948,-139.5279382026685,0.0002188356998376518,2024-05-18 08:59:38.876006,2024-05-18 08:59:45.254571,0 days 00:00:06.378565,718,0.8596853943574363,0.9378857949419868,18,COMPLETE
949,949,-110.96710360937702,0.00020049829603678606,2024-05-18 08:59:45.254571,2024-05-18 08:59:48.906769,0 days 00:00:03.652198,488,0.8722690500417131,0.33614387642513055,18,COMPLETE
950,950,-68.76881549168967,0.0001560955158274193,2024-05-18 08:59:48.906769,2024-05-18 08:59:52.048809,0 days 00:00:03.142040,308,0.35719901400023213,0.7984993261451497,19,COMPLETE
951,951,-5.441529051797923,4.7956621670853616e-05,2024-05-18 08:59:52.048809,2024-05-18 08:59:54.158622,0 days 00:00:02.109813,4,0.3208917182484211,0.45730368613343897,19,COMPLETE
952,952,-2.9209840414619053,3.697757663431862e-05,2024-05-18 08:59:54.158622,2024-05-18 08:59:56.227604,0 days 00:00:02.068982,4,0.40677607412600947,0.5785907310670091,19,COMPLETE
953,953,-4.368167944577268,4.479526081082586e-05,2024-05-18 08:59:56.227604,2024-05-18 08:59:58.168776,0 days 00:00:01.941172,4,0.3879888680188974,0.8660142850896904,19,COMPLETE
954,954,-4.597045294917991,4.600699788638616e-05,2024-05-18 08:59:58.168776,2024-05-18 09:00:00.153308,0 days 00:00:01.984532,4,0.43683644782175957,0.4701431972322687,19,COMPLETE
955,955,-127.83625114188399,9.920443497722967e-05,2024-05-18 09:00:00.153308,2024-05-18 09:00:02.089413,0 days 00:00:01.936105,4,0.35719901400023213,0.9095680458450501,19,COMPLETE
956,956,-38.57427666551092,0.00012380219592421333,2024-05-18 09:00:02.089413,2024-05-18 09:00:05.542740,0 days 00:00:03.453327,402,0.9626671750949415,0.7324349468668074,19,COMPLETE
957,957,-357.20398365461,0.00034746994081012077,2024-05-18 09:00:05.542740,2024-05-18 09:00:10.534402,0 days 00:00:04.991662,577,0.8596853943574363,0.6548491305448725,19,COMPLETE
958,958,-4.576464501412238,4.567183441901219e-05,2024-05-18 09:00:10.534402,2024-05-18 09:00:12.786264,0 days 00:00:02.251862,4,0.8074026816175291,0.9378857949419868,19,COMPLETE
959,959,-3.2436642803227675,3.805388509074151e-05,2024-05-18 09:00:12.787261,2024-05-18 09:00:15.157451,0 days 00:00:02.370190,11,0.8643730694131961,0.9378857949419868,19,COMPLETE
960,960,-4.18653937480329,4.404772506711817e-05,2024-05-18 09:00:15.159282,2024-05-18 09:00:17.265462,0 days 00:00:02.106180,4,0.35719901400023213,0.8660142850896904,19,COMPLETE
961,961,-4.368371467146663,4.4934702015365565e-05,2024-05-18 09:00:17.265462,2024-05-18 09:00:19.856894,0 days 00:00:02.591432,4,0.14415990125124367,0.6588754395769363,19,COMPLETE
962,962,-8.625228756453557,5.834781807064847e-05,2024-05-18 09:00:19.859809,2024-05-18 09:00:22.016569,0 days 00:00:02.156760,4,0.8596853943574363,0.051771308991955256,19,COMPLETE
963,963,-6.067581568761884,4.552329997103155e-05,2024-05-18 09:00:22.016569,2024-05-18 09:00:24.204664,0 days 00:00:02.188095,11,0.8643730694131961,0.5785907310670091,19,COMPLETE
