,number,values_0,values_1,datetime_start,datetime_complete,duration,params_dim,params_smoothing_level,params_smoothing_trend,system_attrs_nsga2:generation,state
604,604,-0.4564671453677108,0.006119404875651823,2024-05-18 17:40:13.963787,2024-05-18 17:40:15.867420,0 days 00:00:01.903633,207,0.03714141860103415,0.6159198175992914,12,COMPLETE
605,605,-0.40346889754355536,0.00602213212718648,2024-05-18 17:40:15.883041,2024-05-18 17:40:17.960543,0 days 00:00:02.077502,265,0.9623107323022978,0.40797897381607784,12,COMPLETE
606,606,-1.0604611367817678,0.007086084830874248,2024-05-18 17:40:17.960543,2024-05-18 17:40:20.075598,0 days 00:00:02.115055,296,0.9696855812238058,0.3279824691919595,12,COMPLETE
607,607,-0.53210493496212,0.006283007111605489,2024-05-18 17:40:20.075598,2024-05-18 17:40:22.873308,0 days 00:00:02.797710,612,0.726740271625143,0.16831372173963643,12,COMPLETE
608,608,-0.6752753253085245,0.006620855097017338,2024-05-18 17:40:22.873308,2024-05-18 17:40:24.825625,0 days 00:00:01.952317,208,0.25535328220564124,0.8254389585550163,12,COMPLETE
609,609,-0.5410044076554972,0.0064223361295139446,2024-05-18 17:40:24.825625,2024-05-18 17:40:27.144439,0 days 00:00:02.318814,413,0.9623107323022978,0.5513282541379884,12,COMPLETE
610,610,-0.47689259479837476,0.0061764624969962625,2024-05-18 17:40:27.144439,2024-05-18 17:40:29.041439,0 days 00:00:01.897000,208,0.45165363142392556,0.1390401654120803,12,COMPLETE
611,611,-0.765886322174741,0.006689121092245999,2024-05-18 17:40:29.041439,2024-05-18 17:40:33.453979,0 days 00:00:04.412540,901,0.7747091101861301,0.8635801180660567,12,COMPLETE
612,612,-0.800999682376748,0.0067234121540055754,2024-05-18 17:40:33.453979,2024-05-18 17:40:35.875932,0 days 00:00:02.421953,448,0.14130362094598647,0.2912480994604083,12,COMPLETE
613,613,-0.4978541790602323,0.00614021581088064,2024-05-18 17:40:35.875932,2024-05-18 17:40:37.890967,0 days 00:00:02.015035,265,0.1231061796651266,0.24216932681496872,12,COMPLETE
614,614,-0.5354062972995631,0.006214096063933781,2024-05-18 17:40:37.907465,2024-05-18 17:40:41.842064,0 days 00:00:03.934599,723,0.22714708680900952,0.030265304465339926,12,COMPLETE
615,615,-0.18661959488943927,0.005632366332813224,2024-05-18 17:40:41.842064,2024-05-18 17:40:43.791761,0 days 00:00:01.949697,188,0.22714708680900952,0.7295714639553398,12,COMPLETE
616,616,-0.3939493408045732,0.006035968832724279,2024-05-18 17:40:43.791761,2024-05-18 17:40:45.922489,0 days 00:00:02.130728,271,0.45165363142392556,0.7000598075042406,12,COMPLETE
617,617,-1.0166629159302674,0.0072155242630529345,2024-05-18 17:40:45.922489,2024-05-18 17:40:48.440382,0 days 00:00:02.517893,477,0.45165363142392556,0.3976963518834986,12,COMPLETE
618,618,-0.7405180927600159,0.006661387991933457,2024-05-18 17:40:48.456004,2024-05-18 17:40:52.959501,0 days 00:00:04.503497,887,0.6741721442127685,0.1390401654120803,12,COMPLETE
619,619,-1.2308852329387476,0.00772066676308449,2024-05-18 17:40:52.959501,2024-05-18 17:40:54.902907,0 days 00:00:01.943406,208,0.45165363142392556,0.1390401654120803,12,COMPLETE
620,620,-0.4380588337220404,0.006029570832002592,2024-05-18 17:40:54.902907,2024-05-18 17:40:58.741097,0 days 00:00:03.838190,724,0.1286447614248163,0.3947185068047774,12,COMPLETE
621,621,-0.5061655639245457,0.006288286238193784,2024-05-18 17:40:58.741097,2024-05-18 17:41:02.914696,0 days 00:00:04.173599,784,0.6741721442127685,0.5657609633693985,12,COMPLETE
622,622,-0.6860134088264493,0.006542956597358653,2024-05-18 17:41:02.914696,2024-05-18 17:41:05.655046,0 days 00:00:02.740350,625,0.7799650199147381,0.34489587966727053,12,COMPLETE
623,623,-0.2420020654022473,0.0057381740689106415,2024-05-18 17:41:05.665802,2024-05-18 17:41:09.697153,0 days 00:00:04.031351,724,0.8348914936153634,0.1884858330372915,12,COMPLETE
624,624,-0.9215436554941607,0.0069276920632151216,2024-05-18 17:41:09.697153,2024-05-18 17:41:11.611395,0 days 00:00:01.914242,187,0.726740271625143,0.14025622568840745,12,COMPLETE
625,625,-1.4918604137167788,0.008138521473064318,2024-05-18 17:41:11.611395,2024-05-18 17:41:14.072678,0 days 00:00:02.461283,447,0.45165363142392556,0.6925055341807325,12,COMPLETE
626,626,-1.1747332164087538,0.0074677201872204255,2024-05-18 17:41:14.088265,2024-05-18 17:41:16.953013,0 days 00:00:02.864748,575,0.9696855812238058,0.6799461765411571,12,COMPLETE
627,627,-0.3406933416805522,0.005812854992683888,2024-05-18 17:41:16.953013,2024-05-18 17:41:19.856634,0 days 00:00:02.903621,516,0.4075714240432138,0.7000598075042406,12,COMPLETE
628,628,-0.4373935770731669,0.0060083751734281154,2024-05-18 17:41:19.856634,2024-05-18 17:41:23.731857,0 days 00:00:03.875223,695,0.6741721442127685,0.4834008520525971,12,COMPLETE
629,629,-0.41927509266346946,0.006002697271285382,2024-05-18 17:41:23.731857,2024-05-18 17:41:27.927930,0 days 00:00:04.196073,779,0.9709423341198006,0.13871951409255645,12,COMPLETE
630,630,-0.6648417334530096,0.006495179345897084,2024-05-18 17:41:27.927930,2024-05-18 17:41:29.982624,0 days 00:00:02.054694,265,0.6420593590870953,0.6255759452439487,12,COMPLETE
631,631,-3.649295199936873,0.01046237026263918,2024-05-18 17:41:29.982624,2024-05-18 17:41:31.517963,0 days 00:00:01.535339,22,0.8986201057902558,0.00428846961915641,12,COMPLETE
632,632,-0.4116646352764756,0.005981563257575706,2024-05-18 17:41:31.517963,2024-05-18 17:41:33.414378,0 days 00:00:01.896415,188,0.20200066503773495,0.9735359545932547,12,COMPLETE
633,633,-0.7633166248050746,0.006556941648643297,2024-05-18 17:41:33.429968,2024-05-18 17:41:36.016101,0 days 00:00:02.586133,504,0.5824015081060832,0.7232915514834799,12,COMPLETE
634,634,-0.38212346725235613,0.005942831561728867,2024-05-18 17:41:36.016101,2024-05-18 17:41:38.801432,0 days 00:00:02.785331,612,0.6741721442127685,0.8635801180660567,12,COMPLETE
635,635,-0.37787914648101495,0.00586874323099606,2024-05-18 17:41:38.801432,2024-05-18 17:41:41.395347,0 days 00:00:02.593915,571,0.7747091101861301,0.8635801180660567,12,COMPLETE
636,636,-0.4897155503687266,0.0061799156279215735,2024-05-18 17:41:41.395347,2024-05-18 17:41:45.875342,0 days 00:00:04.479995,794,0.9938158478075421,0.9939038064165593,12,COMPLETE
637,637,-0.22734480561640064,0.0056154024924728475,2024-05-18 17:41:45.875342,2024-05-18 17:41:50.640835,0 days 00:00:04.765493,837,0.7747091101861301,0.025173357358517112,12,COMPLETE
638,638,-0.4083139797761238,0.006041648758103612,2024-05-18 17:41:50.657262,2024-05-18 17:41:53.297698,0 days 00:00:02.640436,516,0.5303250696611443,0.00428846961915641,12,COMPLETE
639,639,-5.457381170402373,0.011019932804061267,2024-05-18 17:41:53.297698,2024-05-18 17:41:55.192148,0 days 00:00:01.894450,188,0.9623107323022978,0.40797897381607784,12,COMPLETE
640,640,-0.7625648006588184,0.006770082241608412,2024-05-18 17:41:55.193146,2024-05-18 17:41:58.023068,0 days 00:00:02.829922,593,0.7747091101861301,0.20592144708549764,12,COMPLETE
641,641,-0.43366592906918466,0.00620681157776049,2024-05-18 17:41:58.023068,2024-05-18 17:42:00.081388,0 days 00:00:02.058320,261,0.3289833145102581,0.4187715497999033,12,COMPLETE
642,642,-0.7381894755209408,0.006715679144844759,2024-05-18 17:42:00.083422,2024-05-18 17:42:02.583481,0 days 00:00:02.500059,504,0.034322714879386096,0.7232915514834799,12,COMPLETE
643,643,-1.0967177246792317,0.007504747054438999,2024-05-18 17:42:02.583481,2024-05-18 17:42:05.599545,0 days 00:00:03.016064,612,0.6741721442127685,0.9766263603473632,12,COMPLETE
644,644,-1.4210817741427841,0.008005030529136441,2024-05-18 17:42:05.615166,2024-05-18 17:42:10.153976,0 days 00:00:04.538810,865,0.6741721442127685,0.4790824755606422,12,COMPLETE
645,645,-0.36145132212764136,0.0058129174141442015,2024-05-18 17:42:10.153976,2024-05-18 17:42:12.018891,0 days 00:00:01.864915,188,0.7619574068386956,0.820776984097283,12,COMPLETE
646,646,-0.5976432902968563,0.006360769343041276,2024-05-18 17:42:12.018891,2024-05-18 17:42:14.103345,0 days 00:00:02.084454,286,0.6741721442127685,0.07065886520482512,12,COMPLETE
647,647,-1.7717675331327567,0.008005994857972319,2024-05-18 17:42:14.103345,2024-05-18 17:42:17.902494,0 days 00:00:03.799149,679,0.7526984966147395,0.9837348129263261,12,COMPLETE
648,648,-0.5651288675380783,0.006302539951434483,2024-05-18 17:42:17.902494,2024-05-18 17:42:20.326615,0 days 00:00:02.424121,448,0.14130362094598647,0.2912480994604083,12,COMPLETE
649,649,-0.38031114059393756,0.00590936246975136,2024-05-18 17:42:20.326615,2024-05-18 17:42:23.101425,0 days 00:00:02.774810,612,0.6921941523476451,0.7958961122337996,12,COMPLETE
650,650,-0.33140259868253996,0.005923280167372582,2024-05-18 17:42:23.117048,2024-05-18 17:42:27.720497,0 days 00:00:04.603449,918,0.8986201057902558,0.2912480994604083,13,COMPLETE
651,651,-0.823353268170569,0.0067927708951787315,2024-05-18 17:42:27.720497,2024-05-18 17:42:30.235738,0 days 00:00:02.515241,509,0.7747091101861301,0.10723754093874005,13,COMPLETE
652,652,-1.3713697994220853,0.007871325460223486,2024-05-18 17:42:30.237733,2024-05-18 17:42:33.148782,0 days 00:00:02.911049,612,0.7004969295836831,0.996766956293855,13,COMPLETE
653,653,-1.9959034670740068,0.008646163602420695,2024-05-18 17:42:33.148782,2024-05-18 17:42:37.803274,0 days 00:00:04.654492,932,0.9938158478075421,0.14025622568840745,13,COMPLETE
654,654,-3.8963012409264417,0.011322438937207557,2024-05-18 17:42:37.803274,2024-05-18 17:42:41.690318,0 days 00:00:03.887044,794,0.22714708680900952,0.5513282541379884,13,COMPLETE
655,655,-0.3037954260674589,0.005694730664525906,2024-05-18 17:42:41.698315,2024-05-18 17:42:44.032477,0 days 00:00:02.334162,516,0.3359363034124805,0.7232915514834799,13,COMPLETE
656,656,-0.8084314514429245,0.006761080799257369,2024-05-18 17:42:44.032477,2024-05-18 17:42:46.040568,0 days 00:00:02.008091,277,0.4075714240432138,0.1884858330372915,13,COMPLETE
657,657,-0.41666753852910043,0.006035355275967554,2024-05-18 17:42:46.040568,2024-05-18 17:42:48.711229,0 days 00:00:02.670661,628,0.7747091101861301,0.7000598075042406,13,COMPLETE
658,658,-0.4978359195265195,0.006162872829633521,2024-05-18 17:42:48.711229,2024-05-18 17:42:51.288329,0 days 00:00:02.577100,612,0.9023586730182207,0.0708750144637933,13,COMPLETE
659,659,-0.42875165601753074,0.005997088212707896,2024-05-18 17:42:51.303916,2024-05-18 17:42:54.980813,0 days 00:00:03.676897,724,0.898496808714242,0.05856865318859983,13,COMPLETE
660,660,-0.7601625941382159,0.00671572551586361,2024-05-18 17:42:54.980813,2024-05-18 17:42:56.863606,0 days 00:00:01.882793,188,0.22714708680900952,0.3330367882714438,13,COMPLETE
661,661,-0.5145140505293059,0.006212590526200147,2024-05-18 17:42:56.863606,2024-05-18 17:43:00.909104,0 days 00:00:04.045498,779,0.04367041053946974,0.7232915514834799,13,COMPLETE
662,662,-0.24422352732792496,0.0055815865636895156,2024-05-18 17:43:00.909104,2024-05-18 17:43:04.627461,0 days 00:00:03.718357,679,0.22714708680900952,0.3947185068047774,13,COMPLETE
663,663,-0.4894021527037572,0.0061417699440356275,2024-05-18 17:43:04.627461,2024-05-18 17:43:07.410965,0 days 00:00:02.783504,612,0.726740271625143,0.996766956293855,13,COMPLETE
664,664,-0.8454146771706803,0.006826050204809387,2024-05-18 17:43:07.410965,2024-05-18 17:43:11.514796,0 days 00:00:04.103831,839,0.659191970309925,0.7000598075042406,13,COMPLETE
665,665,-0.764667753969297,0.006745983986157116,2024-05-18 17:43:11.514796,2024-05-18 17:43:13.586415,0 days 00:00:02.071619,265,0.16422826937182555,0.00428846961915641,13,COMPLETE
666,666,-0.3616717145179983,0.005951063413879824,2024-05-18 17:43:13.586415,2024-05-18 17:43:18.053105,0 days 00:00:04.466690,808,0.3565868932095433,0.9533399327396712,13,COMPLETE
667,667,-1.1854913935671818,0.007454302647448273,2024-05-18 17:43:18.053105,2024-05-18 17:43:22.034776,0 days 00:00:03.981671,724,0.25535328220564124,0.36997211375415695,13,COMPLETE
668,668,-0.39143005362821365,0.005974663253385713,2024-05-18 17:43:22.034776,2024-05-18 17:43:24.465910,0 days 00:00:02.431134,436,0.21869221481013945,0.7000598075042406,13,COMPLETE
669,669,-1.000321949305957,0.00727773482189564,2024-05-18 17:43:24.465910,2024-05-18 17:43:26.998418,0 days 00:00:02.532508,522,0.04367041053946974,0.820776984097283,13,COMPLETE
670,670,-0.7511602188708121,0.006699590889829852,2024-05-18 17:43:27.000525,2024-05-18 17:43:29.522430,0 days 00:00:02.521905,504,0.5091879259132005,0.16323741787528578,13,COMPLETE
671,671,-0.309604729396895,0.005870453833252845,2024-05-18 17:43:29.538049,2024-05-18 17:43:31.618351,0 days 00:00:02.080302,271,0.037419593889260194,0.7000598075042406,13,COMPLETE
672,672,-0.8640708109489559,0.006954047707541896,2024-05-18 17:43:31.618351,2024-05-18 17:43:35.582789,0 days 00:00:03.964438,724,0.7799650199147381,0.5194417729994935,13,COMPLETE
673,673,-1.1342226081381526,0.0073121051691725685,2024-05-18 17:43:35.582789,2024-05-18 17:43:37.464299,0 days 00:00:01.881510,208,0.45165363142392556,0.40797897381607784,13,COMPLETE
674,674,-0.8668213541107127,0.0069849136578844255,2024-05-18 17:43:37.464299,2024-05-18 17:43:40.279845,0 days 00:00:02.815546,617,0.5355906172391094,0.8833868917237473,13,COMPLETE
675,675,-0.9021522853194561,0.006754810112498105,2024-05-18 17:43:40.295429,2024-05-18 17:43:42.726629,0 days 00:00:02.431200,447,0.9696855812238058,0.7000598075042406,13,COMPLETE
676,676,-0.5020833412484415,0.006169024781053739,2024-05-18 17:43:42.728651,2024-05-18 17:43:46.594734,0 days 00:00:03.866083,724,0.8348914936153634,0.7000598075042406,13,COMPLETE
677,677,-0.7539177302030107,0.006746044889094731,2024-05-18 17:43:46.594734,2024-05-18 17:43:49.232460,0 days 00:00:02.637726,509,0.24045769936157824,0.5513282541379884,13,COMPLETE
678,678,-0.6359408325802471,0.006464827414142896,2024-05-18 17:43:49.232460,2024-05-18 17:43:51.626827,0 days 00:00:02.394367,448,0.8135304907311754,0.2912480994604083,13,COMPLETE
679,679,-0.8232436349257684,0.006647906567073059,2024-05-18 17:43:51.626827,2024-05-18 17:43:53.387872,0 days 00:00:01.761045,188,0.04367041053946974,0.2912480994604083,13,COMPLETE
680,680,-0.4753266419093872,0.006177084877274443,2024-05-18 17:43:53.387872,2024-05-18 17:43:55.855630,0 days 00:00:02.467758,509,0.31838268708218276,0.7784599339647019,13,COMPLETE
681,681,-0.4679113812598546,0.006210422405616836,2024-05-18 17:43:55.855630,2024-05-18 17:43:57.880326,0 days 00:00:02.024696,265,0.8986201057902558,0.7300452995844675,13,COMPLETE
682,682,-0.19286554013327126,0.005648750505554013,2024-05-18 17:43:57.880326,2024-05-18 17:44:00.436649,0 days 00:00:02.556323,516,0.04367041053946974,0.820776984097283,13,COMPLETE
683,683,-1.0954944889701692,0.007375385295109635,2024-05-18 17:44:00.436649,2024-05-18 17:44:02.938218,0 days 00:00:02.501569,505,0.6032485898572928,0.8243902936153849,13,COMPLETE
684,684,-0.4588872849794825,0.006046179679028608,2024-05-18 17:44:02.938218,2024-05-18 17:44:07.135554,0 days 00:00:04.197336,779,0.04367041053946974,0.8635801180660567,13,COMPLETE
685,685,-0.5950329710922171,0.006427684080740304,2024-05-18 17:44:07.135554,2024-05-18 17:44:09.059647,0 days 00:00:01.924093,188,0.19064964058795852,0.09318575360110459,13,COMPLETE
686,686,-0.6633138670198703,0.006594415510528209,2024-05-18 17:44:09.059647,2024-05-18 17:44:11.001696,0 days 00:00:01.942049,219,0.0700636979466861,0.820776984097283,13,COMPLETE
687,687,-0.7664257666310414,0.00672969965364695,2024-05-18 17:44:11.003798,2024-05-18 17:44:13.317468,0 days 00:00:02.313670,448,0.9016349801114897,0.2912480994604083,13,COMPLETE
688,688,-0.683226478799258,0.006572093723247002,2024-05-18 17:44:13.317468,2024-05-18 17:44:17.395651,0 days 00:00:04.078183,837,0.7747091101861301,0.9957343008451687,13,COMPLETE
689,689,-0.6832036081887701,0.0065532979110646,2024-05-18 17:44:17.395651,2024-05-18 17:44:21.376599,0 days 00:00:03.980948,673,0.14130362094598647,0.6529969599416241,13,COMPLETE
690,690,-0.8670824152151143,0.007053903892501203,2024-05-18 17:44:21.376599,2024-05-18 17:44:25.074636,0 days 00:00:03.698037,679,0.1286447614248163,0.3947185068047774,13,COMPLETE
691,691,-0.39048357296784075,0.006001877117014304,2024-05-18 17:44:25.074636,2024-05-18 17:44:27.553253,0 days 00:00:02.478617,509,0.7747091101861301,0.820776984097283,13,COMPLETE
692,692,-0.8885840754621533,0.007027068669982275,2024-05-18 17:44:27.553253,2024-05-18 17:44:29.774433,0 days 00:00:02.221180,347,0.0830019970550605,0.2912480994604083,13,COMPLETE
693,693,-0.9881858463008193,0.00718225348215519,2024-05-18 17:44:29.774433,2024-05-18 17:44:33.762607,0 days 00:00:03.988174,724,0.4791941438904723,0.3947185068047774,13,COMPLETE
694,694,-0.40980722663548813,0.005968220157329883,2024-05-18 17:44:33.762607,2024-05-18 17:44:37.713160,0 days 00:00:03.950553,724,0.7747091101861301,0.7784599339647019,13,COMPLETE
695,695,-0.6997215175952907,0.006571926504285142,2024-05-18 17:44:37.713160,2024-05-18 17:44:39.993283,0 days 00:00:02.280123,374,0.0700636979466861,0.2912480994604083,13,COMPLETE
696,696,-0.3423235557213126,0.005970207562366789,2024-05-18 17:44:39.993283,2024-05-18 17:44:44.620098,0 days 00:00:04.626815,910,0.8149300391240338,0.1390401654120803,13,COMPLETE
697,697,-0.4216830163512685,0.006006938847471051,2024-05-18 17:44:44.635719,2024-05-18 17:44:48.801920,0 days 00:00:04.166201,724,0.753742816770654,0.15915686225609849,13,COMPLETE
698,698,-0.5024231373495733,0.006294957564462087,2024-05-18 17:44:48.801920,2024-05-18 17:44:50.968293,0 days 00:00:02.166373,286,0.6741721442127685,0.9685159563573719,13,COMPLETE
699,699,-0.5672622595127985,0.006306671330642883,2024-05-18 17:44:50.968293,2024-05-18 17:44:55.252206,0 days 00:00:04.283913,807,0.9623107323022978,0.1884858330372915,13,COMPLETE
700,700,-1.2853726234957397,0.007677688811050305,2024-05-18 17:44:55.252206,2024-05-18 17:44:57.063902,0 days 00:00:01.811696,118,0.9323023191283656,0.60820233532216,14,COMPLETE
701,701,-1.0863415016039528,0.007251392427870387,2024-05-18 17:44:57.079831,2024-05-18 17:44:59.581536,0 days 00:00:02.501705,516,0.32239199767341276,0.44144460994242285,14,COMPLETE
702,702,-0.7637878748234381,0.006685001285220665,2024-05-18 17:44:59.581536,2024-05-18 17:45:01.718969,0 days 00:00:02.137433,286,0.7747091101861301,0.20592144708549764,14,COMPLETE
703,703,-0.5433174203021542,0.006305160632372779,2024-05-18 17:45:01.718969,2024-05-18 17:45:05.467337,0 days 00:00:03.748368,680,0.8892085181202906,0.8713245100904601,14,COMPLETE
704,704,-0.6605783627787056,0.006626566847081031,2024-05-18 17:45:05.482958,2024-05-18 17:45:07.819196,0 days 00:00:02.336238,427,0.0700636979466861,0.5629414935207546,14,COMPLETE
705,705,-1.2715293479321785,0.007526265209860017,2024-05-18 17:45:07.819196,2024-05-18 17:45:09.386338,0 days 00:00:01.567142,38,0.7747091101861301,0.7784599339647019,14,COMPLETE
706,706,-9.902094187101733,0.013553692345582125,2024-05-18 17:45:09.386338,2024-05-18 17:45:11.547768,0 days 00:00:02.161430,337,0.04367041053946974,0.7571666721826962,14,COMPLETE
707,707,-0.4064005554109271,0.005996932137994569,2024-05-18 17:45:11.547768,2024-05-18 17:45:16.267608,0 days 00:00:04.719840,997,0.20200066503773495,0.39434964854185606,14,COMPLETE
708,708,-0.5799356378487351,0.006450298866958583,2024-05-18 17:45:16.267608,2024-05-18 17:45:18.336320,0 days 00:00:02.068712,286,0.38515421985153886,0.9533399327396712,14,COMPLETE
709,709,-0.41966972059441277,0.0060867445249625125,2024-05-18 17:45:18.336320,2024-05-18 17:45:20.866942,0 days 00:00:02.530622,509,0.636632426502639,0.7232915514834799,14,COMPLETE
710,710,-12.019546359620252,0.015282303328604233,2024-05-18 17:45:20.866942,2024-05-18 17:45:25.560393,0 days 00:00:04.693451,932,0.9938158478075421,0.14025622568840745,14,COMPLETE
711,711,-0.43543673471858757,0.006095205097279574,2024-05-18 17:45:25.575981,2024-05-18 17:45:30.156690,0 days 00:00:04.580709,960,0.4249764642194559,0.20592144708549764,14,COMPLETE
712,712,-0.5734232001168185,0.0063848320142409765,2024-05-18 17:45:30.165476,2024-05-18 17:45:32.737698,0 days 00:00:02.572222,524,0.2779569125848962,0.9819274639952288,14,COMPLETE
713,713,-0.5647151176541794,0.006308480258140299,2024-05-18 17:45:32.737698,2024-05-18 17:45:37.266085,0 days 00:00:04.528387,932,0.0700636979466861,0.14025622568840745,14,COMPLETE
714,714,-0.5304021162618633,0.006331665360729352,2024-05-18 17:45:37.266085,2024-05-18 17:45:39.605122,0 days 00:00:02.339037,418,0.6123017888229373,0.1884858330372915,14,COMPLETE
715,715,-0.7684677358231875,0.006686982414090717,2024-05-18 17:45:39.605122,2024-05-18 17:45:42.160187,0 days 00:00:02.555065,497,0.9863437105941146,0.930988158767878,14,COMPLETE
716,716,-0.8215699791665421,0.006711826353791761,2024-05-18 17:45:42.160187,2024-05-18 17:45:46.183414,0 days 00:00:04.023227,724,0.8348914936153634,0.1884858330372915,14,COMPLETE
717,717,-1.2086734784035245,0.007571141955296063,2024-05-18 17:45:46.185444,2024-05-18 17:45:50.714010,0 days 00:00:04.528566,865,0.9288916799390848,0.5513282541379884,14,COMPLETE
718,718,-0.33607996167480286,0.005930663173723415,2024-05-18 17:45:50.714010,2024-05-18 17:45:52.551364,0 days 00:00:01.837354,165,0.5113979331719445,0.820776984097283,14,COMPLETE
719,719,-1.5179215061292652,0.007878245960667317,2024-05-18 17:45:52.551364,2024-05-18 17:45:54.464165,0 days 00:00:01.912801,244,0.20200066503773495,0.820776984097283,14,COMPLETE
720,720,-0.4524474171235383,0.006135858326943461,2024-05-18 17:45:54.479785,2024-05-18 17:45:57.003629,0 days 00:00:02.523844,509,0.04367041053946974,0.0708750144637933,14,COMPLETE
721,721,-0.704321686091284,0.006657911385816848,2024-05-18 17:45:57.019251,2024-05-18 17:46:00.920701,0 days 00:00:03.901450,724,0.4075714240432138,0.5112440024661592,14,COMPLETE
722,722,-0.5149881054658991,0.006323404774020029,2024-05-18 17:46:00.920701,2024-05-18 17:46:05.355209,0 days 00:00:04.434508,892,0.4297273427288142,0.45190439594760456,14,COMPLETE
723,723,-0.4199527338416309,0.0060005755436770445,2024-05-18 17:46:05.355209,2024-05-18 17:46:08.145354,0 days 00:00:02.790145,612,0.7586369129043379,0.8422028932766759,14,COMPLETE
