,number,values_0,values_1,datetime_start,datetime_complete,duration,params_dim,params_smoothing_level,params_smoothing_trend,system_attrs_nsga2:generation,state
0,0,-0.3247016745364716,0.005869712881086381,2024-05-18 17:01:50.614138,2024-05-18 17:01:54.973711,0 days 00:00:04.359573,932,0.9938158478075421,0.14025622568840745,0,COMPLETE
1,1,-0.697254715867678,0.006474453193321172,2024-05-18 17:01:54.974699,2024-05-18 17:01:56.706276,0 days 00:00:01.731577,188,0.5523342775336312,0.2967159676093998,0,COMPLETE
2,2,-1.7795070870737022,0.008395325535678348,2024-05-18 17:01:56.707275,2024-05-18 17:02:00.808476,0 days 00:00:04.101201,963,0.7152838931741237,0.38915820469914,0,COMPLETE
3,3,-0.5175667463470173,0.006194478947207467,2024-05-18 17:02:00.810433,2024-05-18 17:02:02.085533,0 days 00:00:01.275100,9,0.09193892345711163,0.5870991179179087,0,COMPLETE
4,4,-1.1111119250769186,0.007350348309201315,2024-05-18 17:02:02.087527,2024-05-18 17:02:05.765893,0 days 00:00:03.678366,812,0.36531728775607475,0.4126726928705424,0,COMPLETE
5,5,-0.5198175326579848,0.006230445169111528,2024-05-18 17:02:05.767888,2024-05-18 17:02:08.208149,0 days 00:00:02.440261,616,0.8723739167002719,0.7249186449723967,0,COMPLETE
6,6,-0.8361880116492572,0.007044182276717693,2024-05-18 17:02:08.209146,2024-05-18 17:02:12.084877,0 days 00:00:03.875731,805,0.948984113561581,0.6670405134632346,0,COMPLETE
7,7,-0.35332610395405734,0.005878043161832049,2024-05-18 17:02:12.084877,2024-05-18 17:02:16.012982,0 days 00:00:03.928105,865,0.6741721442127685,0.5513282541379884,0,COMPLETE
8,8,-0.8837314421420078,0.007001401914670943,2024-05-18 17:02:16.012982,2024-05-18 17:02:18.237054,0 days 00:00:02.224072,512,0.726740271625143,0.11678898408643301,0,COMPLETE
9,9,-1.4707938250374872,0.008098626331622038,2024-05-18 17:02:18.245050,2024-05-18 17:02:19.708343,0 days 00:00:01.463293,148,0.6590506478223298,0.8489953750565759,0,COMPLETE
10,10,-1.0061166610654504,0.007094039894757165,2024-05-18 17:02:19.708343,2024-05-18 17:02:21.570749,0 days 00:00:01.862406,304,0.7233493308766243,0.4233264715398526,0,COMPLETE
11,11,-0.8311732324311116,0.006744912468551231,2024-05-18 17:02:21.570749,2024-05-18 17:02:23.079562,0 days 00:00:01.508813,103,0.45441480556664293,0.7129204089790377,0,COMPLETE
12,12,-0.9089156364648678,0.007007320097725797,2024-05-18 17:02:23.079562,2024-05-18 17:02:24.585475,0 days 00:00:01.505913,102,0.15280230271779394,0.1705926646521,0,COMPLETE
13,13,-0.9444248841783563,0.007048822709050469,2024-05-18 17:02:24.585475,2024-05-18 17:02:26.017908,0 days 00:00:01.432433,98,0.14253636249610857,0.8885591319841504,0,COMPLETE
14,14,-1.242558394496376,0.007672675098740503,2024-05-18 17:02:26.017908,2024-05-18 17:02:28.275077,0 days 00:00:02.257169,505,0.5574286993955156,0.3815007744871298,0,COMPLETE
15,15,-0.7060936313375098,0.0064911655813119735,2024-05-18 17:02:28.275077,2024-05-18 17:02:30.519703,0 days 00:00:02.244626,513,0.5170676549084444,0.006771048610423436,0,COMPLETE
16,16,-0.9392103306692465,0.007143361491208244,2024-05-18 17:02:30.519703,2024-05-18 17:02:34.987334,0 days 00:00:04.467631,995,0.46216043427200537,0.18817535566594912,0,COMPLETE
17,17,-1.0677161153165795,0.0073543282773847335,2024-05-18 17:02:34.989329,2024-05-18 17:02:37.008061,0 days 00:00:02.018732,370,0.3058834596972376,0.2163628212680191,0,COMPLETE
18,18,-0.22267701403236,0.005664814995513988,2024-05-18 17:02:37.008061,2024-05-18 17:02:39.317541,0 days 00:00:02.309480,448,0.9016349801114897,0.2912480994604083,0,COMPLETE
19,19,-1.4188166584493338,0.008085433310599719,2024-05-18 17:02:39.318539,2024-05-18 17:02:41.233904,0 days 00:00:01.915365,246,0.9297844474637325,0.4652374728823728,0,COMPLETE
20,20,-0.33066110117507014,0.0058614362716524985,2024-05-18 17:02:41.235899,2024-05-18 17:02:43.765102,0 days 00:00:02.529203,625,0.7799650199147381,0.60820233532216,0,COMPLETE
21,21,-1.4622014761864797,0.00784897551459083,2024-05-18 17:02:43.767096,2024-05-18 17:02:45.351367,0 days 00:00:01.584271,124,0.21122268396084531,0.747278834004692,0,COMPLETE
22,22,-0.6842300367803733,0.006551766520426665,2024-05-18 17:02:45.352384,2024-05-18 17:02:47.039959,0 days 00:00:01.687575,77,0.20200066503773495,0.03914172937828586,0,COMPLETE
23,23,-0.5170123075437985,0.006283670794603423,2024-05-18 17:02:47.041954,2024-05-18 17:02:48.870686,0 days 00:00:01.828732,198,0.6049106877584202,0.7021480447058368,0,COMPLETE
24,24,-3.0163874721042334,0.009578395284971356,2024-05-18 17:02:48.871684,2024-05-18 17:02:50.332378,0 days 00:00:01.460694,18,0.050633062916786487,0.4664245637727644,0,COMPLETE
25,25,-1.014057329496548,0.007207855295313713,2024-05-18 17:02:50.334368,2024-05-18 17:02:52.268316,0 days 00:00:01.933948,235,0.06674672831297235,0.34116242374825667,0,COMPLETE
26,26,-0.759286826543514,0.006619729243816055,2024-05-18 17:02:52.269296,2024-05-18 17:02:54.319268,0 days 00:00:02.049972,397,0.4040554864095407,0.49412273143514884,0,COMPLETE
27,27,-0.7799641936769219,0.0067697000278160125,2024-05-18 17:02:54.320298,2024-05-18 17:02:56.095026,0 days 00:00:01.774728,184,0.013786778489679463,0.6948053108544144,0,COMPLETE
28,28,-0.5067601391463801,0.006230678842480497,2024-05-18 17:02:56.095026,2024-05-18 17:03:00.737745,0 days 00:00:04.642719,922,0.04367041053946974,0.1390401654120803,0,COMPLETE
29,29,-10.145553050606898,0.013832311514959145,2024-05-18 17:03:00.737745,2024-05-18 17:03:03.003539,0 days 00:00:02.265794,478,0.23361462726011561,0.7969766829236391,0,COMPLETE
30,30,-1.76979304125725,0.00818920369936901,2024-05-18 17:03:03.003539,2024-05-18 17:03:05.065968,0 days 00:00:02.062429,397,0.9634878730328043,0.8273355465391938,0,COMPLETE
31,31,-1.2758549080858255,0.0075046312017170835,2024-05-18 17:03:05.065968,2024-05-18 17:03:07.124678,0 days 00:00:02.058710,360,0.12583790698145825,0.1615263236218345,0,COMPLETE
32,32,-22.835897606653596,0.018218926096772028,2024-05-18 17:03:07.124678,2024-05-18 17:03:10.702093,0 days 00:00:03.577415,692,0.52456175984695,0.672359326771838,0,COMPLETE
33,33,-8.71997209076056,0.012635083143411153,2024-05-18 17:03:10.702093,2024-05-18 17:03:14.881789,0 days 00:00:04.179696,920,0.19039581016783003,0.43363277337068695,0,COMPLETE
34,34,-0.7635379094263467,0.006777777363700319,2024-05-18 17:03:14.881789,2024-05-18 17:03:17.308199,0 days 00:00:02.426410,553,0.10761787771646103,0.9677218145543681,0,COMPLETE
35,35,-1.0954805834818164,0.007325836058786367,2024-05-18 17:03:17.323814,2024-05-18 17:03:20.368972,0 days 00:00:03.045158,574,0.30468753850832364,0.9887584779638126,0,COMPLETE
36,36,-1.1771139641933501,0.007526766450081167,2024-05-18 17:03:20.368972,2024-05-18 17:03:22.140330,0 days 00:00:01.771358,83,0.33311243162322346,0.9560607337455062,0,COMPLETE
37,37,-0.2729961032128719,0.005774936022824408,2024-05-18 17:03:22.141377,2024-05-18 17:03:26.286572,0 days 00:00:04.145195,679,0.1286447614248163,0.3947185068047774,0,COMPLETE
38,38,-0.7759960848771658,0.006865486030210163,2024-05-18 17:03:26.286572,2024-05-18 17:03:30.670389,0 days 00:00:04.383817,777,0.31362618088107863,0.7258346605540001,0,COMPLETE
39,39,-1.053444941926878,0.007396628656146214,2024-05-18 17:03:30.680086,2024-05-18 17:03:32.803845,0 days 00:00:02.123759,228,0.6359708107168425,0.432520593922342,0,COMPLETE
40,40,-0.45568005393616706,0.006123941064154886,2024-05-18 17:03:32.803845,2024-05-18 17:03:37.516107,0 days 00:00:04.712262,859,0.536964049611274,0.6839503668883695,0,COMPLETE
41,41,-0.4498542782344742,0.006058485814429927,2024-05-18 17:03:37.527068,2024-05-18 17:03:42.582902,0 days 00:00:05.055834,873,0.03714141860103415,0.7571666721826962,0,COMPLETE
42,42,-0.3558690345813744,0.005893378225186935,2024-05-18 17:03:42.583916,2024-05-18 17:03:45.696068,0 days 00:00:03.112152,612,0.3289833145102581,0.7000598075042406,0,COMPLETE
43,43,-0.31895277298282015,0.00588303347548052,2024-05-18 17:03:45.696068,2024-05-18 17:03:50.338852,0 days 00:00:04.642784,724,0.0700636979466861,0.7232915514834799,0,COMPLETE
44,44,-0.40911440865126325,0.005990615045003489,2024-05-18 17:03:50.338852,2024-05-18 17:03:52.770964,0 days 00:00:02.432112,407,0.5355906172391094,0.8125902106079902,0,COMPLETE
45,45,-0.6790818989207021,0.0066335300523818405,2024-05-18 17:03:52.770964,2024-05-18 17:03:55.603082,0 days 00:00:02.832118,523,0.5123777599152304,0.5290957800308878,0,COMPLETE
46,46,-0.8462489798020405,0.0070220365864879074,2024-05-18 17:03:55.603082,2024-05-18 17:03:58.331932,0 days 00:00:02.728850,478,0.45165363142392556,0.9265250779091302,0,COMPLETE
47,47,-1.055361849509673,0.007313254541183739,2024-05-18 17:03:58.332955,2024-05-18 17:04:00.100974,0 days 00:00:01.768019,55,0.260294513723215,0.9765616167167438,0,COMPLETE
48,48,-0.7345404814341483,0.006647913420341383,2024-05-18 17:04:00.117728,2024-05-18 17:04:03.166594,0 days 00:00:03.048866,651,0.384961217983646,0.9418899684790605,0,COMPLETE
49,49,-0.6715122776579374,0.006573700683354859,2024-05-18 17:04:03.166594,2024-05-18 17:04:05.298819,0 days 00:00:02.132225,265,0.8986201057902558,0.24541209858918644,0,COMPLETE
50,50,-0.4764416114706198,0.00624854808750327,2024-05-18 17:04:05.298819,2024-05-18 17:04:07.997818,0 days 00:00:02.698999,448,0.9016349801114897,0.2912480994604083,1,COMPLETE
51,51,-51.31236041384248,0.025287876148905958,2024-05-18 17:04:08.013613,2024-05-18 17:04:13.212145,0 days 00:00:05.198532,922,0.5420331581264933,0.7249186449723967,1,COMPLETE
52,52,-42.5936033123637,0.01964071375533302,2024-05-18 17:04:13.212145,2024-05-18 17:04:14.795202,0 days 00:00:01.583057,9,0.09193892345711163,0.7232915514834799,1,COMPLETE
53,53,-0.7885291764123499,0.0067573743380688845,2024-05-18 17:04:14.795202,2024-05-18 17:04:19.897579,0 days 00:00:05.102377,932,0.5099041408074233,0.3947185068047774,1,COMPLETE
54,54,-0.5966177542841706,0.0064712747856630615,2024-05-18 17:04:19.897579,2024-05-18 17:04:24.689522,0 days 00:00:04.791943,794,0.7747091101861301,0.9765616167167438,1,COMPLETE
55,55,-0.25092383749393443,0.005758715267467277,2024-05-18 17:04:24.695042,2024-05-18 17:04:30.109028,0 days 00:00:05.413986,995,0.726740271625143,0.1884858330372915,1,COMPLETE
56,56,-1.4874677535722576,0.008047695383454697,2024-05-18 17:04:30.109028,2024-05-18 17:04:35.090417,0 days 00:00:04.981389,845,0.9402385232787726,0.1485530947831546,1,COMPLETE
57,57,-631.1362394119631,0.0776145004860699,2024-05-18 17:04:35.090417,2024-05-18 17:04:40.483249,0 days 00:00:05.392832,940,0.31362618088107863,0.3947185068047774,1,COMPLETE
58,58,-1.574911958417045,0.007877211958529268,2024-05-18 17:04:40.483249,2024-05-18 17:04:42.782197,0 days 00:00:02.298948,269,0.7152838931741237,0.38915820469914,1,COMPLETE
59,59,-0.6937216476958625,0.0066537845716055114,2024-05-18 17:04:42.782197,2024-05-18 17:04:48.129880,0 days 00:00:05.347683,919,0.5355906172391094,0.8125902106079902,1,COMPLETE
60,60,-0.8590748190003128,0.006776028202236673,2024-05-18 17:04:48.129880,2024-05-18 17:04:51.377841,0 days 00:00:03.247961,512,0.5123777599152304,0.5290957800308878,1,COMPLETE
61,61,-0.5101773597318624,0.006261197219158696,2024-05-18 17:04:51.377841,2024-05-18 17:04:56.541347,0 days 00:00:05.163506,869,0.3690333970215378,0.6670405134632346,1,COMPLETE
62,62,-0.4919171332044899,0.006106997923350959,2024-05-18 17:04:56.541347,2024-05-18 17:05:00.956933,0 days 00:00:04.415586,673,0.536964049611274,0.24541209858918644,1,COMPLETE
63,63,-1.020940561822501,0.007171485372720968,2024-05-18 17:05:00.956933,2024-05-18 17:05:06.187989,0 days 00:00:05.231056,873,0.6245980682205243,0.7571666721826962,1,COMPLETE
64,64,-0.5160885054160828,0.006272916847946371,2024-05-18 17:05:06.203646,2024-05-18 17:05:10.652683,0 days 00:00:04.449037,708,0.3556894660822971,0.1390401654120803,1,COMPLETE
65,65,-0.2902869032661487,0.005771429656380678,2024-05-18 17:05:10.652683,2024-05-18 17:05:14.125560,0 days 00:00:03.472877,612,0.6741721442127685,0.8635801180660567,1,COMPLETE
66,66,-0.7063175054204514,0.006812466707303577,2024-05-18 17:05:14.134714,2024-05-18 17:05:18.988268,0 days 00:00:04.853554,777,0.8804714239324669,0.7258346605540001,1,COMPLETE
67,67,-0.9558550436049711,0.007119013695913834,2024-05-18 17:05:18.988268,2024-05-18 17:05:20.920396,0 days 00:00:01.932128,77,0.20200066503773495,0.5635669832751843,1,COMPLETE
68,68,-0.153401897923447,0.0054863228267068645,2024-05-18 17:05:20.920396,2024-05-18 17:05:23.052381,0 days 00:00:02.131985,188,0.20200066503773495,0.820776984097283,1,COMPLETE
69,69,-1.1589255105612968,0.007599082070882242,2024-05-18 17:05:23.052381,2024-05-18 17:05:25.952926,0 days 00:00:02.900545,448,0.7201450099541198,0.2967159676093998,1,COMPLETE
70,70,-0.6314953408548762,0.006541551453952003,2024-05-18 17:05:25.962790,2024-05-18 17:05:28.166594,0 days 00:00:02.203804,203,0.06674672831297235,0.43363277337068695,1,COMPLETE
71,71,-0.7173405031930793,0.006669624979124063,2024-05-18 17:05:28.166594,2024-05-18 17:05:30.949802,0 days 00:00:02.783208,397,0.3563041679237753,0.49412273143514884,1,COMPLETE
72,72,-1.240810642550384,0.007666955961206141,2024-05-18 17:05:30.949802,2024-05-18 17:05:33.010712,0 days 00:00:02.060910,124,0.384961217983646,0.15083162222544833,1,COMPLETE
73,73,-1.2339308964996039,0.007601061543804516,2024-05-18 17:05:33.012882,2024-05-18 17:05:36.480690,0 days 00:00:03.467808,641,0.27203733702695154,0.4872521422079603,1,COMPLETE
74,74,-1.2011545050629884,0.007553738878877702,2024-05-18 17:05:36.480690,2024-05-18 17:05:38.360159,0 days 00:00:01.879469,55,0.260294513723215,0.49184019536298074,1,COMPLETE
75,75,-1.5883955534207754,0.008308924239308964,2024-05-18 17:05:38.363384,2024-05-18 17:05:43.938505,0 days 00:00:05.575121,983,0.8986201057902558,0.8125902106079902,1,COMPLETE
76,76,-0.36787554314948145,0.006003761957305159,2024-05-18 17:05:43.944950,2024-05-18 17:05:48.886360,0 days 00:00:04.941410,679,0.14738087926036092,0.7642941469656191,1,COMPLETE
77,77,-0.7284187967033428,0.006625565903391103,2024-05-18 17:05:48.886360,2024-05-18 17:05:52.500844,0 days 00:00:03.614484,523,0.5123777599152304,0.14025622568840745,1,COMPLETE
78,78,-1.1621563971200637,0.007504087613355931,2024-05-18 17:05:52.500844,2024-05-18 17:05:57.348673,0 days 00:00:04.847829,724,0.9504852818708827,0.907118080045155,1,COMPLETE
79,79,-0.5049525100666934,0.006229856216714041,2024-05-18 17:05:57.348673,2024-05-18 17:06:00.230904,0 days 00:00:02.882231,448,0.21932449846126045,0.2912480994604083,1,COMPLETE
80,80,-0.9313332696031912,0.006976581565175702,2024-05-18 17:06:00.246526,2024-05-18 17:06:05.967972,0 days 00:00:05.721446,927,0.5355906172391094,0.2912480994604083,1,COMPLETE
81,81,-0.15785493373478826,0.005518554419780764,2024-05-18 17:06:05.978757,2024-05-18 17:06:08.483499,0 days 00:00:02.504742,271,0.45165363142392556,0.7000598075042406,1,COMPLETE
82,82,-0.5119154792407168,0.006023686592975516,2024-05-18 17:06:08.483499,2024-05-18 17:06:13.930268,0 days 00:00:05.446769,805,0.3162048398573547,0.5185529383320543,1,COMPLETE
83,83,-2.273226767952015,0.009179683152517578,2024-05-18 17:06:13.930268,2024-05-18 17:06:15.897088,0 days 00:00:01.966820,52,0.03714141860103415,0.7571666721826962,1,COMPLETE
84,84,-0.8808115527117405,0.006930222659426449,2024-05-18 17:06:15.897088,2024-05-18 17:06:21.192646,0 days 00:00:05.295558,859,0.20200066503773495,0.03914172937828586,1,COMPLETE
85,85,-1.6117718795587865,0.008272036483313502,2024-05-18 17:06:21.192646,2024-05-18 17:06:23.504385,0 days 00:00:02.311739,148,0.6590506478223298,0.7258346605540001,1,COMPLETE
86,86,-1.1405180949444458,0.007382459079562344,2024-05-18 17:06:23.504385,2024-05-18 17:06:26.736297,0 days 00:00:03.231912,513,0.04367041053946974,0.1390401654120803,1,COMPLETE
87,87,-0.9879264669897809,0.007135841840896375,2024-05-18 17:06:26.736297,2024-05-18 17:06:28.785273,0 days 00:00:02.048976,98,0.6380058127844256,0.7249186449723967,1,COMPLETE
88,88,-0.5823614211843238,0.006397064680259729,2024-05-18 17:06:28.785273,2024-05-18 17:06:34.449535,0 days 00:00:05.664262,962,0.3289833145102581,0.1390401654120803,1,COMPLETE
89,89,-0.8062735450955458,0.006728469345600116,2024-05-18 17:06:34.449535,2024-05-18 17:06:40.063885,0 days 00:00:05.614350,812,0.10761787771646103,0.4126726928705424,1,COMPLETE
90,90,-0.5813280174330704,0.006573585107385477,2024-05-18 17:06:40.080527,2024-05-18 17:06:42.745754,0 days 00:00:02.665227,266,0.19301554304388446,0.17478299943473075,1,COMPLETE
91,91,-0.6541576465950667,0.00654020807519185,2024-05-18 17:06:42.745754,2024-05-18 17:06:45.577955,0 days 00:00:02.832201,407,0.5355906172391094,0.8125902106079902,1,COMPLETE
92,92,-0.42725637596761834,0.00604752911706877,2024-05-18 17:06:45.577955,2024-05-18 17:06:48.443410,0 days 00:00:02.865455,407,0.5170676549084444,0.303647775903668,1,COMPLETE
93,93,-0.8554228426189205,0.006902048416814595,2024-05-18 17:06:48.443410,2024-05-18 17:06:50.866088,0 days 00:00:02.422678,235,0.640478472971467,0.9265250779091302,1,COMPLETE
94,94,-0.49720972710807587,0.006234395893751181,2024-05-18 17:06:50.867135,2024-05-18 17:06:54.178242,0 days 00:00:03.311107,478,0.45165363142392556,0.9265250779091302,1,COMPLETE
95,95,-2.5464935280442074,0.009929064840066055,2024-05-18 17:06:54.178242,2024-05-18 17:06:56.573134,0 days 00:00:02.394892,148,0.7799650199147381,0.11678898408643301,1,COMPLETE
96,96,-0.8245223043743419,0.006831422933855398,2024-05-18 17:06:56.573134,2024-05-18 17:06:59.495667,0 days 00:00:02.922533,388,0.31486407818179873,0.6839503668883695,1,COMPLETE
97,97,-0.4194711017111459,0.005953771554986322,2024-05-18 17:06:59.495667,2024-05-18 17:07:03.003606,0 days 00:00:03.507939,616,0.8723739167002719,0.5080777860360639,1,COMPLETE
98,98,-0.8227083223596736,0.006542073451081471,2024-05-18 17:07:03.003606,2024-05-18 17:07:05.269226,0 days 00:00:02.265620,235,0.06674672831297235,0.34116242374825667,1,COMPLETE
99,99,-1.4053632765388988,0.007992404765384842,2024-05-18 17:07:05.284847,2024-05-18 17:07:08.301291,0 days 00:00:03.016444,448,0.536964049611274,0.6839503668883695,1,COMPLETE
100,100,-0.5407807384814685,0.006389116217255117,2024-05-18 17:07:08.301291,2024-05-18 17:07:10.816851,0 days 00:00:02.515560,235,0.8009079930686255,0.34116242374825667,2,COMPLETE
101,101,-1.3311052172454627,0.007916540141539708,2024-05-18 17:07:10.832696,2024-05-18 17:07:13.331878,0 days 00:00:02.499182,266,0.19301554304388446,0.3947185068047774,2,COMPLETE
102,102,-0.7229485108045027,0.006722867441994301,2024-05-18 17:07:13.332588,2024-05-18 17:07:16.880951,0 days 00:00:03.548363,616,0.6049106877584202,0.7021480447058368,2,COMPLETE
103,103,-0.5518190836918822,0.006310599008375453,2024-05-18 17:07:16.880951,2024-05-18 17:07:21.078176,0 days 00:00:04.197225,616,0.21932449846126045,0.16444067717633826,2,COMPLETE
104,104,-0.4634664442126152,0.006055446658762988,2024-05-18 17:07:21.078176,2024-05-18 17:07:26.492415,0 days 00:00:05.414239,827,0.3563041679237753,0.2912480994604083,2,COMPLETE
105,105,-13.272493268016756,0.01568013616271248,2024-05-18 17:07:26.492415,2024-05-18 17:07:32.162134,0 days 00:00:05.669719,932,0.6595608396772981,0.14025622568840745,2,COMPLETE
106,106,-0.4224959026827307,0.006078780650471356,2024-05-18 17:07:32.162134,2024-05-18 17:07:37.355141,0 days 00:00:05.193007,771,0.8723739167002719,0.21499079878289562,2,COMPLETE
107,107,-0.3127472491800429,0.005689845675711887,2024-05-18 17:07:37.355141,2024-05-18 17:07:42.786026,0 days 00:00:05.430885,887,0.04367041053946974,0.1390401654120803,2,COMPLETE
108,108,-1.4525706221309043,0.008089890882275227,2024-05-18 17:07:42.786026,2024-05-18 17:07:45.651343,0 days 00:00:02.865317,407,0.8723739167002719,0.8125902106079902,2,COMPLETE
109,109,-1.6585404983392018,0.008535121153761484,2024-05-18 17:07:45.651343,2024-05-18 17:07:50.998931,0 days 00:00:05.347588,855,0.3289833145102581,0.1390401654120803,2,COMPLETE
110,110,-0.7132683450244505,0.0065978877972268325,2024-05-18 17:07:50.998931,2024-05-18 17:07:56.379249,0 days 00:00:05.380318,741,0.21932449846126045,0.2912480994604083,2,COMPLETE
111,111,-0.6208038619236946,0.006486144794774386,2024-05-18 17:07:56.379249,2024-05-18 17:08:01.310997,0 days 00:00:04.931748,679,0.1286447614248163,0.5793383577218504,2,COMPLETE
112,112,-1.0127334107696337,0.007330635588666597,2024-05-18 17:08:01.310997,2024-05-18 17:08:03.327051,0 days 00:00:02.016054,77,0.1286447614248163,0.3947185068047774,2,COMPLETE
113,113,-1.608397923181765,0.007915270897413788,2024-05-18 17:08:03.327051,2024-05-18 17:08:06.538783,0 days 00:00:03.211732,523,0.5123777599152304,0.2807353512798374,2,COMPLETE
114,114,-0.6044672115570291,0.006622801946205488,2024-05-18 17:08:06.539808,2024-05-18 17:08:09.424257,0 days 00:00:02.884449,407,0.6741721442127685,0.5513282541379884,2,COMPLETE
115,115,-0.6332424335132746,0.00655698224095355,2024-05-18 17:08:09.424257,2024-05-18 17:08:11.973108,0 days 00:00:02.548851,203,0.06674672831297235,0.43363277337068695,2,COMPLETE
116,116,-0.4130710511011227,0.005947957301452959,2024-05-18 17:08:11.973108,2024-05-18 17:08:15.543905,0 days 00:00:03.570797,612,0.7799650199147381,0.8635801180660567,2,COMPLETE
117,117,-0.9573218413442944,0.0071708587519755925,2024-05-18 17:08:15.544923,2024-05-18 17:08:17.770489,0 days 00:00:02.225566,203,0.06674672831297235,0.24581944651451804,2,COMPLETE
118,118,-1.2172131951665959,0.007506406558846021,2024-05-18 17:08:17.770489,2024-05-18 17:08:20.235963,0 days 00:00:02.465474,271,0.45165363142392556,0.1390401654120803,2,COMPLETE
119,119,-0.6155650179373235,0.006444385725927641,2024-05-18 17:08:20.235963,2024-05-18 17:08:25.650298,0 days 00:00:05.414335,859,0.1286447614248163,0.3947185068047774,2,COMPLETE
120,120,-0.9235323068545067,0.00716762914771196,2024-05-18 17:08:25.650298,2024-05-18 17:08:30.281639,0 days 00:00:04.631341,673,0.6612398723172527,0.3932440487027761,2,COMPLETE
