,number,values_0,values_1,datetime_start,datetime_complete,duration,params_dim,params_smoothing_level,params_smoothing_trend,params_use_boxcox,system_attrs_nsga2:generation,state
590,590,-0.28407580472721844,0.1251010472771223,2024-05-16 11:30:31.767097,2024-05-16 11:30:34.461953,0 days 00:00:02.694856,37,0.5634025355998641,0.7921712658552167,True,11,COMPLETE
591,591,-0.3080184069742942,0.1310654433310416,2024-05-16 11:30:34.463464,2024-05-16 11:30:36.922751,0 days 00:00:02.459287,45,0.8204618659611462,0.36060264397280317,False,11,COMPLETE
592,592,0.10094205071701427,0.11007664960242931,2024-05-16 11:30:36.924745,2024-05-16 11:30:40.263352,0 days 00:00:03.338607,52,0.7010900462694593,0.38884053796828555,True,11,COMPLETE
593,593,-2.6526037125496065,0.17047246441773217,2024-05-16 11:30:40.278973,2024-05-16 11:30:42.531727,0 days 00:00:02.252754,58,0.8963994392275162,0.43776005475302393,False,11,COMPLETE
594,594,0.5012205015294114,0.0809238191817459,2024-05-16 11:30:42.532769,2024-05-16 11:30:44.385437,0 days 00:00:01.852668,52,0.8963994392275162,0.6156340061396348,False,11,COMPLETE
595,595,0.22034110204805177,0.099941148870414,2024-05-16 11:30:44.385437,2024-05-16 11:30:48.789095,0 days 00:00:04.403658,32,0.7949874873712804,0.941236161838664,True,11,COMPLETE
596,596,-1.5680725818988206,0.18522341084638597,2024-05-16 11:30:48.791090,2024-05-16 11:30:50.113178,0 days 00:00:01.322088,23,0.821128326781757,0.18773922746579486,True,11,COMPLETE
597,597,-0.6674459287352209,0.15034377081439973,2024-05-16 11:30:50.115173,2024-05-16 11:30:52.554295,0 days 00:00:02.439122,80,0.04303403462476396,0.7584878539858644,False,11,COMPLETE
598,598,-0.6749324587491754,0.14122245495114819,2024-05-16 11:30:52.555394,2024-05-16 11:30:54.596295,0 days 00:00:02.040901,52,0.8815382014493156,0.7921712658552167,False,11,COMPLETE
599,599,-0.27319875461998044,0.12132489750787989,2024-05-16 11:30:54.598290,2024-05-16 11:30:56.522885,0 days 00:00:01.924595,58,0.8815382014493156,0.43776005475302393,False,11,COMPLETE
600,600,0.17530836784390397,0.10566326961546797,2024-05-16 11:30:56.523882,2024-05-16 11:30:58.498482,0 days 00:00:01.974600,79,0.7949874873712804,0.7921712658552167,False,12,COMPLETE
601,601,-0.10632801740473319,0.1182707737935403,2024-05-16 11:30:58.500477,2024-05-16 11:31:02.077119,0 days 00:00:03.576642,52,0.7949874873712804,0.06693206732750656,False,12,COMPLETE
602,602,-0.5004065458021364,0.13664174336513366,2024-05-16 11:31:02.078117,2024-05-16 11:31:04.523646,0 days 00:00:02.445529,82,0.20500968708156186,0.43776005475302393,False,12,COMPLETE
603,603,0.1615174843864454,0.10580578549277479,2024-05-16 11:31:04.525641,2024-05-16 11:31:06.961193,0 days 00:00:02.435552,49,0.8965634370266353,0.18773922746579486,True,12,COMPLETE
604,604,-2.5949271481142073,0.1660950719918675,2024-05-16 11:31:06.962186,2024-05-16 11:31:09.341178,0 days 00:00:02.378992,52,0.7949874873712804,0.4114277405311313,False,12,COMPLETE
605,605,-1.2166110872183924,0.17750250566785913,2024-05-16 11:31:09.343173,2024-05-16 11:31:12.196588,0 days 00:00:02.853415,45,0.6127370442950446,0.4114277405311313,True,12,COMPLETE
606,606,-1.1290357442797583,0.1621195706475666,2024-05-16 11:31:12.198582,2024-05-16 11:31:15.454108,0 days 00:00:03.255526,43,0.7949874873712804,0.6156340061396348,False,12,COMPLETE
607,607,0.31858078065766016,0.09464701316605686,2024-05-16 11:31:15.456102,2024-05-16 11:31:18.774459,0 days 00:00:03.318357,58,0.8963994392275162,0.21433889234696413,True,12,COMPLETE
608,608,-0.5351474628953947,0.14240550518798212,2024-05-16 11:31:18.777424,2024-05-16 11:31:22.124079,0 days 00:00:03.346655,52,0.45144476860390814,0.7921712658552167,False,12,COMPLETE
609,609,-4.45061177308234,0.2224837795275582,2024-05-16 11:31:22.126070,2024-05-16 11:31:25.281330,0 days 00:00:03.155260,5,0.8490746077046506,0.6373050071306229,True,12,COMPLETE
610,610,-0.24758400761597038,0.1255029090030165,2024-05-16 11:31:25.282253,2024-05-16 11:31:27.879825,0 days 00:00:02.597572,45,0.7949874873712804,0.7921712658552167,False,12,COMPLETE
611,611,-0.40023747479439137,0.12044357293335847,2024-05-16 11:31:27.881820,2024-05-16 11:31:30.228937,0 days 00:00:02.347117,49,0.7949874873712804,0.3746592313434195,False,12,COMPLETE
612,612,0.34291789296414266,0.09273893317092498,2024-05-16 11:31:30.230932,2024-05-16 11:31:33.557747,0 days 00:00:03.326815,52,0.7010900462694593,0.16955608676587586,True,12,COMPLETE
613,613,0.27024154477479334,0.09807560790849472,2024-05-16 11:31:33.559742,2024-05-16 11:31:40.063905,0 days 00:00:06.504163,45,0.5221511291477725,0.21433889234696413,False,12,COMPLETE
614,614,0.49948561876528935,0.08085061743439029,2024-05-16 11:31:40.067128,2024-05-16 11:31:44.981782,0 days 00:00:04.914654,85,0.8965634370266353,0.18773922746579486,True,12,COMPLETE
615,615,-0.00036094612521293535,0.11772297773080523,2024-05-16 11:31:44.982933,2024-05-16 11:31:48.553782,0 days 00:00:03.570849,52,0.7203800858441353,0.5024423413760185,False,12,COMPLETE
616,616,-0.5927698641430362,0.14845254001650604,2024-05-16 11:31:48.555697,2024-05-16 11:31:49.891335,0 days 00:00:01.335638,25,0.7949874873712804,0.38884053796828555,False,12,COMPLETE
617,617,0.36830332922972675,0.09268776794447862,2024-05-16 11:31:49.892656,2024-05-16 11:31:53.154962,0 days 00:00:03.262306,49,0.7949874873712804,0.6156340061396348,True,12,COMPLETE
618,618,0.09266693035769151,0.11387288444476776,2024-05-16 11:31:53.156850,2024-05-16 11:31:56.588856,0 days 00:00:03.432006,100,0.8815382014493156,0.06693206732750656,False,12,COMPLETE
619,619,0.3392335438905377,0.09453647635546336,2024-05-16 11:31:56.591616,2024-05-16 11:32:01.089155,0 days 00:00:04.497539,85,0.8965634370266353,0.18773922746579486,True,12,COMPLETE
620,620,0.28758240446766237,0.0897459168343103,2024-05-16 11:32:01.092832,2024-05-16 11:32:04.737015,0 days 00:00:03.644183,52,0.8963994392275162,0.43776005475302393,False,12,COMPLETE
621,621,0.24153729802227158,0.1028522911283786,2024-05-16 11:32:04.739967,2024-05-16 11:32:07.189746,0 days 00:00:02.449779,52,0.8963994392275162,0.36060264397280317,False,12,COMPLETE
622,622,0.3029183852692388,0.09862563777960665,2024-05-16 11:32:07.191741,2024-05-16 11:32:10.449747,0 days 00:00:03.258006,58,0.8815382014493156,0.38884053796828555,True,12,COMPLETE
623,623,-0.14670332120522464,0.11333887324187145,2024-05-16 11:32:10.450937,2024-05-16 11:32:13.461749,0 days 00:00:03.010812,49,0.6127370442950446,0.27262932616117297,True,12,COMPLETE
624,624,0.2490260259436976,0.09782096314143278,2024-05-16 11:32:13.463774,2024-05-16 11:32:16.041971,0 days 00:00:02.578197,49,0.7949874873712804,0.4114277405311313,True,12,COMPLETE
625,625,-0.41146291257496176,0.13239052644304874,2024-05-16 11:32:16.043978,2024-05-16 11:32:17.912865,0 days 00:00:01.868887,49,0.7949874873712804,0.9000967408863407,True,12,COMPLETE
626,626,0.35010498849250105,0.0921999701429789,2024-05-16 11:32:17.914886,2024-05-16 11:32:23.250900,0 days 00:00:05.336014,49,0.6541671779608331,0.36060264397280317,False,12,COMPLETE
627,627,0.5200082513243354,0.07888658075724549,2024-05-16 11:32:23.251815,2024-05-16 11:32:27.121740,0 days 00:00:03.869925,45,0.8127156960799414,0.36060264397280317,False,12,COMPLETE
628,628,-1.0027302329984251,0.13952436948569344,2024-05-16 11:32:27.123734,2024-05-16 11:32:29.952118,0 days 00:00:02.828384,54,0.7949874873712804,0.6156340061396348,False,12,COMPLETE
629,629,0.1872491955755866,0.10706351061775177,2024-05-16 11:32:29.954237,2024-05-16 11:32:33.262659,0 days 00:00:03.308422,52,0.8815382014493156,0.06693206732750656,False,12,COMPLETE
630,630,0.2845623851835887,0.10077784276732324,2024-05-16 11:32:33.264644,2024-05-16 11:32:38.131790,0 days 00:00:04.867146,58,0.7949874873712804,0.21433889234696413,False,12,COMPLETE
631,631,-0.43286895352207244,0.14195141642400314,2024-05-16 11:32:38.133115,2024-05-16 11:32:40.594786,0 days 00:00:02.461671,52,0.6200023265939749,0.21433889234696413,False,12,COMPLETE
632,632,-0.5239342059764914,0.14602480101274534,2024-05-16 11:32:40.595877,2024-05-16 11:32:44.830515,0 days 00:00:04.234638,99,0.8127156960799414,0.09529769336515159,True,12,COMPLETE
633,633,-0.05751768193703084,0.11145455778073854,2024-05-16 11:32:44.831758,2024-05-16 11:32:47.196806,0 days 00:00:02.365048,51,0.8427455946601524,0.4218919131144234,False,12,COMPLETE
634,634,-0.7264698197800792,0.14824727411798827,2024-05-16 11:32:47.197803,2024-05-16 11:32:49.762885,0 days 00:00:02.565082,77,0.8965634370266353,0.6201856047543517,True,12,COMPLETE
635,635,-0.54734015317047,0.14052297899123528,2024-05-16 11:32:49.764878,2024-05-16 11:32:52.093700,0 days 00:00:02.328822,52,0.8963994392275162,0.4218919131144234,False,12,COMPLETE
636,636,0.4729742764336874,0.08002099251355202,2024-05-16 11:32:52.094698,2024-05-16 11:32:56.746685,0 days 00:00:04.651987,45,0.8815382014493156,0.7921712658552167,True,12,COMPLETE
637,637,0.3034913856823094,0.09391563471136524,2024-05-16 11:32:56.749680,2024-05-16 11:32:59.901634,0 days 00:00:03.151954,51,0.8815382014493156,0.6201856047543517,True,12,COMPLETE
638,638,0.5572590699789934,0.0760042009916246,2024-05-16 11:32:59.903644,2024-05-16 11:33:02.843821,0 days 00:00:02.940177,58,0.8963994392275162,0.4114277405311313,False,12,COMPLETE
639,639,-0.7506608199179227,0.1437723450363548,2024-05-16 11:33:02.847812,2024-05-16 11:33:04.586689,0 days 00:00:01.738877,45,0.7949874873712804,0.18773922746579486,True,12,COMPLETE
640,640,-0.2555306937550924,0.1284370833319098,2024-05-16 11:33:04.587687,2024-05-16 11:33:07.052012,0 days 00:00:02.464325,99,0.8815382014493156,0.6201856047543517,False,12,COMPLETE
641,641,-1.7533006483194566,0.19419052180340274,2024-05-16 11:33:07.054273,2024-05-16 11:33:08.674700,0 days 00:00:01.620427,52,0.09044094426850491,0.6788756920023523,False,12,COMPLETE
642,642,0.05892355535358122,0.11455761709520992,2024-05-16 11:33:08.677748,2024-05-16 11:33:11.189930,0 days 00:00:02.512182,52,0.8127156960799414,0.5775371586252299,False,12,COMPLETE
643,643,0.03081216727906022,0.11787058251578401,2024-05-16 11:33:11.192928,2024-05-16 11:33:15.788087,0 days 00:00:04.595159,84,0.7949874873712804,0.21433889234696413,False,12,COMPLETE
644,644,0.4681405526233716,0.08205454898361494,2024-05-16 11:33:15.790083,2024-05-16 11:33:18.631875,0 days 00:00:02.841792,52,0.8815382014493156,0.7921712658552167,True,12,COMPLETE
645,645,-0.25904197550943103,0.12844490134502343,2024-05-16 11:33:18.634080,2024-05-16 11:33:20.699763,0 days 00:00:02.065683,58,0.45900210914035633,0.43776005475302393,True,12,COMPLETE
646,646,0.24784401572348327,0.10370160032551619,2024-05-16 11:33:20.701759,2024-05-16 11:33:24.376886,0 days 00:00:03.675127,51,0.8815382014493156,0.45922050976669937,True,12,COMPLETE
647,647,0.3113872484646177,0.09729838255895075,2024-05-16 11:33:24.378879,2024-05-16 11:33:28.053062,0 days 00:00:03.674183,58,0.7949874873712804,0.7921712658552167,True,12,COMPLETE
648,648,-0.021009814098626612,0.11483403889437724,2024-05-16 11:33:28.055055,2024-05-16 11:33:30.896025,0 days 00:00:02.840970,49,0.7949874873712804,0.4114277405311313,True,12,COMPLETE
649,649,-0.07745133607006552,0.11750882796141064,2024-05-16 11:33:30.897120,2024-05-16 11:33:34.920840,0 days 00:00:04.023720,45,0.7949874873712804,0.024686242485679855,False,12,COMPLETE
650,650,-0.8956636830003857,0.155931104976018,2024-05-16 11:33:34.922870,2024-05-16 11:33:37.618436,0 days 00:00:02.695566,58,0.7949874873712804,0.4114277405311313,False,13,COMPLETE
651,651,-1.2206990234010635,0.15932173355423812,2024-05-16 11:33:37.620431,2024-05-16 11:33:40.221712,0 days 00:00:02.601281,10,0.8963994392275162,0.6156340061396348,False,13,COMPLETE
652,652,-0.1675517210773613,0.11797969817045995,2024-05-16 11:33:40.222683,2024-05-16 11:33:42.448221,0 days 00:00:02.225538,51,0.7949874873712804,0.7921712658552167,False,13,COMPLETE
653,653,-0.09634360439517842,0.11239505156776339,2024-05-16 11:33:42.450604,2024-05-16 11:33:45.752397,0 days 00:00:03.301793,49,0.9529713514881277,0.7921712658552167,False,13,COMPLETE
654,654,-0.14609062481459723,0.1251771551131033,2024-05-16 11:33:45.753955,2024-05-16 11:33:48.489151,0 days 00:00:02.735196,52,0.7949874873712804,0.8105654158250446,False,13,COMPLETE
655,655,0.13552787799386148,0.10976092365158963,2024-05-16 11:33:48.491146,2024-05-16 11:33:53.661174,0 days 00:00:05.170028,42,0.8965634370266353,0.38884053796828555,True,13,COMPLETE
656,656,0.4546128453196238,0.08608887090228723,2024-05-16 11:33:53.663168,2024-05-16 11:33:56.930455,0 days 00:00:03.267287,58,0.7949874873712804,0.05508794212270118,False,13,COMPLETE
657,657,0.3149992679527568,0.09679580531499243,2024-05-16 11:33:56.932465,2024-05-16 11:34:01.208949,0 days 00:00:04.276484,52,0.8965634370266353,0.7921712658552167,False,13,COMPLETE
658,658,-0.44280187034820917,0.14315392670456978,2024-05-16 11:34:01.210628,2024-05-16 11:34:04.288444,0 days 00:00:03.077816,58,0.8963994392275162,0.18773922746579486,False,13,COMPLETE
659,659,0.2907976272432706,0.09779297309004989,2024-05-16 11:34:04.289522,2024-05-16 11:34:09.208092,0 days 00:00:04.918570,54,0.8965634370266353,0.18773922746579486,False,13,COMPLETE
660,660,-0.07773130018568938,0.12382740055482055,2024-05-16 11:34:09.210087,2024-05-16 11:34:13.378819,0 days 00:00:04.168732,99,0.7740442635764134,0.4114277405311313,False,13,COMPLETE
661,661,0.07189420527255534,0.10534941447139153,2024-05-16 11:34:13.381831,2024-05-16 11:34:16.070829,0 days 00:00:02.688998,45,0.8127156960799414,0.36060264397280317,False,13,COMPLETE
662,662,0.25126506556943745,0.09781124598457983,2024-05-16 11:34:16.074389,2024-05-16 11:34:19.969109,0 days 00:00:03.894720,85,0.8965634370266353,0.7570366315825567,True,13,COMPLETE
663,663,-0.8530338781072487,0.14913185262043627,2024-05-16 11:34:19.971103,2024-05-16 11:34:21.871912,0 days 00:00:01.900809,45,0.7949874873712804,0.4114277405311313,False,13,COMPLETE
664,664,0.26366829817342274,0.09494778747741706,2024-05-16 11:34:21.873938,2024-05-16 11:34:27.044725,0 days 00:00:05.170787,52,0.8127156960799414,0.21433889234696413,False,13,COMPLETE
665,665,-0.550392719691768,0.14416479486291142,2024-05-16 11:34:27.046721,2024-05-16 11:34:28.087670,0 days 00:00:01.040949,45,0.08547712506965355,0.4114277405311313,True,13,COMPLETE
666,666,0.5038063572396793,0.07824905379418087,2024-05-16 11:34:28.088693,2024-05-16 11:34:34.644835,0 days 00:00:06.556142,51,0.8815382014493156,0.4114277405311313,True,13,COMPLETE
667,667,-0.027729132456355353,0.1080869155391961,2024-05-16 11:34:34.647827,2024-05-16 11:34:40.357394,0 days 00:00:05.709567,45,0.7949874873712804,0.4114277405311313,True,13,COMPLETE
668,668,-0.8433804577436714,0.1594873268751384,2024-05-16 11:34:40.359354,2024-05-16 11:34:43.244423,0 days 00:00:02.885069,51,0.021785820303284464,0.18773922746579486,True,13,COMPLETE
669,669,0.1492587607263929,0.10984064502668364,2024-05-16 11:34:43.246418,2024-05-16 11:34:49.560697,0 days 00:00:06.314279,85,0.8965634370266353,0.4114277405311313,True,13,COMPLETE
670,670,-0.137920054554277,0.11190089583542862,2024-05-16 11:34:49.561695,2024-05-16 11:34:52.494704,0 days 00:00:02.933009,69,0.9529713514881277,0.36060264397280317,False,13,COMPLETE
671,671,-0.8158976435005034,0.15738418042440955,2024-05-16 11:34:52.497792,2024-05-16 11:34:54.700965,0 days 00:00:02.203173,18,0.9529713514881277,0.8407022969334448,False,13,COMPLETE
672,672,0.29388883654421927,0.09591839590107595,2024-05-16 11:34:54.702960,2024-05-16 11:34:58.210638,0 days 00:00:03.507678,45,0.7949874873712804,0.371142920874425,False,13,COMPLETE
673,673,0.4820724879218566,0.0801750236987594,2024-05-16 11:34:58.213356,2024-05-16 11:35:02.108033,0 days 00:00:03.894677,45,0.7949874873712804,0.18664868874778784,True,13,COMPLETE
674,674,0.2288168979903656,0.09783014012730551,2024-05-16 11:35:02.111030,2024-05-16 11:35:06.282316,0 days 00:00:04.171286,43,0.8963994392275162,0.4114277405311313,False,13,COMPLETE
675,675,0.10394670780869072,0.1144970863059978,2024-05-16 11:35:06.285323,2024-05-16 11:35:10.027504,0 days 00:00:03.742181,69,0.9529713514881277,0.4114277405311313,False,13,COMPLETE
676,676,0.31387489680710623,0.09734662842253221,2024-05-16 11:35:10.029654,2024-05-16 11:35:14.141123,0 days 00:00:04.111469,53,0.9529713514881277,0.38884053796828555,False,13,COMPLETE
677,677,0.464865396054261,0.08632290687418279,2024-05-16 11:35:14.142670,2024-05-16 11:35:19.821230,0 days 00:00:05.678560,52,0.6269193529696404,0.21433889234696413,False,13,COMPLETE
678,678,-0.14864523900406287,0.1238498129469745,2024-05-16 11:35:19.822904,2024-05-16 11:35:22.661801,0 days 00:00:02.838897,16,0.4291989659239458,0.9636753778296931,True,13,COMPLETE
679,679,-1.785965054441013,0.15014873676882248,2024-05-16 11:35:22.664030,2024-05-16 11:35:26.020721,0 days 00:00:03.356691,34,0.5441012387843525,0.09529769336515159,True,13,COMPLETE
680,680,-0.4281424585983372,0.13251448095616153,2024-05-16 11:35:26.022730,2024-05-16 11:35:29.626677,0 days 00:00:03.603947,51,0.8815382014493156,0.06693206732750656,False,13,COMPLETE
681,681,0.18668355554818544,0.10689108788069275,2024-05-16 11:35:29.628673,2024-05-16 11:35:33.525685,0 days 00:00:03.897012,91,0.8965634370266353,0.7921712658552167,False,13,COMPLETE
682,682,-0.056863424122949605,0.12449507503203683,2024-05-16 11:35:33.527680,2024-05-16 11:35:36.162650,0 days 00:00:02.634970,70,0.7949874873712804,0.09529769336515159,True,13,COMPLETE
683,683,-0.06818424405378636,0.11655469168512725,2024-05-16 11:35:36.164659,2024-05-16 11:35:38.908540,0 days 00:00:02.743881,62,0.8127156960799414,0.42619198800189817,False,13,COMPLETE
684,684,0.3254751467815689,0.09410328887658426,2024-05-16 11:35:38.912454,2024-05-16 11:35:41.266952,0 days 00:00:02.354498,19,0.8965634370266353,0.18773922746579486,True,13,COMPLETE
685,685,0.0749749081791301,0.10493555514487873,2024-05-16 11:35:41.268947,2024-05-16 11:35:44.028757,0 days 00:00:02.759810,51,0.8815382014493156,0.9942650952488297,True,13,COMPLETE
686,686,-0.4785316334248222,0.1405765197873073,2024-05-16 11:35:44.030752,2024-05-16 11:35:47.340144,0 days 00:00:03.309392,49,0.297786028756855,0.6156340061396348,True,13,COMPLETE
687,687,0.26743887987389814,0.10067408804444555,2024-05-16 11:35:47.342749,2024-05-16 11:35:50.187760,0 days 00:00:02.845011,60,0.7949874873712804,0.9913215101361577,True,13,COMPLETE
688,688,0.5851059318525452,0.07312743483231306,2024-05-16 11:35:50.190753,2024-05-16 11:35:54.256831,0 days 00:00:04.066078,49,0.7949874873712804,0.43776005475302393,True,13,COMPLETE
689,689,0.24353323138273825,0.09998524428586228,2024-05-16 11:35:54.258826,2024-05-16 11:35:57.437704,0 days 00:00:03.178878,52,0.8963994392275162,0.4006182838526702,False,13,COMPLETE
690,690,0.2622415958071136,0.09828137788046405,2024-05-16 11:35:57.439698,2024-05-16 11:36:01.847186,0 days 00:00:04.407488,58,0.7949874873712804,0.4114277405311313,False,13,COMPLETE
691,691,-0.24443742773844637,0.12269668746354974,2024-05-16 11:36:01.850284,2024-05-16 11:36:03.872000,0 days 00:00:02.021716,85,0.8965634370266353,0.3285173308041883,True,13,COMPLETE
692,692,0.3657213175602544,0.09110476402991323,2024-05-16 11:36:03.873995,2024-05-16 11:36:07.647687,0 days 00:00:03.773692,52,0.8127156960799414,0.21433889234696413,False,13,COMPLETE
693,693,-0.5734006498899806,0.13924211057582445,2024-05-16 11:36:07.649676,2024-05-16 11:36:11.323748,0 days 00:00:03.674072,42,0.44530616704468196,0.7230570287167102,False,13,COMPLETE
694,694,-0.7215589616146467,0.14025731762388938,2024-05-16 11:36:11.324745,2024-05-16 11:36:13.633256,0 days 00:00:02.308511,51,0.7949874873712804,0.7921712658552167,False,13,COMPLETE
695,695,-0.24791422431503057,0.12773592223960054,2024-05-16 11:36:13.635559,2024-05-16 11:36:16.816786,0 days 00:00:03.181227,58,0.8963994392275162,0.24734192317312842,True,13,COMPLETE
696,696,-0.556048771779805,0.1405458748579284,2024-05-16 11:36:16.818781,2024-05-16 11:36:20.357442,0 days 00:00:03.538661,43,0.7949874873712804,0.43776005475302393,False,13,COMPLETE
697,697,0.10851103881816433,0.11051271517761489,2024-05-16 11:36:20.360294,2024-05-16 11:36:23.379435,0 days 00:00:03.019141,49,0.7949874873712804,0.4114277405311313,False,13,COMPLETE
698,698,-0.19047549281317905,0.12445728186003842,2024-05-16 11:36:23.381415,2024-05-16 11:36:28.603822,0 days 00:00:05.222407,49,0.7949874873712804,0.15876547776924976,False,13,COMPLETE
699,699,0.36431877198128293,0.09126605359113156,2024-05-16 11:36:28.606842,2024-05-16 11:36:32.144034,0 days 00:00:03.537192,45,0.8127156960799414,0.7921712658552167,False,13,COMPLETE
700,700,-1.6601923548951718,0.19252245395712492,2024-05-16 11:36:32.145255,2024-05-16 11:36:33.360058,0 days 00:00:01.214803,52,0.17698306927275698,0.8563037995453706,False,14,COMPLETE
701,701,0.16865529001701032,0.1065687663070701,2024-05-16 11:36:33.363021,2024-05-16 11:36:36.130776,0 days 00:00:02.767755,51,0.8665619903946872,0.4218919131144234,True,14,COMPLETE
702,702,-0.11839616391380096,0.11698184974002804,2024-05-16 11:36:36.132771,2024-05-16 11:36:39.914010,0 days 00:00:03.781239,52,0.8963994392275162,0.22860678937318368,False,14,COMPLETE
703,703,-0.29175883986352413,0.131864153920493,2024-05-16 11:36:39.917971,2024-05-16 11:36:44.024711,0 days 00:00:04.106740,32,0.6127370442950446,0.941236161838664,False,14,COMPLETE
704,704,-0.013181351675913566,0.10982855076422393,2024-05-16 11:36:44.026727,2024-05-16 11:36:47.435723,0 days 00:00:03.408996,58,0.8963994392275162,0.42564256149179647,False,14,COMPLETE
705,705,0.04955215877740167,0.11416177530412175,2024-05-16 11:36:47.437718,2024-05-16 11:36:50.078172,0 days 00:00:02.640454,51,0.7949874873712804,0.4114277405311313,True,14,COMPLETE
706,706,0.12352126430072057,0.10549946616887622,2024-05-16 11:36:50.081216,2024-05-16 11:36:55.074057,0 days 00:00:04.992841,52,0.8963994392275162,0.4114277405311313,False,14,COMPLETE
707,707,0.4065176243630365,0.08929609008881055,2024-05-16 11:36:55.077830,2024-05-16 11:36:59.888310,0 days 00:00:04.810480,49,0.8963994392275162,0.4114277405311313,False,14,COMPLETE
