,number,values_0,values_1,datetime_start,datetime_complete,duration,params_dim,params_smoothing_level,params_smoothing_trend,params_use_boxcox,system_attrs_nsga2:generation,state
0,0,0.29132285765330745,0.10007669202051543,2024-05-16 08:16:52.520739,2024-05-16 08:16:55.681768,0 days 00:00:03.161029,89,0.7142018300296177,0.6895785432889812,False,0,COMPLETE
1,1,0.2987510366389168,0.09677096086741405,2024-05-16 08:16:55.686771,2024-05-16 08:16:59.219928,0 days 00:00:03.533157,52,0.6895489805070489,0.9483548979403488,False,0,COMPLETE
2,2,-15.246899316395409,0.2737954826632133,2024-05-16 08:16:59.243198,2024-05-16 08:17:00.902750,0 days 00:00:01.659552,18,0.5308368543969153,0.709689926186269,False,0,COMPLETE
3,3,-1.834453279757593,0.19774145069591476,2024-05-16 08:17:00.910156,2024-05-16 08:17:02.049905,0 days 00:00:01.139749,31,0.4721314464817692,0.25378636556175316,False,0,COMPLETE
4,4,-0.7822225783920228,0.15310930875585985,2024-05-16 08:17:02.050903,2024-05-16 08:17:03.715878,0 days 00:00:01.664975,31,0.37987866377040946,0.08100163139857519,True,0,COMPLETE
5,5,-1.2796067683222092,0.1682192707117231,2024-05-16 08:17:03.716875,2024-05-16 08:17:05.469367,0 days 00:00:01.752492,11,0.9316418254149386,0.017868853211146285,False,0,COMPLETE
6,6,-0.9095013894677259,0.15171688054853294,2024-05-16 08:17:05.471220,2024-05-16 08:17:07.233782,0 days 00:00:01.762562,54,0.9379778720689776,0.22974777052238038,True,0,COMPLETE
7,7,-0.8188967261219752,0.1464782559629667,2024-05-16 08:17:07.235186,2024-05-16 08:17:09.099934,0 days 00:00:01.864748,44,0.15282619140212428,0.8089146607530269,True,0,COMPLETE
8,8,-0.3943842535751738,0.13102664514129503,2024-05-16 08:17:09.105574,2024-05-16 08:17:11.067535,0 days 00:00:01.961961,34,0.3156612228605098,0.7062916286405434,True,0,COMPLETE
9,9,0.1597990223733976,0.1075216806524449,2024-05-16 08:17:11.069530,2024-05-16 08:17:13.339668,0 days 00:00:02.270138,55,0.8783739866129597,0.2819897643609519,True,0,COMPLETE
10,10,-1.0114638034686252,0.17300983409368884,2024-05-16 08:17:13.341536,2024-05-16 08:17:15.015792,0 days 00:00:01.674256,77,0.8961890436229181,0.6784959388304638,True,0,COMPLETE
11,11,0.0019022220981759874,0.11528174079562996,2024-05-16 08:17:15.016790,2024-05-16 08:17:18.563752,0 days 00:00:03.546962,80,0.9299615356649236,0.7584878539858644,False,0,COMPLETE
12,12,0.3096169725353306,0.09518169844460707,2024-05-16 08:17:18.564723,2024-05-16 08:17:20.891862,0 days 00:00:02.327139,31,0.9745573768214442,0.3431529615843193,False,0,COMPLETE
13,13,0.5570670861837823,0.07784389810677139,2024-05-16 08:17:20.893020,2024-05-16 08:17:23.448716,0 days 00:00:02.555696,58,0.7949874873712804,0.43776005475302393,False,0,COMPLETE
14,14,-0.2404990870520906,0.1300968938698189,2024-05-16 08:17:23.450885,2024-05-16 08:17:25.662214,0 days 00:00:02.211329,70,0.5769768960533889,0.5700474967529738,False,0,COMPLETE
15,15,-0.4443360734752414,0.1346826612188376,2024-05-16 08:17:25.663211,2024-05-16 08:17:28.496112,0 days 00:00:02.832901,38,0.8452355345598903,0.39529143715386683,True,0,COMPLETE
16,16,-0.06620330130475098,0.11832522439190107,2024-05-16 08:17:28.498110,2024-05-16 08:17:32.171771,0 days 00:00:03.673661,45,0.29766005938419293,0.8676576060042794,True,0,COMPLETE
17,17,-0.81755707816972,0.15905926644762217,2024-05-16 08:17:32.173766,2024-05-16 08:17:33.235163,0 days 00:00:01.061397,54,0.18602420495263128,0.9919122041140844,True,0,COMPLETE
18,18,-0.21058134227291858,0.12356324647135855,2024-05-16 08:17:33.237159,2024-05-16 08:17:37.722897,0 days 00:00:04.485738,58,0.8766978547073949,0.27528969917798873,False,0,COMPLETE
19,19,-0.6010459470759889,0.14889865631868043,2024-05-16 08:17:37.724909,2024-05-16 08:17:40.758833,0 days 00:00:03.033924,76,0.6725626808413397,0.4531736262420576,False,0,COMPLETE
20,20,0.06144241758697246,0.11424976111581084,2024-05-16 08:17:40.760827,2024-05-16 08:17:43.618132,0 days 00:00:02.857305,79,0.840262523172553,0.434415848151812,True,0,COMPLETE
21,21,0.15522418966517454,0.10333094917228214,2024-05-16 08:17:43.619130,2024-05-16 08:17:46.790631,0 days 00:00:03.171501,77,0.8815382014493156,0.06693206732750656,True,0,COMPLETE
22,22,-1.0735371890235008,0.1581006858437849,2024-05-16 08:17:46.792626,2024-05-16 08:17:48.033588,0 days 00:00:01.240962,30,0.2020537214874476,0.023985722844906077,False,0,COMPLETE
23,23,-0.0796542742082392,0.11729676943483232,2024-05-16 08:17:48.034585,2024-05-16 08:17:50.351830,0 days 00:00:02.317245,36,0.5320904792789163,0.40882399645604595,False,0,COMPLETE
24,24,-0.8910223572040724,0.15961143453063809,2024-05-16 08:17:50.352943,2024-05-16 08:17:51.730747,0 days 00:00:01.377804,35,0.14748524102056693,0.6832391716971998,False,0,COMPLETE
25,25,0.2476428677937667,0.10173946476133613,2024-05-16 08:17:51.731744,2024-05-16 08:17:56.062900,0 days 00:00:04.331156,93,0.8963994392275162,0.4114277405311313,True,0,COMPLETE
26,26,-0.5659413891489165,0.14489324301953532,2024-05-16 08:17:56.064894,2024-05-16 08:17:59.027836,0 days 00:00:02.962942,56,0.6589429885907975,0.15430695932110627,True,0,COMPLETE
27,27,-0.4561353914220746,0.13434970906471838,2024-05-16 08:17:59.029831,2024-05-16 08:18:00.726610,0 days 00:00:01.696779,22,0.225003099645105,0.891995962014653,True,0,COMPLETE
28,28,-0.47749986825504054,0.1442498874651752,2024-05-16 08:18:00.727621,2024-05-16 08:18:02.550581,0 days 00:00:01.822960,89,0.310693526635477,0.6342868263323117,False,0,COMPLETE
29,29,-0.52611501088055,0.14751924349634274,2024-05-16 08:18:02.552843,2024-05-16 08:18:04.953857,0 days 00:00:02.401014,89,0.47398456405564415,0.9926517704173927,False,0,COMPLETE
30,30,-1.301820803353591,0.15259901734890063,2024-05-16 08:18:04.955070,2024-05-16 08:18:06.484565,0 days 00:00:01.529495,3,0.31352251889857774,0.2903145524955463,True,0,COMPLETE
31,31,-1.123808415206446,0.17422288634589583,2024-05-16 08:18:06.486559,2024-05-16 08:18:07.054344,0 days 00:00:00.567785,59,0.578164547153344,0.48367857533340586,False,0,COMPLETE
32,32,-0.5009592411928079,0.13945644747341415,2024-05-16 08:18:07.056340,2024-05-16 08:18:10.931423,0 days 00:00:03.875083,34,0.9735909619567077,0.23257737858841776,True,0,COMPLETE
33,33,-0.815129039369543,0.15878008393103477,2024-05-16 08:18:10.932377,2024-05-16 08:18:12.309991,0 days 00:00:01.377614,19,0.28010860285732897,0.019667208869319275,True,0,COMPLETE
34,34,-0.1539369419392203,0.12500741943607255,2024-05-16 08:18:12.311217,2024-05-16 08:18:14.299946,0 days 00:00:01.988729,63,0.6418965863807481,0.056677497000538146,True,0,COMPLETE
35,35,0.21752735763761474,0.10355545026902495,2024-05-16 08:18:14.302308,2024-05-16 08:18:15.575723,0 days 00:00:01.273415,17,0.8312616653625509,0.18773922746579486,False,0,COMPLETE
36,36,-2.5384907724321044,0.22318219553180252,2024-05-16 08:18:15.576722,2024-05-16 08:18:17.519749,0 days 00:00:01.943027,9,0.3615069029929081,0.02359935679714964,False,0,COMPLETE
37,37,-2.257250147094375,0.1913501663705173,2024-05-16 08:18:17.520825,2024-05-16 08:18:19.012132,0 days 00:00:01.491307,60,0.4460572735792592,0.3227384477495465,True,0,COMPLETE
38,38,-0.9229810980326019,0.15676751691209537,2024-05-16 08:18:19.014126,2024-05-16 08:18:20.772312,0 days 00:00:01.758186,70,0.7279124735827006,0.07785774252445843,False,0,COMPLETE
39,39,-0.8744815774322952,0.15776187731612382,2024-05-16 08:18:20.773310,2024-05-16 08:18:22.597861,0 days 00:00:01.824551,11,0.8001838630505037,0.7492471623880999,True,0,COMPLETE
40,40,-1.4525786818108055,0.1752766361457229,2024-05-16 08:18:22.599856,2024-05-16 08:18:23.953559,0 days 00:00:01.353703,20,0.8271162716629962,0.6884315245097696,True,0,COMPLETE
41,41,-0.7498683942981994,0.14987503754935677,2024-05-16 08:18:23.954556,2024-05-16 08:18:27.166926,0 days 00:00:03.212370,36,0.7803446337111748,0.4516727337356069,False,0,COMPLETE
42,42,-0.6690572564780698,0.1547983379595887,2024-05-16 08:18:27.166926,2024-05-16 08:18:27.712674,0 days 00:00:00.545748,10,0.0037871646884365395,0.07552872006951283,True,0,COMPLETE
43,43,0.009583902903465535,0.11324433074009219,2024-05-16 08:18:27.713994,2024-05-16 08:18:30.119627,0 days 00:00:02.405633,32,0.6127370442950446,0.941236161838664,False,0,COMPLETE
44,44,-0.07463767043210623,0.11941280982961038,2024-05-16 08:18:30.121622,2024-05-16 08:18:32.552796,0 days 00:00:02.431174,11,0.6461626125658021,0.831731137162014,False,0,COMPLETE
45,45,0.128544798485078,0.1046572600070379,2024-05-16 08:18:32.554048,2024-05-16 08:18:35.224034,0 days 00:00:02.669986,53,0.4879319062745462,0.4589221096227811,False,0,COMPLETE
46,46,-0.27017417694760326,0.12697052082184285,2024-05-16 08:18:35.226063,2024-05-16 08:18:37.502461,0 days 00:00:02.276398,69,0.9473368067046174,0.9147787508142867,True,0,COMPLETE
47,47,-0.34257384092631027,0.12813243531666174,2024-05-16 08:18:37.503458,2024-05-16 08:18:39.987213,0 days 00:00:02.483755,75,0.7486125488799519,0.24630302076686028,True,0,COMPLETE
48,48,-0.2129911029016057,0.12427921461231135,2024-05-16 08:18:39.989277,2024-05-16 08:18:42.718785,0 days 00:00:02.729508,58,0.47142547551301817,0.2900636173832699,False,0,COMPLETE
49,49,-0.38366073892400443,0.14041710513667086,2024-05-16 08:18:42.720038,2024-05-16 08:18:45.387407,0 days 00:00:02.667369,99,0.7010900462694593,0.6866023499786337,True,0,COMPLETE
50,50,-1.1124638974354324,0.16204915386803115,2024-05-16 08:18:45.388486,2024-05-16 08:18:46.372044,0 days 00:00:00.983558,25,0.6725626808413397,0.4531736262420576,False,1,COMPLETE
51,51,-1.1570411825914793,0.1642260695405753,2024-05-16 08:18:46.374195,2024-05-16 08:18:47.431201,0 days 00:00:01.057006,39,0.030439285497297797,0.06693206732750656,True,1,COMPLETE
52,52,-1.6424519312979242,0.1826585248059058,2024-05-16 08:18:47.433441,2024-05-16 08:18:50.141024,0 days 00:00:02.707583,34,0.3507181721826542,0.7062916286405434,True,1,COMPLETE
53,53,-0.3054178254889619,0.12994405022827163,2024-05-16 08:18:50.142022,2024-05-16 08:18:51.962937,0 days 00:00:01.820915,77,0.387324958003183,0.6884315245097696,False,1,COMPLETE
54,54,0.3572490640533104,0.09232171873635403,2024-05-16 08:18:51.964932,2024-05-16 08:18:55.319529,0 days 00:00:03.354597,58,0.7949874873712804,0.27262932616117297,False,1,COMPLETE
55,55,-0.07695237111930771,0.11521017609859907,2024-05-16 08:18:55.320526,2024-05-16 08:18:58.999357,0 days 00:00:03.678831,95,0.7803446337111748,0.40882399645604595,False,1,COMPLETE
56,56,-0.6401634015626493,0.14880673951020035,2024-05-16 08:18:59.001352,2024-05-16 08:19:02.061343,0 days 00:00:03.059991,19,0.345172848614146,0.017868853211146285,True,1,COMPLETE
57,57,-0.41800344676297296,0.13922643384522307,2024-05-16 08:19:02.063339,2024-05-16 08:19:06.248125,0 days 00:00:04.184786,93,0.6461626125658021,0.831731137162014,False,1,COMPLETE
58,58,-0.7424841473773811,0.15893906258374468,2024-05-16 08:19:06.249694,2024-05-16 08:19:11.406083,0 days 00:00:05.156389,93,0.7486125488799519,0.9418809962218857,True,1,COMPLETE
59,59,0.23434963973688375,0.10153283884310922,2024-05-16 08:19:11.410139,2024-05-16 08:19:15.336024,0 days 00:00:03.925885,99,0.7010900462694593,0.09529769336515159,False,1,COMPLETE
60,60,0.11996962365317454,0.11038291965767481,2024-05-16 08:19:15.337017,2024-05-16 08:19:18.934054,0 days 00:00:03.597037,69,0.8469042014752189,0.8676576060042794,True,1,COMPLETE
61,61,-1.2031049962190554,0.1771579466351436,2024-05-16 08:19:18.935051,2024-05-16 08:19:21.039854,0 days 00:00:02.104803,34,0.6895489805070489,0.7062916286405434,True,1,COMPLETE
62,62,-2.3201349020149955,0.19023222724829708,2024-05-16 08:19:21.042842,2024-05-16 08:19:24.257050,0 days 00:00:03.214208,3,0.3367666001108366,0.3488007325676238,True,1,COMPLETE
63,63,-0.4887717407234655,0.14503057129800345,2024-05-16 08:19:24.259045,2024-05-16 08:19:27.169764,0 days 00:00:02.910719,17,0.7142018300296177,0.9496549273861077,False,1,COMPLETE
64,64,-1.216866139933189,0.17535827931089149,2024-05-16 08:19:27.171775,2024-05-16 08:19:29.439775,0 days 00:00:02.268000,58,0.47142547551301817,0.06693206732750656,False,1,COMPLETE
65,65,0.06930161170179094,0.1106553361372598,2024-05-16 08:19:29.441769,2024-05-16 08:19:32.682370,0 days 00:00:03.240601,58,0.5819392647960895,0.43776005475302393,False,1,COMPLETE
66,66,-0.18062821500631548,0.12187955652672167,2024-05-16 08:19:32.684365,2024-05-16 08:19:35.441329,0 days 00:00:02.756964,45,0.7010900462694593,0.469848906520945,True,1,COMPLETE
67,67,0.15187689514092476,0.10127098858940738,2024-05-16 08:19:35.442451,2024-05-16 08:19:38.421787,0 days 00:00:02.979336,55,0.8961890436229181,0.6201856047543517,True,1,COMPLETE
68,68,0.03504989639304923,0.10944995273391975,2024-05-16 08:19:38.423780,2024-05-16 08:19:40.861647,0 days 00:00:02.437867,36,0.9875500492208333,0.40882399645604595,False,1,COMPLETE
69,69,-0.24794070310429275,0.13188636312091134,2024-05-16 08:19:40.863194,2024-05-16 08:19:43.079433,0 days 00:00:02.216239,56,0.6236585515936329,0.2952737676069145,True,1,COMPLETE
70,70,-1.8364193275481504,0.1803970696197811,2024-05-16 08:19:43.081545,2024-05-16 08:19:47.245266,0 days 00:00:04.163721,54,0.10020649473355814,0.9919122041140844,True,1,COMPLETE
71,71,0.3968240178042152,0.08629834895194659,2024-05-16 08:19:47.247288,2024-05-16 08:19:49.297073,0 days 00:00:02.049785,58,0.7949874873712804,0.4114277405311313,False,1,COMPLETE
72,72,-0.16875777221805127,0.1193423494204308,2024-05-16 08:19:49.299069,2024-05-16 08:19:52.511792,0 days 00:00:03.212723,52,0.9745573768214442,0.3431529615843193,False,1,COMPLETE
73,73,-0.40767873981399705,0.14099060232068036,2024-05-16 08:19:52.513917,2024-05-16 08:19:59.045037,0 days 00:00:06.531120,58,0.8766978547073949,0.206251431041237,True,1,COMPLETE
74,74,-0.08197355271171432,0.11821577453865348,2024-05-16 08:19:59.048149,2024-05-16 08:20:00.735905,0 days 00:00:01.687756,52,0.3113761930660923,0.3767230226227367,False,1,COMPLETE
75,75,0.32374342624380253,0.09374271190671779,2024-05-16 08:20:00.737899,2024-05-16 08:20:04.672234,0 days 00:00:03.934335,31,0.8815382014493156,0.06693206732750656,False,1,COMPLETE
76,76,-0.15848116612846772,0.11974764668616023,2024-05-16 08:20:04.673705,2024-05-16 08:20:07.115220,0 days 00:00:02.441515,93,0.3921447449747041,0.4114277405311313,True,1,COMPLETE
77,77,-0.6089343775634459,0.14563174051828653,2024-05-16 08:20:07.117722,2024-05-16 08:20:09.286844,0 days 00:00:02.169122,20,0.7142018300296177,0.996087924204789,True,1,COMPLETE
78,78,-1.110705973470118,0.17200485226683654,2024-05-16 08:20:09.288782,2024-05-16 08:20:12.060596,0 days 00:00:02.771814,79,0.12204434991091684,0.5797875113407709,False,1,COMPLETE
79,79,-0.26212821698788685,0.12875201747330617,2024-05-16 08:20:12.062747,2024-05-16 08:20:15.210668,0 days 00:00:03.147921,81,0.2371819942477017,0.23282147141826715,False,1,COMPLETE
80,80,-0.9340949793204676,0.16006349559799612,2024-05-16 08:20:15.212424,2024-05-16 08:20:18.296193,0 days 00:00:03.083769,58,0.2493810503959154,0.43776005475302393,True,1,COMPLETE
81,81,0.12470540709322875,0.11121907407847234,2024-05-16 08:20:18.298250,2024-05-16 08:20:23.958703,0 days 00:00:05.660453,55,0.8271162716629962,0.008529744117448335,False,1,COMPLETE
82,82,0.24281522746439638,0.10205920068970506,2024-05-16 08:20:23.959886,2024-05-16 08:20:28.617297,0 days 00:00:04.657411,77,0.8815382014493156,0.06693206732750656,True,1,COMPLETE
83,83,-5.853683478192445,0.24447007365508627,2024-05-16 08:20:28.620290,2024-05-16 08:20:30.244393,0 days 00:00:01.624103,45,0.29766005938419293,0.8676576060042794,False,1,COMPLETE
84,84,0.1128014791505318,0.11088874605738522,2024-05-16 08:20:30.247504,2024-05-16 08:20:34.147105,0 days 00:00:03.899601,52,0.7949874873712804,0.9483548979403488,False,1,COMPLETE
85,85,-0.4891018648691058,0.12990733330025675,2024-05-16 08:20:34.150198,2024-05-16 08:20:36.971873,0 days 00:00:02.821675,43,0.6127370442950446,0.23257737858841776,False,1,COMPLETE
86,86,0.31911961797842614,0.0978732473851876,2024-05-16 08:20:36.973868,2024-05-16 08:20:42.319267,0 days 00:00:05.345399,85,0.8965634370266353,0.18773922746579486,True,1,COMPLETE
87,87,-1.006960699017652,0.1664202879203726,2024-05-16 08:20:42.321141,2024-05-16 08:20:42.799083,0 days 00:00:00.477942,14,0.059927517125390684,0.16947407872040776,True,1,COMPLETE
88,88,-0.7047853587073541,0.15369792739057475,2024-05-16 08:20:42.801046,2024-05-16 08:20:45.922617,0 days 00:00:03.121571,34,0.3156612228605098,0.7062916286405434,True,1,COMPLETE
89,89,-0.4225541269612993,0.1374740509645343,2024-05-16 08:20:45.924247,2024-05-16 08:20:50.042925,0 days 00:00:04.118678,75,0.310693526635477,0.04640382933194709,True,1,COMPLETE
90,90,-0.43769666539690977,0.13893929082589118,2024-05-16 08:20:50.043923,2024-05-16 08:20:52.919455,0 days 00:00:02.875532,70,0.9299615356649236,0.7584878539858644,True,1,COMPLETE
91,91,-0.37393828259225614,0.13940094210063772,2024-05-16 08:20:52.920657,2024-05-16 08:20:53.358842,0 days 00:00:00.438185,10,0.0037871646884365395,0.9483548979403488,True,1,COMPLETE
92,92,-0.12907760498633225,0.1068348480610958,2024-05-16 08:20:53.359840,2024-05-16 08:20:57.316357,0 days 00:00:03.956517,34,0.3808925512097452,0.0691359911652889,False,1,COMPLETE
93,93,0.030830924199905452,0.11643863626162503,2024-05-16 08:20:57.317355,2024-05-16 08:20:59.458030,0 days 00:00:02.140675,52,0.8963994392275162,0.37311279228276073,True,1,COMPLETE
94,94,-1.976116190924896,0.20113629714640732,2024-05-16 08:20:59.459484,2024-05-16 08:21:01.478467,0 days 00:00:02.018983,31,0.37987866377040946,0.08100163139857519,False,1,COMPLETE
95,95,-1.074010873228584,0.17560515591859022,2024-05-16 08:21:01.480461,2024-05-16 08:21:03.706526,0 days 00:00:02.226065,93,0.12193569986346442,0.5701088545420935,True,1,COMPLETE
96,96,-0.5223881020841116,0.13090257348158482,2024-05-16 08:21:03.707640,2024-05-16 08:21:06.746975,0 days 00:00:03.039335,79,0.6449203247302502,0.48367857533340586,False,1,COMPLETE
97,97,0.16371240100571705,0.1041295435566254,2024-05-16 08:21:06.749061,2024-05-16 08:21:12.099151,0 days 00:00:05.350090,32,0.8271162716629962,0.29107485132868416,True,1,COMPLETE
98,98,-0.1277739121852401,0.11710595397552633,2024-05-16 08:21:12.101145,2024-05-16 08:21:14.184755,0 days 00:00:02.083610,31,0.4589112274372561,0.5552644449207176,False,1,COMPLETE
99,99,-0.8222389662084428,0.15909009549710124,2024-05-16 08:21:14.186581,2024-05-16 08:21:17.475134,0 days 00:00:03.288553,63,0.1850198164994521,0.056677497000538146,True,1,COMPLETE
100,100,-0.3680326654172273,0.13456885179403832,2024-05-16 08:21:17.476131,2024-05-16 08:21:21.004545,0 days 00:00:03.528414,58,0.47142547551301817,0.8599165851262598,True,2,COMPLETE
101,101,-1.8146463872030545,0.1857624445732339,2024-05-16 08:21:21.006540,2024-05-16 08:21:22.913682,0 days 00:00:01.907142,34,0.3808925512097452,0.22603774772591212,False,2,COMPLETE
102,102,-2.4077361777003934,0.19114442314617963,2024-05-16 08:21:22.915756,2024-05-16 08:21:25.089024,0 days 00:00:02.173268,75,0.8961890436229181,0.46174181266688563,False,2,COMPLETE
103,103,-0.780337927821809,0.15606573347987246,2024-05-16 08:21:25.090149,2024-05-16 08:21:27.297741,0 days 00:00:02.207592,39,0.4879319062745462,0.4589221096227811,False,2,COMPLETE
104,104,-0.5368394236175585,0.13793132740039915,2024-05-16 08:21:27.299675,2024-05-16 08:21:29.787352,0 days 00:00:02.487677,56,0.8783739866129597,0.9679936754213936,True,2,COMPLETE
105,105,0.5426110907085505,0.07623546494021123,2024-05-16 08:21:29.788784,2024-05-16 08:21:37.534053,0 days 00:00:07.745269,32,0.6127370442950446,0.941236161838664,True,2,COMPLETE
106,106,0.24629322358352246,0.10139246640433416,2024-05-16 08:21:37.536048,2024-05-16 08:21:41.759027,0 days 00:00:04.222979,85,0.7949874873712804,0.27262932616117297,False,2,COMPLETE
107,107,-1.5059002732162075,0.17171579259130199,2024-05-16 08:21:41.760855,2024-05-16 08:21:43.885825,0 days 00:00:02.124970,99,0.9745573768214442,0.09529769336515159,True,2,COMPLETE
108,108,-0.5122505908518813,0.13872729899916228,2024-05-16 08:21:43.887882,2024-05-16 08:21:47.085919,0 days 00:00:03.198037,52,0.4589112274372561,0.6192046122649707,False,2,COMPLETE
109,109,0.31928873220013143,0.09578100749899501,2024-05-16 08:21:47.087916,2024-05-16 08:21:51.409971,0 days 00:00:04.322055,93,0.8963994392275162,0.6156340061396348,True,2,COMPLETE
110,110,0.07922880939103598,0.11073952832234087,2024-05-16 08:21:51.410967,2024-05-16 08:21:54.451819,0 days 00:00:03.040852,58,0.5320904792789163,0.4114277405311313,False,2,COMPLETE
111,111,0.07258211971761055,0.09821504365323779,2024-05-16 08:21:54.454811,2024-05-16 08:21:56.672306,0 days 00:00:02.217495,77,0.7524101194981472,0.24630302076686028,True,2,COMPLETE
112,112,-0.8390422928659232,0.1530874175204642,2024-05-16 08:21:56.673845,2024-05-16 08:21:59.078688,0 days 00:00:02.404843,32,0.8312616653625509,0.7584878539858644,False,2,COMPLETE
113,113,-0.026502079951036393,0.11832854389022425,2024-05-16 08:21:59.080683,2024-05-16 08:22:02.869786,0 days 00:00:03.789103,99,0.4879319062745462,0.5501092435808229,True,2,COMPLETE
114,114,-0.11728446390603783,0.12153060305777405,2024-05-16 08:22:02.871781,2024-05-16 08:22:05.427801,0 days 00:00:02.556020,70,0.3808925512097452,0.09529769336515159,False,2,COMPLETE
115,115,-0.6538819325041871,0.13764562836436503,2024-05-16 08:22:05.429878,2024-05-16 08:22:08.489044,0 days 00:00:03.059166,55,0.8963994392275162,0.29107485132868416,True,2,COMPLETE
116,116,-0.6460024280460314,0.1494959083439525,2024-05-16 08:22:08.491039,2024-05-16 08:22:11.991782,0 days 00:00:03.500743,36,0.7988942939923995,0.4114277405311313,False,2,COMPLETE
117,117,-0.17622657484756868,0.1292529688403516,2024-05-16 08:22:11.993766,2024-05-16 08:22:15.411109,0 days 00:00:03.417343,77,0.8815382014493156,0.3831481589321116,True,2,COMPLETE
