,number,values_0,values_1,datetime_start,datetime_complete,duration,params_dim,params_smoothing_level,params_smoothing_trend,params_use_boxcox,system_attrs_nsga2:generation,state
472,472,0.09659234076598404,0.10634288801804255,2024-05-16 08:42:08.908476,2024-05-16 08:42:12.524307,0 days 00:00:03.615831,31,0.8815382014493156,0.43218677576881326,False,9,COMPLETE
473,473,-0.4020492919770714,0.13398995402333475,2024-05-16 08:42:12.527009,2024-05-16 08:42:15.246793,0 days 00:00:02.719784,49,0.2202424258427358,0.27262932616117297,False,9,COMPLETE
474,474,-0.9214770384563955,0.16134030678463046,2024-05-16 08:42:15.248978,2024-05-16 08:42:17.540666,0 days 00:00:02.291688,69,0.1666767147321725,0.7921712658552167,True,9,COMPLETE
475,475,-0.0018759610910888736,0.11745200999910847,2024-05-16 08:42:17.542730,2024-05-16 08:42:20.565846,0 days 00:00:03.023116,96,0.8963994392275162,0.4114277405311313,False,9,COMPLETE
476,476,-0.7315914931825083,0.1506995286442436,2024-05-16 08:42:20.575060,2024-05-16 08:42:22.563106,0 days 00:00:01.988046,58,0.20010620709087512,0.9942650952488297,False,9,COMPLETE
477,477,-0.3261207415910872,0.13076285150658698,2024-05-16 08:42:22.564147,2024-05-16 08:42:26.204436,0 days 00:00:03.640289,54,0.9378094037270591,0.6156340061396348,True,9,COMPLETE
478,478,0.5756415612312146,0.06941622524230569,2024-05-16 08:42:26.208102,2024-05-16 08:42:29.502485,0 days 00:00:03.294383,52,0.8127156960799414,0.21433889234696413,False,9,COMPLETE
479,479,-0.18512705137486085,0.11593994345231377,2024-05-16 08:42:29.505168,2024-05-16 08:42:34.033086,0 days 00:00:04.527918,52,0.7949874873712804,0.4114277405311313,True,9,COMPLETE
480,480,-0.056775837175651975,0.12282296968942572,2024-05-16 08:42:34.033086,2024-05-16 08:42:49.652692,0 days 00:00:15.619606,31,0.8963994392275162,0.06693206732750656,True,9,COMPLETE
481,481,-0.7995426612702593,0.16119108076112867,2024-05-16 08:42:49.652692,2024-05-16 08:42:51.983315,0 days 00:00:02.330623,80,0.6460370257877953,0.21679624465602387,True,9,COMPLETE
482,482,-0.2172449064342592,0.11922970741380343,2024-05-16 08:42:51.983315,2024-05-16 08:42:54.187624,0 days 00:00:02.204309,58,0.8963994392275162,0.4114277405311313,False,9,COMPLETE
483,483,0.3253800830387584,0.09366182250585085,2024-05-16 08:42:54.189618,2024-05-16 08:42:56.478644,0 days 00:00:02.289026,16,0.7949874873712804,0.46957836685873344,True,9,COMPLETE
484,484,0.32405907223363034,0.09481281817854062,2024-05-16 08:42:56.480639,2024-05-16 08:42:58.485066,0 days 00:00:02.004427,45,0.4229305501859304,0.21433889234696413,False,9,COMPLETE
485,485,0.0599280614133072,0.10852972472372491,2024-05-16 08:42:58.500687,2024-05-16 08:43:01.068788,0 days 00:00:02.568101,46,0.5320904792789163,0.7833056401713425,False,9,COMPLETE
486,486,0.26058277153842563,0.09868897381154476,2024-05-16 08:43:01.071669,2024-05-16 08:43:03.234032,0 days 00:00:02.162363,49,0.9529713514881277,0.36060264397280317,True,9,COMPLETE
487,487,-0.04899814517347907,0.11854743043488529,2024-05-16 08:43:03.234032,2024-05-16 08:43:06.376186,0 days 00:00:03.142154,31,0.8815382014493156,0.06693206732750656,False,9,COMPLETE
488,488,0.5139671246413862,0.07983471464211325,2024-05-16 08:43:06.377184,2024-05-16 08:43:07.864823,0 days 00:00:01.487639,85,0.8965634370266353,0.38884053796828555,True,9,COMPLETE
489,489,-0.6054644589925283,0.12130721092507309,2024-05-16 08:43:07.866818,2024-05-16 08:43:09.964405,0 days 00:00:02.097587,51,0.8963994392275162,0.9942650952488297,True,9,COMPLETE
490,490,-0.01610576825969323,0.11894158278033191,2024-05-16 08:43:09.964405,2024-05-16 08:43:11.974122,0 days 00:00:02.009717,99,0.8204618659611462,0.4114277405311313,True,9,COMPLETE
491,491,-1.310981589094343,0.16490928414781328,2024-05-16 08:43:11.974122,2024-05-16 08:43:13.594509,0 days 00:00:01.620387,52,0.8815382014493156,0.06693206732750656,False,9,COMPLETE
492,492,-0.10665906704815772,0.11948706526296213,2024-05-16 08:43:13.594509,2024-05-16 08:43:15.847728,0 days 00:00:02.253219,30,0.5782833637942207,0.6156340061396348,False,9,COMPLETE
493,493,0.22609619766753708,0.10111176095749963,2024-05-16 08:43:15.847728,2024-05-16 08:43:18.499915,0 days 00:00:02.652187,52,0.8963994392275162,0.7293563776079687,False,9,COMPLETE
494,494,0.35073771666292525,0.08743857703293184,2024-05-16 08:43:18.499915,2024-05-16 08:43:21.791382,0 days 00:00:03.291467,31,0.8815382014493156,0.06693206732750656,False,9,COMPLETE
495,495,0.5067319083469671,0.08128572086453771,2024-05-16 08:43:21.791382,2024-05-16 08:43:25.277149,0 days 00:00:03.485767,45,0.7949874873712804,0.43776005475302393,False,9,COMPLETE
496,496,0.037607460046845766,0.1196538480046272,2024-05-16 08:43:25.279144,2024-05-16 08:43:28.838837,0 days 00:00:03.559693,51,0.9406191855923828,0.7584878539858644,True,9,COMPLETE
497,497,0.24695942587229786,0.10169994550132526,2024-05-16 08:43:28.839834,2024-05-16 08:43:33.617579,0 days 00:00:04.777745,58,0.8963994392275162,0.9942650952488297,True,9,COMPLETE
498,498,-0.18795529572141498,0.11762113169660518,2024-05-16 08:43:33.619574,2024-05-16 08:43:36.914227,0 days 00:00:03.294653,52,0.8815382014493156,0.7921712658552167,False,9,COMPLETE
499,499,0.16947824618047264,0.0981414428061668,2024-05-16 08:43:36.916222,2024-05-16 08:43:38.783717,0 days 00:00:01.867495,85,0.8965634370266353,0.4114277405311313,False,9,COMPLETE
500,500,0.06378585889459824,0.1129951959979186,2024-05-16 08:43:38.784714,2024-05-16 08:43:42.565114,0 days 00:00:03.780400,41,0.9406191855923828,0.7921712658552167,False,10,COMPLETE
501,501,-0.9413207625099849,0.14605941186988566,2024-05-16 08:43:42.567107,2024-05-16 08:43:44.405286,0 days 00:00:01.838179,49,0.9529713514881277,0.36060264397280317,False,10,COMPLETE
502,502,-0.1360622638228916,0.10791719620745914,2024-05-16 08:43:44.407281,2024-05-16 08:43:47.531543,0 days 00:00:03.124262,58,0.7949874873712804,0.7921712658552167,False,10,COMPLETE
503,503,-2.3684369694721323,0.20455633282378663,2024-05-16 08:43:47.532539,2024-05-16 08:43:49.885801,0 days 00:00:02.353262,51,0.11896190011159113,0.9942650952488297,True,10,COMPLETE
504,504,0.04984769714483126,0.11357794875846619,2024-05-16 08:43:49.887795,2024-05-16 08:43:54.883269,0 days 00:00:04.995474,58,0.8815382014493156,0.9942650952488297,False,10,COMPLETE
505,505,-0.3545192426059174,0.13440741917097102,2024-05-16 08:43:54.885308,2024-05-16 08:43:58.011751,0 days 00:00:03.126443,99,0.7010900462694593,0.09529769336515159,True,10,COMPLETE
506,506,-0.3822061591939959,0.1341114757274727,2024-05-16 08:43:58.014744,2024-05-16 08:44:00.204274,0 days 00:00:02.189530,45,0.8815382014493156,0.4114277405311313,False,10,COMPLETE
507,507,-0.5261196013061715,0.14371796902313796,2024-05-16 08:44:00.205271,2024-05-16 08:44:02.840406,0 days 00:00:02.635135,45,0.8963994392275162,0.7921712658552167,False,10,COMPLETE
508,508,-0.12583330719994743,0.11542875568209518,2024-05-16 08:44:02.842401,2024-05-16 08:44:06.021721,0 days 00:00:03.179320,52,0.5009401569421854,0.4218919131144234,False,10,COMPLETE
509,509,-3.4486493939397427,0.216559366446967,2024-05-16 08:44:06.022718,2024-05-16 08:44:07.713953,0 days 00:00:01.691235,52,0.2885729837892872,0.6156340061396348,True,10,COMPLETE
510,510,0.12187116503108422,0.10846768051345831,2024-05-16 08:44:07.714951,2024-05-16 08:44:10.979512,0 days 00:00:03.264561,85,0.4564052776124856,0.18773922746579486,True,10,COMPLETE
511,511,-0.5865174802168649,0.15242759236176356,2024-05-16 08:44:10.980510,2024-05-16 08:44:13.285840,0 days 00:00:02.305330,51,0.39010946805355295,0.9942650952488297,True,10,COMPLETE
512,512,0.5418285999069262,0.07660378065251985,2024-05-16 08:44:13.287835,2024-05-16 08:44:17.120163,0 days 00:00:03.832328,51,0.7949874873712804,0.7921712658552167,False,10,COMPLETE
513,513,-0.2995919704900582,0.12835380356550757,2024-05-16 08:44:17.122157,2024-05-16 08:44:18.626858,0 days 00:00:01.504701,45,0.44765709965295475,0.4442653057222128,True,10,COMPLETE
514,514,-0.3546782712798688,0.12963685557308352,2024-05-16 08:44:18.627855,2024-05-16 08:44:21.614330,0 days 00:00:02.986475,45,0.8340340806641107,0.18773922746579486,True,10,COMPLETE
515,515,-0.043349247766238094,0.12193139170622284,2024-05-16 08:44:21.615328,2024-05-16 08:44:24.233701,0 days 00:00:02.618373,85,0.7503470129570773,0.38884053796828555,True,10,COMPLETE
516,516,-1.2063555822161116,0.17610064080476065,2024-05-16 08:44:24.235698,2024-05-16 08:44:25.640607,0 days 00:00:01.404909,35,0.7949874873712804,0.4114277405311313,False,10,COMPLETE
517,517,-0.502940070617865,0.14080372108450828,2024-05-16 08:44:25.641985,2024-05-16 08:44:27.074180,0 days 00:00:01.432195,49,0.0747864263093655,0.30341786265659265,False,10,COMPLETE
518,518,-0.16095181598944736,0.1199288478154884,2024-05-16 08:44:27.075794,2024-05-16 08:44:31.465166,0 days 00:00:04.389372,58,0.7949874873712804,0.9942650952488297,False,10,COMPLETE
519,519,0.08039553720022966,0.11258849380024911,2024-05-16 08:44:31.468156,2024-05-16 08:44:34.281908,0 days 00:00:02.813752,93,0.8204618659611462,0.09529769336515159,False,10,COMPLETE
520,520,-0.36877972012665905,0.13164092344905956,2024-05-16 08:44:34.283711,2024-05-16 08:44:36.267406,0 days 00:00:01.983695,99,0.5176565340749589,0.4114277405311313,False,10,COMPLETE
521,521,0.5548184534980186,0.07589141507034183,2024-05-16 08:44:36.268450,2024-05-16 08:44:38.423000,0 days 00:00:02.154550,52,0.8963994392275162,0.21433889234696413,False,10,COMPLETE
522,522,-1.3386532712966388,0.17922519709204893,2024-05-16 08:44:38.423998,2024-05-16 08:44:39.793424,0 days 00:00:01.369426,58,0.8204618659611462,0.4114277405311313,True,10,COMPLETE
523,523,-0.5438286869301768,0.13114986418117242,2024-05-16 08:44:39.794973,2024-05-16 08:44:43.354826,0 days 00:00:03.559853,49,0.7949874873712804,0.4114277405311313,False,10,COMPLETE
524,524,0.49646746200593517,0.08149890940027013,2024-05-16 08:44:43.356820,2024-05-16 08:44:46.097852,0 days 00:00:02.741032,52,0.8965634370266353,0.38884053796828555,False,10,COMPLETE
525,525,0.2817620589092237,0.09898488226554812,2024-05-16 08:44:46.098956,2024-05-16 08:44:50.535634,0 days 00:00:04.436678,45,0.6127370442950446,0.941236161838664,False,10,COMPLETE
526,526,-0.26339044378572724,0.13286486082606902,2024-05-16 08:44:50.537636,2024-05-16 08:44:53.669021,0 days 00:00:03.131385,99,0.7949874873712804,0.38884053796828555,True,10,COMPLETE
527,527,0.0878704918850026,0.11472047220850526,2024-05-16 08:44:53.670710,2024-05-16 08:44:56.471459,0 days 00:00:02.800749,58,0.8204618659611462,0.4114277405311313,False,10,COMPLETE
528,528,-0.18945294925516878,0.12527829047953848,2024-05-16 08:44:56.473329,2024-05-16 08:45:00.330075,0 days 00:00:03.856746,32,0.8815382014493156,0.019326053872824156,True,10,COMPLETE
529,529,-1.3870325251561075,0.16913189036634946,2024-05-16 08:45:00.332099,2024-05-16 08:45:02.628486,0 days 00:00:02.296387,52,0.8815382014493156,0.2782171293982313,False,10,COMPLETE
530,530,-0.5909362769170377,0.13954257166311004,2024-05-16 08:45:02.629586,2024-05-16 08:45:04.744875,0 days 00:00:02.115289,31,0.8815382014493156,0.06693206732750656,True,10,COMPLETE
531,531,0.11873655146775712,0.11039505513764818,2024-05-16 08:45:04.746777,2024-05-16 08:45:07.173432,0 days 00:00:02.426655,45,0.8963994392275162,0.6156340061396348,True,10,COMPLETE
532,532,-0.5462019611655556,0.1441778356855033,2024-05-16 08:45:07.175690,2024-05-16 08:45:08.961745,0 days 00:00:01.786055,45,0.2227934441304279,0.27262932616117297,False,10,COMPLETE
533,533,-0.006755607725224743,0.11223643414034676,2024-05-16 08:45:08.963740,2024-05-16 08:45:10.646052,0 days 00:00:01.682312,19,0.8127156960799414,0.21433889234696413,False,10,COMPLETE
534,534,-1.1453552134942648,0.17544760871754755,2024-05-16 08:45:10.649549,2024-05-16 08:45:11.339742,0 days 00:00:00.690193,51,0.8815382014493156,0.06693206732750656,True,10,COMPLETE
535,535,-0.4744819934365191,0.14044142531368647,2024-05-16 08:45:11.341832,2024-05-16 08:45:12.846032,0 days 00:00:01.504200,52,0.8815382014493156,0.06693206732750656,True,10,COMPLETE
536,536,0.30412476260697974,0.09809574282843843,2024-05-16 08:45:12.849024,2024-05-16 08:45:17.336380,0 days 00:00:04.487356,58,0.8815382014493156,0.6201856047543517,True,10,COMPLETE
537,537,0.27085225616090697,0.10189562013901746,2024-05-16 08:45:17.338375,2024-05-16 08:45:22.589956,0 days 00:00:05.251581,85,0.8965634370266353,0.38884053796828555,False,10,COMPLETE
538,538,-0.2806642374288687,0.13548415418019202,2024-05-16 08:45:22.592310,2024-05-16 08:45:24.986435,0 days 00:00:02.394125,45,0.7949874873712804,0.36060264397280317,False,10,COMPLETE
539,539,0.4335616789488389,0.08777803223007599,2024-05-16 08:45:24.988430,2024-05-16 08:45:28.148224,0 days 00:00:03.159794,56,0.7949874873712804,0.43776005475302393,False,10,COMPLETE
540,540,0.28743400697064825,0.09852932297067521,2024-05-16 08:45:28.150219,2024-05-16 08:45:33.412924,0 days 00:00:05.262705,49,0.7949874873712804,0.36060264397280317,True,10,COMPLETE
541,541,-0.8179189346597703,0.15904620387142743,2024-05-16 08:45:33.414962,2024-05-16 08:45:37.312873,0 days 00:00:03.897911,99,0.07105365376431638,0.27262932616117297,True,10,COMPLETE
542,542,0.34768941762234573,0.09270301844352119,2024-05-16 08:45:37.314051,2024-05-16 08:45:41.063322,0 days 00:00:03.749271,52,0.8127156960799414,0.5024423413760185,False,10,COMPLETE
543,543,0.009297782618764839,0.11883753222770518,2024-05-16 08:45:41.065120,2024-05-16 08:45:45.139416,0 days 00:00:04.074296,58,0.8963994392275162,0.9942650952488297,True,10,COMPLETE
544,544,0.32755966013019344,0.09244363289749637,2024-05-16 08:45:45.141411,2024-05-16 08:45:49.266569,0 days 00:00:04.125158,51,0.8815382014493156,0.20157247336830153,True,10,COMPLETE
545,545,0.15390913571847414,0.1084810676078513,2024-05-16 08:45:49.268556,2024-05-16 08:45:52.816546,0 days 00:00:03.547990,85,0.7961820646575748,0.7584878539858644,True,10,COMPLETE
546,546,0.21510238427702663,0.10570532044027703,2024-05-16 08:45:52.819540,2024-05-16 08:45:58.127016,0 days 00:00:05.307476,85,0.9406191855923828,0.7584878539858644,False,10,COMPLETE
547,547,0.2921508299912972,0.09362175080783987,2024-05-16 08:45:58.129197,2024-05-16 08:46:00.610614,0 days 00:00:02.481417,52,0.8127156960799414,0.4218919131144234,True,10,COMPLETE
548,548,0.15056396467476899,0.10737185165559342,2024-05-16 08:46:00.612609,2024-05-16 08:46:04.751685,0 days 00:00:04.139076,52,0.8127156960799414,0.4114277405311313,False,10,COMPLETE
549,549,0.07214481151384038,0.10733052473752995,2024-05-16 08:46:04.752718,2024-05-16 08:46:07.503551,0 days 00:00:02.750833,99,0.7949874873712804,0.9567823796717667,True,10,COMPLETE
550,550,-0.25749087384944885,0.12930097529630788,2024-05-16 08:46:07.505545,2024-05-16 08:46:11.533390,0 days 00:00:04.027845,45,0.8815382014493156,0.4114277405311313,False,11,COMPLETE
551,551,0.5257005241893378,0.08156415096648702,2024-05-16 08:46:11.534471,2024-05-16 08:46:14.649578,0 days 00:00:03.115107,45,0.7949874873712804,0.4114277405311313,True,11,COMPLETE
552,552,-1.163120843686461,0.1715929588572672,2024-05-16 08:46:14.651398,2024-05-16 08:46:16.255213,0 days 00:00:01.603815,29,0.04312605811916148,0.18773922746579486,False,11,COMPLETE
553,553,-1.824550513809978,0.16891608773028877,2024-05-16 08:46:16.256881,2024-05-16 08:46:19.216235,0 days 00:00:02.959354,5,0.8963994392275162,0.4114277405311313,False,11,COMPLETE
554,554,0.26925749052920256,0.10099278207299214,2024-05-16 08:46:19.218230,2024-05-16 08:46:22.869723,0 days 00:00:03.651493,52,0.95769670358605,0.4218919131144234,True,11,COMPLETE
555,555,0.09709062426330224,0.11095513289693848,2024-05-16 08:46:22.871718,2024-05-16 08:46:26.322435,0 days 00:00:03.450717,99,0.7949874873712804,0.8539968741746727,False,11,COMPLETE
556,556,0.11559567801197304,0.11082985803390381,2024-05-16 08:46:26.324431,2024-05-16 08:46:30.333743,0 days 00:00:04.009312,66,0.8815382014493156,0.21433889234696413,False,11,COMPLETE
557,557,-0.4067896129558942,0.14205805986446335,2024-05-16 08:46:30.335738,2024-05-16 08:46:32.745663,0 days 00:00:02.409925,99,0.7010900462694593,0.7515780733765638,True,11,COMPLETE
558,558,0.17824926841217606,0.1061696730356683,2024-05-16 08:46:32.747657,2024-05-16 08:46:37.654849,0 days 00:00:04.907192,45,0.7949874873712804,0.43776005475302393,True,11,COMPLETE
559,559,0.3652091669415161,0.09168634151585532,2024-05-16 08:46:37.656844,2024-05-16 08:46:42.262867,0 days 00:00:04.606023,96,0.8204618659611462,0.4114277405311313,True,11,COMPLETE
560,560,-0.24428210747553525,0.12432950193660879,2024-05-16 08:46:42.264862,2024-05-16 08:46:43.475023,0 days 00:00:01.210161,58,0.7949874873712804,0.9306195641405779,False,11,COMPLETE
561,561,-0.00933159605933298,0.11773592294188011,2024-05-16 08:46:43.477011,2024-05-16 08:46:46.090023,0 days 00:00:02.613012,75,0.7627392791846088,0.38884053796828555,False,11,COMPLETE
562,562,0.1414630343675381,0.10530284535995375,2024-05-16 08:46:46.092018,2024-05-16 08:46:48.905721,0 days 00:00:02.813703,80,0.6127370442950446,0.7584878539858644,False,11,COMPLETE
563,563,0.06757410526282862,0.10796071526517,2024-05-16 08:46:48.907447,2024-05-16 08:46:53.699313,0 days 00:00:04.791866,45,0.5836289631842915,0.5328834007962729,True,11,COMPLETE
564,564,-2.1978292341105976,0.18162357842346416,2024-05-16 08:46:53.702306,2024-05-16 08:46:57.019278,0 days 00:00:03.316972,51,0.8815382014493156,0.20157247336830153,True,11,COMPLETE
565,565,-0.8309606651259915,0.16685410817962662,2024-05-16 08:46:57.021273,2024-05-16 08:46:58.842391,0 days 00:00:01.821118,66,0.8965634370266353,0.6376986790520559,False,11,COMPLETE
566,566,0.43455991936010196,0.08452065133917917,2024-05-16 08:46:58.843389,2024-05-16 08:47:01.922040,0 days 00:00:03.078651,49,0.7949874873712804,0.4114277405311313,True,11,COMPLETE
567,567,0.01605992515951573,0.11818864630797579,2024-05-16 08:47:01.925119,2024-05-16 08:47:05.902995,0 days 00:00:03.977876,99,0.7949874873712804,0.4114277405311313,False,11,COMPLETE
568,568,0.42146122158231947,0.08716790498376555,2024-05-16 08:47:05.905093,2024-05-16 08:47:08.656600,0 days 00:00:02.751507,42,0.8965634370266353,0.38884053796828555,False,11,COMPLETE
569,569,0.33755326578638406,0.09305721744059452,2024-05-16 08:47:08.658595,2024-05-16 08:47:12.350310,0 days 00:00:03.691715,99,0.7949874873712804,0.3580210577772477,True,11,COMPLETE
570,570,-0.103232383616964,0.11787283536046105,2024-05-16 08:47:12.352198,2024-05-16 08:47:16.533882,0 days 00:00:04.181684,52,0.5536638183919582,0.948300642820539,False,11,COMPLETE
571,571,-9.762658022083336,0.3558732653072188,2024-05-16 08:47:16.535807,2024-05-16 08:47:20.354532,0 days 00:00:03.818725,8,0.6054216271447561,0.7921712658552167,False,11,COMPLETE
572,572,-0.8385290368545626,0.15602811057061486,2024-05-16 08:47:20.357363,2024-05-16 11:29:45.259205,0 days 02:42:24.901842,51,0.9141906247994607,0.21433889234696413,False,11,COMPLETE
573,573,-0.4661745017654149,0.14686377960546246,2024-05-16 11:29:45.259205,2024-05-16 11:29:48.162062,0 days 00:00:02.902857,15,0.24657501302648854,0.27262932616117297,False,11,COMPLETE
574,574,0.034804351287609815,0.1090647349867998,2024-05-16 11:29:48.164056,2024-05-16 11:29:51.438109,0 days 00:00:03.274053,85,0.8965634370266353,0.870230413969654,False,11,COMPLETE
575,575,0.4169691434207038,0.08584722062386518,2024-05-16 11:29:51.438109,2024-05-16 11:29:54.511689,0 days 00:00:03.073580,45,0.6127370442950446,0.7921712658552167,True,11,COMPLETE
576,576,-2.0613532263405294,0.18627527488178147,2024-05-16 11:29:54.511689,2024-05-16 11:29:56.343848,0 days 00:00:01.832159,36,0.5320904792789163,0.7584878539858644,False,11,COMPLETE
577,577,-0.19909027567376794,0.12446462063636757,2024-05-16 11:29:56.343848,2024-05-16 11:29:57.787360,0 days 00:00:01.443512,21,0.8963994392275162,0.38884053796828555,True,11,COMPLETE
578,578,-0.21477796088741977,0.1289484819740448,2024-05-16 11:29:57.787360,2024-05-16 11:30:00.262386,0 days 00:00:02.475026,85,0.8127156960799414,0.5024423413760185,True,11,COMPLETE
579,579,-1.1661988015096354,0.1504215830107794,2024-05-16 11:30:00.262386,2024-05-16 11:30:03.387264,0 days 00:00:03.124878,52,0.31889627703978474,0.38884053796828555,False,11,COMPLETE
580,580,-0.3056567457786886,0.13339274498989942,2024-05-16 11:30:03.387264,2024-05-16 11:30:06.903060,0 days 00:00:03.515796,42,0.4114005675332484,0.9967781950740741,False,11,COMPLETE
581,581,0.3270577624318313,0.09621229497295966,2024-05-16 11:30:06.905055,2024-05-16 11:30:10.397190,0 days 00:00:03.492135,51,0.7949874873712804,0.2332080264681936,True,11,COMPLETE
582,582,0.295002444978675,0.09604877808252885,2024-05-16 11:30:10.399185,2024-05-16 11:30:13.457977,0 days 00:00:03.058792,49,0.9529713514881277,0.36060264397280317,True,11,COMPLETE
583,583,0.34284509056221985,0.0934139985372546,2024-05-16 11:30:13.457977,2024-05-16 11:30:16.212755,0 days 00:00:02.754778,45,0.8965634370266353,0.38884053796828555,False,11,COMPLETE
584,584,0.09159115836802587,0.10493459768067082,2024-05-16 11:30:16.214752,2024-05-16 11:30:19.737721,0 days 00:00:03.522969,45,0.8963994392275162,0.9942650952488297,True,11,COMPLETE
585,585,-0.38382612727531196,0.13381100919841074,2024-05-16 11:30:19.737721,2024-05-16 11:30:22.050771,0 days 00:00:02.313050,52,0.8052796926522279,0.06693206732750656,True,11,COMPLETE
586,586,-1.4092561053858241,0.155138107577037,2024-05-16 11:30:22.052766,2024-05-16 11:30:24.012221,0 days 00:00:01.959455,31,0.8815382014493156,0.451153442335281,True,11,COMPLETE
587,587,-0.08202864522909707,0.11658879273778935,2024-05-16 11:30:24.012221,2024-05-16 11:30:26.031513,0 days 00:00:02.019292,52,0.8815382014493156,0.3979205340127546,True,11,COMPLETE
588,588,-1.3397157724617443,0.1749919248082559,2024-05-16 11:30:26.048204,2024-05-16 11:30:27.813089,0 days 00:00:01.764885,52,0.5643901554965143,0.026941486640469248,False,11,COMPLETE
589,589,0.350501831078307,0.09420376171613483,2024-05-16 11:30:27.813089,2024-05-16 11:30:31.767097,0 days 00:00:03.954008,79,0.6127370442950446,0.941236161838664,True,11,COMPLETE
