,number,values_0,values_1,datetime_start,datetime_complete,duration,params_dim,params_smoothing_level,params_smoothing_trend,system_attrs_nsga2:generation,state
964,964,-3.5880630260710733,4.087748603812466e-05,2024-05-18 09:00:24.206658,2024-05-18 09:00:26.354906,0 days 00:00:02.148248,4,0.15487633036509518,0.9378857949419868,19,COMPLETE
965,965,-3.7935915625656826,3.974211660468764e-05,2024-05-18 09:00:26.354906,2024-05-18 09:00:28.691056,0 days 00:00:02.336150,11,0.3208917182484211,0.5785907310670091,19,COMPLETE
966,966,-4.671483991202017,4.5822918306460566e-05,2024-05-18 09:00:28.693017,2024-05-18 09:00:31.136595,0 days 00:00:02.443578,4,0.7660020686897092,0.9662482292320201,19,COMPLETE
967,967,-123.66898111136702,0.00020168903238071685,2024-05-18 09:00:31.138590,2024-05-18 09:00:35.441944,0 days 00:00:04.303354,389,0.5901848826405418,0.8884671751483024,19,COMPLETE
968,968,-4.876387590093868,4.6957225345223375e-05,2024-05-18 09:00:35.441944,2024-05-18 09:00:37.579572,0 days 00:00:02.137628,4,0.35719901400023213,0.3050241939612597,19,COMPLETE
969,969,-167.7505173684582,0.0001431359381605021,2024-05-18 09:00:37.579572,2024-05-18 09:00:39.648788,0 days 00:00:02.069216,4,0.5212203422426757,0.7670929860928254,19,COMPLETE
970,970,-4.259573425577939,4.384806172621078e-05,2024-05-18 09:00:39.648788,2024-05-18 09:00:41.864548,0 days 00:00:02.215760,4,0.9916969207907855,0.36159719841280213,19,COMPLETE
971,971,-4.381904117107075,4.490798753048205e-05,2024-05-18 09:00:41.864548,2024-05-18 09:00:43.944394,0 days 00:00:02.079846,4,0.5683916480226189,0.46137193970877,19,COMPLETE
972,972,-6.731340384858714,5.5619106798613366e-05,2024-05-18 09:00:43.944394,2024-05-18 09:00:46.468263,0 days 00:00:02.523869,25,0.13299347942347917,0.46148164734583474,19,COMPLETE
973,973,-7.88229326835031,5.451776784992093e-05,2024-05-18 09:00:46.470258,2024-05-18 09:00:48.631012,0 days 00:00:02.160754,4,0.47455084212418597,0.5785907310670091,19,COMPLETE
974,974,-4.282249863127791,4.466115145895226e-05,2024-05-18 09:00:48.633006,2024-05-18 09:00:50.938713,0 days 00:00:02.305707,4,0.3208917182484211,0.9378857949419868,19,COMPLETE
975,975,-5.786915808748566,4.9247984460398914e-05,2024-05-18 09:00:50.938713,2024-05-18 09:00:53.520897,0 days 00:00:02.582184,4,0.8296151738442262,0.3282319560321484,19,COMPLETE
976,976,-3.9352268618545323,4.219819441997356e-05,2024-05-18 09:00:53.520897,2024-05-18 09:00:55.639572,0 days 00:00:02.118675,4,0.7427048605225952,0.8547952839103858,19,COMPLETE
977,977,-35876.98289381717,0.0023598020460131736,2024-05-18 09:00:55.642837,2024-05-18 09:01:02.140451,0 days 00:00:06.497614,888,0.7420128958713069,0.5785907310670091,19,COMPLETE
978,978,-11080.818687405383,0.0010545369526288849,2024-05-18 09:01:02.142407,2024-05-18 09:01:05.515949,0 days 00:00:03.373542,230,0.8596853943574363,0.9378857949419868,19,COMPLETE
979,979,-3.429668976067327,4.076326018130146e-05,2024-05-18 09:01:05.515949,2024-05-18 09:01:07.749136,0 days 00:00:02.233187,11,0.5901848826405418,0.9378857949419868,19,COMPLETE
980,980,-4.9255921106480285,4.721591673159823e-05,2024-05-18 09:01:07.749136,2024-05-18 09:01:09.921317,0 days 00:00:02.172181,4,0.7495872962186805,0.14145094893557053,19,COMPLETE
981,981,-4.240548718580894,4.440003110961519e-05,2024-05-18 09:01:09.921317,2024-05-18 09:01:11.955359,0 days 00:00:02.034042,4,0.20361129716663495,0.9378857949419868,19,COMPLETE
982,982,-4.8556248792818115,4.7015850177827264e-05,2024-05-18 09:01:11.955359,2024-05-18 09:01:14.046086,0 days 00:00:02.090727,11,0.1873984625205415,0.9378857949419868,19,COMPLETE
983,983,-4.5725934097590555,4.5558245169892824e-05,2024-05-18 09:01:14.046086,2024-05-18 09:01:16.621691,0 days 00:00:02.575605,11,0.8074026816175291,0.9378857949419868,19,COMPLETE
984,984,-8.260867301005568,5.7097843136603794e-05,2024-05-18 09:01:16.621691,2024-05-18 09:01:19.338254,0 days 00:00:02.716563,11,0.8596853943574363,0.9086096755607419,19,COMPLETE
985,985,-4.655032659216391,4.617120141895114e-05,2024-05-18 09:01:19.340249,2024-05-18 09:01:21.663471,0 days 00:00:02.323222,4,0.884265855967309,0.8660142850896904,19,COMPLETE
986,986,-19223.4266291368,0.0017827971224764361,2024-05-18 09:01:21.663471,2024-05-18 09:01:25.811505,0 days 00:00:04.148034,375,0.5683916480226189,0.9378857949419868,19,COMPLETE
987,987,-477.0258099215674,0.00044339553968582605,2024-05-18 09:01:25.813500,2024-05-18 09:01:31.601403,0 days 00:00:05.787903,579,0.45934171565546955,0.9614916436672222,19,COMPLETE
988,988,-17.890560091616827,8.485151865310881e-05,2024-05-18 09:01:31.617024,2024-05-18 09:01:35.397954,0 days 00:00:03.780930,198,0.8643730694131961,0.39272136331477847,19,COMPLETE
989,989,-5.360425915853031,4.855524641939249e-05,2024-05-18 09:01:35.398950,2024-05-18 09:01:37.699517,0 days 00:00:02.300567,4,0.8596853943574363,0.33614387642513055,19,COMPLETE
990,990,-4.193584993784968,4.413840638426603e-05,2024-05-18 09:01:37.702478,2024-05-18 09:01:40.083763,0 days 00:00:02.381285,4,0.46715525234533417,0.10043819081141492,19,COMPLETE
991,991,-247.7689673138214,0.0002249968614891715,2024-05-18 09:01:40.083763,2024-05-18 09:01:44.674471,0 days 00:00:04.590708,382,0.8643730694131961,0.5216627819506698,19,COMPLETE
992,992,-4.9828333798536075,4.734778158642963e-05,2024-05-18 09:01:44.676465,2024-05-18 09:01:47.057062,0 days 00:00:02.380597,11,0.3208917182484211,0.45730368613343897,19,COMPLETE
993,993,-33.692238142354576,0.00011390026778494967,2024-05-18 09:01:47.059057,2024-05-18 09:01:50.477424,0 days 00:00:03.418367,239,0.5901848826405418,0.9378857949419868,19,COMPLETE
994,994,-359.3890534499913,0.00037710388273084317,2024-05-18 09:01:50.477424,2024-05-18 09:01:58.058385,0 days 00:00:07.580961,702,0.7420128958713069,0.8660142850896904,19,COMPLETE
995,995,-3.5367677698757447,4.051497214329865e-05,2024-05-18 09:01:58.074004,2024-05-18 09:02:00.608322,0 days 00:00:02.534318,4,0.8596853943574363,0.8884671751483024,19,COMPLETE
996,996,-18.44733431006317,6.488530990440808e-05,2024-05-18 09:02:00.608322,2024-05-18 09:02:03.264683,0 days 00:00:02.656361,4,0.952373113328732,0.7444607923765011,19,COMPLETE
997,997,-1075.9267880066268,0.0004519239173540666,2024-05-18 09:02:03.266676,2024-05-18 09:02:08.766405,0 days 00:00:05.499729,375,0.7420128958713069,0.45730368613343897,19,COMPLETE
998,998,-6.573980156533645,5.234140273904011e-05,2024-05-18 09:02:08.768400,2024-05-18 09:02:11.503453,0 days 00:00:02.735053,11,0.10891027879902615,0.9378857949419868,19,COMPLETE
999,999,-4.826348550316495,4.656166422690377e-05,2024-05-18 09:02:11.520070,2024-05-18 09:02:13.795601,0 days 00:00:02.275531,4,0.7890330754983893,0.8660142850896904,19,COMPLETE
