,number,values_0,values_1,datetime_start,datetime_complete,duration,params_dim,params_smoothing_level,params_smoothing_trend,params_use_boxcox,system_attrs_nsga2:generation,state
826,826,0.08795384638586504,0.10437239416344228,2024-05-16 11:44:18.030460,2024-05-16 11:44:20.028663,0 days 00:00:01.998203,58,0.8963994392275162,0.43776005475302393,False,16,COMPLETE
827,827,-1.0403293454396363,0.170015656746381,2024-05-16 11:44:20.031596,2024-05-16 11:44:22.382210,0 days 00:00:02.350614,52,0.8963994392275162,0.4218919131144234,False,16,COMPLETE
828,828,-0.4087890248284154,0.13089040311095532,2024-05-16 11:44:22.384144,2024-05-16 11:44:26.300847,0 days 00:00:03.916703,29,0.8815382014493156,0.9942650952488297,True,16,COMPLETE
829,829,-0.26728755880602195,0.12297715928426227,2024-05-16 11:44:26.302842,2024-05-16 11:44:29.402394,0 days 00:00:03.099552,52,0.8965634370266353,0.4114277405311313,False,16,COMPLETE
830,830,0.1729277689876823,0.10537157737749789,2024-05-16 11:44:29.404003,2024-05-16 11:44:33.432755,0 days 00:00:04.028752,52,0.8127156960799414,0.21433889234696413,False,16,COMPLETE
831,831,-1.6159570180841896,0.18092324585451552,2024-05-16 11:44:33.434735,2024-05-16 11:44:38.660393,0 days 00:00:05.225658,27,0.5368431736967453,0.21433889234696413,False,16,COMPLETE
832,832,-0.3227911230396627,0.12998096346626586,2024-05-16 11:44:38.662914,2024-05-16 11:44:43.515547,0 days 00:00:04.852633,68,0.7949874873712804,0.6608025743512945,False,16,COMPLETE
833,833,0.5331503892478768,0.07714139336523876,2024-05-16 11:44:43.517542,2024-05-16 11:44:49.426017,0 days 00:00:05.908475,45,0.8815382014493156,0.21433889234696413,False,16,COMPLETE
834,834,0.3648406397412115,0.09199166509681433,2024-05-16 11:44:49.428666,2024-05-16 11:44:51.994457,0 days 00:00:02.565791,85,0.8965634370266353,0.7921712658552167,False,16,COMPLETE
835,835,-0.4544857925961545,0.1423792124266495,2024-05-16 11:44:51.996222,2024-05-16 11:44:56.606809,0 days 00:00:04.610587,58,0.7949874873712804,0.05508794212270118,False,16,COMPLETE
836,836,-0.1367023867127809,0.1174676418507619,2024-05-16 11:44:56.608013,2024-05-16 11:44:59.262137,0 days 00:00:02.654124,52,0.9529713514881277,0.9421312406624358,False,16,COMPLETE
837,837,-0.5227358679907169,0.14259824683397998,2024-05-16 11:44:59.264131,2024-05-16 11:45:02.808630,0 days 00:00:03.544499,33,0.6101746253259518,0.38884053796828555,False,16,COMPLETE
838,838,0.14650290145025457,0.11102233350875226,2024-05-16 11:45:02.810649,2024-05-16 11:45:06.334810,0 days 00:00:03.524161,99,0.7949874873712804,0.4114277405311313,True,16,COMPLETE
839,839,0.23786070748445978,0.1026462296125192,2024-05-16 11:45:06.336808,2024-05-16 11:45:11.293716,0 days 00:00:04.956908,45,0.8815382014493156,0.18664868874778784,True,16,COMPLETE
840,840,-0.5149709846668221,0.14265217584311787,2024-05-16 11:45:11.295819,2024-05-16 11:45:12.539681,0 days 00:00:01.243862,58,0.8127156960799414,0.21433889234696413,False,16,COMPLETE
841,841,0.20771029167906177,0.10387463816344497,2024-05-16 11:45:12.541675,2024-05-16 11:45:15.815166,0 days 00:00:03.273491,45,0.7949874873712804,0.4114277405311313,True,16,COMPLETE
842,842,-0.16559715376263104,0.12056714078680128,2024-05-16 11:45:15.817168,2024-05-16 11:45:18.128280,0 days 00:00:02.311112,51,0.8815382014493156,0.18664868874778784,True,16,COMPLETE
843,843,-0.3250004794584896,0.12819861460275192,2024-05-16 11:45:18.129462,2024-05-16 11:45:21.031550,0 days 00:00:02.902088,45,0.7949874873712804,0.43776005475302393,False,16,COMPLETE
844,844,0.15234551108606914,0.1073682992481789,2024-05-16 11:45:21.033543,2024-05-16 11:45:26.231737,0 days 00:00:05.198194,52,0.8963994392275162,0.4114277405311313,True,16,COMPLETE
845,845,-1.6676664063273539,0.1975915703387902,2024-05-16 11:45:26.233741,2024-05-16 11:45:28.168541,0 days 00:00:01.934800,58,0.01752779718832176,0.6242254417917742,True,16,COMPLETE
846,846,-0.7583987001452412,0.15075203532420361,2024-05-16 11:45:28.170647,2024-05-16 11:45:30.781796,0 days 00:00:02.611149,45,0.8963994392275162,0.6156340061396348,False,16,COMPLETE
847,847,-3.6793012547857176,0.20577950494246613,2024-05-16 11:45:30.783790,2024-05-16 11:45:33.568542,0 days 00:00:02.784752,36,0.7949874873712804,0.4114277405311313,False,16,COMPLETE
848,848,-0.5095369233457939,0.13037574040619054,2024-05-16 11:45:33.570267,2024-05-16 11:45:35.940565,0 days 00:00:02.370298,58,0.8963994392275162,0.7844815784587644,False,16,COMPLETE
849,849,-2.747596020782866,0.22469118115252606,2024-05-16 11:45:35.942560,2024-05-16 11:45:39.024341,0 days 00:00:03.081781,45,0.0768544489959988,0.4114277405311313,True,16,COMPLETE
850,850,-0.1917674800639294,0.12262951679840377,2024-05-16 11:45:39.026335,2024-05-16 11:45:41.381302,0 days 00:00:02.354967,77,0.8963994392275162,0.6156340061396348,True,17,COMPLETE
851,851,-0.09193691137781938,0.12550944265877545,2024-05-16 11:45:41.383296,2024-05-16 11:45:46.687176,0 days 00:00:05.303880,77,0.8733638915751897,0.06693206732750656,True,17,COMPLETE
852,852,-0.7645962383679585,0.14895700860902733,2024-05-16 11:45:46.690167,2024-05-16 11:45:51.722260,0 days 00:00:05.032093,52,0.8815382014493156,0.27598915142910396,False,17,COMPLETE
853,853,-0.36398713339298877,0.13308275649369877,2024-05-16 11:45:51.725833,2024-05-16 11:45:55.686387,0 days 00:00:03.960554,45,0.7949874873712804,0.6831396727703215,False,17,COMPLETE
854,854,0.03626519266691845,0.10820509144056574,2024-05-16 11:45:55.688166,2024-05-16 11:46:00.323245,0 days 00:00:04.635079,81,0.925828675883483,0.36303486265943674,False,17,COMPLETE
855,855,-0.28527919466129037,0.12948590239940705,2024-05-16 11:46:00.325255,2024-05-16 11:46:02.557960,0 days 00:00:02.232705,52,0.6269193529696404,0.21433889234696413,False,17,COMPLETE
856,856,0.35002840685484504,0.09268723391987672,2024-05-16 11:46:02.562402,2024-05-16 11:46:06.128313,0 days 00:00:03.565911,85,0.8965634370266353,0.38884053796828555,True,17,COMPLETE
857,857,-0.41626113544048204,0.13609429413999713,2024-05-16 11:46:06.130508,2024-05-16 11:46:09.240088,0 days 00:00:03.109580,54,0.8963994392275162,0.6156340061396348,True,17,COMPLETE
858,858,-2.120809296900854,0.1855059216889931,2024-05-16 11:46:09.242102,2024-05-16 11:46:10.893472,0 days 00:00:01.651370,32,0.6127370442950446,0.941236161838664,True,17,COMPLETE
859,859,-0.9948681921950872,0.1675586250533076,2024-05-16 11:46:10.895236,2024-05-16 11:46:12.323457,0 days 00:00:01.428221,51,0.7949874873712804,0.9942650952488297,True,17,COMPLETE
860,860,0.052036092276977405,0.1068694828654561,2024-05-16 11:46:12.326436,2024-05-16 11:46:15.800909,0 days 00:00:03.474473,49,0.7949874873712804,0.4114277405311313,True,17,COMPLETE
861,861,0.42685942754306677,0.08708285697421476,2024-05-16 11:46:15.802904,2024-05-16 11:46:20.458087,0 days 00:00:04.655183,45,0.7949874873712804,0.4114277405311313,False,17,COMPLETE
862,862,-2.2754961398678244,0.18340059882820858,2024-05-16 11:46:20.462075,2024-05-16 11:46:23.204217,0 days 00:00:02.742142,4,0.38642475371094864,0.8477927637986226,False,17,COMPLETE
863,863,0.1057679665683731,0.1088361284730945,2024-05-16 11:46:23.207210,2024-05-16 11:46:27.961680,0 days 00:00:04.754470,52,0.8815382014493156,0.21433889234696413,False,17,COMPLETE
864,864,0.16490701767482133,0.10915847476619422,2024-05-16 11:46:27.963675,2024-05-16 11:46:30.705898,0 days 00:00:02.742223,53,0.7949874873712804,0.60350159447632,True,17,COMPLETE
865,865,0.4399159861414327,0.08607828158445627,2024-05-16 11:46:30.707012,2024-05-16 11:46:33.989349,0 days 00:00:03.282337,45,0.8127156960799414,0.4936424524366335,True,17,COMPLETE
866,866,-0.502973275083406,0.13228368557680542,2024-05-16 11:46:33.991316,2024-05-16 11:46:38.491506,0 days 00:00:04.500190,45,0.8815382014493156,0.21433889234696413,True,17,COMPLETE
867,867,0.001896804036700428,0.11696953185644912,2024-05-16 11:46:38.494646,2024-05-16 11:46:40.863540,0 days 00:00:02.368894,20,0.7949874873712804,0.43776005475302393,False,17,COMPLETE
868,868,-0.14959925704957788,0.12077847358064439,2024-05-16 11:46:40.865535,2024-05-16 11:46:43.639199,0 days 00:00:02.773664,14,0.8127156960799414,0.007765596783870232,False,17,COMPLETE
869,869,0.2864607168862977,0.09725748913200041,2024-05-16 11:46:43.641194,2024-05-16 11:46:48.494599,0 days 00:00:04.853405,94,0.8963994392275162,0.21433889234696413,True,17,COMPLETE
870,870,0.41007250951751334,0.08759446842746366,2024-05-16 11:46:48.497620,2024-05-16 11:46:53.419755,0 days 00:00:04.922135,56,0.7949874873712804,0.7921712658552167,False,17,COMPLETE
871,871,-1.3256945822593469,0.16672046859325862,2024-05-16 11:46:53.421751,2024-05-16 11:46:54.388720,0 days 00:00:00.966969,52,0.13106005250874841,0.4218919131144234,False,17,COMPLETE
872,872,-0.1647199681806441,0.12408595194830327,2024-05-16 11:46:54.390715,2024-05-16 11:46:55.998889,0 days 00:00:01.608174,68,0.9332325810931263,0.21433889234696413,False,17,COMPLETE
873,873,-0.01299015270107604,0.11127442936314007,2024-05-16 11:46:56.000812,2024-05-16 11:46:58.352115,0 days 00:00:02.351303,52,0.7949874873712804,0.4114277405311313,True,17,COMPLETE
874,874,0.257010019441281,0.09817760283830072,2024-05-16 11:46:58.354109,2024-05-16 11:47:00.867624,0 days 00:00:02.513515,85,0.7994070312033669,0.21433889234696413,False,17,COMPLETE
875,875,-1.2160204764974025,0.15768029703803163,2024-05-16 11:47:00.869549,2024-05-16 11:47:03.582382,0 days 00:00:02.712833,45,0.8127156960799414,0.36060264397280317,False,17,COMPLETE
876,876,0.49343437298588755,0.08260350270078419,2024-05-16 11:47:03.585374,2024-05-16 11:47:06.475140,0 days 00:00:02.889766,45,0.8680971781565545,0.4114277405311313,True,17,COMPLETE
877,877,-1.3806813256063168,0.1836710922464166,2024-05-16 11:47:06.477324,2024-05-16 11:47:08.748661,0 days 00:00:02.271337,45,0.053549233960104914,0.21433889234696413,False,17,COMPLETE
878,878,-0.25093047472110486,0.1224869386190702,2024-05-16 11:47:08.750655,2024-05-16 11:47:10.791356,0 days 00:00:02.040701,32,0.4415285238318539,0.21433889234696413,True,17,COMPLETE
879,879,-0.6293313790132233,0.1189529199680506,2024-05-16 11:47:10.794371,2024-05-16 11:47:14.508425,0 days 00:00:03.714054,45,0.8127156960799414,0.36060264397280317,False,17,COMPLETE
880,880,-0.022530766120052982,0.1230715882658531,2024-05-16 11:47:14.509508,2024-05-16 11:47:18.218343,0 days 00:00:03.708835,58,0.7949874873712804,0.371616460963731,False,17,COMPLETE
881,881,0.09770854743578732,0.11119322867503474,2024-05-16 11:47:18.219452,2024-05-16 11:47:21.274291,0 days 00:00:03.054839,45,0.8965634370266353,0.17646452960507597,False,17,COMPLETE
882,882,0.22625145211627457,0.10106294503252308,2024-05-16 11:47:21.276665,2024-05-16 11:47:26.024231,0 days 00:00:04.747566,43,0.7949874873712804,0.43738724329415835,False,17,COMPLETE
883,883,-0.9634509449959971,0.17011387663686434,2024-05-16 11:47:26.026226,2024-05-16 11:47:27.783334,0 days 00:00:01.757108,45,0.7949874873712804,0.2459939163485847,True,17,COMPLETE
884,884,0.32360670957383875,0.09578736618597429,2024-05-16 11:47:27.785197,2024-05-16 11:47:30.242504,0 days 00:00:02.457307,49,0.7949874873712804,0.43776005475302393,True,17,COMPLETE
885,885,0.4265619578798299,0.08336506024604143,2024-05-16 11:47:30.244618,2024-05-16 11:47:32.810872,0 days 00:00:02.566254,52,0.8963994392275162,0.6156340061396348,False,17,COMPLETE
886,886,0.5642986102387889,0.07322039554666854,2024-05-16 11:47:32.813865,2024-05-16 11:47:35.190881,0 days 00:00:02.377016,52,0.8127156960799414,0.21433889234696413,False,17,COMPLETE
887,887,-0.07574752649442633,0.11658155292698288,2024-05-16 11:47:35.192875,2024-05-16 11:47:37.639035,0 days 00:00:02.446160,42,0.8963994392275162,0.38884053796828555,True,17,COMPLETE
888,888,0.24668030920592726,0.09897423974543637,2024-05-16 11:47:37.642027,2024-05-16 11:47:41.456169,0 days 00:00:03.814142,32,0.67407696452001,0.9942650952488297,True,17,COMPLETE
889,889,-0.10769906494054246,0.12427265567945436,2024-05-16 11:47:41.457331,2024-05-16 11:47:45.133448,0 days 00:00:03.676117,85,0.7994070312033669,0.4114277405311313,True,17,COMPLETE
890,890,0.164084570118108,0.1038375980517009,2024-05-16 11:47:45.135443,2024-05-16 11:47:48.119056,0 days 00:00:02.983613,45,0.7949874873712804,0.4114277405311313,True,17,COMPLETE
891,891,0.06570136324633172,0.10543249651610616,2024-05-16 11:47:48.121001,2024-05-16 11:47:51.201017,0 days 00:00:03.080016,52,0.7949874873712804,0.4218919131144234,True,17,COMPLETE
892,892,-0.6869415386810926,0.13696381221139628,2024-05-16 11:47:51.203077,2024-05-16 11:47:52.323909,0 days 00:00:01.120832,45,0.7949874873712804,0.16797897347389512,False,17,COMPLETE
893,893,0.3899651176554972,0.0900989670402641,2024-05-16 11:47:52.325936,2024-05-16 11:47:55.866913,0 days 00:00:03.540977,51,0.8815382014493156,0.941236161838664,False,17,COMPLETE
894,894,-0.21986935819798714,0.13057445360064174,2024-05-16 11:47:55.868908,2024-05-16 11:47:58.111384,0 days 00:00:02.242476,58,0.7949874873712804,0.14193894347225522,False,17,COMPLETE
895,895,-0.35112220231897795,0.1346017816578027,2024-05-16 11:47:58.113379,2024-05-16 11:48:01.176888,0 days 00:00:03.063509,39,0.752189311355419,0.21433889234696413,False,17,COMPLETE
896,896,0.10624598238105643,0.10804059404091007,2024-05-16 11:48:01.178876,2024-05-16 11:48:04.965133,0 days 00:00:03.786257,49,0.7949874873712804,0.4114277405311313,False,17,COMPLETE
897,897,0.004993766871489646,0.11911266268989466,2024-05-16 11:48:04.968098,2024-05-16 11:48:08.916490,0 days 00:00:03.948392,85,0.8963994392275162,0.21433889234696413,True,17,COMPLETE
898,898,0.41082037556338713,0.08974420323446773,2024-05-16 11:48:08.918487,2024-05-16 11:48:13.251892,0 days 00:00:04.333405,52,0.8963994392275162,0.21433889234696413,False,17,COMPLETE
899,899,0.036048850333810625,0.11665862298332537,2024-05-16 11:48:13.253886,2024-05-16 11:48:17.592509,0 days 00:00:04.338623,45,0.8274584325574565,0.38884053796828555,True,17,COMPLETE
900,900,0.21781155896151255,0.10203901950985708,2024-05-16 11:48:17.594625,2024-05-16 11:48:22.334215,0 days 00:00:04.739590,45,0.8815382014493156,0.21433889234696413,False,18,COMPLETE
901,901,-0.03177764940855261,0.11753100752749872,2024-05-16 11:48:22.335990,2024-05-16 11:48:24.365668,0 days 00:00:02.029678,88,0.25848743636966454,0.4114277405311313,False,18,COMPLETE
902,902,0.2932435747690831,0.10215539295555112,2024-05-16 11:48:24.367662,2024-05-16 11:48:27.048006,0 days 00:00:02.680344,68,0.7949874873712804,0.4114277405311313,False,18,COMPLETE
903,903,0.2254094134892272,0.10441605437862471,2024-05-16 11:48:27.049085,2024-05-16 11:48:29.645373,0 days 00:00:02.596288,45,0.8965634370266353,0.38884053796828555,False,18,COMPLETE
904,904,-0.09799383274121318,0.11672490102894877,2024-05-16 11:48:29.648364,2024-05-16 11:48:32.509927,0 days 00:00:02.861563,52,0.8844696879741104,0.21433889234696413,False,18,COMPLETE
905,905,-0.7184710128423815,0.1451021354649591,2024-05-16 11:48:32.511920,2024-05-16 11:48:34.855531,0 days 00:00:02.343611,32,0.6127370442950446,0.6156340061396348,False,18,COMPLETE
906,906,-0.4646864572000216,0.13941089058683787,2024-05-16 11:48:34.857526,2024-05-16 11:48:37.363581,0 days 00:00:02.506055,51,0.7949874873712804,0.06693206732750656,False,18,COMPLETE
907,907,0.38880596896926123,0.09092995141645498,2024-05-16 11:48:37.365575,2024-05-16 11:48:41.312460,0 days 00:00:03.946885,49,0.8963994392275162,0.21433889234696413,True,18,COMPLETE
908,908,-0.2312349533801304,0.1295964864070624,2024-05-16 11:48:41.314741,2024-05-16 11:48:43.408354,0 days 00:00:02.093613,19,0.3191762552434566,0.941236161838664,False,18,COMPLETE
909,909,0.3624799819613633,0.09112726179491251,2024-05-16 11:48:43.410349,2024-05-16 11:48:46.258227,0 days 00:00:02.847878,85,0.8965634370266353,0.7921712658552167,True,18,COMPLETE
910,910,0.28859260689496924,0.09864964614709937,2024-05-16 11:48:46.261286,2024-05-16 11:48:51.935401,0 days 00:00:05.674115,56,0.8965634370266353,0.941236161838664,True,18,COMPLETE
911,911,-0.9627567591457511,0.1589718186091196,2024-05-16 11:48:51.937394,2024-05-16 11:48:53.463461,0 days 00:00:01.526067,51,0.7515538705671164,0.7921712658552167,False,18,COMPLETE
912,912,0.33009724988459815,0.09308255036245575,2024-05-16 11:48:53.466660,2024-05-16 11:48:57.407627,0 days 00:00:03.940967,52,0.8963994392275162,0.6156340061396348,False,18,COMPLETE
913,913,-0.3821279905872249,0.1335769030353648,2024-05-16 11:48:57.409623,2024-05-16 11:49:00.549433,0 days 00:00:03.139810,52,0.3634166353594017,0.5597911515836321,True,18,COMPLETE
914,914,0.2714778230233003,0.10138475241775327,2024-05-16 11:49:00.550429,2024-05-16 11:49:04.832185,0 days 00:00:04.281756,45,0.925828675883483,0.08696257001693675,False,18,COMPLETE
915,915,-0.34645210569312296,0.13682892004675343,2024-05-16 11:49:04.835175,2024-05-16 11:49:06.650071,0 days 00:00:01.814896,14,0.8127156960799414,0.7721710836484423,False,18,COMPLETE
916,916,0.414321451721522,0.08897183641274017,2024-05-16 11:49:06.652490,2024-05-16 11:49:09.803714,0 days 00:00:03.151224,49,0.7949874873712804,0.9474239706997988,True,18,COMPLETE
917,917,0.10429371743964304,0.11481339044274126,2024-05-16 11:49:09.805676,2024-05-16 11:49:12.902724,0 days 00:00:03.097048,58,0.9392842742328598,0.18773922746579486,True,18,COMPLETE
918,918,-0.7753535749016385,0.1357686000034199,2024-05-16 11:49:12.904719,2024-05-16 11:49:15.324207,0 days 00:00:02.419488,52,0.3902505092812111,0.19634533090480222,False,18,COMPLETE
919,919,0.2031962098488851,0.10091912159051271,2024-05-16 11:49:15.326202,2024-05-16 11:49:18.239089,0 days 00:00:02.912887,52,0.925828675883483,0.06693206732750656,False,18,COMPLETE
920,920,-0.0027026162848718506,0.11505372234949626,2024-05-16 11:49:18.241047,2024-05-16 11:49:21.134779,0 days 00:00:02.893732,77,0.8437483062211174,0.8303839948843819,False,18,COMPLETE
921,921,0.2346304250448147,0.1024464129252132,2024-05-16 11:49:21.136775,2024-05-16 11:49:25.453766,0 days 00:00:04.316991,99,0.7949874873712804,0.43972636929411546,False,18,COMPLETE
922,922,0.13548056014271875,0.09292834263493874,2024-05-16 11:49:25.456758,2024-05-16 11:49:28.592398,0 days 00:00:03.135640,45,0.8815382014493156,0.7921712658552167,True,18,COMPLETE
923,923,-1.4329404558870167,0.19369786316924456,2024-05-16 11:49:28.594391,2024-05-16 11:49:30.913444,0 days 00:00:02.319053,58,0.8963994392275162,0.4114277405311313,True,18,COMPLETE
924,924,0.3978895300218703,0.09246822291690703,2024-05-16 11:49:30.915439,2024-05-16 11:49:34.893285,0 days 00:00:03.977846,58,0.8815382014493156,0.5030718629369271,True,18,COMPLETE
925,925,0.2513392901290951,0.1029490334675676,2024-05-16 11:49:34.895425,2024-05-16 11:49:39.174265,0 days 00:00:04.278840,58,0.8815382014493156,0.05508794212270118,False,18,COMPLETE
926,926,0.22749130011335644,0.10177411783487686,2024-05-16 11:49:39.176260,2024-05-16 11:49:43.465570,0 days 00:00:04.289310,34,0.8963994392275162,0.4114277405311313,True,18,COMPLETE
927,927,0.1404027138499686,0.10679641167900293,2024-05-16 11:49:43.467565,2024-05-16 11:49:46.523832,0 days 00:00:03.056267,95,0.8891321413518679,0.38884053796828555,False,18,COMPLETE
928,928,-0.057703285148055894,0.11939926224876388,2024-05-16 11:49:46.526824,2024-05-16 11:49:50.551390,0 days 00:00:04.024566,52,0.8815382014493156,0.06693206732750656,False,18,COMPLETE
929,929,-0.9864757056293657,0.15486703320080533,2024-05-16 11:49:50.554495,2024-05-16 11:49:53.902495,0 days 00:00:03.348000,45,0.5723102639739848,0.42114760588406297,True,18,COMPLETE
930,930,-0.12281586710671619,0.11502006222278935,2024-05-16 11:49:53.904393,2024-05-16 11:49:57.498905,0 days 00:00:03.594512,85,0.8815382014493156,0.580365185455342,False,18,COMPLETE
931,931,-0.16044393346311484,0.12815193100650785,2024-05-16 11:49:57.501898,2024-05-16 11:50:01.338981,0 days 00:00:03.837083,38,0.7949874873712804,0.7921712658552167,False,18,COMPLETE
932,932,-0.4350307062623762,0.13570164608957253,2024-05-16 11:50:01.340976,2024-05-16 11:50:04.957323,0 days 00:00:03.616347,83,0.6127370442950446,0.21433889234696413,True,18,COMPLETE
933,933,0.0636830048851001,0.11166531649721126,2024-05-16 11:50:04.959317,2024-05-16 11:50:08.458601,0 days 00:00:03.499284,49,0.8963994392275162,0.21433889234696413,False,18,COMPLETE
934,934,-1.3676457595124885,0.16970471783609603,2024-05-16 11:50:08.460596,2024-05-16 11:50:11.249304,0 days 00:00:02.788708,49,0.7949874873712804,0.40530118776841995,True,18,COMPLETE
935,935,0.46770695212434293,0.08229742998589717,2024-05-16 11:50:11.253293,2024-05-16 11:50:16.253120,0 days 00:00:04.999827,45,0.7949874873712804,0.21433889234696413,False,18,COMPLETE
936,936,0.33636625951662025,0.09180190617330056,2024-05-16 11:50:16.257111,2024-05-16 11:50:20.188302,0 days 00:00:03.931191,52,0.8127156960799414,0.4114277405311313,True,18,COMPLETE
937,937,0.36560077551997,0.09343413276090178,2024-05-16 11:50:20.190296,2024-05-16 11:50:23.517892,0 days 00:00:03.327596,85,0.7949874873712804,5.9227576588161135e-05,True,18,COMPLETE
938,938,-0.34584852074972866,0.13488799796779383,2024-05-16 11:50:23.519887,2024-05-16 11:50:25.917862,0 days 00:00:02.397975,52,0.7949874873712804,0.6156340061396348,False,18,COMPLETE
939,939,-0.12267048873872469,0.1200391288962501,2024-05-16 11:50:25.919972,2024-05-16 11:50:30.150682,0 days 00:00:04.230710,52,0.8963994392275162,0.6156340061396348,False,18,COMPLETE
940,940,0.12115385071926361,0.10048880738973784,2024-05-16 11:50:30.152751,2024-05-16 11:50:33.658735,0 days 00:00:03.505984,52,0.8963994392275162,0.6156340061396348,False,18,COMPLETE
941,941,0.12572607874661382,0.11162004635678999,2024-05-16 11:50:33.660730,2024-05-16 11:50:38.164027,0 days 00:00:04.503297,68,0.8524864340179088,0.21433889234696413,False,18,COMPLETE
942,942,0.1244159691034112,0.11004641330934109,2024-05-16 11:50:38.166021,2024-05-16 11:50:41.109321,0 days 00:00:02.943300,58,0.9447044507009036,0.029987302769995394,False,18,COMPLETE
943,943,0.01409195242368011,0.11320580043772802,2024-05-16 11:50:41.110959,2024-05-16 11:50:44.845942,0 days 00:00:03.734983,37,0.7131429972493358,0.43776005475302393,True,18,COMPLETE
