,number,values_0,values_1,datetime_start,datetime_complete,duration,params_dim,params_smoothing_level,params_smoothing_trend,system_attrs_nsga2:generation,state
964,964,-0.5909015113334459,0.006364192832737703,2024-05-18 18:00:39.995315,2024-05-18 18:00:43.166613,0 days 00:00:03.171298,448,0.726740271625143,0.2912480994604083,19,COMPLETE
965,965,-0.9365066374116499,0.006940989768902381,2024-05-18 18:00:43.168608,2024-05-18 18:00:45.239372,0 days 00:00:02.070764,188,0.06101813510699183,0.7295714639553398,19,COMPLETE
966,966,-1.0727312903491595,0.0071217375436205595,2024-05-18 18:00:45.241368,2024-05-18 18:00:49.970635,0 days 00:00:04.729267,724,0.5408398503749935,0.8009677408805776,19,COMPLETE
967,967,-0.3599469200763455,0.005828476917654893,2024-05-18 18:00:49.970635,2024-05-18 18:00:54.252734,0 days 00:00:04.282099,679,0.8850639678066436,0.1895926483200272,19,COMPLETE
968,968,-0.7799629094237173,0.006801891538255084,2024-05-18 18:00:54.252734,2024-05-18 18:00:57.364772,0 days 00:00:03.112038,538,0.0700636979466861,0.5771128837878238,19,COMPLETE
969,969,-1.4911873048709452,0.008051438514362744,2024-05-18 18:00:57.367765,2024-05-18 18:00:59.597527,0 days 00:00:02.229762,342,0.04367041053946974,0.1390401654120803,19,COMPLETE
970,970,-0.9681518081314746,0.007106372971075173,2024-05-18 18:00:59.599520,2024-05-18 18:01:01.609370,0 days 00:00:02.009850,265,0.6741721442127685,0.00428846961915641,19,COMPLETE
971,971,-0.9301458223329753,0.007084220073823771,2024-05-18 18:01:01.609370,2024-05-18 18:01:03.440330,0 days 00:00:01.830960,188,0.8555574163579488,0.19713586947865158,19,COMPLETE
972,972,-0.9427189096956254,0.007117700028674831,2024-05-18 18:01:03.441328,2024-05-18 18:01:05.810633,0 days 00:00:02.369305,271,0.04367041053946974,0.9533399327396712,19,COMPLETE
973,973,-2.3143762683639113,0.009133491603312583,2024-05-18 18:01:05.813626,2024-05-18 18:01:10.629865,0 days 00:00:04.816239,794,0.2791483349605931,0.7784599339647019,19,COMPLETE
974,974,-0.47134789406328437,0.006231671927681462,2024-05-18 18:01:10.632858,2024-05-18 18:01:12.859805,0 days 00:00:02.226947,341,0.3359363034124805,0.665644736785271,19,COMPLETE
975,975,-0.4936437211044463,0.006147872345569956,2024-05-18 18:01:12.860803,2024-05-18 18:01:15.697215,0 days 00:00:02.836412,625,0.8348914936153634,0.60820233532216,19,COMPLETE
976,976,-1.0378951239792065,0.0073364549415891826,2024-05-18 18:01:15.699209,2024-05-18 18:01:18.750215,0 days 00:00:03.051006,509,0.7747091101861301,0.20592144708549764,19,COMPLETE
977,977,-0.5657814880493384,0.006337354656825704,2024-05-18 18:01:18.752211,2024-05-18 18:01:24.852277,0 days 00:00:06.100066,995,0.0700636979466861,0.1884858330372915,19,COMPLETE
978,978,-0.9169165313071742,0.006973626083119372,2024-05-18 18:01:24.854271,2024-05-18 18:01:27.359383,0 days 00:00:02.505112,271,0.7909789769017144,0.7232915514834799,19,COMPLETE
979,979,-0.6750002994647126,0.006554023369842149,2024-05-18 18:01:27.359383,2024-05-18 18:01:29.625045,0 days 00:00:02.265662,188,0.008276849149487453,0.6056219702686176,19,COMPLETE
980,980,-0.9923013294742681,0.007018517140986065,2024-05-18 18:01:29.625045,2024-05-18 18:01:32.909659,0 days 00:00:03.284614,447,0.7929518176427302,0.1999912405690707,19,COMPLETE
981,981,-0.7646595922981284,0.00665246040436801,2024-05-18 18:01:32.911179,2024-05-18 18:01:36.355469,0 days 00:00:03.444290,509,0.45165363142392556,0.559685161988766,19,COMPLETE
982,982,-1.0353936499585352,0.007043929023898698,2024-05-18 18:01:36.355469,2024-05-18 18:01:39.521060,0 days 00:00:03.165591,504,0.0700636979466861,0.5250094177097682,19,COMPLETE
983,983,-4.590233861074953,0.011714887844668617,2024-05-18 18:01:39.521060,2024-05-18 18:01:42.252741,0 days 00:00:02.731681,331,0.7747091101861301,0.8546060889883472,19,COMPLETE
984,984,-0.24299081283929908,0.005690721260567412,2024-05-18 18:01:42.252741,2024-05-18 18:01:47.882947,0 days 00:00:05.630206,794,0.9938158478075421,0.4837425374598028,19,COMPLETE
985,985,-0.41801105123674587,0.00602809751689899,2024-05-18 18:01:47.886257,2024-05-18 18:01:50.199280,0 days 00:00:02.313023,199,0.5488394661531767,0.7295714639553398,19,COMPLETE
986,986,-0.7727771038803996,0.006724299986608219,2024-05-18 18:01:50.199280,2024-05-18 18:01:56.280230,0 days 00:00:06.080950,957,0.5123064796495911,0.60820233532216,19,COMPLETE
987,987,-0.8841413785021309,0.00693861916902142,2024-05-18 18:01:56.280230,2024-05-18 18:02:02.376631,0 days 00:00:06.096401,915,0.5023775874292681,0.805481626342706,19,COMPLETE
988,988,-0.4792794863542652,0.006243665276740001,2024-05-18 18:02:02.376631,2024-05-18 18:02:05.607520,0 days 00:00:03.230889,509,0.0700636979466861,0.6341495885052352,19,COMPLETE
989,989,-0.5010414446609457,0.00611970574304172,2024-05-18 18:02:05.607520,2024-05-18 18:02:08.823787,0 days 00:00:03.216267,509,0.8986201057902558,0.06121076207020959,19,COMPLETE
990,990,-1.1834404990747542,0.007630656393801389,2024-05-18 18:02:08.823787,2024-05-18 18:02:11.772485,0 days 00:00:02.948698,248,0.8348914936153634,0.60820233532216,19,COMPLETE
991,991,-0.8437876665680746,0.006965635332159735,2024-05-18 18:02:11.772485,2024-05-18 18:02:14.038137,0 days 00:00:02.265652,188,0.6741721442127685,0.602581574977907,19,COMPLETE
992,992,-0.4252118442841212,0.006019118254503565,2024-05-18 18:02:14.038137,2024-05-18 18:02:19.569041,0 days 00:00:05.530904,887,0.44625555353815816,0.1390401654120803,19,COMPLETE
993,993,-3.0362029413268146,0.009170965142528836,2024-05-18 18:02:19.584665,2024-05-18 18:02:21.627866,0 days 00:00:02.043201,94,0.9302981328069362,0.8193600387994124,19,COMPLETE
994,994,-0.16994976887678093,0.005480072625548231,2024-05-18 18:02:21.631105,2024-05-18 18:02:24.867765,0 days 00:00:03.236660,509,0.8348914936153634,0.20592144708549764,19,COMPLETE
995,995,-0.5199082757626037,0.006294948712342324,2024-05-18 18:02:24.867765,2024-05-18 18:02:29.564195,0 days 00:00:04.696430,816,0.624801735055687,0.7295714639553398,19,COMPLETE
996,996,-0.43318750220830315,0.006075938439526183,2024-05-18 18:02:29.564195,2024-05-18 18:02:34.130631,0 days 00:00:04.566436,837,0.0700636979466861,0.025173357358517112,19,COMPLETE
997,997,-1.094734316343145,0.007110057685236204,2024-05-18 18:02:34.130631,2024-05-18 18:02:38.005686,0 days 00:00:03.875055,729,0.6741721442127685,0.3947185068047774,19,COMPLETE
998,998,-1.729385098875601,0.00839243121445411,2024-05-18 18:02:38.005686,2024-05-18 18:02:40.334234,0 days 00:00:02.328548,448,0.14130362094598647,0.8841720990004166,19,COMPLETE
999,999,-0.3530550051216222,0.005842537728915583,2024-05-18 18:02:40.334234,2024-05-18 18:02:44.605513,0 days 00:00:04.271279,780,0.7581612152197601,0.9533399327396712,19,COMPLETE
