,number,values_0,values_1,datetime_start,datetime_complete,duration,params_dim,params_smoothing_level,params_smoothing_trend,system_attrs_nsga2:generation,state
484,484,-0.31768051900861477,0.005913311769196704,2024-05-18 17:33:54.284702,2024-05-18 17:33:56.378304,0 days 00:00:02.093602,271,0.7799650199147381,0.7000598075042406,9,COMPLETE
485,485,-0.5284308966822016,0.006236431305239758,2024-05-18 17:33:56.378304,2024-05-18 17:33:58.509836,0 days 00:00:02.131532,271,0.04367041053946974,0.4128837719471874,9,COMPLETE
486,486,-1.1008403926887416,0.007421447795359891,2024-05-18 17:33:58.525460,2024-05-18 17:34:03.202423,0 days 00:00:04.676963,901,0.45165363142392556,0.6035324610961238,9,COMPLETE
487,487,-0.7373305755615971,0.006650446898448537,2024-05-18 17:34:03.202423,2024-05-18 17:34:06.941873,0 days 00:00:03.739450,680,0.9623107323022978,0.27906645992384127,9,COMPLETE
488,488,-0.7573645575591345,0.00663696670916592,2024-05-18 17:34:06.941873,2024-05-18 17:34:11.665755,0 days 00:00:04.723882,943,0.19573202720591243,0.5513282541379884,9,COMPLETE
489,489,-0.44162993870227024,0.006153031563678709,2024-05-18 17:34:11.673750,2024-05-18 17:34:16.299126,0 days 00:00:04.625376,865,0.8986201057902558,0.5513282541379884,9,COMPLETE
490,490,-0.44992793703931877,0.006115975668033078,2024-05-18 17:34:16.299126,2024-05-18 17:34:19.058911,0 days 00:00:02.759785,556,0.4845125148275813,0.1390401654120803,9,COMPLETE
491,491,-0.49185553549541056,0.006207514962867854,2024-05-18 17:34:19.058911,2024-05-18 17:34:23.630399,0 days 00:00:04.571488,865,0.6741721442127685,0.5513282541379884,9,COMPLETE
492,492,-1.787879260758882,0.007954565328881315,2024-05-18 17:34:23.630399,2024-05-18 17:34:26.197428,0 days 00:00:02.567029,447,0.3289833145102581,0.45809569062452893,9,COMPLETE
493,493,-0.7030080177441438,0.00666295769469509,2024-05-18 17:34:26.205426,2024-05-18 17:34:27.841140,0 days 00:00:01.635714,84,0.45165363142392556,0.7784599339647019,9,COMPLETE
494,494,-1.02504818481544,0.0070907428280911535,2024-05-18 17:34:27.841140,2024-05-18 17:34:30.347062,0 days 00:00:02.505922,509,0.5355906172391094,0.773526026834698,9,COMPLETE
495,495,-0.42136344372102313,0.0060477376054923525,2024-05-18 17:34:30.347062,2024-05-18 17:34:33.197817,0 days 00:00:02.850755,612,0.28563993069995974,0.6807679119486968,9,COMPLETE
496,496,-0.8701369953184332,0.0069420227816962676,2024-05-18 17:34:33.197817,2024-05-18 17:34:37.227698,0 days 00:00:04.029881,724,0.7799650199147381,0.21499079878289562,9,COMPLETE
497,497,-4.685244555621355,0.010851023364915805,2024-05-18 17:34:37.227698,2024-05-18 17:34:41.362604,0 days 00:00:04.134906,837,0.9938158478075421,0.28304125909978606,9,COMPLETE
498,498,-0.852625373329748,0.00690667141103124,2024-05-18 17:34:41.362604,2024-05-18 17:34:46.168825,0 days 00:00:04.806221,826,0.04367041053946974,0.3547401393345837,9,COMPLETE
499,499,-0.46873862455788096,0.006258359278183264,2024-05-18 17:34:46.168825,2024-05-18 17:34:50.421142,0 days 00:00:04.252317,779,0.9623107323022978,0.9164065102450327,9,COMPLETE
500,500,-0.6684276464486,0.00657182181017389,2024-05-18 17:34:50.421142,2024-05-18 17:34:55.092325,0 days 00:00:04.671183,932,0.9938158478075421,0.14025622568840745,10,COMPLETE
501,501,-1.03663598158654,0.007336680057767923,2024-05-18 17:34:55.092325,2024-05-18 17:34:58.994874,0 days 00:00:03.902549,724,0.0700636979466861,0.3947185068047774,10,COMPLETE
502,502,-0.6205585661997419,0.006494788341085568,2024-05-18 17:34:58.994874,2024-05-18 17:35:03.822658,0 days 00:00:04.827784,995,0.726740271625143,0.7571666721826962,10,COMPLETE
503,503,-0.8058116999283328,0.006767576873672393,2024-05-18 17:35:03.824690,2024-05-18 17:35:05.683172,0 days 00:00:01.858482,149,0.5121193103019086,0.5513282541379884,10,COMPLETE
504,504,-0.6971623445651802,0.006646809316472141,2024-05-18 17:35:05.683172,2024-05-18 17:35:09.544008,0 days 00:00:03.860836,679,0.20200066503773495,0.820776984097283,10,COMPLETE
505,505,-0.4984657303337242,0.006207001985927424,2024-05-18 17:35:09.544008,2024-05-18 17:35:11.988956,0 days 00:00:02.444948,448,0.9016349801114897,0.2912480994604083,10,COMPLETE
506,506,-0.5617659331039844,0.006391953864813347,2024-05-18 17:35:11.988956,2024-05-18 17:35:16.081923,0 days 00:00:04.092967,724,0.0700636979466861,0.820776984097283,10,COMPLETE
507,507,-0.48821026845411347,0.006143709055731857,2024-05-18 17:35:16.082965,2024-05-18 17:35:18.336268,0 days 00:00:02.253303,331,0.3742194356374836,0.6195808034251494,10,COMPLETE
508,508,-0.608573840489756,0.006489430788299139,2024-05-18 17:35:18.336268,2024-05-18 17:35:20.333525,0 days 00:00:01.997257,265,0.8986201057902558,0.820776984097283,10,COMPLETE
509,509,-1.691694727738374,0.008753542951744533,2024-05-18 17:35:20.333525,2024-05-18 17:35:22.326231,0 days 00:00:01.992706,286,0.8271815490480248,0.5513282541379884,10,COMPLETE
510,510,-0.39776611727648625,0.006064357048054249,2024-05-18 17:35:22.326231,2024-05-18 17:35:24.464805,0 days 00:00:02.138574,297,0.9623107323022978,0.820776984097283,10,COMPLETE
511,511,-0.55928624610296,0.006245416759620341,2024-05-18 17:35:24.464805,2024-05-18 17:35:26.602698,0 days 00:00:02.137893,331,0.45165363142392556,0.13904203697757567,10,COMPLETE
512,512,-0.7842977283054979,0.0066565665134810815,2024-05-18 17:35:26.602698,2024-05-18 17:35:30.845684,0 days 00:00:04.242986,854,0.20200066503773495,0.3726002866919893,10,COMPLETE
513,513,-0.2591949254561298,0.005702193903805151,2024-05-18 17:35:30.845684,2024-05-18 17:35:35.243221,0 days 00:00:04.397537,794,0.9938158478075421,0.9902372710556333,10,COMPLETE
514,514,-0.6000742668309321,0.006458273174784107,2024-05-18 17:35:35.244237,2024-05-18 17:35:37.035212,0 days 00:00:01.790975,188,0.34717376993532767,0.820776984097283,10,COMPLETE
515,515,-0.5345907833583066,0.006242904496714091,2024-05-18 17:35:37.050831,2024-05-18 17:35:39.575723,0 days 00:00:02.524892,448,0.45165363142392556,0.2912480994604083,10,COMPLETE
516,516,-0.8795121298004347,0.006983486785937398,2024-05-18 17:35:39.575723,2024-05-18 17:35:44.089059,0 days 00:00:04.513336,932,0.9938158478075421,0.25330869084210483,10,COMPLETE
517,517,-0.22691035871965104,0.00573146470218248,2024-05-18 17:35:44.089059,2024-05-18 17:35:46.902054,0 days 00:00:02.812995,625,0.7799650199147381,0.60820233532216,10,COMPLETE
518,518,-0.9783850982711904,0.00697987452494977,2024-05-18 17:35:46.902054,2024-05-18 17:35:50.947192,0 days 00:00:04.045138,724,0.0700636979466861,0.3947185068047774,10,COMPLETE
519,519,-0.47666563076068036,0.00611185340380443,2024-05-18 17:35:50.947192,2024-05-18 17:35:53.587312,0 days 00:00:02.640120,553,0.005718406889887451,0.6178629444984417,10,COMPLETE
520,520,-0.7896442577332861,0.00686494444886207,2024-05-18 17:35:53.587312,2024-05-18 17:35:57.709777,0 days 00:00:04.122465,801,0.9623107323022978,0.1390401654120803,10,COMPLETE
521,521,-1.392689275912787,0.007478193320667854,2024-05-18 17:35:57.709777,2024-05-18 17:35:59.443998,0 days 00:00:01.734221,107,0.6741721442127685,0.5513282541379884,10,COMPLETE
522,522,-0.7219980999117498,0.006598310918291768,2024-05-18 17:35:59.459586,2024-05-18 17:36:01.502509,0 days 00:00:02.042923,265,0.8986201057902558,0.00428846961915641,10,COMPLETE
523,523,-0.7726067906503173,0.006777527519239978,2024-05-18 17:36:01.502509,2024-05-18 17:36:05.971851,0 days 00:00:04.469342,873,0.9696855812238058,0.5112440024661592,10,COMPLETE
524,524,-1.0010117165480439,0.007186267277486063,2024-05-18 17:36:05.971851,2024-05-18 17:36:08.539505,0 days 00:00:02.567654,509,0.04367041053946974,0.7232915514834799,10,COMPLETE
525,525,-0.6686944204236098,0.006480659630983954,2024-05-18 17:36:08.539505,2024-05-18 17:36:10.577714,0 days 00:00:02.038209,265,0.8986201057902558,0.607498757368569,10,COMPLETE
526,526,-0.7745153820825978,0.006665856579512788,2024-05-18 17:36:10.577714,2024-05-18 17:36:13.258231,0 days 00:00:02.680517,612,0.6741721442127685,0.8635801180660567,10,COMPLETE
527,527,-0.28744503735921373,0.005781528192885704,2024-05-18 17:36:13.273858,2024-05-18 17:36:17.227156,0 days 00:00:03.953298,673,0.726740271625143,0.2912480994604083,10,COMPLETE
528,528,-0.30739944974714956,0.005798078998850224,2024-05-18 17:36:17.242777,2024-05-18 17:36:19.232614,0 days 00:00:01.989837,208,0.45165363142392556,0.830013013364468,10,COMPLETE
529,529,-1.1308617447497178,0.007390942372759286,2024-05-18 17:36:19.232614,2024-05-18 17:36:21.279416,0 days 00:00:02.046802,271,0.6028866525906891,0.16676388027504674,10,COMPLETE
530,530,-1.2613390618235933,0.007747572228676411,2024-05-18 17:36:21.279416,2024-05-18 17:36:23.198369,0 days 00:00:01.918953,208,0.726740271625143,0.1884858330372915,10,COMPLETE
531,531,-1.1378211543011436,0.0073926719119091575,2024-05-18 17:36:23.198369,2024-05-18 17:36:25.990024,0 days 00:00:02.791655,612,0.9938158478075421,0.9583119099238957,10,COMPLETE
532,532,-0.3339655962461337,0.005865931340926238,2024-05-18 17:36:25.990024,2024-05-18 17:36:28.069980,0 days 00:00:02.079956,308,0.04367041053946974,0.1390401654120803,10,COMPLETE
533,533,-0.3736947426475009,0.0060101484832547495,2024-05-18 17:36:28.069980,2024-05-18 17:36:32.051562,0 days 00:00:03.981582,720,0.8033473436359407,0.820776984097283,10,COMPLETE
534,534,-0.4094477679501288,0.006035705407032233,2024-05-18 17:36:32.051562,2024-05-18 17:36:34.553996,0 days 00:00:02.502434,523,0.9016349801114897,0.07318039131698384,10,COMPLETE
535,535,-0.7049721418538167,0.006399582371875758,2024-05-18 17:36:34.553996,2024-05-18 17:36:38.947454,0 days 00:00:04.393458,873,0.8407223292420125,0.7232915514834799,10,COMPLETE
536,536,-0.3422645335623834,0.005957181683437254,2024-05-18 17:36:38.947454,2024-05-18 17:36:41.628600,0 days 00:00:02.681146,638,0.04367041053946974,0.1884858330372915,10,COMPLETE
537,537,-0.20121354047601514,0.00555865853455455,2024-05-18 17:36:41.628600,2024-05-18 17:36:44.107212,0 days 00:00:02.478612,509,0.7747091101861301,0.06121076207020959,10,COMPLETE
538,538,-1.1835018922774068,0.007583862921484474,2024-05-18 17:36:44.109281,2024-05-18 17:36:47.844942,0 days 00:00:03.735661,681,0.9016349801114897,0.6831927919318396,10,COMPLETE
539,539,-0.7128518035629632,0.006668249159014802,2024-05-18 17:36:47.844942,2024-05-18 17:36:49.825352,0 days 00:00:01.980410,286,0.20200066503773495,0.9294487858714554,10,COMPLETE
540,540,-0.5073619785941972,0.00619306830557784,2024-05-18 17:36:49.825856,2024-05-18 17:36:51.600551,0 days 00:00:01.774695,188,0.20200066503773495,0.7784599339647019,10,COMPLETE
541,541,-0.6429418635265771,0.006482847802181728,2024-05-18 17:36:51.600551,2024-05-18 17:36:53.559683,0 days 00:00:01.959132,188,0.20200066503773495,0.820776984097283,10,COMPLETE
542,542,-0.4523863816609682,0.006120588613166123,2024-05-18 17:36:53.559683,2024-05-18 17:36:58.183407,0 days 00:00:04.623724,873,0.03714141860103415,0.8254389585550163,10,COMPLETE
543,543,-0.6287063404797835,0.00649163887988331,2024-05-18 17:36:58.183407,2024-05-18 17:37:02.575388,0 days 00:00:04.391981,794,0.7747091101861301,0.31122806190915986,10,COMPLETE
544,544,-0.46565020991694583,0.006093075258685376,2024-05-18 17:37:02.575388,2024-05-18 17:37:06.712472,0 days 00:00:04.137084,753,0.726740271625143,0.7160081931634832,10,COMPLETE
545,545,-0.4210262744467636,0.0060080222625495975,2024-05-18 17:37:06.712472,2024-05-18 17:37:08.758356,0 days 00:00:02.045884,266,0.6741721442127685,0.5513282541379884,10,COMPLETE
546,546,-1.1196613432024503,0.007395825252923818,2024-05-18 17:37:08.758356,2024-05-18 17:37:13.085460,0 days 00:00:04.327104,724,0.9696855812238058,0.5112440024661592,10,COMPLETE
547,547,-0.45897932872601704,0.006024323742739723,2024-05-18 17:37:13.085460,2024-05-18 17:37:17.591528,0 days 00:00:04.506068,842,0.14130362094598647,0.2912480994604083,10,COMPLETE
548,548,-0.6610545480748156,0.006556963987489467,2024-05-18 17:37:17.600549,2024-05-18 17:37:19.629395,0 days 00:00:02.028846,265,0.46816102804287096,0.7252291620543337,10,COMPLETE
549,549,-0.6818523861353556,0.006576915492127196,2024-05-18 17:37:19.629395,2024-05-18 17:37:24.282951,0 days 00:00:04.653556,916,0.726740271625143,0.5112440024661592,10,COMPLETE
550,550,-0.6547652706217534,0.00660042068033425,2024-05-18 17:37:24.282951,2024-05-18 17:37:28.498613,0 days 00:00:04.215662,794,0.7966568708411851,0.1884858330372915,11,COMPLETE
551,551,-0.6838772597667132,0.006579933412509173,2024-05-18 17:37:28.514206,2024-05-18 17:37:30.530859,0 days 00:00:02.016653,265,0.8986201057902558,0.8635801180660567,11,COMPLETE
552,552,-0.7570670526426849,0.006686484354654129,2024-05-18 17:37:30.530859,2024-05-18 17:37:33.280685,0 days 00:00:02.749826,607,0.6515315921123249,0.06121076207020959,11,COMPLETE
553,553,-0.33454297564008334,0.005992321052211257,2024-05-18 17:37:33.280685,2024-05-18 17:37:37.443447,0 days 00:00:04.162762,779,0.04367041053946974,0.14025622568840745,11,COMPLETE
554,554,-0.45738406007635374,0.006081682165605697,2024-05-18 17:37:37.443447,2024-05-18 17:37:42.088182,0 days 00:00:04.644735,932,0.6598796523994876,0.14025622568840745,11,COMPLETE
555,555,-0.43874047178115366,0.0060648362338758515,2024-05-18 17:37:42.088182,2024-05-18 17:37:46.502563,0 days 00:00:04.414381,865,0.7964359824008629,0.5513282541379884,11,COMPLETE
556,556,-1.0656193364214614,0.007170350600570007,2024-05-18 17:37:46.502563,2024-05-18 17:37:51.350315,0 days 00:00:04.847752,932,0.17693620493931483,0.7471675304346725,11,COMPLETE
557,557,-2.449550336812858,0.009140977959381246,2024-05-18 17:37:51.350315,2024-05-18 17:37:56.048360,0 days 00:00:04.698045,942,0.45165363142392556,0.00428846961915641,11,COMPLETE
558,558,-0.8953793997673835,0.007020430313283502,2024-05-18 17:37:56.048360,2024-05-18 17:37:58.637895,0 days 00:00:02.589535,509,0.0700636979466861,0.28960070676115335,11,COMPLETE
559,559,-0.9706678345462436,0.007245808351279875,2024-05-18 17:37:58.639983,2024-05-18 17:38:00.767768,0 days 00:00:02.127785,294,0.48592213048556265,0.1390401654120803,11,COMPLETE
560,560,-0.5817657104540892,0.006337937805191045,2024-05-18 17:38:00.767768,2024-05-18 17:38:05.422453,0 days 00:00:04.654685,908,0.7799650199147381,0.7571666721826962,11,COMPLETE
561,561,-0.8308259629590211,0.006790128289485288,2024-05-18 17:38:05.422453,2024-05-18 17:38:10.326929,0 days 00:00:04.904476,995,0.04367041053946974,0.1884858330372915,11,COMPLETE
562,562,-0.5870406894348325,0.006389634884650478,2024-05-18 17:38:10.326929,2024-05-18 17:38:14.433525,0 days 00:00:04.106596,733,0.7526984966147395,0.6195808034251494,11,COMPLETE
563,563,-0.2763414238638914,0.005763243330637246,2024-05-18 17:38:14.433525,2024-05-18 17:38:17.035245,0 days 00:00:02.601720,516,0.5303250696611443,0.42283627438710425,11,COMPLETE
564,564,-0.45639196332282006,0.006100707911925307,2024-05-18 17:38:17.035245,2024-05-18 17:38:19.136396,0 days 00:00:02.101151,273,0.7747091101861301,0.039370551250472174,11,COMPLETE
565,565,-0.46619615551337557,0.006248531824962925,2024-05-18 17:38:19.136396,2024-05-18 17:38:21.910269,0 days 00:00:02.773873,612,0.726740271625143,0.996766956293855,11,COMPLETE
566,566,-0.6492856999742144,0.00651566265831636,2024-05-18 17:38:21.910269,2024-05-18 17:38:25.608600,0 days 00:00:03.698331,681,0.13569107857855767,0.6855168231611826,11,COMPLETE
567,567,-0.7412597488254395,0.006803803278801026,2024-05-18 17:38:25.608600,2024-05-18 17:38:29.459481,0 days 00:00:03.850881,679,0.5355906172391094,0.820776984097283,11,COMPLETE
568,568,-0.7486482956569623,0.006596327615166713,2024-05-18 17:38:29.459481,2024-05-18 17:38:34.179378,0 days 00:00:04.719897,974,0.5474655142389444,0.40605534839080004,11,COMPLETE
569,569,-0.6255783874293293,0.006425198234458486,2024-05-18 17:38:34.181373,2024-05-18 17:38:37.114941,0 days 00:00:02.933568,625,0.14130362094598647,0.7867236470161774,11,COMPLETE
570,570,-0.6635026801798226,0.006596822497944667,2024-05-18 17:38:37.114941,2024-05-18 17:38:41.595296,0 days 00:00:04.480355,865,0.27071927901295556,0.6661768270002508,11,COMPLETE
571,571,-0.34058811479755347,0.005859743653700095,2024-05-18 17:38:41.595296,2024-05-18 17:38:43.686930,0 days 00:00:02.091634,286,0.06446499465425926,0.9533399327396712,11,COMPLETE
572,572,-0.5885094797400255,0.006375030930649439,2024-05-18 17:38:43.686930,2024-05-18 17:38:46.126871,0 days 00:00:02.439941,448,0.8986201057902558,0.6792578087703861,11,COMPLETE
573,573,-0.7684954781707104,0.00682453941791266,2024-05-18 17:38:46.126871,2024-05-18 17:38:48.053898,0 days 00:00:01.927027,227,0.726740271625143,0.3171728836377212,11,COMPLETE
574,574,-0.3965561834906284,0.0059935082334102675,2024-05-18 17:38:48.053898,2024-05-18 17:38:50.515978,0 days 00:00:02.462080,435,0.7747091101861301,0.7562135883828803,11,COMPLETE
575,575,-7.09383297266109,0.012275376686008824,2024-05-18 17:38:50.515978,2024-05-18 17:38:53.199337,0 days 00:00:02.683359,542,0.6873971141925224,0.820776984097283,11,COMPLETE
576,576,-0.31389665885616636,0.005885383447885642,2024-05-18 17:38:53.199337,2024-05-18 17:38:55.464457,0 days 00:00:02.265120,408,0.45165363142392556,0.7000598075042406,11,COMPLETE
577,577,-0.7528310164437866,0.00684842775271791,2024-05-18 17:38:55.464457,2024-05-18 17:38:58.244421,0 days 00:00:02.779964,596,0.0700636979466861,0.2520905075224742,11,COMPLETE
578,578,-0.288928933171526,0.00577566021356878,2024-05-18 17:38:58.244421,2024-05-18 17:39:01.048305,0 days 00:00:02.803884,612,0.04367041053946974,0.0708750144637933,11,COMPLETE
579,579,-0.4812276817954767,0.006195371478264049,2024-05-18 17:39:01.048305,2024-05-18 17:39:04.757170,0 days 00:00:03.708865,679,0.45165363142392556,0.3947185068047774,11,COMPLETE
580,580,-0.8244048084166377,0.006905123923217407,2024-05-18 17:39:04.757170,2024-05-18 17:39:06.726003,0 days 00:00:01.968833,223,0.5356213378571597,0.996766956293855,11,COMPLETE
581,581,-0.29860229181146025,0.00576257925252664,2024-05-18 17:39:06.726003,2024-05-18 17:39:08.563521,0 days 00:00:01.837518,188,0.22714708680900952,0.820776984097283,11,COMPLETE
582,582,-0.7448995227912093,0.006798414652557379,2024-05-18 17:39:08.563521,2024-05-18 17:39:10.395324,0 days 00:00:01.831803,103,0.9016349801114897,0.2912480994604083,11,COMPLETE
583,583,-0.8126349923027314,0.006813317367726982,2024-05-18 17:39:10.395324,2024-05-18 17:39:14.065789,0 days 00:00:03.670465,681,0.726740271625143,0.00428846961915641,11,COMPLETE
584,584,-0.8420549109599026,0.006989094679705035,2024-05-18 17:39:14.065789,2024-05-18 17:39:15.577144,0 days 00:00:01.511355,43,0.9938158478075421,0.820776984097283,11,COMPLETE
585,585,-0.6017606222421801,0.006490878860076229,2024-05-18 17:39:15.577144,2024-05-18 17:39:20.179729,0 days 00:00:04.602585,932,0.2828755392299077,0.14025622568840745,11,COMPLETE
586,586,-0.6392595075288718,0.006566664966204674,2024-05-18 17:39:20.179729,2024-05-18 17:39:22.195135,0 days 00:00:02.015406,265,0.9938158478075421,0.53792479459743,11,COMPLETE
587,587,-0.8793210149278285,0.0068808491483990765,2024-05-18 17:39:22.195135,2024-05-18 17:39:23.963084,0 days 00:00:01.767949,188,0.04367041053946974,0.7784599339647019,11,COMPLETE
588,588,-0.4135187933760974,0.006079867056507278,2024-05-18 17:39:23.963084,2024-05-18 17:39:26.109959,0 days 00:00:02.146875,301,0.03714141860103415,0.8635801180660567,11,COMPLETE
589,589,-0.5469858602758321,0.006244025252906696,2024-05-18 17:39:26.109959,2024-05-18 17:39:30.463701,0 days 00:00:04.353742,797,0.726740271625143,0.7000598075042406,11,COMPLETE
590,590,-0.2741553751183521,0.005729972111055216,2024-05-18 17:39:30.479322,2024-05-18 17:39:34.621023,0 days 00:00:04.141701,794,0.034322714879386096,0.5513282541379884,11,COMPLETE
591,591,-2.5591909407068143,0.010215444608261548,2024-05-18 17:39:34.621023,2024-05-18 17:39:36.078393,0 days 00:00:01.457370,3,0.45165363142392556,0.7000598075042406,11,COMPLETE
592,592,-0.6127605245174534,0.006338336980247998,2024-05-18 17:39:36.078393,2024-05-18 17:39:38.054639,0 days 00:00:01.976246,265,0.326494232476892,0.29600635453725554,11,COMPLETE
593,593,-0.16202152282973195,0.005464548572975994,2024-05-18 17:39:38.054639,2024-05-18 17:39:40.383070,0 days 00:00:02.328431,447,0.4075714240432138,0.7000598075042406,11,COMPLETE
594,594,-0.39461553343304645,0.005866825528384472,2024-05-18 17:39:40.383070,2024-05-18 17:39:42.475360,0 days 00:00:02.092290,286,0.1776550257050019,0.5513282541379884,11,COMPLETE
595,595,-0.6998124925397053,0.00659943520487868,2024-05-18 17:39:42.475360,2024-05-18 17:39:46.742818,0 days 00:00:04.267458,794,0.726740271625143,0.14031944181474043,11,COMPLETE
596,596,-40.57613778296893,0.028846520842479018,2024-05-18 17:39:46.744850,2024-05-18 17:39:51.455671,0 days 00:00:04.710821,945,0.7757932593114416,0.1390401654120803,11,COMPLETE
597,597,-4.908476469976625,0.010993435719813812,2024-05-18 17:39:51.455671,2024-05-18 17:39:56.243372,0 days 00:00:04.787701,941,0.44905111814179877,0.1390401654120803,11,COMPLETE
598,598,-1.0258157279662927,0.00733175987934436,2024-05-18 17:39:56.243372,2024-05-18 17:40:00.265100,0 days 00:00:04.021728,724,0.18224438387344422,0.8641744809826435,11,COMPLETE
599,599,-0.4725875493646686,0.00622824369105997,2024-05-18 17:40:00.265100,2024-05-18 17:40:04.794272,0 days 00:00:04.529172,865,0.6741721442127685,0.5513282541379884,11,COMPLETE
600,600,-0.39578831517911167,0.006025573943239793,2024-05-18 17:40:04.794272,2024-05-18 17:40:07.666199,0 days 00:00:02.871927,625,0.7799650199147381,0.599152667605753,12,COMPLETE
601,601,-0.6853846469515682,0.0064575565615159775,2024-05-18 17:40:07.666199,2024-05-18 17:40:09.643044,0 days 00:00:01.976845,208,0.45165363142392556,0.1390401654120803,12,COMPLETE
602,602,-0.6543805339131877,0.0064746402023497015,2024-05-18 17:40:09.643044,2024-05-18 17:40:11.901538,0 days 00:00:02.258494,367,0.9124424393632404,0.60820233532216,12,COMPLETE
603,603,-1.092157718875286,0.007323142920634573,2024-05-18 17:40:11.901538,2024-05-18 17:40:13.963787,0 days 00:00:02.062249,301,0.7747091101861301,0.8635801180660567,12,COMPLETE
