,number,values_0,values_1,datetime_start,datetime_complete,duration,params_dim,params_smoothing_level,params_smoothing_trend,system_attrs_nsga2:generation,state
844,844,-2.3271730628858043,0.008855930663118874,2024-05-18 17:54:03.248826,2024-05-18 17:54:05.539244,0 days 00:00:02.290418,188,0.5420289131443509,0.820776984097283,16,COMPLETE
845,845,-0.8974237894962975,0.0070903270534921625,2024-05-18 17:54:05.539244,2024-05-18 17:54:10.195734,0 days 00:00:04.656490,654,0.7600399695970839,0.2912480994604083,16,COMPLETE
846,846,-0.3894147404047753,0.006038094922230829,2024-05-18 17:54:10.196731,2024-05-18 17:54:13.463161,0 days 00:00:03.266430,552,0.6741721442127685,0.4281550191886311,16,COMPLETE
847,847,-0.2809449816196935,0.005745106302173403,2024-05-18 17:54:13.465158,2024-05-18 17:54:18.968278,0 days 00:00:05.503120,997,0.4075714240432138,0.06121076207020959,16,COMPLETE
848,848,-0.11259681567804951,0.005375828364432133,2024-05-18 17:54:18.971269,2024-05-18 17:54:23.058745,0 days 00:00:04.087476,625,0.8348914936153634,0.60820233532216,16,COMPLETE
849,849,-0.37132257866261414,0.006034288436392027,2024-05-18 17:54:23.059745,2024-05-18 17:54:25.070400,0 days 00:00:02.010655,216,0.726740271625143,0.1884858330372915,16,COMPLETE
850,850,-1.733043494935373,0.008332737001969594,2024-05-18 17:54:25.071401,2024-05-18 17:54:28.313610,0 days 00:00:03.242209,504,0.36292203503054,0.7232915514834799,17,COMPLETE
851,851,-0.8168674689220582,0.006763244385145491,2024-05-18 17:54:28.315606,2024-05-18 17:54:31.286085,0 days 00:00:02.970479,504,0.4075714240432138,0.7000598075042406,17,COMPLETE
852,852,-0.5375666372627897,0.006249333682616804,2024-05-18 17:54:31.287083,2024-05-18 17:54:33.263695,0 days 00:00:01.976612,188,0.3754623410325437,0.17478933463572788,17,COMPLETE
853,853,-0.9345674558278144,0.007055250218692279,2024-05-18 17:54:33.264693,2024-05-18 17:54:35.236921,0 days 00:00:01.972228,188,0.04367041053946974,0.820776984097283,17,COMPLETE
854,854,-0.8071204003031625,0.006854111058521793,2024-05-18 17:54:35.238878,2024-05-18 17:54:39.883082,0 days 00:00:04.644204,794,0.0700636979466861,0.3558660001390406,17,COMPLETE
855,855,-1.6903391437087933,0.008253935430306862,2024-05-18 17:54:39.885280,2024-05-18 17:54:42.608645,0 days 00:00:02.723365,509,0.7561457565020733,0.14025622568840745,17,COMPLETE
856,856,-0.8549110664531877,0.006937374139736012,2024-05-18 17:54:42.610641,2024-05-18 17:54:44.826761,0 days 00:00:02.216120,271,0.9016349801114897,0.2912480994604083,17,COMPLETE
857,857,-0.954820536752137,0.0068133213173694005,2024-05-18 17:54:44.828755,2024-05-18 17:54:46.630846,0 days 00:00:01.802091,103,0.04367041053946974,0.40257845638947665,17,COMPLETE
858,858,-0.5776755040464063,0.006329980926078336,2024-05-18 17:54:46.631844,2024-05-18 17:54:49.553133,0 days 00:00:02.921289,377,0.4745110683796876,0.820776984097283,17,COMPLETE
859,859,-0.6123639341328907,0.006473839894800342,2024-05-18 17:54:49.555126,2024-05-18 17:54:54.253738,0 days 00:00:04.698612,794,0.7747091101861301,0.820776984097283,17,COMPLETE
860,860,-0.43593290332180706,0.0060109542800069,2024-05-18 17:54:54.255733,2024-05-18 17:54:57.605426,0 days 00:00:03.349693,509,0.7747091101861301,0.6364123520302049,17,COMPLETE
861,861,-0.735608454463679,0.006773012610380061,2024-05-18 17:54:57.607420,2024-05-18 17:55:02.983984,0 days 00:00:05.376564,956,0.7747091101861301,0.07368129778804111,17,COMPLETE
862,862,-0.508459056628576,0.006205397611093845,2024-05-18 17:55:02.985936,2024-05-18 17:55:07.813968,0 days 00:00:04.828032,794,0.7747091101861301,0.820776984097283,17,COMPLETE
863,863,-0.17429815863381265,0.005488493697767124,2024-05-18 17:55:07.815926,2024-05-18 17:55:12.589953,0 days 00:00:04.774027,780,0.7581612152197601,0.8193600387994124,17,COMPLETE
864,864,-1.321850274335831,0.007554084376837754,2024-05-18 17:55:12.592486,2024-05-18 17:55:17.372365,0 days 00:00:04.779879,724,0.0700636979466861,0.20993102606325642,17,COMPLETE
865,865,-0.720048964310243,0.006439245283369871,2024-05-18 17:55:17.372365,2024-05-18 17:55:22.395078,0 days 00:00:05.022713,794,0.04367041053946974,0.820776984097283,17,COMPLETE
866,866,-0.7956197789891607,0.006848388775178338,2024-05-18 17:55:22.398071,2024-05-18 17:55:26.604585,0 days 00:00:04.206514,604,0.6741721442127685,0.38478784547177736,17,COMPLETE
867,867,-0.9038507883305696,0.0070427537254257044,2024-05-18 17:55:26.606580,2024-05-18 17:55:30.735981,0 days 00:00:04.129401,504,0.0700636979466861,0.820776984097283,17,COMPLETE
868,868,-0.4291629134275744,0.006000556686898003,2024-05-18 17:55:30.737975,2024-05-18 17:55:33.018394,0 days 00:00:02.280419,217,0.47402626676898163,0.2313521344554259,17,COMPLETE
869,869,-0.24606097469127156,0.005723489771609141,2024-05-18 17:55:33.020388,2024-05-18 17:55:37.318472,0 days 00:00:04.298084,724,0.0700636979466861,0.805481626342706,17,COMPLETE
870,870,-0.4706875891145893,0.006291555098064389,2024-05-18 17:55:37.318472,2024-05-18 17:55:41.726410,0 days 00:00:04.407938,679,0.33894468775090314,0.820776984097283,17,COMPLETE
871,871,-1.1062261401500817,0.007437083796347709,2024-05-18 17:55:41.726410,2024-05-18 17:55:44.386456,0 days 00:00:02.660046,447,0.04367041053946974,0.07609968066211348,17,COMPLETE
872,872,-0.8662959875696771,0.0069104677766184145,2024-05-18 17:55:44.386456,2024-05-18 17:55:47.170642,0 days 00:00:02.784186,447,0.9623107323022978,0.09995196542147089,17,COMPLETE
873,873,-1.1402328697304944,0.0073966787029977445,2024-05-18 17:55:47.170642,2024-05-18 17:55:49.347306,0 days 00:00:02.176664,188,0.22714708680900952,0.8742834752886064,17,COMPLETE
874,874,-0.4198610806729054,0.006032926315691023,2024-05-18 17:55:49.347306,2024-05-18 17:55:54.272834,0 days 00:00:04.925528,869,0.3729079552023863,0.9936486806856624,17,COMPLETE
875,875,-0.6222682522268737,0.006468113671853343,2024-05-18 17:55:54.272834,2024-05-18 17:55:56.719568,0 days 00:00:02.446734,207,0.9406253163114715,0.9296404269957563,17,COMPLETE
876,876,-0.5711373553670172,0.006333047188002426,2024-05-18 17:55:56.719568,2024-05-18 17:55:59.339482,0 days 00:00:02.619914,452,0.7799650199147381,0.60820233532216,17,COMPLETE
877,877,-0.848697332833573,0.006903234306826758,2024-05-18 17:55:59.341478,2024-05-18 17:56:01.299312,0 days 00:00:01.957834,188,0.6741721442127685,0.9761034812002319,17,COMPLETE
878,878,-1.015613114691334,0.007131350656262534,2024-05-18 17:56:01.301307,2024-05-18 17:56:03.635076,0 days 00:00:02.333769,271,0.45165363142392556,0.2674699429978733,17,COMPLETE
879,879,-0.757518044146315,0.006724583394240381,2024-05-18 17:56:03.635076,2024-05-18 17:56:06.151637,0 days 00:00:02.516561,504,0.0700636979466861,0.6023785460615726,17,COMPLETE
880,880,-1.0923681190113226,0.007078378787617992,2024-05-18 17:56:06.151637,2024-05-18 17:56:08.484832,0 days 00:00:02.333195,356,0.9633228536413644,0.025173357358517112,17,COMPLETE
881,881,-0.6713993599327406,0.0064996474215139365,2024-05-18 17:56:08.485827,2024-05-18 17:56:11.564405,0 days 00:00:03.078578,625,0.7382013436619806,0.7619349751516251,17,COMPLETE
882,882,-0.5912757124294232,0.006431540951870424,2024-05-18 17:56:11.564405,2024-05-18 17:56:13.496427,0 days 00:00:01.932022,188,0.47352583912768276,0.7295714639553398,17,COMPLETE
883,883,-0.41675829544246534,0.0060736832246325225,2024-05-18 17:56:13.496427,2024-05-18 17:56:16.063116,0 days 00:00:02.566689,447,0.4075714240432138,0.10412387606745321,17,COMPLETE
884,884,-0.9437776315462878,0.0070805004509997506,2024-05-18 17:56:16.063116,2024-05-18 17:56:20.530122,0 days 00:00:04.467006,516,0.47352583912768276,0.820776984097283,17,COMPLETE
885,885,-0.6729960798122524,0.006475219600620021,2024-05-18 17:56:20.530122,2024-05-18 17:56:25.960327,0 days 00:00:05.430205,997,0.7309132457169413,0.06121076207020959,17,COMPLETE
886,886,-0.6521306155270377,0.006540694074923356,2024-05-18 17:56:25.960327,2024-05-18 17:56:27.960992,0 days 00:00:02.000665,188,0.22714708680900952,0.7000598075042406,17,COMPLETE
887,887,-0.4994188001020504,0.006246240687439704,2024-05-18 17:56:27.960992,2024-05-18 17:56:30.390950,0 days 00:00:02.429958,286,0.5113598776565814,0.057930212149625016,17,COMPLETE
888,888,-0.5197659898221313,0.0062885531132583754,2024-05-18 17:56:30.390950,2024-05-18 17:56:33.568308,0 days 00:00:03.177358,509,0.8986201057902558,0.867773142060897,17,COMPLETE
889,889,-0.3282568528235165,0.00583856094620718,2024-05-18 17:56:33.568308,2024-05-18 17:56:37.787187,0 days 00:00:04.218879,681,0.726740271625143,0.38656213447632737,17,COMPLETE
890,890,-0.34148276062934774,0.005874917398161376,2024-05-18 17:56:37.787187,2024-05-18 17:56:40.791504,0 days 00:00:03.004317,504,0.0700636979466861,0.7236163594094136,17,COMPLETE
891,891,-0.4477142757721987,0.0060727838073869,2024-05-18 17:56:40.791504,2024-05-18 17:56:45.767432,0 days 00:00:04.975928,995,0.726740271625143,0.1884858330372915,17,COMPLETE
892,892,-0.6409074094913834,0.006511240032643688,2024-05-18 17:56:45.767432,2024-05-18 17:56:48.792998,0 days 00:00:03.025566,516,0.23049731719003885,0.7232915514834799,17,COMPLETE
893,893,-1.2194478845990635,0.007284145492088496,2024-05-18 17:56:48.792998,2024-05-18 17:56:51.027888,0 days 00:00:02.234890,351,0.726740271625143,0.1884858330372915,17,COMPLETE
894,894,-1.4451252048408851,0.00790545486951162,2024-05-18 17:56:51.027888,2024-05-18 17:56:55.491874,0 days 00:00:04.463986,736,0.9696855812238058,0.5112440024661592,17,COMPLETE
895,895,-0.6975376523444978,0.006532506803576171,2024-05-18 17:56:55.491874,2024-05-18 17:56:57.615635,0 days 00:00:02.123761,208,0.8400459624262118,0.7571666721826962,17,COMPLETE
896,896,-0.4181477138673344,0.0060835465102690245,2024-05-18 17:56:57.631257,2024-05-18 17:57:02.892024,0 days 00:00:05.260767,724,0.5611972226736544,0.5513282541379884,17,COMPLETE
897,897,-0.3536185637469375,0.005971793254500863,2024-05-18 17:57:02.892024,2024-05-18 17:57:06.218466,0 days 00:00:03.326442,516,0.47352583912768276,0.1884858330372915,17,COMPLETE
898,898,-0.5370583847076806,0.0062759590345371,2024-05-18 17:57:06.218466,2024-05-18 17:57:08.164252,0 days 00:00:01.945786,188,0.21351148733239755,0.820776984097283,17,COMPLETE
899,899,-0.640973598918715,0.006364214269537182,2024-05-18 17:57:08.164252,2024-05-18 17:57:13.366122,0 days 00:00:05.201870,955,0.20200066503773495,0.820776984097283,17,COMPLETE
900,900,-0.43410602261283754,0.005994708482634608,2024-05-18 17:57:13.366122,2024-05-18 17:57:17.934985,0 days 00:00:04.568863,729,0.6741721442127685,0.5513282541379884,18,COMPLETE
901,901,-0.5483348585836946,0.0063583908286432775,2024-05-18 17:57:17.934985,2024-05-18 17:57:20.781692,0 days 00:00:02.846707,504,0.0700636979466861,0.2618038021243364,18,COMPLETE
902,902,-0.3934562325577208,0.00584235420221757,2024-05-18 17:57:20.781692,2024-05-18 17:57:23.041213,0 days 00:00:02.259521,286,0.8348914936153634,0.8673161178093939,18,COMPLETE
903,903,-0.6104754447531286,0.006441758085039681,2024-05-18 17:57:23.041213,2024-05-18 17:57:25.756074,0 days 00:00:02.714861,448,0.9016349801114897,0.6800127389771861,18,COMPLETE
904,904,-0.2891184960172134,0.005869206340743904,2024-05-18 17:57:25.756074,2024-05-18 17:57:28.058663,0 days 00:00:02.302589,271,0.45165363142392556,0.11902038868875442,18,COMPLETE
905,905,-0.8465632104588506,0.006879158708442657,2024-05-18 17:57:28.060658,2024-05-18 17:57:32.510485,0 days 00:00:04.449827,724,0.7747091101861301,0.5112440024661592,18,COMPLETE
906,906,-0.32291907436655193,0.005799366142500745,2024-05-18 17:57:32.514173,2024-05-18 17:57:37.628652,0 days 00:00:05.114479,995,0.0700636979466861,0.3947185068047774,18,COMPLETE
907,907,-0.5735671763704614,0.006279347425738274,2024-05-18 17:57:37.628652,2024-05-18 17:57:40.632123,0 days 00:00:03.003471,629,0.7821286311935977,0.4094650974447023,18,COMPLETE
908,908,-0.5362480103036036,0.006384605990113192,2024-05-18 17:57:40.632123,2024-05-18 17:57:42.740461,0 days 00:00:02.108338,188,0.0700636979466861,0.9963232138282043,18,COMPLETE
909,909,-0.5504594922270054,0.006340340772472775,2024-05-18 17:57:42.740461,2024-05-18 17:57:46.915583,0 days 00:00:04.175122,724,0.9696855812238058,0.5112440024661592,18,COMPLETE
910,910,-0.3161832879642148,0.005766959976455039,2024-05-18 17:57:46.931171,2024-05-18 17:57:48.924274,0 days 00:00:01.993103,189,0.04367041053946974,0.820776984097283,18,COMPLETE
911,911,-0.4442290472690204,0.0061219492690130165,2024-05-18 17:57:48.924274,2024-05-18 17:57:53.977737,0 days 00:00:05.053463,780,0.45165363142392556,0.41830207619747983,18,COMPLETE
912,912,-0.48673255280171135,0.006159399211371556,2024-05-18 17:57:53.979694,2024-05-18 17:57:56.439770,0 days 00:00:02.460076,380,0.23213281355839477,0.2912480994604083,18,COMPLETE
913,913,-1.852654981818344,0.007879008649415842,2024-05-18 17:57:56.439770,2024-05-18 17:57:58.834698,0 days 00:00:02.394928,265,0.2170564100055703,0.8635801180660567,18,COMPLETE
914,914,-0.7844031256111214,0.00682127335494886,2024-05-18 17:57:58.836834,2024-05-18 17:58:00.770896,0 days 00:00:01.934062,188,0.33502279044007066,0.1884858330372915,18,COMPLETE
915,915,-0.30737016330686556,0.005885272512877232,2024-05-18 17:58:00.770896,2024-05-18 17:58:03.527447,0 days 00:00:02.756551,504,0.0700636979466861,0.1884858330372915,18,COMPLETE
916,916,-0.5174128184252587,0.006303902144058242,2024-05-18 17:58:03.532970,2024-05-18 17:58:06.198854,0 days 00:00:02.665884,522,0.7747091101861301,0.820776984097283,18,COMPLETE
917,917,-0.9742319792477575,0.007179225876895026,2024-05-18 17:58:06.200813,2024-05-18 17:58:10.600057,0 days 00:00:04.399244,679,0.9696855812238058,0.15028833343215975,18,COMPLETE
918,918,-0.63311574393269,0.006425007408227494,2024-05-18 17:58:10.600057,2024-05-18 17:58:15.010994,0 days 00:00:04.410937,779,0.04367041053946974,0.5856252920677277,18,COMPLETE
919,919,-0.5507577138701649,0.006492746098115514,2024-05-18 17:58:15.010994,2024-05-18 17:58:17.840044,0 days 00:00:02.829050,558,0.13373189316535805,0.1884858330372915,18,COMPLETE
920,920,-0.9418453472107995,0.007059634925738173,2024-05-18 17:58:17.842522,2024-05-18 17:58:20.545559,0 days 00:00:02.703037,504,0.8185462745768436,0.6453861570170352,18,COMPLETE
921,921,-0.8891670932809946,0.007011785930821619,2024-05-18 17:58:20.545559,2024-05-18 17:58:22.950913,0 days 00:00:02.405354,377,0.5712969281435595,0.7000598075042406,18,COMPLETE
922,922,-3.978743203893077,0.010877333396191678,2024-05-18 17:58:22.950913,2024-05-18 17:58:26.935021,0 days 00:00:03.984108,671,0.47352583912768276,0.1884858330372915,18,COMPLETE
923,923,-0.7610726746995639,0.006809019150689476,2024-05-18 17:58:26.935021,2024-05-18 17:58:31.269865,0 days 00:00:04.334844,794,0.8850639678066436,0.820776984097283,18,COMPLETE
924,924,-0.6102539975875144,0.006498449338992902,2024-05-18 17:58:31.269865,2024-05-18 17:58:35.729192,0 days 00:00:04.459327,813,0.3214553478053441,0.2621989353576931,18,COMPLETE
925,925,-0.3240320891740072,0.005882748655827354,2024-05-18 17:58:35.731149,2024-05-18 17:58:40.247938,0 days 00:00:04.516789,837,0.7747091101861301,0.11442296182090406,18,COMPLETE
926,926,-1.0923705622449895,0.007692481292817065,2024-05-18 17:58:40.247938,2024-05-18 17:58:41.776869,0 days 00:00:01.528931,5,0.7747091101861301,0.7232915514834799,18,COMPLETE
927,927,-0.4706217316479389,0.006178811936818124,2024-05-18 17:58:41.778864,2024-05-18 17:58:44.505773,0 days 00:00:02.726909,509,0.48805652145747824,0.8308307802534616,18,COMPLETE
928,928,-1.0339122701770436,0.0072149853033886616,2024-05-18 17:58:44.507733,2024-05-18 17:58:46.427755,0 days 00:00:01.920022,183,0.45165363142392556,0.7000598075042406,18,COMPLETE
929,929,-1.3787922778288957,0.007828847488312715,2024-05-18 17:58:46.427755,2024-05-18 17:58:48.265564,0 days 00:00:01.837809,91,0.20200066503773495,0.8953283556546746,18,COMPLETE
930,930,-0.8008565261848624,0.006739339063753269,2024-05-18 17:58:48.265564,2024-05-18 17:58:51.200275,0 days 00:00:02.934711,504,0.5804489274314163,0.7295714639553398,18,COMPLETE
931,931,-0.5194090167443418,0.006280138955006673,2024-05-18 17:58:51.202268,2024-05-18 17:58:53.873572,0 days 00:00:02.671304,466,0.726740271625143,0.5112440024661592,18,COMPLETE
932,932,-0.8991575447273388,0.006847714181993832,2024-05-18 17:58:53.889159,2024-05-18 17:58:56.146300,0 days 00:00:02.257141,265,0.15001805456621653,0.002220034483578548,18,COMPLETE
933,933,-1.7589673089076832,0.008364764259026863,2024-05-18 17:58:56.148288,2024-05-18 17:58:58.425027,0 days 00:00:02.276739,247,0.6570659993250115,0.5445374191636411,18,COMPLETE
934,934,-0.797686883533266,0.0067767221475111645,2024-05-18 17:58:58.425027,2024-05-18 17:59:02.624040,0 days 00:00:04.199013,724,0.0700636979466861,0.255124792327734,18,COMPLETE
935,935,-0.3467601333018522,0.005912543098775016,2024-05-18 17:59:02.624040,2024-05-18 17:59:07.287688,0 days 00:00:04.663648,837,0.7747091101861301,0.7000598075042406,18,COMPLETE
936,936,-10.90060314901989,0.014575278017972312,2024-05-18 17:59:07.287688,2024-05-18 17:59:08.891458,0 days 00:00:01.603770,35,0.6555746763953575,0.7784599339647019,18,COMPLETE
937,937,-10.841252357252689,0.015366894592061042,2024-05-18 17:59:08.891458,2024-05-18 17:59:13.663564,0 days 00:00:04.772106,895,0.7747091101861301,0.16703450498813133,18,COMPLETE
938,938,-1.04044367343001,0.007230786837847139,2024-05-18 17:59:13.663564,2024-05-18 17:59:16.733108,0 days 00:00:03.069544,625,0.08795674054433122,0.1884858330372915,18,COMPLETE
939,939,-2.2167541630766814,0.008883493210362685,2024-05-18 17:59:16.733108,2024-05-18 17:59:20.998324,0 days 00:00:04.265216,719,0.4075714240432138,0.7000598075042406,18,COMPLETE
940,940,-0.633060734342717,0.006487838095450662,2024-05-18 17:59:20.998324,2024-05-18 17:59:25.018926,0 days 00:00:04.020602,724,0.04367041053946974,0.055293575262511996,18,COMPLETE
941,941,-0.21028140149546676,0.005588415607646826,2024-05-18 17:59:25.034547,2024-05-18 17:59:29.313713,0 days 00:00:04.279166,915,0.5023775874292681,0.7232915514834799,18,COMPLETE
942,942,-1.305091582742093,0.007860393449165715,2024-05-18 17:59:29.313713,2024-05-18 17:59:31.959864,0 days 00:00:02.646151,591,0.8986201057902558,0.05083938281028977,18,COMPLETE
943,943,-1.0611380012396565,0.007226111221781561,2024-05-18 17:59:31.959864,2024-05-18 17:59:33.740868,0 days 00:00:01.781004,188,0.22714708680900952,0.8803146548774747,18,COMPLETE
944,944,-0.37338673133475053,0.005979574070813584,2024-05-18 17:59:33.740868,2024-05-18 17:59:36.062985,0 days 00:00:02.322117,286,0.6741721442127685,0.4946856901391894,18,COMPLETE
945,945,-0.6858108926992073,0.006443260584339196,2024-05-18 17:59:36.076474,2024-05-18 17:59:40.251703,0 days 00:00:04.175229,679,0.510601331691518,0.3947185068047774,18,COMPLETE
946,946,-1.1138120051888247,0.00735616191622893,2024-05-18 17:59:40.251703,2024-05-18 17:59:42.672352,0 days 00:00:02.420649,208,0.27591491519678535,0.1390401654120803,18,COMPLETE
947,947,-0.613020487930228,0.0063295586151140395,2024-05-18 17:59:42.672352,2024-05-18 17:59:44.679102,0 days 00:00:02.006750,188,0.20200066503773495,0.39999142804967747,18,COMPLETE
948,948,-0.8933006797011757,0.007053326915192897,2024-05-18 17:59:44.679102,2024-05-18 17:59:47.265411,0 days 00:00:02.586309,516,0.2605124541821512,0.14962671736030786,18,COMPLETE
949,949,-0.7257178255016681,0.006633498344524635,2024-05-18 17:59:47.265411,2024-05-18 17:59:52.318155,0 days 00:00:05.052744,997,0.4075714240432138,0.06121076207020959,18,COMPLETE
950,950,-0.8907921844291298,0.007094418743591175,2024-05-18 17:59:52.318155,2024-05-18 17:59:54.200438,0 days 00:00:01.882283,79,0.726740271625143,0.1884858330372915,19,COMPLETE
951,951,-0.6024139676370661,0.006350528101634267,2024-05-18 17:59:54.200438,2024-05-18 17:59:56.457682,0 days 00:00:02.257244,271,0.8348914936153634,0.60820233532216,19,COMPLETE
952,952,-0.44812991149374,0.006215546223318698,2024-05-18 17:59:56.457682,2024-05-18 17:59:58.529213,0 days 00:00:02.071531,208,0.7581612152197601,0.8193600387994124,19,COMPLETE
953,953,-1.1250524312149042,0.007465677706714623,2024-05-18 17:59:58.529213,2024-05-18 18:00:03.013430,0 days 00:00:04.484217,779,0.1887667075539845,0.1390401654120803,19,COMPLETE
954,954,-0.4205593379287224,0.005978583717930912,2024-05-18 18:00:03.013430,2024-05-18 18:00:07.361858,0 days 00:00:04.348428,780,0.0185833216817205,0.8443441596345934,19,COMPLETE
955,955,-0.525152075112883,0.006251357564689633,2024-05-18 18:00:07.361858,2024-05-18 18:00:12.154986,0 days 00:00:04.793128,805,0.9938158478075421,0.8365684230080734,19,COMPLETE
956,956,-0.6102082229197106,0.0064112179843242734,2024-05-18 18:00:12.157242,2024-05-18 18:00:15.097790,0 days 00:00:02.940548,516,0.3359363034124805,0.20592144708549764,19,COMPLETE
957,957,-0.6868422298941983,0.006594252938298536,2024-05-18 18:00:15.099820,2024-05-18 18:00:18.473183,0 days 00:00:03.373363,625,0.7799650199147381,0.5131058733309155,19,COMPLETE
958,958,-0.7215841302041047,0.006716646808531822,2024-05-18 18:00:18.473183,2024-05-18 18:00:23.387877,0 days 00:00:04.914694,779,0.4075714240432138,0.7246731943204653,19,COMPLETE
959,959,-1.0997198431100366,0.007390022210896702,2024-05-18 18:00:23.404434,2024-05-18 18:00:25.733008,0 days 00:00:02.328574,303,0.7747091101861301,0.20592144708549764,19,COMPLETE
960,960,-0.41310832972328004,0.006068629376284189,2024-05-18 18:00:25.749912,2024-05-18 18:00:27.752501,0 days 00:00:02.002589,126,0.11702044604436823,0.06121076207020959,19,COMPLETE
961,961,-1.6527091379423833,0.007982638401387972,2024-05-18 18:00:27.752501,2024-05-18 18:00:32.315997,0 days 00:00:04.563496,781,0.4075714240432138,0.06121076207020959,19,COMPLETE
962,962,-0.8366830738220481,0.006932318538169366,2024-05-18 18:00:32.315997,2024-05-18 18:00:34.983211,0 days 00:00:02.667214,471,0.6340607787980471,0.7000598075042406,19,COMPLETE
963,963,-0.7393368823318232,0.006760722189045052,2024-05-18 18:00:34.983211,2024-05-18 18:00:39.979694,0 days 00:00:04.996483,932,0.20200066503773495,0.14025622568840745,19,COMPLETE
