,number,values_0,values_1,datetime_start,datetime_complete,duration,params_dim,params_smoothing_level,params_smoothing_trend,params_use_boxcox,system_attrs_nsga2:generation,state
708,708,0.2242887050723632,0.103098649282847,2024-05-16 11:36:59.892300,2024-05-16 11:37:03.719058,0 days 00:00:03.826758,85,0.8965634370266353,0.12470276986031192,True,14,COMPLETE
709,709,-0.04269826959795322,0.12246409266066341,2024-05-16 11:37:03.721053,2024-05-16 11:37:06.506653,0 days 00:00:02.785600,52,0.8127156960799414,0.42185092115209544,False,14,COMPLETE
710,710,0.4966894083996161,0.07902151022962514,2024-05-16 11:37:06.508646,2024-05-16 11:37:09.313823,0 days 00:00:02.805177,68,0.7949874873712804,0.21433889234696413,False,14,COMPLETE
711,711,0.14674690466171686,0.10580461432539275,2024-05-16 11:37:09.315820,2024-05-16 11:37:12.687765,0 days 00:00:03.371945,52,0.8963994392275162,0.6156340061396348,False,14,COMPLETE
712,712,-0.025214759339563055,0.10932812716128708,2024-05-16 11:37:12.689760,2024-05-16 11:37:16.269755,0 days 00:00:03.579995,85,0.8965634370266353,0.18773922746579486,True,14,COMPLETE
713,713,0.4734648376223186,0.08023541833174944,2024-05-16 11:37:16.271805,2024-05-16 11:37:19.174162,0 days 00:00:02.902357,85,0.8963994392275162,0.4936424524366335,True,14,COMPLETE
714,714,0.48687245626604947,0.08278430575177927,2024-05-16 11:37:19.176157,2024-05-16 11:37:24.057905,0 days 00:00:04.881748,45,0.8963994392275162,0.4114277405311313,True,14,COMPLETE
715,715,-0.31307653845570227,0.13526408658017958,2024-05-16 11:37:24.059899,2024-05-16 11:37:28.414927,0 days 00:00:04.355028,99,0.5476335115309972,0.9694326470600931,False,14,COMPLETE
716,716,-0.8309163867390559,0.15106040201138285,2024-05-16 11:37:28.416988,2024-05-16 11:37:31.222724,0 days 00:00:02.805736,95,0.7949874873712804,0.36060264397280317,True,14,COMPLETE
717,717,-3.4099716742745776,0.2220699291494684,2024-05-16 11:37:31.224716,2024-05-16 11:37:33.505949,0 days 00:00:02.281233,3,0.41633792597242136,0.7921712658552167,True,14,COMPLETE
718,718,-0.13006534284464394,0.1207431021550438,2024-05-16 11:37:33.507944,2024-05-16 11:37:37.977021,0 days 00:00:04.469077,42,0.6269193529696404,0.21433889234696413,False,14,COMPLETE
719,719,0.15571728109305188,0.10263262133710975,2024-05-16 11:37:37.979016,2024-05-16 11:37:41.725005,0 days 00:00:03.745989,72,0.10584642797957644,0.38884053796828555,False,14,COMPLETE
720,720,-0.121415950090521,0.12129596694137719,2024-05-16 11:37:41.726079,2024-05-16 11:37:44.884345,0 days 00:00:03.158266,99,0.47211576897097773,0.7921712658552167,False,14,COMPLETE
721,721,0.1225294129299761,0.10942677205827331,2024-05-16 11:37:44.885998,2024-05-16 11:37:49.624781,0 days 00:00:04.738783,42,0.9009857125307045,0.4218919131144234,False,14,COMPLETE
722,722,-0.21823907740918785,0.1329201264179229,2024-05-16 11:37:49.626775,2024-05-16 11:37:52.320091,0 days 00:00:02.693316,96,0.7949874873712804,0.43776005475302393,False,14,COMPLETE
723,723,0.07357206257064708,0.1119012133800148,2024-05-16 11:37:52.321272,2024-05-16 11:37:54.873850,0 days 00:00:02.552578,16,0.8963994392275162,0.4114277405311313,False,14,COMPLETE
724,724,-0.19758918055348493,0.11948262074405032,2024-05-16 11:37:54.874808,2024-05-16 11:37:58.303731,0 days 00:00:03.428923,52,0.8815382014493156,0.6201856047543517,False,14,COMPLETE
725,725,0.5011377134943436,0.08083679245802451,2024-05-16 11:37:58.305726,2024-05-16 11:38:02.768214,0 days 00:00:04.462488,45,0.925828675883483,0.941236161838664,False,14,COMPLETE
726,726,-0.3455668050274713,0.12897276905765268,2024-05-16 11:38:02.769212,2024-05-16 11:38:07.004409,0 days 00:00:04.235197,45,0.8815382014493156,0.6201856047543517,True,14,COMPLETE
727,727,-0.6629553348967214,0.1435027378788886,2024-05-16 11:38:07.006481,2024-05-16 11:38:10.729174,0 days 00:00:03.722693,52,0.8815382014493156,0.4114277405311313,False,14,COMPLETE
728,728,0.09602369156541576,0.11030539282293898,2024-05-16 11:38:10.731891,2024-05-16 11:38:15.900366,0 days 00:00:05.168475,51,0.8963994392275162,0.8378684152858481,False,14,COMPLETE
729,729,0.14680373694545876,0.1105026560332562,2024-05-16 11:38:15.902360,2024-05-16 11:38:24.268445,0 days 00:00:08.366085,99,0.7949874873712804,0.4114277405311313,True,14,COMPLETE
730,730,-0.2518566113174102,0.12494078238400293,2024-05-16 11:38:24.272808,2024-05-16 11:38:26.954136,0 days 00:00:02.681328,52,0.7949874873712804,0.21433889234696413,False,14,COMPLETE
731,731,-0.2946310857669259,0.12907818983093966,2024-05-16 11:38:26.958052,2024-05-16 11:38:32.311813,0 days 00:00:05.353761,49,0.7949874873712804,0.47947237433329726,True,14,COMPLETE
732,732,0.07001774568206609,0.11470773657184688,2024-05-16 11:38:32.312867,2024-05-16 11:38:35.633018,0 days 00:00:03.320151,85,0.8965634370266353,0.21433889234696413,True,14,COMPLETE
733,733,-3.0850410095602916,0.24679371304312178,2024-05-16 11:38:35.636419,2024-05-16 11:38:35.971871,0 days 00:00:00.335452,32,0.7949874873712804,0.7480351504743279,True,14,COMPLETE
734,734,-0.4620104716736469,0.13741786978625306,2024-05-16 11:38:35.974040,2024-05-16 11:38:39.055065,0 days 00:00:03.081025,85,0.8965634370266353,0.5209996630775343,False,14,COMPLETE
735,735,-0.3982745712190199,0.13004474134806077,2024-05-16 11:38:39.057060,2024-05-16 11:38:41.566717,0 days 00:00:02.509657,43,0.37378716337055506,0.21433889234696413,False,14,COMPLETE
736,736,0.4358306572317785,0.08638820406165607,2024-05-16 11:38:41.568712,2024-05-16 11:38:44.875104,0 days 00:00:03.306392,51,0.8815382014493156,0.6201856047543517,True,14,COMPLETE
737,737,-0.0709300643857399,0.12353382816119299,2024-05-16 11:38:44.878241,2024-05-16 11:38:48.752728,0 days 00:00:03.874487,64,0.8963994392275162,0.7354319252188086,False,14,COMPLETE
738,738,0.4730638628713503,0.0838366446518945,2024-05-16 11:38:48.753727,2024-05-16 11:38:53.870257,0 days 00:00:05.116530,51,0.7949874873712804,0.38884053796828555,False,14,COMPLETE
739,739,-0.6071479981473988,0.14482469588875854,2024-05-16 11:38:53.872252,2024-05-16 11:38:56.414829,0 days 00:00:02.542577,49,0.7949874873712804,0.43776005475302393,True,14,COMPLETE
740,740,0.17694407332150938,0.10209779372931989,2024-05-16 11:38:56.418209,2024-05-16 11:39:00.472093,0 days 00:00:04.053884,85,0.8965634370266353,0.4114277405311313,True,14,COMPLETE
741,741,-0.011090414401190985,0.11082291213291091,2024-05-16 11:39:00.474104,2024-05-16 11:39:04.185788,0 days 00:00:03.711684,49,0.7949874873712804,0.36060264397280317,False,14,COMPLETE
742,742,-0.21429534414197243,0.1277954568980651,2024-05-16 11:39:04.187779,2024-05-16 11:39:07.291319,0 days 00:00:03.103540,49,0.41000023268290275,0.6277642543082022,False,14,COMPLETE
743,743,-0.5919639365993852,0.14536614527917005,2024-05-16 11:39:07.293507,2024-05-16 11:39:10.507744,0 days 00:00:03.214237,52,0.17036961367224934,0.4218919131144234,True,14,COMPLETE
744,744,0.23351066815129826,0.10225198057260679,2024-05-16 11:39:10.509690,2024-05-16 11:39:14.676665,0 days 00:00:04.166975,51,0.6127370442950446,0.941236161838664,True,14,COMPLETE
745,745,-0.7368654614421702,0.15155719358167322,2024-05-16 11:39:14.678763,2024-05-16 11:39:18.498664,0 days 00:00:03.819901,44,0.9529713514881277,0.36060264397280317,True,14,COMPLETE
746,746,-0.16130545041222186,0.1178249720254887,2024-05-16 11:39:18.500659,2024-05-16 11:39:22.448811,0 days 00:00:03.948152,52,0.9459881710079635,0.36060264397280317,True,14,COMPLETE
747,747,0.04272722253275914,0.10708915334248614,2024-05-16 11:39:22.450804,2024-05-16 11:39:26.197666,0 days 00:00:03.746862,52,0.9630079157326831,0.7921712658552167,False,14,COMPLETE
748,748,-0.6925897577706908,0.1519460288156534,2024-05-16 11:39:26.199661,2024-05-16 11:39:28.097058,0 days 00:00:01.897397,85,0.8965634370266353,0.18773922746579486,True,14,COMPLETE
749,749,0.5547813158595154,0.07771258237991994,2024-05-16 11:39:28.099053,2024-05-16 11:39:32.058027,0 days 00:00:03.958974,52,0.7949874873712804,0.4218919131144234,False,14,COMPLETE
750,750,0.11817584141496626,0.11020373526115286,2024-05-16 11:39:32.060207,2024-05-16 11:39:34.549011,0 days 00:00:02.488804,45,0.7949874873712804,0.18664868874778784,True,15,COMPLETE
751,751,-1.8918789484047198,0.18913821311871554,2024-05-16 11:39:34.551005,2024-05-16 11:39:39.236846,0 days 00:00:04.685841,37,0.7949874873712804,0.427266155782526,False,15,COMPLETE
752,752,-0.8480015789098362,0.1562717436633423,2024-05-16 11:39:39.239872,2024-05-16 11:39:42.178800,0 days 00:00:02.938928,58,0.17980094477188402,0.7921712658552167,False,15,COMPLETE
753,753,0.4209057703721194,0.08985134700556763,2024-05-16 11:39:42.180858,2024-05-16 11:39:47.233981,0 days 00:00:05.053123,58,0.7949874873712804,0.6978632462505068,False,15,COMPLETE
754,754,-0.4549516002878272,0.13439524327873992,2024-05-16 11:39:47.235971,2024-05-16 11:39:50.520575,0 days 00:00:03.284604,45,0.8815382014493156,0.2614157657820565,True,15,COMPLETE
755,755,0.4360248909324735,0.08662232455618712,2024-05-16 11:39:50.522570,2024-05-16 11:39:56.458469,0 days 00:00:05.935899,58,0.8963994392275162,0.4114277405311313,True,15,COMPLETE
756,756,0.2203455233468373,0.10447100891033752,2024-05-16 11:39:56.461461,2024-05-16 11:40:00.984220,0 days 00:00:04.522759,85,0.8127156960799414,0.2437664235297886,False,15,COMPLETE
757,757,-0.45019979186066134,0.1429788857765217,2024-05-16 11:40:00.986215,2024-05-16 11:40:04.947453,0 days 00:00:03.961238,85,0.8963994392275162,0.4936424524366335,True,15,COMPLETE
758,758,0.36224778707009875,0.0893086299806807,2024-05-16 11:40:04.949448,2024-05-16 11:40:09.129862,0 days 00:00:04.180414,52,0.8815382014493156,0.21433889234696413,True,15,COMPLETE
759,759,-0.24406951998667692,0.12108470971932164,2024-05-16 11:40:09.132854,2024-05-16 11:40:13.493175,0 days 00:00:04.360321,32,0.6127370442950446,0.941236161838664,True,15,COMPLETE
760,760,-0.3240332560230825,0.12741079779962772,2024-05-16 11:40:13.495261,2024-05-16 11:40:16.850064,0 days 00:00:03.354803,99,0.8815382014493156,0.5214047373666215,False,15,COMPLETE
761,761,-0.08967767976533873,0.11745972981323591,2024-05-16 11:40:16.852060,2024-05-16 11:40:20.255794,0 days 00:00:03.403734,45,0.7949874873712804,0.4114277405311313,True,15,COMPLETE
762,762,-0.511294004933404,0.14203269394891346,2024-05-16 11:40:20.257789,2024-05-16 11:40:22.757509,0 days 00:00:02.499720,16,0.8965634370266353,0.6427526307363828,False,15,COMPLETE
763,763,-0.9922685710443009,0.17214200799677803,2024-05-16 11:40:22.759454,2024-05-16 11:40:25.418648,0 days 00:00:02.659194,58,0.2856137396984475,0.43776005475302393,False,15,COMPLETE
764,764,-0.09042356371780116,0.11766416757733673,2024-05-16 11:40:25.420643,2024-05-16 11:40:28.851149,0 days 00:00:03.430506,71,0.4714313261493004,0.7921712658552167,True,15,COMPLETE
765,765,-0.8837616286952871,0.1532724561265003,2024-05-16 11:40:28.853157,2024-05-16 11:40:32.469011,0 days 00:00:03.615854,34,0.4619146460990172,0.06693206732750656,False,15,COMPLETE
766,766,0.18927236138049355,0.10527853278071067,2024-05-16 11:40:32.470692,2024-05-16 11:40:37.382574,0 days 00:00:04.911882,51,0.7949874873712804,0.7921712658552167,False,15,COMPLETE
767,767,0.43472142353263943,0.08597709360051146,2024-05-16 11:40:37.384705,2024-05-16 11:40:41.456930,0 days 00:00:04.072225,85,0.7994070312033669,0.941236161838664,True,15,COMPLETE
768,768,-0.44298260245539395,0.1381332941126828,2024-05-16 11:40:41.459928,2024-05-16 11:40:43.571277,0 days 00:00:02.111349,98,0.7949874873712804,0.38884053796828555,False,15,COMPLETE
769,769,0.280341461785767,0.09344055079651634,2024-05-16 11:40:43.574088,2024-05-16 11:40:46.722766,0 days 00:00:03.148678,51,0.7949874873712804,0.7921712658552167,False,15,COMPLETE
770,770,-0.8562405529698125,0.1298628507677361,2024-05-16 11:40:46.725760,2024-05-16 11:40:49.544240,0 days 00:00:02.818480,49,0.6127370442950446,0.4114277405311313,True,15,COMPLETE
771,771,0.19442861812826265,0.10406130413163797,2024-05-16 11:40:49.547232,2024-05-16 11:40:54.016170,0 days 00:00:04.468938,52,0.7949874873712804,0.21433889234696413,False,15,COMPLETE
772,772,-0.2779101220250145,0.1325239916690703,2024-05-16 11:40:54.019162,2024-05-16 11:40:59.256868,0 days 00:00:05.237706,68,0.6127370442950446,0.941236161838664,True,15,COMPLETE
773,773,0.33412034088064624,0.09502446792428931,2024-05-16 11:40:59.258794,2024-05-16 11:41:04.148334,0 days 00:00:04.889540,49,0.8127156960799414,0.43776005475302393,True,15,COMPLETE
774,774,-0.24956085738204212,0.11341155741753409,2024-05-16 11:41:04.152432,2024-05-16 11:41:08.217882,0 days 00:00:04.065450,45,0.8631830985666323,0.7921712658552167,False,15,COMPLETE
775,775,-0.11362223695659382,0.1137967829457783,2024-05-16 11:41:08.221179,2024-05-16 11:41:13.439714,0 days 00:00:05.218535,51,0.8815382014493156,0.9942650952488297,True,15,COMPLETE
776,776,-0.5567699465043108,0.14358306955734101,2024-05-16 11:41:13.441834,2024-05-16 11:41:17.087806,0 days 00:00:03.645972,52,0.9159133098166118,0.4114277405311313,False,15,COMPLETE
777,777,-1.1230043709370972,0.15921074577490596,2024-05-16 11:41:17.089846,2024-05-16 11:41:20.485025,0 days 00:00:03.395179,45,0.8815382014493156,0.7921712658552167,True,15,COMPLETE
778,778,0.07568014039280913,0.10725484383097732,2024-05-16 11:41:20.487019,2024-05-16 11:41:26.075371,0 days 00:00:05.588352,52,0.8127156960799414,0.6156340061396348,False,15,COMPLETE
779,779,-0.22921773023465758,0.12457314778369592,2024-05-16 11:41:26.078438,2024-05-16 11:41:30.366040,0 days 00:00:04.287602,54,0.8963994392275162,0.4218919131144234,False,15,COMPLETE
780,780,-1.0593174225542827,0.17073043773510832,2024-05-16 11:41:30.367783,2024-05-16 11:41:34.657008,0 days 00:00:04.289225,58,0.6402268322940258,0.9942650952488297,False,15,COMPLETE
781,781,0.38579494234546396,0.0890145922374061,2024-05-16 11:41:34.658780,2024-05-16 11:41:41.130748,0 days 00:00:06.471968,49,0.8815382014493156,0.782144613445943,True,15,COMPLETE
782,782,-1.7891138882057,0.16342533691671723,2024-05-16 11:41:41.133789,2024-05-16 11:41:45.035954,0 days 00:00:03.902165,5,0.465962857471496,0.455990318131416,False,15,COMPLETE
783,783,0.5013344750240811,0.0827937222995893,2024-05-16 11:41:45.037949,2024-05-16 11:41:50.661085,0 days 00:00:05.623136,58,0.8963994392275162,0.6242254417917742,True,15,COMPLETE
784,784,-0.5257038188845612,0.12988250119445366,2024-05-16 11:41:50.665734,2024-05-16 11:41:54.247347,0 days 00:00:03.581613,45,0.7949874873712804,0.4218919131144234,False,15,COMPLETE
785,785,0.506792006278765,0.08129022306161002,2024-05-16 11:41:54.250339,2024-05-16 11:41:58.661857,0 days 00:00:04.411518,51,0.8815382014493156,0.21433889234696413,False,15,COMPLETE
786,786,-0.06631645250417514,0.11038579775255634,2024-05-16 11:41:58.664868,2024-05-16 11:42:03.220280,0 days 00:00:04.555412,85,0.8963994392275162,0.9919923595773488,True,15,COMPLETE
787,787,-1.196040162327805,0.17530229416753945,2024-05-16 11:42:03.223817,2024-05-16 11:42:04.630787,0 days 00:00:01.406970,51,0.7949874873712804,0.4114277405311313,False,15,COMPLETE
788,788,0.18364054622655474,0.10512780330732782,2024-05-16 11:42:04.632782,2024-05-16 11:42:08.611574,0 days 00:00:03.978792,52,0.8963994392275162,0.7921712658552167,False,15,COMPLETE
789,789,-0.26257022662486834,0.12404279690917427,2024-05-16 11:42:08.612798,2024-05-16 11:42:11.546382,0 days 00:00:02.933584,51,0.8815382014493156,0.9942650952488297,True,15,COMPLETE
790,790,0.1274725628753174,0.10992798951921641,2024-05-16 11:42:11.549374,2024-05-16 11:42:16.443788,0 days 00:00:04.894414,68,0.7949874873712804,0.21433889234696413,False,15,COMPLETE
791,791,-1.9826208361753395,0.20386425712384026,2024-05-16 11:42:16.445782,2024-05-16 11:42:17.780866,0 days 00:00:01.335084,24,0.8963994392275162,0.2902268043381627,True,15,COMPLETE
792,792,0.23542444658674824,0.10093208167019492,2024-05-16 11:42:17.784223,2024-05-16 11:42:22.633914,0 days 00:00:04.849691,51,0.8815382014493156,0.43776005475302393,True,15,COMPLETE
793,793,-0.07676564185762877,0.11834467112317526,2024-05-16 11:42:22.635898,2024-05-16 11:42:26.084027,0 days 00:00:03.448129,68,0.36697184678678674,0.4114277405311313,True,15,COMPLETE
794,794,-0.1326954766976162,0.12329569926970688,2024-05-16 11:42:26.086021,2024-05-16 11:42:27.884763,0 days 00:00:01.798742,52,0.23826562313032507,0.26229974716158844,False,15,COMPLETE
795,795,0.3848690231662027,0.09185680115779468,2024-05-16 11:42:27.886756,2024-05-16 11:42:31.816695,0 days 00:00:03.929939,85,0.6656823903614846,0.38884053796828555,True,15,COMPLETE
796,796,0.2793994697415533,0.09714527473276528,2024-05-16 11:42:31.819687,2024-05-16 11:42:36.444702,0 days 00:00:04.625015,68,0.7949874873712804,0.7921712658552167,False,15,COMPLETE
797,797,-0.23673471674858382,0.12629249844344304,2024-05-16 11:42:36.446812,2024-05-16 11:42:39.250694,0 days 00:00:02.803882,85,0.7949874873712804,0.673011082748771,False,15,COMPLETE
798,798,-0.9483816013424994,0.14512396649085385,2024-05-16 11:42:39.252753,2024-05-16 11:42:43.793043,0 days 00:00:04.540290,54,0.8963994392275162,0.4114277405311313,False,15,COMPLETE
799,799,0.45519555931347816,0.08273293177720016,2024-05-16 11:42:43.794647,2024-05-16 11:42:48.730842,0 days 00:00:04.936195,45,0.7949874873712804,0.4114277405311313,False,15,COMPLETE
800,800,0.26528731884465195,0.1000388598851242,2024-05-16 11:42:48.732839,2024-05-16 11:42:52.625910,0 days 00:00:03.893071,99,0.7949874873712804,0.8705001598068094,True,16,COMPLETE
801,801,-0.4916863827064878,0.11939320398290787,2024-05-16 11:42:52.627904,2024-05-16 11:42:55.559033,0 days 00:00:02.931129,32,0.15262263345615834,0.21433889234696413,True,16,COMPLETE
802,802,-1.2876355835853421,0.17988497344686305,2024-05-16 11:42:55.560918,2024-05-16 11:42:58.901801,0 days 00:00:03.340883,51,0.170680892236602,0.7921712658552167,False,16,COMPLETE
803,803,-0.3318167346136035,0.13938769764493056,2024-05-16 11:42:58.903200,2024-05-16 11:43:01.961723,0 days 00:00:03.058523,85,0.7949874873712804,0.38884053796828555,True,16,COMPLETE
804,804,0.28008065109468616,0.09217559923160136,2024-05-16 11:43:01.966086,2024-05-16 11:43:06.502987,0 days 00:00:04.536901,52,0.7949874873712804,0.7921712658552167,False,16,COMPLETE
805,805,0.189546072750979,0.1023688123277614,2024-05-16 11:43:06.508027,2024-05-16 11:43:10.987440,0 days 00:00:04.479413,48,0.7949874873712804,0.18664868874778784,False,16,COMPLETE
806,806,-0.4589342787304556,0.13098627916377842,2024-05-16 11:43:10.989470,2024-05-16 11:43:13.002890,0 days 00:00:02.013420,45,0.7949874873712804,0.7921712658552167,False,16,COMPLETE
807,807,-0.2744201908827176,0.13498848156342755,2024-05-16 11:43:13.005882,2024-05-16 11:43:16.067089,0 days 00:00:03.061207,87,0.6127370442950446,0.3758045758234425,True,16,COMPLETE
808,808,-0.22001116590166192,0.12723774169668417,2024-05-16 11:43:16.068226,2024-05-16 11:43:18.799914,0 days 00:00:02.731688,17,0.8963994392275162,0.7948479621519482,True,16,COMPLETE
809,809,0.3576608988459071,0.0915354022340584,2024-05-16 11:43:18.801911,2024-05-16 11:43:23.859866,0 days 00:00:05.057955,55,0.8963994392275162,0.6156340061396348,False,16,COMPLETE
810,810,-0.6066987297176606,0.14865782659372695,2024-05-16 11:43:23.861860,2024-05-16 11:43:28.233748,0 days 00:00:04.371888,45,0.8963994392275162,0.27370154448369965,False,16,COMPLETE
811,811,-0.35409253495146104,0.13478247325038845,2024-05-16 11:43:28.236741,2024-05-16 11:43:31.476107,0 days 00:00:03.239366,58,0.8723184037372226,0.08018101687561907,False,16,COMPLETE
812,812,-0.7004269817494888,0.12435383076864781,2024-05-16 11:43:31.478101,2024-05-16 11:43:34.538924,0 days 00:00:03.060823,51,0.8815382014493156,0.7921712658552167,False,16,COMPLETE
813,813,-1.0865355878338128,0.14499611440382745,2024-05-16 11:43:34.540919,2024-05-16 11:43:37.852268,0 days 00:00:03.311349,59,0.5011935867451268,0.43776005475302393,True,16,COMPLETE
814,814,-0.8694306000402449,0.16509558412176537,2024-05-16 11:43:37.854097,2024-05-16 11:43:39.519808,0 days 00:00:01.665711,23,0.6127370442950446,0.7921712658552167,True,16,COMPLETE
815,815,0.27291371715533036,0.09839378399132559,2024-05-16 11:43:39.521797,2024-05-16 11:43:43.807962,0 days 00:00:04.286165,42,0.7949874873712804,0.43776005475302393,True,16,COMPLETE
816,816,-0.18580101652060038,0.1267314941888699,2024-05-16 11:43:43.809957,2024-05-16 11:43:46.274212,0 days 00:00:02.464255,85,0.8965634370266353,0.7594096271464387,True,16,COMPLETE
817,817,0.424547629083465,0.0863820269764631,2024-05-16 11:43:46.276027,2024-05-16 11:43:50.580500,0 days 00:00:04.304473,52,0.8127156960799414,0.4835392977096684,False,16,COMPLETE
818,818,-0.00020849261574686916,0.12141368415132794,2024-05-16 11:43:50.582519,2024-05-16 11:43:53.633937,0 days 00:00:03.051418,85,0.8963994392275162,0.21433889234696413,False,16,COMPLETE
819,819,0.1366531371962239,0.10197582436066255,2024-05-16 11:43:53.635932,2024-05-16 11:43:57.144896,0 days 00:00:03.508964,49,0.3875100864670237,0.38232870977785216,False,16,COMPLETE
820,820,0.3103115367879596,0.09557631588369583,2024-05-16 11:43:57.145907,2024-05-16 11:44:01.079014,0 days 00:00:03.933107,45,0.7949874873712804,0.941236161838664,False,16,COMPLETE
821,821,0.3615117442801498,0.0945595075667983,2024-05-16 11:44:01.081009,2024-05-16 11:44:06.712253,0 days 00:00:05.631244,52,0.8963994392275162,0.4114277405311313,False,16,COMPLETE
822,822,-1.4546190639936136,0.178046863582392,2024-05-16 11:44:06.714415,2024-05-16 11:44:08.786185,0 days 00:00:02.071770,45,0.8965634370266353,0.36060264397280317,False,16,COMPLETE
823,823,-0.4627396789625028,0.13815909920648503,2024-05-16 11:44:08.788179,2024-05-16 11:44:11.820102,0 days 00:00:03.031923,52,0.8963994392275162,0.02188127673792173,False,16,COMPLETE
824,824,-0.19164286104252876,0.11688493938830188,2024-05-16 11:44:11.822036,2024-05-16 11:44:15.199907,0 days 00:00:03.377871,32,0.7949874873712804,0.6696352215315441,True,16,COMPLETE
825,825,0.1423851701385067,0.10291490377271684,2024-05-16 11:44:15.201910,2024-05-16 11:44:18.027742,0 days 00:00:02.825832,52,0.7949874873712804,0.5840190821595233,False,16,COMPLETE
