,number,values_0,values_1,datetime_start,datetime_complete,duration,params_dim,params_window_length,system_attrs_nsga2:generation,state
762,762,-0.314696001031045,0.12289815021555243,2024-05-10 17:23:46.819443,2024-05-10 17:23:47.538863,0 days 00:00:00.719420,3,192,15,COMPLETE
763,763,-0.18006818061680083,0.10659637657086651,2024-05-10 17:23:47.545917,2024-05-10 17:23:49.925412,0 days 00:00:02.379495,5,132,15,COMPLETE
764,764,-1.3894751253681974,0.18666505682988194,2024-05-10 17:23:49.930524,2024-05-10 17:23:57.031841,0 days 00:00:07.101317,69,161,15,COMPLETE
765,765,-1.4229733277112373,0.16979065804676052,2024-05-10 17:23:57.034843,2024-05-10 17:24:03.180990,0 days 00:00:06.146147,54,32,15,COMPLETE
766,766,-0.1408250877346327,0.10800701559283951,2024-05-10 17:24:03.188950,2024-05-10 17:24:04.896874,0 days 00:00:01.707924,5,86,15,COMPLETE
767,767,-0.6265307487495878,0.1513950917545898,2024-05-10 17:24:04.896874,2024-05-10 17:24:07.829933,0 days 00:00:02.933059,15,203,15,COMPLETE
768,768,-0.5595525457888282,0.12029632451493184,2024-05-10 17:24:07.834920,2024-05-10 17:24:11.893072,0 days 00:00:04.058152,5,127,15,COMPLETE
769,769,-1.2177159599415819,0.1677617672140215,2024-05-10 17:24:11.898965,2024-05-10 17:24:18.258310,0 days 00:00:06.359345,25,128,15,COMPLETE
770,770,-0.3208459268510023,0.11029483119004695,2024-05-10 17:24:18.275387,2024-05-10 17:24:21.965189,0 days 00:00:03.689802,3,206,15,COMPLETE
771,771,-0.28428268589650096,0.10801016828745529,2024-05-10 17:24:21.965189,2024-05-10 17:24:23.744197,0 days 00:00:01.779008,3,41,15,COMPLETE
772,772,-1.2104154407163963,0.15953272838210913,2024-05-10 17:24:23.748122,2024-05-10 17:24:31.351380,0 days 00:00:07.603258,38,40,15,COMPLETE
773,773,-0.11781100320174728,0.10603818396689542,2024-05-10 17:24:31.352412,2024-05-10 17:24:34.426159,0 days 00:00:03.073747,5,45,15,COMPLETE
774,774,-0.2918446094899866,0.11425015942395537,2024-05-10 17:24:34.433613,2024-05-10 17:24:38.353919,0 days 00:00:03.920306,5,132,15,COMPLETE
775,775,-1.6136787618533357,0.17460594410400304,2024-05-10 17:24:38.358871,2024-05-10 17:24:45.399976,0 days 00:00:07.041105,54,150,15,COMPLETE
776,776,-0.23649986103807574,0.11176012878012916,2024-05-10 17:24:45.406938,2024-05-10 17:24:46.501615,0 days 00:00:01.094677,3,100,15,COMPLETE
777,777,-0.28279214848315615,0.11758057767545327,2024-05-10 17:24:46.510309,2024-05-10 17:24:49.896015,0 days 00:00:03.385706,5,78,15,COMPLETE
778,778,-0.7413243933509774,0.1609679637564878,2024-05-10 17:24:49.897012,2024-05-10 17:24:58.555102,0 days 00:00:08.658090,41,24,15,COMPLETE
779,779,-1.1235390065130768,0.1721152604092096,2024-05-10 17:24:58.570364,2024-05-10 17:25:02.042799,0 days 00:00:03.472435,72,45,15,COMPLETE
780,780,-2.428729799200109,0.1900156915724973,2024-05-10 17:25:02.047069,2024-05-10 17:25:10.907763,0 days 00:00:08.860694,5,6,15,COMPLETE
781,781,-0.2222561487321028,0.11470414562165494,2024-05-10 17:25:10.912902,2024-05-10 17:25:12.070489,0 days 00:00:01.157587,5,110,15,COMPLETE
782,782,-1.9950398429672138,0.19835316337474887,2024-05-10 17:25:12.070489,2024-05-10 17:25:18.318012,0 days 00:00:06.247523,74,38,15,COMPLETE
783,783,-0.2731447931032517,0.13028610822395056,2024-05-10 17:25:18.318012,2024-05-10 17:25:23.771785,0 days 00:00:05.453773,73,6,15,COMPLETE
784,784,-0.6115902683230269,0.1463140708900615,2024-05-10 17:25:23.778344,2024-05-10 17:25:31.820616,0 days 00:00:08.042272,58,132,15,COMPLETE
785,785,-0.9345615752910732,0.1583320182366496,2024-05-10 17:25:31.824006,2024-05-10 17:25:37.038054,0 days 00:00:05.214048,52,107,15,COMPLETE
786,786,-0.2808530727793774,0.12001680950147109,2024-05-10 17:25:37.051692,2024-05-10 17:25:38.050858,0 days 00:00:00.999166,5,121,15,COMPLETE
787,787,-0.7421393281363463,0.1545631131002348,2024-05-10 17:25:38.054293,2024-05-10 17:25:43.719271,0 days 00:00:05.664978,85,118,15,COMPLETE
788,788,-0.20652062983094574,0.11276973983567136,2024-05-10 17:25:43.729762,2024-05-10 17:25:47.250208,0 days 00:00:03.520446,5,146,15,COMPLETE
789,789,-0.6112789576254505,0.1511854687390309,2024-05-10 17:25:47.250208,2024-05-10 17:25:49.777977,0 days 00:00:02.527769,18,203,15,COMPLETE
790,790,-0.10846878905198025,0.10716893706564856,2024-05-10 17:25:49.782902,2024-05-10 17:25:54.813370,0 days 00:00:05.030468,6,144,15,COMPLETE
791,791,-1.3445998178754877,0.18822790928424454,2024-05-10 17:25:54.813370,2024-05-10 17:25:59.793556,0 days 00:00:04.980186,56,146,15,COMPLETE
792,792,-0.20635862222147844,0.1091747200775747,2024-05-10 17:25:59.797811,2024-05-10 17:26:01.187545,0 days 00:00:01.389734,4,110,15,COMPLETE
793,793,-0.4299121729336507,0.13907707754005916,2024-05-10 17:26:01.192742,2024-05-10 17:26:05.621562,0 days 00:00:04.428820,44,162,15,COMPLETE
794,794,-0.3003485171023506,0.12072039470479656,2024-05-10 17:26:05.626007,2024-05-10 17:26:07.563706,0 days 00:00:01.937699,4,113,15,COMPLETE
795,795,-0.5206574530523389,0.1487324690958848,2024-05-10 17:26:07.567695,2024-05-10 17:26:09.984876,0 days 00:00:02.417181,16,111,15,COMPLETE
796,796,-0.16319314684912078,0.11156055192728358,2024-05-10 17:26:09.989668,2024-05-10 17:26:11.079850,0 days 00:00:01.090182,5,142,15,COMPLETE
797,797,-0.2848481802166755,0.11118291383566344,2024-05-10 17:26:11.085373,2024-05-10 17:26:12.167074,0 days 00:00:01.081701,3,158,15,COMPLETE
798,798,-0.2588492213619119,0.11570015615987086,2024-05-10 17:26:12.171486,2024-05-10 17:26:15.431288,0 days 00:00:03.259802,5,78,15,COMPLETE
799,799,-2.244045983396507,0.18333888025721704,2024-05-10 17:26:15.436231,2024-05-10 17:26:24.116581,0 days 00:00:08.680350,5,5,15,COMPLETE
800,800,-0.19811112326305955,0.11231956722913676,2024-05-10 17:26:24.120946,2024-05-10 17:26:27.107298,0 days 00:00:02.986352,5,158,16,COMPLETE
801,801,-1.245607201670392,0.18253705115628285,2024-05-10 17:26:27.114164,2024-05-10 17:26:32.147832,0 days 00:00:05.033668,82,110,16,COMPLETE
802,802,-0.5318598034346005,0.15462752603429855,2024-05-10 17:26:32.158663,2024-05-10 17:26:33.880280,0 days 00:00:01.721617,16,77,16,COMPLETE
803,803,-0.16089371277044048,0.11472483398509511,2024-05-10 17:26:33.892793,2024-05-10 17:26:37.604645,0 days 00:00:03.711852,6,144,16,COMPLETE
804,804,-0.585674367113467,0.1468666371023075,2024-05-10 17:26:37.609779,2024-05-10 17:26:39.960916,0 days 00:00:02.351137,12,172,16,COMPLETE
805,805,-3.1536436819548803,0.2255641075558808,2024-05-10 17:26:39.965212,2024-05-10 17:26:48.807300,0 days 00:00:08.842088,37,84,16,COMPLETE
806,806,-0.2700385511982417,0.13383219440242916,2024-05-10 17:26:48.813091,2024-05-10 17:26:51.806282,0 days 00:00:02.993191,14,111,16,COMPLETE
807,807,-0.3381906496544382,0.11749561006267903,2024-05-10 17:26:51.821980,2024-05-10 17:26:54.054526,0 days 00:00:02.232546,3,78,16,COMPLETE
808,808,-0.19381033133976536,0.1075782976768106,2024-05-10 17:26:54.059915,2024-05-10 17:26:55.238064,0 days 00:00:01.178149,3,103,16,COMPLETE
809,809,-1.1618317057418028,0.17462236484267676,2024-05-10 17:26:55.244977,2024-05-10 17:27:00.058468,0 days 00:00:04.813491,72,6,16,COMPLETE
810,810,-0.5309389645194816,0.15473013697215654,2024-05-10 17:27:00.063504,2024-05-10 17:27:01.384775,0 days 00:00:01.321271,15,146,16,COMPLETE
811,811,-0.12337226387830738,0.10234497515363913,2024-05-10 17:27:01.390563,2024-05-10 17:27:03.447762,0 days 00:00:02.057199,5,91,16,COMPLETE
812,812,-0.23339002531988912,0.11338222612094591,2024-05-10 17:27:03.454881,2024-05-10 17:27:04.544040,0 days 00:00:01.089159,3,206,16,COMPLETE
813,813,-24.33005950939758,0.29863123263966396,2024-05-10 17:27:04.550151,2024-05-10 17:27:06.255424,0 days 00:00:01.705273,6,85,16,COMPLETE
814,814,-0.9852952651575355,0.16129427457985085,2024-05-10 17:27:06.259414,2024-05-10 17:27:11.102304,0 days 00:00:04.842890,84,186,16,COMPLETE
815,815,-0.3297341695606723,0.1049018163001437,2024-05-10 17:27:11.108285,2024-05-10 17:27:17.360488,0 days 00:00:06.252203,5,188,16,COMPLETE
816,816,-1.3759846042118888,0.17346205315139673,2024-05-10 17:27:17.365473,2024-05-10 17:27:22.580423,0 days 00:00:05.214950,33,169,16,COMPLETE
817,817,-0.2749394538743543,0.11041765155808436,2024-05-10 17:27:22.585407,2024-05-10 17:27:23.758913,0 days 00:00:01.173506,3,128,16,COMPLETE
818,818,-1.7129625258083252,0.20583517814555785,2024-05-10 17:27:23.762823,2024-05-10 17:27:27.160209,0 days 00:00:03.397386,69,110,16,COMPLETE
819,819,-0.22356245773179578,0.10720698545763599,2024-05-10 17:27:27.164163,2024-05-10 17:27:29.175409,0 days 00:00:02.011246,5,110,16,COMPLETE
820,820,-0.4944489653820144,0.11942378440592294,2024-05-10 17:27:29.179801,2024-05-10 17:27:31.104880,0 days 00:00:01.925079,5,159,16,COMPLETE
821,821,-3.6074191886885734,0.23987336421171776,2024-05-10 17:27:31.105620,2024-05-10 17:27:40.495646,0 days 00:00:09.390026,25,38,16,COMPLETE
822,822,-0.3574691959821656,0.11650555334893382,2024-05-10 17:27:40.500834,2024-05-10 17:27:42.751547,0 days 00:00:02.250713,5,41,16,COMPLETE
823,823,-0.8766452522981766,0.15363549266166587,2024-05-10 17:27:42.755687,2024-05-10 17:27:53.277471,0 days 00:00:10.521784,81,38,16,COMPLETE
824,824,-1.4162049790487086,0.17766618044453603,2024-05-10 17:27:53.282516,2024-05-10 17:28:01.707977,0 days 00:00:08.425461,73,158,16,COMPLETE
825,825,-0.22019253256236163,0.11395309255248531,2024-05-10 17:28:01.713772,2024-05-10 17:28:03.440548,0 days 00:00:01.726776,5,78,16,COMPLETE
826,826,-0.5901000806533739,0.1495909435709168,2024-05-10 17:28:03.446385,2024-05-10 17:28:12.235738,0 days 00:00:08.789353,86,6,16,COMPLETE
827,827,-0.5737758902792954,0.1555627978001624,2024-05-10 17:28:12.235738,2024-05-10 17:28:13.726181,0 days 00:00:01.490443,11,203,16,COMPLETE
828,828,-0.4850400264573126,0.14129204681184743,2024-05-10 17:28:13.730598,2024-05-10 17:28:18.165395,0 days 00:00:04.434797,29,201,16,COMPLETE
829,829,-1.747832740360457,0.19697082955824535,2024-05-10 17:28:18.169836,2024-05-10 17:28:21.963590,0 days 00:00:03.793754,78,107,16,COMPLETE
830,830,-0.2192153724911349,0.11041242153773098,2024-05-10 17:28:21.967578,2024-05-10 17:28:24.039551,0 days 00:00:02.071973,4,146,16,COMPLETE
831,831,-2.0157445696658214,0.21147172963672917,2024-05-10 17:28:24.043990,2024-05-10 17:28:26.763832,0 days 00:00:02.719842,45,110,16,COMPLETE
832,832,-1.7378273084816445,0.20523058937409697,2024-05-10 17:28:26.770824,2024-05-10 17:28:31.134656,0 days 00:00:04.363832,99,189,16,COMPLETE
833,833,-0.141867985253388,0.10884094059299002,2024-05-10 17:28:31.139211,2024-05-10 17:28:32.821134,0 days 00:00:01.681923,5,118,16,COMPLETE
834,834,-0.9958632269949319,0.16986832810927063,2024-05-10 17:28:32.825745,2024-05-10 17:28:39.672595,0 days 00:00:06.846850,81,128,16,COMPLETE
835,835,-0.48472241276761496,0.1431104772295416,2024-05-10 17:28:39.681160,2024-05-10 17:28:45.111293,0 days 00:00:05.430133,72,6,16,COMPLETE
836,836,-0.2513091836608932,0.11923807583763513,2024-05-10 17:28:45.120854,2024-05-10 17:28:48.019880,0 days 00:00:02.899026,6,123,16,COMPLETE
837,837,-0.8457526123116651,0.15985830166179588,2024-05-10 17:28:48.029542,2024-05-10 17:28:52.144376,0 days 00:00:04.114834,44,110,16,COMPLETE
838,838,-0.29383108780085715,0.12007327907461156,2024-05-10 17:28:52.149040,2024-05-10 17:28:53.883914,0 days 00:00:01.734874,5,28,16,COMPLETE
839,839,-1.8523702320870938,0.19429231556877896,2024-05-10 17:28:53.899623,2024-05-10 17:28:58.748423,0 days 00:00:04.848800,75,191,16,COMPLETE
840,840,-0.16847804524618498,0.10496516044005891,2024-05-10 17:28:58.748423,2024-05-10 17:29:03.021469,0 days 00:00:04.273046,5,160,16,COMPLETE
841,841,-0.458398667176413,0.11673011331279073,2024-05-10 17:29:03.024462,2024-05-10 17:29:06.365852,0 days 00:00:03.341390,3,15,16,COMPLETE
842,842,-0.2156817332374413,0.10312137897872183,2024-05-10 17:29:06.372869,2024-05-10 17:29:07.978492,0 days 00:00:01.605623,5,85,16,COMPLETE
843,843,-0.8355336016573398,0.16076882862302866,2024-05-10 17:29:07.982362,2024-05-10 17:29:11.462251,0 days 00:00:03.479889,71,190,16,COMPLETE
844,844,-0.1262867251571682,0.10515219217802856,2024-05-10 17:29:11.476856,2024-05-10 17:29:14.886378,0 days 00:00:03.409522,5,201,16,COMPLETE
845,845,-2.6741214810396463,0.20759127757385012,2024-05-10 17:29:14.890914,2024-05-10 17:29:21.283042,0 days 00:00:06.392128,45,38,16,COMPLETE
846,846,-1.0703205364084396,0.1724673824115028,2024-05-10 17:29:21.286613,2024-05-10 17:29:25.239124,0 days 00:00:03.952511,76,111,16,COMPLETE
847,847,-1.1971934583813866,0.17586210491684684,2024-05-10 17:29:25.243206,2024-05-10 17:29:29.268638,0 days 00:00:04.025432,80,140,16,COMPLETE
848,848,-1.824021973615288,0.1972228037875136,2024-05-10 17:29:29.273162,2024-05-10 17:29:31.467223,0 days 00:00:02.194061,90,48,16,COMPLETE
849,849,-4.302620731437033,0.24005092204199996,2024-05-10 17:29:31.474181,2024-05-10 17:29:36.681006,0 days 00:00:05.206825,5,6,16,COMPLETE
850,850,-0.2785003393727161,0.11453601765811883,2024-05-10 17:29:36.682257,2024-05-10 17:29:37.212854,0 days 00:00:00.530597,3,156,17,COMPLETE
851,851,-0.9522901603516891,0.15663010658624216,2024-05-10 17:29:37.214530,2024-05-10 17:29:39.148661,0 days 00:00:01.934131,56,197,17,COMPLETE
852,852,-0.3089121021879208,0.11214897000777575,2024-05-10 17:29:39.153166,2024-05-10 17:29:40.369105,0 days 00:00:01.215939,3,192,17,COMPLETE
853,853,-0.23476214965291095,0.11062798744034878,2024-05-10 17:29:40.372150,2024-05-10 17:29:41.579586,0 days 00:00:01.207436,5,85,17,COMPLETE
854,854,-0.4003802834988372,0.1189770955286265,2024-05-10 17:29:41.583343,2024-05-10 17:29:43.082296,0 days 00:00:01.498953,5,201,17,COMPLETE
855,855,-3.579956218404287,0.22216680376751366,2024-05-10 17:29:43.082296,2024-05-10 17:29:49.400754,0 days 00:00:06.318458,65,110,17,COMPLETE
856,856,-0.35132053726543805,0.11368355642544478,2024-05-10 17:29:49.408308,2024-05-10 17:29:51.936470,0 days 00:00:02.528162,5,158,17,COMPLETE
857,857,-0.39756189042579065,0.11642635699574862,2024-05-10 17:29:51.943238,2024-05-10 17:29:54.890117,0 days 00:00:02.946879,5,86,17,COMPLETE
858,858,-0.9607610711895388,0.1537498681632355,2024-05-10 17:29:54.894085,2024-05-10 17:30:01.071968,0 days 00:00:06.177883,47,41,17,COMPLETE
859,859,-9.271170353360976,0.31180821439529605,2024-05-10 17:30:01.071968,2024-05-10 17:30:03.436355,0 days 00:00:02.364387,33,32,17,COMPLETE
860,860,-0.23566441832086188,0.11578392631241977,2024-05-10 17:30:03.446366,2024-05-10 17:30:04.513049,0 days 00:00:01.066683,5,142,17,COMPLETE
861,861,-0.26517131601010513,0.10247349605068905,2024-05-10 17:30:04.519283,2024-05-10 17:30:06.847006,0 days 00:00:02.327723,5,138,17,COMPLETE
862,862,-1.005165512443441,0.16442594347612507,2024-05-10 17:30:06.853676,2024-05-10 17:30:11.124598,0 days 00:00:04.270922,42,158,17,COMPLETE
863,863,-1.668946139689087,0.1862313954175882,2024-05-10 17:30:11.129345,2024-05-10 17:30:21.122672,0 days 00:00:09.993327,47,96,17,COMPLETE
864,864,-0.9490563124027414,0.1600346991570332,2024-05-10 17:30:21.125756,2024-05-10 17:30:23.977272,0 days 00:00:02.851516,14,91,17,COMPLETE
865,865,-0.3737049454424059,0.137246489060719,2024-05-10 17:30:23.981335,2024-05-10 17:30:25.209971,0 days 00:00:01.228636,16,191,17,COMPLETE
866,866,-0.9081262771878542,0.1612301310130057,2024-05-10 17:30:25.216299,2024-05-10 17:30:34.082053,0 days 00:00:08.865754,99,164,17,COMPLETE
867,867,-2.245571085794656,0.18958348811199494,2024-05-10 17:30:34.086999,2024-05-10 17:30:37.837854,0 days 00:00:03.750855,34,24,17,COMPLETE
868,868,-1.1967542054609284,0.14377099316651523,2024-05-10 17:30:37.837854,2024-05-10 17:30:43.427411,0 days 00:00:05.589557,5,158,17,COMPLETE
869,869,-0.8794607424430966,0.16612056606283135,2024-05-10 17:30:43.431261,2024-05-10 17:30:50.915315,0 days 00:00:07.484054,78,72,17,COMPLETE
870,870,-0.6753119236101172,0.15077527418474063,2024-05-10 17:30:50.920432,2024-05-10 17:30:57.154150,0 days 00:00:06.233718,44,5,17,COMPLETE
871,871,-0.565272773365205,0.12445148109965327,2024-05-10 17:30:57.154150,2024-05-10 17:31:01.918943,0 days 00:00:04.764793,5,41,17,COMPLETE
872,872,-1.292684750383869,0.18185489624698575,2024-05-10 17:31:01.918943,2024-05-10 17:31:07.256354,0 days 00:00:05.337411,43,201,17,COMPLETE
873,873,-0.3430236264598351,0.13666846475778183,2024-05-10 17:31:07.260694,2024-05-10 17:31:10.115104,0 days 00:00:02.854410,8,21,17,COMPLETE
874,874,-1.428111843217546,0.18534491969389,2024-05-10 17:31:10.121467,2024-05-10 17:31:16.687161,0 days 00:00:06.565694,35,95,17,COMPLETE
875,875,-0.2821247041245277,0.11139363617031464,2024-05-10 17:31:16.696639,2024-05-10 17:31:18.212684,0 days 00:00:01.516045,5,114,17,COMPLETE
876,876,-1.0723966688317794,0.16744162012848554,2024-05-10 17:31:18.216397,2024-05-10 17:31:19.652577,0 days 00:00:01.436180,58,110,17,COMPLETE
877,877,-0.36164266052575444,0.11696511406771049,2024-05-10 17:31:19.652577,2024-05-10 17:31:20.653283,0 days 00:00:01.000706,3,132,17,COMPLETE
878,878,-0.2267010527586204,0.1061074399428165,2024-05-10 17:31:20.661371,2024-05-10 17:31:22.642669,0 days 00:00:01.981298,5,117,17,COMPLETE
879,879,-0.3749618939478267,0.11439770119995726,2024-05-10 17:31:22.642669,2024-05-10 17:31:27.615707,0 days 00:00:04.973038,7,66,17,COMPLETE
880,880,-0.7198147672939161,0.14459445305932486,2024-05-10 17:31:27.622627,2024-05-10 17:31:31.452916,0 days 00:00:03.830289,52,130,17,COMPLETE
881,881,-0.25765946959623276,0.11581434681870344,2024-05-10 17:31:31.456855,2024-05-10 17:31:33.790263,0 days 00:00:02.333408,5,115,17,COMPLETE
882,882,-0.5344508255474303,0.1465082607779469,2024-05-10 17:31:33.794452,2024-05-10 17:31:37.844524,0 days 00:00:04.050072,16,7,17,COMPLETE
883,883,-2.1687912525201667,0.19580028328045063,2024-05-10 17:31:37.852578,2024-05-10 17:31:44.350954,0 days 00:00:06.498376,33,74,17,COMPLETE
884,884,-0.23024424611903024,0.11055555457477029,2024-05-10 17:31:44.354758,2024-05-10 17:31:46.607217,0 days 00:00:02.252459,5,78,17,COMPLETE
885,885,-0.9042482498354,0.15785836317126128,2024-05-10 17:31:46.616298,2024-05-10 17:31:50.098378,0 days 00:00:03.482080,72,88,17,COMPLETE
886,886,-1.1415556052498033,0.17629585310087373,2024-05-10 17:31:50.098378,2024-05-10 17:31:54.620301,0 days 00:00:04.521923,50,168,17,COMPLETE
887,887,-0.1426847046980364,0.10295204246076921,2024-05-10 17:31:54.630038,2024-05-10 17:31:55.636492,0 days 00:00:01.006454,5,85,17,COMPLETE
888,888,-1.015831788442004,0.15849633034318117,2024-05-10 17:31:55.640680,2024-05-10 17:32:01.399592,0 days 00:00:05.758912,93,201,17,COMPLETE
889,889,-3.331483316980473,0.2240923364165881,2024-05-10 17:32:01.400621,2024-05-10 17:32:02.891744,0 days 00:00:01.491123,43,149,17,COMPLETE
890,890,-1.9830360357553083,0.20232076528613785,2024-05-10 17:32:02.899108,2024-05-10 17:32:07.014100,0 days 00:00:04.114992,70,42,17,COMPLETE
891,891,-0.12572207536248198,0.10597452022979956,2024-05-10 17:32:07.019258,2024-05-10 17:32:08.031054,0 days 00:00:01.011796,5,55,17,COMPLETE
892,892,-0.1602795362004293,0.10256111864146959,2024-05-10 17:32:08.036991,2024-05-10 17:32:09.513723,0 days 00:00:01.476732,4,91,17,COMPLETE
893,893,-0.1652438746128054,0.1116061449403741,2024-05-10 17:32:09.523743,2024-05-10 17:32:10.512317,0 days 00:00:00.988574,6,59,17,COMPLETE
894,894,-0.9658852111819124,0.1592225705366634,2024-05-10 17:32:10.516306,2024-05-10 17:32:19.142758,0 days 00:00:08.626452,60,139,17,COMPLETE
895,895,-0.23134098199672612,0.11521473200273395,2024-05-10 17:32:19.152441,2024-05-10 17:32:21.291933,0 days 00:00:02.139492,5,201,17,COMPLETE
896,896,-0.16668912566723745,0.10885970175536482,2024-05-10 17:32:21.296878,2024-05-10 17:32:24.297745,0 days 00:00:03.000867,5,86,17,COMPLETE
897,897,-0.38385001942486957,0.12260257856302256,2024-05-10 17:32:24.302366,2024-05-10 17:32:25.340053,0 days 00:00:01.037687,5,99,17,COMPLETE
898,898,-0.8919678421463919,0.16150577878704364,2024-05-10 17:32:25.340053,2024-05-10 17:32:27.055883,0 days 00:00:01.715830,16,82,17,COMPLETE
899,899,-1.8165329562279304,0.19975734879530144,2024-05-10 17:32:27.056879,2024-05-10 17:32:34.027706,0 days 00:00:06.970827,59,110,17,COMPLETE
900,900,-1.6334845579478234,0.1869275438609308,2024-05-10 17:32:34.035259,2024-05-10 17:32:40.453883,0 days 00:00:06.418624,31,110,18,COMPLETE
901,901,-0.367612098570568,0.11149409522919533,2024-05-10 17:32:40.458468,2024-05-10 17:32:43.015616,0 days 00:00:02.557148,5,201,18,COMPLETE
902,902,-0.9725224352023375,0.14060645930756732,2024-05-10 17:32:43.016508,2024-05-10 17:32:44.373709,0 days 00:00:01.357201,5,191,18,COMPLETE
903,903,-0.27130910029700306,0.11771924260961997,2024-05-10 17:32:44.377416,2024-05-10 17:32:45.872536,0 days 00:00:01.495120,5,116,18,COMPLETE
904,904,-0.23692977812050114,0.13371017192404894,2024-05-10 17:32:45.876378,2024-05-10 17:32:48.921227,0 days 00:00:03.044849,13,78,18,COMPLETE
905,905,-0.8989233132309357,0.15971076628996717,2024-05-10 17:32:48.932083,2024-05-10 17:32:53.185828,0 days 00:00:04.253745,98,7,18,COMPLETE
906,906,-2.157661383316421,0.20971912717606317,2024-05-10 17:32:53.193320,2024-05-10 17:32:57.475869,0 days 00:00:04.282549,92,85,18,COMPLETE
907,907,-0.6663758774862921,0.1530192856679972,2024-05-10 17:32:57.475869,2024-05-10 17:33:02.715993,0 days 00:00:05.240124,53,88,18,COMPLETE
908,908,-0.22938332334076109,0.10586034266314796,2024-05-10 17:33:02.721785,2024-05-10 17:33:03.699782,0 days 00:00:00.977997,3,86,18,COMPLETE
909,909,-0.26547230240739933,0.11332780073519833,2024-05-10 17:33:03.701775,2024-05-10 17:33:06.038645,0 days 00:00:02.336870,5,63,18,COMPLETE
910,910,-0.9502908384246641,0.1405973653955743,2024-05-10 17:33:06.046383,2024-05-10 17:33:10.694766,0 days 00:00:04.648383,5,66,18,COMPLETE
911,911,-0.24542521374750378,0.11361097363413249,2024-05-10 17:33:10.703252,2024-05-10 17:33:11.852800,0 days 00:00:01.149548,5,107,18,COMPLETE
912,912,-1.1662312553342122,0.16571673623974897,2024-05-10 17:33:11.860827,2024-05-10 17:33:16.933755,0 days 00:00:05.072928,75,53,18,COMPLETE
913,913,-0.3352504138553323,0.11536108054818703,2024-05-10 17:33:16.941974,2024-05-10 17:33:18.083384,0 days 00:00:01.141410,5,86,18,COMPLETE
