,number,values_0,values_1,datetime_start,datetime_complete,duration,params_dim,params_window_length,system_attrs_nsga2:generation,state
0,0,-21.439081212789482,9.479624306283886e-05,2024-05-16 12:30:03.030628,2024-05-16 12:30:05.258536,0 days 00:00:02.227908,64,27,0,COMPLETE
1,1,-28.064626488075703,0.00010726813859841052,2024-05-16 12:30:05.260527,2024-05-16 12:30:07.529380,0 days 00:00:02.268853,76,213,0,COMPLETE
2,2,-19.327803964264042,9.090079577031359e-05,2024-05-16 12:30:07.536249,2024-05-16 12:30:09.778488,0 days 00:00:02.242239,52,109,0,COMPLETE
3,3,-1091.2336383254165,0.0003812155356488319,2024-05-16 12:30:09.781680,2024-05-16 12:30:12.122928,0 days 00:00:02.341248,76,143,0,COMPLETE
4,4,-6.8646172942914685,5.607124943448951e-05,2024-05-16 12:30:12.123946,2024-05-16 12:30:14.509607,0 days 00:00:02.385661,29,52,0,COMPLETE
5,5,-19.794867768788784,8.684145324508513e-05,2024-05-16 12:30:14.513944,2024-05-16 12:30:17.215836,0 days 00:00:02.701892,60,175,0,COMPLETE
6,6,-9.277151329257737,6.396477227283584e-05,2024-05-16 12:30:17.219298,2024-05-16 12:30:19.727198,0 days 00:00:02.507900,30,56,0,COMPLETE
7,7,-22.89937419827349,9.278230163166224e-05,2024-05-16 12:30:19.728047,2024-05-16 12:30:22.063295,0 days 00:00:02.335248,43,129,0,COMPLETE
8,8,-4.226189140244309,4.17985221892191e-05,2024-05-16 12:30:22.064386,2024-05-16 12:30:24.220997,0 days 00:00:02.156611,15,19,0,COMPLETE
9,9,-4.341992448052878,4.498981023220626e-05,2024-05-16 12:30:24.222992,2024-05-16 12:30:26.254385,0 days 00:00:02.031393,7,211,0,COMPLETE
10,10,-20.056857855789016,9.409879405240504e-05,2024-05-16 12:30:26.263640,2024-05-16 12:30:28.543529,0 days 00:00:02.279889,66,75,0,COMPLETE
11,11,-17.317095858062366,8.468100687402073e-05,2024-05-16 12:30:28.544977,2024-05-16 12:30:30.969017,0 days 00:00:02.424040,44,169,0,COMPLETE
12,12,-16.15386802844632,8.129203084736098e-05,2024-05-16 12:30:30.984854,2024-05-16 12:30:33.750286,0 days 00:00:02.765432,59,72,0,COMPLETE
13,13,-19.80200964625353,9.460203479642387e-05,2024-05-16 12:30:33.763684,2024-05-16 12:30:36.390018,0 days 00:00:02.626334,73,189,0,COMPLETE
14,14,-9.469111813697678,6.582848618807088e-05,2024-05-16 12:30:36.395758,2024-05-16 12:30:38.797318,0 days 00:00:02.401560,34,143,0,COMPLETE
15,15,-4.600864530324788,4.5808866172345985e-05,2024-05-16 12:30:38.799571,2024-05-16 12:30:40.897346,0 days 00:00:02.097775,18,174,0,COMPLETE
16,16,-7.62681876542148,5.869013868562104e-05,2024-05-16 12:30:40.905172,2024-05-16 12:30:42.916253,0 days 00:00:02.011081,26,67,0,COMPLETE
17,17,-44.804106077117,0.00012676082247269955,2024-05-16 12:30:42.918264,2024-05-16 12:30:45.292068,0 days 00:00:02.373804,90,47,0,COMPLETE
18,18,-9290.191737081506,0.0009213424243695353,2024-05-16 12:30:45.294416,2024-05-16 12:30:48.069550,0 days 00:00:02.775134,92,117,0,COMPLETE
19,19,-4.797384931673181,4.6965619725957734e-05,2024-05-16 12:30:48.076196,2024-05-16 12:30:50.472463,0 days 00:00:02.396267,18,116,0,COMPLETE
20,20,-309.1124819180614,0.00023049670728780779,2024-05-16 12:30:50.473935,2024-05-16 12:30:52.949032,0 days 00:00:02.475097,65,189,0,COMPLETE
21,21,-4.304035442739812,4.4783818609632034e-05,2024-05-16 12:30:52.951038,2024-05-16 12:30:54.859133,0 days 00:00:01.908095,6,56,0,COMPLETE
22,22,-4.590142762481937,4.5951471243464594e-05,2024-05-16 12:30:54.860585,2024-05-16 12:30:56.640472,0 days 00:00:01.779887,5,27,0,COMPLETE
23,23,-5.994242387662827,4.655640259087696e-05,2024-05-16 12:30:56.647626,2024-05-16 12:30:58.705659,0 days 00:00:02.058033,45,91,0,COMPLETE
24,24,-19.718096399059707,9.221891151908495e-05,2024-05-16 12:30:58.717171,2024-05-16 12:31:01.427358,0 days 00:00:02.710187,74,124,0,COMPLETE
25,25,-26.07491132363405,0.00010712702681493079,2024-05-16 12:31:01.428924,2024-05-16 12:31:03.869162,0 days 00:00:02.440238,83,28,0,COMPLETE
26,26,-8.41246453018154,6.0222547393768985e-05,2024-05-16 12:31:03.871157,2024-05-16 12:31:06.360741,0 days 00:00:02.489584,33,67,0,COMPLETE
27,27,-19.912707048039454,9.363354554523757e-05,2024-05-16 12:31:06.361796,2024-05-16 12:31:08.921894,0 days 00:00:02.560098,78,158,0,COMPLETE
28,28,-4.959711890821502,4.7111217858580856e-05,2024-05-16 12:31:08.923321,2024-05-16 12:31:11.539054,0 days 00:00:02.615733,18,8,0,COMPLETE
29,29,-7.134269939250915,5.545620172990075e-05,2024-05-16 12:31:11.541048,2024-05-16 12:31:13.771604,0 days 00:00:02.230556,23,54,0,COMPLETE
30,30,-4.687930649220062,4.632306942175037e-05,2024-05-16 12:31:13.772794,2024-05-16 12:31:15.823794,0 days 00:00:02.051000,5,168,0,COMPLETE
31,31,-18.059900493641145,8.505224863251487e-05,2024-05-16 12:31:15.824873,2024-05-16 12:31:18.792242,0 days 00:00:02.967369,75,15,0,COMPLETE
32,32,-16.442380925879693,8.18006161175563e-05,2024-05-16 12:31:18.794133,2024-05-16 12:31:22.058505,0 days 00:00:03.264372,45,203,0,COMPLETE
33,33,-17.3937879938123,8.33866191501768e-05,2024-05-16 12:31:22.061632,2024-05-16 12:31:24.846428,0 days 00:00:02.784796,99,34,0,COMPLETE
34,34,-20.844905357978725,9.62316066054984e-05,2024-05-16 12:31:24.848478,2024-05-16 12:31:26.916907,0 days 00:00:02.068429,65,187,0,COMPLETE
35,35,-22.19178318109055,9.329864738941474e-05,2024-05-16 12:31:26.923617,2024-05-16 12:31:29.613980,0 days 00:00:02.690363,44,95,0,COMPLETE
36,36,-89.12120125927353,0.00014390343560614143,2024-05-16 12:31:29.626240,2024-05-16 12:31:32.085042,0 days 00:00:02.458802,95,90,0,COMPLETE
37,37,-4.90554459416513,4.717826018547931e-05,2024-05-16 12:31:32.090137,2024-05-16 12:31:33.930191,0 days 00:00:01.840054,3,165,0,COMPLETE
38,38,-13.651983015551014,7.636967416337333e-05,2024-05-16 12:31:33.942964,2024-05-16 12:31:35.978173,0 days 00:00:02.035209,56,94,0,COMPLETE
39,39,-9.03928389760598,6.337534637298187e-05,2024-05-16 12:31:35.991393,2024-05-16 12:31:38.089549,0 days 00:00:02.098156,28,213,0,COMPLETE
40,40,-5.3826207566572775,4.905242933867368e-05,2024-05-16 12:31:38.102023,2024-05-16 12:31:39.988846,0 days 00:00:01.886823,18,177,0,COMPLETE
41,41,-23.09158881660137,0.00010164249635184947,2024-05-16 12:31:40.005554,2024-05-16 12:31:42.346912,0 days 00:00:02.341358,76,91,0,COMPLETE
42,42,-4.050934055621772,4.3115032108586694e-05,2024-05-16 12:31:42.349964,2024-05-16 12:31:44.344925,0 days 00:00:01.994961,12,8,0,COMPLETE
43,43,-4.4645252317141955,4.514022283148913e-05,2024-05-16 12:31:44.346715,2024-05-16 12:31:46.330955,0 days 00:00:01.984240,10,47,0,COMPLETE
44,44,-23.686253801133077,0.00010032003784969464,2024-05-16 12:31:46.332918,2024-05-16 12:31:48.609876,0 days 00:00:02.276958,72,133,0,COMPLETE
45,45,-23.29993689606509,9.508781912609283e-05,2024-05-16 12:31:48.611871,2024-05-16 12:31:52.244675,0 days 00:00:03.632804,75,93,0,COMPLETE
46,46,-12.23877644113195,7.386035879565568e-05,2024-05-16 12:31:52.247728,2024-05-16 12:31:54.663569,0 days 00:00:02.415841,51,125,0,COMPLETE
47,47,-456.92053586951954,0.00026136388804980147,2024-05-16 12:31:54.670586,2024-05-16 12:31:57.579692,0 days 00:00:02.909106,71,82,0,COMPLETE
48,48,-55.7088251952066,0.00011583549102331822,2024-05-16 12:31:57.582766,2024-05-16 12:32:00.045609,0 days 00:00:02.462843,57,182,0,COMPLETE
49,49,-4.897389440220553,4.5456788115392066e-05,2024-05-16 12:32:00.051712,2024-05-16 12:32:01.969972,0 days 00:00:01.918260,22,111,0,COMPLETE
50,50,-18.266629458240974,8.719051271867501e-05,2024-05-16 12:32:01.971967,2024-05-16 12:32:04.389070,0 days 00:00:02.417103,90,47,1,COMPLETE
51,51,-13.089394339238154,7.499246654117587e-05,2024-05-16 12:32:04.390033,2024-05-16 12:32:06.583712,0 days 00:00:02.193679,59,72,1,COMPLETE
52,52,-23.059100543851372,9.981947030062569e-05,2024-05-16 12:32:06.585607,2024-05-16 12:32:08.743103,0 days 00:00:02.157496,65,187,1,COMPLETE
53,53,-12.204537726587436,7.434186957173876e-05,2024-05-16 12:32:08.744100,2024-05-16 12:32:10.974033,0 days 00:00:02.229933,43,129,1,COMPLETE
54,54,-2.955842544193027,3.6579027298856484e-05,2024-05-16 12:32:10.977595,2024-05-16 12:32:12.711468,0 days 00:00:01.733873,12,124,1,COMPLETE
55,55,-4.213164204013699,4.32986278225005e-05,2024-05-16 12:32:12.715946,2024-05-16 12:32:14.685404,0 days 00:00:01.969458,3,116,1,COMPLETE
56,56,-17.137406720417918,8.569576943018856e-05,2024-05-16 12:32:14.686814,2024-05-16 12:32:17.160390,0 days 00:00:02.473576,44,54,1,COMPLETE
57,57,-18.072947936134774,8.942285780548443e-05,2024-05-16 12:32:17.164979,2024-05-16 12:32:19.772649,0 days 00:00:02.607670,66,8,1,COMPLETE
58,58,-5.6158536004029544,4.9850867681377064e-05,2024-05-16 12:32:19.774598,2024-05-16 12:32:21.867468,0 days 00:00:02.092870,3,62,1,COMPLETE
59,59,-8.653768137266983,6.182354538418429e-05,2024-05-16 12:32:21.868599,2024-05-16 12:32:24.209426,0 days 00:00:02.340827,29,52,1,COMPLETE
60,60,-17.867388521113753,8.874374652329456e-05,2024-05-16 12:32:24.210104,2024-05-16 12:32:28.255079,0 days 00:00:04.044975,54,203,1,COMPLETE
61,61,-12.896554043423901,7.611259951243708e-05,2024-05-16 12:32:28.257107,2024-05-16 12:32:30.939604,0 days 00:00:02.682497,60,8,1,COMPLETE
62,62,-19.543422943955633,9.052643339354416e-05,2024-05-16 12:32:30.943851,2024-05-16 12:32:34.288680,0 days 00:00:03.344829,91,51,1,COMPLETE
63,63,-6.778900085062152,5.582518446797699e-05,2024-05-16 12:32:34.290644,2024-05-16 12:32:36.742628,0 days 00:00:02.451984,28,145,1,COMPLETE
64,64,-5.053278419910334,4.5895072620091845e-05,2024-05-16 12:32:36.743626,2024-05-16 12:32:38.834395,0 days 00:00:02.090769,22,111,1,COMPLETE
65,65,-19.668849113369,9.109826191110611e-05,2024-05-16 12:32:38.836757,2024-05-16 12:32:41.461158,0 days 00:00:02.624401,83,206,1,COMPLETE
66,66,-9.462951880142082,6.44354302128577e-05,2024-05-16 12:32:41.468908,2024-05-16 12:32:43.553916,0 days 00:00:02.085008,34,143,1,COMPLETE
67,67,-36.052191971233896,0.0001220601671493666,2024-05-16 12:32:43.559543,2024-05-16 12:32:46.076059,0 days 00:00:02.516516,86,67,1,COMPLETE
68,68,-23.76072239620062,0.00010100340014115533,2024-05-16 12:32:46.077795,2024-05-16 12:32:48.891353,0 days 00:00:02.813558,96,206,1,COMPLETE
69,69,-18.686178743943017,8.962582154475841e-05,2024-05-16 12:32:48.894579,2024-05-16 12:32:51.558320,0 days 00:00:02.663741,44,101,1,COMPLETE
70,70,-71.3505055617846,0.0001607577401083426,2024-05-16 12:32:51.559982,2024-05-16 12:32:53.652503,0 days 00:00:02.092521,97,91,1,COMPLETE
71,71,-5.41038882731757,4.955356485793572e-05,2024-05-16 12:32:53.654280,2024-05-16 12:32:55.955738,0 days 00:00:02.301458,23,54,1,COMPLETE
72,72,-35.137796674984585,0.00012280362266791587,2024-05-16 12:32:55.958220,2024-05-16 12:32:58.325432,0 days 00:00:02.367212,77,61,1,COMPLETE
73,73,-355.23722661315867,0.00022016317461055166,2024-05-16 12:32:58.330327,2024-05-16 12:33:00.524335,0 days 00:00:02.194008,45,91,1,COMPLETE
74,74,-4.265246761130535,4.4390041233842885e-05,2024-05-16 12:33:00.526363,2024-05-16 12:33:02.529092,0 days 00:00:02.002729,21,206,1,COMPLETE
75,75,-23.398192578928228,0.0001006625893696544,2024-05-16 12:33:02.531444,2024-05-16 12:33:04.900536,0 days 00:00:02.369092,76,191,1,COMPLETE
76,76,-5.861801256081641,5.1479928632908376e-05,2024-05-16 12:33:04.901762,2024-05-16 12:33:07.250787,0 days 00:00:02.349025,26,67,1,COMPLETE
77,77,-5.186024405764355,4.849139592404833e-05,2024-05-16 12:33:07.257049,2024-05-16 12:33:09.283626,0 days 00:00:02.026577,23,20,1,COMPLETE
78,78,-19.23827684170589,9.045686174414676e-05,2024-05-16 12:33:09.292185,2024-05-16 12:33:12.429483,0 days 00:00:03.137298,62,149,1,COMPLETE
79,79,-34.15401927240795,9.989266678845515e-05,2024-05-16 12:33:12.430622,2024-05-16 12:33:14.590902,0 days 00:00:02.160280,32,8,1,COMPLETE
80,80,-5.322119578309897,4.669889257024572e-05,2024-05-16 12:33:14.592828,2024-05-16 12:33:16.399331,0 days 00:00:01.806503,12,175,1,COMPLETE
81,81,-19.65430496042507,9.295578489698991e-05,2024-05-16 12:33:16.402010,2024-05-16 12:33:18.483453,0 days 00:00:02.081443,66,75,1,COMPLETE
82,82,-14.300360072444686,8.009261501942314e-05,2024-05-16 12:33:18.489414,2024-05-16 12:33:21.300036,0 days 00:00:02.810622,52,56,1,COMPLETE
83,83,-61.17308938000296,0.000109680938501165,2024-05-16 12:33:21.302321,2024-05-16 12:33:23.228590,0 days 00:00:01.926269,7,8,1,COMPLETE
84,84,-27.031496426294904,0.00010854032179576473,2024-05-16 12:33:23.237601,2024-05-16 12:33:25.469207,0 days 00:00:02.231606,76,213,1,COMPLETE
85,85,-3.869791757758873,4.230457280066917e-05,2024-05-16 12:33:25.481011,2024-05-16 12:33:27.472382,0 days 00:00:01.991371,10,154,1,COMPLETE
86,86,-7.874364382563499,5.5410323867185186e-05,2024-05-16 12:33:27.474376,2024-05-16 12:33:29.217979,0 days 00:00:01.743603,3,129,1,COMPLETE
87,87,-11.722709321454968,7.274606849807715e-05,2024-05-16 12:33:29.219257,2024-05-16 12:33:31.193685,0 days 00:00:01.974428,44,92,1,COMPLETE
88,88,-5.929270061536904,5.1517777135241286e-05,2024-05-16 12:33:31.201750,2024-05-16 12:33:33.144022,0 days 00:00:01.942272,22,111,1,COMPLETE
89,89,-4.436084914515402,4.546209817810297e-05,2024-05-16 12:33:33.146047,2024-05-16 12:33:35.202305,0 days 00:00:02.056258,18,203,1,COMPLETE
90,90,-30.80321938836841,0.00010436968349714464,2024-05-16 12:33:35.211077,2024-05-16 12:33:37.270157,0 days 00:00:02.059080,89,99,1,COMPLETE
91,91,-41.98904668139211,0.00011756582747011019,2024-05-16 12:33:37.272321,2024-05-16 12:33:39.917491,0 days 00:00:02.645170,45,34,1,COMPLETE
92,92,-4.27119996065836,4.452413476172925e-05,2024-05-16 12:33:39.919628,2024-05-16 12:33:41.950778,0 days 00:00:02.031150,14,97,1,COMPLETE
93,93,-6.343525658391201,5.124679822371822e-05,2024-05-16 12:33:41.951768,2024-05-16 12:33:43.841283,0 days 00:00:01.889515,18,132,1,COMPLETE
94,94,-19.37215440815217,8.992796895176989e-05,2024-05-16 12:33:43.844641,2024-05-16 12:33:46.116101,0 days 00:00:02.271460,60,213,1,COMPLETE
95,95,-4.866064631293317,4.71856606991e-05,2024-05-16 12:33:46.118831,2024-05-16 12:33:47.988615,0 days 00:00:01.869784,18,207,1,COMPLETE
96,96,-6.817519150786981,5.646435180658997e-05,2024-05-16 12:33:47.990610,2024-05-16 12:33:49.936888,0 days 00:00:01.946278,26,168,1,COMPLETE
97,97,-19.35479241319024,9.054824324679722e-05,2024-05-16 12:33:49.951620,2024-05-16 12:33:52.546370,0 days 00:00:02.594750,76,91,1,COMPLETE
98,98,-65.33636385846629,0.00013549841714195762,2024-05-16 12:33:52.549131,2024-05-16 12:33:54.653447,0 days 00:00:02.104316,56,19,1,COMPLETE
99,99,-13.869423212667147,6.542323309978093e-05,2024-05-16 12:33:54.658519,2024-05-16 12:33:56.543953,0 days 00:00:01.885434,22,100,1,COMPLETE
100,100,-4.913526184474352,4.725589382220287e-05,2024-05-16 12:33:56.546366,2024-05-16 12:33:58.437484,0 days 00:00:01.891118,3,62,2,COMPLETE
101,101,-4.18954275877927,4.465136670093926e-05,2024-05-16 12:33:58.439778,2024-05-16 12:34:00.527157,0 days 00:00:02.087379,21,8,2,COMPLETE
102,102,-4.610857678719524,4.6045865568446315e-05,2024-05-16 12:34:00.538751,2024-05-16 12:34:02.498999,0 days 00:00:01.960248,7,211,2,COMPLETE
103,103,-11.3943291574543,6.99510365223527e-05,2024-05-16 12:34:02.506522,2024-05-16 12:34:04.748872,0 days 00:00:02.242350,34,143,2,COMPLETE
104,104,-17.86654349092937,8.426289929602244e-05,2024-05-16 12:34:04.749870,2024-05-16 12:34:07.005944,0 days 00:00:02.256074,54,168,2,COMPLETE
105,105,-14.828148118397712,6.098805000769279e-05,2024-05-16 12:34:07.009162,2024-05-16 12:34:08.946139,0 days 00:00:01.936977,18,116,2,COMPLETE
106,106,-4.5581568253844,4.572602052252881e-05,2024-05-16 12:34:08.948633,2024-05-16 12:34:11.605973,0 days 00:00:02.657340,12,206,2,COMPLETE
107,107,-20.942256571272708,9.495914698605586e-05,2024-05-16 12:34:11.607618,2024-05-16 12:34:14.220065,0 days 00:00:02.612447,63,110,2,COMPLETE
108,108,-12.125180659506151,7.029006342001419e-05,2024-05-16 12:34:14.228720,2024-05-16 12:34:16.679953,0 days 00:00:02.451233,50,208,2,COMPLETE
109,109,-8.367316470774705,6.077956984421798e-05,2024-05-16 12:34:16.681948,2024-05-16 12:34:18.868553,0 days 00:00:02.186605,29,116,2,COMPLETE
110,110,-59.38622337119047,0.00014277284764155866,2024-05-16 12:34:18.869550,2024-05-16 12:34:21.176272,0 days 00:00:02.306722,95,41,2,COMPLETE
111,111,-4.014585191576801,4.349412606623276e-05,2024-05-16 12:34:21.182762,2024-05-16 12:34:23.184055,0 days 00:00:02.001293,7,185,2,COMPLETE
112,112,-5.047974869780534,4.7779560828288104e-05,2024-05-16 12:34:23.190570,2024-05-16 12:34:25.820177,0 days 00:00:02.629607,12,63,2,COMPLETE
113,113,-28.190209722203765,0.00010858798614791071,2024-05-16 12:34:25.822172,2024-05-16 12:34:28.201665,0 days 00:00:02.379493,97,62,2,COMPLETE
114,114,-4.852794881274933,4.5689502786947116e-05,2024-05-16 12:34:28.211281,2024-05-16 12:34:30.096152,0 days 00:00:01.884871,22,136,2,COMPLETE
115,115,-5.0277023466997,4.768904210317872e-05,2024-05-16 12:34:30.099885,2024-05-16 12:34:32.263282,0 days 00:00:02.163397,18,111,2,COMPLETE
116,116,-9.997369587343465,6.165830709240954e-05,2024-05-16 12:34:32.267200,2024-05-16 12:34:34.669187,0 days 00:00:02.401987,26,106,2,COMPLETE
117,117,-5.560655241986332,5.030642424480192e-05,2024-05-16 12:34:34.670635,2024-05-16 12:34:36.560405,0 days 00:00:01.889770,22,72,2,COMPLETE
118,118,-25.995565604852295,0.00010596238521230628,2024-05-16 12:34:36.564204,2024-05-16 12:34:39.167117,0 days 00:00:02.602913,97,28,2,COMPLETE
119,119,-7.941570210479566,5.77553949101882e-05,2024-05-16 12:34:39.172513,2024-05-16 12:34:41.329514,0 days 00:00:02.157001,21,27,2,COMPLETE
120,120,-18.637522380283862,8.94548147982945e-05,2024-05-16 12:34:41.330511,2024-05-16 12:34:43.674006,0 days 00:00:02.343495,85,45,2,COMPLETE
121,121,-16.706837411705127,8.04009562444966e-05,2024-05-16 12:34:43.675287,2024-05-16 12:34:46.464855,0 days 00:00:02.789568,62,165,2,COMPLETE
122,122,-4.443083707049927,4.515379757730288e-05,2024-05-16 12:34:46.470692,2024-05-16 12:34:48.631816,0 days 00:00:02.161124,9,70,2,COMPLETE
123,123,-30.233995408975897,0.00010213372652111582,2024-05-16 12:34:48.634106,2024-05-16 12:34:51.214170,0 days 00:00:02.580064,58,111,2,COMPLETE
124,124,-135.72284788403505,0.00016366586077903243,2024-05-16 12:34:51.215189,2024-05-16 12:34:53.549957,0 days 00:00:02.334768,34,133,2,COMPLETE
125,125,-6.334480665887157,5.1345354070718346e-05,2024-05-16 12:34:53.551123,2024-05-16 12:34:55.626979,0 days 00:00:02.075856,22,202,2,COMPLETE
126,126,-20705.244696798083,0.0014317671019688954,2024-05-16 12:34:55.628942,2024-05-16 12:34:58.095935,0 days 00:00:02.466993,79,67,2,COMPLETE
127,127,-4.237989619615367,4.4511176469887444e-05,2024-05-16 12:34:58.098006,2024-05-16 12:35:00.069627,0 days 00:00:01.971621,6,58,2,COMPLETE
128,128,-4.509483135165757,4.5569687560727764e-05,2024-05-16 12:35:00.070777,2024-05-16 12:35:02.764622,0 days 00:00:02.693845,3,14,2,COMPLETE
129,129,-4.455417756731805,4.5379625047051417e-05,2024-05-16 12:35:02.767309,2024-05-16 12:35:05.636521,0 days 00:00:02.869212,5,116,2,COMPLETE
130,130,-6.809652258996131,5.6014670159900144e-05,2024-05-16 12:35:05.641605,2024-05-16 12:35:09.395611,0 days 00:00:03.754006,26,207,2,COMPLETE
131,131,-52.430702312790075,0.0001270594363894689,2024-05-16 12:35:09.410811,2024-05-16 12:35:12.159212,0 days 00:00:02.748401,94,47,2,COMPLETE
132,132,-4.552334442198275,4.579514223163548e-05,2024-05-16 12:35:12.160282,2024-05-16 12:35:14.397457,0 days 00:00:02.237175,10,181,2,COMPLETE
133,133,-5.302469225361173,4.900055068720332e-05,2024-05-16 12:35:14.399513,2024-05-16 12:35:17.158863,0 days 00:00:02.759350,18,8,2,COMPLETE
134,134,-163.20894096988002,0.00017460425217310794,2024-05-16 12:35:17.161675,2024-05-16 12:35:19.377760,0 days 00:00:02.216085,66,175,2,COMPLETE
135,135,-4.543204445920859,4.578838037899825e-05,2024-05-16 12:35:19.380731,2024-05-16 12:35:21.317137,0 days 00:00:01.936406,6,56,2,COMPLETE
136,136,-18.992261941727634,9.198544406430336e-05,2024-05-16 12:35:21.319289,2024-05-16 12:35:23.921587,0 days 00:00:02.602298,64,92,2,COMPLETE
137,137,-16.215426346264678,7.096630972875199e-05,2024-05-16 12:35:23.922653,2024-05-16 12:35:26.114991,0 days 00:00:02.192338,34,143,2,COMPLETE
138,138,-12.527843699184725,7.43777925682208e-05,2024-05-16 12:35:26.117009,2024-05-16 12:35:28.219600,0 days 00:00:02.102591,46,3,2,COMPLETE
139,139,-6.18394250352639,5.090506401658041e-05,2024-05-16 12:35:28.221972,2024-05-16 12:35:30.069862,0 days 00:00:01.847890,5,59,2,COMPLETE
140,140,-404.30815731271434,0.00014837965009215494,2024-05-16 12:35:30.077603,2024-05-16 12:35:32.018867,0 days 00:00:01.941264,18,184,2,COMPLETE
141,141,-6.655182852111253,5.505244907312273e-05,2024-05-16 12:35:32.029091,2024-05-16 12:35:33.952596,0 days 00:00:01.923505,25,168,2,COMPLETE
142,142,-7.02617754967893,5.660146252669137e-05,2024-05-16 12:35:33.956962,2024-05-16 12:35:35.967213,0 days 00:00:02.010251,28,213,2,COMPLETE
143,143,-4.305617813928379,4.471514112257958e-05,2024-05-16 12:35:35.981815,2024-05-16 12:35:37.849775,0 days 00:00:01.867960,11,180,2,COMPLETE
144,144,-20.68340372643916,9.353501748062231e-05,2024-05-16 12:35:37.852218,2024-05-16 12:35:40.580811,0 days 00:00:02.728593,84,19,2,COMPLETE
145,145,-18.50749809514608,8.828547657982369e-05,2024-05-16 12:35:40.587373,2024-05-16 12:35:42.971150,0 days 00:00:02.383777,60,175,2,COMPLETE
146,146,-14.320599561256646,7.927391934311682e-05,2024-05-16 12:35:42.978122,2024-05-16 12:35:45.022569,0 days 00:00:02.044447,51,130,2,COMPLETE
147,147,-4.466366810232498,4.517775543030283e-05,2024-05-16 12:35:45.026202,2024-05-16 12:35:47.027949,0 days 00:00:02.001747,12,71,2,COMPLETE
148,148,-18023.598893705723,0.0011578180297876126,2024-05-16 12:35:47.032756,2024-05-16 12:35:48.915379,0 days 00:00:01.882623,4,20,2,COMPLETE
149,149,-10.107230757043144,6.799033696626798e-05,2024-05-16 12:35:48.916531,2024-05-16 12:35:50.993869,0 days 00:00:02.077338,34,143,2,COMPLETE
150,150,-4.864203582097235,4.2930412896836754e-05,2024-05-16 12:35:50.995867,2024-05-16 12:35:53.057593,0 days 00:00:02.061726,18,106,3,COMPLETE
