,number,values_0,values_1,datetime_start,datetime_complete,duration,params_dim,params_window_length,system_attrs_nsga2:generation,state
459,459,-0.3235046904467163,0.10855994854937516,2024-05-10 17:06:04.080588,2024-05-10 17:06:06.908363,0 days 00:00:02.827775,4,72,9,COMPLETE
460,460,-0.2054445771023262,0.1112838141876179,2024-05-10 17:06:06.917011,2024-05-10 17:06:08.273396,0 days 00:00:01.356385,4,38,9,COMPLETE
461,461,-2.989211247933416,0.212913924394665,2024-05-10 17:06:08.277638,2024-05-10 17:06:13.417410,0 days 00:00:05.139772,34,199,9,COMPLETE
462,462,-0.26570216277559944,0.10784247562843588,2024-05-10 17:06:13.422125,2024-05-10 17:06:16.998345,0 days 00:00:03.576220,5,162,9,COMPLETE
463,463,-0.35259089797094656,0.11290311581610613,2024-05-10 17:06:17.003790,2024-05-10 17:06:20.027794,0 days 00:00:03.024004,3,173,9,COMPLETE
464,464,-0.27665738040119586,0.10915152341218518,2024-05-10 17:06:20.027794,2024-05-10 17:06:21.518446,0 days 00:00:01.490652,3,201,9,COMPLETE
465,465,-0.15253524203082436,0.1078897484178402,2024-05-10 17:06:21.519444,2024-05-10 17:06:26.508687,0 days 00:00:04.989243,5,145,9,COMPLETE
466,466,-0.26042546345420725,0.1049032540863755,2024-05-10 17:06:26.517427,2024-05-10 17:06:29.512890,0 days 00:00:02.995463,3,163,9,COMPLETE
467,467,-0.2596619298089106,0.11363352672437044,2024-05-10 17:06:29.517878,2024-05-10 17:06:31.131813,0 days 00:00:01.613935,5,187,9,COMPLETE
468,468,-0.4594511623874199,0.1215223851863575,2024-05-10 17:06:31.138090,2024-05-10 17:06:32.346188,0 days 00:00:01.208098,3,41,9,COMPLETE
469,469,-0.3269380189230836,0.11275125205567338,2024-05-10 17:06:32.349667,2024-05-10 17:06:33.969524,0 days 00:00:01.619857,3,200,9,COMPLETE
470,470,-0.36412664170392073,0.10759929591524149,2024-05-10 17:06:33.973363,2024-05-10 17:06:39.315245,0 days 00:00:05.341882,3,126,9,COMPLETE
471,471,-0.5886662254068387,0.12760079261136842,2024-05-10 17:06:39.320914,2024-05-10 17:06:42.032591,0 days 00:00:02.711677,4,38,9,COMPLETE
472,472,-1.2952800701213225,0.17792187556605915,2024-05-10 17:06:42.036663,2024-05-10 17:06:48.092399,0 days 00:00:06.055736,73,201,9,COMPLETE
473,473,-0.9629751949268254,0.16359580334337695,2024-05-10 17:06:48.096827,2024-05-10 17:06:49.836552,0 days 00:00:01.739725,16,111,9,COMPLETE
474,474,-1.281771691390112,0.17646560911830883,2024-05-10 17:06:49.840016,2024-05-10 17:06:53.138580,0 days 00:00:03.298564,39,173,9,COMPLETE
475,475,-2.000340872215763,0.20615264817658194,2024-05-10 17:06:53.142237,2024-05-10 17:06:55.977553,0 days 00:00:02.835316,36,184,9,COMPLETE
476,476,-0.26122371072189277,0.110505849620094,2024-05-10 17:06:55.982086,2024-05-10 17:06:58.285569,0 days 00:00:02.303483,3,113,9,COMPLETE
477,477,-0.34807090128142787,0.13262955907631682,2024-05-10 17:06:58.291026,2024-05-10 17:07:05.357681,0 days 00:00:07.066655,96,3,9,COMPLETE
478,478,-0.3380157679591874,0.12144538336917843,2024-05-10 17:07:05.361812,2024-05-10 17:07:07.781196,0 days 00:00:02.419384,5,132,9,COMPLETE
479,479,-0.39964476857841824,0.13990439086208778,2024-05-10 17:07:07.786522,2024-05-10 17:07:15.037202,0 days 00:00:07.250680,55,172,9,COMPLETE
480,480,-0.2520992557893392,0.10785687251449771,2024-05-10 17:07:15.045888,2024-05-10 17:07:15.782149,0 days 00:00:00.736261,5,55,9,COMPLETE
481,481,-1.9141744873592177,0.20351367296143744,2024-05-10 17:07:15.786240,2024-05-10 17:07:17.316089,0 days 00:00:01.529849,47,142,9,COMPLETE
482,482,-1.3286846377274686,0.17233875746986238,2024-05-10 17:07:17.320021,2024-05-10 17:07:24.076007,0 days 00:00:06.755986,50,92,9,COMPLETE
483,483,-0.2064136772665746,0.11049258937728786,2024-05-10 17:07:24.079707,2024-05-10 17:07:26.297618,0 days 00:00:02.217911,4,84,9,COMPLETE
484,484,-1.3669919073192218,0.18258700904968755,2024-05-10 17:07:26.307935,2024-05-10 17:07:31.305568,0 days 00:00:04.997633,71,146,9,COMPLETE
485,485,-0.2962261348625691,0.10929006785721018,2024-05-10 17:07:31.309057,2024-05-10 17:07:32.406267,0 days 00:00:01.097210,3,201,9,COMPLETE
486,486,-0.8101379203065091,0.12338769862846799,2024-05-10 17:07:32.408407,2024-05-10 17:07:33.507894,0 days 00:00:01.099487,5,15,9,COMPLETE
487,487,-0.644667836304461,0.12823020549087424,2024-05-10 17:07:33.510627,2024-05-10 17:07:37.849418,0 days 00:00:04.338791,4,102,9,COMPLETE
488,488,-2.0412693142077982,0.21117287964782605,2024-05-10 17:07:37.853917,2024-05-10 17:07:42.897965,0 days 00:00:05.044048,57,38,9,COMPLETE
489,489,-0.40351332208172047,0.10781841780069013,2024-05-10 17:07:42.901580,2024-05-10 17:07:44.664922,0 days 00:00:01.763342,3,201,9,COMPLETE
490,490,-0.210858714354615,0.10959029030130633,2024-05-10 17:07:44.673038,2024-05-10 17:07:47.588399,0 days 00:00:02.915361,5,78,9,COMPLETE
491,491,-0.22100918547116258,0.10976844570099631,2024-05-10 17:07:47.596708,2024-05-10 17:07:50.262138,0 days 00:00:02.665430,5,38,9,COMPLETE
492,492,-0.2706163884719385,0.107780701163168,2024-05-10 17:07:50.271286,2024-05-10 17:07:53.076828,0 days 00:00:02.805542,3,159,9,COMPLETE
493,493,-1.0269136395923897,0.166764820368748,2024-05-10 17:07:53.080912,2024-05-10 17:07:58.242201,0 days 00:00:05.161289,65,178,9,COMPLETE
494,494,-1.4212946109333795,0.175232738756914,2024-05-10 17:07:58.249632,2024-05-10 17:08:04.173087,0 days 00:00:05.923455,31,67,9,COMPLETE
495,495,-0.5286507130972303,0.1459392043185273,2024-05-10 17:08:04.185309,2024-05-10 17:08:07.255841,0 days 00:00:03.070532,9,31,9,COMPLETE
496,496,-0.2704227423059203,0.11553352565231594,2024-05-10 17:08:07.266942,2024-05-10 17:08:08.137821,0 days 00:00:00.870879,3,45,9,COMPLETE
497,497,-1.4866855343933112,0.1870145908974193,2024-05-10 17:08:08.155878,2024-05-10 17:08:11.253335,0 days 00:00:03.097457,65,137,9,COMPLETE
498,498,-1.128902352399751,0.1719386859786919,2024-05-10 17:08:11.270921,2024-05-10 17:08:21.638765,0 days 00:00:10.367844,92,158,9,COMPLETE
499,499,-0.23852588507373046,0.11254499617984563,2024-05-10 17:08:21.643751,2024-05-10 17:08:24.997130,0 days 00:00:03.353379,5,206,9,COMPLETE
500,500,-1.769116620639224,0.18407341413570905,2024-05-10 17:08:25.014439,2024-05-10 17:08:32.353522,0 days 00:00:07.339083,96,209,10,COMPLETE
501,501,-0.1830764823388074,0.1154399969545683,2024-05-10 17:08:32.358511,2024-05-10 17:08:33.213072,0 days 00:00:00.854561,6,34,10,COMPLETE
502,502,-3.1074774467271262,0.23131758730421964,2024-05-10 17:08:33.223932,2024-05-10 17:08:36.070957,0 days 00:00:02.847025,88,103,10,COMPLETE
503,503,-1.0303892310738514,0.17758720255282148,2024-05-10 17:08:36.074696,2024-05-10 17:08:40.307123,0 days 00:00:04.232427,77,95,10,COMPLETE
504,504,-1.3150152197406861,0.1842650877526087,2024-05-10 17:08:40.318866,2024-05-10 17:08:45.871211,0 days 00:00:05.552345,93,203,10,COMPLETE
505,505,-0.25812176467695497,0.10642800437981026,2024-05-10 17:08:45.877411,2024-05-10 17:08:48.452232,0 days 00:00:02.574821,5,151,10,COMPLETE
506,506,-1.2451245554301795,0.17833690188582083,2024-05-10 17:08:48.457056,2024-05-10 17:08:51.325587,0 days 00:00:02.868531,42,186,10,COMPLETE
507,507,-0.38830076894955107,0.14134184903199193,2024-05-10 17:08:51.331049,2024-05-10 17:08:53.582592,0 days 00:00:02.251543,13,144,10,COMPLETE
508,508,-0.9810528186891787,0.16609769057862023,2024-05-10 17:08:53.586836,2024-05-10 17:08:58.113812,0 days 00:00:04.526976,53,121,10,COMPLETE
509,509,-0.4966629469656608,0.13871707774845643,2024-05-10 17:08:58.117757,2024-05-10 17:09:08.044584,0 days 00:00:09.926827,62,5,10,COMPLETE
510,510,-0.2725573278454437,0.10924155459573379,2024-05-10 17:09:08.050780,2024-05-10 17:09:12.409422,0 days 00:00:04.358642,5,132,10,COMPLETE
511,511,-0.2506591266960486,0.11500314799310865,2024-05-10 17:09:12.414677,2024-05-10 17:09:13.375811,0 days 00:00:00.961134,3,158,10,COMPLETE
512,512,-0.3402633278152377,0.10527180296543848,2024-05-10 17:09:13.393444,2024-05-10 17:09:15.025769,0 days 00:00:01.632325,3,139,10,COMPLETE
513,513,-0.276693755149391,0.10592977401976691,2024-05-10 17:09:15.032088,2024-05-10 17:09:17.707021,0 days 00:00:02.674933,3,41,10,COMPLETE
514,514,-0.24560912339411342,0.11601959591298802,2024-05-10 17:09:17.714041,2024-05-10 17:09:19.372896,0 days 00:00:01.658855,5,78,10,COMPLETE
515,515,-0.3209379211043605,0.12411743311682637,2024-05-10 17:09:19.380837,2024-05-10 17:09:20.491229,0 days 00:00:01.110392,5,41,10,COMPLETE
516,516,-0.6367738492109458,0.14769027779286673,2024-05-10 17:09:20.502225,2024-05-10 17:09:29.822399,0 days 00:00:09.320174,55,154,10,COMPLETE
517,517,-0.7886175467368319,0.15544277903059445,2024-05-10 17:09:29.822399,2024-05-10 17:09:36.716937,0 days 00:00:06.894538,82,94,10,COMPLETE
518,518,-0.19112119852570375,0.10927877106171273,2024-05-10 17:09:36.728917,2024-05-10 17:09:38.662480,0 days 00:00:01.933563,5,124,10,COMPLETE
519,519,-8.07256384046698,0.2573164019233664,2024-05-10 17:09:38.666499,2024-05-10 17:09:40.348150,0 days 00:00:01.681651,5,115,10,COMPLETE
520,520,-0.2886707194529836,0.10355646632232077,2024-05-10 17:09:40.364833,2024-05-10 17:09:43.062451,0 days 00:00:02.697618,3,41,10,COMPLETE
521,521,-0.3469023501322456,0.11592743948063863,2024-05-10 17:09:43.074102,2024-05-10 17:09:44.128454,0 days 00:00:01.054352,3,122,10,COMPLETE
522,522,-1.0559369503967067,0.17545378327036498,2024-05-10 17:09:44.134801,2024-05-10 17:09:49.311016,0 days 00:00:05.176215,72,173,10,COMPLETE
523,523,-0.9332482877758574,0.1630399672152635,2024-05-10 17:09:49.324700,2024-05-10 17:09:54.624936,0 days 00:00:05.300236,88,78,10,COMPLETE
524,524,-0.5262484461192131,0.1431088382540256,2024-05-10 17:09:54.635402,2024-05-10 17:10:02.220506,0 days 00:00:07.585104,89,41,10,COMPLETE
525,525,-0.19833203534480845,0.10841724267940714,2024-05-10 17:10:02.224730,2024-05-10 17:10:06.114423,0 days 00:00:03.889693,5,92,10,COMPLETE
526,526,-0.23760926740312907,0.13169915248228323,2024-05-10 17:10:06.118910,2024-05-10 17:10:07.984785,0 days 00:00:01.865875,8,78,10,COMPLETE
527,527,-0.46321758649886524,0.11588844649911116,2024-05-10 17:10:07.994184,2024-05-10 17:10:08.934267,0 days 00:00:00.940083,3,138,10,COMPLETE
528,528,-0.840633126294278,0.16105699487491143,2024-05-10 17:10:08.943549,2024-05-10 17:10:12.665184,0 days 00:00:03.721635,80,77,10,COMPLETE
529,529,-0.16570175787605151,0.11029290173589183,2024-05-10 17:10:12.668415,2024-05-10 17:10:14.281926,0 days 00:00:01.613511,5,38,10,COMPLETE
530,530,-2.9785667999502783,0.21619834231280563,2024-05-10 17:10:14.286260,2024-05-10 17:10:18.074147,0 days 00:00:03.787887,72,178,10,COMPLETE
531,531,-0.8961268060478667,0.16812233874013238,2024-05-10 17:10:18.078444,2024-05-10 17:10:21.561893,0 days 00:00:03.483449,71,72,10,COMPLETE
532,532,-0.8223052042366967,0.16484255228000477,2024-05-10 17:10:21.568870,2024-05-10 17:10:24.760644,0 days 00:00:03.191774,83,43,10,COMPLETE
533,533,-0.17996320626571533,0.10669712533360318,2024-05-10 17:10:24.773761,2024-05-10 17:10:26.793115,0 days 00:00:02.019354,5,144,10,COMPLETE
534,534,-0.3998029526415106,0.11969069118711458,2024-05-10 17:10:26.800865,2024-05-10 17:10:28.125643,0 days 00:00:01.324778,5,91,10,COMPLETE
535,535,-1.3439021360353371,0.15724843696248703,2024-05-10 17:10:28.143682,2024-05-10 17:10:31.388860,0 days 00:00:03.245178,8,178,10,COMPLETE
536,536,-2.2258340597530792,0.21108040754341334,2024-05-10 17:10:31.391733,2024-05-10 17:10:33.956444,0 days 00:00:02.564711,31,201,10,COMPLETE
537,537,-2.2035998004229436,0.18033535733813605,2024-05-10 17:10:33.971461,2024-05-10 17:10:41.960265,0 days 00:00:07.988804,92,34,10,COMPLETE
538,538,-0.30121125275242827,0.11255807958778294,2024-05-10 17:10:41.962769,2024-05-10 17:10:44.451732,0 days 00:00:02.488963,3,90,10,COMPLETE
539,539,-0.3234962965321007,0.11892594760758948,2024-05-10 17:10:44.456183,2024-05-10 17:10:48.200240,0 days 00:00:03.744057,5,78,10,COMPLETE
540,540,-0.2723279752001091,0.11375734480380324,2024-05-10 17:10:48.219253,2024-05-10 17:10:49.205752,0 days 00:00:00.986499,3,38,10,COMPLETE
541,541,-0.11825023301784805,0.10509947589106172,2024-05-10 17:10:49.216284,2024-05-10 17:10:50.649160,0 days 00:00:01.432876,5,110,10,COMPLETE
542,542,-0.23778167256884708,0.10791183741143769,2024-05-10 17:10:50.667538,2024-05-10 17:10:53.849543,0 days 00:00:03.182005,4,178,10,COMPLETE
543,543,-0.20325836497785374,0.10206880392530535,2024-05-10 17:10:53.853846,2024-05-10 17:10:57.112862,0 days 00:00:03.259016,4,146,10,COMPLETE
544,544,-1.9436819772240668,0.19220182424889648,2024-05-10 17:10:57.125204,2024-05-10 17:11:05.392400,0 days 00:00:08.267196,45,191,10,COMPLETE
545,545,-0.2253756327971615,0.10555683765384001,2024-05-10 17:11:05.398394,2024-05-10 17:11:11.273130,0 days 00:00:05.874736,5,137,10,COMPLETE
546,546,-0.6289842910253741,0.1416362496374964,2024-05-10 17:11:11.288799,2024-05-10 17:11:17.707967,0 days 00:00:06.419168,88,6,10,COMPLETE
547,547,-0.29724439878612385,0.11548712768450586,2024-05-10 17:11:17.714957,2024-05-10 17:11:19.802916,0 days 00:00:02.087959,6,200,10,COMPLETE
548,548,-0.32139865455030225,0.11250990203047673,2024-05-10 17:11:19.822119,2024-05-10 17:11:21.335509,0 days 00:00:01.513390,3,137,10,COMPLETE
549,549,-0.3158753078213712,0.11074847172036514,2024-05-10 17:11:21.344535,2024-05-10 17:11:24.150775,0 days 00:00:02.806240,7,159,10,COMPLETE
550,550,-0.9042863468205976,0.1661777663780466,2024-05-10 17:11:24.155202,2024-05-10 17:11:28.232277,0 days 00:00:04.077075,99,132,11,COMPLETE
551,551,-0.9776561348044746,0.17185735178285338,2024-05-10 17:11:28.250458,2024-05-10 17:11:34.756950,0 days 00:00:06.506492,60,55,11,COMPLETE
552,552,-0.1901687748615278,0.10674700843763771,2024-05-10 17:11:34.763162,2024-05-10 17:11:35.662350,0 days 00:00:00.899188,5,78,11,COMPLETE
553,553,-2.0671702829875853,0.2072960005131128,2024-05-10 17:11:35.667985,2024-05-10 17:11:40.988336,0 days 00:00:05.320351,74,132,11,COMPLETE
554,554,-0.4926439733310959,0.12136214776339338,2024-05-10 17:11:40.991258,2024-05-10 17:11:42.992595,0 days 00:00:02.001337,5,148,11,COMPLETE
555,555,-2.254493209632404,0.1956566319077216,2024-05-10 17:11:43.001058,2024-05-10 17:11:44.057604,0 days 00:00:01.056546,32,121,11,COMPLETE
556,556,-0.4324610028728427,0.11370291443131648,2024-05-10 17:11:44.062336,2024-05-10 17:11:46.407597,0 days 00:00:02.345261,5,112,11,COMPLETE
557,557,-0.22347076372087354,0.11161342706761719,2024-05-10 17:11:46.415376,2024-05-10 17:11:48.333474,0 days 00:00:01.918098,5,55,11,COMPLETE
558,558,-0.27274499534642727,0.11660755968596237,2024-05-10 17:11:48.338318,2024-05-10 17:11:54.219018,0 days 00:00:05.880700,5,144,11,COMPLETE
559,559,-0.2966270690705858,0.11506197329832006,2024-05-10 17:11:54.226120,2024-05-10 17:11:55.153703,0 days 00:00:00.927583,5,83,11,COMPLETE
560,560,-0.49919722376329034,0.14679807256707395,2024-05-10 17:11:55.165178,2024-05-10 17:11:58.043319,0 days 00:00:02.878141,15,206,11,COMPLETE
561,561,-0.9601702532804556,0.1710433299097966,2024-05-10 17:11:58.047346,2024-05-10 17:12:03.757543,0 days 00:00:05.710197,71,95,11,COMPLETE
562,562,-0.234587938928058,0.10708118661330353,2024-05-10 17:12:03.766430,2024-05-10 17:12:05.149439,0 days 00:00:01.383009,3,163,11,COMPLETE
563,563,-1.806883894217154,0.19787283510660955,2024-05-10 17:12:05.167125,2024-05-10 17:12:05.965583,0 days 00:00:00.798458,28,45,11,COMPLETE
564,564,-0.14138840880463857,0.1088416293311194,2024-05-10 17:12:05.977048,2024-05-10 17:12:07.804858,0 days 00:00:01.827810,5,24,11,COMPLETE
565,565,-1.1173396362726744,0.17717430217388125,2024-05-10 17:12:07.808847,2024-05-10 17:12:11.796445,0 days 00:00:03.987598,75,45,11,COMPLETE
566,566,-1.076522398572752,0.17392077128710345,2024-05-10 17:12:11.812171,2024-05-10 17:12:16.552480,0 days 00:00:04.740309,45,193,11,COMPLETE
567,567,-0.29363558736491285,0.11072275830243761,2024-05-10 17:12:16.559149,2024-05-10 17:12:21.525453,0 days 00:00:04.966304,5,72,11,COMPLETE
568,568,-1.533014291010403,0.19269222367810662,2024-05-10 17:12:21.536520,2024-05-10 17:12:23.416410,0 days 00:00:01.879890,44,144,11,COMPLETE
569,569,-1.457826908060754,0.18109701889263918,2024-05-10 17:12:23.421272,2024-05-10 17:12:26.040067,0 days 00:00:02.618795,30,213,11,COMPLETE
570,570,-0.6055402643690634,0.14912496655510238,2024-05-10 17:12:26.057628,2024-05-10 17:12:36.351544,0 days 00:00:10.293916,69,179,11,COMPLETE
571,571,-0.5967733744587621,0.14365253299537542,2024-05-10 17:12:36.369004,2024-05-10 17:12:40.149585,0 days 00:00:03.780581,73,9,11,COMPLETE
572,572,-4.304613469751165,0.22597902959297617,2024-05-10 17:12:40.153436,2024-05-10 17:12:41.552020,0 days 00:00:01.398584,21,207,11,COMPLETE
573,573,-0.2339952768138449,0.1182536460720605,2024-05-10 17:12:41.556476,2024-05-10 17:12:42.198720,0 days 00:00:00.642244,5,42,11,COMPLETE
574,574,-0.686468069291877,0.15296425406977848,2024-05-10 17:12:42.198720,2024-05-10 17:12:48.962030,0 days 00:00:06.763310,62,41,11,COMPLETE
575,575,-0.1595274906964234,0.1103142221716051,2024-05-10 17:12:48.971911,2024-05-10 17:12:50.536240,0 days 00:00:01.564329,5,55,11,COMPLETE
576,576,-0.8099031199542097,0.15621026272698474,2024-05-10 17:12:50.540638,2024-05-10 17:12:57.788796,0 days 00:00:07.248158,71,31,11,COMPLETE
577,577,-0.1420478799216401,0.10554890464372702,2024-05-10 17:12:57.794408,2024-05-10 17:12:58.858798,0 days 00:00:01.064390,5,62,11,COMPLETE
578,578,-0.2744522424232444,0.1051334866202436,2024-05-10 17:12:58.864766,2024-05-10 17:13:02.707111,0 days 00:00:03.842345,5,91,11,COMPLETE
579,579,-0.7599343842434334,0.15666260838912843,2024-05-10 17:13:02.717441,2024-05-10 17:13:03.639888,0 days 00:00:00.922447,21,43,11,COMPLETE
580,580,0.02637768913502463,0.11381350862966137,2024-05-10 17:13:03.652954,2024-05-10 17:13:11.269105,0 days 00:00:07.616151,56,3,11,COMPLETE
581,581,-1.141053713587715,0.17528032954764067,2024-05-10 17:13:11.273980,2024-05-10 17:13:20.093884,0 days 00:00:08.819904,55,206,11,COMPLETE
582,582,-0.5679145670065655,0.14381803081333625,2024-05-10 17:13:20.103003,2024-05-10 17:13:27.639876,0 days 00:00:07.536873,33,23,11,COMPLETE
583,583,-0.69680902860491,0.12624715284125831,2024-05-10 17:13:27.648056,2024-05-10 17:13:33.226915,0 days 00:00:05.578859,5,16,11,COMPLETE
584,584,-2.4627069574932423,0.23070822849292033,2024-05-10 17:13:33.232826,2024-05-10 17:13:34.658919,0 days 00:00:01.426093,28,144,11,COMPLETE
585,585,-0.8607165769109766,0.15367195232160757,2024-05-10 17:13:34.666027,2024-05-10 17:13:39.857211,0 days 00:00:05.191184,83,132,11,COMPLETE
586,586,-0.40641230082806923,0.1387488680187477,2024-05-10 17:13:39.863853,2024-05-10 17:13:43.771053,0 days 00:00:03.907200,9,147,11,COMPLETE
587,587,-14.948578825186468,0.3795892624883825,2024-05-10 17:13:43.779491,2024-05-10 17:13:46.687665,0 days 00:00:02.908174,89,84,11,COMPLETE
588,588,-0.21667108851485306,0.10985942348244153,2024-05-10 17:13:46.691387,2024-05-10 17:13:52.940889,0 days 00:00:06.249502,5,80,11,COMPLETE
589,589,-2.2139099685181884,0.2093105500578342,2024-05-10 17:13:52.951551,2024-05-10 17:13:57.033045,0 days 00:00:04.081494,39,159,11,COMPLETE
590,590,-1.7534493389537065,0.192639536175358,2024-05-10 17:13:57.043724,2024-05-10 17:13:59.481835,0 days 00:00:02.438111,81,167,11,COMPLETE
591,591,-2.3796665433503152,0.2254593536049657,2024-05-10 17:13:59.491382,2024-05-10 17:14:02.680469,0 days 00:00:03.189087,61,38,11,COMPLETE
592,592,-0.25930031255237995,0.13381587379087065,2024-05-10 17:14:02.694844,2024-05-10 17:14:04.196644,0 days 00:00:01.501800,16,42,11,COMPLETE
593,593,-0.2832808576438979,0.10459753582376723,2024-05-10 17:14:04.196644,2024-05-10 17:14:08.511369,0 days 00:00:04.314725,3,128,11,COMPLETE
594,594,-0.23136368572475866,0.11984484081016919,2024-05-10 17:14:08.529871,2024-05-10 17:14:09.727403,0 days 00:00:01.197532,5,47,11,COMPLETE
595,595,-0.9446587851015605,0.16610931747061922,2024-05-10 17:14:09.745927,2024-05-10 17:14:15.166476,0 days 00:00:05.420549,91,55,11,COMPLETE
596,596,-0.22248385201235724,0.110735214777627,2024-05-10 17:14:15.176168,2024-05-10 17:14:16.074425,0 days 00:00:00.898257,4,132,11,COMPLETE
597,597,-0.24938796806273905,0.11012222459910732,2024-05-10 17:14:16.079216,2024-05-10 17:14:17.183245,0 days 00:00:01.104029,5,55,11,COMPLETE
598,598,-0.2137845626990666,0.11218356650892196,2024-05-10 17:14:17.187249,2024-05-10 17:14:21.530420,0 days 00:00:04.343171,5,163,11,COMPLETE
599,599,-1.1231489067611107,0.16288269484973167,2024-05-10 17:14:21.535766,2024-05-10 17:14:25.503633,0 days 00:00:03.967867,51,35,11,COMPLETE
600,600,-2.264281639983667,0.20912775571406977,2024-05-10 17:14:25.507621,2024-05-10 17:14:26.953005,0 days 00:00:01.445384,37,55,12,COMPLETE
601,601,-1.643426774162561,0.18851062107513733,2024-05-10 17:14:26.960314,2024-05-10 17:14:31.235424,0 days 00:00:04.275110,60,72,12,COMPLETE
602,602,-1.7619648608391714,0.18894397717018557,2024-05-10 17:14:31.244775,2024-05-10 17:14:32.539204,0 days 00:00:01.294429,18,146,12,COMPLETE
603,603,-1.0108663130153475,0.16113972423671052,2024-05-10 17:14:32.546691,2024-05-10 17:14:36.698664,0 days 00:00:04.151973,72,72,12,COMPLETE
604,604,-1.366100584902495,0.19113824873058793,2024-05-10 17:14:36.703802,2024-05-10 17:14:40.380492,0 days 00:00:03.676690,53,78,12,COMPLETE
605,605,-0.5771228575069738,0.13713943959474645,2024-05-10 17:14:40.390017,2024-05-10 17:14:42.452053,0 days 00:00:02.062036,16,164,12,COMPLETE
606,606,-0.39981733708088313,0.11645895442262308,2024-05-10 17:14:42.456693,2024-05-10 17:14:43.678815,0 days 00:00:01.222122,5,183,12,COMPLETE
607,607,-1.1726646173835291,0.1760729984694456,2024-05-10 17:14:43.696527,2024-05-10 17:14:47.610577,0 days 00:00:03.914050,72,158,12,COMPLETE
608,608,-2.091018301156661,0.20179726165941422,2024-05-10 17:14:47.625155,2024-05-10 17:14:50.109269,0 days 00:00:02.484114,26,38,12,COMPLETE
609,609,-1.1192297393938477,0.17808286718799535,2024-05-10 17:14:50.120926,2024-05-10 17:14:51.408840,0 days 00:00:01.287914,35,137,12,COMPLETE
610,610,-0.27359466998690796,0.10970475025943252,2024-05-10 17:14:51.417839,2024-05-10 17:14:52.874736,0 days 00:00:01.456897,3,158,12,COMPLETE
