,number,values_0,values_1,datetime_start,datetime_complete,duration,params_dim,params_window_length,system_attrs_nsga2:generation,state
914,914,-6.453537142360469,0.26316311609423554,2024-05-10 17:33:18.084416,2024-05-10 17:33:21.257452,0 days 00:00:03.173036,36,191,18,COMPLETE
915,915,-0.19614035819213158,0.10814727465524791,2024-05-10 17:33:21.260545,2024-05-10 17:33:22.206175,0 days 00:00:00.945630,3,144,18,COMPLETE
916,916,-1.6127869403649036,0.19494750510040598,2024-05-10 17:33:22.206175,2024-05-10 17:33:28.261081,0 days 00:00:06.054906,49,146,18,COMPLETE
917,917,-1.8330611118784936,0.19688391553273024,2024-05-10 17:33:28.266318,2024-05-10 17:33:31.153287,0 days 00:00:02.886969,67,42,18,COMPLETE
918,918,-0.2703147555028843,0.10889778515806343,2024-05-10 17:33:31.160867,2024-05-10 17:33:32.360685,0 days 00:00:01.199818,3,78,18,COMPLETE
919,919,-0.27523872577354835,0.11662672597682408,2024-05-10 17:33:32.364865,2024-05-10 17:33:33.704280,0 days 00:00:01.339415,6,61,18,COMPLETE
920,920,-1.06500911722465,0.17334343106671868,2024-05-10 17:33:33.709824,2024-05-10 17:33:37.524714,0 days 00:00:03.814890,84,41,18,COMPLETE
921,921,-0.5340041459253989,0.14475084759086526,2024-05-10 17:33:37.531872,2024-05-10 17:33:43.388733,0 days 00:00:05.856861,93,179,18,COMPLETE
922,922,-0.31967779382932193,0.1152171048942116,2024-05-10 17:33:43.388733,2024-05-10 17:33:44.754705,0 days 00:00:01.365972,4,117,18,COMPLETE
923,923,-1.049880253054673,0.16179520698586508,2024-05-10 17:33:44.760616,2024-05-10 17:33:49.543906,0 days 00:00:04.783290,56,3,18,COMPLETE
924,924,-0.7411757952798395,0.12642069297320535,2024-05-10 17:33:49.543906,2024-05-10 17:33:54.509407,0 days 00:00:04.965501,5,78,18,COMPLETE
925,925,-1.0795640209241497,0.16887802034968077,2024-05-10 17:33:54.515220,2024-05-10 17:33:56.166320,0 days 00:00:01.651100,18,41,18,COMPLETE
926,926,-0.2979945777940157,0.11827409864115476,2024-05-10 17:33:56.177316,2024-05-10 17:34:00.753440,0 days 00:00:04.576124,6,213,18,COMPLETE
927,927,-1.0753011444443312,0.16792604949031747,2024-05-10 17:34:00.758207,2024-05-10 17:34:07.708505,0 days 00:00:06.950298,39,191,18,COMPLETE
928,928,-1.57255340715272,0.19284474907243196,2024-05-10 17:34:07.713426,2024-05-10 17:34:09.211529,0 days 00:00:01.498103,72,91,18,COMPLETE
929,929,-0.1633511882422562,0.10992582775719646,2024-05-10 17:34:09.215307,2024-05-10 17:34:12.167350,0 days 00:00:02.952043,5,44,18,COMPLETE
930,930,-0.4492877531914585,0.14848644797219185,2024-05-10 17:34:12.176096,2024-05-10 17:34:13.666808,0 days 00:00:01.490712,20,208,18,COMPLETE
931,931,-0.4141759434833478,0.1440096584883322,2024-05-10 17:34:13.667840,2024-05-10 17:34:15.525895,0 days 00:00:01.858055,17,18,18,COMPLETE
932,932,-0.5029941446362287,0.14999056033885075,2024-05-10 17:34:15.525895,2024-05-10 17:34:18.131580,0 days 00:00:02.605685,16,36,18,COMPLETE
933,933,-0.12007185869906616,0.10889964418290139,2024-05-10 17:34:18.142589,2024-05-10 17:34:23.420984,0 days 00:00:05.278395,6,144,18,COMPLETE
934,934,-0.23744412750495608,0.11843222038078746,2024-05-10 17:34:23.429101,2024-05-10 17:34:26.669575,0 days 00:00:03.240474,5,120,18,COMPLETE
935,935,-0.6534395746277168,0.1543492535977312,2024-05-10 17:34:26.675251,2024-05-10 17:34:36.394203,0 days 00:00:09.718952,84,158,18,COMPLETE
936,936,-1.0763664061159957,0.17514050797566666,2024-05-10 17:34:36.398589,2024-05-10 17:34:45.027988,0 days 00:00:08.629399,88,176,18,COMPLETE
937,937,-0.6919032461120764,0.1509919025448891,2024-05-10 17:34:45.036785,2024-05-10 17:34:50.843138,0 days 00:00:05.806353,16,133,18,COMPLETE
938,938,-0.7180005334502797,0.15294449888303344,2024-05-10 17:34:50.852545,2024-05-10 17:34:56.656259,0 days 00:00:05.803714,66,4,18,COMPLETE
939,939,-0.2936357202295879,0.11258546992526178,2024-05-10 17:34:56.664647,2024-05-10 17:35:00.613709,0 days 00:00:03.949062,5,44,18,COMPLETE
940,940,-1.780434465650199,0.20645615652068444,2024-05-10 17:35:00.621891,2024-05-10 17:35:02.520493,0 days 00:00:01.898602,28,75,18,COMPLETE
941,941,-0.842303087739881,0.1258338312661134,2024-05-10 17:35:02.530028,2024-05-10 17:35:04.994999,0 days 00:00:02.464971,5,86,18,COMPLETE
942,942,-0.6857678992529319,0.1576636623733661,2024-05-10 17:35:04.996023,2024-05-10 17:35:14.964705,0 days 00:00:09.968682,83,57,18,COMPLETE
943,943,-0.3196550036880226,0.11836892214101188,2024-05-10 17:35:14.964705,2024-05-10 17:35:15.972578,0 days 00:00:01.007873,4,115,18,COMPLETE
944,944,-0.1722458153866922,0.1076674669776548,2024-05-10 17:35:15.973578,2024-05-10 17:35:17.181382,0 days 00:00:01.207804,5,86,18,COMPLETE
945,945,-0.2207844046268738,0.10628214979807449,2024-05-10 17:35:17.191376,2024-05-10 17:35:22.112691,0 days 00:00:04.921315,5,62,18,COMPLETE
946,946,-0.8602992796253032,0.13517864629579474,2024-05-10 17:35:22.117812,2024-05-10 17:35:25.204676,0 days 00:00:03.086864,5,91,18,COMPLETE
947,947,-1.118340794806646,0.17188289131509188,2024-05-10 17:35:25.209536,2024-05-10 17:35:27.683891,0 days 00:00:02.474355,34,25,18,COMPLETE
948,948,-0.7195150165604944,0.1443738685671924,2024-05-10 17:35:27.683891,2024-05-10 17:35:34.297702,0 days 00:00:06.613811,28,3,18,COMPLETE
949,949,-0.9211032629328606,0.16331131461843792,2024-05-10 17:35:34.303224,2024-05-10 17:35:36.481011,0 days 00:00:02.177787,94,161,18,COMPLETE
950,950,-1.0633607724745116,0.15625657566990636,2024-05-10 17:35:36.488087,2024-05-10 17:35:42.881899,0 days 00:00:06.393812,100,144,19,COMPLETE
951,951,-1.1216923697367966,0.17372318249351412,2024-05-10 17:35:42.885655,2024-05-10 17:35:48.233326,0 days 00:00:05.347671,38,88,19,COMPLETE
952,952,-0.573897289299824,0.14738733062268053,2024-05-10 17:35:48.241510,2024-05-10 17:35:54.805157,0 days 00:00:06.563647,69,54,19,COMPLETE
953,953,-1.2573284735925276,0.17886753596002927,2024-05-10 17:35:54.810483,2024-05-10 17:35:58.536817,0 days 00:00:03.726334,49,185,19,COMPLETE
954,954,-1.0796104588600623,0.16983777317856302,2024-05-10 17:35:58.544624,2024-05-10 17:36:02.552780,0 days 00:00:04.008156,99,159,19,COMPLETE
955,955,-0.9660963033308378,0.1383866771812205,2024-05-10 17:36:02.560805,2024-05-10 17:36:05.209026,0 days 00:00:02.648221,6,179,19,COMPLETE
956,956,-0.4153218332859856,0.1393503311570634,2024-05-10 17:36:05.216169,2024-05-10 17:36:07.322128,0 days 00:00:02.105959,19,191,19,COMPLETE
957,957,-2.347501061704552,0.16575276849511308,2024-05-10 17:36:07.326852,2024-05-10 17:36:11.523031,0 days 00:00:04.196179,5,211,19,COMPLETE
958,958,-0.2625083952863071,0.11439294939884434,2024-05-10 17:36:11.532474,2024-05-10 17:36:14.166427,0 days 00:00:02.633953,4,203,19,COMPLETE
959,959,-0.21173813376575348,0.10828512739551774,2024-05-10 17:36:14.168421,2024-05-10 17:36:18.144380,0 days 00:00:03.975959,5,76,19,COMPLETE
960,960,-0.8806000592840002,0.16175374783468882,2024-05-10 17:36:18.149457,2024-05-10 17:36:24.254394,0 days 00:00:06.104937,87,41,19,COMPLETE
961,961,-1.2206665644222845,0.17898162967601486,2024-05-10 17:36:24.258347,2024-05-10 17:36:31.839818,0 days 00:00:07.581471,88,46,19,COMPLETE
962,962,-1.408272578410508,0.19171081582882396,2024-05-10 17:36:31.847674,2024-05-10 17:36:34.196187,0 days 00:00:02.348513,51,41,19,COMPLETE
963,963,-0.38527541226082374,0.10692002072654513,2024-05-10 17:36:34.201753,2024-05-10 17:36:38.020903,0 days 00:00:03.819150,4,41,19,COMPLETE
964,964,-0.25195741448550063,0.10728102195959825,2024-05-10 17:36:38.023893,2024-05-10 17:36:39.102152,0 days 00:00:01.078259,3,118,19,COMPLETE
965,965,-0.23565151679926627,0.11765362719725199,2024-05-10 17:36:39.109748,2024-05-10 17:36:40.143508,0 days 00:00:01.033760,5,158,19,COMPLETE
966,966,-0.1748004331856489,0.10513716951616403,2024-05-10 17:36:40.151555,2024-05-10 17:36:42.135009,0 days 00:00:01.983454,5,78,19,COMPLETE
967,967,-0.3479037184031608,0.12661138545125988,2024-05-10 17:36:42.136994,2024-05-10 17:36:42.896942,0 days 00:00:00.759948,5,38,19,COMPLETE
968,968,-0.18267662149663697,0.1108417413250192,2024-05-10 17:36:42.901052,2024-05-10 17:36:44.088825,0 days 00:00:01.187773,5,190,19,COMPLETE
969,969,-2.001050846170811,0.19546481854092188,2024-05-10 17:36:44.093218,2024-05-10 17:36:49.680932,0 days 00:00:05.587714,82,55,19,COMPLETE
970,970,-0.4286615017269214,0.11835653765576273,2024-05-10 17:36:49.688333,2024-05-10 17:36:52.329672,0 days 00:00:02.641339,5,187,19,COMPLETE
971,971,-1.4647782661671778,0.1811840320287662,2024-05-10 17:36:52.335352,2024-05-10 17:36:59.309854,0 days 00:00:06.974502,52,86,19,COMPLETE
972,972,-0.4701711809779149,0.12685066598794345,2024-05-10 17:36:59.318410,2024-05-10 17:37:03.974509,0 days 00:00:04.656099,5,158,19,COMPLETE
973,973,-0.5305271170382758,0.14053277733321579,2024-05-10 17:37:03.974509,2024-05-10 17:37:13.845439,0 days 00:00:09.870930,53,52,19,COMPLETE
974,974,-1.9753028285457095,0.20144652146582526,2024-05-10 17:37:13.852021,2024-05-10 17:37:15.620512,0 days 00:00:01.768491,73,171,19,COMPLETE
975,975,-0.18871947755808374,0.11029904979715292,2024-05-10 17:37:15.628884,2024-05-10 17:37:16.943957,0 days 00:00:01.315073,5,55,19,COMPLETE
976,976,-1.613732051590361,0.20083222128413034,2024-05-10 17:37:16.955539,2024-05-10 17:37:17.627893,0 days 00:00:00.672354,38,132,19,COMPLETE
977,977,-1.891108409500037,0.20189394683089135,2024-05-10 17:37:17.633309,2024-05-10 17:37:20.642168,0 days 00:00:03.008859,46,24,19,COMPLETE
978,978,-2.0638011094888546,0.19109883721176107,2024-05-10 17:37:20.661312,2024-05-10 17:37:22.246031,0 days 00:00:01.584719,13,173,19,COMPLETE
979,979,-2.0810181186416843,0.20655976844621513,2024-05-10 17:37:22.249653,2024-05-10 17:37:24.333126,0 days 00:00:02.083473,92,138,19,COMPLETE
980,980,-0.6934330674602308,0.15150164233390606,2024-05-10 17:37:24.338400,2024-05-10 17:37:27.306032,0 days 00:00:02.967632,48,160,19,COMPLETE
981,981,-0.20134270335399732,0.10503140699531925,2024-05-10 17:37:27.315219,2024-05-10 17:37:33.369901,0 days 00:00:06.054682,5,83,19,COMPLETE
982,982,-1.9524916505508227,0.20430408844243378,2024-05-10 17:37:33.369901,2024-05-10 17:37:35.162883,0 days 00:00:01.792982,25,182,19,COMPLETE
983,983,-2.2335024759422,0.21587928697277287,2024-05-10 17:37:35.166870,2024-05-10 17:37:39.617097,0 days 00:00:04.450227,82,45,19,COMPLETE
984,984,-0.2745608941485659,0.11290035441543408,2024-05-10 17:37:39.625354,2024-05-10 17:37:40.724861,0 days 00:00:01.099507,5,103,19,COMPLETE
985,985,-0.26713469116701105,0.11528530976276767,2024-05-10 17:37:40.732414,2024-05-10 17:37:43.132222,0 days 00:00:02.399808,5,190,19,COMPLETE
986,986,-1.2717001549908884,0.17533552873566868,2024-05-10 17:37:43.138623,2024-05-10 17:37:47.880179,0 days 00:00:04.741556,38,86,19,COMPLETE
987,987,-1.3470025595025819,0.14461484150343742,2024-05-10 17:37:47.889274,2024-05-10 17:37:51.103694,0 days 00:00:03.214420,5,91,19,COMPLETE
988,988,-1.8562186833457788,0.20761534782575905,2024-05-10 17:37:51.113233,2024-05-10 17:37:52.287317,0 days 00:00:01.174084,65,191,19,COMPLETE
989,989,-0.9925623344614692,0.15992634535604427,2024-05-10 17:37:52.296688,2024-05-10 17:38:00.151965,0 days 00:00:07.855277,46,191,19,COMPLETE
990,990,-0.7035951287590749,0.15519880846946998,2024-05-10 17:38:00.157119,2024-05-10 17:38:08.088070,0 days 00:00:07.930951,81,201,19,COMPLETE
991,991,-0.6567871096089564,0.14365026873795458,2024-05-10 17:38:08.097227,2024-05-10 17:38:12.419281,0 days 00:00:04.322054,20,199,19,COMPLETE
992,992,-0.18254324139063255,0.11015620852263355,2024-05-10 17:38:12.427325,2024-05-10 17:38:14.101789,0 days 00:00:01.674464,5,87,19,COMPLETE
993,993,-0.20079306483052517,0.11385614250870173,2024-05-10 17:38:14.111842,2024-05-10 17:38:15.893517,0 days 00:00:01.781675,5,118,19,COMPLETE
994,994,-0.5430374361320404,0.13394894357342144,2024-05-10 17:38:15.897624,2024-05-10 17:38:16.875441,0 days 00:00:00.977817,10,38,19,COMPLETE
995,995,-0.1733746441228156,0.1126633516906111,2024-05-10 17:38:16.880675,2024-05-10 17:38:20.240796,0 days 00:00:03.360121,5,62,19,COMPLETE
996,996,-1.295184684226397,0.181541620678698,2024-05-10 17:38:20.247425,2024-05-10 17:38:23.672448,0 days 00:00:03.425023,70,158,19,COMPLETE
997,997,-0.19829547275763565,0.10619838458884008,2024-05-10 17:38:23.679953,2024-05-10 17:38:24.871960,0 days 00:00:01.192007,5,38,19,COMPLETE
998,998,-0.8467831786095319,0.15397467715583305,2024-05-10 17:38:24.880370,2024-05-10 17:38:27.096073,0 days 00:00:02.215703,45,45,19,COMPLETE
999,999,-0.14677172888824752,0.10952642952886438,2024-05-10 17:38:27.100035,2024-05-10 17:38:28.603430,0 days 00:00:01.503395,5,203,19,COMPLETE
