,number,values_0,values_1,datetime_start,datetime_complete,duration,params_dim,params_window_length,system_attrs_nsga2:generation,state
306,306,-1.2979301587171184,0.1848487127107719,2024-05-10 16:56:57.133966,2024-05-10 16:57:01.667291,0 days 00:00:04.533325,68,158,6,COMPLETE
307,307,-0.2490230441748456,0.11079111223651487,2024-05-10 16:57:01.667291,2024-05-10 16:57:02.682468,0 days 00:00:01.015177,3,109,6,COMPLETE
308,308,-0.7311849851910234,0.1504722553087814,2024-05-10 16:57:02.682468,2024-05-10 16:57:11.049621,0 days 00:00:08.367153,33,6,6,COMPLETE
309,309,-0.8164249765413405,0.1545675570768116,2024-05-10 16:57:11.049621,2024-05-10 16:57:17.216104,0 days 00:00:06.166483,76,140,6,COMPLETE
310,310,-0.16686852851140843,0.12381139436355063,2024-05-10 16:57:17.220282,2024-05-10 16:57:23.824051,0 days 00:00:06.603769,48,6,6,COMPLETE
311,311,-2.3296702759439505,0.20833022550859842,2024-05-10 16:57:23.824051,2024-05-10 16:57:30.204959,0 days 00:00:06.380908,40,78,6,COMPLETE
312,312,-1.270222283318844,0.1830315327806457,2024-05-10 16:57:30.204959,2024-05-10 16:57:37.068290,0 days 00:00:06.863331,72,144,6,COMPLETE
313,313,-0.5468431881952354,0.12133578450412952,2024-05-10 16:57:37.072546,2024-05-10 16:57:38.443035,0 days 00:00:01.370489,5,72,6,COMPLETE
314,314,-0.42727332546349767,0.12023022196187365,2024-05-10 16:57:38.447628,2024-05-10 16:57:41.537380,0 days 00:00:03.089752,3,87,6,COMPLETE
315,315,-0.14548635210867497,0.11012818415118937,2024-05-10 16:57:41.541931,2024-05-10 16:57:42.798062,0 days 00:00:01.256131,5,45,6,COMPLETE
316,316,-1.36640466754023,0.18968564752877703,2024-05-10 16:57:42.798062,2024-05-10 16:57:49.168846,0 days 00:00:06.370784,80,60,6,COMPLETE
317,317,-0.19475269312755306,0.1251023188114258,2024-05-10 16:57:49.172021,2024-05-10 16:57:54.108190,0 days 00:00:04.936169,24,5,6,COMPLETE
318,318,-1.8488872549958806,0.18109316608180204,2024-05-10 16:57:54.112398,2024-05-10 16:57:57.875531,0 days 00:00:03.763133,48,58,6,COMPLETE
319,319,-1.2484636842545658,0.17911475943878385,2024-05-10 16:57:57.879581,2024-05-10 16:58:01.653807,0 days 00:00:03.774226,71,55,6,COMPLETE
320,320,-0.3696765664646819,0.10519150341315242,2024-05-10 16:58:01.658293,2024-05-10 16:58:09.396259,0 days 00:00:07.737966,4,103,6,COMPLETE
321,321,-0.26770159101728097,0.11700377838549592,2024-05-10 16:58:09.404695,2024-05-10 16:58:10.621445,0 days 00:00:01.216750,4,119,6,COMPLETE
322,322,-0.1700253616270547,0.10567389631754016,2024-05-10 16:58:10.626885,2024-05-10 16:58:14.320486,0 days 00:00:03.693601,5,42,6,COMPLETE
323,323,-1.9291270071576097,0.19734913041374763,2024-05-10 16:58:14.334524,2024-05-10 16:58:19.449406,0 days 00:00:05.114882,51,89,6,COMPLETE
324,324,-0.799157264454139,0.1589566149137832,2024-05-10 16:58:19.464285,2024-05-10 16:58:28.494547,0 days 00:00:09.030262,99,79,6,COMPLETE
325,325,-0.2631314034945404,0.10771542625106711,2024-05-10 16:58:28.499769,2024-05-10 16:58:29.628214,0 days 00:00:01.128445,3,81,6,COMPLETE
326,326,-6.7320235854163855,0.2163658232264686,2024-05-10 16:58:29.643878,2024-05-10 16:58:30.859174,0 days 00:00:01.215296,4,103,6,COMPLETE
327,327,-0.2214715227601182,0.11348517859611831,2024-05-10 16:58:30.861165,2024-05-10 16:58:31.991750,0 days 00:00:01.130585,4,60,6,COMPLETE
328,328,-1.8804940188486488,0.19864643681478283,2024-05-10 16:58:31.995593,2024-05-10 16:58:35.357096,0 days 00:00:03.361503,86,178,6,COMPLETE
329,329,-0.2120726291477018,0.10478890319175345,2024-05-10 16:58:35.358097,2024-05-10 16:58:36.474323,0 days 00:00:01.116226,3,146,6,COMPLETE
330,330,-2.2598656464249873,0.21287416084458957,2024-05-10 16:58:36.488378,2024-05-10 16:58:38.120356,0 days 00:00:01.631978,42,183,6,COMPLETE
331,331,-0.4505217462471471,0.1171232316781129,2024-05-10 16:58:38.123679,2024-05-10 16:58:39.239710,0 days 00:00:01.116031,3,115,6,COMPLETE
332,332,-0.8527537656266961,0.1600349600829003,2024-05-10 16:58:39.239710,2024-05-10 16:58:44.005276,0 days 00:00:04.765566,79,122,6,COMPLETE
333,333,-2.148603011269528,0.20095110458663185,2024-05-10 16:58:44.012114,2024-05-10 16:58:53.150192,0 days 00:00:09.138078,85,48,6,COMPLETE
334,334,-0.16695471701134434,0.11272798878232418,2024-05-10 16:58:53.150192,2024-05-10 16:58:55.183628,0 days 00:00:02.033436,5,173,6,COMPLETE
335,335,-0.42218788701191023,0.12276620308220179,2024-05-10 16:58:55.198949,2024-05-10 16:58:58.131270,0 days 00:00:02.932321,4,149,6,COMPLETE
336,336,-1.5946596842765228,0.1807850429722989,2024-05-10 16:58:58.140940,2024-05-10 16:59:01.680804,0 days 00:00:03.539864,27,11,6,COMPLETE
337,337,-3.140959218573511,0.1749586715983012,2024-05-10 16:59:01.691312,2024-05-10 16:59:02.745826,0 days 00:00:01.054514,3,39,6,COMPLETE
338,338,-3.174750468285277,0.2312278204936356,2024-05-10 16:59:02.763595,2024-05-10 16:59:07.661437,0 days 00:00:04.897842,38,67,6,COMPLETE
339,339,-1.2498662757413208,0.18510256679487352,2024-05-10 16:59:07.661437,2024-05-10 16:59:12.525963,0 days 00:00:04.864526,48,206,6,COMPLETE
340,340,-0.3031823342466085,0.11992072812152033,2024-05-10 16:59:12.532276,2024-05-10 16:59:14.390678,0 days 00:00:01.858402,4,191,6,COMPLETE
341,341,-0.6115396850965428,0.12664413757702042,2024-05-10 16:59:14.406430,2024-05-10 16:59:16.556486,0 days 00:00:02.150056,3,201,6,COMPLETE
342,342,-0.22537867111337198,0.10981323960920222,2024-05-10 16:59:16.556486,2024-05-10 16:59:19.071013,0 days 00:00:02.514527,4,121,6,COMPLETE
343,343,-0.5625185649978675,0.1488667857323662,2024-05-10 16:59:19.072043,2024-05-10 16:59:20.720278,0 days 00:00:01.648235,19,78,6,COMPLETE
344,344,-3.558277870779817,0.20850633161367255,2024-05-10 16:59:20.724755,2024-05-10 16:59:30.213087,0 days 00:00:09.488332,5,5,6,COMPLETE
345,345,-0.16324555818677672,0.11257724282938864,2024-05-10 16:59:30.217078,2024-05-10 16:59:32.132860,0 days 00:00:01.915782,5,144,6,COMPLETE
346,346,-0.1468417016607225,0.10820077824538041,2024-05-10 16:59:32.142179,2024-05-10 16:59:33.297754,0 days 00:00:01.155575,5,38,6,COMPLETE
347,347,-0.3004430018906633,0.11829489265223717,2024-05-10 16:59:33.300716,2024-05-10 16:59:34.276825,0 days 00:00:00.976109,5,51,6,COMPLETE
348,348,-0.19608257219317057,0.11482168453665353,2024-05-10 16:59:34.283709,2024-05-10 16:59:36.706558,0 days 00:00:02.422849,5,72,6,COMPLETE
349,349,-0.2663407410228963,0.10538497413500811,2024-05-10 16:59:36.710916,2024-05-10 16:59:38.101093,0 days 00:00:01.390177,3,159,6,COMPLETE
350,350,-0.26801339775288846,0.10509859950828901,2024-05-10 16:59:38.105350,2024-05-10 16:59:39.205244,0 days 00:00:01.099894,3,146,7,COMPLETE
351,351,-0.2923352180042348,0.10925470533169215,2024-05-10 16:59:39.208378,2024-05-10 16:59:41.899598,0 days 00:00:02.691220,3,66,7,COMPLETE
352,352,-0.9333441722876736,0.16194057542278786,2024-05-10 16:59:41.901578,2024-05-10 16:59:45.532147,0 days 00:00:03.630569,98,76,7,COMPLETE
353,353,-0.28994439657905435,0.1084673363788238,2024-05-10 16:59:45.536639,2024-05-10 16:59:47.073064,0 days 00:00:01.536425,3,183,7,COMPLETE
354,354,-0.528933348618329,0.1449959036133641,2024-05-10 16:59:47.076909,2024-05-10 16:59:48.647930,0 days 00:00:01.571021,12,38,7,COMPLETE
355,355,-0.7082672594717521,0.15583300000527434,2024-05-10 16:59:48.652675,2024-05-10 16:59:57.741343,0 days 00:00:09.088668,49,209,7,COMPLETE
356,356,-0.9939998670573044,0.1717817814013139,2024-05-10 16:59:57.744806,2024-05-10 17:00:05.560750,0 days 00:00:07.815944,72,201,7,COMPLETE
357,357,-0.48842391133797464,0.11869226435116687,2024-05-10 17:00:05.560750,2024-05-10 17:00:07.183910,0 days 00:00:01.623160,3,55,7,COMPLETE
358,358,-0.34419659669757047,0.11203934794347355,2024-05-10 17:00:07.187810,2024-05-10 17:00:08.340663,0 days 00:00:01.152853,5,201,7,COMPLETE
359,359,-0.6334963519185872,0.1568551255329636,2024-05-10 17:00:08.344186,2024-05-10 17:00:09.734456,0 days 00:00:01.390270,20,138,7,COMPLETE
360,360,-1.2437112582604104,0.18158892020031298,2024-05-10 17:00:09.738574,2024-05-10 17:00:13.521136,0 days 00:00:03.782562,76,70,7,COMPLETE
361,361,-0.5959682571637507,0.1222774908165559,2024-05-10 17:00:13.524089,2024-05-10 17:00:17.083288,0 days 00:00:03.559199,3,195,7,COMPLETE
362,362,-0.21473817108004928,0.11117613301305507,2024-05-10 17:00:17.083288,2024-05-10 17:00:18.413542,0 days 00:00:01.330254,4,201,7,COMPLETE
363,363,-0.318797385567429,0.10849046849996365,2024-05-10 17:00:18.418320,2024-05-10 17:00:20.935258,0 days 00:00:02.516938,3,93,7,COMPLETE
364,364,-0.2966895396168213,0.11534593244105691,2024-05-10 17:00:20.940347,2024-05-10 17:00:21.907635,0 days 00:00:00.967288,3,12,7,COMPLETE
365,365,-0.19194692763384244,0.10864762429171886,2024-05-10 17:00:21.910497,2024-05-10 17:00:23.029539,0 days 00:00:01.119042,5,191,7,COMPLETE
366,366,-0.9206347075768143,0.1579687707579383,2024-05-10 17:00:23.032288,2024-05-10 17:00:28.230826,0 days 00:00:05.198538,57,6,7,COMPLETE
367,367,-0.5087228243401942,0.11439158870306221,2024-05-10 17:00:28.231859,2024-05-10 17:00:30.507655,0 days 00:00:02.275796,3,151,7,COMPLETE
368,368,-2.1958498015672467,0.21767856272449984,2024-05-10 17:00:30.513657,2024-05-10 17:00:32.656905,0 days 00:00:02.143248,42,103,7,COMPLETE
369,369,-0.23098343858758166,0.11199820886463034,2024-05-10 17:00:32.656905,2024-05-10 17:00:33.222979,0 days 00:00:00.566074,3,40,7,COMPLETE
370,370,-0.2723079443594561,0.10886621626667954,2024-05-10 17:00:33.223976,2024-05-10 17:00:35.414489,0 days 00:00:02.190513,4,103,7,COMPLETE
371,371,-0.20336066246190815,0.10517953178131009,2024-05-10 17:00:35.420265,2024-05-10 17:00:37.005826,0 days 00:00:01.585561,4,146,7,COMPLETE
372,372,-0.1877276862374723,0.11422851837733769,2024-05-10 17:00:37.005826,2024-05-10 17:00:37.673432,0 days 00:00:00.667606,5,168,7,COMPLETE
373,373,-0.5310829632544768,0.14652400386973968,2024-05-10 17:00:37.678753,2024-05-10 17:00:38.771718,0 days 00:00:01.092965,19,106,7,COMPLETE
374,374,-0.12971254727844808,0.10922789803312194,2024-05-10 17:00:38.779082,2024-05-10 17:00:40.845638,0 days 00:00:02.066556,6,144,7,COMPLETE
375,375,-0.1812792764945103,0.10885749111492604,2024-05-10 17:00:40.848873,2024-05-10 17:00:41.954676,0 days 00:00:01.105803,5,108,7,COMPLETE
376,376,-0.16585814964616166,0.1070117702825473,2024-05-10 17:00:41.955674,2024-05-10 17:00:43.701084,0 days 00:00:01.745410,5,80,7,COMPLETE
377,377,-0.23579446634482237,0.10475081595853433,2024-05-10 17:00:43.709685,2024-05-10 17:00:49.536506,0 days 00:00:05.826821,5,138,7,COMPLETE
378,378,-5.34331806279143,0.25230109277874335,2024-05-10 17:00:49.540298,2024-05-10 17:00:50.734011,0 days 00:00:01.193713,84,203,7,COMPLETE
379,379,-0.24761664607166822,0.11373112413212452,2024-05-10 17:00:50.734011,2024-05-10 17:00:52.729325,0 days 00:00:01.995314,5,151,7,COMPLETE
380,380,-0.5516479870698016,0.1168309775375285,2024-05-10 17:00:52.731872,2024-05-10 17:00:54.566330,0 days 00:00:01.834458,5,156,7,COMPLETE
381,381,-0.9449573287998941,0.16335830746503646,2024-05-10 17:00:54.566330,2024-05-10 17:00:57.429283,0 days 00:00:02.862953,37,90,7,COMPLETE
382,382,-0.6984856299506191,0.15333099174927814,2024-05-10 17:00:57.435733,2024-05-10 17:01:00.796915,0 days 00:00:03.361182,49,158,7,COMPLETE
383,383,-1.4889329315586242,0.183217675104522,2024-05-10 17:01:00.800361,2024-05-10 17:01:02.308151,0 days 00:00:01.507790,64,121,7,COMPLETE
384,384,-1.1618194148258982,0.17939033826528344,2024-05-10 17:01:02.309791,2024-05-10 17:01:06.437806,0 days 00:00:04.128015,98,132,7,COMPLETE
385,385,-2.2153634797811357,0.18022543544591635,2024-05-10 17:01:06.440925,2024-05-10 17:01:14.907876,0 days 00:00:08.466951,5,5,7,COMPLETE
386,386,-0.9184437085042259,0.1635027911157721,2024-05-10 17:01:14.909872,2024-05-10 17:01:20.955299,0 days 00:00:06.045427,78,132,7,COMPLETE
387,387,-2.6771472087340014,0.20172313111900494,2024-05-10 17:01:20.955299,2024-05-10 17:01:26.344092,0 days 00:00:05.388793,31,78,7,COMPLETE
388,388,-0.2212379491350404,0.10706897983612587,2024-05-10 17:01:26.351795,2024-05-10 17:01:27.991823,0 days 00:00:01.640028,3,179,7,COMPLETE
389,389,-1.0895469651466871,0.16503856617827511,2024-05-10 17:01:27.994125,2024-05-10 17:01:34.217535,0 days 00:00:06.223410,63,5,7,COMPLETE
390,390,-1.2361613802160727,0.17341574041614538,2024-05-10 17:01:34.226176,2024-05-10 17:01:36.416518,0 days 00:00:02.190342,68,38,7,COMPLETE
391,391,-0.3564105578006328,0.11765263595858996,2024-05-10 17:01:36.420600,2024-05-10 17:01:40.224942,0 days 00:00:03.804342,7,87,7,COMPLETE
392,392,-0.24331044802566418,0.10466836606716105,2024-05-10 17:01:40.228399,2024-05-10 17:01:41.903437,0 days 00:00:01.675038,3,41,7,COMPLETE
393,393,-1.0894170924878268,0.1727383566916357,2024-05-10 17:01:41.905820,2024-05-10 17:01:45.790089,0 days 00:00:03.884269,99,66,7,COMPLETE
394,394,-0.28620809017363186,0.12018328148717897,2024-05-10 17:01:45.793533,2024-05-10 17:01:49.095369,0 days 00:00:03.301836,5,76,7,COMPLETE
395,395,-1.7167804462886749,0.19062872132160638,2024-05-10 17:01:49.098981,2024-05-10 17:01:53.467667,0 days 00:00:04.368686,39,117,7,COMPLETE
396,396,-0.197473443903744,0.10478348373021326,2024-05-10 17:01:53.474475,2024-05-10 17:01:55.314924,0 days 00:00:01.840449,5,78,7,COMPLETE
397,397,-1.4602202591267615,0.18239894280574115,2024-05-10 17:01:55.318373,2024-05-10 17:01:58.618555,0 days 00:00:03.300182,74,144,7,COMPLETE
398,398,-0.2543391734447441,0.11011394145370498,2024-05-10 17:01:58.621473,2024-05-10 17:01:59.396102,0 days 00:00:00.774629,5,81,7,COMPLETE
399,399,-0.4003330996361287,0.14595760974449745,2024-05-10 17:01:59.397475,2024-05-10 17:02:00.500285,0 days 00:00:01.102810,14,72,7,COMPLETE
400,400,-0.9255218279266932,0.16618589709675943,2024-05-10 17:02:00.503246,2024-05-10 17:02:05.435350,0 days 00:00:04.932104,53,178,8,COMPLETE
401,401,-0.19675679448651162,0.10519077665367768,2024-05-10 17:02:05.439109,2024-05-10 17:02:07.754795,0 days 00:00:02.315686,5,91,8,COMPLETE
402,402,-2.129708433256797,0.20603621211383696,2024-05-10 17:02:07.756986,2024-05-10 17:02:09.630399,0 days 00:00:01.873413,49,58,8,COMPLETE
403,403,-1.4408739864239848,0.1888185700762588,2024-05-10 17:02:09.632845,2024-05-10 17:02:12.802856,0 days 00:00:03.170011,38,42,8,COMPLETE
404,404,-0.6004361722811778,0.15212247278884344,2024-05-10 17:02:12.806485,2024-05-10 17:02:18.559647,0 days 00:00:05.753162,72,42,8,COMPLETE
405,405,-0.8359213410988591,0.16050101501857708,2024-05-10 17:02:18.561420,2024-05-10 17:02:24.806530,0 days 00:00:06.245110,90,178,8,COMPLETE
406,406,-1.4641203515728307,0.18289304000901924,2024-05-10 17:02:24.811277,2024-05-10 17:02:34.037561,0 days 00:00:09.226284,33,82,8,COMPLETE
407,407,-0.22894311514436172,0.10497302787325787,2024-05-10 17:02:34.037561,2024-05-10 17:02:36.837975,0 days 00:00:02.800414,5,196,8,COMPLETE
408,408,-0.41224179690697493,0.11788308724388638,2024-05-10 17:02:36.849076,2024-05-10 17:02:40.117307,0 days 00:00:03.268231,5,104,8,COMPLETE
409,409,-0.28578179215119104,0.10900452888215233,2024-05-10 17:02:40.121693,2024-05-10 17:02:42.400857,0 days 00:00:02.279164,4,103,8,COMPLETE
410,410,-0.7986878053342451,0.14912360698705313,2024-05-10 17:02:42.405266,2024-05-10 17:02:45.881287,0 days 00:00:03.476021,59,158,8,COMPLETE
411,411,-0.03870011847085999,0.11889776319849374,2024-05-10 17:02:45.889273,2024-05-10 17:02:54.769554,0 days 00:00:08.880281,14,5,8,COMPLETE
412,412,-0.9380325671937759,0.17113754545323082,2024-05-10 17:02:54.773781,2024-05-10 17:02:57.827923,0 days 00:00:03.054142,72,79,8,COMPLETE
413,413,-0.3764206898467791,0.11158127872999643,2024-05-10 17:02:57.837464,2024-05-10 17:03:01.495251,0 days 00:00:03.657787,3,137,8,COMPLETE
414,414,-0.40670296586391486,0.12498101212023915,2024-05-10 17:03:01.499940,2024-05-10 17:03:03.907593,0 days 00:00:02.407653,6,36,8,COMPLETE
415,415,-1.1002074538749347,0.17716140682344844,2024-05-10 17:03:03.914928,2024-05-10 17:03:12.069695,0 days 00:00:08.154767,92,80,8,COMPLETE
416,416,-0.45879121683228946,0.14609710693155226,2024-05-10 17:03:12.069695,2024-05-10 17:03:13.888287,0 days 00:00:01.818592,9,81,8,COMPLETE
417,417,-0.8904247064931177,0.16558715507595548,2024-05-10 17:03:13.895502,2024-05-10 17:03:14.967932,0 days 00:00:01.072430,23,24,8,COMPLETE
418,418,-0.2368840388758963,0.10788574369905968,2024-05-10 17:03:14.979821,2024-05-10 17:03:19.036166,0 days 00:00:04.056345,3,158,8,COMPLETE
419,419,-0.20506345464300052,0.13190511578867567,2024-05-10 17:03:19.036166,2024-05-10 17:03:28.546446,0 days 00:00:09.510280,71,59,8,COMPLETE
420,420,-1.261970852986528,0.18607080853712615,2024-05-10 17:03:28.549999,2024-05-10 17:03:33.220904,0 days 00:00:04.670905,53,188,8,COMPLETE
421,421,-0.4006675657550671,0.11769560373295118,2024-05-10 17:03:33.225076,2024-05-10 17:03:38.218000,0 days 00:00:04.992924,5,67,8,COMPLETE
422,422,-1.6697160802521058,0.19830845451019358,2024-05-10 17:03:38.223362,2024-05-10 17:03:45.071253,0 days 00:00:06.847891,52,146,8,COMPLETE
423,423,-1.877735285949619,0.19195713771147765,2024-05-10 17:03:45.075159,2024-05-10 17:03:50.325349,0 days 00:00:05.250190,91,149,8,COMPLETE
424,424,-1.6898125254453054,0.19985794534106932,2024-05-10 17:03:50.329432,2024-05-10 17:03:51.447730,0 days 00:00:01.118298,32,144,8,COMPLETE
425,425,-2.1112375710370865,0.2107106366879262,2024-05-10 17:03:51.452525,2024-05-10 17:03:53.987657,0 days 00:00:02.535132,48,6,8,COMPLETE
426,426,-0.7071973783154497,0.1454759275760224,2024-05-10 17:03:54.001637,2024-05-10 17:04:05.548649,0 days 00:00:11.547012,42,72,8,COMPLETE
427,427,-0.7254277851948844,0.16412876288773362,2024-05-10 17:04:05.555231,2024-05-10 17:04:06.950713,0 days 00:00:01.395482,21,146,8,COMPLETE
428,428,-0.18796922884556042,0.10625127189127723,2024-05-10 17:04:06.950713,2024-05-10 17:04:11.318079,0 days 00:00:04.367366,5,41,8,COMPLETE
429,429,-0.5547798556957657,0.15379988602946643,2024-05-10 17:04:11.326395,2024-05-10 17:04:12.797484,0 days 00:00:01.471089,16,181,8,COMPLETE
430,430,-0.39407519111733486,0.13864195196817525,2024-05-10 17:04:12.798480,2024-05-10 17:04:15.580985,0 days 00:00:02.782505,8,123,8,COMPLETE
431,431,-0.156670052899609,0.10668303145436779,2024-05-10 17:04:15.585179,2024-05-10 17:04:17.825508,0 days 00:00:02.240329,5,103,8,COMPLETE
432,432,-0.2621048866249575,0.13078096564208586,2024-05-10 17:04:17.830053,2024-05-10 17:04:29.252615,0 days 00:00:11.422562,54,5,8,COMPLETE
433,433,-0.20573254726272347,0.11078226630190577,2024-05-10 17:04:29.256606,2024-05-10 17:04:30.146859,0 days 00:00:00.890253,5,137,8,COMPLETE
434,434,-0.4050732778639775,0.11984716030448883,2024-05-10 17:04:30.152198,2024-05-10 17:04:31.587604,0 days 00:00:01.435406,3,154,8,COMPLETE
435,435,-0.655652285853208,0.1267610576562272,2024-05-10 17:04:31.592251,2024-05-10 17:04:33.867848,0 days 00:00:02.275597,5,102,8,COMPLETE
436,436,-3.1162558313982944,0.2238082315356819,2024-05-10 17:04:33.876476,2024-05-10 17:04:37.286122,0 days 00:00:03.409646,61,38,8,COMPLETE
437,437,-0.2687600280462359,0.10422627812926362,2024-05-10 17:04:37.294012,2024-05-10 17:04:39.298191,0 days 00:00:02.004179,4,203,8,COMPLETE
438,438,-0.44031327881762683,0.1133988431385804,2024-05-10 17:04:39.303839,2024-05-10 17:04:41.738882,0 days 00:00:02.435043,5,192,8,COMPLETE
439,439,-1.0984420645447226,0.17463870631787246,2024-05-10 17:04:41.742783,2024-05-10 17:04:52.186880,0 days 00:00:10.444097,33,122,8,COMPLETE
440,440,-1.1428057686514408,0.17251749112919765,2024-05-10 17:04:52.194677,2024-05-10 17:05:04.987229,0 days 00:00:12.792552,68,206,8,COMPLETE
441,441,-0.4322693351667767,0.12087775968025896,2024-05-10 17:05:04.991179,2024-05-10 17:05:06.738008,0 days 00:00:01.746829,3,206,8,COMPLETE
442,442,-0.26660751103934566,0.10877683604584557,2024-05-10 17:05:06.743405,2024-05-10 17:05:08.451959,0 days 00:00:01.708554,3,72,8,COMPLETE
443,443,-12.720331341814433,0.321953860527325,2024-05-10 17:05:08.459841,2024-05-10 17:05:13.227786,0 days 00:00:04.767945,29,179,8,COMPLETE
444,444,-1.5858773012398653,0.19931559026196433,2024-05-10 17:05:13.234042,2024-05-10 17:05:17.749029,0 days 00:00:04.514987,44,92,8,COMPLETE
445,445,-0.20941566182375765,0.11359242979550568,2024-05-10 17:05:17.754425,2024-05-10 17:05:20.247747,0 days 00:00:02.493322,5,177,8,COMPLETE
446,446,-0.29131090412284494,0.11107286447483807,2024-05-10 17:05:20.256890,2024-05-10 17:05:21.597629,0 days 00:00:01.340739,5,42,8,COMPLETE
447,447,-0.7004133319815562,0.1317814528349765,2024-05-10 17:05:21.601889,2024-05-10 17:05:25.862073,0 days 00:00:04.260184,3,179,8,COMPLETE
448,448,-1.666274804868251,0.1993160022400199,2024-05-10 17:05:25.867771,2024-05-10 17:05:28.441048,0 days 00:00:02.573277,66,138,8,COMPLETE
449,449,-0.6044810322717795,0.1515127155002966,2024-05-10 17:05:28.443830,2024-05-10 17:05:29.977636,0 days 00:00:01.533806,18,144,8,COMPLETE
450,450,-0.17180843415244382,0.10482609486186889,2024-05-10 17:05:29.989319,2024-05-10 17:05:31.474929,0 days 00:00:01.485610,5,78,9,COMPLETE
451,451,-9.167312301647707,0.37366083697358626,2024-05-10 17:05:31.479962,2024-05-10 17:05:40.288306,0 days 00:00:08.808344,4,6,9,COMPLETE
452,452,-1.1533481316500909,0.17211408861333832,2024-05-10 17:05:40.292307,2024-05-10 17:05:41.857745,0 days 00:00:01.565438,16,144,9,COMPLETE
453,453,-0.18607197728898486,0.10331732660074203,2024-05-10 17:05:41.868823,2024-05-10 17:05:45.151276,0 days 00:00:03.282453,5,55,9,COMPLETE
454,454,-0.3041186094919685,0.12039224458942088,2024-05-10 17:05:45.158212,2024-05-10 17:05:48.732410,0 days 00:00:03.574198,4,79,9,COMPLETE
455,455,-0.9092528827387746,0.1669881381540646,2024-05-10 17:05:48.736830,2024-05-10 17:05:51.111932,0 days 00:00:02.375102,11,159,9,COMPLETE
456,456,-1.9193719102061917,0.20927196391912237,2024-05-10 17:05:51.115920,2024-05-10 17:05:56.330184,0 days 00:00:05.214264,80,138,9,COMPLETE
457,457,-0.5967028795764925,0.15176502729275693,2024-05-10 17:05:56.339079,2024-05-10 17:06:02.216884,0 days 00:00:05.877805,70,40,9,COMPLETE
458,458,-1.8292305323509468,0.20507673035000704,2024-05-10 17:06:02.218879,2024-05-10 17:06:04.076277,0 days 00:00:01.857398,30,100,9,COMPLETE
