,number,values_0,values_1,datetime_start,datetime_complete,duration,params_dim,params_window_length,system_attrs_nsga2:generation,state
453,453,-445.1126662772323,0.0002199007329337685,2024-05-16 12:47:52.798456,2024-05-16 12:47:55.404497,0 days 00:00:02.606041,19,106,9,COMPLETE
454,454,-22.29514788591707,9.809274691891007e-05,2024-05-16 12:47:55.407542,2024-05-16 12:47:58.042338,0 days 00:00:02.634796,55,124,9,COMPLETE
455,455,-22.69038164138613,0.00010114903803948396,2024-05-16 12:47:58.044870,2024-05-16 12:48:00.603136,0 days 00:00:02.558266,71,76,9,COMPLETE
456,456,-3.9827611171967923,4.1427792625695515e-05,2024-05-16 12:48:00.605014,2024-05-16 12:48:02.762308,0 days 00:00:02.157294,20,31,9,COMPLETE
457,457,-4.402537537579396,4.5044968582436056e-05,2024-05-16 12:48:02.764747,2024-05-16 12:48:04.706637,0 days 00:00:01.941890,10,164,9,COMPLETE
458,458,-26.95312479975709,0.00010663730621402563,2024-05-16 12:48:04.709225,2024-05-16 12:48:07.334247,0 days 00:00:02.625022,94,19,9,COMPLETE
459,459,-5.853210201207994,5.0349411494990665e-05,2024-05-16 12:48:07.349876,2024-05-16 12:48:09.383292,0 days 00:00:02.033416,18,208,9,COMPLETE
460,460,-7.050023327638124,5.547165403005695e-05,2024-05-16 12:48:09.387823,2024-05-16 12:48:11.655377,0 days 00:00:02.267554,33,63,9,COMPLETE
461,461,-4.762739473048862,4.6770379827872775e-05,2024-05-16 12:48:11.660649,2024-05-16 12:48:13.647079,0 days 00:00:01.986430,16,138,9,COMPLETE
462,462,-5.0851005833090275,4.7787857522177224e-05,2024-05-16 12:48:13.648708,2024-05-16 12:48:15.501640,0 days 00:00:01.852932,6,28,9,COMPLETE
463,463,-285.91127656024224,0.00024151891128687251,2024-05-16 12:48:15.504411,2024-05-16 12:48:17.996143,0 days 00:00:02.491732,90,182,9,COMPLETE
464,464,-9.390595265932134,4.938113452762179e-05,2024-05-16 12:48:17.997501,2024-05-16 12:48:20.462818,0 days 00:00:02.465317,16,8,9,COMPLETE
465,465,-4.476221315863308,4.54603793401693e-05,2024-05-16 12:48:20.464547,2024-05-16 12:48:22.462129,0 days 00:00:01.997582,10,106,9,COMPLETE
466,466,-5.409521244001533,4.961259443274234e-05,2024-05-16 12:48:22.464360,2024-05-16 12:48:24.872130,0 days 00:00:02.407770,21,31,9,COMPLETE
467,467,-5.053815098898927,4.781362176140105e-05,2024-05-16 12:48:24.878951,2024-05-16 12:48:26.916336,0 days 00:00:02.037385,3,116,9,COMPLETE
468,468,-47.862263912103394,0.00011858656801844275,2024-05-16 12:48:26.923803,2024-05-16 12:48:29.508462,0 days 00:00:02.584659,63,95,9,COMPLETE
469,469,-4.422910114924667,4.541917716761782e-05,2024-05-16 12:48:29.513977,2024-05-16 12:48:31.753261,0 days 00:00:02.239284,22,106,9,COMPLETE
470,470,-18.865419522635612,9.126812448964775e-05,2024-05-16 12:48:31.756263,2024-05-16 12:48:35.401370,0 days 00:00:03.645107,56,53,9,COMPLETE
471,471,-16.813186564910076,8.595001344680804e-05,2024-05-16 12:48:35.402367,2024-05-16 12:48:38.518610,0 days 00:00:03.116243,58,19,9,COMPLETE
472,472,-23.84680363926939,0.00010140167859233104,2024-05-16 12:48:38.522604,2024-05-16 12:48:41.583368,0 days 00:00:03.060764,93,193,9,COMPLETE
473,473,-5.581615420902951,4.8301911659853976e-05,2024-05-16 12:48:41.590353,2024-05-16 12:48:43.971421,0 days 00:00:02.381068,15,195,9,COMPLETE
474,474,-73.28587093447736,0.00014704948768285214,2024-05-16 12:48:43.977354,2024-05-16 12:48:46.166315,0 days 00:00:02.188961,68,185,9,COMPLETE
475,475,-8.01537089558608,5.775936218213196e-05,2024-05-16 12:48:46.182106,2024-05-16 12:48:48.617952,0 days 00:00:02.435846,46,112,9,COMPLETE
476,476,-5.46766070681677,4.9667723872772295e-05,2024-05-16 12:48:48.620298,2024-05-16 12:48:50.585595,0 days 00:00:01.965297,20,191,9,COMPLETE
477,477,-3.715233872819263,4.020322867765081e-05,2024-05-16 12:48:50.592459,2024-05-16 12:48:52.535153,0 days 00:00:01.942694,4,58,9,COMPLETE
478,478,-7.133651954696435,5.428632562488684e-05,2024-05-16 12:48:52.536300,2024-05-16 12:48:54.678785,0 days 00:00:02.142485,17,116,9,COMPLETE
479,479,-4.137910898783058,4.40069942914698e-05,2024-05-16 12:48:54.686647,2024-05-16 12:48:56.564249,0 days 00:00:01.877602,7,116,9,COMPLETE
480,480,-21.290455544353186,7.377734244544899e-05,2024-05-16 12:48:56.565385,2024-05-16 12:48:58.513214,0 days 00:00:01.947829,15,129,9,COMPLETE
481,481,-4.509062588368453,4.5651399323971154e-05,2024-05-16 12:48:58.526632,2024-05-16 12:49:00.426607,0 days 00:00:01.899975,6,42,9,COMPLETE
482,482,-21.709349156154964,9.090043182519969e-05,2024-05-16 12:49:00.432986,2024-05-16 12:49:02.593474,0 days 00:00:02.160488,50,109,9,COMPLETE
483,483,-7.364519017802064,5.056576716949994e-05,2024-05-16 12:49:02.596166,2024-05-16 12:49:04.662255,0 days 00:00:02.066089,12,71,9,COMPLETE
484,484,-4.663626480990363,4.626435651113842e-05,2024-05-16 12:49:04.670923,2024-05-16 12:49:06.540570,0 days 00:00:01.869647,10,154,9,COMPLETE
485,485,-104.13874170209286,0.00017006183815227802,2024-05-16 12:49:06.552140,2024-05-16 12:49:08.822952,0 days 00:00:02.270812,73,195,9,COMPLETE
486,486,-5.221842486446265,4.780237758388889e-05,2024-05-16 12:49:08.836693,2024-05-16 12:49:10.754375,0 days 00:00:01.917682,14,185,9,COMPLETE
487,487,-5.054323663188986,4.781512375668871e-05,2024-05-16 12:49:10.755371,2024-05-16 12:49:12.951756,0 days 00:00:02.196385,3,189,9,COMPLETE
488,488,-17.125607239153755,8.635131817573286e-05,2024-05-16 12:49:12.954752,2024-05-16 12:49:16.718779,0 days 00:00:03.764027,54,58,9,COMPLETE
489,489,-11.315823620531464,4.979209166721786e-05,2024-05-16 12:49:16.722450,2024-05-16 12:49:18.851735,0 days 00:00:02.129285,12,40,9,COMPLETE
490,490,-4.498250169208892,4.544980231469769e-05,2024-05-16 12:49:18.853730,2024-05-16 12:49:21.126452,0 days 00:00:02.272722,21,134,9,COMPLETE
491,491,-5.0079006623298294,4.763234510805689e-05,2024-05-16 12:49:21.127637,2024-05-16 12:49:23.505326,0 days 00:00:02.377689,3,187,9,COMPLETE
492,492,-56.76638931150843,0.0001086340272014593,2024-05-16 12:49:23.507321,2024-05-16 12:49:26.191804,0 days 00:00:02.684483,24,40,9,COMPLETE
493,493,-4.489279101794809,4.553295565880892e-05,2024-05-16 12:49:26.193798,2024-05-16 12:49:28.622959,0 days 00:00:02.429161,9,122,9,COMPLETE
494,494,-4.386187818667191,4.465061293437185e-05,2024-05-16 12:49:28.624955,2024-05-16 12:49:30.886393,0 days 00:00:02.261438,10,123,9,COMPLETE
495,495,-66.6637970489983,8.309311882942678e-05,2024-05-16 12:49:30.888285,2024-05-16 12:49:33.187314,0 days 00:00:02.299029,16,19,9,COMPLETE
496,496,-4.8029221402861895,4.697391226529975e-05,2024-05-16 12:49:33.189275,2024-05-16 12:49:35.572700,0 days 00:00:02.383425,18,106,9,COMPLETE
497,497,-6.886149041013647,5.319783134925123e-05,2024-05-16 12:49:35.574695,2024-05-16 12:49:38.004686,0 days 00:00:02.429991,12,107,9,COMPLETE
498,498,-4.591727202391405,4.599555485325864e-05,2024-05-16 12:49:38.005717,2024-05-16 12:49:40.259718,0 days 00:00:02.254001,7,76,9,COMPLETE
499,499,-14.836741316916825,7.06237838559213e-05,2024-05-16 12:49:40.262831,2024-05-16 12:49:42.371685,0 days 00:00:02.108854,49,19,9,COMPLETE
500,500,-3.769969713336704,4.199442741840628e-05,2024-05-16 12:49:42.383639,2024-05-16 12:49:44.627424,0 days 00:00:02.243785,9,107,10,COMPLETE
501,501,-4.023901827473404,4.3517106503210294e-05,2024-05-16 12:49:44.634198,2024-05-16 12:49:46.521817,0 days 00:00:01.887619,12,135,10,COMPLETE
502,502,-8.464585313095347,5.855521457600032e-05,2024-05-16 12:49:46.526040,2024-05-16 12:49:48.523488,0 days 00:00:01.997448,21,54,10,COMPLETE
503,503,-4.313961593887187,4.4608509350610806e-05,2024-05-16 12:49:48.525112,2024-05-16 12:49:50.476660,0 days 00:00:01.951548,9,112,10,COMPLETE
504,504,-11.62956170611874,6.145724548420622e-05,2024-05-16 12:49:50.481157,2024-05-16 12:49:52.407762,0 days 00:00:01.926605,4,190,10,COMPLETE
505,505,-6.629919336580395,5.3386685928761504e-05,2024-05-16 12:49:52.419609,2024-05-16 12:49:54.607108,0 days 00:00:02.187499,32,179,10,COMPLETE
506,506,-4.673335804590404,4.608914529257833e-05,2024-05-16 12:49:54.617551,2024-05-16 12:49:56.970973,0 days 00:00:02.353422,15,128,10,COMPLETE
507,507,-4.578410208971897,4.593106977096073e-05,2024-05-16 12:49:56.972482,2024-05-16 12:49:58.968155,0 days 00:00:01.995673,7,185,10,COMPLETE
508,508,-3.6269765207036344,4.068111560584434e-05,2024-05-16 12:49:58.975090,2024-05-16 12:50:00.874210,0 days 00:00:01.899120,7,173,10,COMPLETE
509,509,-4.632834536619722,4.605074796314713e-05,2024-05-16 12:50:00.877114,2024-05-16 12:50:03.024114,0 days 00:00:02.147000,12,197,10,COMPLETE
510,510,-4.5604722728575044,4.586037342797496e-05,2024-05-16 12:50:03.027415,2024-05-16 12:50:04.965384,0 days 00:00:01.937969,6,184,10,COMPLETE
511,511,-4.382775353764953,4.510471755839584e-05,2024-05-16 12:50:04.968128,2024-05-16 12:50:06.864602,0 days 00:00:01.896474,6,96,10,COMPLETE
512,512,-4.184360428784719,4.425874709131586e-05,2024-05-16 12:50:06.869837,2024-05-16 12:50:08.712847,0 days 00:00:01.843010,6,12,10,COMPLETE
513,513,-11.604097393143906,7.189110765093703e-05,2024-05-16 12:50:08.724013,2024-05-16 12:50:11.243967,0 days 00:00:02.519954,45,76,10,COMPLETE
514,514,-4.7440454591230905,4.638546903751011e-05,2024-05-16 12:50:11.245961,2024-05-16 12:50:13.444963,0 days 00:00:02.199002,6,8,10,COMPLETE
515,515,-4.670685533673005,4.629965063733955e-05,2024-05-16 12:50:13.446742,2024-05-16 12:50:15.594064,0 days 00:00:02.147322,7,191,10,COMPLETE
516,516,-23.32987385317733,9.797127955379986e-05,2024-05-16 12:50:15.599482,2024-05-16 12:50:18.424178,0 days 00:00:02.824696,54,19,10,COMPLETE
517,517,-17.649346263951077,8.851418739992122e-05,2024-05-16 12:50:18.427172,2024-05-16 12:50:20.729109,0 days 00:00:02.301937,58,185,10,COMPLETE
518,518,-17.1195406311208,8.59838090129573e-05,2024-05-16 12:50:20.733008,2024-05-16 12:50:22.940888,0 days 00:00:02.207880,63,71,10,COMPLETE
519,519,-4.922606703255404,4.596631689743263e-05,2024-05-16 12:50:22.943212,2024-05-16 12:50:25.182951,0 days 00:00:02.239739,10,154,10,COMPLETE
520,520,-13.149001701438618,6.473721777101409e-05,2024-05-16 12:50:25.184471,2024-05-16 12:50:27.433491,0 days 00:00:02.249020,31,106,10,COMPLETE
521,521,-243.4567666488146,0.00024970904124844105,2024-05-16 12:50:27.435028,2024-05-16 12:50:30.537444,0 days 00:00:03.102416,74,47,10,COMPLETE
522,522,-4.580038058452002,4.59228183494869e-05,2024-05-16 12:50:30.546526,2024-05-16 12:50:32.546646,0 days 00:00:02.000120,12,158,10,COMPLETE
523,523,-780.3957718253118,0.0003282165188958042,2024-05-16 12:50:32.548059,2024-05-16 12:50:34.885496,0 days 00:00:02.337437,94,8,10,COMPLETE
524,524,-3.5402069292703673,3.961057468248962e-05,2024-05-16 12:50:34.896377,2024-05-16 12:50:36.851614,0 days 00:00:01.955237,3,8,10,COMPLETE
525,525,-61.459728086109216,0.00010375760807921127,2024-05-16 12:50:36.855125,2024-05-16 12:50:38.850384,0 days 00:00:01.995259,20,149,10,COMPLETE
526,526,-4.261743334013046,4.463807845792074e-05,2024-05-16 12:50:38.860721,2024-05-16 12:50:40.831853,0 days 00:00:01.971132,7,185,10,COMPLETE
527,527,-22.22536455812925,8.894481654404482e-05,2024-05-16 12:50:40.833055,2024-05-16 12:50:43.115180,0 days 00:00:02.282125,55,58,10,COMPLETE
528,528,-4.403861909116303,4.521148414037895e-05,2024-05-16 12:50:43.130408,2024-05-16 12:50:45.097702,0 days 00:00:01.967294,7,71,10,COMPLETE
529,529,-12.008940971054582,6.855842839047262e-05,2024-05-16 12:50:45.112147,2024-05-16 12:50:47.484893,0 days 00:00:02.372746,43,124,10,COMPLETE
530,530,-4.2221212153126535,4.441689390223845e-05,2024-05-16 12:50:47.488368,2024-05-16 12:50:49.462346,0 days 00:00:01.973978,6,54,10,COMPLETE
531,531,-5.446010760525056,4.903261160676073e-05,2024-05-16 12:50:49.469226,2024-05-16 12:50:51.357594,0 days 00:00:01.888368,6,18,10,COMPLETE
532,532,-5.010004224453185,4.764137913732241e-05,2024-05-16 12:50:51.359535,2024-05-16 12:50:53.302436,0 days 00:00:01.942901,3,116,10,COMPLETE
533,533,-4.691630154952581,4.639444098941235e-05,2024-05-16 12:50:53.304583,2024-05-16 12:50:55.259823,0 days 00:00:01.955240,16,180,10,COMPLETE
534,534,-5.107600235633424,4.622470191893917e-05,2024-05-16 12:50:55.262808,2024-05-16 12:50:57.253039,0 days 00:00:01.990231,12,199,10,COMPLETE
535,535,-4.405937712362472,4.520255474975321e-05,2024-05-16 12:50:57.254011,2024-05-16 12:50:59.291300,0 days 00:00:02.037289,12,146,10,COMPLETE
536,536,-5.9984485490775565,5.14902365471647e-05,2024-05-16 12:50:59.296770,2024-05-16 12:51:01.495369,0 days 00:00:02.198599,20,16,10,COMPLETE
537,537,-12.919083163631502,7.425899036298312e-05,2024-05-16 12:51:01.501105,2024-05-16 12:51:03.806076,0 days 00:00:02.304971,50,19,10,COMPLETE
538,538,-4.672135807439751,4.626863931083226e-05,2024-05-16 12:51:03.821409,2024-05-16 12:51:05.821818,0 days 00:00:02.000409,12,93,10,COMPLETE
539,539,-5.062709919161783,4.8073886758658756e-05,2024-05-16 12:51:05.833139,2024-05-16 12:51:07.955124,0 days 00:00:02.121985,15,154,10,COMPLETE
540,540,-12.347494835685254,7.430421356610419e-05,2024-05-16 12:51:07.959913,2024-05-16 12:51:10.348494,0 days 00:00:02.388581,45,144,10,COMPLETE
541,541,-5.333192047589543,4.857395707230382e-05,2024-05-16 12:51:10.350150,2024-05-16 12:51:12.585404,0 days 00:00:02.235254,18,91,10,COMPLETE
542,542,-4.7002784663843125,4.638190993261528e-05,2024-05-16 12:51:12.587801,2024-05-16 12:51:14.667823,0 days 00:00:02.080022,9,109,10,COMPLETE
543,543,-4.615679271085658,4.604933915992748e-05,2024-05-16 12:51:14.669963,2024-05-16 12:51:16.752150,0 days 00:00:02.082187,9,89,10,COMPLETE
544,544,-4.87966291714122,4.723828271880762e-05,2024-05-16 12:51:16.761082,2024-05-16 12:51:18.875094,0 days 00:00:02.114012,16,4,10,COMPLETE
545,545,-25.36022333713631,0.00010481125880899028,2024-05-16 12:51:18.879423,2024-05-16 12:51:21.481500,0 days 00:00:02.602077,83,102,10,COMPLETE
546,546,-9.87609115540158,6.751651663935911e-05,2024-05-16 12:51:21.489181,2024-05-16 12:51:23.755371,0 days 00:00:02.266190,38,111,10,COMPLETE
547,547,-11.756784388675733,7.092128340756297e-05,2024-05-16 12:51:23.761038,2024-05-16 12:51:26.329471,0 days 00:00:02.568433,45,31,10,COMPLETE
548,548,-3.8889463714898733,4.156549173262883e-05,2024-05-16 12:51:26.338198,2024-05-16 12:51:28.295227,0 days 00:00:01.957029,10,76,10,COMPLETE
549,549,-11.310947144455945,6.222415773257629e-05,2024-05-16 12:51:28.300820,2024-05-16 12:51:30.482543,0 days 00:00:02.181723,21,45,10,COMPLETE
550,550,-7.574234932430064,5.826418549547169e-05,2024-05-16 12:51:30.487940,2024-05-16 12:51:32.859420,0 days 00:00:02.371480,25,76,11,COMPLETE
551,551,-3.9714984282595234,4.296740185231842e-05,2024-05-16 12:51:32.874877,2024-05-16 12:51:35.191181,0 days 00:00:02.316304,9,11,11,COMPLETE
552,552,-12.958693726474603,7.384667454542716e-05,2024-05-16 12:51:35.196741,2024-05-16 12:51:37.368892,0 days 00:00:02.172151,34,154,11,COMPLETE
553,553,-24.789055213552246,0.00010363062678558294,2024-05-16 12:51:37.372499,2024-05-16 12:51:40.056615,0 days 00:00:02.684116,89,107,11,COMPLETE
554,554,-5.724784875407195,4.8865789300837404e-05,2024-05-16 12:51:40.058694,2024-05-16 12:51:42.254619,0 days 00:00:02.195925,35,135,11,COMPLETE
555,555,-4.435636879570959,4.531189102575312e-05,2024-05-16 12:51:42.256614,2024-05-16 12:51:44.153868,0 days 00:00:01.897254,6,73,11,COMPLETE
556,556,-3.082220418112345,3.708456145395126e-05,2024-05-16 12:51:44.167064,2024-05-16 12:51:46.204124,0 days 00:00:02.037060,9,76,11,COMPLETE
557,557,-4.982801243083644,4.7381696002175645e-05,2024-05-16 12:51:46.208798,2024-05-16 12:51:48.901684,0 days 00:00:02.692886,14,109,11,COMPLETE
558,558,-4.774502706610827,4.658829565588961e-05,2024-05-16 12:51:48.903685,2024-05-16 12:51:52.145936,0 days 00:00:03.242251,10,56,11,COMPLETE
559,559,-6.1136015329256255,5.05236719137927e-05,2024-05-16 12:51:52.147591,2024-05-16 12:51:55.807415,0 days 00:00:03.659824,10,67,11,COMPLETE
560,560,-43.16514331460361,0.00013098140698916647,2024-05-16 12:51:55.810606,2024-05-16 12:51:58.798339,0 days 00:00:02.987733,97,106,11,COMPLETE
561,561,-4.184435055734339,4.42664625478609e-05,2024-05-16 12:51:58.804319,2024-05-16 12:52:00.830731,0 days 00:00:02.026412,15,23,11,COMPLETE
562,562,-21.278264252484092,9.5248250815525e-05,2024-05-16 12:52:00.832672,2024-05-16 12:52:03.496259,0 days 00:00:02.663587,91,71,11,COMPLETE
563,563,-31.182751024209445,0.0001103287974677286,2024-05-16 12:52:03.500145,2024-05-16 12:52:06.498031,0 days 00:00:02.997886,83,135,11,COMPLETE
564,564,-11.259268540695063,6.21726723319346e-05,2024-05-16 12:52:06.501752,2024-05-16 12:52:09.741914,0 days 00:00:03.240162,21,22,11,COMPLETE
565,565,-14.029811055446794,7.672727896205011e-05,2024-05-16 12:52:09.746391,2024-05-16 12:52:12.091853,0 days 00:00:02.345462,39,23,11,COMPLETE
566,566,-5.321982385818112,4.9365045967784896e-05,2024-05-16 12:52:12.094240,2024-05-16 12:52:14.257295,0 days 00:00:02.163055,20,199,11,COMPLETE
567,567,-4.681121570461178,4.625067223695056e-05,2024-05-16 12:52:14.261287,2024-05-16 12:52:16.449186,0 days 00:00:02.187899,15,19,11,COMPLETE
568,568,-14.67961874661485,7.742435978678758e-05,2024-05-16 12:52:16.451181,2024-05-16 12:52:19.021724,0 days 00:00:02.570543,63,83,11,COMPLETE
569,569,-6.336662021144059,5.167870381943234e-05,2024-05-16 12:52:19.029883,2024-05-16 12:52:21.155329,0 days 00:00:02.125446,9,76,11,COMPLETE
570,570,-13.908343632867382,6.85784710488452e-05,2024-05-16 12:52:21.156326,2024-05-16 12:52:23.686260,0 days 00:00:02.529934,59,109,11,COMPLETE
571,571,-4.352930975440386,4.502172420028495e-05,2024-05-16 12:52:23.688256,2024-05-16 12:52:25.734359,0 days 00:00:02.046103,12,31,11,COMPLETE
572,572,-4.335995232492491,4.4912043546790895e-05,2024-05-16 12:52:25.736354,2024-05-16 12:52:27.749224,0 days 00:00:02.012870,7,71,11,COMPLETE
573,573,-3.965195715135679,4.206791702591643e-05,2024-05-16 12:52:27.751157,2024-05-16 12:52:29.933625,0 days 00:00:02.182468,15,19,11,COMPLETE
574,574,-4.687856658879058,4.628124635325911e-05,2024-05-16 12:52:29.937344,2024-05-16 12:52:32.033552,0 days 00:00:02.096208,12,13,11,COMPLETE
575,575,-4.59950734100369,4.603242289439098e-05,2024-05-16 12:52:32.042208,2024-05-16 12:52:34.281632,0 days 00:00:02.239424,7,192,11,COMPLETE
576,576,-4.512012237836309,4.564290914681875e-05,2024-05-16 12:52:34.284031,2024-05-16 12:52:36.181813,0 days 00:00:01.897782,7,109,11,COMPLETE
577,577,-5.504923754211385,4.902984745541632e-05,2024-05-16 12:52:36.196167,2024-05-16 12:52:38.191269,0 days 00:00:01.995102,5,76,11,COMPLETE
578,578,-4.445790908335686,4.5276218688526115e-05,2024-05-16 12:52:38.192265,2024-05-16 12:52:40.196716,0 days 00:00:02.004451,10,200,11,COMPLETE
579,579,-34.559775028406946,0.0001216054287435338,2024-05-16 12:52:40.201607,2024-05-16 12:52:43.195359,0 days 00:00:02.993752,100,88,11,COMPLETE
580,580,-24.151756199496504,9.95770070913809e-05,2024-05-16 12:52:43.205499,2024-05-16 12:52:45.610915,0 days 00:00:02.405416,93,135,11,COMPLETE
581,581,-27.146897821978076,0.000109857865551072,2024-05-16 12:52:45.623805,2024-05-16 12:52:48.263746,0 days 00:00:02.639941,79,4,11,COMPLETE
582,582,-29.132633402431015,0.00010849701255444858,2024-05-16 12:52:48.265741,2024-05-16 12:52:50.823248,0 days 00:00:02.557507,67,163,11,COMPLETE
583,583,-15.000904248841618,8.187930850828375e-05,2024-05-16 12:52:50.824924,2024-05-16 12:52:53.202368,0 days 00:00:02.377444,51,107,11,COMPLETE
584,584,-6.134737497285589,5.08880434782733e-05,2024-05-16 12:52:53.204381,2024-05-16 12:52:55.240122,0 days 00:00:02.035741,12,10,11,COMPLETE
585,585,-24.096714648304435,0.00010360100088469247,2024-05-16 12:52:55.253522,2024-05-16 12:52:57.996724,0 days 00:00:02.743202,85,148,11,COMPLETE
586,586,-4.641843966518899,4.614323071647207e-05,2024-05-16 12:52:58.001252,2024-05-16 12:53:00.552248,0 days 00:00:02.550996,14,119,11,COMPLETE
587,587,-4.829872460775268,4.691579337309604e-05,2024-05-16 12:53:00.554243,2024-05-16 12:53:03.119797,0 days 00:00:02.565554,9,101,11,COMPLETE
588,588,-21.274351938903873,9.345115240054196e-05,2024-05-16 12:53:03.121846,2024-05-16 12:53:06.524129,0 days 00:00:03.402283,68,71,11,COMPLETE
589,589,-26.97569475691241,0.00010640057565991816,2024-05-16 12:53:06.525144,2024-05-16 12:53:10.856605,0 days 00:00:04.331461,95,19,11,COMPLETE
590,590,-7.907262837184514,5.9551634220016395e-05,2024-05-16 12:53:10.857602,2024-05-16 12:53:13.131244,0 days 00:00:02.273642,30,179,11,COMPLETE
591,591,-16.107245506119227,7.984172055180694e-05,2024-05-16 12:53:13.137758,2024-05-16 12:53:15.372510,0 days 00:00:02.234752,50,116,11,COMPLETE
592,592,-5.486446214719129,5.0127142524095285e-05,2024-05-16 12:53:15.374672,2024-05-16 12:53:18.768284,0 days 00:00:03.393612,21,112,11,COMPLETE
593,593,-15.494059792201446,8.127617472387775e-05,2024-05-16 12:53:18.770323,2024-05-16 12:53:20.974779,0 days 00:00:02.204456,52,139,11,COMPLETE
594,594,-5.540598752047326,4.557973347728887e-05,2024-05-16 12:53:20.978476,2024-05-16 12:53:23.487630,0 days 00:00:02.509154,15,18,11,COMPLETE
595,595,-4.417380971090307,4.3167899854222035e-05,2024-05-16 12:53:23.490181,2024-05-16 12:53:25.889765,0 days 00:00:02.399584,7,25,11,COMPLETE
596,596,-22.07284470099098,9.790022436891453e-05,2024-05-16 12:53:25.891068,2024-05-16 12:53:28.473251,0 days 00:00:02.582183,94,77,11,COMPLETE
597,597,-4.519658044998909,4.567589154064382e-05,2024-05-16 12:53:28.474904,2024-05-16 12:53:30.507748,0 days 00:00:02.032844,9,135,11,COMPLETE
598,598,-4.8553191381557355,4.690220719483868e-05,2024-05-16 12:53:30.519397,2024-05-16 12:53:32.540077,0 days 00:00:02.020680,7,54,11,COMPLETE
599,599,-27.849445950703558,0.00011152893673220875,2024-05-16 12:53:32.541118,2024-05-16 12:53:34.981359,0 days 00:00:02.440241,88,137,11,COMPLETE
600,600,-4.667808989758923,4.6318576539504905e-05,2024-05-16 12:53:34.983481,2024-05-16 12:53:37.121399,0 days 00:00:02.137918,7,153,12,COMPLETE
601,601,-5.961065768326376,5.223898931165107e-05,2024-05-16 12:53:37.134129,2024-05-16 12:53:39.366257,0 days 00:00:02.232128,24,76,12,COMPLETE
602,602,-45.31343316800207,0.00012374080200982726,2024-05-16 12:53:39.368253,2024-05-16 12:53:42.040470,0 days 00:00:02.672217,94,19,12,COMPLETE
