,number,values_0,values_1,datetime_start,datetime_complete,duration,params_dim,params_window_length,system_attrs_nsga2:generation,state
0,0,-1.3494960584980837,0.18642062298440276,2024-05-10 16:35:32.494391,2024-05-10 16:35:34.555566,0 days 00:00:02.061175,31,51,0,COMPLETE
1,1,-1.2493603710140888,0.1818023347057529,2024-05-10 16:35:34.571777,2024-05-10 16:35:37.337463,0 days 00:00:02.765686,63,35,0,COMPLETE
2,2,-1.4748373144227807,0.178774201134914,2024-05-10 16:35:37.348069,2024-05-10 16:35:38.487025,0 days 00:00:01.138956,22,74,0,COMPLETE
3,3,-0.7122580329065646,0.14351439025225798,2024-05-10 16:35:38.492706,2024-05-10 16:35:41.170014,0 days 00:00:02.677308,11,72,0,COMPLETE
4,4,-0.36006559375274894,0.13480092306374067,2024-05-10 16:35:41.174004,2024-05-10 16:35:42.155176,0 days 00:00:00.981172,15,116,0,COMPLETE
5,5,-2.161140664980043,0.20503819039130916,2024-05-10 16:35:42.159084,2024-05-10 16:35:46.129579,0 days 00:00:03.970495,55,35,0,COMPLETE
6,6,-0.2758272146456641,0.11043234647232221,2024-05-10 16:35:46.134566,2024-05-10 16:35:47.139805,0 days 00:00:01.005239,3,83,0,COMPLETE
7,7,-2.4919526600793493,0.22389978206635344,2024-05-10 16:35:47.144267,2024-05-10 16:35:48.870110,0 days 00:00:01.725843,27,24,0,COMPLETE
8,8,-0.9566069482006675,0.15940202554757318,2024-05-10 16:35:48.876842,2024-05-10 16:35:51.749741,0 days 00:00:02.872899,12,40,0,COMPLETE
9,9,-1.1771596576195529,0.16785594322458247,2024-05-10 16:35:51.749741,2024-05-10 16:35:54.132256,0 days 00:00:02.382515,73,134,0,COMPLETE
10,10,-0.9599743465760738,0.17133083107042243,2024-05-10 16:35:54.136246,2024-05-10 16:35:55.320079,0 days 00:00:01.183833,25,181,0,COMPLETE
11,11,-1.0975114877876238,0.1728892567483537,2024-05-10 16:35:55.329618,2024-05-10 16:36:00.850879,0 days 00:00:05.521261,63,76,0,COMPLETE
12,12,-0.9257710172889688,0.15794039638179613,2024-05-10 16:36:00.854853,2024-05-10 16:36:04.703926,0 days 00:00:03.849073,41,11,0,COMPLETE
13,13,-0.9118834133677829,0.16407966277068486,2024-05-10 16:36:04.708851,2024-05-10 16:36:05.777641,0 days 00:00:01.068790,25,99,0,COMPLETE
14,14,-1.6230766639235363,0.19110391855236647,2024-05-10 16:36:05.780633,2024-05-10 16:36:09.856472,0 days 00:00:04.075839,78,124,0,COMPLETE
15,15,-1.8263815554672203,0.19542086180496626,2024-05-10 16:36:09.874435,2024-05-10 16:36:17.588973,0 days 00:00:07.714538,28,194,0,COMPLETE
16,16,-1.0471275455344355,0.16650506695410144,2024-05-10 16:36:17.592962,2024-05-10 16:36:22.355627,0 days 00:00:04.762665,86,107,0,COMPLETE
17,17,-2.4960620139945924,0.2036160144549232,2024-05-10 16:36:22.358620,2024-05-10 16:36:23.450431,0 days 00:00:01.091811,22,41,0,COMPLETE
18,18,-1.3538882510391983,0.1853197968077142,2024-05-10 16:36:23.454381,2024-05-10 16:36:26.574530,0 days 00:00:03.120149,98,53,0,COMPLETE
19,19,-2.785785224544595,0.2136435861909906,2024-05-10 16:36:26.577751,2024-05-10 16:36:29.873443,0 days 00:00:03.295692,27,104,0,COMPLETE
20,20,-3.944708459839608,0.23571381309583161,2024-05-10 16:36:29.876533,2024-05-10 16:36:35.998353,0 days 00:00:06.121820,60,34,0,COMPLETE
21,21,-0.5041279368498547,0.12800995336593793,2024-05-10 16:36:36.004338,2024-05-10 16:36:44.174533,0 days 00:00:08.170195,8,19,0,COMPLETE
22,22,-0.4891012097176651,0.1517903110271122,2024-05-10 16:36:44.174533,2024-05-10 16:36:45.057527,0 days 00:00:00.882994,24,158,0,COMPLETE
23,23,-0.4564784805879034,0.13944883302585737,2024-05-10 16:36:45.062136,2024-05-10 16:36:53.972638,0 days 00:00:08.910502,85,5,0,COMPLETE
24,24,-0.675699543425893,0.15345021728533015,2024-05-10 16:36:53.988343,2024-05-10 16:36:58.267546,0 days 00:00:04.279203,83,33,0,COMPLETE
25,25,-0.11986271194188461,0.10395936626691034,2024-05-10 16:36:58.271534,2024-05-10 16:36:59.426112,0 days 00:00:01.154578,5,201,0,COMPLETE
26,26,-1.8036755956276955,0.20207240570136858,2024-05-10 16:36:59.431093,2024-05-10 16:37:01.332720,0 days 00:00:01.901627,27,135,0,COMPLETE
27,27,-2.2276124933999215,0.21716421086438137,2024-05-10 16:37:01.332720,2024-05-10 16:37:06.604631,0 days 00:00:05.271911,70,131,0,COMPLETE
28,28,-0.2220404334245532,0.10963711226039244,2024-05-10 16:37:06.608536,2024-05-10 16:37:08.242860,0 days 00:00:01.634324,4,144,0,COMPLETE
29,29,-0.32371138085297424,0.13977042393417258,2024-05-10 16:37:08.246855,2024-05-10 16:37:09.409103,0 days 00:00:01.162248,15,103,0,COMPLETE
30,30,-1.0093481445460057,0.1682745851869471,2024-05-10 16:37:09.414351,2024-05-10 16:37:15.027559,0 days 00:00:05.613208,99,173,0,COMPLETE
31,31,-0.3011161252495036,0.12832705114246798,2024-05-10 16:37:15.027559,2024-05-10 16:37:21.741275,0 days 00:00:06.713716,34,115,0,COMPLETE
32,32,-1.2970692602043872,0.18636544034385272,2024-05-10 16:37:21.741275,2024-05-10 16:37:27.937473,0 days 00:00:06.196198,90,144,0,COMPLETE
33,33,-0.4878034203978858,0.1210273762365377,2024-05-10 16:37:27.953370,2024-05-10 16:37:32.475799,0 days 00:00:04.522429,5,43,0,COMPLETE
34,34,-1.3519034289452068,0.17694078589845857,2024-05-10 16:37:32.479438,2024-05-10 16:37:37.339315,0 days 00:00:04.859877,97,149,0,COMPLETE
35,35,-1.4250354105124248,0.17042822201157212,2024-05-10 16:37:37.344750,2024-05-10 16:37:43.080804,0 days 00:00:05.736054,50,59,0,COMPLETE
36,36,-0.3996682473316921,0.13408338767575162,2024-05-10 16:37:43.080804,2024-05-10 16:37:51.439825,0 days 00:00:08.359021,56,134,0,COMPLETE
37,37,-0.8593747536749984,0.16290791801159626,2024-05-10 16:37:51.443886,2024-05-10 16:38:00.756273,0 days 00:00:09.312387,78,37,0,COMPLETE
38,38,-0.4983268917640554,0.13322341503898508,2024-05-10 16:38:00.761697,2024-05-10 16:38:08.871434,0 days 00:00:08.109737,32,89,0,COMPLETE
39,39,-1.3985802515362937,0.18873344908111306,2024-05-10 16:38:08.871434,2024-05-10 16:38:11.203747,0 days 00:00:02.332313,87,139,0,COMPLETE
40,40,-1.330885497683025,0.18204276237286587,2024-05-10 16:38:11.206958,2024-05-10 16:38:17.648693,0 days 00:00:06.441735,97,44,0,COMPLETE
41,41,-1.4348484296650386,0.1925711319902853,2024-05-10 16:38:17.653283,2024-05-10 16:38:25.248867,0 days 00:00:07.595584,87,120,0,COMPLETE
42,42,-1.2696546165919607,0.1795262625975193,2024-05-10 16:38:25.253945,2024-05-10 16:38:29.295139,0 days 00:00:04.041194,40,182,0,COMPLETE
43,43,-0.524162177710131,0.14012021877831476,2024-05-10 16:38:29.299097,2024-05-10 16:38:31.839004,0 days 00:00:02.539907,19,155,0,COMPLETE
44,44,-1.8889156595550247,0.2078602014075152,2024-05-10 16:38:31.842992,2024-05-10 16:38:38.223675,0 days 00:00:06.380683,92,202,0,COMPLETE
45,45,-1.094838674648114,0.16888797602492717,2024-05-10 16:38:38.227664,2024-05-10 16:38:43.838237,0 days 00:00:05.610573,41,86,0,COMPLETE
46,46,-0.979869891081551,0.16307863307893145,2024-05-10 16:38:43.844105,2024-05-10 16:38:52.269082,0 days 00:00:08.424977,83,195,0,COMPLETE
47,47,-1.0100920173903272,0.16425219876022892,2024-05-10 16:38:52.273036,2024-05-10 16:38:58.443703,0 days 00:00:06.170667,84,4,0,COMPLETE
48,48,-0.7615942549682836,0.1585083655217103,2024-05-10 16:38:58.447695,2024-05-10 16:39:05.487249,0 days 00:00:07.039554,99,142,0,COMPLETE
49,49,-1.4620187449293287,0.1769581692394118,2024-05-10 16:39:05.491279,2024-05-10 16:39:16.755887,0 days 00:00:11.264608,43,89,0,COMPLETE
50,50,-0.5578106525649508,0.1513486348684196,2024-05-10 16:39:16.755887,2024-05-10 16:39:24.236872,0 days 00:00:07.480985,41,14,1,COMPLETE
51,51,-2.6644906298081414,0.21209548730441946,2024-05-10 16:39:24.252395,2024-05-10 16:39:30.482695,0 days 00:00:06.230300,34,23,1,COMPLETE
52,52,-0.32838147674326335,0.13161903592399565,2024-05-10 16:39:30.486703,2024-05-10 16:39:40.145497,0 days 00:00:09.658794,85,5,1,COMPLETE
53,53,-1.6326861128913308,0.191073474288448,2024-05-10 16:39:40.145497,2024-05-10 16:39:44.994410,0 days 00:00:04.848913,73,134,1,COMPLETE
54,54,-2.0332593172065088,0.2149266517162732,2024-05-10 16:39:44.994410,2024-05-10 16:39:46.277341,0 days 00:00:01.282931,32,99,1,COMPLETE
55,55,-0.7924266120151703,0.16443354998558893,2024-05-10 16:39:46.279924,2024-05-10 16:39:52.440048,0 days 00:00:06.160124,87,144,1,COMPLETE
56,56,-2.081828555787195,0.209427079132568,2024-05-10 16:39:52.440048,2024-05-10 16:39:54.639079,0 days 00:00:02.199031,31,166,1,COMPLETE
57,57,-1.1333964756352135,0.16573454507442367,2024-05-10 16:39:54.639079,2024-05-10 16:40:05.367570,0 days 00:00:10.728491,51,149,1,COMPLETE
58,58,-0.6917744336822691,0.15875622268116768,2024-05-10 16:40:05.367570,2024-05-10 16:40:06.766025,0 days 00:00:01.398455,21,134,1,COMPLETE
59,59,-1.4729303814638972,0.1829369155754473,2024-05-10 16:40:06.767054,2024-05-10 16:40:12.698425,0 days 00:00:05.931371,83,116,1,COMPLETE
60,60,-0.25672233841496517,0.115373290466917,2024-05-10 16:40:12.698425,2024-05-10 16:40:13.681617,0 days 00:00:00.983192,3,158,1,COMPLETE
61,61,-1.3769374834124906,0.17869750984369628,2024-05-10 16:40:13.681617,2024-05-10 16:40:18.695040,0 days 00:00:05.013423,97,95,1,COMPLETE
62,62,-0.6513048963234971,0.15390363079565458,2024-05-10 16:40:18.710695,2024-05-10 16:40:28.191596,0 days 00:00:09.480901,88,11,1,COMPLETE
63,63,-0.9330648993669348,0.17479395731602718,2024-05-10 16:40:28.198081,2024-05-10 16:40:29.355923,0 days 00:00:01.157842,24,35,1,COMPLETE
64,64,-0.5900088572012956,0.13563761449367362,2024-05-10 16:40:29.356956,2024-05-10 16:40:34.657141,0 days 00:00:05.300185,8,149,1,COMPLETE
65,65,-0.10834483188381334,0.12107085544501472,2024-05-10 16:40:34.660134,2024-05-10 16:40:42.287697,0 days 00:00:07.627563,99,5,1,COMPLETE
66,66,-1.9101493967056886,0.18474274681065184,2024-05-10 16:40:42.294841,2024-05-10 16:40:43.897476,0 days 00:00:01.602635,13,93,1,COMPLETE
67,67,-1.7328240398455677,0.17956173264601277,2024-05-10 16:40:43.901101,2024-05-10 16:40:48.595715,0 days 00:00:04.694614,41,131,1,COMPLETE
68,68,-1.1274613394167377,0.17363778388196083,2024-05-10 16:40:48.598788,2024-05-10 16:40:54.245557,0 days 00:00:05.646769,78,22,1,COMPLETE
69,69,-2.6768463204668,0.22328644386410534,2024-05-10 16:40:54.250542,2024-05-10 16:41:01.031765,0 days 00:00:06.781223,84,179,1,COMPLETE
70,70,-1.0374554329218824,0.16339464783658025,2024-05-10 16:41:01.038745,2024-05-10 16:41:11.102413,0 days 00:00:10.063668,26,29,1,COMPLETE
71,71,-2.009586600960765,0.20459559632036628,2024-05-10 16:41:11.106858,2024-05-10 16:41:14.537968,0 days 00:00:03.431110,36,89,1,COMPLETE
72,72,-1.63122875868732,0.18394813386056863,2024-05-10 16:41:14.537968,2024-05-10 16:41:20.222174,0 days 00:00:05.684206,69,103,1,COMPLETE
73,73,-0.8434211880723719,0.16267374839290544,2024-05-10 16:41:20.223170,2024-05-10 16:41:22.712336,0 days 00:00:02.489166,27,104,1,COMPLETE
74,74,-0.5258562527675332,0.15314754339013076,2024-05-10 16:41:22.716326,2024-05-10 16:41:24.812545,0 days 00:00:02.096219,19,134,1,COMPLETE
75,75,-1.5658033657849137,0.17203339291300082,2024-05-10 16:41:24.816535,2024-05-10 16:41:27.315557,0 days 00:00:02.499022,12,182,1,COMPLETE
76,76,-0.9083588126964642,0.16136530940599775,2024-05-10 16:41:27.315557,2024-05-10 16:41:30.647435,0 days 00:00:03.331878,46,113,1,COMPLETE
77,77,-0.5667909834815783,0.13639049522499141,2024-05-10 16:41:30.663230,2024-05-10 16:41:32.154597,0 days 00:00:01.491367,15,116,1,COMPLETE
78,78,-0.5566839948301215,0.14540352218196484,2024-05-10 16:41:32.158504,2024-05-10 16:41:42.901889,0 days 00:00:10.743385,99,98,1,COMPLETE
79,79,-0.3559038669499205,0.13899426532438433,2024-05-10 16:41:42.905847,2024-05-10 16:41:45.309181,0 days 00:00:02.403334,16,139,1,COMPLETE
80,80,-0.7575178937212674,0.15743602864626785,2024-05-10 16:41:45.309181,2024-05-10 16:41:52.912575,0 days 00:00:07.603394,99,5,1,COMPLETE
81,81,-1.7502326954022842,0.20289696779757826,2024-05-10 16:41:52.916567,2024-05-10 16:41:57.801482,0 days 00:00:04.884915,34,144,1,COMPLETE
82,82,-4.590503590119819,0.23843998942216332,2024-05-10 16:41:57.801482,2024-05-10 16:41:58.717024,0 days 00:00:00.915542,24,190,1,COMPLETE
83,83,-2.833643004887387,0.23064910291831056,2024-05-10 16:41:58.720753,2024-05-10 16:41:59.202371,0 days 00:00:00.481618,25,148,1,COMPLETE
84,84,-1.1396380676257274,0.17903319294091283,2024-05-10 16:41:59.206326,2024-05-10 16:42:03.616033,0 days 00:00:04.409707,70,103,1,COMPLETE
85,85,-0.7242203059025207,0.1564623675593881,2024-05-10 16:42:03.616033,2024-05-10 16:42:12.003009,0 days 00:00:08.386976,97,203,1,COMPLETE
86,86,-1.2356130446924687,0.16945030685926077,2024-05-10 16:42:12.011400,2024-05-10 16:42:19.319949,0 days 00:00:07.308549,27,134,1,COMPLETE
87,87,-1.8590498043266652,0.19860802328819432,2024-05-10 16:42:19.325545,2024-05-10 16:42:26.876007,0 days 00:00:07.550462,83,200,1,COMPLETE
88,88,-0.47739122296355896,0.142246215513197,2024-05-10 16:42:26.883148,2024-05-10 16:42:28.351096,0 days 00:00:01.467948,11,72,1,COMPLETE
89,89,-40.9418982991552,0.49634149893542123,2024-05-10 16:42:28.355474,2024-05-10 16:42:32.333445,0 days 00:00:03.977971,69,110,1,COMPLETE
90,90,-0.23402218630312963,0.11012738119646322,2024-05-10 16:42:32.338350,2024-05-10 16:42:33.542734,0 days 00:00:01.204384,3,76,1,COMPLETE
91,91,-1.0871980781583808,0.17389400257844156,2024-05-10 16:42:33.547612,2024-05-10 16:42:38.997283,0 days 00:00:05.449671,73,16,1,COMPLETE
92,92,-1.614494947524173,0.1876205983737223,2024-05-10 16:42:39.001238,2024-05-10 16:42:41.336911,0 days 00:00:02.335673,32,89,1,COMPLETE
93,93,-0.35281431290496573,0.13477900897145872,2024-05-10 16:42:41.339870,2024-05-10 16:42:42.737310,0 days 00:00:01.397440,11,72,1,COMPLETE
94,94,-0.8743342128679469,0.16089835782869785,2024-05-10 16:42:42.741300,2024-05-10 16:42:49.839987,0 days 00:00:07.098687,89,42,1,COMPLETE
95,95,-0.37174797056444875,0.13794152334583518,2024-05-10 16:42:49.846919,2024-05-10 16:42:51.451430,0 days 00:00:01.604511,12,201,1,COMPLETE
96,96,-1.4114156794996027,0.18556644263103067,2024-05-10 16:42:51.455768,2024-05-10 16:42:56.332852,0 days 00:00:04.877084,83,207,1,COMPLETE
97,97,-1.2893358241909731,0.18366817249481943,2024-05-10 16:42:56.337125,2024-05-10 16:43:02.540010,0 days 00:00:06.202885,94,126,1,COMPLETE
98,98,-0.7015416551431699,0.1486126126721776,2024-05-10 16:43:02.540010,2024-05-10 16:43:05.891296,0 days 00:00:03.351286,15,179,1,COMPLETE
99,99,-2.602406821545472,0.2029899584337175,2024-05-10 16:43:05.902858,2024-05-10 16:43:07.625378,0 days 00:00:01.722520,19,134,1,COMPLETE
100,100,-1.2458773670569714,0.17889779652767798,2024-05-10 16:43:07.629971,2024-05-10 16:43:11.122226,0 days 00:00:03.492255,40,201,2,COMPLETE
101,101,-1.7629420144410202,0.18700732062725453,2024-05-10 16:43:11.124685,2024-05-10 16:43:12.951940,0 days 00:00:01.827255,41,85,2,COMPLETE
102,102,-0.2503815066672998,0.115201735762214,2024-05-10 16:43:12.951940,2024-05-10 16:43:14.332315,0 days 00:00:01.380375,3,145,2,COMPLETE
103,103,-0.9322353408953468,0.16905751358001392,2024-05-10 16:43:14.336328,2024-05-10 16:43:18.615905,0 days 00:00:04.279577,89,194,2,COMPLETE
104,104,-2.184064713675558,0.20616049907290152,2024-05-10 16:43:18.622778,2024-05-10 16:43:25.685813,0 days 00:00:07.063035,62,72,2,COMPLETE
105,105,-0.20185192548460051,0.11490132132938355,2024-05-10 16:43:25.692064,2024-05-10 16:43:27.314204,0 days 00:00:01.622140,5,37,2,COMPLETE
106,106,-3.0791037457938755,0.21733325432796252,2024-05-10 16:43:27.325012,2024-05-10 16:43:28.328593,0 days 00:00:01.003581,23,100,2,COMPLETE
107,107,-0.874662767320393,0.16679258262879124,2024-05-10 16:43:28.328593,2024-05-10 16:43:29.421492,0 days 00:00:01.092899,19,81,2,COMPLETE
108,108,-1.1017786084067125,0.17291008027851879,2024-05-10 16:43:29.425635,2024-05-10 16:43:34.166844,0 days 00:00:04.741209,76,63,2,COMPLETE
109,109,-1.0549905287775054,0.1676366275127072,2024-05-10 16:43:34.170751,2024-05-10 16:43:45.227787,0 days 00:00:11.057036,56,134,2,COMPLETE
110,110,-1.6761180410645544,0.18968969731383986,2024-05-10 16:43:45.233566,2024-05-10 16:43:51.935672,0 days 00:00:06.702106,51,202,2,COMPLETE
111,111,-2.9959938422275285,0.2333604951636314,2024-05-10 16:43:51.939220,2024-05-10 16:43:54.614796,0 days 00:00:02.675576,43,76,2,COMPLETE
112,112,-0.2701713195449681,0.11240289826141998,2024-05-10 16:43:54.619239,2024-05-10 16:43:55.882941,0 days 00:00:01.263702,3,116,2,COMPLETE
113,113,-1.0913227748239271,0.15966707440157213,2024-05-10 16:43:55.898588,2024-05-10 16:44:03.195340,0 days 00:00:07.296752,55,104,2,COMPLETE
114,114,-1.2898440457367575,0.17407643813915305,2024-05-10 16:44:03.203562,2024-05-10 16:44:08.010916,0 days 00:00:04.807354,63,47,2,COMPLETE
115,115,-2.433699294448755,0.22152126155406196,2024-05-10 16:44:08.027436,2024-05-10 16:44:08.610584,0 days 00:00:00.583148,35,142,2,COMPLETE
116,116,-1.4136810755540352,0.19181012696850766,2024-05-10 16:44:08.626314,2024-05-10 16:44:09.881722,0 days 00:00:01.255408,30,98,2,COMPLETE
117,117,-1.589185924845713,0.18129229253656698,2024-05-10 16:44:09.886113,2024-05-10 16:44:14.290415,0 days 00:00:04.404302,53,27,2,COMPLETE
118,118,-1.355344230669218,0.18634393465253635,2024-05-10 16:44:14.299350,2024-05-10 16:44:15.656465,0 days 00:00:01.357115,24,163,2,COMPLETE
119,119,-0.7097030621051891,0.15773705658340895,2024-05-10 16:44:15.662561,2024-05-10 16:44:16.839320,0 days 00:00:01.176759,15,83,2,COMPLETE
120,120,-0.6297411319190659,0.15760468338663705,2024-05-10 16:44:16.850100,2024-05-10 16:44:18.073013,0 days 00:00:01.222913,11,167,2,COMPLETE
121,121,-0.9596793686045716,0.1685988516193268,2024-05-10 16:44:18.079750,2024-05-10 16:44:26.435913,0 days 00:00:08.356163,87,78,2,COMPLETE
122,122,-0.22806381701800374,0.10371703247321913,2024-05-10 16:44:26.435913,2024-05-10 16:44:29.883528,0 days 00:00:03.447615,3,158,2,COMPLETE
123,123,-2.3132862694548293,0.22145645075408332,2024-05-10 16:44:29.883528,2024-05-10 16:44:30.770506,0 days 00:00:00.886978,26,33,2,COMPLETE
124,124,-2.3775307528404337,0.20984181959694412,2024-05-10 16:44:30.771503,2024-05-10 16:44:31.836132,0 days 00:00:01.064629,20,72,2,COMPLETE
125,125,-1.191729979922103,0.17404074022142874,2024-05-10 16:44:31.841002,2024-05-10 16:44:35.130140,0 days 00:00:03.289138,32,89,2,COMPLETE
126,126,-1.6338254791444846,0.18930524152504594,2024-05-10 16:44:35.134848,2024-05-10 16:44:41.228810,0 days 00:00:06.093962,32,115,2,COMPLETE
127,127,-0.5022391470303595,0.1483889080119233,2024-05-10 16:44:41.233163,2024-05-10 16:44:45.991265,0 days 00:00:04.758102,99,103,2,COMPLETE
128,128,-0.9868864793222704,0.17112224393395173,2024-05-10 16:44:45.995289,2024-05-10 16:44:50.632170,0 days 00:00:04.636881,89,60,2,COMPLETE
129,129,-0.638438731393331,0.1557572808463478,2024-05-10 16:44:50.636800,2024-05-10 16:44:52.241080,0 days 00:00:01.604280,24,98,2,COMPLETE
130,130,-2.2041696911118898,0.2186545697045398,2024-05-10 16:44:52.244972,2024-05-10 16:44:55.948818,0 days 00:00:03.703846,33,47,2,COMPLETE
131,131,-1.0201894876505553,0.1681249807170541,2024-05-10 16:44:55.952834,2024-05-10 16:45:01.142728,0 days 00:00:05.189894,79,185,2,COMPLETE
132,132,-0.3353788052266264,0.13936339918992005,2024-05-10 16:45:01.149819,2024-05-10 16:45:06.366398,0 days 00:00:05.216579,92,45,2,COMPLETE
133,133,-0.9893991766316766,0.16419086280402273,2024-05-10 16:45:06.367428,2024-05-10 16:45:12.846930,0 days 00:00:06.479502,76,116,2,COMPLETE
134,134,-0.2776518869377961,0.11186326937210742,2024-05-10 16:45:12.850507,2024-05-10 16:45:18.213098,0 days 00:00:05.362591,5,195,2,COMPLETE
135,135,-0.14537683384551459,0.10545142762510673,2024-05-10 16:45:18.222344,2024-05-10 16:45:19.443959,0 days 00:00:01.221615,5,191,2,COMPLETE
136,136,-2.1070255205744686,0.2019704380715909,2024-05-10 16:45:19.452095,2024-05-10 16:45:21.675350,0 days 00:00:02.223255,85,72,2,COMPLETE
137,137,-1.390128567862408,0.17621054134262443,2024-05-10 16:45:21.680359,2024-05-10 16:45:25.428686,0 days 00:00:03.748327,34,115,2,COMPLETE
138,138,-0.8465609507891919,0.15951928937377088,2024-05-10 16:45:25.433960,2024-05-10 16:45:30.208329,0 days 00:00:04.774369,61,139,2,COMPLETE
139,139,-0.6222405595478027,0.1506079505276384,2024-05-10 16:45:30.212603,2024-05-10 16:45:31.673553,0 days 00:00:01.460950,24,146,2,COMPLETE
140,140,-2.2398605823795164,0.21178217041299718,2024-05-10 16:45:31.677525,2024-05-10 16:45:38.376524,0 days 00:00:06.698999,85,84,2,COMPLETE
141,141,-0.5540832693359583,0.14548534845034516,2024-05-10 16:45:38.380651,2024-05-10 16:45:42.275168,0 days 00:00:03.894517,9,103,2,COMPLETE
142,142,-1.1834298305954054,0.16723731389841717,2024-05-10 16:45:42.279123,2024-05-10 16:45:46.650332,0 days 00:00:04.371209,47,120,2,COMPLETE
143,143,-1.4719029579080225,0.18757691828360729,2024-05-10 16:45:46.650332,2024-05-10 16:45:51.047484,0 days 00:00:04.397152,52,72,2,COMPLETE
144,144,-2.2947654482548883,0.2140498599449056,2024-05-10 16:45:51.047484,2024-05-10 16:45:52.098087,0 days 00:00:01.050603,31,72,2,COMPLETE
145,145,-0.319268267726369,0.11621211438012916,2024-05-10 16:45:52.100310,2024-05-10 16:45:53.446295,0 days 00:00:01.345985,3,206,2,COMPLETE
146,146,-0.8439624058185207,0.1610492563699768,2024-05-10 16:45:53.463032,2024-05-10 16:46:01.777076,0 days 00:00:08.314044,85,201,2,COMPLETE
147,147,-1.3114339935933785,0.1781220065831755,2024-05-10 16:46:01.791560,2024-05-10 16:46:07.466229,0 days 00:00:05.674669,28,134,2,COMPLETE
148,148,-1.4970019586105276,0.18387048656541694,2024-05-10 16:46:07.469222,2024-05-10 16:46:15.700718,0 days 00:00:08.231496,40,72,2,COMPLETE
149,149,-0.338222676917565,0.1304163559307023,2024-05-10 16:46:15.704840,2024-05-10 16:46:22.480925,0 days 00:00:06.776085,51,149,2,COMPLETE
150,150,-0.883529364428467,0.16119107436147,2024-05-10 16:46:22.485857,2024-05-10 16:46:28.450554,0 days 00:00:05.964697,88,11,3,COMPLETE
151,151,-0.27768088723195317,0.10605147342867427,2024-05-10 16:46:28.457946,2024-05-10 16:46:31.115851,0 days 00:00:02.657905,3,67,3,COMPLETE
152,152,-1.251417541130359,0.1756392985027962,2024-05-10 16:46:31.126075,2024-05-10 16:46:38.870868,0 days 00:00:07.744793,32,78,3,COMPLETE
