,number,values_0,values_1,datetime_start,datetime_complete,duration,params_dim,params_window_length,system_attrs_nsga2:generation,state
754,754,-2.0508610330433945,0.00907326009250152,2024-05-18 11:11:43.964580,2024-05-18 11:11:45.731303,0 days 00:00:01.766723,96,105,15,COMPLETE
755,755,-3.56111097253698,0.009643626148056066,2024-05-18 11:11:45.746927,2024-05-18 11:11:47.524798,0 days 00:00:01.777871,93,179,15,COMPLETE
756,756,-0.6274931387771556,0.006498822551891699,2024-05-18 11:11:47.524798,2024-05-18 11:11:49.283533,0 days 00:00:01.758735,82,36,15,COMPLETE
757,757,-2.232482774346159,0.008973211946293564,2024-05-18 11:11:49.283533,2024-05-18 11:11:50.887644,0 days 00:00:01.604111,69,163,15,COMPLETE
758,758,-1.0325272054323444,0.007305901852235097,2024-05-18 11:11:50.887644,2024-05-18 11:11:52.420294,0 days 00:00:01.532650,21,139,15,COMPLETE
759,759,-0.6912773034498986,0.0067587547219614495,2024-05-18 11:11:52.420294,2024-05-18 11:11:54.138262,0 days 00:00:01.717968,88,189,15,COMPLETE
760,760,-1.2246499290658717,0.0076161368476229145,2024-05-18 11:11:54.138262,2024-05-18 11:11:55.860880,0 days 00:00:01.722618,54,144,15,COMPLETE
761,761,-1.101015712999773,0.007295086055937844,2024-05-18 11:11:55.860880,2024-05-18 11:11:57.635440,0 days 00:00:01.774560,93,43,15,COMPLETE
762,762,-3.0198131114712963,0.009951468011645181,2024-05-18 11:11:57.635440,2024-05-18 11:11:59.220736,0 days 00:00:01.585296,28,184,15,COMPLETE
763,763,-3.0203080594550458,0.009638543089265119,2024-05-18 11:11:59.236357,2024-05-18 11:12:00.879911,0 days 00:00:01.643554,37,181,15,COMPLETE
764,764,-0.6518499825795986,0.006630356006099689,2024-05-18 11:12:00.879911,2024-05-18 11:12:02.513796,0 days 00:00:01.633885,96,144,15,COMPLETE
765,765,-1.7910166028343653,0.00823569450979435,2024-05-18 11:12:02.513796,2024-05-18 11:12:04.135792,0 days 00:00:01.621996,43,146,15,COMPLETE
766,766,-0.8086730042385752,0.006803749344574751,2024-05-18 11:12:04.137787,2024-05-18 11:12:05.890280,0 days 00:00:01.752493,78,36,15,COMPLETE
767,767,-1.0540999818398853,0.0073301242960132715,2024-05-18 11:12:05.890280,2024-05-18 11:12:07.551451,0 days 00:00:01.661171,93,18,15,COMPLETE
768,768,-0.7677722342837207,0.006768050088743866,2024-05-18 11:12:07.551451,2024-05-18 11:12:09.114249,0 days 00:00:01.562798,25,135,15,COMPLETE
769,769,-0.9171460173865624,0.007032682704082326,2024-05-18 11:12:09.129872,2024-05-18 11:12:10.893695,0 days 00:00:01.763823,95,105,15,COMPLETE
770,770,-1.4005409417325514,0.007932354162605015,2024-05-18 11:12:10.909318,2024-05-18 11:12:12.540973,0 days 00:00:01.631655,67,126,15,COMPLETE
771,771,-0.9410979271023372,0.007165554422978118,2024-05-18 11:12:12.540973,2024-05-18 11:12:14.208021,0 days 00:00:01.667048,74,182,15,COMPLETE
772,772,-0.6712540452984984,0.006668030460847398,2024-05-18 11:12:14.208021,2024-05-18 11:12:15.782520,0 days 00:00:01.574499,3,101,15,COMPLETE
773,773,-0.902934551984405,0.006928647879212289,2024-05-18 11:12:15.782520,2024-05-18 11:12:17.490761,0 days 00:00:01.708241,95,165,15,COMPLETE
774,774,-64.8215847683664,0.024433262583118377,2024-05-18 11:12:17.490761,2024-05-18 11:12:19.209974,0 days 00:00:01.719213,11,189,15,COMPLETE
775,775,-1.809228498173002,0.008165235542025097,2024-05-18 11:12:19.209974,2024-05-18 11:12:20.959134,0 days 00:00:01.749160,92,105,15,COMPLETE
776,776,-1.6440583290057167,0.007634202241487994,2024-05-18 11:12:20.959134,2024-05-18 11:12:22.561593,0 days 00:00:01.602459,32,31,15,COMPLETE
777,777,-0.42915664081414634,0.0060708321256225314,2024-05-18 11:12:22.561593,2024-05-18 11:12:24.246963,0 days 00:00:01.685370,88,135,15,COMPLETE
778,778,-1.8893703574515885,0.008807621852353467,2024-05-18 11:12:24.246963,2024-05-18 11:12:25.814616,0 days 00:00:01.567653,15,185,15,COMPLETE
779,779,-1.4721993912905282,0.007989369836792628,2024-05-18 11:12:25.830237,2024-05-18 11:12:27.413693,0 days 00:00:01.583456,21,36,15,COMPLETE
780,780,-3.7542205820228722,0.009719080287924854,2024-05-18 11:12:27.429311,2024-05-18 11:12:29.077441,0 days 00:00:01.648130,25,189,15,COMPLETE
781,781,-0.9984369959047272,0.007127809569529682,2024-05-18 11:12:29.077441,2024-05-18 11:12:30.989752,0 days 00:00:01.912311,85,100,15,COMPLETE
782,782,-0.805227036610179,0.006772889147134806,2024-05-18 11:12:30.989752,2024-05-18 11:12:32.815174,0 days 00:00:01.825422,15,137,15,COMPLETE
783,783,-1.7068495263629877,0.008172915660859514,2024-05-18 11:12:32.830829,2024-05-18 11:12:34.696494,0 days 00:00:01.865665,54,102,15,COMPLETE
784,784,-12.211924203490826,0.013873845650838722,2024-05-18 11:12:34.696494,2024-05-18 11:12:36.507047,0 days 00:00:01.810553,21,135,15,COMPLETE
785,785,-6.24590109002939,0.011641799413000942,2024-05-18 11:12:36.507047,2024-05-18 11:12:38.253691,0 days 00:00:01.746644,14,135,15,COMPLETE
786,786,-0.5470205137270636,0.006283054630674056,2024-05-18 11:12:38.253691,2024-05-18 11:12:39.944395,0 days 00:00:01.690704,42,68,15,COMPLETE
787,787,-0.9996915402590612,0.007339222648169072,2024-05-18 11:12:39.960017,2024-05-18 11:12:41.721835,0 days 00:00:01.761818,89,39,15,COMPLETE
788,788,-1.5407988157736783,0.008189244310433304,2024-05-18 11:12:41.721835,2024-05-18 11:12:43.382344,0 days 00:00:01.660509,72,47,15,COMPLETE
789,789,-0.5900913129290513,0.006441252256725223,2024-05-18 11:12:43.397966,2024-05-18 11:12:45.108605,0 days 00:00:01.710639,88,25,15,COMPLETE
790,790,-0.4805713828256611,0.0061702400860501804,2024-05-18 11:12:45.108605,2024-05-18 11:12:46.869167,0 days 00:00:01.760562,93,98,15,COMPLETE
791,791,-1.0930739622172758,0.007351300370373626,2024-05-18 11:12:46.869167,2024-05-18 11:12:48.504208,0 days 00:00:01.635041,54,141,15,COMPLETE
792,792,-2.5449776507681743,0.008754241973898281,2024-05-18 11:12:48.504208,2024-05-18 11:12:50.210737,0 days 00:00:01.706529,76,174,15,COMPLETE
793,793,-2.5450787210193972,0.008014345136737468,2024-05-18 11:12:50.210737,2024-05-18 11:12:51.852621,0 days 00:00:01.641884,54,88,15,COMPLETE
794,794,-0.4847850210767902,0.0062033213586429195,2024-05-18 11:12:51.868241,2024-05-18 11:12:53.753079,0 days 00:00:01.884838,93,105,15,COMPLETE
795,795,-4.817912444579722,0.010441758374287739,2024-05-18 11:12:53.768699,2024-05-18 11:12:55.494538,0 days 00:00:01.725839,78,126,15,COMPLETE
796,796,-1.0923857058791688,0.007310726330937184,2024-05-18 11:12:55.510160,2024-05-18 11:12:57.543731,0 days 00:00:02.033571,87,102,15,COMPLETE
797,797,-0.4606502909172023,0.006201471808115103,2024-05-18 11:12:57.544815,2024-05-18 11:13:00.338784,0 days 00:00:02.793969,93,102,15,COMPLETE
798,798,-7.449208852259988,0.013546336091564743,2024-05-18 11:13:00.341776,2024-05-18 11:13:03.034654,0 days 00:00:02.692878,55,10,15,COMPLETE
799,799,-1.239776155321834,0.007735645210915997,2024-05-18 11:13:03.036647,2024-05-18 11:13:05.088139,0 days 00:00:02.051492,42,163,15,COMPLETE
800,800,-0.9436912242258634,0.0071912343980566245,2024-05-18 11:13:05.090134,2024-05-18 11:13:07.125839,0 days 00:00:02.035705,93,207,16,COMPLETE
801,801,-0.9201326729902611,0.007080712554586107,2024-05-18 11:13:07.127833,2024-05-18 11:13:09.036662,0 days 00:00:01.908829,80,97,16,COMPLETE
802,802,-0.563169547573382,0.00630156564997592,2024-05-18 11:13:09.038656,2024-05-18 11:13:10.957389,0 days 00:00:01.918733,89,196,16,COMPLETE
803,803,-1.1818692635494377,0.00746398658401626,2024-05-18 11:13:10.959382,2024-05-18 11:13:12.877889,0 days 00:00:01.918507,99,12,16,COMPLETE
804,804,-0.8673866489312537,0.006946629391786564,2024-05-18 11:13:12.879883,2024-05-18 11:13:14.809902,0 days 00:00:01.930019,85,126,16,COMPLETE
805,805,-1.1966551435202792,0.007543300237586019,2024-05-18 11:13:14.811864,2024-05-18 11:13:16.776383,0 days 00:00:01.964519,88,102,16,COMPLETE
806,806,-0.6918773471423215,0.006619281753081829,2024-05-18 11:13:16.778490,2024-05-18 11:13:18.797412,0 days 00:00:02.018922,96,135,16,COMPLETE
807,807,-22.62944170481911,0.01725719257824057,2024-05-18 11:13:18.799407,2024-05-18 11:13:20.578524,0 days 00:00:01.779117,16,105,16,COMPLETE
808,808,-0.9302912497657267,0.0070042935838180885,2024-05-18 11:13:20.581516,2024-05-18 11:13:22.664602,0 days 00:00:02.083086,75,25,16,COMPLETE
809,809,-1.0893052489851733,0.00747412859835129,2024-05-18 11:13:22.666594,2024-05-18 11:13:24.458566,0 days 00:00:01.791972,35,85,16,COMPLETE
810,810,-1.2813856846517913,0.007689165495432146,2024-05-18 11:13:24.460559,2024-05-18 11:13:26.500901,0 days 00:00:02.040342,88,163,16,COMPLETE
811,811,-2730.3216311090946,0.09203991280764975,2024-05-18 11:13:26.502897,2024-05-18 11:13:28.200234,0 days 00:00:01.697337,8,26,16,COMPLETE
812,812,-0.96055738661785,0.007125688674999584,2024-05-18 11:13:28.202230,2024-05-18 11:13:29.925372,0 days 00:00:01.723142,91,162,16,COMPLETE
813,813,-1.4522179026944895,0.008143596988455667,2024-05-18 11:13:29.927365,2024-05-18 11:13:31.700325,0 days 00:00:01.772960,57,126,16,COMPLETE
814,814,-2.669486140638489,0.009252484656895005,2024-05-18 11:13:31.702318,2024-05-18 11:13:33.468565,0 days 00:00:01.766247,80,212,16,COMPLETE
815,815,-2.1435032001879506,0.009018162343206484,2024-05-18 11:13:33.470560,2024-05-18 11:13:35.191251,0 days 00:00:01.720691,45,144,16,COMPLETE
816,816,-1.0737197106408038,0.007469579769154218,2024-05-18 11:13:35.193247,2024-05-18 11:13:36.957312,0 days 00:00:01.764065,97,66,16,COMPLETE
817,817,-2.308386748794521,0.009236073600454225,2024-05-18 11:13:36.958308,2024-05-18 11:13:38.625785,0 days 00:00:01.667477,28,11,16,COMPLETE
818,818,-6.225204226500827,0.01154174333323255,2024-05-18 11:13:38.627781,2024-05-18 11:13:40.276280,0 days 00:00:01.648499,13,122,16,COMPLETE
819,819,-0.8239136072082978,0.006846899542417946,2024-05-18 11:13:40.278378,2024-05-18 11:13:41.824849,0 days 00:00:01.546471,31,127,16,COMPLETE
820,820,-2.7211240088600928,0.009812023906002752,2024-05-18 11:13:41.825846,2024-05-18 11:13:43.504724,0 days 00:00:01.678878,84,175,16,COMPLETE
821,821,-1.736512450083454,0.00888600255472854,2024-05-18 11:13:43.505720,2024-05-18 11:13:45.030568,0 days 00:00:01.524848,15,152,16,COMPLETE
822,822,-4.8165769481743705,0.01054870992525965,2024-05-18 11:13:45.032529,2024-05-18 11:13:46.693882,0 days 00:00:01.661353,73,163,16,COMPLETE
823,823,-1.1141658461327322,0.007399339643344653,2024-05-18 11:13:46.695877,2024-05-18 11:13:48.534529,0 days 00:00:01.838652,88,31,16,COMPLETE
824,824,-1.870527256058671,0.008544409187355977,2024-05-18 11:13:48.535527,2024-05-18 11:13:50.122302,0 days 00:00:01.586775,83,152,16,COMPLETE
825,825,-0.47561555927514154,0.006173550351687534,2024-05-18 11:13:50.124296,2024-05-18 11:13:51.883624,0 days 00:00:01.759328,79,189,16,COMPLETE
826,826,-1.399585367755801,0.007801824349124886,2024-05-18 11:13:51.885583,2024-05-18 11:13:53.566634,0 days 00:00:01.681051,93,86,16,COMPLETE
827,827,-1.2521379774936987,0.0076504151374040385,2024-05-18 11:13:53.567632,2024-05-18 11:13:55.226196,0 days 00:00:01.658564,88,71,16,COMPLETE
828,828,-1.2947983133341858,0.007702469336852864,2024-05-18 11:13:55.227194,2024-05-18 11:13:56.861950,0 days 00:00:01.634756,57,55,16,COMPLETE
829,829,-1.2104473817544965,0.007509661087430959,2024-05-18 11:13:56.863945,2024-05-18 11:13:58.481507,0 days 00:00:01.617562,27,178,16,COMPLETE
830,830,-1.623567336122047,0.008035700143727377,2024-05-18 11:13:58.483503,2024-05-18 11:14:00.058564,0 days 00:00:01.575061,37,144,16,COMPLETE
831,831,-1.110222417662774,0.007417327493298388,2024-05-18 11:14:00.060557,2024-05-18 11:14:01.748056,0 days 00:00:01.687499,80,205,16,COMPLETE
832,832,-1.2193940084757051,0.00734478651410739,2024-05-18 11:14:01.750049,2024-05-18 11:14:03.412718,0 days 00:00:01.662669,55,102,16,COMPLETE
833,833,-242.89874136905792,0.03610977896862428,2024-05-18 11:14:03.413714,2024-05-18 11:14:04.889371,0 days 00:00:01.475657,15,152,16,COMPLETE
834,834,-0.3874043471631159,0.00601189823460805,2024-05-18 11:14:04.891366,2024-05-18 11:14:06.584091,0 days 00:00:01.692725,93,98,16,COMPLETE
835,835,-21.059389694879286,0.02105423108678746,2024-05-18 11:14:06.586086,2024-05-18 11:14:08.196452,0 days 00:00:01.610366,14,158,16,COMPLETE
836,836,-1.6281616422901188,0.008048438478302802,2024-05-18 11:14:08.198414,2024-05-18 11:14:09.849495,0 days 00:00:01.651081,93,3,16,COMPLETE
837,837,-1.1785303500907003,0.007541405924071223,2024-05-18 11:14:09.851490,2024-05-18 11:14:11.578520,0 days 00:00:01.727030,79,68,16,COMPLETE
838,838,-2.396374894763452,0.009584306418169592,2024-05-18 11:14:11.578520,2024-05-18 11:14:13.049521,0 days 00:00:01.471001,13,64,16,COMPLETE
839,839,-0.6455991570303687,0.006453529116814884,2024-05-18 11:14:13.051516,2024-05-18 11:14:14.609343,0 days 00:00:01.557827,41,116,16,COMPLETE
840,840,-5.264019038869061,0.010817983376670412,2024-05-18 11:14:14.610307,2024-05-18 11:14:16.158779,0 days 00:00:01.548472,23,93,16,COMPLETE
841,841,-4.488513910891507,0.00957862549028061,2024-05-18 11:14:16.160773,2024-05-18 11:14:17.821635,0 days 00:00:01.660862,88,186,16,COMPLETE
842,842,-0.810977524308942,0.0068928850939332835,2024-05-18 11:14:17.823630,2024-05-18 11:14:19.566663,0 days 00:00:01.743033,88,163,16,COMPLETE
843,843,-0.4565375323806068,0.006016452325895661,2024-05-18 11:14:19.568656,2024-05-18 11:14:21.300123,0 days 00:00:01.731467,93,132,16,COMPLETE
844,844,-1.9457910877054778,0.00869826215597853,2024-05-18 11:14:21.302118,2024-05-18 11:14:22.841285,0 days 00:00:01.539167,32,86,16,COMPLETE
845,845,-2.2989394133517225,0.008458113780089666,2024-05-18 11:14:22.843245,2024-05-18 11:14:24.387615,0 days 00:00:01.544370,44,105,16,COMPLETE
846,846,-2.12519992017447,0.008121071545171157,2024-05-18 11:14:24.389606,2024-05-18 11:14:25.928191,0 days 00:00:01.538585,34,105,16,COMPLETE
847,847,-0.7560596467191949,0.00661972671249751,2024-05-18 11:14:25.928191,2024-05-18 11:14:27.699369,0 days 00:00:01.771178,96,212,16,COMPLETE
848,848,-1.1671585728137408,0.00761130985880871,2024-05-18 11:14:27.701366,2024-05-18 11:14:29.429080,0 days 00:00:01.727714,88,7,16,COMPLETE
849,849,-0.5650959456213636,0.006266468036798775,2024-05-18 11:14:29.431076,2024-05-18 11:14:31.110186,0 days 00:00:01.679110,80,195,16,COMPLETE
850,850,-0.922983422109748,0.007098630819146236,2024-05-18 11:14:31.112148,2024-05-18 11:14:33.126861,0 days 00:00:02.014713,76,200,17,COMPLETE
851,851,-0.9939536529444167,0.007253757608105278,2024-05-18 11:14:33.128943,2024-05-18 11:14:34.916380,0 days 00:00:01.787437,4,88,17,COMPLETE
852,852,-55.04838768812219,0.020922299996925967,2024-05-18 11:14:34.918372,2024-05-18 11:14:36.644480,0 days 00:00:01.726108,45,98,17,COMPLETE
853,853,-0.8441009340151606,0.007000911326734459,2024-05-18 11:14:36.646441,2024-05-18 11:14:38.534223,0 days 00:00:01.887782,56,198,17,COMPLETE
854,854,-0.9047768706963442,0.007087881070408556,2024-05-18 11:14:38.536219,2024-05-18 11:14:40.484539,0 days 00:00:01.948320,99,45,17,COMPLETE
855,855,-0.776651795100145,0.006791442543612825,2024-05-18 11:14:40.486534,2024-05-18 11:14:42.273033,0 days 00:00:01.786499,84,32,17,COMPLETE
856,856,-2.66933752051661,0.008604182096231212,2024-05-18 11:14:42.275029,2024-05-18 11:14:44.148728,0 days 00:00:01.873699,78,126,17,COMPLETE
857,857,-1.0925326734967782,0.007367333853034985,2024-05-18 11:14:44.151718,2024-05-18 11:14:45.845710,0 days 00:00:01.693992,44,149,17,COMPLETE
858,858,-0.7372112683406382,0.006605100773451113,2024-05-18 11:14:45.847705,2024-05-18 11:14:47.708051,0 days 00:00:01.860346,96,37,17,COMPLETE
859,859,-0.9504435382147932,0.007141042944586134,2024-05-18 11:14:47.710046,2024-05-18 11:14:49.610345,0 days 00:00:01.900299,93,9,17,COMPLETE
860,860,-0.7925091744905488,0.006632046436381796,2024-05-18 11:14:49.612340,2024-05-18 11:14:51.398841,0 days 00:00:01.786501,88,101,17,COMPLETE
861,861,-0.5790621286817611,0.006429030583918574,2024-05-18 11:14:51.400836,2024-05-18 11:14:53.204085,0 days 00:00:01.803249,88,31,17,COMPLETE
862,862,-1.455386494678309,0.008001293789039163,2024-05-18 11:14:53.204085,2024-05-18 11:14:54.957419,0 days 00:00:01.753334,80,165,17,COMPLETE
863,863,-0.2892182811320533,0.005840283685374136,2024-05-18 11:14:54.959413,2024-05-18 11:14:56.642016,0 days 00:00:01.682603,87,31,17,COMPLETE
864,864,-1.1718238381628452,0.007454143163389974,2024-05-18 11:14:56.644011,2024-05-18 11:14:58.318207,0 days 00:00:01.674196,93,186,17,COMPLETE
865,865,-1.6797909623301828,0.008452855818300978,2024-05-18 11:14:58.320202,2024-05-18 11:14:59.933613,0 days 00:00:01.613411,74,197,17,COMPLETE
866,866,-0.6432813619172382,0.006701835813728104,2024-05-18 11:14:59.935607,2024-05-18 11:15:01.615680,0 days 00:00:01.680073,80,136,17,COMPLETE
867,867,-1.6367589646961833,0.008343637152355816,2024-05-18 11:15:01.617649,2024-05-18 11:15:03.473301,0 days 00:00:01.855652,71,171,17,COMPLETE
868,868,-1.0895262503234,0.007239148211840759,2024-05-18 11:15:03.475267,2024-05-18 11:15:05.327470,0 days 00:00:01.852203,82,98,17,COMPLETE
869,869,-1.1706922222301817,0.007558525719528766,2024-05-18 11:15:05.329570,2024-05-18 11:15:06.911529,0 days 00:00:01.581959,37,78,17,COMPLETE
870,870,-3.2280473250601602,0.009843892601558723,2024-05-18 11:15:06.912525,2024-05-18 11:15:08.512897,0 days 00:00:01.600372,22,67,17,COMPLETE
871,871,-0.45610571918247106,0.006082907615253817,2024-05-18 11:15:08.513894,2024-05-18 11:15:10.240803,0 days 00:00:01.726909,93,102,17,COMPLETE
872,872,-2.0201010924057647,0.009404905170808126,2024-05-18 11:15:10.242797,2024-05-18 11:15:11.730563,0 days 00:00:01.487766,3,102,17,COMPLETE
873,873,-1.4551156485511436,0.007993340688537772,2024-05-18 11:15:11.732557,2024-05-18 11:15:13.438416,0 days 00:00:01.705859,93,102,17,COMPLETE
874,874,-0.8832350017567523,0.006973755428030437,2024-05-18 11:15:13.439414,2024-05-18 11:15:15.545343,0 days 00:00:02.105929,92,188,17,COMPLETE
875,875,-0.5278837935745152,0.006329375036475936,2024-05-18 11:15:15.547337,2024-05-18 11:15:17.186593,0 days 00:00:01.639256,72,105,17,COMPLETE
876,876,-0.5855178979481814,0.006303079370044831,2024-05-18 11:15:17.188587,2024-05-18 11:15:18.654089,0 days 00:00:01.465502,13,37,17,COMPLETE
877,877,-0.7744406295620484,0.006662262431145377,2024-05-18 11:15:18.657082,2024-05-18 11:15:20.206064,0 days 00:00:01.548982,17,186,17,COMPLETE
878,878,-0.14796160696382318,0.0054051625567739185,2024-05-18 11:15:20.207059,2024-05-18 11:15:21.868277,0 days 00:00:01.661218,28,102,17,COMPLETE
879,879,-0.9435555523182387,0.007098923476410407,2024-05-18 11:15:21.870272,2024-05-18 11:15:23.770677,0 days 00:00:01.900405,41,133,17,COMPLETE
880,880,-0.3806932519363508,0.005929884135406449,2024-05-18 11:15:23.772672,2024-05-18 11:15:25.700648,0 days 00:00:01.927976,74,36,17,COMPLETE
881,881,-1.1417097399807494,0.007277565099434257,2024-05-18 11:15:25.702611,2024-05-18 11:15:27.939289,0 days 00:00:02.236678,89,65,17,COMPLETE
882,882,-4.821366363437198,0.00911552702108068,2024-05-18 11:15:27.941281,2024-05-18 11:15:29.977869,0 days 00:00:02.036588,23,126,17,COMPLETE
883,883,-3.2322426254398877,0.008771170369061375,2024-05-18 11:15:29.977869,2024-05-18 11:15:32.389531,0 days 00:00:02.411662,17,38,17,COMPLETE
884,884,-1.9447496534288586,0.009321325967920738,2024-05-18 11:15:32.392374,2024-05-18 11:15:34.269014,0 days 00:00:01.876640,6,152,17,COMPLETE
885,885,-0.9227661759231898,0.007087040065148173,2024-05-18 11:15:34.271008,2024-05-18 11:15:36.159490,0 days 00:00:01.888482,80,53,17,COMPLETE
886,886,-0.8067651732336923,0.0067064725437800034,2024-05-18 11:15:36.161451,2024-05-18 11:15:37.878534,0 days 00:00:01.717083,93,132,17,COMPLETE
887,887,-1.7622122565213167,0.008421468572329774,2024-05-18 11:15:37.878534,2024-05-18 11:15:39.617615,0 days 00:00:01.739081,78,88,17,COMPLETE
888,888,-2.0500723696027205,0.00847470847391606,2024-05-18 11:15:39.619611,2024-05-18 11:15:41.188893,0 days 00:00:01.569282,26,179,17,COMPLETE
889,889,-0.6024378140144799,0.006367530681859426,2024-05-18 11:15:41.190886,2024-05-18 11:15:42.887702,0 days 00:00:01.696816,96,21,17,COMPLETE
890,890,-0.9709450919503322,0.0071777113922660615,2024-05-18 11:15:42.889697,2024-05-18 11:15:44.475516,0 days 00:00:01.585819,32,136,17,COMPLETE
891,891,-0.8176937819343275,0.006878377107228079,2024-05-18 11:15:44.477477,2024-05-18 11:15:46.127839,0 days 00:00:01.650362,68,199,17,COMPLETE
892,892,-0.983516124651303,0.007148554560811486,2024-05-18 11:15:46.129928,2024-05-18 11:15:47.862731,0 days 00:00:01.732803,93,98,17,COMPLETE
893,893,-0.8045866464468585,0.006729376314288686,2024-05-18 11:15:47.864726,2024-05-18 11:15:49.479197,0 days 00:00:01.614471,69,189,17,COMPLETE
894,894,-1.3975194093544971,0.007979252788718992,2024-05-18 11:15:49.481193,2024-05-18 11:15:51.126095,0 days 00:00:01.644902,72,10,17,COMPLETE
895,895,-0.5927949022946157,0.006308762507951431,2024-05-18 11:15:51.129212,2024-05-18 11:15:52.737143,0 days 00:00:01.607931,80,68,17,COMPLETE
896,896,-1.359400941770037,0.008026432802944374,2024-05-18 11:15:52.739138,2024-05-18 11:15:54.260262,0 days 00:00:01.521124,16,105,17,COMPLETE
897,897,-2276.278753835114,0.09134316882821888,2024-05-18 11:15:54.262258,2024-05-18 11:15:55.778615,0 days 00:00:01.516357,4,40,17,COMPLETE
898,898,-0.36816698858612873,0.005877919399151778,2024-05-18 11:15:55.778615,2024-05-18 11:15:57.480316,0 days 00:00:01.701701,65,72,17,COMPLETE
899,899,-3.565360636549196,0.010725688317797587,2024-05-18 11:15:57.482309,2024-05-18 11:15:59.162492,0 days 00:00:01.680183,93,24,17,COMPLETE
900,900,-0.8722208251222622,0.006957997557938677,2024-05-18 11:15:59.164487,2024-05-18 11:16:00.937770,0 days 00:00:01.773283,43,189,18,COMPLETE
901,901,-0.46505164147819367,0.006107376960509307,2024-05-18 11:16:00.939765,2024-05-18 11:16:02.572346,0 days 00:00:01.632581,35,142,18,COMPLETE
902,902,-0.5360410033519137,0.006302367726375664,2024-05-18 11:16:02.574340,2024-05-18 11:16:04.219682,0 days 00:00:01.645342,39,74,18,COMPLETE
903,903,-1.3991206372780378,0.007895053541922877,2024-05-18 11:16:04.221677,2024-05-18 11:16:05.879555,0 days 00:00:01.657878,65,72,18,COMPLETE
