,number,values_0,values_1,datetime_start,datetime_complete,duration,params_dim,params_window_length,system_attrs_nsga2:generation,state
604,604,-1.0426694328722792,0.0072659535592142135,2024-05-18 11:07:08.328370,2024-05-18 11:07:10.099347,0 days 00:00:01.770977,93,23,12,COMPLETE
605,605,-0.8385841992171266,0.006675456782088409,2024-05-18 11:07:10.101340,2024-05-18 11:07:11.652971,0 days 00:00:01.551631,82,88,12,COMPLETE
606,606,-1.8116740011832497,0.008311808392993197,2024-05-18 11:07:11.655146,2024-05-18 11:07:13.242907,0 days 00:00:01.587761,27,152,12,COMPLETE
607,607,-2.4583974022746307,0.009580465889220544,2024-05-18 11:07:13.243905,2024-05-18 11:07:15.026137,0 days 00:00:01.782232,98,82,12,COMPLETE
608,608,-1.4720791878832344,0.007770814308440449,2024-05-18 11:07:15.029249,2024-05-18 11:07:16.733523,0 days 00:00:01.704274,35,183,12,COMPLETE
609,609,-4.197438536488152,0.010949532587081295,2024-05-18 11:07:16.735491,2024-05-18 11:07:18.449308,0 days 00:00:01.713817,35,69,12,COMPLETE
610,610,-1.1184004637428644,0.007241471230554306,2024-05-18 11:07:18.451269,2024-05-18 11:07:20.433877,0 days 00:00:01.982608,93,47,12,COMPLETE
611,611,-8.068750950684102,0.01324474489119037,2024-05-18 11:07:20.434875,2024-05-18 11:07:22.181508,0 days 00:00:01.746633,44,186,12,COMPLETE
612,612,-2.9313597335151504,0.009240771290064299,2024-05-18 11:07:22.183504,2024-05-18 11:07:24.128433,0 days 00:00:01.944929,97,135,12,COMPLETE
613,613,-0.6537314868827216,0.006456970878229089,2024-05-18 11:07:24.128433,2024-05-18 11:07:25.997298,0 days 00:00:01.868865,88,186,12,COMPLETE
614,614,-1.4500007168080695,0.007692160650605366,2024-05-18 11:07:25.999293,2024-05-18 11:07:27.686532,0 days 00:00:01.687239,31,59,12,COMPLETE
615,615,-1.1718087867835587,0.007425532718137673,2024-05-18 11:07:27.688526,2024-05-18 11:07:29.678914,0 days 00:00:01.990388,44,4,12,COMPLETE
616,616,-1.129086713150097,0.007350970487587763,2024-05-18 11:07:29.680908,2024-05-18 11:07:31.552910,0 days 00:00:01.872002,72,19,12,COMPLETE
617,617,-1.154203035715458,0.0074760922482897535,2024-05-18 11:07:31.555112,2024-05-18 11:07:33.524916,0 days 00:00:01.969804,88,186,12,COMPLETE
618,618,-36.75345889304485,0.020889459577302184,2024-05-18 11:07:33.527907,2024-05-18 11:07:35.261992,0 days 00:00:01.734085,19,8,12,COMPLETE
619,619,-0.9017723539682644,0.0069182175504328754,2024-05-18 11:07:35.263987,2024-05-18 11:07:37.222677,0 days 00:00:01.958690,93,153,12,COMPLETE
620,620,-1.4447674116708042,0.008144029375318872,2024-05-18 11:07:37.224670,2024-05-18 11:07:39.129230,0 days 00:00:01.904560,80,47,12,COMPLETE
621,621,-1.0248472988745772,0.007246350034894546,2024-05-18 11:07:39.130230,2024-05-18 11:07:41.002037,0 days 00:00:01.871807,85,75,12,COMPLETE
622,622,-1.134102267055646,0.007445091908020873,2024-05-18 11:07:41.004228,2024-05-18 11:07:42.878293,0 days 00:00:01.874065,88,36,12,COMPLETE
623,623,-0.29642651460466,0.005762483064648812,2024-05-18 11:07:42.880289,2024-05-18 11:07:44.749937,0 days 00:00:01.869648,32,189,12,COMPLETE
624,624,-1.4194314257205545,0.007961957316012336,2024-05-18 11:07:44.751928,2024-05-18 11:07:46.607454,0 days 00:00:01.855526,51,61,12,COMPLETE
625,625,-1.256919083812749,0.00775065021699523,2024-05-18 11:07:46.609450,2024-05-18 11:07:48.397336,0 days 00:00:01.787886,93,14,12,COMPLETE
626,626,-0.9948803658972782,0.007301304238779271,2024-05-18 11:07:48.399333,2024-05-18 11:07:50.331729,0 days 00:00:01.932396,88,172,12,COMPLETE
627,627,-1.7532907349233,0.008632708702908306,2024-05-18 11:07:50.331729,2024-05-18 11:07:52.263337,0 days 00:00:01.931608,99,209,12,COMPLETE
628,628,-0.6579695649884043,0.00643963036022253,2024-05-18 11:07:52.263337,2024-05-18 11:07:54.143352,0 days 00:00:01.880015,81,114,12,COMPLETE
629,629,-4.06477831123027,0.01041016879988148,2024-05-18 11:07:54.158976,2024-05-18 11:07:56.004355,0 days 00:00:01.845379,84,163,12,COMPLETE
630,630,-10.597268378439415,0.014142200720136463,2024-05-18 11:07:56.004355,2024-05-18 11:07:57.993303,0 days 00:00:01.988948,74,76,12,COMPLETE
631,631,-1.835219781104256,0.008336530632429725,2024-05-18 11:07:57.993303,2024-05-18 11:07:59.890561,0 days 00:00:01.897258,80,200,12,COMPLETE
632,632,-0.6932128792858562,0.0066086371625604795,2024-05-18 11:07:59.890561,2024-05-18 11:08:01.566273,0 days 00:00:01.675712,4,150,12,COMPLETE
633,633,-5.157549332177735,0.011239727689787565,2024-05-18 11:08:01.566273,2024-05-18 11:08:03.357551,0 days 00:00:01.791278,28,102,12,COMPLETE
634,634,-2.6603080050349925,0.009406885325756422,2024-05-18 11:08:03.357551,2024-05-18 11:08:05.107548,0 days 00:00:01.749997,17,189,12,COMPLETE
635,635,-0.5388646101573578,0.006253799326967985,2024-05-18 11:08:05.107548,2024-05-18 11:08:06.926122,0 days 00:00:01.818574,75,102,12,COMPLETE
636,636,-31532.797085546197,0.26540805995762395,2024-05-18 11:08:06.926122,2024-05-18 11:08:08.585832,0 days 00:00:01.659710,11,145,12,COMPLETE
637,637,-0.9697770695633796,0.006960779164727949,2024-05-18 11:08:08.585832,2024-05-18 11:08:10.446085,0 days 00:00:01.860253,88,128,12,COMPLETE
638,638,-0.9153119708796403,0.006999049460762502,2024-05-18 11:08:10.446085,2024-05-18 11:08:12.357986,0 days 00:00:01.911901,88,67,12,COMPLETE
639,639,-1.3807333399853108,0.00796482991221063,2024-05-18 11:08:12.359980,2024-05-18 11:08:14.446264,0 days 00:00:02.086284,35,77,12,COMPLETE
640,640,-0.8429698423596286,0.006716737903291213,2024-05-18 11:08:14.448258,2024-05-18 11:08:16.201240,0 days 00:00:01.752982,96,104,12,COMPLETE
641,641,-374.33758558388286,0.04558289100166787,2024-05-18 11:08:16.203234,2024-05-18 11:08:17.835708,0 days 00:00:01.632474,11,188,12,COMPLETE
642,642,-1029.423439368102,0.06474695891387092,2024-05-18 11:08:17.836705,2024-05-18 11:08:19.378672,0 days 00:00:01.541967,7,84,12,COMPLETE
643,643,-2.1278379455042638,0.008162492001997371,2024-05-18 11:08:19.379813,2024-05-18 11:08:20.994542,0 days 00:00:01.614729,61,180,12,COMPLETE
644,644,-1.2926013674410488,0.007890957348742336,2024-05-18 11:08:20.996536,2024-05-18 11:08:22.591052,0 days 00:00:01.594516,61,126,12,COMPLETE
645,645,-0.9889893417956648,0.007148877476494975,2024-05-18 11:08:22.593047,2024-05-18 11:08:24.369393,0 days 00:00:01.776346,93,45,12,COMPLETE
646,646,-0.5822544309635198,0.006243886555884884,2024-05-18 11:08:24.369393,2024-05-18 11:08:26.772160,0 days 00:00:02.402767,72,155,12,COMPLETE
647,647,-0.9026528103994087,0.007032917097831102,2024-05-18 11:08:26.774155,2024-05-18 11:08:28.548722,0 days 00:00:01.774567,99,81,12,COMPLETE
648,648,-1.4862230744185323,0.008230365615677209,2024-05-18 11:08:28.550688,2024-05-18 11:08:30.159085,0 days 00:00:01.608397,19,135,12,COMPLETE
649,649,-0.9896462182233581,0.007149820033987406,2024-05-18 11:08:30.160405,2024-05-18 11:08:32.508120,0 days 00:00:02.347715,93,186,12,COMPLETE
650,650,-0.6544925282175799,0.0064665937501101,2024-05-18 11:08:32.509117,2024-05-18 11:08:34.163122,0 days 00:00:01.654005,88,132,13,COMPLETE
651,651,-0.962994913307478,0.007094663918378402,2024-05-18 11:08:34.165118,2024-05-18 11:08:35.767515,0 days 00:00:01.602397,46,102,13,COMPLETE
652,652,-1.1406420764418692,0.007700183469548383,2024-05-18 11:08:35.769510,2024-05-18 11:08:37.226317,0 days 00:00:01.456807,4,124,13,COMPLETE
653,653,-1.5578575198001752,0.008343283749565406,2024-05-18 11:08:37.228462,2024-05-18 11:08:38.890350,0 days 00:00:01.661888,80,73,13,COMPLETE
654,654,-1.2512425181378757,0.007604243358929423,2024-05-18 11:08:38.892305,2024-05-18 11:08:40.496454,0 days 00:00:01.604149,88,34,13,COMPLETE
655,655,-1.0074452198212493,0.007246596026412294,2024-05-18 11:08:40.499444,2024-05-18 11:08:42.082447,0 days 00:00:01.583003,36,145,13,COMPLETE
656,656,-0.9726473399372386,0.007118682979085489,2024-05-18 11:08:42.084415,2024-05-18 11:08:43.751053,0 days 00:00:01.666638,80,68,13,COMPLETE
657,657,-1.1451303107846083,0.007541602322827523,2024-05-18 11:08:43.753048,2024-05-18 11:08:45.531238,0 days 00:00:01.778190,32,130,13,COMPLETE
658,658,-1.1235035206575934,0.007370830017772237,2024-05-18 11:08:45.533233,2024-05-18 11:08:47.320089,0 days 00:00:01.786856,15,30,13,COMPLETE
659,659,-1.4453002971600861,0.007903049672375461,2024-05-18 11:08:47.322082,2024-05-18 11:08:49.053590,0 days 00:00:01.731508,33,178,13,COMPLETE
660,660,-2.508551507156845,0.008856949855288208,2024-05-18 11:08:49.055583,2024-05-18 11:08:50.828582,0 days 00:00:01.772999,46,102,13,COMPLETE
661,661,-5.16067588846491,0.010460526728429663,2024-05-18 11:08:50.828582,2024-05-18 11:08:52.662726,0 days 00:00:01.834144,32,91,13,COMPLETE
662,662,-1.9824062616633982,0.008558201522960837,2024-05-18 11:08:52.664719,2024-05-18 11:08:54.510233,0 days 00:00:01.845514,87,135,13,COMPLETE
663,663,-0.7523301817189405,0.00661861648964141,2024-05-18 11:08:54.511228,2024-05-18 11:08:56.442496,0 days 00:00:01.931268,88,56,13,COMPLETE
664,664,-0.4177859354354096,0.005970105524749575,2024-05-18 11:08:56.444489,2024-05-18 11:08:58.278527,0 days 00:00:01.834038,45,144,13,COMPLETE
665,665,-1.4141089650512895,0.007728608761588485,2024-05-18 11:08:58.280522,2024-05-18 11:09:00.070526,0 days 00:00:01.790004,35,88,13,COMPLETE
666,666,-4.133801293789998,0.009566996436891368,2024-05-18 11:09:00.072523,2024-05-18 11:09:01.976703,0 days 00:00:01.904180,44,133,13,COMPLETE
667,667,-0.7865954141720584,0.006744040607953111,2024-05-18 11:09:01.978826,2024-05-18 11:09:03.885399,0 days 00:00:01.906573,67,172,13,COMPLETE
668,668,-0.9039008304592656,0.007018863035612074,2024-05-18 11:09:03.887367,2024-05-18 11:09:05.694357,0 days 00:00:01.806990,34,196,13,COMPLETE
669,669,-1.1016159435786053,0.007415195646784989,2024-05-18 11:09:05.696351,2024-05-18 11:09:07.485808,0 days 00:00:01.789457,72,31,13,COMPLETE
670,670,-22.040117559920407,0.018581718099419508,2024-05-18 11:09:07.487802,2024-05-18 11:09:09.422952,0 days 00:00:01.935150,30,197,13,COMPLETE
671,671,-0.8193183890328273,0.006779448691424895,2024-05-18 11:09:09.424947,2024-05-18 11:09:11.488330,0 days 00:00:02.063383,93,152,13,COMPLETE
672,672,-7.361081845631995,0.013019919904877927,2024-05-18 11:09:11.490325,2024-05-18 11:09:13.355001,0 days 00:00:01.864676,25,159,13,COMPLETE
673,673,-5.678629143546649,0.011343345651380354,2024-05-18 11:09:13.357993,2024-05-18 11:09:15.183042,0 days 00:00:01.825049,18,103,13,COMPLETE
674,674,-1.0854516918124426,0.00722568219592593,2024-05-18 11:09:15.186033,2024-05-18 11:09:16.982429,0 days 00:00:01.796396,93,122,13,COMPLETE
675,675,-1.2647277090018523,0.007671375207511978,2024-05-18 11:09:16.984394,2024-05-18 11:09:18.970438,0 days 00:00:01.986044,86,18,13,COMPLETE
676,676,-3.679523348476183,0.010664667919714146,2024-05-18 11:09:18.972434,2024-05-18 11:09:20.824483,0 days 00:00:01.852049,22,163,13,COMPLETE
677,677,-1.6314684837230644,0.008180962165624263,2024-05-18 11:09:20.825481,2024-05-18 11:09:22.794416,0 days 00:00:01.968935,69,135,13,COMPLETE
678,678,-1.280374735850206,0.007612345437955609,2024-05-18 11:09:22.796411,2024-05-18 11:09:24.732367,0 days 00:00:01.935956,93,23,13,COMPLETE
679,679,-1.8976594579483668,0.008677686447429233,2024-05-18 11:09:24.734328,2024-05-18 11:09:26.699626,0 days 00:00:01.965298,89,188,13,COMPLETE
680,680,-5.534651368515129,0.010672399693946708,2024-05-18 11:09:26.701621,2024-05-18 11:09:28.841300,0 days 00:00:02.139679,74,53,13,COMPLETE
681,681,-0.37544747153766583,0.005932302570313701,2024-05-18 11:09:28.843295,2024-05-18 11:09:30.953579,0 days 00:00:02.110284,13,40,13,COMPLETE
682,682,-0.9875648572290437,0.007205497968665253,2024-05-18 11:09:30.954578,2024-05-18 11:09:32.928754,0 days 00:00:01.974176,93,206,13,COMPLETE
683,683,-2.3563075785585164,0.009092826966256006,2024-05-18 11:09:32.928754,2024-05-18 11:09:34.798283,0 days 00:00:01.869529,84,145,13,COMPLETE
684,684,-0.9878870747557533,0.007126091134736242,2024-05-18 11:09:34.800276,2024-05-18 11:09:36.578591,0 days 00:00:01.778315,89,76,13,COMPLETE
685,685,-280.8275476050841,0.03900157571912127,2024-05-18 11:09:36.578591,2024-05-18 11:09:38.336000,0 days 00:00:01.757409,20,36,13,COMPLETE
686,686,-2.0884547991646607,0.00879595544474624,2024-05-18 11:09:38.337964,2024-05-18 11:09:40.410572,0 days 00:00:02.072608,81,80,13,COMPLETE
687,687,-1.3571175695041786,0.007603337228042848,2024-05-18 11:09:40.412566,2024-05-18 11:09:42.293834,0 days 00:00:01.881268,61,138,13,COMPLETE
688,688,-0.7879595041358162,0.006821861245244284,2024-05-18 11:09:42.295831,2024-05-18 11:09:44.043072,0 days 00:00:01.747241,35,189,13,COMPLETE
689,689,-2.0558690420441885,0.008633236780416538,2024-05-18 11:09:44.045067,2024-05-18 11:09:45.897981,0 days 00:00:01.852914,42,29,13,COMPLETE
690,690,-1.8848517469304604,0.00850890034026959,2024-05-18 11:09:45.899976,2024-05-18 11:09:47.844265,0 days 00:00:01.944289,79,134,13,COMPLETE
691,691,-0.7318759292058543,0.006682592345393484,2024-05-18 11:09:47.846258,2024-05-18 11:09:49.618481,0 days 00:00:01.772223,80,25,13,COMPLETE
692,692,-0.8052106570769342,0.0068220641971251505,2024-05-18 11:09:49.620474,2024-05-18 11:09:51.445605,0 days 00:00:01.825131,52,195,13,COMPLETE
693,693,-1.1940714741837541,0.00764581420434646,2024-05-18 11:09:51.447599,2024-05-18 11:09:53.400078,0 days 00:00:01.952479,99,89,13,COMPLETE
694,694,-0.9312700658063806,0.0068287070468919225,2024-05-18 11:09:53.402074,2024-05-18 11:09:55.321345,0 days 00:00:01.919271,93,102,13,COMPLETE
695,695,-1.3498324777043789,0.008047297150108849,2024-05-18 11:09:55.324338,2024-05-18 11:09:57.217921,0 days 00:00:01.893583,7,34,13,COMPLETE
696,696,-0.8169981567007664,0.006820385748119026,2024-05-18 11:09:57.219917,2024-05-18 11:09:59.324328,0 days 00:00:02.104411,97,17,13,COMPLETE
697,697,-1.5780591975485403,0.008013204910408762,2024-05-18 11:09:59.326323,2024-05-18 11:10:01.288174,0 days 00:00:01.961851,80,88,13,COMPLETE
698,698,-1.8988825548863688,0.009105579599490375,2024-05-18 11:10:01.290168,2024-05-18 11:10:03.072550,0 days 00:00:01.782382,3,47,13,COMPLETE
699,699,-0.8260700805273824,0.006623896537903617,2024-05-18 11:10:03.074544,2024-05-18 11:10:05.002240,0 days 00:00:01.927696,90,17,13,COMPLETE
700,700,-2.262434508317483,0.00833800126800186,2024-05-18 11:10:05.004350,2024-05-18 11:10:07.022072,0 days 00:00:02.017722,23,163,14,COMPLETE
701,701,-0.45783064813118307,0.00625581812522812,2024-05-18 11:10:07.025064,2024-05-18 11:10:09.053455,0 days 00:00:02.028391,89,36,14,COMPLETE
702,702,-1.2866429420952425,0.007763731756348052,2024-05-18 11:10:09.070192,2024-05-18 11:10:10.997208,0 days 00:00:01.927016,72,129,14,COMPLETE
703,703,-1.3197182008830501,0.007835765248497623,2024-05-18 11:10:10.999201,2024-05-18 11:10:12.993588,0 days 00:00:01.994387,96,135,14,COMPLETE
704,704,-0.784140761516303,0.00680247811738562,2024-05-18 11:10:12.995583,2024-05-18 11:10:14.972405,0 days 00:00:01.976822,74,31,14,COMPLETE
705,705,-0.5000696744501435,0.006080396918270498,2024-05-18 11:10:14.974401,2024-05-18 11:10:16.750536,0 days 00:00:01.776135,96,135,14,COMPLETE
706,706,-1.321914231630401,0.007979126560897647,2024-05-18 11:10:16.753670,2024-05-18 11:10:18.307477,0 days 00:00:01.553807,4,190,14,COMPLETE
707,707,-1.6605972166031115,0.00811089644667003,2024-05-18 11:10:18.309445,2024-05-18 11:10:20.194541,0 days 00:00:01.885096,88,74,14,COMPLETE
708,708,-0.7542455760133919,0.006794879538818616,2024-05-18 11:10:20.195538,2024-05-18 11:10:22.178304,0 days 00:00:01.982766,69,102,14,COMPLETE
709,709,-0.7931872996153884,0.006758163868488704,2024-05-18 11:10:22.195038,2024-05-18 11:10:23.952487,0 days 00:00:01.757449,88,145,14,COMPLETE
710,710,-1.6819294871909576,0.008321851895124289,2024-05-18 11:10:23.954587,2024-05-18 11:10:25.549318,0 days 00:00:01.594731,32,46,14,COMPLETE
711,711,-0.6730163578626805,0.006576131418041508,2024-05-18 11:10:25.551311,2024-05-18 11:10:27.417287,0 days 00:00:01.865976,79,158,14,COMPLETE
712,712,-0.5584138330014478,0.006294889040764261,2024-05-18 11:10:27.419282,2024-05-18 11:10:29.254716,0 days 00:00:01.835434,88,189,14,COMPLETE
713,713,-1.8221469209326862,0.008564309078338429,2024-05-18 11:10:29.256709,2024-05-18 11:10:31.094416,0 days 00:00:01.837707,84,193,14,COMPLETE
714,714,-0.6698221963496687,0.006458060556117996,2024-05-18 11:10:31.096411,2024-05-18 11:10:32.820732,0 days 00:00:01.724321,36,108,14,COMPLETE
715,715,-2.499677655893147,0.009325449471107297,2024-05-18 11:10:32.822728,2024-05-18 11:10:34.557156,0 days 00:00:01.734428,35,196,14,COMPLETE
716,716,-67.92168612941609,0.02278195121706946,2024-05-18 11:10:34.560148,2024-05-18 11:10:36.282458,0 days 00:00:01.722310,8,210,14,COMPLETE
717,717,-0.42120128781497873,0.0060741416259272795,2024-05-18 11:10:36.284453,2024-05-18 11:10:38.209050,0 days 00:00:01.924597,93,188,14,COMPLETE
718,718,-95.7454027047254,0.03317669087236401,2024-05-18 11:10:38.211043,2024-05-18 11:10:39.954944,0 days 00:00:01.743901,12,150,14,COMPLETE
719,719,-0.8895813505916559,0.006641401687307827,2024-05-18 11:10:39.955941,2024-05-18 11:10:41.700812,0 days 00:00:01.744871,46,188,14,COMPLETE
720,720,-0.6070336720499776,0.006387359696262984,2024-05-18 11:10:41.701809,2024-05-18 11:10:43.390114,0 days 00:00:01.688305,35,24,14,COMPLETE
721,721,-1.1821691302224095,0.007730951400959083,2024-05-18 11:10:43.392109,2024-05-18 11:10:45.259558,0 days 00:00:01.867449,93,121,14,COMPLETE
722,722,-1.42155082806548,0.007928504711048265,2024-05-18 11:10:45.260558,2024-05-18 11:10:47.148347,0 days 00:00:01.887789,82,176,14,COMPLETE
723,723,-33.59337063750502,0.022327165651065805,2024-05-18 11:10:47.149343,2024-05-18 11:10:48.895043,0 days 00:00:01.745700,12,185,14,COMPLETE
724,724,-5.476887625476914,0.010188871450216531,2024-05-18 11:10:48.897036,2024-05-18 11:10:50.694677,0 days 00:00:01.797641,13,211,14,COMPLETE
725,725,-1.440455053854965,0.008045497093060752,2024-05-18 11:10:50.696671,2024-05-18 11:10:52.306169,0 days 00:00:01.609498,14,165,14,COMPLETE
726,726,-0.7494576713359702,0.006686704086650319,2024-05-18 11:10:52.308162,2024-05-18 11:10:54.300738,0 days 00:00:01.992576,90,56,14,COMPLETE
727,727,-0.5758686009476234,0.006357721501796819,2024-05-18 11:10:54.301705,2024-05-18 11:10:56.163359,0 days 00:00:01.861654,19,36,14,COMPLETE
728,728,-1.3842506446434324,0.007909840027177466,2024-05-18 11:10:56.165354,2024-05-18 11:10:57.892672,0 days 00:00:01.727318,32,92,14,COMPLETE
729,729,-12.235061723273718,0.013972556489524742,2024-05-18 11:10:57.894664,2024-05-18 11:10:59.495876,0 days 00:00:01.601212,15,4,14,COMPLETE
730,730,-1.2083187190944862,0.007699487803525218,2024-05-18 11:10:59.497871,2024-05-18 11:11:01.366517,0 days 00:00:01.868646,88,40,14,COMPLETE
731,731,-0.9167247343646471,0.0069496917221036885,2024-05-18 11:11:01.368514,2024-05-18 11:11:03.303567,0 days 00:00:01.935053,93,102,14,COMPLETE
732,732,-1.310083752757204,0.007894577692555839,2024-05-18 11:11:03.303567,2024-05-18 11:11:05.206384,0 days 00:00:01.902817,22,188,14,COMPLETE
733,733,-3.582307471975516,0.009637009864268072,2024-05-18 11:11:05.208352,2024-05-18 11:11:06.981341,0 days 00:00:01.772989,17,49,14,COMPLETE
734,734,-0.7627496150107029,0.006774975882352266,2024-05-18 11:11:06.983335,2024-05-18 11:11:09.004747,0 days 00:00:02.021412,78,178,14,COMPLETE
735,735,-0.9063728360337052,0.0069991591183330825,2024-05-18 11:11:09.007739,2024-05-18 11:11:10.867840,0 days 00:00:01.860101,52,148,14,COMPLETE
736,736,-0.8093054008659426,0.006981985306895905,2024-05-18 11:11:10.869834,2024-05-18 11:11:12.636005,0 days 00:00:01.766171,22,82,14,COMPLETE
737,737,-1.6059404544696296,0.007986664632706853,2024-05-18 11:11:12.637999,2024-05-18 11:11:14.523697,0 days 00:00:01.885698,76,68,14,COMPLETE
738,738,-0.5260648792172095,0.006334771225434117,2024-05-18 11:11:14.526689,2024-05-18 11:11:16.403771,0 days 00:00:01.877082,80,124,14,COMPLETE
739,739,-2.2431085124614327,0.008910978417858283,2024-05-18 11:11:16.404842,2024-05-18 11:11:18.409213,0 days 00:00:02.004371,67,163,14,COMPLETE
740,740,-1.3380444266837954,0.007870465071327298,2024-05-18 11:11:18.411205,2024-05-18 11:11:20.426723,0 days 00:00:02.015518,79,30,14,COMPLETE
741,741,-1.8712415132744862,0.00897971376884194,2024-05-18 11:11:20.426723,2024-05-18 11:11:22.091718,0 days 00:00:01.664995,4,22,14,COMPLETE
742,742,-0.44713634498620286,0.006087623733783787,2024-05-18 11:11:22.093000,2024-05-18 11:11:24.010285,0 days 00:00:01.917285,85,165,14,COMPLETE
743,743,-2.649144899976858,0.009181582677065314,2024-05-18 11:11:24.025906,2024-05-18 11:11:25.865117,0 days 00:00:01.839211,31,138,14,COMPLETE
744,744,-1.6772699563670563,0.00812835688969501,2024-05-18 11:11:25.865117,2024-05-18 11:11:27.725919,0 days 00:00:01.860802,80,63,14,COMPLETE
745,745,-1.9846768951729121,0.008728534657898277,2024-05-18 11:11:27.725919,2024-05-18 11:11:29.648466,0 days 00:00:01.922547,48,135,14,COMPLETE
746,746,-1.7027289282808957,0.008088205778656423,2024-05-18 11:11:29.648466,2024-05-18 11:11:31.417973,0 days 00:00:01.769507,32,11,14,COMPLETE
747,747,-0.5381011797099609,0.006314187430482199,2024-05-18 11:11:31.433554,2024-05-18 11:11:33.235399,0 days 00:00:01.801845,93,158,14,COMPLETE
748,748,-4.790368384420771,0.011819625554943427,2024-05-18 11:11:33.235399,2024-05-18 11:11:34.876289,0 days 00:00:01.640890,32,189,14,COMPLETE
749,749,-0.36215401720798257,0.005858575680365288,2024-05-18 11:11:34.876289,2024-05-18 11:11:36.691186,0 days 00:00:01.814897,88,189,14,COMPLETE
750,750,-0.7715960620220665,0.006907716167038526,2024-05-18 11:11:36.691186,2024-05-18 11:11:38.425742,0 days 00:00:01.734556,13,188,15,COMPLETE
751,751,-3.564749509274173,0.010976889956866749,2024-05-18 11:11:38.425742,2024-05-18 11:11:40.305599,0 days 00:00:01.879857,52,8,15,COMPLETE
752,752,-0.8097694529256738,0.006909538635093271,2024-05-18 11:11:40.305599,2024-05-18 11:11:42.240434,0 days 00:00:01.934835,72,135,15,COMPLETE
753,753,-1.261092644492625,0.007524525218858387,2024-05-18 11:11:42.240434,2024-05-18 11:11:43.948959,0 days 00:00:01.708525,90,29,15,COMPLETE
