,number,values_0,values_1,datetime_start,datetime_complete,duration,params_dim,params_window_length,system_attrs_nsga2:generation,state
753,753,-4.6935101898230425,4.612417127713331e-05,2024-05-16 12:59:32.857629,2024-05-16 12:59:34.812870,0 days 00:00:01.955241,15,133,15,COMPLETE
754,754,-4.291234624971681,4.4725027851365416e-05,2024-05-16 12:59:34.818966,2024-05-16 12:59:36.819946,0 days 00:00:02.000980,12,192,15,COMPLETE
755,755,-4.708102040213569,4.661220643346194e-05,2024-05-16 12:59:36.822162,2024-05-16 12:59:38.894407,0 days 00:00:02.072245,18,27,15,COMPLETE
756,756,-4.793664942274071,4.641617536197357e-05,2024-05-16 12:59:38.907013,2024-05-16 12:59:40.826989,0 days 00:00:01.919976,14,124,15,COMPLETE
757,757,-4.4374955940550525,4.5248037902433245e-05,2024-05-16 12:59:40.829404,2024-05-16 12:59:42.909328,0 days 00:00:02.079924,12,133,15,COMPLETE
758,758,-4.397649076658668,4.5107077541960585e-05,2024-05-16 12:59:42.910832,2024-05-16 12:59:44.925034,0 days 00:00:02.014202,6,9,15,COMPLETE
759,759,-238.91420064964694,0.00018217336319601555,2024-05-16 12:59:44.938609,2024-05-16 12:59:47.462825,0 days 00:00:02.524216,45,69,15,COMPLETE
760,760,-17.69707465911582,8.80959482467319e-05,2024-05-16 12:59:47.464941,2024-05-16 12:59:50.474485,0 days 00:00:03.009544,58,19,15,COMPLETE
761,761,-4.529361231705335,4.585557625518042e-05,2024-05-16 12:59:50.476541,2024-05-16 12:59:52.793153,0 days 00:00:02.316612,15,133,15,COMPLETE
762,762,-4.538038884376929,4.579670778377281e-05,2024-05-16 12:59:52.794300,2024-05-16 12:59:54.978403,0 days 00:00:02.184103,7,163,15,COMPLETE
763,763,-56.501491783617396,0.00010123563445663926,2024-05-16 12:59:54.979401,2024-05-16 12:59:57.486355,0 days 00:00:02.506954,28,67,15,COMPLETE
764,764,-4.248625802301612,4.452986087973931e-05,2024-05-16 12:59:57.488350,2024-05-16 12:59:59.651856,0 days 00:00:02.163506,12,124,15,COMPLETE
765,765,-4.392748870825632,4.4450112495210585e-05,2024-05-16 12:59:59.656612,2024-05-16 13:00:02.103019,0 days 00:00:02.446407,20,31,15,COMPLETE
766,766,-4.5301354193372045,4.5740659395642187e-05,2024-05-16 13:00:02.113392,2024-05-16 13:00:04.103974,0 days 00:00:01.990582,7,63,15,COMPLETE
767,767,-23.390711622906526,0.00010047324277486465,2024-05-16 13:00:04.105307,2024-05-16 13:00:06.683209,0 days 00:00:02.577902,63,134,15,COMPLETE
768,768,-4.533522380277096,4.5678734869969176e-05,2024-05-16 13:00:06.689102,2024-05-16 13:00:08.769336,0 days 00:00:02.080234,9,185,15,COMPLETE
769,769,-3.928434230020227,4.2525525592101956e-05,2024-05-16 13:00:08.771498,2024-05-16 13:00:10.780247,0 days 00:00:02.008749,12,23,15,COMPLETE
770,770,-5.688346710663471,5.062151536576484e-05,2024-05-16 13:00:10.792379,2024-05-16 13:00:13.066260,0 days 00:00:02.273881,15,154,15,COMPLETE
771,771,-47.54824564742682,0.00010999453691950214,2024-05-16 13:00:13.068255,2024-05-16 13:00:15.356170,0 days 00:00:02.287915,73,104,15,COMPLETE
772,772,-4.484060950953242,4.544534267378614e-05,2024-05-16 13:00:15.357472,2024-05-16 13:00:17.368429,0 days 00:00:02.010957,10,106,15,COMPLETE
773,773,-13.432696148989743,7.037269525394962e-05,2024-05-16 13:00:17.376353,2024-05-16 13:00:19.442438,0 days 00:00:02.066085,50,76,15,COMPLETE
774,774,-3.810185441275891,4.198104396984584e-05,2024-05-16 13:00:19.453814,2024-05-16 13:00:21.508124,0 days 00:00:02.054310,7,30,15,COMPLETE
775,775,-4.025583471122895,4.3298764037321086e-05,2024-05-16 13:00:21.517608,2024-05-16 13:00:23.524832,0 days 00:00:02.007224,4,19,15,COMPLETE
776,776,-3.5917723777872,4.130917259510788e-05,2024-05-16 13:00:23.539910,2024-05-16 13:00:25.469113,0 days 00:00:01.929203,6,81,15,COMPLETE
777,777,-18.9231374799596,9.069237910359675e-05,2024-05-16 13:00:25.471108,2024-05-16 13:00:28.121588,0 days 00:00:02.650480,52,74,15,COMPLETE
778,778,-54.867533485936164,0.00013908535967658179,2024-05-16 13:00:28.123584,2024-05-16 13:00:30.722849,0 days 00:00:02.599265,100,209,15,COMPLETE
779,779,-22.047702803752276,9.91869630349775e-05,2024-05-16 13:00:30.724341,2024-05-16 13:00:33.138801,0 days 00:00:02.414460,84,167,15,COMPLETE
780,780,-2.888489548040448,3.6522952795097865e-05,2024-05-16 13:00:33.140798,2024-05-16 13:00:35.352682,0 days 00:00:02.211884,8,19,15,COMPLETE
781,781,-4.555770499195696,4.575045367096192e-05,2024-05-16 13:00:35.360253,2024-05-16 13:00:37.452140,0 days 00:00:02.091887,9,76,15,COMPLETE
782,782,-4.341379156718361,4.49280347731379e-05,2024-05-16 13:00:37.468246,2024-05-16 13:00:39.372121,0 days 00:00:01.903875,6,173,15,COMPLETE
783,783,-26.087048667823904,0.00010813301654967575,2024-05-16 13:00:39.374165,2024-05-16 13:00:41.917634,0 days 00:00:02.543469,85,112,15,COMPLETE
784,784,-8.554996753317765,6.004219283926378e-05,2024-05-16 13:00:41.919595,2024-05-16 13:00:44.381339,0 days 00:00:02.461744,37,23,15,COMPLETE
785,785,-10.467151990208757,6.226081925524127e-05,2024-05-16 13:00:44.398216,2024-05-16 13:00:46.482578,0 days 00:00:02.084362,37,19,15,COMPLETE
786,786,-5.7527621490729315,5.138407031752262e-05,2024-05-16 13:00:46.493872,2024-05-16 13:00:48.746094,0 days 00:00:02.252222,25,185,15,COMPLETE
787,787,-5.032338763492921,4.779117434217548e-05,2024-05-16 13:00:48.758071,2024-05-16 13:00:50.735799,0 days 00:00:01.977728,20,106,15,COMPLETE
788,788,-10.142688977497823,6.492494400045482e-05,2024-05-16 13:00:50.737794,2024-05-16 13:00:53.044149,0 days 00:00:02.306355,37,101,15,COMPLETE
789,789,-4.687945242923607,4.629873635735252e-05,2024-05-16 13:00:53.056092,2024-05-16 13:00:55.215205,0 days 00:00:02.159113,10,154,15,COMPLETE
790,790,-4.379088264205032,4.488697531815002e-05,2024-05-16 13:00:55.217911,2024-05-16 13:00:57.227405,0 days 00:00:02.009494,19,177,15,COMPLETE
791,791,-20.274684167291603,7.330774245647145e-05,2024-05-16 13:00:57.229466,2024-05-16 13:00:59.305711,0 days 00:00:02.076245,10,130,15,COMPLETE
792,792,-4.454444503837753,4.419604857040843e-05,2024-05-16 13:00:59.307645,2024-05-16 13:01:01.464547,0 days 00:00:02.156902,15,187,15,COMPLETE
793,793,-4.624982735963378,4.6198148548339205e-05,2024-05-16 13:01:01.466542,2024-05-16 13:01:03.449808,0 days 00:00:01.983266,15,26,15,COMPLETE
794,794,-17.00699255198421,8.670321976007608e-05,2024-05-16 13:01:03.451268,2024-05-16 13:01:06.439270,0 days 00:00:02.988002,76,25,15,COMPLETE
795,795,-4.6064027730463,4.595279406462099e-05,2024-05-16 13:01:06.449977,2024-05-16 13:01:09.354528,0 days 00:00:02.904551,10,185,15,COMPLETE
796,796,-29.904780703302766,0.00011066128212507388,2024-05-16 13:01:09.362269,2024-05-16 13:01:12.252361,0 days 00:00:02.890092,97,52,15,COMPLETE
797,797,-4.826620776162373,4.70416741740385e-05,2024-05-16 13:01:12.254526,2024-05-16 13:01:14.634826,0 days 00:00:02.380300,15,23,15,COMPLETE
798,798,-4.146919963427591,4.41056523501334e-05,2024-05-16 13:01:14.636819,2024-05-16 13:01:16.600315,0 days 00:00:01.963496,7,154,15,COMPLETE
799,799,-4.396698893808821,4.392666101671158e-05,2024-05-16 13:01:16.604155,2024-05-16 13:01:19.267006,0 days 00:00:02.662851,24,10,15,COMPLETE
800,800,-5.069219786581584,4.629501349713253e-05,2024-05-16 13:01:19.269301,2024-05-16 13:01:21.398718,0 days 00:00:02.129417,14,26,16,COMPLETE
801,801,-18.48175686430627,9.097356217699564e-05,2024-05-16 13:01:21.403899,2024-05-16 13:01:25.063439,0 days 00:00:03.659540,78,138,16,COMPLETE
802,802,-3.9144545951822893,4.2522076618840535e-05,2024-05-16 13:01:25.067698,2024-05-16 13:01:27.053138,0 days 00:00:01.985440,8,106,16,COMPLETE
803,803,-25.662247898844186,0.00010671458679452808,2024-05-16 13:01:27.055316,2024-05-16 13:01:29.316319,0 days 00:00:02.261003,78,154,16,COMPLETE
804,804,-4.7469717755580545,4.650730028391275e-05,2024-05-16 13:01:29.317727,2024-05-16 13:01:31.666092,0 days 00:00:02.348365,9,18,16,COMPLETE
805,805,-14.661774033015456,7.440704888478573e-05,2024-05-16 13:01:31.673021,2024-05-16 13:01:34.293413,0 days 00:00:02.620392,76,70,16,COMPLETE
806,806,-5.571025484307437,4.943467954440678e-05,2024-05-16 13:01:34.295346,2024-05-16 13:01:36.481606,0 days 00:00:02.186260,3,8,16,COMPLETE
807,807,-4.2657691390374195,4.459608813279669e-05,2024-05-16 13:01:36.483602,2024-05-16 13:01:38.524769,0 days 00:00:02.041167,14,76,16,COMPLETE
808,808,-4.6478677764383285,4.617396861002598e-05,2024-05-16 13:01:38.535307,2024-05-16 13:01:40.457393,0 days 00:00:01.922086,6,145,16,COMPLETE
809,809,-7.293370083506252,5.1271564497022955e-05,2024-05-16 13:01:40.458496,2024-05-16 13:01:42.625454,0 days 00:00:02.166958,9,173,16,COMPLETE
810,810,-14.22233290061123,7.663074203909532e-05,2024-05-16 13:01:42.627449,2024-05-16 13:01:45.154171,0 days 00:00:02.526722,51,26,16,COMPLETE
811,811,-3.6501686539538545,4.0604439073696786e-05,2024-05-16 13:01:45.170213,2024-05-16 13:01:47.170976,0 days 00:00:02.000763,10,206,16,COMPLETE
812,812,-110.03981239856549,0.00015758637112500316,2024-05-16 13:01:47.178665,2024-05-16 13:01:49.283683,0 days 00:00:02.105018,55,151,16,COMPLETE
813,813,-4.62690169843212,4.611969771120638e-05,2024-05-16 13:01:49.285750,2024-05-16 13:01:51.253505,0 days 00:00:01.967755,15,79,16,COMPLETE
814,814,-17.1853231699305,8.645909093219218e-05,2024-05-16 13:01:51.256109,2024-05-16 13:01:54.305638,0 days 00:00:03.049529,62,19,16,COMPLETE
815,815,-11.854436328064637,6.169508077796704e-05,2024-05-16 13:01:54.307663,2024-05-16 13:01:56.233063,0 days 00:00:01.925400,4,150,16,COMPLETE
816,816,-30.110680745161176,9.809831466508912e-05,2024-05-16 13:01:56.241208,2024-05-16 13:01:58.335494,0 days 00:00:02.094286,52,78,16,COMPLETE
817,817,-4.895493050229976,4.709032728306291e-05,2024-05-16 13:01:58.343710,2024-05-16 13:02:00.213119,0 days 00:00:01.869409,6,76,16,COMPLETE
818,818,-6.300394652032573,4.9277786354860495e-05,2024-05-16 13:02:00.215114,2024-05-16 13:02:02.147817,0 days 00:00:01.932703,7,185,16,COMPLETE
819,819,-17.614900254425073,7.54168422444002e-05,2024-05-16 13:02:02.152670,2024-05-16 13:02:04.313340,0 days 00:00:02.160670,31,8,16,COMPLETE
820,820,-4.140897378569344,4.407242919246625e-05,2024-05-16 13:02:04.327480,2024-05-16 13:02:06.471154,0 days 00:00:02.143674,20,26,16,COMPLETE
821,821,-4.3021443412869145,4.46689012722422e-05,2024-05-16 13:02:06.478686,2024-05-16 13:02:08.444807,0 days 00:00:01.966121,4,58,16,COMPLETE
822,822,-4.9492043667899015,4.7350202718052304e-05,2024-05-16 13:02:08.447882,2024-05-16 13:02:10.475201,0 days 00:00:02.027319,9,28,16,COMPLETE
823,823,-72.40198994922643,0.00014516278914955511,2024-05-16 13:02:10.477195,2024-05-16 13:02:14.191271,0 days 00:00:03.714076,69,19,16,COMPLETE
824,824,-210.24024543652862,0.00020595282487950216,2024-05-16 13:02:14.193147,2024-05-16 13:02:17.033466,0 days 00:00:02.840319,83,112,16,COMPLETE
825,825,-12.843599849783155,5.827906771835288e-05,2024-05-16 13:02:17.035466,2024-05-16 13:02:19.406583,0 days 00:00:02.371117,15,19,16,COMPLETE
826,826,-5.962561764034995,5.1212827817162824e-05,2024-05-16 13:02:19.423363,2024-05-16 13:02:21.681298,0 days 00:00:02.257935,21,199,16,COMPLETE
827,827,-17.20642005751537,8.617426745363001e-05,2024-05-16 13:02:21.682637,2024-05-16 13:02:24.462463,0 days 00:00:02.779826,67,185,16,COMPLETE
828,828,-5.0627851672527635,4.784609663256873e-05,2024-05-16 13:02:24.463625,2024-05-16 13:02:26.845274,0 days 00:00:02.381649,3,47,16,COMPLETE
829,829,-45.65275164322624,0.0001235360577338496,2024-05-16 13:02:26.851807,2024-05-16 13:02:29.375661,0 days 00:00:02.523854,41,159,16,COMPLETE
830,830,-3.8711445229976666,4.0794460128815654e-05,2024-05-16 13:02:29.378788,2024-05-16 13:02:31.480209,0 days 00:00:02.101421,6,4,16,COMPLETE
831,831,-20.293362079817243,9.130505483024648e-05,2024-05-16 13:02:31.482204,2024-05-16 13:02:34.666705,0 days 00:00:03.184501,86,143,16,COMPLETE
832,832,-4.490828621244907,4.539678367533498e-05,2024-05-16 13:02:34.669665,2024-05-16 13:02:37.106020,0 days 00:00:02.436355,9,26,16,COMPLETE
833,833,-6.745392242902625,5.1898196527411536e-05,2024-05-16 13:02:37.114574,2024-05-16 13:02:39.290044,0 days 00:00:02.175470,9,98,16,COMPLETE
834,834,-4.252446425617938,4.456929536125069e-05,2024-05-16 13:02:39.291900,2024-05-16 13:02:41.580147,0 days 00:00:02.288247,7,81,16,COMPLETE
835,835,-4.5002665386118315,4.5603842856088977e-05,2024-05-16 13:02:41.595477,2024-05-16 13:02:43.652422,0 days 00:00:02.056945,7,126,16,COMPLETE
836,836,-4.135204298152636,4.189233547614754e-05,2024-05-16 13:02:43.657688,2024-05-16 13:02:45.861574,0 days 00:00:02.203886,7,19,16,COMPLETE
837,837,-4.360463898869094,4.5000804021755745e-05,2024-05-16 13:02:45.875626,2024-05-16 13:02:47.927297,0 days 00:00:02.051671,13,26,16,COMPLETE
838,838,-4.164018143460238,4.4177787357629535e-05,2024-05-16 13:02:47.937209,2024-05-16 13:02:50.150422,0 days 00:00:02.213213,7,67,16,COMPLETE
839,839,-5.081040104681959,4.7992728458178216e-05,2024-05-16 13:02:50.155064,2024-05-16 13:02:53.153436,0 days 00:00:02.998372,15,4,16,COMPLETE
840,840,-4.8971782736741805,4.714302854028514e-05,2024-05-16 13:02:53.156317,2024-05-16 13:02:55.476591,0 days 00:00:02.320274,9,173,16,COMPLETE
841,841,-4.389653912524807,4.491737502224915e-05,2024-05-16 13:02:55.481851,2024-05-16 13:02:57.996910,0 days 00:00:02.515059,9,156,16,COMPLETE
842,842,-4.422268612231674,4.5231973387852364e-05,2024-05-16 13:02:57.998470,2024-05-16 13:03:00.345532,0 days 00:00:02.347062,13,179,16,COMPLETE
843,843,-3.8270076022152337,4.226910762180035e-05,2024-05-16 13:03:00.348257,2024-05-16 13:03:02.470118,0 days 00:00:02.121861,9,57,16,COMPLETE
844,844,-185.12432597429444,0.00015223967364592504,2024-05-16 13:03:02.476130,2024-05-16 13:03:04.486023,0 days 00:00:02.009893,12,76,16,COMPLETE
845,845,-4.510522650742651,4.557804870050791e-05,2024-05-16 13:03:04.496524,2024-05-16 13:03:06.533723,0 days 00:00:02.037199,14,131,16,COMPLETE
846,846,-25.83726109629219,9.876283106850744e-05,2024-05-16 13:03:06.536715,2024-05-16 13:03:09.170219,0 days 00:00:02.633504,80,8,16,COMPLETE
847,847,-12.34617346277704,7.044432624561813e-05,2024-05-16 13:03:09.185182,2024-05-16 13:03:11.599498,0 days 00:00:02.414316,30,106,16,COMPLETE
848,848,-21.924387832331096,9.96067272873764e-05,2024-05-16 13:03:11.603955,2024-05-16 13:03:13.748405,0 days 00:00:02.144450,64,179,16,COMPLETE
849,849,-4.624561645403669,4.614289286237975e-05,2024-05-16 13:03:13.751605,2024-05-16 13:03:15.864075,0 days 00:00:02.112470,9,119,16,COMPLETE
850,850,-4.177735125647096,4.4174892266157106e-05,2024-05-16 13:03:15.869046,2024-05-16 13:03:17.896777,0 days 00:00:02.027731,12,19,17,COMPLETE
851,851,-4.9437538727387125,4.7303967877720954e-05,2024-05-16 13:03:17.907865,2024-05-16 13:03:19.879160,0 days 00:00:01.971295,4,58,17,COMPLETE
852,852,-4.934146944818375,4.733463738953428e-05,2024-05-16 13:03:19.880317,2024-05-16 13:03:21.830168,0 days 00:00:01.949851,3,40,17,COMPLETE
853,853,-14.707216481836557,7.93554841999209e-05,2024-05-16 13:03:21.840301,2024-05-16 13:03:24.479018,0 days 00:00:02.638717,57,175,17,COMPLETE
854,854,-35.853945202517494,0.00011741078565186964,2024-05-16 13:03:24.481798,2024-05-16 13:03:26.710167,0 days 00:00:02.228369,76,206,17,COMPLETE
855,855,-7.818075457920268,5.4916314528093926e-05,2024-05-16 13:03:26.717778,2024-05-16 13:03:29.115514,0 days 00:00:02.397736,7,134,17,COMPLETE
856,856,-4.734893965419266,4.668030028940474e-05,2024-05-16 13:03:29.121938,2024-05-16 13:03:31.275380,0 days 00:00:02.153442,15,54,17,COMPLETE
857,857,-24.681043880924335,0.00010300203317752682,2024-05-16 13:03:31.284723,2024-05-16 13:03:34.014228,0 days 00:00:02.729505,78,127,17,COMPLETE
858,858,-4.779753542789084,4.6351898668508035e-05,2024-05-16 13:03:34.022851,2024-05-16 13:03:36.005989,0 days 00:00:01.983138,9,19,17,COMPLETE
859,859,-19.790956242578567,8.628531847589052e-05,2024-05-16 13:03:36.020982,2024-05-16 13:03:38.243356,0 days 00:00:02.222374,47,81,17,COMPLETE
860,860,-5.187675615915178,4.834002886298205e-05,2024-05-16 13:03:38.254320,2024-05-16 13:03:40.218798,0 days 00:00:01.964478,3,120,17,COMPLETE
861,861,-69.43966775712161,0.00010731007216252455,2024-05-16 13:03:40.219795,2024-05-16 13:03:42.308447,0 days 00:00:02.088652,15,86,17,COMPLETE
862,862,-5.124874546474922,4.8564040424993395e-05,2024-05-16 13:03:42.310443,2024-05-16 13:03:44.251382,0 days 00:00:01.940939,20,209,17,COMPLETE
863,863,-4.73722038767325,4.647206058287858e-05,2024-05-16 13:03:44.264503,2024-05-16 13:03:46.299449,0 days 00:00:02.034946,9,81,17,COMPLETE
864,864,-16.113659310129528,8.101376691939381e-05,2024-05-16 13:03:46.301443,2024-05-16 13:03:48.533888,0 days 00:00:02.232445,54,19,17,COMPLETE
865,865,-6.692875563970095,5.408540887828114e-05,2024-05-16 13:03:48.542880,2024-05-16 13:03:50.633302,0 days 00:00:02.090422,22,76,17,COMPLETE
866,866,-27.87798854432571,0.00010875001405496474,2024-05-16 13:03:50.640517,2024-05-16 13:03:53.131784,0 days 00:00:02.491267,71,86,17,COMPLETE
867,867,-5.142976137054115,4.8496255660192775e-05,2024-05-16 13:03:53.133359,2024-05-16 13:03:55.122133,0 days 00:00:01.988774,19,206,17,COMPLETE
868,868,-5.294263226823218,4.835997354777868e-05,2024-05-16 13:03:55.127302,2024-05-16 13:03:57.163337,0 days 00:00:02.036035,7,108,17,COMPLETE
869,869,-89.24001651475609,0.00014965270907950947,2024-05-16 13:03:57.178319,2024-05-16 13:03:59.795476,0 days 00:00:02.617157,66,58,17,COMPLETE
870,870,-3.537688683887347,4.029716085121617e-05,2024-05-16 13:03:59.801852,2024-05-16 13:04:01.777902,0 days 00:00:01.976050,7,18,17,COMPLETE
871,871,-4.8289715081951226,4.60314744484987e-05,2024-05-16 13:04:01.789505,2024-05-16 13:04:03.910396,0 days 00:00:02.120891,20,40,17,COMPLETE
872,872,-22.514908701358056,0.00010011147144662991,2024-05-16 13:04:03.918148,2024-05-16 13:04:06.673879,0 days 00:00:02.755731,81,76,17,COMPLETE
873,873,-22.59889473175656,9.79436352126136e-05,2024-05-16 13:04:06.674986,2024-05-16 13:04:09.228359,0 days 00:00:02.553373,75,70,17,COMPLETE
874,874,-3.796980755030655,4.2185723545395083e-05,2024-05-16 13:04:09.234427,2024-05-16 13:04:11.273782,0 days 00:00:02.039355,13,3,17,COMPLETE
875,875,-27.021762519693674,0.00010596983626780113,2024-05-16 13:04:11.287038,2024-05-16 13:04:13.655977,0 days 00:00:02.368939,74,100,17,COMPLETE
876,876,-13.32295097328585,7.157584045477915e-05,2024-05-16 13:04:13.663393,2024-05-16 13:04:15.896390,0 days 00:00:02.232997,48,78,17,COMPLETE
877,877,-5.168734436394225,4.81191462993093e-05,2024-05-16 13:04:15.904055,2024-05-16 13:04:17.937438,0 days 00:00:02.033383,15,196,17,COMPLETE
878,878,-4.021253520816624,4.3509780000282184e-05,2024-05-16 13:04:17.940395,2024-05-16 13:04:19.913854,0 days 00:00:01.973459,8,77,17,COMPLETE
879,879,-13.109498608387606,6.752078113347492e-05,2024-05-16 13:04:19.915448,2024-05-16 13:04:22.517730,0 days 00:00:02.602282,54,41,17,COMPLETE
880,880,-4.10284954778547,4.38511393480239e-05,2024-05-16 13:04:22.530966,2024-05-16 13:04:24.457225,0 days 00:00:01.926259,7,179,17,COMPLETE
881,881,-34.37360112119596,0.00011573110601318594,2024-05-16 13:04:24.459234,2024-05-16 13:04:27.024069,0 days 00:00:02.564835,83,104,17,COMPLETE
882,882,-5.216366317993699,4.6733722547542564e-05,2024-05-16 13:04:27.032433,2024-05-16 13:04:29.066853,0 days 00:00:02.034420,18,172,17,COMPLETE
883,883,-14.28740259322548,7.692810815746537e-05,2024-05-16 13:04:29.070805,2024-05-16 13:04:31.448230,0 days 00:00:02.377425,39,135,17,COMPLETE
884,884,-4.491930845982739,4.5532390530261006e-05,2024-05-16 13:04:31.459789,2024-05-16 13:04:33.452198,0 days 00:00:01.992409,7,133,17,COMPLETE
885,885,-12.778557752378202,7.067714305969267e-05,2024-05-16 13:04:33.454195,2024-05-16 13:04:35.912752,0 days 00:00:02.458557,55,26,17,COMPLETE
886,886,-6.359786554115194,5.0322022687671746e-05,2024-05-16 13:04:35.923312,2024-05-16 13:04:37.911936,0 days 00:00:01.988624,16,43,17,COMPLETE
887,887,-4.684126700072798,4.60697741736077e-05,2024-05-16 13:04:37.918227,2024-05-16 13:04:39.998670,0 days 00:00:02.080443,6,135,17,COMPLETE
888,888,-4.464819283560402,4.5067617568938676e-05,2024-05-16 13:04:40.007632,2024-05-16 13:04:41.943550,0 days 00:00:01.935918,4,107,17,COMPLETE
889,889,-4.403071030938351,4.514819971316973e-05,2024-05-16 13:04:41.950069,2024-05-16 13:04:44.025881,0 days 00:00:02.075812,9,178,17,COMPLETE
890,890,-3.9060232213461648,4.2186551659621296e-05,2024-05-16 13:04:44.037364,2024-05-16 13:04:46.308317,0 days 00:00:02.270953,15,19,17,COMPLETE
891,891,-5.4540675794649385,4.896125843907833e-05,2024-05-16 13:04:46.313091,2024-05-16 13:04:48.539146,0 days 00:00:02.226055,14,26,17,COMPLETE
892,892,-4.080503064950165,4.371687201157815e-05,2024-05-16 13:04:48.540217,2024-05-16 13:04:50.556277,0 days 00:00:02.016060,15,147,17,COMPLETE
893,893,-13.098163219797774,7.552709919553966e-05,2024-05-16 13:04:50.560147,2024-05-16 13:04:52.588766,0 days 00:00:02.028619,37,185,17,COMPLETE
894,894,-23.547987954982155,9.966033252411543e-05,2024-05-16 13:04:52.603305,2024-05-16 13:04:55.170987,0 days 00:00:02.567682,96,124,17,COMPLETE
895,895,-216.51508492541365,0.00016241668972068925,2024-05-16 13:04:55.176430,2024-05-16 13:04:57.102498,0 days 00:00:01.926068,10,76,17,COMPLETE
896,896,-4.23242288008653,4.445528653250411e-05,2024-05-16 13:04:57.105266,2024-05-16 13:04:59.171339,0 days 00:00:02.066073,7,185,17,COMPLETE
897,897,-30.91209500015007,0.00010285403534363523,2024-05-16 13:04:59.172820,2024-05-16 13:05:02.134521,0 days 00:00:02.961701,77,135,17,COMPLETE
898,898,-4.118357750786781,4.39983380306564e-05,2024-05-16 13:05:02.147553,2024-05-16 13:05:04.083942,0 days 00:00:01.936389,7,19,17,COMPLETE
899,899,-5.063015153297529,4.783119518959995e-05,2024-05-16 13:05:04.086062,2024-05-16 13:05:06.149462,0 days 00:00:02.063400,3,19,17,COMPLETE
900,900,-22.729615681050422,0.00010113730365393384,2024-05-16 13:05:06.153659,2024-05-16 13:05:08.848859,0 days 00:00:02.695200,88,52,18,COMPLETE
901,901,-11.580638404202588,7.153259371246612e-05,2024-05-16 13:05:08.860322,2024-05-16 13:05:11.046632,0 days 00:00:02.186310,38,206,18,COMPLETE
902,902,-3.758955000358507,4.119150189960806e-05,2024-05-16 13:05:11.063511,2024-05-16 13:05:13.112035,0 days 00:00:02.048524,6,4,18,COMPLETE
