,number,values_0,values_1,datetime_start,datetime_complete,duration,params_dim,params_window_length,system_attrs_nsga2:generation,state
611,611,-1.1562003632633437,0.17043814624321704,2024-05-10 17:14:52.891500,2024-05-10 17:14:59.515838,0 days 00:00:06.624338,48,201,12,COMPLETE
612,612,-0.9965177059855147,0.1596070100486898,2024-05-10 17:14:59.521480,2024-05-10 17:15:02.668327,0 days 00:00:03.146847,41,128,12,COMPLETE
613,613,-2.0454619758640016,0.20781741573012164,2024-05-10 17:15:02.672753,2024-05-10 17:15:07.256682,0 days 00:00:04.583929,33,30,12,COMPLETE
614,614,-0.4447918783502421,0.13711464032141202,2024-05-10 17:15:07.260811,2024-05-10 17:15:10.950866,0 days 00:00:03.690055,72,6,12,COMPLETE
615,615,-0.3444351548071232,0.12038804154857419,2024-05-10 17:15:10.955955,2024-05-10 17:15:12.349438,0 days 00:00:01.393483,5,158,12,COMPLETE
616,616,-1.1418213796134922,0.17018983329855777,2024-05-10 17:15:12.357559,2024-05-10 17:15:15.116187,0 days 00:00:02.758628,56,195,12,COMPLETE
617,617,-0.2727858944629059,0.1197915167033445,2024-05-10 17:15:15.121325,2024-05-10 17:15:16.075318,0 days 00:00:00.953993,5,144,12,COMPLETE
618,618,-1.304003621879648,0.17880055484566948,2024-05-10 17:15:16.080834,2024-05-10 17:15:22.586303,0 days 00:00:06.505469,26,78,12,COMPLETE
619,619,-0.6845266723300641,0.1528350752801561,2024-05-10 17:15:22.594850,2024-05-10 17:15:31.857657,0 days 00:00:09.262807,97,55,12,COMPLETE
620,620,-0.27737775625058225,0.11934347939720376,2024-05-10 17:15:31.875191,2024-05-10 17:15:33.290147,0 days 00:00:01.414956,5,55,12,COMPLETE
621,621,-0.4008973969833434,0.1406233788289651,2024-05-10 17:15:33.299337,2024-05-10 17:15:37.722455,0 days 00:00:04.423118,58,15,12,COMPLETE
622,622,-1.183166551015105,0.16455732740377532,2024-05-10 17:15:37.725446,2024-05-10 17:15:44.053999,0 days 00:00:06.328553,65,144,12,COMPLETE
623,623,-0.1787183369212339,0.1092924472848003,2024-05-10 17:15:44.058213,2024-05-10 17:15:46.857909,0 days 00:00:02.799696,5,143,12,COMPLETE
624,624,-0.9064231929251798,0.16641467205713192,2024-05-10 17:15:46.862781,2024-05-10 17:15:49.227497,0 days 00:00:02.364716,99,41,12,COMPLETE
625,625,-0.24702384164287242,0.1166017350264249,2024-05-10 17:15:49.233096,2024-05-10 17:15:50.269466,0 days 00:00:01.036370,5,78,12,COMPLETE
626,626,-0.5096335096038933,0.12150482117657473,2024-05-10 17:15:50.273325,2024-05-10 17:15:55.691614,0 days 00:00:05.418289,5,78,12,COMPLETE
627,627,-0.14768214508753438,0.10976050349752513,2024-05-10 17:15:55.696917,2024-05-10 17:15:56.568290,0 days 00:00:00.871373,5,85,12,COMPLETE
628,628,-1.5260190696807452,0.17451138632934726,2024-05-10 17:15:56.572160,2024-05-10 17:16:06.443832,0 days 00:00:09.871672,70,189,12,COMPLETE
629,629,-0.7921550001992519,0.16196820575682874,2024-05-10 17:16:06.449069,2024-05-10 17:16:15.263572,0 days 00:00:08.814503,95,173,12,COMPLETE
630,630,-0.2246662336610649,0.13284479743796485,2024-05-10 17:16:15.269421,2024-05-10 17:16:16.953139,0 days 00:00:01.683718,15,128,12,COMPLETE
631,631,-0.631750339310036,0.15572285074103792,2024-05-10 17:16:16.957912,2024-05-10 17:16:23.649328,0 days 00:00:06.691416,89,78,12,COMPLETE
632,632,-0.4564997295578987,0.1210429735308989,2024-05-10 17:16:23.652864,2024-05-10 17:16:26.516659,0 days 00:00:02.863795,5,84,12,COMPLETE
633,633,-2.2600513369561757,0.22510011153927176,2024-05-10 17:16:26.523862,2024-05-10 17:16:27.546452,0 days 00:00:01.022590,54,78,12,COMPLETE
634,634,-0.21474591196074555,0.1051729247366612,2024-05-10 17:16:27.550730,2024-05-10 17:16:29.814055,0 days 00:00:02.263325,5,40,12,COMPLETE
635,635,-2.569235580545125,0.20726526345083923,2024-05-10 17:16:29.822959,2024-05-10 17:16:37.347912,0 days 00:00:07.524953,80,110,12,COMPLETE
636,636,-0.2437310995327612,0.1146038352837651,2024-05-10 17:16:37.351986,2024-05-10 17:16:39.894063,0 days 00:00:02.542077,5,194,12,COMPLETE
637,637,-1.1346877326250353,0.1762062414934779,2024-05-10 17:16:39.898935,2024-05-10 17:16:42.816558,0 days 00:00:02.917623,97,144,12,COMPLETE
638,638,-0.31610336137589484,0.11690791411484551,2024-05-10 17:16:42.825909,2024-05-10 17:16:47.040793,0 days 00:00:04.214884,5,101,12,COMPLETE
639,639,-0.1623115693220279,0.10324787425173694,2024-05-10 17:16:47.045406,2024-05-10 17:16:47.973686,0 days 00:00:00.928280,4,110,12,COMPLETE
640,640,-1.1502769747297497,0.17852141036955996,2024-05-10 17:16:47.990845,2024-05-10 17:16:53.769213,0 days 00:00:05.778368,88,45,12,COMPLETE
641,641,-0.2832781002747662,0.11411711743501449,2024-05-10 17:16:53.774838,2024-05-10 17:16:56.575335,0 days 00:00:02.800497,5,191,12,COMPLETE
642,642,-1.1855612305923326,0.1709236677368023,2024-05-10 17:16:56.583603,2024-05-10 17:17:01.504767,0 days 00:00:04.921164,36,62,12,COMPLETE
643,643,-0.7342881597853741,0.15799364826202608,2024-05-10 17:17:01.507727,2024-05-10 17:17:05.582791,0 days 00:00:04.075064,88,74,12,COMPLETE
644,644,-0.31281370886756954,0.11474570707228826,2024-05-10 17:17:05.593144,2024-05-10 17:17:10.297248,0 days 00:00:04.704104,5,123,12,COMPLETE
645,645,-0.29305056630857307,0.1350489630868726,2024-05-10 17:17:10.312859,2024-05-10 17:17:11.852978,0 days 00:00:01.540119,15,100,12,COMPLETE
646,646,-0.740786790875621,0.15277887258656814,2024-05-10 17:17:11.854971,2024-05-10 17:17:22.942757,0 days 00:00:11.087786,29,121,12,COMPLETE
647,647,-0.2761048033908209,0.11554947467190042,2024-05-10 17:17:22.952180,2024-05-10 17:17:23.941014,0 days 00:00:00.988834,5,114,12,COMPLETE
648,648,-0.7115639440016936,0.16232202331834808,2024-05-10 17:17:23.945486,2024-05-10 17:17:26.839804,0 days 00:00:02.894318,18,103,12,COMPLETE
649,649,-0.15192468314582414,0.10786328090553654,2024-05-10 17:17:26.847030,2024-05-10 17:17:28.705841,0 days 00:00:01.858811,5,132,12,COMPLETE
650,650,-0.2704381646502233,0.1163810464521757,2024-05-10 17:17:28.720747,2024-05-10 17:17:29.605121,0 days 00:00:00.884374,5,91,13,COMPLETE
651,651,-0.2927384910656286,0.10944827292285446,2024-05-10 17:17:29.613876,2024-05-10 17:17:33.362644,0 days 00:00:03.748768,5,158,13,COMPLETE
652,652,-0.2932058458099259,0.11323598182930436,2024-05-10 17:17:33.366101,2024-05-10 17:17:34.752788,0 days 00:00:01.386687,5,127,13,COMPLETE
653,653,-0.3251869168022177,0.1118726347325473,2024-05-10 17:17:34.758070,2024-05-10 17:17:35.777182,0 days 00:00:01.019112,3,79,13,COMPLETE
654,654,-0.20608944478732866,0.10824801896956293,2024-05-10 17:17:35.787684,2024-05-10 17:17:38.095046,0 days 00:00:02.307362,5,163,13,COMPLETE
655,655,-0.17803664104218134,0.10773221433558484,2024-05-10 17:17:38.101432,2024-05-10 17:17:40.500269,0 days 00:00:02.398837,5,80,13,COMPLETE
656,656,-0.16237508513865354,0.10389068121942927,2024-05-10 17:17:40.507849,2024-05-10 17:17:41.965516,0 days 00:00:01.457667,5,38,13,COMPLETE
657,657,-2.437122181033392,0.22331344777744827,2024-05-10 17:17:41.975560,2024-05-10 17:17:45.601800,0 days 00:00:03.626240,64,191,13,COMPLETE
658,658,-0.6632760161144946,0.1574192474905858,2024-05-10 17:17:45.605941,2024-05-10 17:17:49.028614,0 days 00:00:03.422673,88,132,13,COMPLETE
659,659,-0.21089188200744471,0.11287987627064985,2024-05-10 17:17:49.030649,2024-05-10 17:17:50.281030,0 days 00:00:01.250381,3,164,13,COMPLETE
660,660,-0.1301735710698766,0.1036054376282246,2024-05-10 17:17:50.285133,2024-05-10 17:17:53.278132,0 days 00:00:02.992999,5,190,13,COMPLETE
661,661,-2.1720452147570333,0.21612844915179236,2024-05-10 17:17:53.293891,2024-05-10 17:17:56.773252,0 days 00:00:03.479361,26,103,13,COMPLETE
662,662,-0.2811077144053654,0.11778054604485025,2024-05-10 17:17:56.775247,2024-05-10 17:18:00.091650,0 days 00:00:03.316403,5,72,13,COMPLETE
663,663,-1.2228978753162334,0.18310190347663424,2024-05-10 17:18:00.091650,2024-05-10 17:18:03.873351,0 days 00:00:03.781701,97,155,13,COMPLETE
664,664,-0.29294664090038325,0.11863669783296268,2024-05-10 17:18:03.877561,2024-05-10 17:18:04.856422,0 days 00:00:00.978861,5,60,13,COMPLETE
665,665,-1.3142436929362984,0.1797536651904164,2024-05-10 17:18:04.856422,2024-05-10 17:18:09.402480,0 days 00:00:04.546058,53,163,13,COMPLETE
666,666,-1.853784321117082,0.19246284845896666,2024-05-10 17:18:09.404473,2024-05-10 17:18:11.235895,0 days 00:00:01.831422,18,73,13,COMPLETE
667,667,-0.188676248028615,0.10624851891106415,2024-05-10 17:18:11.237892,2024-05-10 17:18:14.082143,0 days 00:00:02.844251,5,110,13,COMPLETE
668,668,-0.5099306429513617,0.14735588397455873,2024-05-10 17:18:14.085193,2024-05-10 17:18:16.592027,0 days 00:00:02.506834,14,16,13,COMPLETE
669,669,-0.6919700895809445,0.1610793004343232,2024-05-10 17:18:16.595345,2024-05-10 17:18:18.165305,0 days 00:00:01.569960,14,55,13,COMPLETE
670,670,-0.28267481121323285,0.11508653894049821,2024-05-10 17:18:18.166303,2024-05-10 17:18:20.416116,0 days 00:00:02.249813,4,146,13,COMPLETE
671,671,-0.2032755798669515,0.10920537304967064,2024-05-10 17:18:20.416116,2024-05-10 17:18:22.081051,0 days 00:00:01.664935,5,40,13,COMPLETE
672,672,-0.30130448495076173,0.11020929199040497,2024-05-10 17:18:22.097746,2024-05-10 17:18:23.214950,0 days 00:00:01.117204,3,164,13,COMPLETE
673,673,-1.0862386650939075,0.1667467582785481,2024-05-10 17:18:23.231669,2024-05-10 17:18:28.311732,0 days 00:00:05.080063,81,41,13,COMPLETE
674,674,-1.3571369742796124,0.18619963944844256,2024-05-10 17:18:28.311732,2024-05-10 17:18:34.576256,0 days 00:00:06.264524,72,44,13,COMPLETE
675,675,-5.004711410626262,0.2434691583759665,2024-05-10 17:18:34.591932,2024-05-10 17:18:35.467710,0 days 00:00:00.875778,21,63,13,COMPLETE
676,676,-0.13460002526535533,0.10233777352538789,2024-05-10 17:18:35.472633,2024-05-10 17:18:37.441854,0 days 00:00:01.969221,5,158,13,COMPLETE
677,677,-0.24973180417190455,0.11491609032020707,2024-05-10 17:18:37.451321,2024-05-10 17:18:38.541323,0 days 00:00:01.090002,3,185,13,COMPLETE
678,678,-0.8703938629782202,0.1638220182143665,2024-05-10 17:18:38.548990,2024-05-10 17:18:39.843155,0 days 00:00:01.294165,19,152,13,COMPLETE
679,679,-1.2192234184078334,0.16495424435873143,2024-05-10 17:18:39.857299,2024-05-10 17:18:43.472467,0 days 00:00:03.615168,80,62,13,COMPLETE
680,680,-0.30600980041581033,0.1034512295014145,2024-05-10 17:18:43.475547,2024-05-10 17:18:45.855765,0 days 00:00:02.380218,3,132,13,COMPLETE
681,681,-0.21837842308175004,0.11273137897394533,2024-05-10 17:18:45.862404,2024-05-10 17:18:46.826590,0 days 00:00:00.964186,4,146,13,COMPLETE
682,682,-2.677241926223961,0.20205634301779368,2024-05-10 17:18:46.834769,2024-05-10 17:18:48.169424,0 days 00:00:01.334655,13,41,13,COMPLETE
683,683,-0.43263856196286826,0.14747233668223259,2024-05-10 17:18:48.173466,2024-05-10 17:18:54.966339,0 days 00:00:06.792873,72,62,13,COMPLETE
684,684,-0.5355648893405565,0.15247026509771977,2024-05-10 17:18:54.970328,2024-05-10 17:18:57.151055,0 days 00:00:02.180727,16,164,13,COMPLETE
685,685,-0.8285651315348972,0.15177566380319882,2024-05-10 17:18:57.157342,2024-05-10 17:19:06.188688,0 days 00:00:09.031346,56,135,13,COMPLETE
686,686,-0.25920177811872813,0.10703475555517543,2024-05-10 17:19:06.193673,2024-05-10 17:19:09.827486,0 days 00:00:03.633813,5,158,13,COMPLETE
687,687,-0.3104438451595588,0.11419805845536954,2024-05-10 17:19:09.841913,2024-05-10 17:19:10.877060,0 days 00:00:01.035147,3,24,13,COMPLETE
688,688,-0.7642880708580124,0.14728387640096782,2024-05-10 17:19:10.880914,2024-05-10 17:19:17.375215,0 days 00:00:06.494301,57,132,13,COMPLETE
689,689,-0.1985484460575977,0.1147877913718203,2024-05-10 17:19:17.387119,2024-05-10 17:19:19.041816,0 days 00:00:01.654697,5,91,13,COMPLETE
690,690,-1.168637913026658,0.17672695689758938,2024-05-10 17:19:19.046214,2024-05-10 17:19:23.670540,0 days 00:00:04.624326,52,91,13,COMPLETE
691,691,-0.3344198149356122,0.11088815158100689,2024-05-10 17:19:23.678171,2024-05-10 17:19:27.644504,0 days 00:00:03.966333,5,14,13,COMPLETE
692,692,-0.8528334486074772,0.1655059611349333,2024-05-10 17:19:27.649947,2024-05-10 17:19:34.033110,0 days 00:00:06.383163,40,51,13,COMPLETE
693,693,-0.83022402208088,0.15591597048077888,2024-05-10 17:19:34.037277,2024-05-10 17:19:46.211413,0 days 00:00:12.174136,47,74,13,COMPLETE
694,694,-0.3589719094582885,0.10913504175023574,2024-05-10 17:19:46.229962,2024-05-10 17:19:47.993778,0 days 00:00:01.763816,3,128,13,COMPLETE
695,695,-0.8407375624873662,0.16223060622807634,2024-05-10 17:19:47.998364,2024-05-10 17:19:49.661553,0 days 00:00:01.663189,23,132,13,COMPLETE
696,696,-1.9443568662911133,0.21010079475248467,2024-05-10 17:19:49.667579,2024-05-10 17:19:53.645394,0 days 00:00:03.977815,75,206,13,COMPLETE
697,697,-1.1704803826987962,0.17728901588012408,2024-05-10 17:19:53.654178,2024-05-10 17:19:57.092334,0 days 00:00:03.438156,27,62,13,COMPLETE
698,698,-0.18175005626178073,0.11030713111558024,2024-05-10 17:19:57.095494,2024-05-10 17:19:58.289799,0 days 00:00:01.194305,4,155,13,COMPLETE
699,699,-0.23110759713978624,0.11481613777959647,2024-05-10 17:19:58.294248,2024-05-10 17:20:00.160610,0 days 00:00:01.866362,5,129,13,COMPLETE
700,700,-3.0975812580067634,0.2538643519268596,2024-05-10 17:20:00.166396,2024-05-10 17:20:03.814821,0 days 00:00:03.648425,29,158,14,COMPLETE
701,701,-0.6928253467891934,0.15730684585454704,2024-05-10 17:20:03.819285,2024-05-10 17:20:05.539408,0 days 00:00:01.720123,24,91,14,COMPLETE
702,702,-1.3666566124024595,0.17733454821163847,2024-05-10 17:20:05.548064,2024-05-10 17:20:10.435691,0 days 00:00:04.887627,100,85,14,COMPLETE
703,703,-0.27852631662673555,0.10549375021475445,2024-05-10 17:20:10.442373,2024-05-10 17:20:12.797436,0 days 00:00:02.355063,4,184,14,COMPLETE
704,704,-1.5116771812172687,0.18810463209409284,2024-05-10 17:20:12.801172,2024-05-10 17:20:17.254324,0 days 00:00:04.453152,74,129,14,COMPLETE
705,705,-1.2395737752130114,0.184826098758502,2024-05-10 17:20:17.256315,2024-05-10 17:20:21.095812,0 days 00:00:03.839497,54,146,14,COMPLETE
706,706,-2.985756394259204,0.2323565367227364,2024-05-10 17:20:21.110914,2024-05-10 17:20:23.611397,0 days 00:00:02.500483,26,91,14,COMPLETE
707,707,-0.6558153932674194,0.145806565793052,2024-05-10 17:20:23.627166,2024-05-10 17:20:28.458417,0 days 00:00:04.831251,69,6,14,COMPLETE
708,708,-0.7826847129142858,0.14735098390008258,2024-05-10 17:20:28.474039,2024-05-10 17:20:36.837229,0 days 00:00:08.363190,51,68,14,COMPLETE
709,709,-9.345530418753654,0.20765142284109586,2024-05-10 17:20:36.841740,2024-05-10 17:20:39.804116,0 days 00:00:02.962376,6,55,14,COMPLETE
710,710,-0.7215289467149993,0.15372233350431092,2024-05-10 17:20:39.811571,2024-05-10 17:20:46.450291,0 days 00:00:06.638720,69,146,14,COMPLETE
711,711,-1.3184287538005641,0.1833289756566643,2024-05-10 17:20:46.468773,2024-05-10 17:20:52.759291,0 days 00:00:06.290518,74,88,14,COMPLETE
712,712,-0.24904574958521875,0.11433297167025133,2024-05-10 17:20:52.765782,2024-05-10 17:20:55.717602,0 days 00:00:02.951820,4,146,14,COMPLETE
713,713,-0.4014400334589176,0.14006041849222073,2024-05-10 17:20:55.721901,2024-05-10 17:21:00.063725,0 days 00:00:04.341824,58,80,14,COMPLETE
714,714,-0.21924817664842994,0.11105410908677367,2024-05-10 17:21:00.067717,2024-05-10 17:21:02.332440,0 days 00:00:02.264723,3,41,14,COMPLETE
715,715,-0.27878779243112095,0.11550382729616422,2024-05-10 17:21:02.344151,2024-05-10 17:21:03.976052,0 days 00:00:01.631901,6,164,14,COMPLETE
716,716,-5.403644257720279,0.27910730612241363,2024-05-10 17:21:03.980672,2024-05-10 17:21:04.760823,0 days 00:00:00.780151,40,158,14,COMPLETE
717,717,-0.3062463614619187,0.11387392572177202,2024-05-10 17:21:04.760823,2024-05-10 17:21:06.196750,0 days 00:00:01.435927,3,158,14,COMPLETE
718,718,-1.116871354128946,0.17447163383142048,2024-05-10 17:21:06.201736,2024-05-10 17:21:07.824774,0 days 00:00:01.623038,35,201,14,COMPLETE
719,719,-0.23384891116028633,0.10971787395852331,2024-05-10 17:21:07.831865,2024-05-10 17:21:08.881870,0 days 00:00:01.050005,5,10,14,COMPLETE
720,720,-0.1232520647362457,0.10905122943095143,2024-05-10 17:21:08.883863,2024-05-10 17:21:11.288403,0 days 00:00:02.404540,5,21,14,COMPLETE
721,721,-1.3644534709716651,0.16013050923680502,2024-05-10 17:21:11.294385,2024-05-10 17:21:20.774433,0 days 00:00:09.480048,5,5,14,COMPLETE
722,722,-0.18611808954955217,0.11204486693899848,2024-05-10 17:21:20.784039,2024-05-10 17:21:23.852842,0 days 00:00:03.068803,5,46,14,COMPLETE
723,723,-0.2327007881441879,0.10517590867946369,2024-05-10 17:21:23.855877,2024-05-10 17:21:27.782250,0 days 00:00:03.926373,5,55,14,COMPLETE
724,724,-0.712047148375607,0.147137578909334,2024-05-10 17:21:27.786634,2024-05-10 17:21:33.976031,0 days 00:00:06.189397,29,44,14,COMPLETE
725,725,-1.8900418381188093,0.18868969502680846,2024-05-10 17:21:33.980012,2024-05-10 17:21:45.794461,0 days 00:00:11.814449,54,191,14,COMPLETE
726,726,-0.14113293385972625,0.10715800895043659,2024-05-10 17:21:45.800798,2024-05-10 17:21:47.254608,0 days 00:00:01.453810,5,107,14,COMPLETE
727,727,-0.30574725409674974,0.1118556009245247,2024-05-10 17:21:47.265707,2024-05-10 17:21:50.637341,0 days 00:00:03.371634,5,30,14,COMPLETE
728,728,-0.22539786712205218,0.119043199984084,2024-05-10 17:21:50.643343,2024-05-10 17:21:52.894851,0 days 00:00:02.251508,5,72,14,COMPLETE
729,729,-0.25661763517928715,0.10488413507130985,2024-05-10 17:21:52.902421,2024-05-10 17:21:54.269075,0 days 00:00:01.366654,3,132,14,COMPLETE
730,730,-10.094792136418105,0.30166034425200045,2024-05-10 17:21:54.274751,2024-05-10 17:21:56.544887,0 days 00:00:02.270136,25,178,14,COMPLETE
731,731,-0.11468471999019351,0.10244292711720966,2024-05-10 17:21:56.549332,2024-05-10 17:21:57.677751,0 days 00:00:01.128419,5,38,14,COMPLETE
732,732,-1.5233096362440697,0.14036849154847553,2024-05-10 17:21:57.682262,2024-05-10 17:22:02.283700,0 days 00:00:04.601438,5,41,14,COMPLETE
733,733,-0.20569259998613387,0.10852510113064295,2024-05-10 17:22:02.288013,2024-05-10 17:22:04.809704,0 days 00:00:02.521691,4,190,14,COMPLETE
734,734,-0.24208513679428312,0.12199037530129245,2024-05-10 17:22:04.814683,2024-05-10 17:22:06.671351,0 days 00:00:01.856668,6,142,14,COMPLETE
735,735,-0.15619827689024818,0.10903627094941173,2024-05-10 17:22:06.676062,2024-05-10 17:22:08.932110,0 days 00:00:02.256048,5,132,14,COMPLETE
736,736,-1.485131587711042,0.19209509743958716,2024-05-10 17:22:08.937099,2024-05-10 17:22:14.063395,0 days 00:00:05.126296,99,94,14,COMPLETE
737,737,-1.3082995174162442,0.18006061749286834,2024-05-10 17:22:14.078113,2024-05-10 17:22:19.638957,0 days 00:00:05.560844,59,207,14,COMPLETE
738,738,-0.6476941685973718,0.15098022103056033,2024-05-10 17:22:19.642991,2024-05-10 17:22:24.126446,0 days 00:00:04.483455,88,111,14,COMPLETE
739,739,-6.136805646282525,0.24777572833180095,2024-05-10 17:22:24.132775,2024-05-10 17:22:26.523213,0 days 00:00:02.390438,17,98,14,COMPLETE
740,740,-0.5435264988362778,0.15113426262200508,2024-05-10 17:22:26.535795,2024-05-10 17:22:28.328723,0 days 00:00:01.792928,17,110,14,COMPLETE
741,741,-0.1684688027838585,0.10652804254563722,2024-05-10 17:22:28.340154,2024-05-10 17:22:32.342376,0 days 00:00:04.002222,5,42,14,COMPLETE
742,742,-1.0460834537201325,0.17078210121106663,2024-05-10 17:22:32.347225,2024-05-10 17:22:41.126461,0 days 00:00:08.779236,68,146,14,COMPLETE
743,743,-0.23551361007181174,0.11219745798981787,2024-05-10 17:22:41.131530,2024-05-10 17:22:43.033072,0 days 00:00:01.901542,5,80,14,COMPLETE
744,744,-0.24888625931015346,0.10586604223528255,2024-05-10 17:22:43.040404,2024-05-10 17:22:45.181045,0 days 00:00:02.140641,3,206,14,COMPLETE
745,745,-1.5230781643456184,0.18983680864869998,2024-05-10 17:22:45.189917,2024-05-10 17:22:49.351815,0 days 00:00:04.161898,72,170,14,COMPLETE
746,746,-2.2849432374506167,0.21062330316384129,2024-05-10 17:22:49.355968,2024-05-10 17:22:55.232380,0 days 00:00:05.876412,29,73,14,COMPLETE
747,747,-0.3153740345584913,0.11842628265561506,2024-05-10 17:22:55.236610,2024-05-10 17:22:56.281336,0 days 00:00:01.044726,4,212,14,COMPLETE
748,748,-0.24038830063713332,0.1034597453984509,2024-05-10 17:22:56.292539,2024-05-10 17:22:58.644906,0 days 00:00:02.352367,5,203,14,COMPLETE
749,749,-0.2364245056071705,0.1185643269162947,2024-05-10 17:22:58.644906,2024-05-10 17:22:59.646689,0 days 00:00:01.001783,5,61,14,COMPLETE
750,750,-0.39930096150563255,0.1385746781131658,2024-05-10 17:22:59.656931,2024-05-10 17:23:06.524690,0 days 00:00:06.867759,99,39,15,COMPLETE
751,751,-2.140579512177975,0.1620468211555761,2024-05-10 17:23:06.531635,2024-05-10 17:23:08.871482,0 days 00:00:02.339847,5,85,15,COMPLETE
752,752,-0.23206964965781798,0.11099345288576848,2024-05-10 17:23:08.876199,2024-05-10 17:23:12.076161,0 days 00:00:03.199962,5,114,15,COMPLETE
753,753,-2.927698280494513,0.21680801972716862,2024-05-10 17:23:12.079306,2024-05-10 17:23:15.935855,0 days 00:00:03.856549,31,144,15,COMPLETE
754,754,-0.31641899541253393,0.10499963707311073,2024-05-10 17:23:15.944119,2024-05-10 17:23:18.170088,0 days 00:00:02.225969,3,41,15,COMPLETE
755,755,-0.30096532070997756,0.10747488921478432,2024-05-10 17:23:18.174168,2024-05-10 17:23:20.404912,0 days 00:00:02.230744,5,132,15,COMPLETE
756,756,-0.31274684804347885,0.11241455302401741,2024-05-10 17:23:20.413258,2024-05-10 17:23:26.084970,0 days 00:00:05.671712,5,132,15,COMPLETE
757,757,-0.2779286485513902,0.10685888754509124,2024-05-10 17:23:26.089778,2024-05-10 17:23:28.328518,0 days 00:00:02.238740,3,41,15,COMPLETE
758,758,-0.1689918883639369,0.10852582917168689,2024-05-10 17:23:28.345302,2024-05-10 17:23:29.997904,0 days 00:00:01.652602,6,144,15,COMPLETE
759,759,-0.8650918005755898,0.15765152605131708,2024-05-10 17:23:30.004118,2024-05-10 17:23:37.891583,0 days 00:00:07.887465,84,144,15,COMPLETE
760,760,-1.0850266309651417,0.166403780745133,2024-05-10 17:23:37.891583,2024-05-10 17:23:41.973298,0 days 00:00:04.081715,51,206,15,COMPLETE
761,761,-0.6166133861495211,0.1473350384649629,2024-05-10 17:23:41.973298,2024-05-10 17:23:46.815452,0 days 00:00:04.842154,44,213,15,COMPLETE
