,number,values_0,values_1,datetime_start,datetime_complete,duration,params_dim,params_window_length,system_attrs_nsga2:generation,state
904,904,-1.217307999651276,0.007551825030637819,2024-05-18 11:16:05.881548,2024-05-18 11:16:07.637383,0 days 00:00:01.755835,64,158,18,COMPLETE
905,905,-0.8569762010934777,0.006914232412235438,2024-05-18 11:16:07.639347,2024-05-18 11:16:09.447907,0 days 00:00:01.808560,93,102,18,COMPLETE
906,906,-0.8010545361297019,0.006874594281216198,2024-05-18 11:16:09.449902,2024-05-18 11:16:11.120793,0 days 00:00:01.670891,80,162,18,COMPLETE
907,907,-0.8283331855974305,0.006695381704347461,2024-05-18 11:16:11.122755,2024-05-18 11:16:12.817731,0 days 00:00:01.694976,93,94,18,COMPLETE
908,908,-0.8854342057535918,0.006929117791870577,2024-05-18 11:16:12.819726,2024-05-18 11:16:14.543648,0 days 00:00:01.723922,88,204,18,COMPLETE
909,909,-0.9645943477684595,0.007001346505366259,2024-05-18 11:16:14.545611,2024-05-18 11:16:16.219640,0 days 00:00:01.674029,93,102,18,COMPLETE
910,910,-1.4439342778539974,0.008280154639346445,2024-05-18 11:16:16.221634,2024-05-18 11:16:17.792735,0 days 00:00:01.571101,12,144,18,COMPLETE
911,911,-1.8150817784153588,0.008176647073673403,2024-05-18 11:16:17.794730,2024-05-18 11:16:19.637934,0 days 00:00:01.843204,88,15,18,COMPLETE
912,912,-1.1051278052516544,0.00738259977047769,2024-05-18 11:16:19.639929,2024-05-18 11:16:21.362683,0 days 00:00:01.722754,92,135,18,COMPLETE
913,913,-1.0039483310160073,0.007402878005416827,2024-05-18 11:16:21.364677,2024-05-18 11:16:23.101050,0 days 00:00:01.736373,87,197,18,COMPLETE
914,914,-1.0217628503897087,0.0072100871456023344,2024-05-18 11:16:23.102050,2024-05-18 11:16:24.933369,0 days 00:00:01.831319,72,31,18,COMPLETE
915,915,-1.1206852936121037,0.007504605842721622,2024-05-18 11:16:24.935328,2024-05-18 11:16:26.651904,0 days 00:00:01.716576,85,135,18,COMPLETE
916,916,-1.693997613018118,0.008686534324921402,2024-05-18 11:16:26.653925,2024-05-18 11:16:28.817792,0 days 00:00:02.163867,17,179,18,COMPLETE
917,917,-1.5469341246024348,0.00791838244749094,2024-05-18 11:16:28.819788,2024-05-18 11:16:30.841578,0 days 00:00:02.021790,35,158,18,COMPLETE
918,918,-2.5252467808817025,0.010024104566329635,2024-05-18 11:16:30.857199,2024-05-18 11:16:32.596673,0 days 00:00:01.739474,4,7,18,COMPLETE
919,919,-0.9850962288803089,0.007183789442467808,2024-05-18 11:16:32.599664,2024-05-18 11:16:34.407387,0 days 00:00:01.807723,45,12,18,COMPLETE
920,920,-0.697275654196233,0.006570083455990407,2024-05-18 11:16:34.409380,2024-05-18 11:16:36.213507,0 days 00:00:01.804127,69,179,18,COMPLETE
921,921,-1.3544364459803246,0.0077025960071037125,2024-05-18 11:16:36.215500,2024-05-18 11:16:38.025180,0 days 00:00:01.809680,88,118,18,COMPLETE
922,922,-1.0611650268087554,0.007426662402991796,2024-05-18 11:16:38.027175,2024-05-18 11:16:39.914210,0 days 00:00:01.887035,34,36,18,COMPLETE
923,923,-0.4973584969430863,0.006123586457427484,2024-05-18 11:16:39.916205,2024-05-18 11:16:41.769759,0 days 00:00:01.853554,79,142,18,COMPLETE
924,924,-1.9959254108496913,0.008721813040335449,2024-05-18 11:16:41.771720,2024-05-18 11:16:43.573902,0 days 00:00:01.802182,65,126,18,COMPLETE
925,925,-1.0101966322038336,0.007231733705573206,2024-05-18 11:16:43.575896,2024-05-18 11:16:45.261726,0 days 00:00:01.685830,15,102,18,COMPLETE
926,926,-16.13700289751392,0.014458806864294427,2024-05-18 11:16:45.263722,2024-05-18 11:16:47.017181,0 days 00:00:01.753459,44,38,18,COMPLETE
927,927,-1.1717841697160274,0.007704561569449625,2024-05-18 11:16:47.019148,2024-05-18 11:16:48.935487,0 days 00:00:01.916339,93,102,18,COMPLETE
928,928,-1.253136669014981,0.007570468066984895,2024-05-18 11:16:48.937482,2024-05-18 11:16:50.841723,0 days 00:00:01.904241,31,59,18,COMPLETE
929,929,-1.4954770272454168,0.008189763705512585,2024-05-18 11:16:50.843717,2024-05-18 11:16:52.876164,0 days 00:00:02.032447,29,212,18,COMPLETE
930,930,-1.2992705335539347,0.007713972588348985,2024-05-18 11:16:52.878130,2024-05-18 11:16:54.784834,0 days 00:00:01.906704,85,165,18,COMPLETE
931,931,-1.0986808664151506,0.007337230331986043,2024-05-18 11:16:54.786827,2024-05-18 11:16:56.793885,0 days 00:00:02.007058,96,132,18,COMPLETE
932,932,-0.5200403039550979,0.006105139174223795,2024-05-18 11:16:56.796880,2024-05-18 11:16:58.731109,0 days 00:00:01.934229,93,213,18,COMPLETE
933,933,-2.1209118071190973,0.00874642991657429,2024-05-18 11:16:58.733103,2024-05-18 11:17:00.643279,0 days 00:00:01.910176,53,126,18,COMPLETE
934,934,-12.806260964891795,0.012638082197806808,2024-05-18 11:17:00.646237,2024-05-18 11:17:02.395574,0 days 00:00:01.749337,13,189,18,COMPLETE
935,935,-113.7443705429155,0.027096429128274667,2024-05-18 11:17:02.398570,2024-05-18 11:17:04.202794,0 days 00:00:01.804224,32,189,18,COMPLETE
936,936,-0.5384475328317987,0.006271417234068673,2024-05-18 11:17:04.205787,2024-05-18 11:17:06.121272,0 days 00:00:01.915485,60,165,18,COMPLETE
937,937,-1.6509501516896516,0.008454955736471223,2024-05-18 11:17:06.124266,2024-05-18 11:17:08.145370,0 days 00:00:02.021104,73,158,18,COMPLETE
938,938,-0.5069417848670529,0.006210293699411124,2024-05-18 11:17:08.147329,2024-05-18 11:17:10.161977,0 days 00:00:02.014648,80,130,18,COMPLETE
939,939,-2.798996356014496,0.009957253945576783,2024-05-18 11:17:10.163971,2024-05-18 11:17:12.091863,0 days 00:00:01.927892,80,135,18,COMPLETE
940,940,-38.98345830036823,0.02143449652816265,2024-05-18 11:17:12.093858,2024-05-18 11:17:13.688507,0 days 00:00:01.594649,18,102,18,COMPLETE
941,941,-0.8431041180126083,0.006892318069179658,2024-05-18 11:17:13.689505,2024-05-18 11:17:15.428840,0 days 00:00:01.739335,84,8,18,COMPLETE
942,942,-0.9760409018817942,0.0071665599811097215,2024-05-18 11:17:15.430835,2024-05-18 11:17:17.147769,0 days 00:00:01.716934,78,126,18,COMPLETE
943,943,-0.6833580857666917,0.006728899774025713,2024-05-18 11:17:17.148767,2024-05-18 11:17:18.874180,0 days 00:00:01.725413,93,132,18,COMPLETE
944,944,-0.5783928813605845,0.006379592597236078,2024-05-18 11:17:18.876176,2024-05-18 11:17:20.567753,0 days 00:00:01.691577,93,98,18,COMPLETE
945,945,-0.8184116265448704,0.006651101796061154,2024-05-18 11:17:20.568750,2024-05-18 11:17:22.251253,0 days 00:00:01.682503,80,121,18,COMPLETE
946,946,-1.0580450210439998,0.0073046932655294345,2024-05-18 11:17:22.253247,2024-05-18 11:17:24.010791,0 days 00:00:01.757544,93,65,18,COMPLETE
947,947,-0.994437200084873,0.0071155677474689285,2024-05-18 11:17:24.012786,2024-05-18 11:17:25.762864,0 days 00:00:01.750078,93,60,18,COMPLETE
948,948,-25.272903330320112,0.0189025822393058,2024-05-18 11:17:25.764856,2024-05-18 11:17:27.346760,0 days 00:00:01.581904,16,31,18,COMPLETE
949,949,-0.679324859481983,0.006550845542962552,2024-05-18 11:17:27.348755,2024-05-18 11:17:29.209734,0 days 00:00:01.860979,96,113,18,COMPLETE
950,950,-0.9291729964267544,0.007035037238190396,2024-05-18 11:17:29.211727,2024-05-18 11:17:31.055732,0 days 00:00:01.844005,93,102,19,COMPLETE
951,951,-0.7702366178639812,0.006679530929455857,2024-05-18 11:17:31.057690,2024-05-18 11:17:32.929756,0 days 00:00:01.872066,96,151,19,COMPLETE
952,952,-0.620452985940321,0.00648871655850525,2024-05-18 11:17:32.931749,2024-05-18 11:17:34.879692,0 days 00:00:01.947943,93,158,19,COMPLETE
953,953,-1.990262551369856,0.008876580362800191,2024-05-18 11:17:34.881655,2024-05-18 11:17:36.909016,0 days 00:00:02.027361,74,36,19,COMPLETE
954,954,-0.9355265103236624,0.006860824819086435,2024-05-18 11:17:36.911011,2024-05-18 11:17:38.653599,0 days 00:00:01.742588,93,150,19,COMPLETE
955,955,-0.5165083348940736,0.006209116356257853,2024-05-18 11:17:38.653599,2024-05-18 11:17:40.368240,0 days 00:00:01.714641,45,98,19,COMPLETE
956,956,-2.8289282781375955,0.009362755145830718,2024-05-18 11:17:40.370235,2024-05-18 11:17:42.143053,0 days 00:00:01.772818,35,152,19,COMPLETE
957,957,-1.5513120983129443,0.008234140180843692,2024-05-18 11:17:42.145049,2024-05-18 11:17:44.047222,0 days 00:00:01.902173,70,68,19,COMPLETE
958,958,-0.8139106619580023,0.006864659371287984,2024-05-18 11:17:44.049215,2024-05-18 11:17:45.979063,0 days 00:00:01.929848,78,102,19,COMPLETE
959,959,-1.059863285479827,0.007339651233326677,2024-05-18 11:17:45.981058,2024-05-18 11:17:47.749268,0 days 00:00:01.768210,43,93,19,COMPLETE
960,960,-0.7682496375424871,0.006566777803714034,2024-05-18 11:17:47.751261,2024-05-18 11:17:49.662482,0 days 00:00:01.911221,44,197,19,COMPLETE
961,961,-0.9896369223488228,0.007112302197145338,2024-05-18 11:17:49.665456,2024-05-18 11:17:51.746496,0 days 00:00:02.081040,93,163,19,COMPLETE
962,962,-1.3601972101541304,0.007958429327433913,2024-05-18 11:17:51.749488,2024-05-18 11:17:53.667678,0 days 00:00:01.918190,99,150,19,COMPLETE
963,963,-1.4291266042342832,0.007964703435615606,2024-05-18 11:17:53.669671,2024-05-18 11:17:55.635499,0 days 00:00:01.965828,65,66,19,COMPLETE
964,964,-2.0218632011136544,0.008380336575337839,2024-05-18 11:17:55.637494,2024-05-18 11:17:57.538041,0 days 00:00:01.900547,28,12,19,COMPLETE
965,965,-0.550453266170568,0.006405841654659057,2024-05-18 11:17:57.540036,2024-05-18 11:17:59.528345,0 days 00:00:01.988309,83,163,19,COMPLETE
966,966,-0.5468455547742282,0.006357570914102768,2024-05-18 11:17:59.528345,2024-05-18 11:18:01.540425,0 days 00:00:02.012080,96,102,19,COMPLETE
967,967,-1.7651262960830916,0.008382298927166836,2024-05-18 11:18:01.543418,2024-05-18 11:18:03.463493,0 days 00:00:01.920075,50,188,19,COMPLETE
968,968,-1.049727563932214,0.007190775029329596,2024-05-18 11:18:03.466485,2024-05-18 11:18:05.376255,0 days 00:00:01.909770,34,201,19,COMPLETE
969,969,-23.859625187180292,0.01573308549945966,2024-05-18 11:18:05.378374,2024-05-18 11:18:06.946184,0 days 00:00:01.567810,3,152,19,COMPLETE
970,970,-6.674492166073324,0.011631737477573723,2024-05-18 11:18:06.947180,2024-05-18 11:18:08.966011,0 days 00:00:02.018831,53,186,19,COMPLETE
971,971,-19.775174829356267,0.015591942451818086,2024-05-18 11:18:08.968004,2024-05-18 11:18:10.880504,0 days 00:00:01.912500,16,135,19,COMPLETE
972,972,-1.1879305067152517,0.007477788103221271,2024-05-18 11:18:10.882499,2024-05-18 11:18:12.832397,0 days 00:00:01.949898,65,199,19,COMPLETE
973,973,-1.4133663576568622,0.00803702526357657,2024-05-18 11:18:12.834391,2024-05-18 11:18:14.977735,0 days 00:00:02.143344,93,102,19,COMPLETE
974,974,-1.5932531400181507,0.008251382004132394,2024-05-18 11:18:14.979814,2024-05-18 11:18:16.881231,0 days 00:00:01.901417,44,10,19,COMPLETE
975,975,-0.75503586729149,0.006758910898002174,2024-05-18 11:18:16.884221,2024-05-18 11:18:18.960681,0 days 00:00:02.076460,87,189,19,COMPLETE
976,976,-0.7808243239384908,0.006785773486604345,2024-05-18 11:18:18.961679,2024-05-18 11:18:20.795680,0 days 00:00:01.834001,84,188,19,COMPLETE
977,977,-2.464083352401213,0.009072957606150725,2024-05-18 11:18:20.796677,2024-05-18 11:18:22.533320,0 days 00:00:01.736643,98,23,19,COMPLETE
978,978,-1.0104237207586317,0.007216238697815373,2024-05-18 11:18:22.535315,2024-05-18 11:18:24.159887,0 days 00:00:01.624572,67,98,19,COMPLETE
979,979,-2.4968849159558424,0.009658521929315293,2024-05-18 11:18:24.161850,2024-05-18 11:18:25.830305,0 days 00:00:01.668455,41,36,19,COMPLETE
980,980,-1.5533429473673317,0.008234300011828339,2024-05-18 11:18:25.832300,2024-05-18 11:18:27.467565,0 days 00:00:01.635265,89,82,19,COMPLETE
981,981,-5.5176954360944945,0.010465806892323693,2024-05-18 11:18:27.469559,2024-05-18 11:18:29.106238,0 days 00:00:01.636679,43,126,19,COMPLETE
982,982,-2.105903045489894,0.009411462051929973,2024-05-18 11:18:29.108233,2024-05-18 11:18:30.672997,0 days 00:00:01.564764,8,171,19,COMPLETE
983,983,-3.6500226384367833,0.009970052939614529,2024-05-18 11:18:30.673995,2024-05-18 11:18:32.252258,0 days 00:00:01.578263,18,132,19,COMPLETE
984,984,-1.0409539311338956,0.007148426023153999,2024-05-18 11:18:32.254374,2024-05-18 11:18:33.794325,0 days 00:00:01.539951,42,36,19,COMPLETE
985,985,-1.2698885531343027,0.007845723463183515,2024-05-18 11:18:33.795323,2024-05-18 11:18:35.408163,0 days 00:00:01.612840,74,90,19,COMPLETE
986,986,-2.1747139854180633,0.008868578991182503,2024-05-18 11:18:35.410157,2024-05-18 11:18:37.105742,0 days 00:00:01.695585,89,188,19,COMPLETE
987,987,-8.685411029858324,0.01345294448355525,2024-05-18 11:18:37.107704,2024-05-18 11:18:38.667431,0 days 00:00:01.559727,26,126,19,COMPLETE
988,988,-7.589090292367906,0.012771569742284198,2024-05-18 11:18:38.668429,2024-05-18 11:18:40.269800,0 days 00:00:01.601371,13,122,19,COMPLETE
989,989,-3.249642587524974,0.010377983716331125,2024-05-18 11:18:40.271794,2024-05-18 11:18:42.536121,0 days 00:00:02.264327,42,131,19,COMPLETE
990,990,-4.168402911877497,0.009450047716927836,2024-05-18 11:18:42.538115,2024-05-18 11:18:44.434893,0 days 00:00:01.896778,17,126,19,COMPLETE
991,991,-0.6513935116253693,0.006510865478766477,2024-05-18 11:18:44.436887,2024-05-18 11:18:46.387007,0 days 00:00:01.950120,99,184,19,COMPLETE
992,992,-1.3570823733500865,0.0076051670325128036,2024-05-18 11:18:46.389343,2024-05-18 11:18:48.094801,0 days 00:00:01.705458,5,162,19,COMPLETE
993,993,-1.2543782259049416,0.007676728311527023,2024-05-18 11:18:48.096763,2024-05-18 11:18:49.953224,0 days 00:00:01.856461,82,102,19,COMPLETE
994,994,-3.0802573036232146,0.009658574447955964,2024-05-18 11:18:49.953224,2024-05-18 11:18:51.812564,0 days 00:00:01.859340,14,36,19,COMPLETE
995,995,-4.174495603731737,0.010608331688168235,2024-05-18 11:18:51.814559,2024-05-18 11:18:53.621111,0 days 00:00:01.806552,11,75,19,COMPLETE
996,996,-44.287726862153804,0.018549631915350247,2024-05-18 11:18:53.623105,2024-05-18 11:18:55.346234,0 days 00:00:01.723129,15,31,19,COMPLETE
997,997,-5.715667952007773,0.011825076338081397,2024-05-18 11:18:55.348223,2024-05-18 11:18:57.194572,0 days 00:00:01.846349,50,148,19,COMPLETE
998,998,-1.621156387114158,0.007966387446855721,2024-05-18 11:18:57.196567,2024-05-18 11:18:58.990308,0 days 00:00:01.793741,79,116,19,COMPLETE
999,999,-0.8692843118996384,0.006944599912566986,2024-05-18 11:18:58.992303,2024-05-18 11:19:00.760602,0 days 00:00:01.768299,80,186,19,COMPLETE
