,number,values_0,values_1,datetime_start,datetime_complete,duration,params_dim,params_window_length,system_attrs_nsga2:generation,state
603,603,-4.420978469924792,4.455688049188948e-05,2024-05-16 12:53:42.042464,2024-05-16 12:53:44.184936,0 days 00:00:02.142472,6,4,12,COMPLETE
604,604,-5.708149087581746,4.934388534343397e-05,2024-05-16 12:53:44.195666,2024-05-16 12:53:46.260364,0 days 00:00:02.064698,7,8,12,COMPLETE
605,605,-8.72415472736096,5.562170847889953e-05,2024-05-16 12:53:46.262428,2024-05-16 12:53:48.367382,0 days 00:00:02.104954,9,19,12,COMPLETE
606,606,-4.4815593133038245,4.543078162479697e-05,2024-05-16 12:53:48.369243,2024-05-16 12:53:50.460252,0 days 00:00:02.091009,12,101,12,COMPLETE
607,607,-4.975864512760844,4.783695338903818e-05,2024-05-16 12:53:50.464625,2024-05-16 12:53:52.505955,0 days 00:00:02.041330,19,180,12,COMPLETE
608,608,-16.071821362309173,6.672558966560929e-05,2024-05-16 12:53:52.508018,2024-05-16 12:53:54.838299,0 days 00:00:02.330281,15,19,12,COMPLETE
609,609,-20.042790405497488,9.037170941863948e-05,2024-05-16 12:53:54.840055,2024-05-16 12:53:57.412450,0 days 00:00:02.572395,45,19,12,COMPLETE
610,610,-19.51160553823121,9.256396572163402e-05,2024-05-16 12:53:57.421449,2024-05-16 12:53:59.869728,0 days 00:00:02.448279,76,160,12,COMPLETE
611,611,-4.668033137211912,4.619466122235681e-05,2024-05-16 12:53:59.871778,2024-05-16 12:54:01.879237,0 days 00:00:02.007459,7,134,12,COMPLETE
612,612,-3.9308244435027206,4.317008628759153e-05,2024-05-16 12:54:01.888577,2024-05-16 12:54:04.395099,0 days 00:00:02.506522,15,40,12,COMPLETE
613,613,-12.5115769123893,6.99492142918291e-05,2024-05-16 12:54:04.397130,2024-05-16 12:54:06.757924,0 days 00:00:02.360794,52,160,12,COMPLETE
614,614,-23.015861123055664,9.559738744346048e-05,2024-05-16 12:54:06.774278,2024-05-16 12:54:09.046911,0 days 00:00:02.272633,56,202,12,COMPLETE
615,615,-4.517847668633762,4.577544099155411e-05,2024-05-16 12:54:09.050081,2024-05-16 12:54:11.278414,0 days 00:00:02.228333,15,135,12,COMPLETE
616,616,-4.439236696272962,4.540281751114553e-05,2024-05-16 12:54:11.282547,2024-05-16 12:54:13.255361,0 days 00:00:01.972814,7,135,12,COMPLETE
617,617,-6.014796508812275,5.1981685140544155e-05,2024-05-16 12:54:13.269144,2024-05-16 12:54:15.473701,0 days 00:00:02.204557,22,76,12,COMPLETE
618,618,-4.952869194863302,4.740511901871801e-05,2024-05-16 12:54:15.475085,2024-05-16 12:54:17.605711,0 days 00:00:02.130626,3,26,12,COMPLETE
619,619,-4.915129476576301,4.6807468447629124e-05,2024-05-16 12:54:17.607705,2024-05-16 12:54:19.745085,0 days 00:00:02.137380,15,64,12,COMPLETE
620,620,-4.659521498973939,4.6218454396928054e-05,2024-05-16 12:54:19.747755,2024-05-16 12:54:21.747130,0 days 00:00:01.999375,10,145,12,COMPLETE
621,621,-48.710832528129416,7.506325849968875e-05,2024-05-16 12:54:21.749560,2024-05-16 12:54:23.817398,0 days 00:00:02.067838,20,179,12,COMPLETE
622,622,-4.450650759308327,4.526453455188036e-05,2024-05-16 12:54:23.826131,2024-05-16 12:54:25.833114,0 days 00:00:02.006983,9,109,12,COMPLETE
623,623,-22.289596423817216,9.710867544567733e-05,2024-05-16 12:54:25.842549,2024-05-16 12:54:28.298722,0 days 00:00:02.456173,97,119,12,COMPLETE
624,624,-6.871328209515317,5.542109039022424e-05,2024-05-16 12:54:28.309805,2024-05-16 12:54:31.052819,0 days 00:00:02.743014,28,89,12,COMPLETE
625,625,-3.995085165719795,4.316770994899037e-05,2024-05-16 12:54:31.059770,2024-05-16 12:54:33.326253,0 days 00:00:02.266483,15,54,12,COMPLETE
626,626,-13.121512326833123,7.366647444426832e-05,2024-05-16 12:54:33.328249,2024-05-16 12:54:35.956483,0 days 00:00:02.628234,52,154,12,COMPLETE
627,627,-4.913816146840226,4.723053648787498e-05,2024-05-16 12:54:35.958477,2024-05-16 12:54:38.029607,0 days 00:00:02.071130,3,173,12,COMPLETE
628,628,-5.54273359922413,4.868891220408833e-05,2024-05-16 12:54:38.034371,2024-05-16 12:54:40.292507,0 days 00:00:02.258136,15,8,12,COMPLETE
629,629,-4.7334549149357406,4.653490099585602e-05,2024-05-16 12:54:40.298289,2024-05-16 12:54:42.609049,0 days 00:00:02.310760,20,18,12,COMPLETE
630,630,-4.259810998269534,4.3744528605827404e-05,2024-05-16 12:54:42.612635,2024-05-16 12:54:45.008002,0 days 00:00:02.395367,21,16,12,COMPLETE
631,631,-4.056987293742731,4.325049097959634e-05,2024-05-16 12:54:45.014268,2024-05-16 12:54:47.253677,0 days 00:00:02.239409,15,23,12,COMPLETE
632,632,-5.397941574758645,4.9126005342141995e-05,2024-05-16 12:54:47.255671,2024-05-16 12:54:49.356154,0 days 00:00:02.100483,3,40,12,COMPLETE
633,633,-5.013428688444965,4.7653397557966025e-05,2024-05-16 12:54:49.358100,2024-05-16 12:54:51.241631,0 days 00:00:01.883531,3,108,12,COMPLETE
634,634,-4.954013565760784,4.727274708124216e-05,2024-05-16 12:54:51.244981,2024-05-16 12:54:53.254299,0 days 00:00:02.009318,10,122,12,COMPLETE
635,635,-5.633240634815966,4.8969199717439884e-05,2024-05-16 12:54:53.258424,2024-05-16 12:54:55.344928,0 days 00:00:02.086504,28,145,12,COMPLETE
636,636,-5.0774147337981095,4.6286915258131475e-05,2024-05-16 12:54:55.347906,2024-05-16 12:54:57.584564,0 days 00:00:02.236658,9,109,12,COMPLETE
637,637,-5.214890266489876,4.842153860142903e-05,2024-05-16 12:54:57.586450,2024-05-16 12:55:00.742613,0 days 00:00:03.156163,3,202,12,COMPLETE
638,638,-5.919695710339397,4.9122477076615865e-05,2024-05-16 12:55:00.747982,2024-05-16 12:55:04.935968,0 days 00:00:04.187986,21,19,12,COMPLETE
639,639,-4.59513184358982,4.6074012729145937e-05,2024-05-16 12:55:04.938136,2024-05-16 12:55:07.799954,0 days 00:00:02.861818,6,118,12,COMPLETE
640,640,-11.756794057359638,7.317270923559005e-05,2024-05-16 12:55:07.804122,2024-05-16 12:55:10.250561,0 days 00:00:02.446439,42,106,12,COMPLETE
641,641,-23.727641605842997,7.486104076140296e-05,2024-05-16 12:55:10.252110,2024-05-16 12:55:12.261605,0 days 00:00:02.009495,9,191,12,COMPLETE
642,642,-26.00875547778697,0.00010424439063300263,2024-05-16 12:55:12.263002,2024-05-16 12:55:14.761502,0 days 00:00:02.498500,80,109,12,COMPLETE
643,643,-26.074049798143953,9.667274934131152e-05,2024-05-16 12:55:14.763258,2024-05-16 12:55:17.344956,0 days 00:00:02.581698,66,12,12,COMPLETE
644,644,-23.58056027851429,0.00010123515530135472,2024-05-16 12:55:17.350574,2024-05-16 12:55:20.252573,0 days 00:00:02.901999,82,54,12,COMPLETE
645,645,-3.944371011561612,4.2153682764346526e-05,2024-05-16 12:55:20.253823,2024-05-16 12:55:22.630411,0 days 00:00:02.376588,15,26,12,COMPLETE
646,646,-24.84649575783065,0.00010323466961100044,2024-05-16 12:55:22.632458,2024-05-16 12:55:25.473415,0 days 00:00:02.840957,99,31,12,COMPLETE
647,647,-4.902981358748692,4.7134504795406606e-05,2024-05-16 12:55:25.475214,2024-05-16 12:55:27.688051,0 days 00:00:02.212837,10,135,12,COMPLETE
648,648,-4.498700680382889,4.55643168245361e-05,2024-05-16 12:55:27.696902,2024-05-16 12:55:29.782039,0 days 00:00:02.085137,12,146,12,COMPLETE
649,649,-5.106962566391134,4.78350500265245e-05,2024-05-16 12:55:29.783037,2024-05-16 12:55:31.803907,0 days 00:00:02.020870,6,148,12,COMPLETE
650,650,-22.25328666566676,9.964765714781849e-05,2024-05-16 12:55:31.814200,2024-05-16 12:55:34.350756,0 days 00:00:02.536556,65,21,13,COMPLETE
651,651,-20.84516368480505,9.583358406803591e-05,2024-05-16 12:55:34.354298,2024-05-16 12:55:37.181400,0 days 00:00:02.827102,59,76,13,COMPLETE
652,652,-11.29479436773349,6.901401964301272e-05,2024-05-16 12:55:37.183465,2024-05-16 12:55:39.583220,0 days 00:00:02.399755,47,71,13,COMPLETE
653,653,-3.9998476126995257,4.299653563496499e-05,2024-05-16 12:55:39.590924,2024-05-16 12:55:41.628356,0 days 00:00:02.037432,7,14,13,COMPLETE
654,654,-3.692328891872177,4.1698629966039626e-05,2024-05-16 12:55:41.630396,2024-05-16 12:55:43.563380,0 days 00:00:01.932984,7,185,13,COMPLETE
655,655,-6.4324935721129775,5.369632510272405e-05,2024-05-16 12:55:43.565599,2024-05-16 12:55:45.949251,0 days 00:00:02.383652,28,54,13,COMPLETE
656,656,-27.77630674895758,0.0001004934513983534,2024-05-16 12:55:45.951503,2024-05-16 12:55:48.363279,0 days 00:00:02.411776,83,40,13,COMPLETE
657,657,-146.5964994139866,0.00018326557354453413,2024-05-16 12:55:48.375072,2024-05-16 12:55:50.712315,0 days 00:00:02.337243,49,138,13,COMPLETE
658,658,-90.68743625370516,0.00010896040997593513,2024-05-16 12:55:50.718929,2024-05-16 12:55:52.777027,0 days 00:00:02.058098,9,76,13,COMPLETE
659,659,-16.192846620028078,8.390679621685617e-05,2024-05-16 12:55:52.783754,2024-05-16 12:55:55.326954,0 days 00:00:02.543200,76,204,13,COMPLETE
660,660,-4.168873401652388,4.409615037526931e-05,2024-05-16 12:55:55.335918,2024-05-16 12:55:57.446454,0 days 00:00:02.110536,9,4,13,COMPLETE
661,661,-12.461847608612103,6.384837835158947e-05,2024-05-16 12:55:57.451425,2024-05-16 12:55:59.508427,0 days 00:00:02.057002,7,25,13,COMPLETE
662,662,-74.06321673684958,0.0001536306960823526,2024-05-16 12:55:59.510685,2024-05-16 12:56:02.243187,0 days 00:00:02.732502,95,124,13,COMPLETE
663,663,-12.962450899927735,6.181222616240134e-05,2024-05-16 12:56:02.245181,2024-05-16 12:56:04.266568,0 days 00:00:02.021387,10,100,13,COMPLETE
664,664,-42.83563596533011,0.00010230159786927733,2024-05-16 12:56:04.267566,2024-05-16 12:56:06.463392,0 days 00:00:02.195826,32,173,13,COMPLETE
665,665,-4.325343974666711,4.486985910589059e-05,2024-05-16 12:56:06.465350,2024-05-16 12:56:08.504468,0 days 00:00:02.039118,6,149,13,COMPLETE
666,666,-4.377020681581652,4.5026145616589064e-05,2024-05-16 12:56:08.509790,2024-05-16 12:56:10.686706,0 days 00:00:02.176916,15,176,13,COMPLETE
667,667,-4.5847235003271525,4.593246194047103e-05,2024-05-16 12:56:10.694816,2024-05-16 12:56:12.880879,0 days 00:00:02.186063,4,178,13,COMPLETE
668,668,-4.337550405107634,4.49341082076756e-05,2024-05-16 12:56:12.883413,2024-05-16 12:56:14.982818,0 days 00:00:02.099405,6,58,13,COMPLETE
669,669,-57.55050659003884,7.901693137284891e-05,2024-05-16 12:56:14.985354,2024-05-16 12:56:17.674006,0 days 00:00:02.688652,16,171,13,COMPLETE
670,670,-4.620076629430884,4.6144059660277895e-05,2024-05-16 12:56:17.683121,2024-05-16 12:56:19.900416,0 days 00:00:02.217295,7,185,13,COMPLETE
671,671,-4.550041341802335,4.582134061854471e-05,2024-05-16 12:56:19.909651,2024-05-16 12:56:22.173432,0 days 00:00:02.263781,12,197,13,COMPLETE
672,672,-24.44598291883956,0.0001031787593105641,2024-05-16 12:56:22.175673,2024-05-16 12:56:24.565075,0 days 00:00:02.389402,68,71,13,COMPLETE
673,673,-6.052508842867391,4.991055922401391e-05,2024-05-16 12:56:24.567084,2024-05-16 12:56:26.695259,0 days 00:00:02.128175,9,76,13,COMPLETE
674,674,-6.886731491139107,5.279437981327395e-05,2024-05-16 12:56:26.697631,2024-05-16 12:56:29.052998,0 days 00:00:02.355367,20,54,13,COMPLETE
675,675,-4.476641755324745,4.551030775335011e-05,2024-05-16 12:56:29.055299,2024-05-16 12:56:31.111839,0 days 00:00:02.056540,7,207,13,COMPLETE
676,676,-5.073805129441484,4.771538192924773e-05,2024-05-16 12:56:31.113209,2024-05-16 12:56:33.756482,0 days 00:00:02.643273,15,19,13,COMPLETE
677,677,-19.06849011609313,9.244244090342868e-05,2024-05-16 12:56:33.758640,2024-05-16 12:56:36.392780,0 days 00:00:02.634140,59,26,13,COMPLETE
678,678,-4.440052368270561,4.5171070667284224e-05,2024-05-16 12:56:36.394648,2024-05-16 12:56:38.730023,0 days 00:00:02.335375,16,19,13,COMPLETE
679,679,-4.951517049864099,4.570251897899108e-05,2024-05-16 12:56:38.731629,2024-05-16 12:56:40.773321,0 days 00:00:02.041692,7,201,13,COMPLETE
680,680,-48.926548603840565,0.00013623537065273286,2024-05-16 12:56:40.782272,2024-05-16 12:56:43.238965,0 days 00:00:02.456693,96,130,13,COMPLETE
681,681,-23.574887454596894,0.000102264149384493,2024-05-16 12:56:43.242250,2024-05-16 12:56:45.753540,0 days 00:00:02.511290,88,8,13,COMPLETE
682,682,-9.941619046261355,6.228335517677311e-05,2024-05-16 12:56:45.765219,2024-05-16 12:56:47.835876,0 days 00:00:02.070657,25,197,13,COMPLETE
683,683,-4.277916845238322,4.458653646592711e-05,2024-05-16 12:56:47.849355,2024-05-16 12:56:49.974705,0 days 00:00:02.125350,9,76,13,COMPLETE
684,684,-16.086720058847856,8.521232238916483e-05,2024-05-16 12:56:49.976488,2024-05-16 12:56:52.484841,0 days 00:00:02.508353,45,19,13,COMPLETE
685,685,-6.282970023403594,5.1716261533860735e-05,2024-05-16 12:56:52.499227,2024-05-16 12:56:54.783851,0 days 00:00:02.284624,16,19,13,COMPLETE
686,686,-24.549773544408218,0.00010039175915597457,2024-05-16 12:56:54.794914,2024-05-16 12:56:57.999454,0 days 00:00:03.204540,60,123,13,COMPLETE
687,687,-30.067045289828183,0.00010735311709552532,2024-05-16 12:56:58.002379,2024-05-16 12:57:00.684033,0 days 00:00:02.681654,81,211,13,COMPLETE
688,688,-11.11076991195148,6.807085467627244e-05,2024-05-16 12:57:00.691757,2024-05-16 12:57:03.284189,0 days 00:00:02.592432,51,107,13,COMPLETE
689,689,-4.223139311200353,4.454791692290291e-05,2024-05-16 12:57:03.288871,2024-05-16 12:57:05.511402,0 days 00:00:02.222531,15,35,13,COMPLETE
690,690,-5.895330008995908,4.923956249585936e-05,2024-05-16 12:57:05.518429,2024-05-16 12:57:07.610843,0 days 00:00:02.092414,15,99,13,COMPLETE
691,691,-4.804546004690302,4.682056065782439e-05,2024-05-16 12:57:07.623563,2024-05-16 12:57:09.675258,0 days 00:00:02.051695,4,176,13,COMPLETE
692,692,-17.742021580941465,7.88378414271025e-05,2024-05-16 12:57:09.677394,2024-05-16 12:57:12.025191,0 days 00:00:02.347797,42,40,13,COMPLETE
693,693,-3.9946246735295228,4.314407414385101e-05,2024-05-16 12:57:12.030862,2024-05-16 12:57:14.209722,0 days 00:00:02.178860,12,27,13,COMPLETE
694,694,-4.102974313787681,4.3788268560651834e-05,2024-05-16 12:57:14.214057,2024-05-16 12:57:16.443061,0 days 00:00:02.229004,7,25,13,COMPLETE
695,695,-4.871649472303631,4.7033709234201806e-05,2024-05-16 12:57:16.457103,2024-05-16 12:57:18.530552,0 days 00:00:02.073449,4,76,13,COMPLETE
696,696,-15.948109260849012,8.377132764405418e-05,2024-05-16 12:57:18.535099,2024-05-16 12:57:21.105459,0 days 00:00:02.570360,51,95,13,COMPLETE
697,697,-4.335878518966409,4.421731829975285e-05,2024-05-16 12:57:21.107087,2024-05-16 12:57:23.187853,0 days 00:00:02.080766,6,58,13,COMPLETE
698,698,-29.366217123768628,9.866127251715662e-05,2024-05-16 12:57:23.195725,2024-05-16 12:57:26.423680,0 days 00:00:03.227955,62,4,13,COMPLETE
699,699,-6.15268005036045,4.782526455281644e-05,2024-05-16 12:57:26.424829,2024-05-16 12:57:28.605270,0 days 00:00:02.180441,15,43,13,COMPLETE
700,700,-4.489099401895388,4.5541288952965555e-05,2024-05-16 12:57:28.606267,2024-05-16 12:57:30.723192,0 days 00:00:02.116925,9,109,14,COMPLETE
701,701,-4.359814256436822,4.3995944482497306e-05,2024-05-16 12:57:30.732092,2024-05-16 12:57:32.800265,0 days 00:00:02.068173,18,150,14,COMPLETE
702,702,-21.514036330421423,9.872758397534202e-05,2024-05-16 12:57:32.802015,2024-05-16 12:57:35.415852,0 days 00:00:02.613837,70,28,14,COMPLETE
703,703,-4.751904165252477,4.6605393302665994e-05,2024-05-16 12:57:35.423414,2024-05-16 12:57:37.466016,0 days 00:00:02.042602,6,89,14,COMPLETE
704,704,-4.691706539694487,4.6056598133946406e-05,2024-05-16 12:57:37.471352,2024-05-16 12:57:39.496660,0 days 00:00:02.025308,6,77,14,COMPLETE
705,705,-155.42645095819,0.00010095252465238812,2024-05-16 12:57:39.498656,2024-05-16 12:57:42.234942,0 days 00:00:02.736286,7,62,14,COMPLETE
706,706,-4.985293787641443,4.753426483282076e-05,2024-05-16 12:57:42.238068,2024-05-16 12:57:44.586886,0 days 00:00:02.348818,15,40,14,COMPLETE
707,707,-4.248051731259243,4.442547539010316e-05,2024-05-16 12:57:44.594056,2024-05-16 12:57:47.175746,0 days 00:00:02.581690,9,178,14,COMPLETE
708,708,-149.13018128206835,0.00018999373177438112,2024-05-16 12:57:47.177421,2024-05-16 12:57:50.041787,0 days 00:00:02.864366,90,110,14,COMPLETE
709,709,-4.4746004871484395,4.5550375557421705e-05,2024-05-16 12:57:50.043781,2024-05-16 12:57:52.125170,0 days 00:00:02.081389,7,97,14,COMPLETE
710,710,-28.7459905513242,0.00011121565847899161,2024-05-16 12:57:52.127413,2024-05-16 12:57:54.606340,0 days 00:00:02.478927,95,8,14,COMPLETE
711,711,-5.3958450072461845,4.899341392733578e-05,2024-05-16 12:57:54.619413,2024-05-16 12:57:56.989593,0 days 00:00:02.370180,30,185,14,COMPLETE
712,712,-6.385005230763104,5.312688771738333e-05,2024-05-16 12:57:57.004456,2024-05-16 12:57:59.091273,0 days 00:00:02.086817,21,112,14,COMPLETE
713,713,-24.38831169259744,0.00010119259434729901,2024-05-16 12:57:59.093992,2024-05-16 12:58:02.225588,0 days 00:00:03.131596,74,22,14,COMPLETE
714,714,-14.216281428229502,6.90131385183149e-05,2024-05-16 12:58:02.227956,2024-05-16 12:58:04.347087,0 days 00:00:02.119131,9,81,14,COMPLETE
715,715,-18.793684007285517,9.139651957874826e-05,2024-05-16 12:58:04.349616,2024-05-16 12:58:06.807727,0 days 00:00:02.458111,63,124,14,COMPLETE
716,716,-23.070227216484334,7.357360862715714e-05,2024-05-16 12:58:06.808623,2024-05-16 12:58:08.813525,0 days 00:00:02.004902,7,211,14,COMPLETE
717,717,-24.198257824049854,0.00010307278185184941,2024-05-16 12:58:08.816335,2024-05-16 12:58:11.290301,0 days 00:00:02.473966,94,40,14,COMPLETE
718,718,-18.653471353178624,9.114950704291219e-05,2024-05-16 12:58:11.292884,2024-05-16 12:58:14.315300,0 days 00:00:03.022416,55,99,14,COMPLETE
719,719,-4.602714219856997,4.602408385655367e-05,2024-05-16 12:58:14.323910,2024-05-16 12:58:16.380890,0 days 00:00:02.056980,7,185,14,COMPLETE
720,720,-18.812351158960215,8.934871216732466e-05,2024-05-16 12:58:16.383172,2024-05-16 12:58:18.853051,0 days 00:00:02.469879,68,35,14,COMPLETE
721,721,-4.928043004353505,4.729643796024825e-05,2024-05-16 12:58:18.858520,2024-05-16 12:58:20.693990,0 days 00:00:01.835470,3,24,14,COMPLETE
722,722,-22.827192967764958,7.811814955390387e-05,2024-05-16 12:58:20.694988,2024-05-16 12:58:22.845325,0 days 00:00:02.150337,15,193,14,COMPLETE
723,723,-5.446878191117429,4.9319377590875396e-05,2024-05-16 12:58:22.860268,2024-05-16 12:58:25.126120,0 days 00:00:02.265852,9,12,14,COMPLETE
724,724,-4.41444907052297,4.5320644156212e-05,2024-05-16 12:58:25.134001,2024-05-16 12:58:27.202407,0 days 00:00:02.068406,7,116,14,COMPLETE
725,725,-10.606338662588714,6.42607518742603e-05,2024-05-16 12:58:27.203880,2024-05-16 12:58:30.110866,0 days 00:00:02.906986,47,23,14,COMPLETE
726,726,-4.974167020118277,4.7586103710427305e-05,2024-05-16 12:58:30.113096,2024-05-16 12:58:32.064199,0 days 00:00:01.951103,4,53,14,COMPLETE
727,727,-21.693510098316967,9.878691965938867e-05,2024-05-16 12:58:32.066309,2024-05-16 12:58:34.889412,0 days 00:00:02.823103,82,76,14,COMPLETE
728,728,-27.004682452995553,0.000109361501601642,2024-05-16 12:58:34.902448,2024-05-16 12:58:37.337138,0 days 00:00:02.434690,90,14,14,COMPLETE
729,729,-74.23196204773309,0.00012034454036359515,2024-05-16 12:58:37.338984,2024-05-16 12:58:39.820612,0 days 00:00:02.481628,31,185,14,COMPLETE
730,730,-16.513603683591665,8.501854689433585e-05,2024-05-16 12:58:39.825018,2024-05-16 12:58:42.169583,0 days 00:00:02.344565,62,106,14,COMPLETE
731,731,-8.867536439485379,5.463434424929924e-05,2024-05-16 12:58:42.171088,2024-05-16 12:58:44.435284,0 days 00:00:02.264196,14,23,14,COMPLETE
732,732,-24.854144268874478,9.910818298758343e-05,2024-05-16 12:58:44.439484,2024-05-16 12:58:47.360447,0 days 00:00:02.920963,76,124,14,COMPLETE
733,733,-4.368266930701872,4.498145807416174e-05,2024-05-16 12:58:47.363214,2024-05-16 12:58:49.735979,0 days 00:00:02.372765,10,13,14,COMPLETE
734,734,-198.1003103254298,0.00015291213583882917,2024-05-16 12:58:49.737622,2024-05-16 12:58:51.886153,0 days 00:00:02.148531,12,32,14,COMPLETE
735,735,-11.487463739428305,6.453928177497807e-05,2024-05-16 12:58:51.888356,2024-05-16 12:58:54.045085,0 days 00:00:02.156729,61,71,14,COMPLETE
736,736,-5.435867254532864,4.92531362633383e-05,2024-05-16 12:58:54.052178,2024-05-16 12:58:56.132952,0 days 00:00:02.080774,14,89,14,COMPLETE
737,737,-4.948557402636782,4.7423923451254615e-05,2024-05-16 12:58:56.134053,2024-05-16 12:58:58.146945,0 days 00:00:02.012892,4,58,14,COMPLETE
738,738,-4.877206485341294,4.5411886887794856e-05,2024-05-16 12:58:58.156243,2024-05-16 12:59:00.209636,0 days 00:00:02.053393,4,40,14,COMPLETE
739,739,-14.007082547550272,7.887654412464508e-05,2024-05-16 12:59:00.211266,2024-05-16 12:59:02.648067,0 days 00:00:02.436801,46,26,14,COMPLETE
740,740,-4.610531775025828,4.611011581613453e-05,2024-05-16 12:59:02.653386,2024-05-16 12:59:04.877724,0 days 00:00:02.224338,7,185,14,COMPLETE
741,741,-4.567502893241702,4.5884467188892115e-05,2024-05-16 12:59:04.879721,2024-05-16 12:59:07.032309,0 days 00:00:02.152588,6,77,14,COMPLETE
742,742,-4.683048305061377,4.623701100896536e-05,2024-05-16 12:59:07.036014,2024-05-16 12:59:09.190014,0 days 00:00:02.154000,15,4,14,COMPLETE
743,743,-28.20145150637406,0.00010874943830195256,2024-05-16 12:59:09.192374,2024-05-16 12:59:12.260490,0 days 00:00:03.068116,73,89,14,COMPLETE
744,744,-5.189063741423148,4.7953661508663066e-05,2024-05-16 12:59:12.263618,2024-05-16 12:59:14.575373,0 days 00:00:02.311755,16,133,14,COMPLETE
745,745,-94.01874175832248,0.00015682047858128415,2024-05-16 12:59:14.578261,2024-05-16 12:59:17.120051,0 days 00:00:02.541790,70,79,14,COMPLETE
746,746,-4.777157837894677,4.679727115288912e-05,2024-05-16 12:59:17.136631,2024-05-16 12:59:19.041120,0 days 00:00:01.904489,7,181,14,COMPLETE
747,747,-5.149215673150694,4.818355029073352e-05,2024-05-16 12:59:19.044427,2024-05-16 12:59:21.496431,0 days 00:00:02.452004,3,8,14,COMPLETE
748,748,-103.57149904804547,9.444498857274262e-05,2024-05-16 12:59:21.502061,2024-05-16 12:59:23.745115,0 days 00:00:02.243054,20,31,14,COMPLETE
749,749,-4.811213548433784,4.6939322362425164e-05,2024-05-16 12:59:23.747508,2024-05-16 12:59:25.975397,0 days 00:00:02.227889,15,95,14,COMPLETE
750,750,-4.1214556850646655,4.390858225128751e-05,2024-05-16 12:59:25.982504,2024-05-16 12:59:28.131981,0 days 00:00:02.149477,10,11,15,COMPLETE
751,751,-28.95771630816491,0.00010717080949404156,2024-05-16 12:59:28.136750,2024-05-16 12:59:30.615730,0 days 00:00:02.478980,94,26,15,COMPLETE
752,752,-4.698605081426118,4.6348719852890306e-05,2024-05-16 12:59:30.624423,2024-05-16 12:59:32.846169,0 days 00:00:02.221746,9,106,15,COMPLETE
