,number,values_0,values_1,datetime_start,datetime_complete,duration,params_dim,params_window_length,system_attrs_nsga2:generation,state
454,454,-0.779965814112572,0.006824470548940249,2024-05-18 11:02:38.160131,2024-05-18 11:02:40.020785,0 days 00:00:01.860654,93,128,9,COMPLETE
455,455,-1.1211215486255306,0.007400700035329502,2024-05-18 11:02:40.022777,2024-05-18 11:02:41.900992,0 days 00:00:01.878215,92,84,9,COMPLETE
456,456,-0.492083884628982,0.006186420056897927,2024-05-18 11:02:41.902975,2024-05-18 11:02:43.807058,0 days 00:00:01.904083,88,186,9,COMPLETE
457,457,-1.2286620421982732,0.007711554492168274,2024-05-18 11:02:43.808055,2024-05-18 11:02:45.416140,0 days 00:00:01.608085,16,118,9,COMPLETE
458,458,-1.187208692702975,0.0076269222741013375,2024-05-18 11:02:45.418133,2024-05-18 11:02:47.429000,0 days 00:00:02.010867,72,102,9,COMPLETE
459,459,-1.4908099514073998,0.007893615055209014,2024-05-18 11:02:47.432179,2024-05-18 11:02:49.317834,0 days 00:00:01.885655,49,158,9,COMPLETE
460,460,-1.7178211271190231,0.00860793539569175,2024-05-18 11:02:49.318799,2024-05-18 11:02:51.153643,0 days 00:00:01.834844,92,48,9,COMPLETE
461,461,-0.8815508696992538,0.006652824892549336,2024-05-18 11:02:51.155639,2024-05-18 11:02:52.928674,0 days 00:00:01.773035,72,105,9,COMPLETE
462,462,-1.3263610304897795,0.007709813017393166,2024-05-18 11:02:52.945469,2024-05-18 11:02:54.663433,0 days 00:00:01.717964,93,102,9,COMPLETE
463,463,-1.2427171224586993,0.007724860266056075,2024-05-18 11:02:54.665426,2024-05-18 11:02:56.527040,0 days 00:00:01.861614,84,188,9,COMPLETE
464,464,-1.0211656461528538,0.007219647664044096,2024-05-18 11:02:56.529064,2024-05-18 11:02:58.222643,0 days 00:00:01.693579,50,90,9,COMPLETE
465,465,-0.7843074030015754,0.006719593668501461,2024-05-18 11:02:58.223644,2024-05-18 11:02:59.924159,0 days 00:00:01.700515,36,135,9,COMPLETE
466,466,-1.7642559994568316,0.00857379021650571,2024-05-18 11:02:59.927152,2024-05-18 11:03:01.810557,0 days 00:00:01.883405,89,105,9,COMPLETE
467,467,-0.30094151310357903,0.005804485881293977,2024-05-18 11:03:01.811580,2024-05-18 11:03:03.730287,0 days 00:00:01.918707,96,135,9,COMPLETE
468,468,-6.092511752126908,0.011467526156481452,2024-05-18 11:03:03.732282,2024-05-18 11:03:05.434758,0 days 00:00:01.702476,31,188,9,COMPLETE
469,469,-1.1442463374638074,0.007473293596580924,2024-05-18 11:03:05.436754,2024-05-18 11:03:07.363765,0 days 00:00:01.927011,93,118,9,COMPLETE
470,470,-2.9381292739547065,0.009202205277246614,2024-05-18 11:03:07.365762,2024-05-18 11:03:09.205415,0 days 00:00:01.839653,25,105,9,COMPLETE
471,471,-0.44985344371457553,0.0060968037988857774,2024-05-18 11:03:09.207410,2024-05-18 11:03:11.114081,0 days 00:00:01.906671,80,124,9,COMPLETE
472,472,-2.4606351852373836,0.009072984035793666,2024-05-18 11:03:11.116075,2024-05-18 11:03:12.853645,0 days 00:00:01.737570,16,126,9,COMPLETE
473,473,-1.3837397954996138,0.00792792660016029,2024-05-18 11:03:12.855640,2024-05-18 11:03:14.506102,0 days 00:00:01.650462,27,71,9,COMPLETE
474,474,-1.7625628277193717,0.008323862607272487,2024-05-18 11:03:14.507099,2024-05-18 11:03:16.184209,0 days 00:00:01.677110,42,144,9,COMPLETE
475,475,-47.09463727203766,0.019925129840478714,2024-05-18 11:03:16.186205,2024-05-18 11:03:17.799498,0 days 00:00:01.613293,17,108,9,COMPLETE
476,476,-0.8472249183454652,0.006960252491367097,2024-05-18 11:03:17.801493,2024-05-18 11:03:19.525684,0 days 00:00:01.724191,90,88,9,COMPLETE
477,477,-1.2005519626490544,0.0075263165793654375,2024-05-18 11:03:19.526682,2024-05-18 11:03:21.090673,0 days 00:00:01.563991,53,186,9,COMPLETE
478,478,-1.0807620967746319,0.007418686814892368,2024-05-18 11:03:21.092668,2024-05-18 11:03:22.787969,0 days 00:00:01.695301,98,100,9,COMPLETE
479,479,-0.7650901459817988,0.006823470446058971,2024-05-18 11:03:22.789964,2024-05-18 11:03:24.444276,0 days 00:00:01.654312,75,55,9,COMPLETE
480,480,-54.57450919027599,0.021829411141957362,2024-05-18 11:03:24.446270,2024-05-18 11:03:26.169379,0 days 00:00:01.723109,19,58,9,COMPLETE
481,481,-1.6486346088954107,0.007733201185917767,2024-05-18 11:03:26.171374,2024-05-18 11:03:28.157910,0 days 00:00:01.986536,76,5,9,COMPLETE
482,482,-1.3817482978700448,0.007902307673098722,2024-05-18 11:03:28.158908,2024-05-18 11:03:29.890143,0 days 00:00:01.731235,20,3,9,COMPLETE
483,483,-0.9339132011760878,0.007120968262359073,2024-05-18 11:03:29.892139,2024-05-18 11:03:31.849745,0 days 00:00:01.957606,99,209,9,COMPLETE
484,484,-34.592432874485475,0.020933604289807055,2024-05-18 11:03:31.851740,2024-05-18 11:03:33.558569,0 days 00:00:01.706829,10,165,9,COMPLETE
485,485,-19.637292683859933,0.017949728725157335,2024-05-18 11:03:33.560566,2024-05-18 11:03:35.328824,0 days 00:00:01.768258,21,105,9,COMPLETE
486,486,-3.502304539203176,0.011264378056368141,2024-05-18 11:03:35.330820,2024-05-18 11:03:37.140518,0 days 00:00:01.809698,72,120,9,COMPLETE
487,487,-0.3066391443863666,0.005657445590956924,2024-05-18 11:03:37.142514,2024-05-18 11:03:39.043761,0 days 00:00:01.901247,93,102,9,COMPLETE
488,488,-0.6708619694569062,0.00640456604175115,2024-05-18 11:03:39.044757,2024-05-18 11:03:40.798037,0 days 00:00:01.753280,89,105,9,COMPLETE
489,489,-1.130821112618285,0.007494713825460695,2024-05-18 11:03:40.800024,2024-05-18 11:03:42.329440,0 days 00:00:01.529416,5,142,9,COMPLETE
490,490,-0.7696522936106469,0.006901212559029134,2024-05-18 11:03:42.331470,2024-05-18 11:03:44.136150,0 days 00:00:01.804680,93,19,9,COMPLETE
491,491,-1.3658174734589157,0.007668458195273446,2024-05-18 11:03:44.139143,2024-05-18 11:03:45.972159,0 days 00:00:01.833016,76,135,9,COMPLETE
492,492,-14.080788885044914,0.01228789090753528,2024-05-18 11:03:45.974154,2024-05-18 11:03:47.835618,0 days 00:00:01.861464,50,149,9,COMPLETE
493,493,-7.417090710449199,0.013430788318199013,2024-05-18 11:03:47.838586,2024-05-18 11:03:49.595275,0 days 00:00:01.756689,19,63,9,COMPLETE
494,494,-1.4058839635139964,0.007949801692058953,2024-05-18 11:03:49.597271,2024-05-18 11:03:51.321550,0 days 00:00:01.724279,4,88,9,COMPLETE
495,495,-0.7331014673179912,0.0066872507584494366,2024-05-18 11:03:51.323545,2024-05-18 11:03:53.207574,0 days 00:00:01.884029,89,15,9,COMPLETE
496,496,-0.6477342917453053,0.006470584995101243,2024-05-18 11:03:53.209568,2024-05-18 11:03:55.142524,0 days 00:00:01.932956,87,199,9,COMPLETE
497,497,-1.0422333280416225,0.007035917035572206,2024-05-18 11:03:55.144518,2024-05-18 11:03:57.006583,0 days 00:00:01.862065,93,15,9,COMPLETE
498,498,-130.1322720348683,0.029867614759969907,2024-05-18 11:03:57.008578,2024-05-18 11:03:58.716464,0 days 00:00:01.707886,16,126,9,COMPLETE
499,499,-0.6955997003010076,0.0065396119815235455,2024-05-18 11:03:58.718459,2024-05-18 11:04:00.457172,0 days 00:00:01.738713,33,31,9,COMPLETE
500,500,-1.08899497144355,0.007304622068647583,2024-05-18 11:04:00.459167,2024-05-18 11:04:02.325316,0 days 00:00:01.866149,93,10,10,COMPLETE
501,501,-1.3069875652930258,0.007875139933061461,2024-05-18 11:04:02.327285,2024-05-18 11:04:04.137212,0 days 00:00:01.809927,25,31,10,COMPLETE
502,502,-3.0082129034847958,0.010465809182498058,2024-05-18 11:04:04.138209,2024-05-18 11:04:05.954743,0 days 00:00:01.816534,52,152,10,COMPLETE
503,503,-1.049881388703565,0.007042982737146391,2024-05-18 11:04:05.956711,2024-05-18 11:04:08.001839,0 days 00:00:02.045128,71,102,10,COMPLETE
504,504,-1206.968628411178,0.07179817291110133,2024-05-18 11:04:08.004949,2024-05-18 11:04:09.709601,0 days 00:00:01.704652,15,152,10,COMPLETE
505,505,-0.6300525390315048,0.006568856903513517,2024-05-18 11:04:09.711596,2024-05-18 11:04:11.542214,0 days 00:00:01.830618,85,165,10,COMPLETE
506,506,-1.663296182699396,0.008335715493287935,2024-05-18 11:04:11.544174,2024-05-18 11:04:13.383229,0 days 00:00:01.839055,61,36,10,COMPLETE
507,507,-7026.162472734526,0.15998333237285886,2024-05-18 11:04:13.384226,2024-05-18 11:04:15.085319,0 days 00:00:01.701093,7,186,10,COMPLETE
508,508,-0.7259809601603014,0.0066426672471333326,2024-05-18 11:04:15.087315,2024-05-18 11:04:16.880141,0 days 00:00:01.792826,72,14,10,COMPLETE
509,509,-6.443583371961883,0.010683083041648476,2024-05-18 11:04:16.882135,2024-05-18 11:04:18.630265,0 days 00:00:01.748130,36,68,10,COMPLETE
510,510,-4041.9769963612353,0.11273047855717822,2024-05-18 11:04:18.632259,2024-05-18 11:04:20.336895,0 days 00:00:01.704636,9,174,10,COMPLETE
511,511,-11.981768753365385,0.014886147460828026,2024-05-18 11:04:20.338889,2024-05-18 11:04:21.976626,0 days 00:00:01.637737,52,54,10,COMPLETE
512,512,-1.3165822691150668,0.007484772327647824,2024-05-18 11:04:21.978710,2024-05-18 11:04:24.181740,0 days 00:00:02.203030,72,135,10,COMPLETE
513,513,-0.8477395987438443,0.006868794968680925,2024-05-18 11:04:24.183701,2024-05-18 11:04:26.414171,0 days 00:00:02.230470,78,31,10,COMPLETE
514,514,-0.795634354474044,0.006851160327605163,2024-05-18 11:04:26.415166,2024-05-18 11:04:28.288550,0 days 00:00:01.873384,80,156,10,COMPLETE
515,515,-273.05089364036314,0.03921259023574533,2024-05-18 11:04:28.290518,2024-05-18 11:04:29.881374,0 days 00:00:01.590856,7,126,10,COMPLETE
516,516,-0.9792999784309003,0.007333064516731951,2024-05-18 11:04:29.883371,2024-05-18 11:04:31.556869,0 days 00:00:01.673498,20,202,10,COMPLETE
517,517,-0.717087324050559,0.006700038992716449,2024-05-18 11:04:31.558862,2024-05-18 11:04:33.273131,0 days 00:00:01.714269,59,74,10,COMPLETE
518,518,-0.6592438634618194,0.006527220174221325,2024-05-18 11:04:33.275127,2024-05-18 11:04:34.828720,0 days 00:00:01.553593,28,209,10,COMPLETE
519,519,-1.1879445233808164,0.00762127716989541,2024-05-18 11:04:34.830714,2024-05-18 11:04:36.478267,0 days 00:00:01.647553,31,120,10,COMPLETE
520,520,-0.9904153908293628,0.007249753362280916,2024-05-18 11:04:36.478267,2024-05-18 11:04:38.274906,0 days 00:00:01.796639,99,135,10,COMPLETE
521,521,-0.7264141316105274,0.0066791946757156235,2024-05-18 11:04:38.276901,2024-05-18 11:04:40.002764,0 days 00:00:01.725863,93,118,10,COMPLETE
522,522,-1.1995241483180767,0.007603172516770748,2024-05-18 11:04:40.003855,2024-05-18 11:04:41.825755,0 days 00:00:01.821900,93,102,10,COMPLETE
523,523,-2.553036661610542,0.009123172311701639,2024-05-18 11:04:41.827750,2024-05-18 11:04:43.415983,0 days 00:00:01.588233,63,189,10,COMPLETE
524,524,-0.5178541743260143,0.0061407693276181,2024-05-18 11:04:43.416982,2024-05-18 11:04:45.209726,0 days 00:00:01.792744,93,47,10,COMPLETE
525,525,-0.7772152410884449,0.0066757408275511295,2024-05-18 11:04:45.211718,2024-05-18 11:04:46.929484,0 days 00:00:01.717766,58,56,10,COMPLETE
526,526,-1.1901306019774178,0.007557261914881115,2024-05-18 11:04:46.931479,2024-05-18 11:04:48.759639,0 days 00:00:01.828160,76,197,10,COMPLETE
527,527,-18.13521297024959,0.01575349348864269,2024-05-18 11:04:48.761636,2024-05-18 11:04:50.525510,0 days 00:00:01.763874,11,89,10,COMPLETE
528,528,-0.7441689883042095,0.00673789483059075,2024-05-18 11:04:50.527505,2024-05-18 11:04:52.366241,0 days 00:00:01.838736,93,52,10,COMPLETE
529,529,-1.7012683806737656,0.008302624370452186,2024-05-18 11:04:52.368235,2024-05-18 11:04:54.216516,0 days 00:00:01.848281,63,124,10,COMPLETE
530,530,-1.6985792376071391,0.00829889595323957,2024-05-18 11:04:54.218510,2024-05-18 11:04:55.960786,0 days 00:00:01.742276,43,113,10,COMPLETE
531,531,-16.114365737726146,0.015494018144074504,2024-05-18 11:04:55.963779,2024-05-18 11:04:57.665855,0 days 00:00:01.702076,10,166,10,COMPLETE
532,532,-0.809444153076954,0.00687737720285638,2024-05-18 11:04:57.666854,2024-05-18 11:04:59.225630,0 days 00:00:01.558776,4,174,10,COMPLETE
533,533,-28.25307335786137,0.019823002134840527,2024-05-18 11:04:59.227625,2024-05-18 11:05:00.826160,0 days 00:00:01.598535,19,68,10,COMPLETE
534,534,-1.2937236291757546,0.007839594344819447,2024-05-18 11:05:00.828157,2024-05-18 11:05:02.568134,0 days 00:00:01.739977,43,95,10,COMPLETE
535,535,-0.4611584025141598,0.005999948473724712,2024-05-18 11:05:02.570096,2024-05-18 11:05:04.445707,0 days 00:00:01.875611,99,150,10,COMPLETE
536,536,-1.09634730859001,0.007474515810814791,2024-05-18 11:05:04.447668,2024-05-18 11:05:06.320239,0 days 00:00:01.872571,92,186,10,COMPLETE
537,537,-18.164526504664096,0.018025393389065954,2024-05-18 11:05:06.323229,2024-05-18 11:05:08.160189,0 days 00:00:01.836960,21,189,10,COMPLETE
538,538,-1.7860130355143304,0.008292677346000825,2024-05-18 11:05:08.163182,2024-05-18 11:05:10.518592,0 days 00:00:02.355410,75,110,10,COMPLETE
539,539,-386.3734679747119,0.04805065806031696,2024-05-18 11:05:10.520585,2024-05-18 11:05:12.399276,0 days 00:00:01.878691,7,145,10,COMPLETE
540,540,-107.52923012007867,0.03487229394224332,2024-05-18 11:05:12.401213,2024-05-18 11:05:14.625620,0 days 00:00:02.224407,15,152,10,COMPLETE
541,541,-5947.290746738679,0.1484106673165855,2024-05-18 11:05:14.627615,2024-05-18 11:05:16.315660,0 days 00:00:01.688045,11,189,10,COMPLETE
542,542,-2.073270150031047,0.007593509928967889,2024-05-18 11:05:16.316629,2024-05-18 11:05:18.109033,0 days 00:00:01.792404,28,89,10,COMPLETE
543,543,-1.0632789428918143,0.007289959534437241,2024-05-18 11:05:18.110986,2024-05-18 11:05:19.977992,0 days 00:00:01.867006,42,186,10,COMPLETE
544,544,-0.6989459956396175,0.006639474715487659,2024-05-18 11:05:19.981119,2024-05-18 11:05:22.262256,0 days 00:00:02.281137,85,17,10,COMPLETE
545,545,-2.3238297728574633,0.009868920423153866,2024-05-18 11:05:22.264250,2024-05-18 11:05:23.937471,0 days 00:00:01.673221,4,135,10,COMPLETE
546,546,-0.6083523365979346,0.0064979484280424955,2024-05-18 11:05:23.939466,2024-05-18 11:05:25.627623,0 days 00:00:01.688157,15,152,10,COMPLETE
547,547,-1.2167147495919983,0.007707523638367774,2024-05-18 11:05:25.629742,2024-05-18 11:05:27.509033,0 days 00:00:01.879291,93,102,10,COMPLETE
548,548,-3.0299987493799536,0.009737388449216577,2024-05-18 11:05:27.511052,2024-05-18 11:05:29.537254,0 days 00:00:02.026202,84,188,10,COMPLETE
549,549,-1.9674330055833948,0.00849288134673514,2024-05-18 11:05:29.539250,2024-05-18 11:05:31.287169,0 days 00:00:01.747919,17,197,10,COMPLETE
550,550,-0.7556909859654971,0.006822914486236403,2024-05-18 11:05:31.290163,2024-05-18 11:05:33.122083,0 days 00:00:01.831920,55,40,11,COMPLETE
551,551,-0.37792910603186164,0.006097513193526251,2024-05-18 11:05:33.125048,2024-05-18 11:05:35.034700,0 days 00:00:01.909652,93,102,11,COMPLETE
552,552,-1.6975376162354503,0.0085178606030702,2024-05-18 11:05:35.035698,2024-05-18 11:05:36.852089,0 days 00:00:01.816391,89,48,11,COMPLETE
553,553,-1.5772076172309464,0.007937937382952428,2024-05-18 11:05:36.853086,2024-05-18 11:05:38.497354,0 days 00:00:01.644268,33,150,11,COMPLETE
554,554,-1.1582671618393872,0.007252608471496233,2024-05-18 11:05:38.498351,2024-05-18 11:05:40.263025,0 days 00:00:01.764674,40,17,11,COMPLETE
555,555,-1.2024150114229983,0.007583819774405892,2024-05-18 11:05:40.264986,2024-05-18 11:05:42.041438,0 days 00:00:01.776452,85,149,11,COMPLETE
556,556,-0.3337251720672338,0.005916009578640971,2024-05-18 11:05:42.043433,2024-05-18 11:05:43.890203,0 days 00:00:01.846770,93,122,11,COMPLETE
557,557,-0.6204521292360714,0.00645231479614073,2024-05-18 11:05:43.892198,2024-05-18 11:05:45.591590,0 days 00:00:01.699392,15,102,11,COMPLETE
558,558,-1.2413663793101761,0.0075856445700244,2024-05-18 11:05:45.593586,2024-05-18 11:05:47.466309,0 days 00:00:01.872723,85,213,11,COMPLETE
559,559,-0.6952294916349413,0.006460612751079798,2024-05-18 11:05:47.468304,2024-05-18 11:05:49.226512,0 days 00:00:01.758208,93,196,11,COMPLETE
560,560,-22.110736158159817,0.015234146965011203,2024-05-18 11:05:49.228634,2024-05-18 11:05:50.834355,0 days 00:00:01.605721,35,31,11,COMPLETE
561,561,-0.42925103427553823,0.0060670737733749935,2024-05-18 11:05:50.836348,2024-05-18 11:05:52.578821,0 days 00:00:01.742473,88,186,11,COMPLETE
562,562,-1.0061962441384655,0.0069793170378821615,2024-05-18 11:05:52.578821,2024-05-18 11:05:54.429756,0 days 00:00:01.850935,78,180,11,COMPLETE
563,563,-1.764147674854153,0.0082703307152861,2024-05-18 11:05:54.431751,2024-05-18 11:05:56.303348,0 days 00:00:01.871597,88,10,11,COMPLETE
564,564,-1.0473753173272007,0.007082331145290393,2024-05-18 11:05:56.305343,2024-05-18 11:05:57.978884,0 days 00:00:01.673541,68,199,11,COMPLETE
565,565,-0.7136414417977643,0.006709146709680025,2024-05-18 11:05:57.980879,2024-05-18 11:05:59.799065,0 days 00:00:01.818186,99,170,11,COMPLETE
566,566,-2.04976550427576,0.008791794134729983,2024-05-18 11:05:59.802057,2024-05-18 11:06:01.695142,0 days 00:00:01.893085,48,139,11,COMPLETE
567,567,-2.199126446508715,0.008863862459359294,2024-05-18 11:06:01.696139,2024-05-18 11:06:03.403448,0 days 00:00:01.707309,99,46,11,COMPLETE
568,568,-6.477262037742608,0.010890981692684175,2024-05-18 11:06:03.405443,2024-05-18 11:06:05.099726,0 days 00:00:01.694283,13,36,11,COMPLETE
569,569,-0.8699930670771481,0.007052701526244228,2024-05-18 11:06:05.100722,2024-05-18 11:06:06.971946,0 days 00:00:01.871224,90,33,11,COMPLETE
570,570,-0.6857322292599173,0.006520760077952044,2024-05-18 11:06:06.972943,2024-05-18 11:06:08.976776,0 days 00:00:02.003833,95,188,11,COMPLETE
571,571,-0.7284377019439479,0.006719986467754534,2024-05-18 11:06:08.979706,2024-05-18 11:06:10.995369,0 days 00:00:02.015663,93,145,11,COMPLETE
572,572,-5.43418239835067,0.011618624669865223,2024-05-18 11:06:10.997362,2024-05-18 11:06:12.719255,0 days 00:00:01.721893,22,64,11,COMPLETE
573,573,-1.2384133088181404,0.007415045343910595,2024-05-18 11:06:12.721250,2024-05-18 11:06:14.443673,0 days 00:00:01.722423,65,75,11,COMPLETE
574,574,-0.2683815398526454,0.005662268199043171,2024-05-18 11:06:14.445669,2024-05-18 11:06:16.328677,0 days 00:00:01.883008,80,163,11,COMPLETE
575,575,-1.2384402684928948,0.007435745964703966,2024-05-18 11:06:16.330671,2024-05-18 11:06:18.324087,0 days 00:00:01.993416,96,148,11,COMPLETE
576,576,-9.94633417518708,0.012270995164235524,2024-05-18 11:06:18.326081,2024-05-18 11:06:20.175593,0 days 00:00:01.849512,25,31,11,COMPLETE
577,577,-0.5912351276296245,0.006329289706414072,2024-05-18 11:06:20.177552,2024-05-18 11:06:22.030523,0 days 00:00:01.852971,93,135,11,COMPLETE
578,578,-0.9130247461030274,0.007044110983916279,2024-05-18 11:06:22.032516,2024-05-18 11:06:23.947820,0 days 00:00:01.915304,70,135,11,COMPLETE
579,579,-1.7637223867069012,0.008066741048238516,2024-05-18 11:06:23.949818,2024-05-18 11:06:25.655575,0 days 00:00:01.705757,24,8,11,COMPLETE
580,580,-1.5210380036832667,0.008104341092371879,2024-05-18 11:06:25.657571,2024-05-18 11:06:27.273467,0 days 00:00:01.615896,6,158,11,COMPLETE
581,581,-2.888043733328349,0.009140850375194947,2024-05-18 11:06:27.275461,2024-05-18 11:06:28.981820,0 days 00:00:01.706359,50,140,11,COMPLETE
582,582,-1.0834358020191037,0.0073738237815876625,2024-05-18 11:06:28.983815,2024-05-18 11:06:30.728652,0 days 00:00:01.744837,93,158,11,COMPLETE
583,583,-3.283663715765735,0.009432743526040541,2024-05-18 11:06:30.728652,2024-05-18 11:06:32.423079,0 days 00:00:01.694427,41,150,11,COMPLETE
584,584,-1.2859428758568128,0.007977203728953264,2024-05-18 11:06:32.425072,2024-05-18 11:06:34.047197,0 days 00:00:01.622125,10,56,11,COMPLETE
585,585,-0.44950508321283766,0.006093410960086322,2024-05-18 11:06:34.049192,2024-05-18 11:06:35.888107,0 days 00:00:01.838915,88,186,11,COMPLETE
586,586,-1.2949286478317839,0.007778360951536246,2024-05-18 11:06:35.890100,2024-05-18 11:06:37.847732,0 days 00:00:01.957632,67,189,11,COMPLETE
587,587,-0.6710780686482718,0.006443827260636792,2024-05-18 11:06:37.849727,2024-05-18 11:06:39.601325,0 days 00:00:01.751598,88,129,11,COMPLETE
588,588,-1.5812394636943976,0.008029985232946308,2024-05-18 11:06:39.603427,2024-05-18 11:06:41.384340,0 days 00:00:01.780913,71,189,11,COMPLETE
589,589,-1.625513166730315,0.008072908635600328,2024-05-18 11:06:41.386336,2024-05-18 11:06:43.137011,0 days 00:00:01.750675,62,44,11,COMPLETE
590,590,-0.8841773286233954,0.007049224264028575,2024-05-18 11:06:43.139004,2024-05-18 11:06:45.093373,0 days 00:00:01.954369,98,8,11,COMPLETE
591,591,-1.133657379390773,0.007409555129483702,2024-05-18 11:06:45.095368,2024-05-18 11:06:47.066992,0 days 00:00:01.971624,86,105,11,COMPLETE
592,592,-2.942673220364206,0.008801195763192174,2024-05-18 11:06:47.067990,2024-05-18 11:06:48.838511,0 days 00:00:01.770521,35,142,11,COMPLETE
593,593,-2.1958593999456886,0.00886552706723848,2024-05-18 11:06:48.841504,2024-05-18 11:06:50.623469,0 days 00:00:01.781965,65,68,11,COMPLETE
594,594,-0.6214566623152722,0.00657849457780994,2024-05-18 11:06:50.625464,2024-05-18 11:06:52.523448,0 days 00:00:01.897984,86,197,11,COMPLETE
595,595,-1.0380726371772255,0.007332692136335045,2024-05-18 11:06:52.525443,2024-05-18 11:06:54.264841,0 days 00:00:01.739398,78,65,11,COMPLETE
596,596,-2.1394720418683386,0.00901334645110685,2024-05-18 11:06:54.266835,2024-05-18 11:06:55.898471,0 days 00:00:01.631636,52,12,11,COMPLETE
597,597,-1.8846817841557624,0.008085379558523653,2024-05-18 11:06:55.899468,2024-05-18 11:06:57.694252,0 days 00:00:01.794784,33,40,11,COMPLETE
598,598,-0.40617790348140675,0.006051241779213899,2024-05-18 11:06:57.696219,2024-05-18 11:06:59.523419,0 days 00:00:01.827200,88,163,11,COMPLETE
599,599,-0.5321139833048022,0.006170018407437661,2024-05-18 11:06:59.524389,2024-05-18 11:07:01.192617,0 days 00:00:01.668228,69,158,11,COMPLETE
600,600,-1.1484225445617509,0.007446778059853686,2024-05-18 11:07:01.194611,2024-05-18 11:07:03.003065,0 days 00:00:01.808454,35,10,12,COMPLETE
601,601,-1.2413435415379837,0.0076630112099276785,2024-05-18 11:07:03.005060,2024-05-18 11:07:04.687462,0 days 00:00:01.682402,28,150,12,COMPLETE
602,602,-1.139736761831225,0.007596956847781727,2024-05-18 11:07:04.689457,2024-05-18 11:07:06.522491,0 days 00:00:01.833034,88,163,12,COMPLETE
603,603,-1.2345882225140066,0.007691057169877784,2024-05-18 11:07:06.524478,2024-05-18 11:07:08.328370,0 days 00:00:01.803892,58,31,12,COMPLETE
