,number,values_0,values_1,datetime_start,datetime_complete,duration,params_dim,params_rank,params_window_length,system_attrs_nsga2:generation,state
448,448,-1.2050802814755195,0.1671237583814226,2024-05-10 18:56:40.334143,2024-05-10 18:56:43.321264,0 days 00:00:02.987121,30,2,36,8,COMPLETE
449,449,-0.8131872586230611,0.15706509009927977,2024-05-10 18:56:43.324124,2024-05-10 18:56:47.609728,0 days 00:00:04.285604,52,2,170,8,COMPLETE
450,450,0.7005347790245384,0.055433334571700965,2024-05-10 18:56:47.611587,2024-05-10 18:56:55.463579,0 days 00:00:07.851992,35,26,58,9,COMPLETE
451,451,0.2823322494322033,0.09564172109388605,2024-05-10 18:56:55.466129,2024-05-10 18:57:00.489299,0 days 00:00:05.023170,71,45,145,9,COMPLETE
452,452,-0.22810198672702126,0.13058238587903706,2024-05-10 18:57:00.491294,2024-05-10 18:57:03.989940,0 days 00:00:03.498646,64,148,203,9,COMPLETE
453,453,0.021677037197031755,0.1166000578946275,2024-05-10 18:57:03.992933,2024-05-10 18:57:07.910059,0 days 00:00:03.917126,65,69,119,9,COMPLETE
454,454,0.4765398772556514,0.08273586892054419,2024-05-10 18:57:07.912054,2024-05-10 18:57:15.564342,0 days 00:00:07.652288,32,164,213,9,COMPLETE
455,455,-0.7432097033300951,0.143183190202685,2024-05-10 18:57:15.566014,2024-05-10 18:57:18.410556,0 days 00:00:02.844542,31,97,112,9,COMPLETE
456,456,-0.18556054263258545,0.11856126515895733,2024-05-10 18:57:18.412927,2024-05-10 18:57:22.667296,0 days 00:00:04.254369,99,32,153,9,COMPLETE
457,457,-0.8633088279298861,0.15551556558170704,2024-05-10 18:57:22.670220,2024-05-10 18:57:26.556150,0 days 00:00:03.885930,14,47,66,9,COMPLETE
458,458,-0.5029760341618477,0.12834298325486698,2024-05-10 18:57:26.559142,2024-05-10 18:57:32.185919,0 days 00:00:05.626777,34,131,151,9,COMPLETE
459,459,-0.4879509951393771,0.13877668484356318,2024-05-10 18:57:32.188878,2024-05-10 18:57:34.213440,0 days 00:00:02.024562,79,3,201,9,COMPLETE
460,460,0.28796080900062543,0.09524797022661705,2024-05-10 18:57:34.215435,2024-05-10 18:57:40.654184,0 days 00:00:06.438749,68,26,70,9,COMPLETE
461,461,-0.7578404581743505,0.15420795374260612,2024-05-10 18:57:40.657066,2024-05-10 18:57:44.297123,0 days 00:00:03.640057,51,46,57,9,COMPLETE
462,462,0.027764918520328676,0.1011425959578824,2024-05-10 18:57:44.299129,2024-05-10 18:57:49.062997,0 days 00:00:04.763868,51,20,66,9,COMPLETE
463,463,0.29891502928266084,0.09494763909532887,2024-05-10 18:57:49.065895,2024-05-10 18:57:54.326962,0 days 00:00:05.261067,41,36,66,9,COMPLETE
464,464,-0.6861335488555355,0.13844326791721775,2024-05-10 18:57:54.329841,2024-05-10 18:57:57.339089,0 days 00:00:03.009248,50,22,66,9,COMPLETE
465,465,-0.018529354359373883,0.1135021359200101,2024-05-10 18:57:57.341077,2024-05-10 18:58:00.476082,0 days 00:00:03.135005,78,18,54,9,COMPLETE
466,466,0.11614149141033261,0.10488258790059587,2024-05-10 18:58:00.479072,2024-05-10 18:58:04.031971,0 days 00:00:03.552899,44,62,64,9,COMPLETE
467,467,-1.6015576985557138,0.1620492970345559,2024-05-10 18:58:04.034881,2024-05-10 18:58:07.143032,0 days 00:00:03.108151,59,4,59,9,COMPLETE
468,468,0.28244651050513286,0.09781067953696392,2024-05-10 18:58:07.145025,2024-05-10 18:58:10.061304,0 days 00:00:02.916279,75,12,62,9,COMPLETE
469,469,-0.9900491700566448,0.14309495160300068,2024-05-10 18:58:10.063300,2024-05-10 18:58:12.790438,0 days 00:00:02.727138,86,29,206,9,COMPLETE
470,470,0.13726252057027907,0.09774259903575074,2024-05-10 18:58:12.792432,2024-05-10 18:58:18.997878,0 days 00:00:06.205446,32,31,128,9,COMPLETE
471,471,0.07544095006714191,0.10775992538262218,2024-05-10 18:58:19.000270,2024-05-10 18:58:23.086082,0 days 00:00:04.085812,94,10,32,9,COMPLETE
472,472,0.2177152551585325,0.10253084453934884,2024-05-10 18:58:23.089044,2024-05-10 18:58:28.162854,0 days 00:00:05.073810,56,125,143,9,COMPLETE
473,473,-1.2832578718699108,0.1660522617522155,2024-05-10 18:58:28.165448,2024-05-10 18:58:31.298479,0 days 00:00:03.133031,18,80,134,9,COMPLETE
474,474,-0.0420653430709718,0.11822001065182026,2024-05-10 18:58:31.300474,2024-05-10 18:58:36.212848,0 days 00:00:04.912374,78,70,93,9,COMPLETE
475,475,-0.04176313331324941,0.11963665968436762,2024-05-10 18:58:36.215812,2024-05-10 18:58:38.996355,0 days 00:00:02.780543,99,14,211,9,COMPLETE
476,476,-2.966473202067961,0.21703531511573923,2024-05-10 18:58:38.998338,2024-05-10 18:58:42.421966,0 days 00:00:03.423628,3,103,195,9,COMPLETE
477,477,-0.2256837177038915,0.11880582259334216,2024-05-10 18:58:42.424959,2024-05-10 18:58:46.633999,0 days 00:00:04.209040,41,20,88,9,COMPLETE
478,478,-1.0568398715692386,0.13892062153747958,2024-05-10 18:58:46.635995,2024-05-10 18:58:51.460871,0 days 00:00:04.824876,41,38,124,9,COMPLETE
479,479,-1.2568105495502535,0.16444787002348638,2024-05-10 18:58:51.463994,2024-05-10 18:58:53.309670,0 days 00:00:01.845676,57,27,210,9,COMPLETE
480,480,-0.4460111433866912,0.14154588743565014,2024-05-10 18:58:53.311665,2024-05-10 18:58:55.346842,0 days 00:00:02.035177,64,6,127,9,COMPLETE
481,481,0.05047642627969433,0.11641209710456388,2024-05-10 18:58:55.348838,2024-05-10 18:59:01.091940,0 days 00:00:05.743102,84,111,157,9,COMPLETE
482,482,0.2377766340279707,0.09630099686324348,2024-05-10 18:59:01.093961,2024-05-10 18:59:05.834848,0 days 00:00:04.740887,99,36,66,9,COMPLETE
483,483,0.26960850278033355,0.09719233205387863,2024-05-10 18:59:05.836843,2024-05-10 18:59:12.148547,0 days 00:00:06.311704,33,9,15,9,COMPLETE
484,484,-1.4636330857534925,0.18565384799304283,2024-05-10 18:59:12.149516,2024-05-10 18:59:13.330124,0 days 00:00:01.180608,50,1,35,9,COMPLETE
485,485,0.6599427813537981,0.06302535972081798,2024-05-10 18:59:13.332119,2024-05-10 18:59:19.858964,0 days 00:00:06.526845,67,28,208,9,COMPLETE
486,486,-0.7331572192239799,0.1387742991886264,2024-05-10 18:59:19.860959,2024-05-10 18:59:27.041279,0 days 00:00:07.180320,41,23,80,9,COMPLETE
487,487,-0.8635092216303472,0.15168477645062897,2024-05-10 18:59:27.043273,2024-05-10 18:59:29.618238,0 days 00:00:02.574965,72,167,211,9,COMPLETE
488,488,-0.06915283714103163,0.11931422392445952,2024-05-10 18:59:29.621388,2024-05-10 18:59:34.237945,0 days 00:00:04.616557,65,51,88,9,COMPLETE
489,489,-0.20038912750497673,0.13066118534163249,2024-05-10 18:59:34.239939,2024-05-10 18:59:38.404888,0 days 00:00:04.164949,67,39,66,9,COMPLETE
490,490,0.06678961228429889,0.10115803121019737,2024-05-10 18:59:38.406882,2024-05-10 18:59:42.518949,0 days 00:00:04.112067,68,30,41,9,COMPLETE
491,491,0.14895208947164235,0.10927145241141822,2024-05-10 18:59:42.521938,2024-05-10 18:59:47.808781,0 days 00:00:05.286843,81,69,134,9,COMPLETE
492,492,-0.056024352454242664,0.1173971228695782,2024-05-10 18:59:47.810823,2024-05-10 18:59:53.112841,0 days 00:00:05.302018,58,71,144,9,COMPLETE
493,493,0.5094786605593766,0.0797461646569955,2024-05-10 18:59:53.115833,2024-05-10 18:59:58.502893,0 days 00:00:05.387060,50,98,124,9,COMPLETE
494,494,-0.6636376091619038,0.1379421550605154,2024-05-10 18:59:58.504888,2024-05-10 19:00:02.411804,0 days 00:00:03.906916,73,20,26,9,COMPLETE
495,495,-1.0870787560235666,0.1417854312790498,2024-05-10 19:00:02.413905,2024-05-10 19:00:07.692869,0 days 00:00:05.278964,39,97,210,9,COMPLETE
496,496,0.3429465504373631,0.09105269746443978,2024-05-10 19:00:07.694864,2024-05-10 19:00:12.783997,0 days 00:00:05.089133,65,32,134,9,COMPLETE
497,497,-1.3512080653899794,0.147126441366867,2024-05-10 19:00:12.786973,2024-05-10 19:00:16.685795,0 days 00:00:03.898822,61,16,86,9,COMPLETE
498,498,0.16165570600018658,0.1064955571932588,2024-05-10 19:00:16.688773,2024-05-10 19:00:20.763091,0 days 00:00:04.074318,64,79,114,9,COMPLETE
499,499,-0.7520833279603301,0.15309446549952352,2024-05-10 19:00:20.765920,2024-05-10 19:00:22.731805,0 days 00:00:01.965885,70,92,148,9,COMPLETE
500,500,-1.5229121254048807,0.14791578050150309,2024-05-10 19:00:22.733800,2024-05-10 19:00:28.229263,0 days 00:00:05.495463,31,50,73,10,COMPLETE
501,501,-0.38914097305931117,0.13534260364549375,2024-05-10 19:00:28.231258,2024-05-10 19:00:31.349521,0 days 00:00:03.118263,15,119,120,10,COMPLETE
502,502,-0.2893053833715066,0.1279904119388276,2024-05-10 19:00:31.351516,2024-05-10 19:00:34.549028,0 days 00:00:03.197512,56,61,167,10,COMPLETE
503,503,-0.06147513813765069,0.11025796787745634,2024-05-10 19:00:34.551023,2024-05-10 19:00:39.748716,0 days 00:00:05.197693,41,60,64,10,COMPLETE
504,504,-0.10437296420743489,0.11018473603307795,2024-05-10 19:00:39.751707,2024-05-10 19:00:44.379812,0 days 00:00:04.628105,56,28,128,10,COMPLETE
505,505,-0.0769830370812546,0.11935696265915689,2024-05-10 19:00:44.382944,2024-05-10 19:00:52.993961,0 days 00:00:08.611017,41,178,205,10,COMPLETE
506,506,-1.0862089452589074,0.159466578591336,2024-05-10 19:00:52.995958,2024-05-10 19:00:57.051081,0 days 00:00:04.055123,41,181,205,10,COMPLETE
507,507,-0.22804514884295557,0.12681691717439386,2024-05-10 19:00:57.053043,2024-05-10 19:01:01.962273,0 days 00:00:04.909230,30,81,99,10,COMPLETE
508,508,0.10941824275474994,0.10981227756689334,2024-05-10 19:01:01.964269,2024-05-10 19:01:05.552491,0 days 00:00:03.588222,75,8,17,10,COMPLETE
509,509,0.2906376090066058,0.10001693665417732,2024-05-10 19:01:05.554452,2024-05-10 19:01:10.991835,0 days 00:00:05.437383,94,118,131,10,COMPLETE
510,510,-0.1321081649505347,0.11982875178599006,2024-05-10 19:01:10.994826,2024-05-10 19:01:15.432017,0 days 00:00:04.437191,73,153,208,10,COMPLETE
511,511,-0.38249967086611747,0.13276070825112254,2024-05-10 19:01:15.434011,2024-05-10 19:01:19.600055,0 days 00:00:04.166044,97,3,203,10,COMPLETE
512,512,-0.08608224416027603,0.11516735726211921,2024-05-10 19:01:19.603018,2024-05-10 19:01:24.334575,0 days 00:00:04.731557,67,206,208,10,COMPLETE
513,513,0.49235975874169846,0.08403295210987673,2024-05-10 19:01:24.337553,2024-05-10 19:01:28.630711,0 days 00:00:04.293158,65,53,66,10,COMPLETE
514,514,0.11126932115335957,0.09635846537899918,2024-05-10 19:01:28.633671,2024-05-10 19:01:32.332009,0 days 00:00:03.698338,37,22,66,10,COMPLETE
515,515,-0.02232396286427707,0.1112879482542628,2024-05-10 19:01:32.335002,2024-05-10 19:01:36.386109,0 days 00:00:04.051107,67,36,59,10,COMPLETE
516,516,-0.1617831248899506,0.1238199395834445,2024-05-10 19:01:36.389101,2024-05-10 19:01:40.492412,0 days 00:00:04.103311,86,64,162,10,COMPLETE
517,517,-5.507005782537674,0.2857208664853005,2024-05-10 19:01:40.495406,2024-05-10 19:01:44.537846,0 days 00:00:04.042440,10,99,172,10,COMPLETE
518,518,0.13072256407645372,0.10287582610667863,2024-05-10 19:01:44.539699,2024-05-10 19:01:48.212668,0 days 00:00:03.672969,50,77,124,10,COMPLETE
519,519,-0.16454506862206575,0.12054261528515711,2024-05-10 19:01:48.215660,2024-05-10 19:01:51.108091,0 days 00:00:02.892431,78,12,49,10,COMPLETE
520,520,0.3668174135853509,0.08898263979214863,2024-05-10 19:01:51.110085,2024-05-10 19:01:56.383011,0 days 00:00:05.272926,35,10,106,10,COMPLETE
521,521,0.162885583860588,0.10629349261950716,2024-05-10 19:01:56.384994,2024-05-10 19:02:00.953835,0 days 00:00:04.568841,46,64,128,10,COMPLETE
522,522,0.3854291468465324,0.09074133660857388,2024-05-10 19:02:00.955860,2024-05-10 19:02:04.355033,0 days 00:00:03.399173,78,34,49,10,COMPLETE
523,523,-2.158133579860589,0.20703127192293355,2024-05-10 19:02:04.356058,2024-05-10 19:02:06.218901,0 days 00:00:01.862843,29,11,60,10,COMPLETE
524,524,0.049991196928236635,0.11047170388826522,2024-05-10 19:02:06.220871,2024-05-10 19:02:09.248799,0 days 00:00:03.027928,99,14,39,10,COMPLETE
525,525,-0.4059955950934307,0.13501627745584008,2024-05-10 19:02:09.250932,2024-05-10 19:02:14.305639,0 days 00:00:05.054707,20,24,208,10,COMPLETE
526,526,-1.1662373543352924,0.1614741146220588,2024-05-10 19:02:14.308631,2024-05-10 19:02:18.199663,0 days 00:00:03.891032,68,4,5,10,COMPLETE
527,527,-0.6737904512405007,0.13596899930425224,2024-05-10 19:02:18.201624,2024-05-10 19:02:20.804661,0 days 00:00:02.603037,41,13,15,10,COMPLETE
528,528,-0.44345258889986516,0.1422243556798785,2024-05-10 19:02:20.807653,2024-05-10 19:02:25.300757,0 days 00:00:04.493104,10,190,205,10,COMPLETE
529,529,-0.38114690058788914,0.13241266542923227,2024-05-10 19:02:25.302750,2024-05-10 19:02:30.597530,0 days 00:00:05.294780,75,2,10,10,COMPLETE
530,530,0.10360706670576889,0.10810984516135262,2024-05-10 19:02:30.600533,2024-05-10 19:02:34.222393,0 days 00:00:03.621860,97,77,77,10,COMPLETE
531,531,-10.668243023399427,0.33624464954462085,2024-05-10 19:02:34.223391,2024-05-10 19:02:37.808357,0 days 00:00:03.584966,5,2,4,10,COMPLETE
532,532,0.16775848418297695,0.10570514794535232,2024-05-10 19:02:37.810352,2024-05-10 19:02:46.170871,0 days 00:00:08.360519,27,57,88,10,COMPLETE
533,533,0.22923593203920806,0.0991792894782922,2024-05-10 19:02:46.172833,2024-05-10 19:02:49.639658,0 days 00:00:03.466825,65,9,10,10,COMPLETE
534,534,-0.48530214000925964,0.12808228051553952,2024-05-10 19:02:49.641653,2024-05-10 19:02:54.145216,0 days 00:00:04.503563,30,28,146,10,COMPLETE
535,535,-0.7095523617422514,0.12066817481825684,2024-05-10 19:02:54.147325,2024-05-10 19:02:58.771695,0 days 00:00:04.624370,48,52,66,10,COMPLETE
536,536,-0.34346519423461724,0.13329481798978698,2024-05-10 19:02:58.773661,2024-05-10 19:03:02.930160,0 days 00:00:04.156499,22,148,205,10,COMPLETE
537,537,0.04011757289314177,0.11388016954541316,2024-05-10 19:03:02.932157,2024-05-10 19:03:09.001758,0 days 00:00:06.069601,35,116,179,10,COMPLETE
538,538,0.16547483936228063,0.10901220820259723,2024-05-10 19:03:09.003752,2024-05-10 19:03:14.512791,0 days 00:00:05.509039,56,55,58,10,COMPLETE
539,539,0.1499909514657619,0.09669507988059979,2024-05-10 19:03:14.514880,2024-05-10 19:03:18.537147,0 days 00:00:04.022267,51,25,70,10,COMPLETE
540,540,0.41288911203517226,0.08860456210339233,2024-05-10 19:03:18.539137,2024-05-10 19:03:22.483146,0 days 00:00:03.944009,41,114,134,10,COMPLETE
541,541,-0.13968768584341018,0.11915817458843887,2024-05-10 19:03:22.485138,2024-05-10 19:03:26.945734,0 days 00:00:04.460596,78,12,156,10,COMPLETE
542,542,-0.016633203879562998,0.11142426238122857,2024-05-10 19:03:26.948691,2024-05-10 19:03:30.559660,0 days 00:00:03.610969,51,54,124,10,COMPLETE
543,543,-1.2869181775855683,0.17500733175242075,2024-05-10 19:03:30.562653,2024-05-10 19:03:34.233695,0 days 00:00:03.671042,41,186,205,10,COMPLETE
544,544,-0.5124040630986711,0.14291539249433952,2024-05-10 19:03:34.235690,2024-05-10 19:03:37.125733,0 days 00:00:02.890043,16,43,49,10,COMPLETE
545,545,0.08645234745394728,0.10894322148998467,2024-05-10 19:03:37.128730,2024-05-10 19:03:44.025630,0 days 00:00:06.896900,41,24,34,10,COMPLETE
546,546,-0.6270619452042447,0.1251250916688345,2024-05-10 19:03:44.027625,2024-05-10 19:03:47.675885,0 days 00:00:03.648260,27,33,141,10,COMPLETE
547,547,0.38007008774536694,0.09014530747112598,2024-05-10 19:03:47.678827,2024-05-10 19:03:51.332897,0 days 00:00:03.654070,12,75,108,10,COMPLETE
548,548,-0.4458634934815156,0.12680702184712672,2024-05-10 19:03:51.334892,2024-05-10 19:03:55.259509,0 days 00:00:03.924617,34,48,99,10,COMPLETE
549,549,0.1948098952690643,0.10368137155483448,2024-05-10 19:03:55.262501,2024-05-10 19:03:59.728646,0 days 00:00:04.466145,69,23,25,10,COMPLETE
550,550,0.1771257127688383,0.10555795097697487,2024-05-10 19:03:59.731608,2024-05-10 19:04:04.223765,0 days 00:00:04.492157,31,5,17,11,COMPLETE
551,551,0.2419545479181117,0.0980213653622756,2024-05-10 19:04:04.227287,2024-05-10 19:04:08.592759,0 days 00:00:04.365472,78,46,66,11,COMPLETE
552,552,0.09630966020983263,0.10241320837032668,2024-05-10 19:04:08.595067,2024-05-10 19:04:12.999198,0 days 00:00:04.404131,31,14,17,11,COMPLETE
553,553,-0.3663403370743843,0.1332806000357035,2024-05-10 19:04:13.001193,2024-05-10 19:04:15.530869,0 days 00:00:02.529676,56,24,136,11,COMPLETE
554,554,0.17896020421331255,0.09235881386718651,2024-05-10 19:04:15.533861,2024-05-10 19:04:20.049823,0 days 00:00:04.515962,44,23,54,11,COMPLETE
555,555,0.5964384700396302,0.06570192922749077,2024-05-10 19:04:20.051818,2024-05-10 19:04:26.031385,0 days 00:00:05.979567,35,16,69,11,COMPLETE
556,556,-0.8176957844589398,0.15520451166268234,2024-05-10 19:04:26.032349,2024-05-10 19:04:27.959551,0 days 00:00:01.927202,81,3,183,11,COMPLETE
557,557,0.48218293875640156,0.08180881943439339,2024-05-10 19:04:27.961546,2024-05-10 19:04:33.404102,0 days 00:00:05.442556,56,77,180,11,COMPLETE
558,558,-0.2512147148816403,0.1233248600190858,2024-05-10 19:04:33.407094,2024-05-10 19:04:37.940845,0 days 00:00:04.533751,78,60,98,11,COMPLETE
559,559,-1.0784348691901804,0.16359382872058945,2024-05-10 19:04:37.942900,2024-05-10 19:04:40.452637,0 days 00:00:02.509737,92,36,42,11,COMPLETE
560,560,-1.637728232776692,0.1970827177132169,2024-05-10 19:04:40.454632,2024-05-10 19:04:42.297769,0 days 00:00:01.843137,99,1,140,11,COMPLETE
561,561,-0.5605171072454385,0.1472757561951683,2024-05-10 19:04:42.300760,2024-05-10 19:04:45.753688,0 days 00:00:03.452928,41,8,10,11,COMPLETE
562,562,-0.0008287935496753551,0.10184548911498496,2024-05-10 19:04:45.755726,2024-05-10 19:04:48.749780,0 days 00:00:02.994054,41,24,156,11,COMPLETE
563,563,0.002571203934303168,0.1069027579518134,2024-05-10 19:04:48.753767,2024-05-10 19:04:52.950683,0 days 00:00:04.196916,51,64,116,11,COMPLETE
564,564,0.0782832517645449,0.10346855958425134,2024-05-10 19:04:52.952649,2024-05-10 19:04:55.423021,0 days 00:00:02.470372,51,26,66,11,COMPLETE
565,565,0.12804078239202205,0.11054198557622386,2024-05-10 19:04:55.425979,2024-05-10 19:05:02.223797,0 days 00:00:06.797818,93,119,156,11,COMPLETE
566,566,-0.5926405323910968,0.13798515102645972,2024-05-10 19:05:02.226886,2024-05-10 19:05:05.165898,0 days 00:00:02.939012,43,82,116,11,COMPLETE
567,567,-0.030593583468297526,0.11669520743048914,2024-05-10 19:05:05.167908,2024-05-10 19:05:08.737560,0 days 00:00:03.569652,13,198,201,11,COMPLETE
568,568,0.5458619740600648,0.07332501886629901,2024-05-10 19:05:08.739553,2024-05-10 19:05:13.083105,0 days 00:00:04.343552,85,53,203,11,COMPLETE
569,569,-7.877613548780586,0.2918395109853918,2024-05-10 19:05:13.085492,2024-05-10 19:05:14.232859,0 days 00:00:01.147367,25,44,73,11,COMPLETE
570,570,0.2035142059184567,0.10012684696593281,2024-05-10 19:05:14.234854,2024-05-10 19:05:17.209650,0 days 00:00:02.974796,31,51,100,11,COMPLETE
571,571,0.21290003420640077,0.0984825136793748,2024-05-10 19:05:17.211645,2024-05-10 19:05:20.972465,0 days 00:00:03.760820,71,15,59,11,COMPLETE
572,572,-0.7525257237384574,0.14792292918783032,2024-05-10 19:05:20.975457,2024-05-10 19:05:24.037092,0 days 00:00:03.061635,19,28,59,11,COMPLETE
573,573,0.5327477598462547,0.07485158830380548,2024-05-10 19:05:24.039118,2024-05-10 19:05:28.359881,0 days 00:00:04.320763,38,10,59,11,COMPLETE
574,574,-0.737042952309203,0.1571528752152703,2024-05-10 19:05:28.361876,2024-05-10 19:05:29.659075,0 days 00:00:01.297199,100,11,59,11,COMPLETE
575,575,-0.30487556125743165,0.11499301446242952,2024-05-10 19:05:29.660901,2024-05-10 19:05:32.412565,0 days 00:00:02.751664,78,12,148,11,COMPLETE
576,576,0.27050895004222625,0.09728655430468776,2024-05-10 19:05:32.414479,2024-05-10 19:05:34.204538,0 days 00:00:01.790059,89,56,65,11,COMPLETE
577,577,-0.8322603402937346,0.16418947905969844,2024-05-10 19:05:34.206533,2024-05-10 19:05:36.616815,0 days 00:00:02.410282,71,88,128,11,COMPLETE
578,578,0.11603076185686163,0.10258557260935827,2024-05-10 19:05:36.618812,2024-05-10 19:05:40.022573,0 days 00:00:03.403761,51,124,176,11,COMPLETE
579,579,-1.821408915108623,0.17464056456113544,2024-05-10 19:05:40.023571,2024-05-10 19:05:42.666941,0 days 00:00:02.643370,83,75,124,11,COMPLETE
580,580,-23.305114641232464,0.3851739886352172,2024-05-10 19:05:42.667938,2024-05-10 19:05:46.037728,0 days 00:00:03.369790,6,22,173,11,COMPLETE
581,581,-0.5716358138626211,0.1306653593452251,2024-05-10 19:05:46.039690,2024-05-10 19:05:48.201742,0 days 00:00:02.162052,32,10,110,11,COMPLETE
582,582,0.08511771464043479,0.11121734410020012,2024-05-10 19:05:48.203737,2024-05-10 19:05:51.185594,0 days 00:00:02.981857,35,81,124,11,COMPLETE
583,583,-0.34007689637270155,0.13323776384324554,2024-05-10 19:05:51.187590,2024-05-10 19:05:54.148924,0 days 00:00:02.961334,59,21,26,11,COMPLETE
584,584,-0.2731014612893817,0.12099321404654681,2024-05-10 19:05:54.150917,2024-05-10 19:05:57.554677,0 days 00:00:03.403760,30,38,57,11,COMPLETE
585,585,-0.3639210021319681,0.11798978082362095,2024-05-10 19:05:57.556682,2024-05-10 19:05:59.925009,0 days 00:00:02.368327,86,136,173,11,COMPLETE
586,586,0.14310365212753365,0.10587295491964195,2024-05-10 19:05:59.927004,2024-05-10 19:06:03.422415,0 days 00:00:03.495411,94,98,148,11,COMPLETE
587,587,0.11585291121509586,0.11030010101568288,2024-05-10 19:06:03.424410,2024-05-10 19:06:07.090977,0 days 00:00:03.666567,94,123,124,11,COMPLETE
588,588,-0.3417136680583418,0.11870340878327579,2024-05-10 19:06:07.093084,2024-05-10 19:06:10.745988,0 days 00:00:03.652904,56,23,93,11,COMPLETE
589,589,0.2964700110759818,0.09446748568329515,2024-05-10 19:06:10.747624,2024-05-10 19:06:14.321731,0 days 00:00:03.574107,30,95,134,11,COMPLETE
590,590,-0.10165029231003586,0.12165461082990099,2024-05-10 19:06:14.323727,2024-05-10 19:06:18.186879,0 days 00:00:03.863152,67,5,121,11,COMPLETE
591,591,0.4203646574069265,0.08349321692860802,2024-05-10 19:06:18.188734,2024-05-10 19:06:23.292861,0 days 00:00:05.104127,51,32,80,11,COMPLETE
592,592,0.38028846531332994,0.087423578018849,2024-05-10 19:06:23.293858,2024-05-10 19:06:27.492589,0 days 00:00:04.198731,42,9,97,11,COMPLETE
593,593,0.15130661961753625,0.1078210521402074,2024-05-10 19:06:27.495548,2024-05-10 19:06:32.344631,0 days 00:00:04.849083,94,52,161,11,COMPLETE
594,594,0.34795929727673947,0.09087362238810578,2024-05-10 19:06:32.347126,2024-05-10 19:06:36.085401,0 days 00:00:03.738275,47,39,77,11,COMPLETE
595,595,-0.5377772094851654,0.13861134636281597,2024-05-10 19:06:36.087411,2024-05-10 19:06:39.196674,0 days 00:00:03.109263,45,45,124,11,COMPLETE
