,number,values_0,values_1,datetime_start,datetime_complete,duration,params_dim,params_rank,params_window_length,system_attrs_nsga2:generation,state
586,586,-0.7524829753396163,0.006789973992990389,2024-05-18 13:03:51.459107,2024-05-18 13:04:02.748072,0 days 00:00:11.288965,893,163,237,11,COMPLETE
587,587,-0.5390476921333798,0.006310868991961474,2024-05-18 13:04:02.750065,2024-05-18 13:04:09.047764,0 days 00:00:06.297699,900,51,215,11,COMPLETE
588,588,-0.8839648185471509,0.0068433685233599524,2024-05-18 13:04:09.049757,2024-05-18 13:04:19.287062,0 days 00:00:10.237305,408,186,224,11,COMPLETE
589,589,-1.1387015794455302,0.007568852747484839,2024-05-18 13:04:19.289059,2024-05-18 13:04:31.086857,0 days 00:00:11.797798,857,170,275,11,COMPLETE
590,590,-0.37844495264048045,0.005871860156345036,2024-05-18 13:04:31.088853,2024-05-18 13:04:43.662041,0 days 00:00:12.573188,339,237,246,11,COMPLETE
591,591,-0.6113347750992804,0.006469458895803195,2024-05-18 13:04:43.663040,2024-05-18 13:04:52.045734,0 days 00:00:08.382694,764,120,131,11,COMPLETE
592,592,-0.7080797216591982,0.006633801743176152,2024-05-18 13:04:52.047731,2024-05-18 13:04:56.013167,0 days 00:00:03.965436,777,11,11,11,COMPLETE
593,593,-0.44461193957787337,0.006202475190062703,2024-05-18 13:04:56.015160,2024-05-18 13:04:58.819202,0 days 00:00:02.804042,525,9,145,11,COMPLETE
594,594,-0.5393928531961004,0.006384391859818919,2024-05-18 13:04:58.821197,2024-05-18 13:05:04.212867,0 days 00:00:05.391670,797,44,44,11,COMPLETE
595,595,-0.7730464996944739,0.006822485984561981,2024-05-18 13:05:04.214862,2024-05-18 13:05:07.957051,0 days 00:00:03.742189,738,2,44,11,COMPLETE
596,596,-0.284718147093255,0.005869437419280088,2024-05-18 13:05:07.959048,2024-05-18 13:05:19.855528,0 days 00:00:11.896480,448,205,285,11,COMPLETE
597,597,-0.9588737803023051,0.007092295681340342,2024-05-18 13:05:19.857525,2024-05-18 13:05:26.770165,0 days 00:00:06.912640,351,122,146,11,COMPLETE
598,598,-1.0380689727354633,0.006990220508847342,2024-05-18 13:05:26.771161,2024-05-18 13:05:32.238169,0 days 00:00:05.467008,99,82,288,11,COMPLETE
599,599,-0.1818130076675227,0.00548022054052349,2024-05-18 13:05:32.240164,2024-05-18 13:05:37.418027,0 days 00:00:05.177863,412,69,219,11,COMPLETE
600,600,-1.8998800589693132,0.008431493802241083,2024-05-18 13:05:37.420020,2024-05-18 13:05:48.099372,0 days 00:00:10.679352,61,173,243,12,COMPLETE
601,601,-0.5761294797076784,0.0063561860853508815,2024-05-18 13:05:48.101365,2024-05-18 13:05:58.301883,0 days 00:00:10.200518,972,127,242,12,COMPLETE
602,602,-0.5435842541861675,0.006236883632039293,2024-05-18 13:05:58.302878,2024-05-18 13:06:01.133483,0 days 00:00:02.830605,436,12,18,12,COMPLETE
603,603,-0.3811631590253961,0.005975649215496141,2024-05-18 13:06:01.135478,2024-05-18 13:06:03.664486,0 days 00:00:02.529008,287,15,27,12,COMPLETE
604,604,-0.5109795128640773,0.006227730275567285,2024-05-18 13:06:03.666481,2024-05-18 13:06:09.494057,0 days 00:00:05.827576,629,70,145,12,COMPLETE
605,605,-1.84515334298881,0.008514124319088958,2024-05-18 13:06:09.496052,2024-05-18 13:06:18.413367,0 days 00:00:08.917315,330,148,161,12,COMPLETE
606,606,-1.2077644930518294,0.007394026710250107,2024-05-18 13:06:18.415362,2024-05-18 13:06:23.883992,0 days 00:00:05.468630,993,5,11,12,COMPLETE
607,607,-0.6461678882670736,0.006500974168325546,2024-05-18 13:06:23.885945,2024-05-18 13:06:29.358402,0 days 00:00:05.472457,790,31,277,12,COMPLETE
608,608,-0.6338480116891835,0.006472250304391051,2024-05-18 13:06:29.360397,2024-05-18 13:06:33.411538,0 days 00:00:04.051141,736,6,139,12,COMPLETE
609,609,-0.3635602007547004,0.005949808875709814,2024-05-18 13:06:33.413530,2024-05-18 13:06:42.089961,0 days 00:00:08.676431,980,92,224,12,COMPLETE
610,610,-0.8377179709002573,0.007008474516388424,2024-05-18 13:06:42.091956,2024-05-18 13:06:47.911312,0 days 00:00:05.819356,436,78,196,12,COMPLETE
611,611,-0.801427029962049,0.006918759129338421,2024-05-18 13:06:47.913307,2024-05-18 13:06:52.603643,0 days 00:00:04.690336,908,6,209,12,COMPLETE
612,612,-2.4705363390638064,0.009584063494671358,2024-05-18 13:06:52.605638,2024-05-18 13:06:56.063003,0 days 00:00:03.457365,157,36,224,12,COMPLETE
613,613,-0.6347476565678947,0.006412895330908025,2024-05-18 13:06:56.064998,2024-05-18 13:07:01.604865,0 days 00:00:05.539867,780,36,141,12,COMPLETE
614,614,-1.2286154920441201,0.007734928408037599,2024-05-18 13:07:01.606863,2024-05-18 13:07:16.786905,0 days 00:00:15.180042,690,234,300,12,COMPLETE
615,615,-0.63768551208475,0.006377101468798459,2024-05-18 13:07:16.788898,2024-05-18 13:07:19.607590,0 days 00:00:02.818692,112,22,224,12,COMPLETE
616,616,-0.8520139752656177,0.006988850216001374,2024-05-18 13:07:19.609584,2024-05-18 13:07:28.398910,0 days 00:00:08.789326,651,136,200,12,COMPLETE
617,617,-1.1197978985786707,0.007474011359711942,2024-05-18 13:07:28.400904,2024-05-18 13:07:37.232058,0 days 00:00:08.831154,86,164,212,12,COMPLETE
618,618,-0.640375243362868,0.006378647629312913,2024-05-18 13:07:37.233054,2024-05-18 13:07:50.884125,0 days 00:00:13.651071,412,226,252,12,COMPLETE
619,619,-0.5065344219960992,0.0061474947131448104,2024-05-18 13:07:50.886078,2024-05-18 13:07:53.437694,0 days 00:00:02.551616,438,5,6,12,COMPLETE
620,620,-1.196756910036279,0.007569549508380668,2024-05-18 13:07:53.439688,2024-05-18 13:07:59.784012,0 days 00:00:06.344324,960,40,296,12,COMPLETE
621,621,-1.2681094893411156,0.00774634509875922,2024-05-18 13:07:59.786007,2024-05-18 13:08:04.004606,0 days 00:00:04.218599,231,51,148,12,COMPLETE
622,622,-0.7013761582456295,0.0065893570595526125,2024-05-18 13:08:04.006602,2024-05-18 13:08:05.757213,0 days 00:00:01.750611,83,3,59,12,COMPLETE
623,623,-0.6268461035577861,0.006551582134421932,2024-05-18 13:08:05.759208,2024-05-18 13:08:10.762305,0 days 00:00:05.003097,835,21,142,12,COMPLETE
624,624,-0.6997698636979599,0.006623430620273723,2024-05-18 13:08:10.764378,2024-05-18 13:08:14.818375,0 days 00:00:04.053997,182,41,272,12,COMPLETE
625,625,-1.6720836639458074,0.008348556555546682,2024-05-18 13:08:14.820370,2024-05-18 13:08:28.837752,0 days 00:00:14.017382,286,250,282,12,COMPLETE
626,626,-0.2447119019696519,0.00571843209968779,2024-05-18 13:08:28.839746,2024-05-18 13:08:33.254732,0 days 00:00:04.414986,790,13,59,12,COMPLETE
627,627,-0.6416774147726654,0.006409475345480689,2024-05-18 13:08:33.256727,2024-05-18 13:08:39.403001,0 days 00:00:06.146274,877,52,97,12,COMPLETE
628,628,-0.5340586418290482,0.006131843962908372,2024-05-18 13:08:39.405065,2024-05-18 13:08:45.641094,0 days 00:00:06.236029,795,50,200,12,COMPLETE
629,629,-0.22015161833137215,0.005644852520402933,2024-05-18 13:08:45.643089,2024-05-18 13:08:54.437388,0 days 00:00:08.794299,436,149,192,12,COMPLETE
630,630,-24.769118370429556,0.016922069672388306,2024-05-18 13:08:54.439383,2024-05-18 13:08:56.280954,0 days 00:00:01.841571,79,4,167,12,COMPLETE
631,631,-0.8037673594076014,0.006639801254813747,2024-05-18 13:08:56.282950,2024-05-18 13:08:59.018188,0 days 00:00:02.735238,584,1,26,12,COMPLETE
632,632,-0.6106724779394284,0.00626779978321001,2024-05-18 13:08:59.019187,2024-05-18 13:09:04.480973,0 days 00:00:05.461786,412,81,93,12,COMPLETE
633,633,-0.44438051412594515,0.005984623149307913,2024-05-18 13:09:04.482967,2024-05-18 13:09:15.027734,0 days 00:00:10.544767,469,169,285,12,COMPLETE
634,634,-0.3877262925952456,0.0058266725021683076,2024-05-18 13:09:15.028802,2024-05-18 13:09:22.438188,0 days 00:00:07.409386,790,85,118,12,COMPLETE
635,635,-0.36954136046611646,0.0059511801034232824,2024-05-18 13:09:22.440212,2024-05-18 13:09:27.767341,0 days 00:00:05.327129,790,32,194,12,COMPLETE
636,636,-0.4949726007035272,0.006274021188868356,2024-05-18 13:09:27.769298,2024-05-18 13:09:40.225451,0 days 00:00:12.456153,507,218,242,12,COMPLETE
637,637,-0.9487895721243664,0.007254008737644818,2024-05-18 13:09:40.226446,2024-05-18 13:09:48.885512,0 days 00:00:08.659066,799,84,107,12,COMPLETE
638,638,-0.4541124463537596,0.006352314152965935,2024-05-18 13:09:48.888505,2024-05-18 13:09:52.944788,0 days 00:00:04.056283,436,42,51,12,COMPLETE
639,639,-0.5294201184955014,0.0062606358945063376,2024-05-18 13:09:52.946848,2024-05-18 13:10:05.912254,0 days 00:00:12.965406,220,244,244,12,COMPLETE
640,640,-0.6205891044871488,0.006469263857282717,2024-05-18 13:10:05.914248,2024-05-18 13:10:09.742511,0 days 00:00:03.828263,600,31,47,12,COMPLETE
641,641,-0.6609143489041823,0.00643734638452915,2024-05-18 13:10:09.744506,2024-05-18 13:10:19.887563,0 days 00:00:10.143057,670,141,244,12,COMPLETE
642,642,-0.3786123103041971,0.005970229847671973,2024-05-18 13:10:19.889560,2024-05-18 13:10:25.571001,0 days 00:00:05.681441,320,88,114,12,COMPLETE
643,643,-0.6323619248687093,0.006515124858136936,2024-05-18 13:10:25.572995,2024-05-18 13:10:37.411320,0 days 00:00:11.838325,926,171,198,12,COMPLETE
644,644,-0.48200683928130034,0.006228932672719553,2024-05-18 13:10:37.413316,2024-05-18 13:10:44.173356,0 days 00:00:06.760040,584,96,143,12,COMPLETE
645,645,-0.6460753035783682,0.006419934981272869,2024-05-18 13:10:44.175350,2024-05-18 13:10:47.632664,0 days 00:00:03.457314,341,31,81,12,COMPLETE
646,646,-0.42673574287945365,0.006245031635275313,2024-05-18 13:10:47.634660,2024-05-18 13:10:59.298043,0 days 00:00:11.663383,238,216,219,12,COMPLETE
647,647,-0.37609419336597644,0.00600675993102949,2024-05-18 13:10:59.300038,2024-05-18 13:11:01.868496,0 days 00:00:02.568458,412,5,157,12,COMPLETE
648,648,-2.3948020335889852,0.008872434533333372,2024-05-18 13:11:01.870490,2024-05-18 13:11:04.736943,0 days 00:00:02.866453,505,7,117,12,COMPLETE
649,649,-1.339595851654489,0.0075517210534118955,2024-05-18 13:11:04.737940,2024-05-18 13:11:06.952047,0 days 00:00:02.214107,91,14,19,12,COMPLETE
650,650,-1.1625528909708884,0.007514063558067187,2024-05-18 13:11:06.954040,2024-05-18 13:11:16.018381,0 days 00:00:09.064341,790,113,224,13,COMPLETE
651,651,-0.7788615291184753,0.006749269884935375,2024-05-18 13:11:16.020378,2024-05-18 13:11:25.253000,0 days 00:00:09.232622,512,129,224,13,COMPLETE
652,652,-0.7109831135720027,0.006604139823876827,2024-05-18 13:11:25.254994,2024-05-18 13:11:33.084148,0 days 00:00:07.829154,690,97,169,13,COMPLETE
653,653,-2.0129154957720834,0.008585846129764856,2024-05-18 13:11:33.086111,2024-05-18 13:11:35.740374,0 days 00:00:02.654263,178,25,26,13,COMPLETE
654,654,-0.6088846710293728,0.006405444337107874,2024-05-18 13:11:35.742367,2024-05-18 13:11:43.703487,0 days 00:00:07.961120,192,135,244,13,COMPLETE
655,655,-0.8995076641374418,0.006905360455403496,2024-05-18 13:11:43.706480,2024-05-18 13:11:49.203251,0 days 00:00:05.496771,263,58,274,13,COMPLETE
656,656,-0.5526988466654258,0.006127864560304247,2024-05-18 13:11:49.206240,2024-05-18 13:11:54.719816,0 days 00:00:05.513576,796,29,59,13,COMPLETE
657,657,-1.4897980181623904,0.008079700221740569,2024-05-18 13:11:54.720814,2024-05-18 13:12:01.705819,0 days 00:00:06.985005,790,80,117,13,COMPLETE
658,658,-0.5107452640911401,0.006176851425600985,2024-05-18 13:12:01.707814,2024-05-18 13:12:07.153500,0 days 00:00:05.445686,993,29,90,13,COMPLETE
659,659,-0.3322035344878065,0.005817113427938905,2024-05-18 13:12:07.154459,2024-05-18 13:12:10.797788,0 days 00:00:03.643329,651,19,224,13,COMPLETE
660,660,-0.7599792072914268,0.0067264007296613335,2024-05-18 13:12:10.798785,2024-05-18 13:12:18.895806,0 days 00:00:08.097021,606,131,200,13,COMPLETE
661,661,-0.9261092702017267,0.006798354570925353,2024-05-18 13:12:18.896803,2024-05-18 13:12:24.157267,0 days 00:00:05.260464,896,24,196,13,COMPLETE
662,662,-0.7212766026243884,0.006638323963103885,2024-05-18 13:12:24.159371,2024-05-18 13:12:31.667369,0 days 00:00:07.507998,796,91,159,13,COMPLETE
663,663,-0.8165813662125748,0.006904082350405222,2024-05-18 13:12:31.669362,2024-05-18 13:12:39.392301,0 days 00:00:07.722939,238,129,244,13,COMPLETE
664,664,-0.5100207044361379,0.0062959859891264704,2024-05-18 13:12:39.393299,2024-05-18 13:12:48.878862,0 days 00:00:09.485563,690,131,244,13,COMPLETE
665,665,-0.6907746633691229,0.006476824569376892,2024-05-18 13:12:48.880856,2024-05-18 13:12:53.929037,0 days 00:00:05.048181,790,35,37,13,COMPLETE
666,666,-0.699862752677954,0.006687221984899429,2024-05-18 13:12:53.930032,2024-05-18 13:12:58.343298,0 days 00:00:04.413266,412,59,104,13,COMPLETE
667,667,-0.6410816077364924,0.00649448282595484,2024-05-18 13:12:58.345292,2024-05-18 13:13:12.949098,0 days 00:00:14.603806,958,221,285,13,COMPLETE
668,668,-0.2765340531179198,0.005715916132289701,2024-05-18 13:13:12.951176,2024-05-18 13:13:17.208716,0 days 00:00:04.257540,304,62,66,13,COMPLETE
669,669,-0.38453025800799373,0.006036891792838614,2024-05-18 13:13:17.209728,2024-05-18 13:13:20.781623,0 days 00:00:03.571895,436,36,83,13,COMPLETE
670,670,-0.6124160541830184,0.006412015721770689,2024-05-18 13:13:20.783618,2024-05-18 13:13:24.758324,0 days 00:00:03.974706,790,8,28,13,COMPLETE
671,671,-1.1705016393156324,0.007625046132839002,2024-05-18 13:13:24.759321,2024-05-18 13:13:36.003448,0 days 00:00:11.244127,958,161,182,13,COMPLETE
672,672,-0.6773237854827594,0.00664474999834648,2024-05-18 13:13:36.005444,2024-05-18 13:13:39.558870,0 days 00:00:03.553426,722,3,3,13,COMPLETE
673,673,-1.1142832346732534,0.00723693707421145,2024-05-18 13:13:39.559867,2024-05-18 13:13:47.618880,0 days 00:00:08.059013,651,122,145,13,COMPLETE
674,674,-0.5538646076092808,0.006245514732431062,2024-05-18 13:13:47.620874,2024-05-18 13:13:52.669098,0 days 00:00:05.048224,904,3,11,13,COMPLETE
675,675,-0.665325824869113,0.006448840751590271,2024-05-18 13:13:52.671093,2024-05-18 13:14:04.163599,0 days 00:00:11.492506,512,195,264,13,COMPLETE
676,676,-1.564465123257303,0.00805837351025282,2024-05-18 13:14:04.165662,2024-05-18 13:14:07.109367,0 days 00:00:02.943705,546,14,43,13,COMPLETE
677,677,-0.5829046686947121,0.006343174482562951,2024-05-18 13:14:07.111360,2024-05-18 13:14:14.596166,0 days 00:00:07.484806,796,78,291,13,COMPLETE
678,678,-0.7146620492148339,0.0067760091765098505,2024-05-18 13:14:14.598160,2024-05-18 13:14:17.404627,0 days 00:00:02.806467,599,2,11,13,COMPLETE
679,679,-0.5039952294019813,0.006201126312221883,2024-05-18 13:14:17.406622,2024-05-18 13:14:28.621557,0 days 00:00:11.214935,651,191,217,13,COMPLETE
680,680,-0.32864956764520725,0.005869610826800073,2024-05-18 13:14:28.623551,2024-05-18 13:14:36.070416,0 days 00:00:07.446865,965,69,238,13,COMPLETE
681,681,-21.158831363091664,0.01811197336145288,2024-05-18 13:14:36.072479,2024-05-18 13:14:49.497261,0 days 00:00:13.424782,412,244,288,13,COMPLETE
682,682,-1.0718720715693115,0.007371746344353533,2024-05-18 13:14:49.498230,2024-05-18 13:14:57.863713,0 days 00:00:08.365483,139,158,184,13,COMPLETE
683,683,-0.46406251799010934,0.0061214136530501105,2024-05-18 13:14:57.865708,2024-05-18 13:15:01.442944,0 days 00:00:03.577236,512,24,277,13,COMPLETE
684,684,-0.7138498912211594,0.006725745279424362,2024-05-18 13:15:01.444939,2024-05-18 13:15:04.887027,0 days 00:00:03.442088,192,40,208,13,COMPLETE
685,685,-0.24622790926720098,0.005719532566721558,2024-05-18 13:15:04.889021,2024-05-18 13:15:07.142138,0 days 00:00:02.253117,361,4,26,13,COMPLETE
686,686,-1.3471129081291182,0.00785956106944167,2024-05-18 13:15:07.144197,2024-05-18 13:15:14.989607,0 days 00:00:07.845410,976,89,93,13,COMPLETE
687,687,-0.5076350463917703,0.0060921869580577255,2024-05-18 13:15:14.991601,2024-05-18 13:15:26.155044,0 days 00:00:11.163443,436,195,272,13,COMPLETE
688,688,-1.8993822581394375,0.00848664846716089,2024-05-18 13:15:26.157039,2024-05-18 13:15:30.418787,0 days 00:00:04.261748,790,13,59,13,COMPLETE
689,689,-0.6417252072189642,0.006553384222440531,2024-05-18 13:15:30.420782,2024-05-18 13:15:36.025113,0 days 00:00:05.604331,958,35,70,13,COMPLETE
690,690,-1.1764004339688834,0.007447804692769932,2024-05-18 13:15:36.027183,2024-05-18 13:15:38.131551,0 days 00:00:02.104368,83,15,43,13,COMPLETE
691,691,-0.706892485809516,0.006590382211214825,2024-05-18 13:15:38.132547,2024-05-18 13:15:44.166242,0 days 00:00:06.033695,933,21,219,13,COMPLETE
692,692,-0.8696679341363744,0.006938775192170647,2024-05-18 13:15:44.168236,2024-05-18 13:15:52.061384,0 days 00:00:07.893148,68,131,203,13,COMPLETE
693,693,-0.6377351435210812,0.006451695580143457,2024-05-18 13:15:52.063381,2024-05-18 13:16:02.643142,0 days 00:00:10.579761,938,156,161,13,COMPLETE
694,694,-1.5939164043121776,0.007955026453452394,2024-05-18 13:16:02.645135,2024-05-18 13:16:05.169940,0 days 00:00:02.524805,361,13,23,13,COMPLETE
695,695,-0.6042318168541124,0.006418877180655142,2024-05-18 13:16:05.172030,2024-05-18 13:16:09.873509,0 days 00:00:04.701479,908,11,26,13,COMPLETE
696,696,-0.724488336478762,0.0066265666150438305,2024-05-18 13:16:09.875522,2024-05-18 13:16:17.023930,0 days 00:00:07.148408,436,117,171,13,COMPLETE
697,697,-0.7883151262791358,0.006721077844481377,2024-05-18 13:16:17.025925,2024-05-18 13:16:19.621262,0 days 00:00:02.595337,449,6,15,13,COMPLETE
698,698,-0.8160896061542875,0.006948539729842532,2024-05-18 13:16:19.623259,2024-05-18 13:16:28.179471,0 days 00:00:08.556212,958,78,236,13,COMPLETE
699,699,-0.3587654418667796,0.005983129410417879,2024-05-18 13:16:28.181465,2024-05-18 13:16:45.819733,0 days 00:00:17.638268,790,234,279,13,COMPLETE
700,700,-0.5374381197902008,0.006286090172076616,2024-05-18 13:16:45.819733,2024-05-18 13:16:54.904558,0 days 00:00:09.084825,412,137,145,14,COMPLETE
701,701,-0.5959682246633875,0.006459915770538259,2024-05-18 13:16:54.904558,2024-05-18 13:17:09.151930,0 days 00:00:14.247372,615,210,288,14,COMPLETE
702,702,-0.7291087981153106,0.006774751768547464,2024-05-18 13:17:09.151930,2024-05-18 13:17:17.804799,0 days 00:00:08.652869,424,123,238,14,COMPLETE
703,703,-0.6492687224642202,0.006537829597283854,2024-05-18 13:17:17.810783,2024-05-18 13:17:23.266438,0 days 00:00:05.455655,651,18,32,14,COMPLETE
704,704,-0.37762165793631797,0.0058926278037533175,2024-05-18 13:17:23.268432,2024-05-18 13:17:30.305561,0 days 00:00:07.037129,584,76,180,14,COMPLETE
705,705,-0.5618429420384047,0.006335693761427366,2024-05-18 13:17:30.305561,2024-05-18 13:17:36.920357,0 days 00:00:06.614796,448,72,285,14,COMPLETE
706,706,-0.5711789693986276,0.006391398796170235,2024-05-18 13:17:36.934255,2024-05-18 13:17:43.367171,0 days 00:00:06.432916,651,73,132,14,COMPLETE
707,707,-0.7002140816816682,0.006540985020126666,2024-05-18 13:17:43.367171,2024-05-18 13:17:54.322735,0 days 00:00:10.955564,857,130,224,14,COMPLETE
708,708,-0.7884064035204982,0.006675643277026105,2024-05-18 13:17:54.338316,2024-05-18 13:17:58.059950,0 days 00:00:03.721634,161,28,224,14,COMPLETE
709,709,-0.8984972440247401,0.007024085543225744,2024-05-18 13:17:58.059950,2024-05-18 13:18:12.182960,0 days 00:00:14.123010,409,191,224,14,COMPLETE
710,710,-0.20105108642537733,0.00554430273175719,2024-05-18 13:18:12.182960,2024-05-18 13:18:27.128883,0 days 00:00:14.945923,958,217,244,14,COMPLETE
711,711,-0.7685877554323699,0.006800793008166041,2024-05-18 13:18:27.128883,2024-05-18 13:18:29.142772,0 days 00:00:02.013889,79,3,53,14,COMPLETE
712,712,-0.5093668551905404,0.006183831034199318,2024-05-18 13:18:29.142772,2024-05-18 13:18:32.655486,0 days 00:00:03.512714,445,26,44,14,COMPLETE
713,713,-0.5109228882285797,0.006323617488571412,2024-05-18 13:18:32.655486,2024-05-18 13:18:35.746595,0 days 00:00:03.091109,361,17,96,14,COMPLETE
714,714,-3.7078844812964773,0.00985820799601829,2024-05-18 13:18:35.746595,2024-05-18 13:18:42.293579,0 days 00:00:06.546984,857,30,224,14,COMPLETE
715,715,-1.9063142273345364,0.00873337937476883,2024-05-18 13:18:42.295574,2024-05-18 13:18:47.471578,0 days 00:00:05.176004,738,11,28,14,COMPLETE
716,716,-0.6744066509202719,0.006527782414832412,2024-05-18 13:18:47.471578,2024-05-18 13:19:00.799696,0 days 00:00:13.328118,958,144,300,14,COMPLETE
717,717,-0.4647721162373557,0.006168756414055976,2024-05-18 13:19:00.801691,2024-05-18 13:19:03.341504,0 days 00:00:02.539813,436,1,3,14,COMPLETE
718,718,-2.284634035678208,0.00924034977714244,2024-05-18 13:19:03.354047,2024-05-18 13:19:06.046112,0 days 00:00:02.692065,211,18,86,14,COMPLETE
719,719,-0.652137067146972,0.006609801557821064,2024-05-18 13:19:06.048237,2024-05-18 13:19:09.761933,0 days 00:00:03.713696,361,17,224,14,COMPLETE
720,720,-1.1511424651281064,0.00734679387562959,2024-05-18 13:19:09.761933,2024-05-18 13:19:19.671975,0 days 00:00:09.910042,363,147,226,14,COMPLETE
721,721,-0.5505862402192774,0.006181401229318191,2024-05-18 13:19:19.671975,2024-05-18 13:19:31.537986,0 days 00:00:11.866011,790,153,191,14,COMPLETE
722,722,-0.42251387558239095,0.006054860863557845,2024-05-18 13:19:31.539980,2024-05-18 13:19:39.514619,0 days 00:00:07.974639,790,67,224,14,COMPLETE
723,723,-0.3479110650706997,0.005968080342521916,2024-05-18 13:19:39.514619,2024-05-18 13:19:45.181971,0 days 00:00:05.667352,304,76,158,14,COMPLETE
724,724,-0.5744223252526645,0.006363135528091229,2024-05-18 13:19:45.181971,2024-05-18 13:19:54.856295,0 days 00:00:09.674324,584,102,224,14,COMPLETE
725,725,-0.9992518922712593,0.007074471145000406,2024-05-18 13:19:54.859581,2024-05-18 13:20:01.999268,0 days 00:00:07.139687,62,88,224,14,COMPLETE
726,726,-0.5161516884762432,0.006140062624307258,2024-05-18 13:20:02.000266,2024-05-18 13:20:10.121440,0 days 00:00:08.121174,790,61,297,14,COMPLETE
727,727,-0.6345502643426127,0.006534807458463213,2024-05-18 13:20:10.121440,2024-05-18 13:20:13.519514,0 days 00:00:03.398074,584,2,3,14,COMPLETE
728,728,-1.9546109380552614,0.008813138360935825,2024-05-18 13:20:13.519514,2024-05-18 13:20:19.493438,0 days 00:00:05.973924,909,30,32,14,COMPLETE
729,729,-0.7101601012518117,0.0065014421117636865,2024-05-18 13:20:19.493438,2024-05-18 13:20:25.806645,0 days 00:00:06.313207,655,55,255,14,COMPLETE
730,730,-1.5904060389714572,0.007926663529325861,2024-05-18 13:20:25.806645,2024-05-18 13:20:31.646855,0 days 00:00:05.840210,942,23,180,14,COMPLETE
