,number,values_0,values_1,datetime_start,datetime_complete,duration,params_dim,params_rank,params_window_length,system_attrs_nsga2:generation,state
294,294,-23545.21146764624,0.00155468025617973,2024-05-16 13:48:04.047450,2024-05-16 13:48:08.323918,0 days 00:00:04.276468,286,1,3,5,COMPLETE
295,295,-9.404678644768348,6.121863081178984e-05,2024-05-16 13:48:08.325914,2024-05-16 13:48:12.806899,0 days 00:00:04.480985,28,29,65,5,COMPLETE
296,296,-232.20326408572515,0.0002974555979623726,2024-05-16 13:48:12.806899,2024-05-16 13:48:19.157884,0 days 00:00:06.350985,617,21,122,5,COMPLETE
297,297,-177.85137294413252,0.0002627139329437876,2024-05-16 13:48:19.159874,2024-05-16 13:48:26.682526,0 days 00:00:07.522652,625,26,63,5,COMPLETE
298,298,-6.3018695836513405,5.1078135297404256e-05,2024-05-16 13:48:26.684519,2024-05-16 13:48:31.253063,0 days 00:00:04.568544,4,32,108,5,COMPLETE
299,299,-290.0861793754299,0.0003521965393050521,2024-05-16 13:48:31.268688,2024-05-16 13:48:47.277292,0 days 00:00:16.008604,915,116,134,5,COMPLETE
300,300,-14.590939252537265,6.507706370906378e-05,2024-05-16 13:48:47.280282,2024-05-16 13:48:50.864251,0 days 00:00:03.583969,6,11,22,6,COMPLETE
301,301,-4.145830489798909,4.4100923034787e-05,2024-05-16 13:48:50.866267,2024-05-16 13:48:55.298988,0 days 00:00:04.432721,6,21,117,6,COMPLETE
302,302,-2083.551749947436,0.0006353917084905433,2024-05-16 13:48:55.298988,2024-05-16 13:49:08.633125,0 days 00:00:13.334137,796,100,129,6,COMPLETE
303,303,-5.173711789372424,4.774104587877016e-05,2024-05-16 13:49:08.633125,2024-05-16 13:49:13.676783,0 days 00:00:05.043658,10,56,116,6,COMPLETE
304,304,-606.2804009890039,0.00031557430036505406,2024-05-16 13:49:13.676783,2024-05-16 13:49:20.794758,0 days 00:00:07.117975,277,83,129,6,COMPLETE
305,305,-4.491938893141888,4.5498489408700304e-05,2024-05-16 13:49:20.794758,2024-05-16 13:49:23.306646,0 days 00:00:02.511888,6,3,13,6,COMPLETE
306,306,-6.367025806726526,4.863811562264928e-05,2024-05-16 13:49:23.306646,2024-05-16 13:49:29.985179,0 days 00:00:06.678533,4,53,117,6,COMPLETE
307,307,-16.16343176644289,8.102342548213917e-05,2024-05-16 13:49:29.985179,2024-05-16 13:49:37.648025,0 days 00:00:07.662846,267,36,163,6,COMPLETE
308,308,-4.280754638904112,4.434583519775642e-05,2024-05-16 13:49:37.651017,2024-05-16 13:49:44.644715,0 days 00:00:06.993698,6,65,117,6,COMPLETE
309,309,-21.68866370475689,9.717657337201713e-05,2024-05-16 13:49:44.644715,2024-05-16 13:49:49.927817,0 days 00:00:05.283102,162,59,111,6,COMPLETE
310,310,-9.338107587327656,5.9064553860558534e-05,2024-05-16 13:49:49.927817,2024-05-16 13:49:57.221987,0 days 00:00:07.294170,6,98,192,6,COMPLETE
311,311,-31.30888612710939,0.0001125646260014512,2024-05-16 13:49:57.221987,2024-05-16 13:50:01.411018,0 days 00:00:04.189031,105,25,25,6,COMPLETE
312,312,-3.9094853421454365,4.307363120456745e-05,2024-05-16 13:50:01.426639,2024-05-16 13:50:03.839987,0 days 00:00:02.413348,6,2,9,6,COMPLETE
313,313,-5.596341469540105,4.9136508878148555e-05,2024-05-16 13:50:03.839987,2024-05-16 13:50:06.400446,0 days 00:00:02.560459,4,6,9,6,COMPLETE
314,314,-11467.157039616914,0.0013735010900005316,2024-05-16 13:50:06.416067,2024-05-16 13:50:12.100944,0 days 00:00:05.684877,434,41,117,6,COMPLETE
315,315,-479.32755357929693,0.0002842600580919109,2024-05-16 13:50:12.100944,2024-05-16 13:50:16.208827,0 days 00:00:04.107883,274,19,111,6,COMPLETE
316,316,-5.460169255964932,4.942408038950443e-05,2024-05-16 13:50:16.210822,2024-05-16 13:50:18.538090,0 days 00:00:02.327268,21,3,71,6,COMPLETE
317,317,-11.87491341039684,7.074621241692367e-05,2024-05-16 13:50:18.540082,2024-05-16 13:50:23.283242,0 days 00:00:04.743160,36,51,131,6,COMPLETE
318,318,-7.64902628482582,5.355360728575357e-05,2024-05-16 13:50:23.283242,2024-05-16 13:50:26.072847,0 days 00:00:02.789605,6,15,24,6,COMPLETE
319,319,-3.781692354352324,3.929289298576891e-05,2024-05-16 13:50:26.072847,2024-05-16 13:50:36.729609,0 days 00:00:10.656762,6,153,199,6,COMPLETE
320,320,-405.66037889911433,0.00039865562057047455,2024-05-16 13:50:36.731604,2024-05-16 13:50:49.099084,0 days 00:00:12.367480,761,79,149,6,COMPLETE
321,321,-7180.444682881396,0.0010589911798431517,2024-05-16 13:50:49.114707,2024-05-16 13:51:00.296439,0 days 00:00:11.181732,905,46,157,6,COMPLETE
322,322,-152.65208733483126,0.0001830496309337857,2024-05-16 13:51:00.299433,2024-05-16 13:51:04.469602,0 days 00:00:04.170169,225,1,3,6,COMPLETE
323,323,-4.543141941403844,4.570407887964214e-05,2024-05-16 13:51:04.471596,2024-05-16 13:51:07.207864,0 days 00:00:02.736268,6,5,13,6,COMPLETE
324,324,-303.305750592823,0.00034918879419018167,2024-05-16 13:51:07.210856,2024-05-16 13:51:18.274201,0 days 00:00:11.063345,651,21,25,6,COMPLETE
325,325,-5.097303527421957,4.7850119921440275e-05,2024-05-16 13:51:18.276195,2024-05-16 13:51:23.643516,0 days 00:00:05.367321,6,47,88,6,COMPLETE
326,326,-7.620585654636933,5.4799505955915505e-05,2024-05-16 13:51:23.645511,2024-05-16 13:51:27.079558,0 days 00:00:03.434047,19,14,25,6,COMPLETE
327,327,-7110.73558797244,0.0011105111432080637,2024-05-16 13:51:27.081552,2024-05-16 13:51:38.692780,0 days 00:00:11.611228,992,24,129,6,COMPLETE
328,328,-4.72830141013739,4.624230878325222e-05,2024-05-16 13:51:38.696771,2024-05-16 13:51:48.253059,0 days 00:00:09.556288,6,132,150,6,COMPLETE
329,329,-4.365405910357052,4.48072322592521e-05,2024-05-16 13:51:48.255054,2024-05-16 13:51:54.429116,0 days 00:00:06.174062,4,99,117,6,COMPLETE
330,330,-781.4314214112622,0.00045255605448244406,2024-05-16 13:51:54.430114,2024-05-16 13:52:04.533497,0 days 00:00:10.103383,979,52,68,6,COMPLETE
331,331,-14539327.45296746,0.03613220049611301,2024-05-16 13:52:04.534495,2024-05-16 13:52:13.941612,0 days 00:00:09.407117,989,4,129,6,COMPLETE
332,332,-151195.23983378528,0.0039793630993288755,2024-05-16 13:52:13.943607,2024-05-16 13:52:18.821484,0 days 00:00:04.877877,299,19,129,6,COMPLETE
333,333,-17972.018838930628,0.0018592863539402527,2024-05-16 13:52:18.823480,2024-05-16 13:52:24.663004,0 days 00:00:05.839524,565,35,98,6,COMPLETE
334,334,-3.467725133299198,3.981398263499769e-05,2024-05-16 13:52:24.664002,2024-05-16 13:52:31.586616,0 days 00:00:06.922614,6,106,152,6,COMPLETE
335,335,-1555.039008573633,0.0005714027414581486,2024-05-16 13:52:31.589610,2024-05-16 13:52:40.432586,0 days 00:00:08.842976,701,49,98,6,COMPLETE
336,336,-4.010564313685537,4.2999509003258555e-05,2024-05-16 13:52:40.434581,2024-05-16 13:52:43.585714,0 days 00:00:03.151133,6,27,49,6,COMPLETE
337,337,-13.279971763197732,6.557036279171487e-05,2024-05-16 13:52:43.586712,2024-05-16 13:52:47.329614,0 days 00:00:03.742902,6,28,122,6,COMPLETE
338,338,-452.52451617616396,0.0003358458570294169,2024-05-16 13:52:47.331610,2024-05-16 13:52:55.558291,0 days 00:00:08.226681,513,81,90,6,COMPLETE
339,339,-2150.857181524117,0.0006113387477044702,2024-05-16 13:52:55.560285,2024-05-16 13:53:03.545011,0 days 00:00:07.984726,591,81,110,6,COMPLETE
340,340,-5.2736675307826495,4.853440865102748e-05,2024-05-16 13:53:03.547512,2024-05-16 13:53:06.112743,0 days 00:00:02.565231,6,8,94,6,COMPLETE
341,341,-391063.19682513183,0.006379632854050517,2024-05-16 13:53:06.114738,2024-05-16 13:53:21.929200,0 days 00:00:15.814462,923,70,144,6,COMPLETE
342,342,-16.67246401915764,8.489192594261993e-05,2024-05-16 13:53:21.933193,2024-05-16 13:53:27.762239,0 days 00:00:05.829046,201,35,122,6,COMPLETE
343,343,-219.88673972295845,0.00030315485963889455,2024-05-16 13:53:27.765230,2024-05-16 13:53:35.836273,0 days 00:00:08.071043,942,9,18,6,COMPLETE
344,344,-3.2435045046037536,3.966130718892638e-05,2024-05-16 13:53:35.837270,2024-05-16 13:53:41.646758,0 days 00:00:05.809488,6,85,95,6,COMPLETE
345,345,-16.40223538097559,8.320874134418888e-05,2024-05-16 13:53:41.648720,2024-05-16 13:53:45.841421,0 days 00:00:04.192701,234,9,24,6,COMPLETE
346,346,-7296.8478878287615,0.0008599373806766634,2024-05-16 13:53:45.843416,2024-05-16 13:53:55.153482,0 days 00:00:09.310066,117,136,141,6,COMPLETE
347,347,-284.50451302453877,0.0003537140629129705,2024-05-16 13:53:55.155477,2024-05-16 13:54:06.363568,0 days 00:00:11.208091,1000,41,52,6,COMPLETE
348,348,-3.2545770452200307,3.810776773909129e-05,2024-05-16 13:54:06.363568,2024-05-16 13:54:09.656249,0 days 00:00:03.292681,8,14,16,6,COMPLETE
349,349,-5240.52919862847,0.0010124707654347825,2024-05-16 13:54:09.658209,2024-05-16 13:54:20.689497,0 days 00:00:11.031288,926,47,144,6,COMPLETE
350,350,-117.04036398319138,0.0001909239386903772,2024-05-16 13:54:20.692318,2024-05-16 14:05:21.690089,0 days 00:11:00.997771,474,110,114,7,COMPLETE
351,351,-34.525865495751056,0.00011904034865286106,2024-05-16 14:05:21.692084,2024-05-16 14:05:29.059757,0 days 00:00:07.367673,384,49,79,7,COMPLETE
352,352,-18.446721345285823,9.086799120399945e-05,2024-05-16 14:05:29.061750,2024-05-16 14:05:42.079642,0 days 00:00:13.017892,71,133,187,7,COMPLETE
353,353,-3.491703371654893,4.025466959610993e-05,2024-05-16 14:05:42.079642,2024-05-16 14:05:46.047325,0 days 00:00:03.967683,8,13,16,7,COMPLETE
354,354,-17.49721562757065,8.773321142016837e-05,2024-05-16 14:05:46.050318,2024-05-16 14:05:58.508157,0 days 00:00:12.457839,77,121,163,7,COMPLETE
355,355,-3.8817634357847304,4.2867521070209816e-05,2024-05-16 14:05:58.508157,2024-05-16 14:06:01.584637,0 days 00:00:03.076480,6,4,90,7,COMPLETE
356,356,-4.4316711586346,4.526567399191293e-05,2024-05-16 14:06:01.587628,2024-05-16 14:06:06.126969,0 days 00:00:04.539341,6,29,84,7,COMPLETE
357,357,-90.81028617298591,0.000158954805260175,2024-05-16 14:06:06.131542,2024-05-16 14:06:12.945899,0 days 00:00:06.814357,74,78,165,7,COMPLETE
358,358,-5.429000252161854,4.80260072918004e-05,2024-05-16 14:06:12.948891,2024-05-16 14:06:15.501685,0 days 00:00:02.552794,6,2,3,7,COMPLETE
359,359,-1022334.4565502343,0.010344178306068067,2024-05-16 14:06:15.501685,2024-05-16 14:06:25.287966,0 days 00:00:09.786281,823,35,170,7,COMPLETE
360,360,-53758.12910999139,0.0030883736787708773,2024-05-16 14:06:25.304064,2024-05-16 14:06:33.686754,0 days 00:00:08.382690,145,122,129,7,COMPLETE
361,361,-6.721912366022994,4.955056314887524e-05,2024-05-16 14:06:33.687751,2024-05-16 14:06:37.013046,0 days 00:00:03.325295,10,16,90,7,COMPLETE
362,362,-98.74438733711318,0.00012411961366639709,2024-05-16 14:06:37.013046,2024-05-16 14:06:41.235647,0 days 00:00:04.222601,6,46,49,7,COMPLETE
363,363,-5117.103766763274,0.0009327158955411269,2024-05-16 14:06:41.236646,2024-05-16 14:06:49.533524,0 days 00:00:08.296878,907,15,16,7,COMPLETE
364,364,-5.4340925297858265,4.84913840321707e-05,2024-05-16 14:06:49.533524,2024-05-16 14:06:53.281134,0 days 00:00:03.747610,6,39,117,7,COMPLETE
365,365,-9.26761826070345,6.311123078220319e-05,2024-05-16 14:06:53.283127,2024-05-16 14:07:00.694077,0 days 00:00:07.410950,38,105,124,7,COMPLETE
366,366,-286.0558313614923,0.00032698441032845795,2024-05-16 14:07:00.694077,2024-05-16 14:07:07.422152,0 days 00:00:06.728075,616,39,66,7,COMPLETE
367,367,-4.54268058683939,4.359109515648019e-05,2024-05-16 14:07:07.424147,2024-05-16 14:07:11.713699,0 days 00:00:04.289552,6,34,129,7,COMPLETE
368,368,-2950.0533035720555,0.0006410694524934365,2024-05-16 14:07:11.729320,2024-05-16 14:07:19.110921,0 days 00:00:07.381601,522,59,130,7,COMPLETE
369,369,-11.270182088719517,5.37520149384209e-05,2024-05-16 14:07:19.110921,2024-05-16 14:07:25.969464,0 days 00:00:06.858543,6,73,107,7,COMPLETE
370,370,-212.56833210988324,0.0003068103040113351,2024-05-16 14:07:25.969464,2024-05-16 14:07:37.955791,0 days 00:00:11.986327,703,110,129,7,COMPLETE
371,371,-42.821084688520955,8.929426974198742e-05,2024-05-16 14:07:37.955791,2024-05-16 14:07:43.317388,0 days 00:00:05.361597,6,52,62,7,COMPLETE
372,372,-200675.14345224234,0.006220928049359744,2024-05-16 14:07:43.317388,2024-05-16 14:07:49.989370,0 days 00:00:06.671982,530,62,167,7,COMPLETE
373,373,-3.568284939695245,4.02577809152326e-05,2024-05-16 14:07:49.989370,2024-05-16 14:07:53.989226,0 days 00:00:03.999856,6,36,67,7,COMPLETE
374,374,-3.6384641698899705,4.130517926142652e-05,2024-05-16 14:07:53.989226,2024-05-16 14:07:57.555825,0 days 00:00:03.566599,6,17,24,7,COMPLETE
375,375,-4.43513146937101,4.516641310996554e-05,2024-05-16 14:07:57.557820,2024-05-16 14:08:00.390042,0 days 00:00:02.832222,4,16,94,7,COMPLETE
376,376,-85.06996164842647,0.0001845868948663319,2024-05-16 14:08:00.392702,2024-05-16 14:08:08.908580,0 days 00:00:08.515878,475,66,180,7,COMPLETE
377,377,-4.347779402415398,4.357784909852999e-05,2024-05-16 14:08:08.910575,2024-05-16 14:08:16.282761,0 days 00:00:07.372186,6,109,112,7,COMPLETE
378,378,-4.4072095309947485,4.475659321125836e-05,2024-05-16 14:08:16.282761,2024-05-16 14:08:20.130756,0 days 00:00:03.847995,6,41,57,7,COMPLETE
379,379,-460.16917311473026,0.00040746992942015963,2024-05-16 14:08:20.130756,2024-05-16 14:08:38.435483,0 days 00:00:18.304727,780,161,169,7,COMPLETE
380,380,-26904.65302820665,0.0020188454494483683,2024-05-16 14:08:38.437477,2024-05-16 14:08:42.987572,0 days 00:00:04.550095,566,7,118,7,COMPLETE
381,381,-503.5758308664198,0.00044980227601025037,2024-05-16 14:08:42.989735,2024-05-16 14:08:51.807357,0 days 00:00:08.817622,875,28,129,7,COMPLETE
382,382,-5.394614593323546,4.7644868893988626e-05,2024-05-16 14:08:51.807357,2024-05-16 14:08:55.696552,0 days 00:00:03.889195,6,44,63,7,COMPLETE
383,383,-6.310924879351599,5.09399118829412e-05,2024-05-16 14:08:55.696552,2024-05-16 14:08:58.581365,0 days 00:00:02.884813,21,6,27,7,COMPLETE
384,384,-1126.933229905113,0.0005536129017259657,2024-05-16 14:08:58.596985,2024-05-16 14:09:09.712948,0 days 00:00:11.115963,968,68,77,7,COMPLETE
385,385,-7.788967803593879,5.469154212497727e-05,2024-05-16 14:09:09.712948,2024-05-16 14:09:15.430197,0 days 00:00:05.717249,6,82,168,7,COMPLETE
386,386,-228.19982296392897,0.0002530576946666725,2024-05-16 14:09:15.430197,2024-05-16 14:09:20.839909,0 days 00:00:05.409712,383,33,174,7,COMPLETE
387,387,-199.2153892764868,0.0002862292779893276,2024-05-16 14:09:20.839909,2024-05-16 14:09:25.291607,0 days 00:00:04.451698,600,4,8,7,COMPLETE
388,388,-23.80821755257982,0.00010295942442288852,2024-05-16 14:09:25.293602,2024-05-16 14:09:30.101766,0 days 00:00:04.808164,258,43,48,7,COMPLETE
389,389,-15427.460161912055,0.0017290103828198938,2024-05-16 14:09:30.101766,2024-05-16 14:09:37.525516,0 days 00:00:07.423750,517,85,119,7,COMPLETE
390,390,-554.8137217583337,0.00043922993609807825,2024-05-16 14:09:37.527510,2024-05-16 14:09:46.445169,0 days 00:00:08.917659,937,35,150,7,COMPLETE
391,391,-3.9635491296041763,4.197724778841359e-05,2024-05-16 14:09:46.445169,2024-05-16 14:09:50.060124,0 days 00:00:03.614955,10,34,44,7,COMPLETE
392,392,-11010.05397569821,0.0010739388397844683,2024-05-16 14:09:50.060124,2024-05-16 14:09:56.737861,0 days 00:00:06.677737,237,73,95,7,COMPLETE
393,393,-57.0130023573073,0.00014720955425075465,2024-05-16 14:09:56.753484,2024-05-16 14:10:02.180812,0 days 00:00:05.427328,359,19,37,7,COMPLETE
394,394,-171.4031093241254,0.00027634630530557505,2024-05-16 14:10:02.180812,2024-05-16 14:10:07.559544,0 days 00:00:05.378732,571,32,117,7,COMPLETE
395,395,-281.71767171610105,0.00034494962098682993,2024-05-16 14:10:07.560582,2024-05-16 14:10:14.098344,0 days 00:00:06.537762,656,13,16,7,COMPLETE
396,396,-3.353545048339857,3.858488885140968e-05,2024-05-16 14:10:14.098344,2024-05-16 14:10:17.000214,0 days 00:00:02.901870,6,19,56,7,COMPLETE
397,397,-4.457588758971982,4.535838413889947e-05,2024-05-16 14:10:17.000214,2024-05-16 14:10:20.120263,0 days 00:00:03.120049,4,22,144,7,COMPLETE
398,398,-11.735030329604289,6.612028184272187e-05,2024-05-16 14:10:20.120263,2024-05-16 14:10:29.006687,0 days 00:00:08.886424,343,99,129,7,COMPLETE
399,399,-254702.06394443935,0.005105893744775548,2024-05-16 14:10:29.006687,2024-05-16 14:10:44.164188,0 days 00:00:15.157501,980,137,162,7,COMPLETE
400,400,-5.108660129687924,4.689685376258646e-05,2024-05-16 14:10:44.164188,2024-05-16 14:10:46.799603,0 days 00:00:02.635415,6,8,10,8,COMPLETE
401,401,-10540.961114671392,0.0011582776770400738,2024-05-16 14:10:46.799603,2024-05-16 14:10:51.029971,0 days 00:00:04.230368,573,8,24,8,COMPLETE
402,402,-12.623749616648094,6.187181836553463e-05,2024-05-16 14:10:51.029971,2024-05-16 14:10:59.806070,0 days 00:00:08.776099,21,142,159,8,COMPLETE
403,403,-4810.939461037641,0.0009048145310785614,2024-05-16 14:10:59.806070,2024-05-16 14:11:06.214450,0 days 00:00:06.408380,658,4,8,8,COMPLETE
404,404,-5.225389202227484,4.831069063265132e-05,2024-05-16 14:11:06.214450,2024-05-16 14:11:11.075125,0 days 00:00:04.860675,4,67,122,8,COMPLETE
405,405,-21109.454486530292,0.002100683386824404,2024-05-16 14:11:11.090747,2024-05-16 14:11:20.636984,0 days 00:00:09.546237,833,43,151,8,COMPLETE
406,406,-9.79627518344589,5.872235081246426e-05,2024-05-16 14:11:20.636984,2024-05-16 14:11:24.500458,0 days 00:00:03.863474,229,24,127,8,COMPLETE
407,407,-5.617314984526611,4.9547002888958866e-05,2024-05-16 14:11:24.500458,2024-05-16 14:11:31.035712,0 days 00:00:06.535254,6,106,131,8,COMPLETE
408,408,-4.485601560220499,4.540915001739995e-05,2024-05-16 14:11:31.035712,2024-05-16 14:11:33.368048,0 days 00:00:02.332336,6,7,13,8,COMPLETE
409,409,-4.184451580515793,4.419132003487374e-05,2024-05-16 14:11:33.368048,2024-05-16 14:11:38.703723,0 days 00:00:05.335675,6,72,199,8,COMPLETE
410,410,-235.99775437940207,0.0003241150352082477,2024-05-16 14:11:38.703723,2024-05-16 14:11:50.390721,0 days 00:00:11.686998,719,111,122,8,COMPLETE
411,411,-14904.390212808643,0.0015468431248149563,2024-05-16 14:11:50.390721,2024-05-16 14:12:01.768772,0 days 00:00:11.378051,816,107,113,8,COMPLETE
412,412,-2752.7234083252447,0.0005719994555297256,2024-05-16 14:12:01.768772,2024-05-16 14:12:05.450312,0 days 00:00:03.681540,105,15,16,8,COMPLETE
413,413,-2755.54084830647,0.0007396819461943416,2024-05-16 14:12:05.450312,2024-05-16 14:12:11.457379,0 days 00:00:06.007067,221,55,169,8,COMPLETE
414,414,-24.568491598285043,0.00010237341103112693,2024-05-16 14:12:11.472999,2024-05-16 14:12:17.033763,0 days 00:00:05.560764,307,40,45,8,COMPLETE
415,415,-7.517599068103953,5.123793279453721e-05,2024-05-16 14:12:17.033763,2024-05-16 14:12:19.693382,0 days 00:00:02.659619,6,4,117,8,COMPLETE
416,416,-5.809593625900775,4.9017910001856646e-05,2024-05-16 14:12:19.696291,2024-05-16 14:12:22.421931,0 days 00:00:02.725640,6,11,24,8,COMPLETE
417,417,-6781.704900877087,0.0010699230551845327,2024-05-16 14:12:22.424120,2024-05-16 14:12:27.337873,0 days 00:00:04.913753,539,1,3,8,COMPLETE
418,418,-18.45603307490157,6.485124244241675e-05,2024-05-16 14:12:27.337873,2024-05-16 14:12:33.804153,0 days 00:00:06.466280,6,107,129,8,COMPLETE
419,419,-86.7942488346886,0.00015937899163860863,2024-05-16 14:12:33.819800,2024-05-16 14:12:38.164630,0 days 00:00:04.344830,407,1,24,8,COMPLETE
420,420,-3.174011984004307,3.920004905425139e-05,2024-05-16 14:12:38.164630,2024-05-16 14:12:44.724775,0 days 00:00:06.560145,6,98,129,8,COMPLETE
421,421,-1671.4275666843362,0.0005641874058478541,2024-05-16 14:12:44.724775,2024-05-16 14:12:51.544341,0 days 00:00:06.819566,615,27,62,8,COMPLETE
422,422,-273.82906225201845,0.0003250365785024063,2024-05-16 14:12:51.544341,2024-05-16 14:12:59.135826,0 days 00:00:07.591485,714,5,117,8,COMPLETE
423,423,-378.42070909369795,0.0002506154522917002,2024-05-16 14:12:59.135826,2024-05-16 14:13:03.638422,0 days 00:00:04.502596,272,19,24,8,COMPLETE
424,424,-26.857215454052902,0.00010775511340334258,2024-05-16 14:13:03.638422,2024-05-16 14:13:07.930273,0 days 00:00:04.291851,115,31,122,8,COMPLETE
425,425,-14926.432584949222,0.001566873951807899,2024-05-16 14:13:07.930273,2024-05-16 14:13:17.830337,0 days 00:00:09.900064,997,19,117,8,COMPLETE
426,426,-25.254594335303306,8.118878426479197e-05,2024-05-16 14:13:17.830337,2024-05-16 14:13:21.000408,0 days 00:00:03.170071,6,22,180,8,COMPLETE
427,427,-4.233913201955849,4.374702434939385e-05,2024-05-16 14:13:21.000408,2024-05-16 14:13:25.708109,0 days 00:00:04.707701,8,60,93,8,COMPLETE
428,428,-6842.454817540117,0.0009320259332885174,2024-05-16 14:13:25.708109,2024-05-16 14:13:30.143450,0 days 00:00:04.435341,465,1,154,8,COMPLETE
429,429,-6.535168610535858,5.115463650943845e-05,2024-05-16 14:13:30.143450,2024-05-16 14:13:32.574066,0 days 00:00:02.430616,6,3,3,8,COMPLETE
430,430,-74.508162657225,0.00010632996820773331,2024-05-16 14:13:32.589687,2024-05-16 14:13:37.236044,0 days 00:00:04.646357,4,63,72,8,COMPLETE
431,431,-12.423280459179253,6.125919392956643e-05,2024-05-16 14:13:37.236044,2024-05-16 14:13:40.769264,0 days 00:00:03.533220,6,27,29,8,COMPLETE
432,432,-348.2535941308887,0.0003566839107440586,2024-05-16 14:13:40.769264,2024-05-16 14:13:49.439976,0 days 00:00:08.670712,709,3,157,8,COMPLETE
433,433,-4.875618377635961,4.704687003141766e-05,2024-05-16 14:13:49.439976,2024-05-16 14:13:52.419684,0 days 00:00:02.979708,10,1,44,8,COMPLETE
434,434,-23.76232242523515,9.656938338412627e-05,2024-05-16 14:13:52.419684,2024-05-16 14:13:56.351604,0 days 00:00:03.931920,77,3,9,8,COMPLETE
435,435,-220.51850695697266,0.00030552421745371996,2024-05-16 14:13:56.368082,2024-05-16 14:14:07.560559,0 days 00:00:11.192477,691,61,199,8,COMPLETE
436,436,-31.110796897201446,0.00010999849968990394,2024-05-16 14:14:07.560559,2024-05-16 14:14:11.911208,0 days 00:00:04.350649,248,27,115,8,COMPLETE
437,437,-5.211612455768348,4.015897528599236e-05,2024-05-16 14:14:11.927897,2024-05-16 14:14:15.923232,0 days 00:00:03.995335,6,46,49,8,COMPLETE
438,438,-3.544704268115902,4.0468605446406104e-05,2024-05-16 14:14:15.925594,2024-05-16 14:14:18.913428,0 days 00:00:02.987834,6,22,62,8,COMPLETE
439,439,-4.186560121028148,4.1431042628793145e-05,2024-05-16 14:14:18.913428,2024-05-16 14:14:27.420864,0 days 00:00:08.507436,6,137,152,8,COMPLETE
440,440,-76.91548132512753,0.00017936413449784526,2024-05-16 14:14:27.436486,2024-05-16 14:14:33.967157,0 days 00:00:06.530671,458,77,117,8,COMPLETE
