,number,values_0,values_1,datetime_start,datetime_complete,duration,params_dim,params_rank,params_window_length,system_attrs_nsga2:generation,state
734,734,-2199.101095183384,0.00028231172462336114,2024-05-16 15:14:20.912150,2024-05-16 15:14:25.674718,0 days 00:00:04.762568,6,64,73,14,COMPLETE
735,735,-119984.29965304816,0.0035959539413524867,2024-05-16 15:14:25.677731,2024-05-16 15:14:36.068403,0 days 00:00:10.390672,981,28,140,14,COMPLETE
736,736,-2961.9310348273602,0.0006479259282161899,2024-05-16 15:14:36.068403,2024-05-16 15:14:41.159754,0 days 00:00:05.091351,397,2,88,14,COMPLETE
737,737,-4.904359275468311,4.477339976373204e-05,2024-05-16 15:14:41.159754,2024-05-16 15:14:48.735993,0 days 00:00:07.576239,6,116,142,14,COMPLETE
738,738,-16.980793885583388,8.636671920169568e-05,2024-05-16 15:14:48.737989,2024-05-16 15:14:54.864927,0 days 00:00:06.126938,294,63,77,14,COMPLETE
739,739,-80.21875425532403,0.00015338363585589194,2024-05-16 15:14:54.866952,2024-05-16 15:15:01.217550,0 days 00:00:06.350598,248,74,79,14,COMPLETE
740,740,-20830.858778150985,0.0024208257496356397,2024-05-16 15:15:01.217550,2024-05-16 15:15:09.577684,0 days 00:00:08.360134,611,82,150,14,COMPLETE
741,741,-6.989003600552638,5.3938974296989005e-05,2024-05-16 15:15:09.577684,2024-05-16 15:15:17.527411,0 days 00:00:07.949727,6,135,152,14,COMPLETE
742,742,-179.12191459736277,0.0002608064220476843,2024-05-16 15:15:17.527411,2024-05-16 15:15:32.401847,0 days 00:00:14.874436,796,161,187,14,COMPLETE
743,743,-5.015600010385182,4.7529081054158745e-05,2024-05-16 15:15:32.401847,2024-05-16 15:15:36.052114,0 days 00:00:03.650267,6,33,168,14,COMPLETE
744,744,-5.434317431763658,4.9194462225703924e-05,2024-05-16 15:15:36.052114,2024-05-16 15:15:40.064144,0 days 00:00:04.012030,6,47,77,14,COMPLETE
745,745,-156.31273101940175,0.0002501318210982692,2024-05-16 15:15:40.064144,2024-05-16 15:15:44.922497,0 days 00:00:04.858353,599,4,17,14,COMPLETE
746,746,-7.212298870036504,5.5127364873773186e-05,2024-05-16 15:15:44.922497,2024-05-16 15:15:48.609708,0 days 00:00:03.687211,6,37,52,14,COMPLETE
747,747,-5.360875108475026,4.835883063610481e-05,2024-05-16 15:15:48.609708,2024-05-16 15:15:55.747114,0 days 00:00:07.137406,6,109,117,14,COMPLETE
748,748,-6.110836935907104,4.8866558080031714e-05,2024-05-16 15:15:55.747114,2024-05-16 15:15:59.105564,0 days 00:00:03.358450,6,26,58,14,COMPLETE
749,749,-4.281298877829532,4.462023361276039e-05,2024-05-16 15:15:59.105564,2024-05-16 15:16:07.102887,0 days 00:00:07.997323,6,132,146,14,COMPLETE
750,750,-18.926248854337278,7.881072623989048e-05,2024-05-16 15:16:07.102887,2024-05-16 15:16:13.235256,0 days 00:00:06.132369,347,51,62,15,COMPLETE
751,751,-142.94391128155198,0.00022743791495779018,2024-05-16 15:16:13.250878,2024-05-16 15:16:19.724910,0 days 00:00:06.474032,448,56,62,15,COMPLETE
752,752,-3.0055148581638202,3.633303476273775e-05,2024-05-16 15:16:19.726905,2024-05-16 15:16:28.089600,0 days 00:00:08.362695,6,147,157,15,COMPLETE
753,753,-16.39216307057969,7.368252279430935e-05,2024-05-16 15:16:28.089600,2024-05-16 15:16:31.926951,0 days 00:00:03.837351,294,10,15,15,COMPLETE
754,754,-2100.4376942395515,0.0006854686537265293,2024-05-16 15:16:31.926951,2024-05-16 15:16:39.708461,0 days 00:00:07.781510,836,5,62,15,COMPLETE
755,755,-5.819412831958051,5.009073934873459e-05,2024-05-16 15:16:39.708461,2024-05-16 15:16:42.358585,0 days 00:00:02.650124,4,16,16,15,COMPLETE
756,756,-4.716255366898558,4.605876203532387e-05,2024-05-16 15:16:42.360548,2024-05-16 15:16:50.959165,0 days 00:00:08.598617,6,144,145,15,COMPLETE
757,757,-4.416298146045369,4.507161700039897e-05,2024-05-16 15:16:50.959165,2024-05-16 15:16:53.892665,0 days 00:00:02.933500,6,20,144,15,COMPLETE
758,758,-4.877611711140293,4.701717015934108e-05,2024-05-16 15:16:53.892665,2024-05-16 15:17:01.914888,0 days 00:00:08.022223,6,132,200,15,COMPLETE
759,759,-219.44662944164142,0.0003036438408487935,2024-05-16 15:17:01.914888,2024-05-16 15:17:07.644940,0 days 00:00:05.730052,567,29,57,15,COMPLETE
760,760,-161614.47486489033,0.004417938866267152,2024-05-16 15:17:07.644940,2024-05-16 15:17:14.451274,0 days 00:00:06.806334,771,8,77,15,COMPLETE
761,761,-3.0083721526226253,3.5581940022829335e-05,2024-05-16 15:17:14.451274,2024-05-16 15:17:18.203620,0 days 00:00:03.752346,4,23,28,15,COMPLETE
762,762,-7.490245293107037,5.460308213731758e-05,2024-05-16 15:17:18.219244,2024-05-16 15:17:21.388352,0 days 00:00:03.169108,6,28,77,15,COMPLETE
763,763,-3.5930181603041205,4.1462155901447666e-05,2024-05-16 15:17:21.388352,2024-05-16 15:17:24.938990,0 days 00:00:03.550638,6,37,66,15,COMPLETE
764,764,-3.912632048250349,4.2415533381171905e-05,2024-05-16 15:17:24.938990,2024-05-16 15:17:28.518940,0 days 00:00:03.579950,6,35,77,15,COMPLETE
765,765,-26.77047705819882,7.371200362018266e-05,2024-05-16 15:17:28.518940,2024-05-16 15:17:31.303015,0 days 00:00:02.784075,6,8,12,15,COMPLETE
766,766,-20.394274368211036,9.487347006438132e-05,2024-05-16 15:17:31.304975,2024-05-16 15:17:36.410591,0 days 00:00:05.105616,249,48,56,15,COMPLETE
767,767,-998.3868064967035,0.0003796715252420606,2024-05-16 15:17:36.412584,2024-05-16 15:17:40.443668,0 days 00:00:04.031084,377,12,71,15,COMPLETE
768,768,-6.615542308276844,5.1846711172296994e-05,2024-05-16 15:17:40.443668,2024-05-16 15:17:44.473641,0 days 00:00:04.029973,6,40,77,15,COMPLETE
769,769,-4.921054135677709,4.710299486623011e-05,2024-05-16 15:17:44.475636,2024-05-16 15:17:46.843795,0 days 00:00:02.368159,6,2,28,15,COMPLETE
770,770,-4310.923932170017,0.0008714805071399894,2024-05-16 15:17:46.845789,2024-05-16 15:17:54.549588,0 days 00:00:07.703799,772,44,117,15,COMPLETE
771,771,-5.117810325669455,4.768097823937131e-05,2024-05-16 15:17:54.551583,2024-05-16 15:18:04.670931,0 days 00:00:10.119348,10,171,175,15,COMPLETE
772,772,-367.88416553452066,0.00026213480235861045,2024-05-16 15:18:04.670931,2024-05-16 15:18:12.720582,0 days 00:00:08.049651,275,104,163,15,COMPLETE
773,773,-37826.99463079503,0.0020350557228591493,2024-05-16 15:18:12.720582,2024-05-16 15:18:17.257084,0 days 00:00:04.536502,480,14,16,15,COMPLETE
774,774,-111.38661188458107,0.0001627344206411152,2024-05-16 15:18:17.259079,2024-05-16 15:18:20.663344,0 days 00:00:03.404265,209,4,18,15,COMPLETE
775,775,-6918.69720398795,0.0010706505322082647,2024-05-16 15:18:20.663344,2024-05-16 15:18:29.220832,0 days 00:00:08.557488,993,16,44,15,COMPLETE
776,776,-3.660559756442388,4.1792960363893765e-05,2024-05-16 15:18:29.220832,2024-05-16 15:18:32.024387,0 days 00:00:02.803555,8,15,49,15,COMPLETE
777,777,-16.492281216115522,7.934085008998764e-05,2024-05-16 15:18:32.024387,2024-05-16 15:18:40.050518,0 days 00:00:08.026131,143,119,145,15,COMPLETE
778,778,-679738.5819324139,0.007834897056929803,2024-05-16 15:18:40.050518,2024-05-16 15:18:45.710432,0 days 00:00:05.659914,305,45,90,15,COMPLETE
779,779,-22.310000169276087,9.682656586742759e-05,2024-05-16 15:18:45.726019,2024-05-16 15:18:49.332848,0 days 00:00:03.606829,289,7,90,15,COMPLETE
780,780,-10308.71622579938,0.001331064905277919,2024-05-16 15:18:49.333972,2024-05-16 15:18:59.362108,0 days 00:00:10.028136,897,44,77,15,COMPLETE
781,781,-4.251097598289571,4.422279760084815e-05,2024-05-16 15:18:59.362108,2024-05-16 15:19:06.591864,0 days 00:00:07.229756,6,116,121,15,COMPLETE
782,782,-4.638593497560646,4.615686519305382e-05,2024-05-16 15:19:06.593861,2024-05-16 15:19:08.904304,0 days 00:00:02.310443,6,2,163,15,COMPLETE
783,783,-195.71917271031114,0.0002914257455162047,2024-05-16 15:19:08.904304,2024-05-16 15:19:15.408004,0 days 00:00:06.503700,742,20,28,15,COMPLETE
784,784,-6.7354859410416505,5.0320270402134555e-05,2024-05-16 15:19:15.408004,2024-05-16 15:19:18.820487,0 days 00:00:03.412483,6,25,77,15,COMPLETE
785,785,-3.9859092138339705,4.335777096538535e-05,2024-05-16 15:19:18.820487,2024-05-16 15:19:20.961598,0 days 00:00:02.141111,6,2,21,15,COMPLETE
786,786,-85.73038670635808,0.0001951397823447985,2024-05-16 15:19:20.962564,2024-05-16 15:19:26.152630,0 days 00:00:05.190066,458,5,95,15,COMPLETE
787,787,-4.477285947896936,4.538775190080864e-05,2024-05-16 15:19:26.154589,2024-05-16 15:19:34.880304,0 days 00:00:08.725715,6,147,193,15,COMPLETE
788,788,-16.28877394997905,6.690909829587474e-05,2024-05-16 15:19:34.880304,2024-05-16 15:19:36.849564,0 days 00:00:01.969260,6,1,62,15,COMPLETE
789,789,-4.603021516457952,4.558949960138498e-05,2024-05-16 15:19:36.850582,2024-05-16 15:19:47.082044,0 days 00:00:10.231462,6,176,179,15,COMPLETE
790,790,-3747.893137430562,0.0009908328736279832,2024-05-16 15:19:47.084007,2024-05-16 15:19:55.852230,0 days 00:00:08.768223,790,59,123,15,COMPLETE
791,791,-4.088307158601553,4.377493607290201e-05,2024-05-16 15:19:55.852230,2024-05-16 15:19:58.422034,0 days 00:00:02.569804,6,14,117,15,COMPLETE
792,792,-4.354158605288854,4.470226102128783e-05,2024-05-16 15:19:58.437655,2024-05-16 15:20:04.640012,0 days 00:00:06.202357,6,101,145,15,COMPLETE
793,793,-202.49577335173768,0.00021240925892277202,2024-05-16 15:20:04.640012,2024-05-16 15:20:07.732437,0 days 00:00:03.092425,108,16,36,15,COMPLETE
794,794,-3.943885455977026,4.183057736352346e-05,2024-05-16 15:20:07.732437,2024-05-16 15:20:13.537281,0 days 00:00:05.804844,10,87,118,15,COMPLETE
795,795,-237.6941053513057,0.0003025898473533606,2024-05-16 15:20:13.537281,2024-05-16 15:20:20.257046,0 days 00:00:06.719765,704,16,16,15,COMPLETE
796,796,-4.4064994142851415,4.484173886437051e-05,2024-05-16 15:20:20.257046,2024-05-16 15:20:27.289302,0 days 00:00:07.032256,6,95,184,15,COMPLETE
797,797,-4.919681488257685,4.668154244572368e-05,2024-05-16 15:20:27.289302,2024-05-16 15:20:34.219778,0 days 00:00:06.930476,6,113,163,15,COMPLETE
798,798,-74.48782218680923,0.0001718657976802963,2024-05-16 15:20:34.219778,2024-05-16 15:20:42.414481,0 days 00:00:08.194703,575,88,129,15,COMPLETE
799,799,-27.51382288829915,0.00010765685222064009,2024-05-16 15:20:42.414481,2024-05-16 15:20:45.906119,0 days 00:00:03.491638,200,16,44,15,COMPLETE
800,800,-3.5836431412545338,3.8474355823295895e-05,2024-05-16 15:20:45.906119,2024-05-16 15:20:54.708053,0 days 00:00:08.801934,21,147,182,16,COMPLETE
801,801,-27.76235511527084,0.00010680533086099403,2024-05-16 15:20:54.710049,2024-05-16 15:20:58.104849,0 days 00:00:03.394800,212,7,68,16,COMPLETE
802,802,-30965.614453146292,0.002002639166534104,2024-05-16 15:20:58.104849,2024-05-16 15:21:06.014381,0 days 00:00:07.909532,994,17,37,16,COMPLETE
803,803,-188.84521332102662,0.0002721033071297798,2024-05-16 15:21:06.022312,2024-05-16 15:21:14.119310,0 days 00:00:08.096998,457,96,117,16,COMPLETE
804,804,-5.585482309053954,4.740278944434926e-05,2024-05-16 15:21:14.119310,2024-05-16 15:21:19.294826,0 days 00:00:05.175516,6,64,95,16,COMPLETE
805,805,-102.16926982496956,0.00015542691362361915,2024-05-16 15:21:19.294826,2024-05-16 15:21:24.027770,0 days 00:00:04.732944,176,43,62,16,COMPLETE
806,806,-956.0813699901333,0.0003622220629500419,2024-05-16 15:21:24.027770,2024-05-16 15:21:29.730526,0 days 00:00:05.702756,207,58,155,16,COMPLETE
807,807,-19.1341230209307,8.044241988697815e-05,2024-05-16 15:21:29.730526,2024-05-16 15:21:32.971423,0 days 00:00:03.240897,41,27,56,16,COMPLETE
808,808,-4.39879956307159,4.4571790493352705e-05,2024-05-16 15:21:32.972419,2024-05-16 15:21:35.047918,0 days 00:00:02.075499,6,3,14,16,COMPLETE
809,809,-5.487145497702803,4.825271194884968e-05,2024-05-16 15:21:35.047918,2024-05-16 15:21:37.308316,0 days 00:00:02.260398,6,4,66,16,COMPLETE
810,810,-4.547705118257836,4.5619714757989033e-05,2024-05-16 15:21:37.308316,2024-05-16 15:21:40.003983,0 days 00:00:02.695667,6,17,56,16,COMPLETE
811,811,-3.9463698961526057,4.3144495061966796e-05,2024-05-16 15:21:40.003983,2024-05-16 15:21:44.156077,0 days 00:00:04.152094,6,46,152,16,COMPLETE
812,812,-9.38075281850585,6.005682198828329e-05,2024-05-16 15:21:44.172149,2024-05-16 15:21:50.081334,0 days 00:00:05.909185,6,96,117,16,COMPLETE
813,813,-21.19007747200833,7.695135700979872e-05,2024-05-16 15:21:50.081334,2024-05-16 15:21:53.354254,0 days 00:00:03.272920,6,24,33,16,COMPLETE
814,814,-8326.642067318895,0.000937111751864934,2024-05-16 15:21:53.354254,2024-05-16 15:22:00.387240,0 days 00:00:07.032986,292,57,157,16,COMPLETE
815,815,-1578.4143579550857,0.0005795474148335794,2024-05-16 15:22:00.387240,2024-05-16 15:22:09.225704,0 days 00:00:08.838464,771,49,88,16,COMPLETE
816,816,-4.351955644391817,4.4892863936374564e-05,2024-05-16 15:22:09.225704,2024-05-16 15:22:15.376180,0 days 00:00:06.150476,6,96,145,16,COMPLETE
817,817,-18.263734730139795,8.766534163530938e-05,2024-05-16 15:22:15.376180,2024-05-16 15:22:23.052263,0 days 00:00:07.676083,173,107,129,16,COMPLETE
818,818,-65006.62428069202,0.00265078087497632,2024-05-16 15:22:23.052263,2024-05-16 15:22:30.270521,0 days 00:00:07.218258,556,64,75,16,COMPLETE
819,819,-5.791413392252491,4.945041239127962e-05,2024-05-16 15:22:30.271628,2024-05-16 15:22:37.579886,0 days 00:00:07.308258,6,118,163,16,COMPLETE
820,820,-4.280069931903097,4.336881479126977e-05,2024-05-16 15:22:37.579886,2024-05-16 15:22:44.408459,0 days 00:00:06.828573,4,106,124,16,COMPLETE
821,821,-34.46970352795661,0.00011415334497315249,2024-05-16 15:22:44.408459,2024-05-16 15:22:48.680676,0 days 00:00:04.272217,370,17,28,16,COMPLETE
822,822,-2707.6738319347573,0.0006398543244117414,2024-05-16 15:22:48.680676,2024-05-16 15:22:54.375707,0 days 00:00:05.695031,476,30,66,16,COMPLETE
823,823,-521.4222272328752,0.0004727305554910968,2024-05-16 15:22:54.377719,2024-05-16 15:23:04.571311,0 days 00:00:10.193592,959,33,56,16,COMPLETE
824,824,-4.352835019949395,4.472158523424672e-05,2024-05-16 15:23:04.573308,2024-05-16 15:23:07.602376,0 days 00:00:03.029068,6,16,16,16,COMPLETE
825,825,-190.67656924314798,0.00026350290800129827,2024-05-16 15:23:07.602376,2024-05-16 15:23:14.745439,0 days 00:00:07.143063,584,72,83,16,COMPLETE
826,826,-18.773592946113528,8.910259580526742e-05,2024-05-16 15:23:14.745439,2024-05-16 15:23:22.736627,0 days 00:00:07.991188,164,117,129,16,COMPLETE
827,827,-4.706033356231912,4.646686487547092e-05,2024-05-16 15:23:22.736627,2024-05-16 15:23:30.548754,0 days 00:00:07.812127,6,134,180,16,COMPLETE
828,828,-17.669206894812707,8.879967167141386e-05,2024-05-16 15:23:30.548754,2024-05-16 15:23:33.879971,0 days 00:00:03.331217,66,8,15,16,COMPLETE
829,829,-4.903051745855766,4.6740204021587916e-05,2024-05-16 15:23:33.879971,2024-05-16 15:23:37.124169,0 days 00:00:03.244198,4,24,28,16,COMPLETE
830,830,-4.289611092517964,4.346160575061264e-05,2024-05-16 15:23:37.124169,2024-05-16 15:23:42.171737,0 days 00:00:05.047568,4,68,129,16,COMPLETE
831,831,-3.642485043329713,4.182447945255613e-05,2024-05-16 15:23:42.171737,2024-05-16 15:23:50.831428,0 days 00:00:08.659691,4,156,158,16,COMPLETE
832,832,-17.55741811985294,8.549560185647855e-05,2024-05-16 15:23:50.831428,2024-05-16 15:23:54.048893,0 days 00:00:03.217465,45,1,16,16,COMPLETE
833,833,-4.728820387056031,4.653820991999033e-05,2024-05-16 15:23:54.048893,2024-05-16 15:23:58.431215,0 days 00:00:04.382322,6,58,143,16,COMPLETE
834,834,-5.648112195769644,4.9886955614829594e-05,2024-05-16 15:23:58.431215,2024-05-16 15:24:01.442364,0 days 00:00:03.011149,6,22,26,16,COMPLETE
835,835,-125.5636132302606,0.00020304414738481747,2024-05-16 15:24:01.442364,2024-05-16 15:24:05.705448,0 days 00:00:04.263084,425,6,77,16,COMPLETE
836,836,-12.722225275973916,6.318306285302279e-05,2024-05-16 15:24:05.705448,2024-05-16 15:24:08.192464,0 days 00:00:02.487016,8,14,16,16,COMPLETE
837,837,-29.0543152558376,0.00010555443573302689,2024-05-16 15:24:08.208053,2024-05-16 15:24:10.533171,0 days 00:00:02.325118,52,2,25,16,COMPLETE
838,838,-113.32596657885476,0.00020066982654924964,2024-05-16 15:24:10.533171,2024-05-16 15:24:16.754403,0 days 00:00:06.221232,547,61,67,16,COMPLETE
839,839,-243.47471815865862,0.00016579203564301155,2024-05-16 15:24:16.754750,2024-05-16 15:24:19.740541,0 days 00:00:02.985791,4,25,77,16,COMPLETE
840,840,-8.520539498098179,5.6490870907157775e-05,2024-05-16 15:24:19.740541,2024-05-16 15:24:24.879081,0 days 00:00:05.138540,4,72,145,16,COMPLETE
841,841,-3.380140737333254,3.9792049505148964e-05,2024-05-16 15:24:24.879081,2024-05-16 15:24:34.528302,0 days 00:00:09.649221,6,145,187,16,COMPLETE
842,842,-8.901128795164713,5.2917097301895126e-05,2024-05-16 15:24:34.530023,2024-05-16 15:24:41.060741,0 days 00:00:06.530718,6,107,142,16,COMPLETE
843,843,-4.8167750304284445,4.645141347659096e-05,2024-05-16 15:24:41.060741,2024-05-16 15:24:44.242740,0 days 00:00:03.181999,6,28,67,16,COMPLETE
844,844,-61.85925586413521,0.00014473764681863374,2024-05-16 15:24:44.242740,2024-05-16 15:24:51.765903,0 days 00:00:07.523163,466,97,157,16,COMPLETE
845,845,-4.943818658851039,4.717276488132263e-05,2024-05-16 15:24:51.765903,2024-05-16 15:24:59.398705,0 days 00:00:07.632802,6,126,155,16,COMPLETE
846,846,-10.4324061219512,5.670207338669196e-05,2024-05-16 15:24:59.401666,2024-05-16 15:25:03.748340,0 days 00:00:04.346674,6,54,57,16,COMPLETE
847,847,-3.72882413387201,4.1361791116648264e-05,2024-05-16 15:25:03.748340,2024-05-16 15:25:10.115939,0 days 00:00:06.367599,6,97,163,16,COMPLETE
848,848,-12812.313294498725,0.001294277303950498,2024-05-16 15:25:10.115939,2024-05-16 15:25:20.316930,0 days 00:00:10.200991,819,64,145,16,COMPLETE
849,849,-4590.171671841543,0.0009878331669339578,2024-05-16 15:25:20.316930,2024-05-16 15:25:28.719419,0 days 00:00:08.402489,985,1,6,16,COMPLETE
850,850,-6.5015051577222325,5.1683964722794935e-05,2024-05-16 15:25:28.721415,2024-05-16 15:25:34.045323,0 days 00:00:05.323908,6,56,77,17,COMPLETE
851,851,-5.374118168145064,4.8769470358270914e-05,2024-05-16 15:25:34.060946,2024-05-16 15:25:36.566855,0 days 00:00:02.505909,8,1,16,17,COMPLETE
852,852,-279.35844583182495,0.00033681831472333237,2024-05-16 15:25:36.566855,2024-05-16 15:25:42.554874,0 days 00:00:05.988019,740,12,16,17,COMPLETE
853,853,-29672.917118107336,0.0019032395194904044,2024-05-16 15:25:42.570496,2024-05-16 15:25:50.982896,0 days 00:00:08.412400,982,24,49,17,COMPLETE
854,854,-236.4503995782472,0.00025012625309889924,2024-05-16 15:25:50.997222,2024-05-16 15:26:00.995748,0 days 00:00:09.998526,493,126,149,17,COMPLETE
855,855,-4.389196263365946,4.5006113732286795e-05,2024-05-16 15:26:00.997743,2024-05-16 15:26:03.940497,0 days 00:00:02.942754,6,17,195,17,COMPLETE
856,856,-4.290648368918732,4.436554184405686e-05,2024-05-16 15:26:03.940497,2024-05-16 15:26:09.721040,0 days 00:00:05.780543,6,89,131,17,COMPLETE
857,857,-732.9684734521153,0.00047634702170979364,2024-05-16 15:26:09.722038,2024-05-16 15:26:16.585094,0 days 00:00:06.863056,670,10,194,17,COMPLETE
858,858,-10.732380906663836,5.6602962433992654e-05,2024-05-16 15:26:16.587090,2024-05-16 15:26:20.365204,0 days 00:00:03.778114,26,32,37,17,COMPLETE
859,859,-183.6812706857332,0.0002665916305446765,2024-05-16 15:26:20.365204,2024-05-16 15:26:29.395917,0 days 00:00:09.030713,974,3,104,17,COMPLETE
860,860,-16.716708371851986,8.412406455697489e-05,2024-05-16 15:26:29.395917,2024-05-16 15:26:33.460890,0 days 00:00:04.064973,247,13,29,17,COMPLETE
861,861,-2.9548617313448053,3.772564026999885e-05,2024-05-16 15:26:33.460890,2024-05-16 15:26:40.082301,0 days 00:00:06.621411,6,96,155,17,COMPLETE
862,862,-4.874125067068959,4.652636666893712e-05,2024-05-16 15:26:40.082301,2024-05-16 15:26:43.441551,0 days 00:00:03.359250,6,28,152,17,COMPLETE
863,863,-7.249455134844003,5.16543615983355e-05,2024-05-16 15:26:43.441551,2024-05-16 15:26:46.768026,0 days 00:00:03.326475,6,28,138,17,COMPLETE
864,864,-10658.455894551824,0.0014099353953618181,2024-05-16 15:26:46.768026,2024-05-16 15:26:55.784576,0 days 00:00:09.016550,917,24,163,17,COMPLETE
865,865,-1355.3691252938947,0.0005507933632932467,2024-05-16 15:26:55.784576,2024-05-16 15:27:09.945232,0 days 00:00:14.160656,659,178,182,17,COMPLETE
866,866,-4.475471289769585,4.4015817384972144e-05,2024-05-16 15:27:09.945232,2024-05-16 15:27:15.008651,0 days 00:00:05.063419,6,56,198,17,COMPLETE
867,867,-3.9784151371535286,4.2486831146440585e-05,2024-05-16 15:27:15.024272,2024-05-16 15:27:18.921300,0 days 00:00:03.897028,10,33,62,17,COMPLETE
868,868,-52.12522324759791,0.00012592749776479825,2024-05-16 15:27:18.923688,2024-05-16 15:27:23.257599,0 days 00:00:04.333911,241,12,27,17,COMPLETE
869,869,-10.844611556292623,6.145277963326358e-05,2024-05-16 15:27:23.257599,2024-05-16 15:27:26.923569,0 days 00:00:03.665970,6,32,64,17,COMPLETE
870,870,-36.08230729975375,0.00012147396032606308,2024-05-16 15:27:26.939189,2024-05-16 15:27:30.852450,0 days 00:00:03.913261,118,22,199,17,COMPLETE
871,871,-5.254098953707656,4.740293050954083e-05,2024-05-16 15:27:30.852450,2024-05-16 15:27:33.234313,0 days 00:00:02.381863,4,4,28,17,COMPLETE
872,872,-117.82506523173333,0.00021989274442192386,2024-05-16 15:27:33.234313,2024-05-16 15:27:39.126909,0 days 00:00:05.892596,585,27,77,17,COMPLETE
873,873,-8.383005661096627,5.727228478639954e-05,2024-05-16 15:27:39.126909,2024-05-16 15:27:47.595274,0 days 00:00:08.468365,6,139,157,17,COMPLETE
874,874,-4.046933127272453,4.2990963329219915e-05,2024-05-16 15:27:47.595274,2024-05-16 15:27:52.523382,0 days 00:00:04.928108,6,64,91,17,COMPLETE
875,875,-229861.68115305234,0.004997005829137492,2024-05-16 15:27:52.523382,2024-05-16 15:28:03.204474,0 days 00:00:10.681092,941,6,20,17,COMPLETE
876,876,-20.090023971052027,8.819899183261854e-05,2024-05-16 15:28:03.221023,2024-05-16 15:28:06.412799,0 days 00:00:03.191776,168,7,62,17,COMPLETE
877,877,-3.5107661732336437,4.112907100326038e-05,2024-05-16 15:28:06.412799,2024-05-16 15:28:11.013252,0 days 00:00:04.600453,6,58,77,17,COMPLETE
878,878,-5.514741889603175,4.9560832371986e-05,2024-05-16 15:28:11.013252,2024-05-16 15:28:15.333382,0 days 00:00:04.320130,6,50,67,17,COMPLETE
879,879,-26.73074545832053,8.749411633549766e-05,2024-05-16 15:28:15.333382,2024-05-16 15:28:19.249504,0 days 00:00:03.916122,32,37,62,17,COMPLETE
