,number,values_0,values_1,datetime_start,datetime_complete,duration,params_dim,params_rank,params_window_length,system_attrs_nsga2:generation,state
596,596,-1.559944519477746,0.18442719040435934,2024-05-10 19:06:39.197674,2024-05-10 19:06:42.644498,0 days 00:00:03.446824,10,158,166,11,COMPLETE
597,597,-0.38521960898646707,0.1325432129802213,2024-05-10 19:06:42.646492,2024-05-10 19:06:46.365667,0 days 00:00:03.719175,75,10,120,11,COMPLETE
598,598,-0.51115610368119,0.12809360406365491,2024-05-10 19:06:46.367624,2024-05-10 19:06:49.410544,0 days 00:00:03.042920,51,175,213,11,COMPLETE
599,599,0.38095454680489177,0.09165813587957863,2024-05-10 19:06:49.412538,2024-05-10 19:06:52.707509,0 days 00:00:03.294971,92,124,124,11,COMPLETE
600,600,0.03382678743509502,0.11610348742238721,2024-05-10 19:06:52.709504,2024-05-10 19:06:57.375646,0 days 00:00:04.666142,52,153,181,12,COMPLETE
601,601,0.48948875677253073,0.08199594873853797,2024-05-10 19:06:57.377601,2024-05-10 19:07:01.315818,0 days 00:00:03.938217,32,203,213,12,COMPLETE
602,602,-0.5903424533460164,0.13751467643534715,2024-05-10 19:07:01.317829,2024-05-10 19:07:05.766929,0 days 00:00:04.449100,31,91,124,12,COMPLETE
603,603,-0.7883147700871405,0.14970025395361675,2024-05-10 19:07:05.768689,2024-05-10 19:07:08.545614,0 days 00:00:02.776925,58,42,52,12,COMPLETE
604,604,-0.4628562323779043,0.1313133971945875,2024-05-10 19:07:08.548624,2024-05-10 19:07:11.024672,0 days 00:00:02.476048,51,7,131,12,COMPLETE
605,605,-0.626243181995268,0.14401962942375632,2024-05-10 19:07:11.026920,2024-05-10 19:07:13.867363,0 days 00:00:02.840443,53,133,157,12,COMPLETE
606,606,-0.22763718426074142,0.1254578468356259,2024-05-10 19:07:13.870355,2024-05-10 19:07:16.191571,0 days 00:00:02.321216,94,52,124,12,COMPLETE
607,607,-1.9213119536311403,0.19072686747652895,2024-05-10 19:07:16.193567,2024-05-10 19:07:17.474158,0 days 00:00:01.280591,66,9,10,12,COMPLETE
608,608,-0.9250766782229596,0.15677563137219092,2024-05-10 19:07:17.476164,2024-05-10 19:07:19.357459,0 days 00:00:01.881295,38,2,10,12,COMPLETE
609,609,-15.501138368822385,0.4508170546054876,2024-05-10 19:07:19.359453,2024-05-10 19:07:21.946822,0 days 00:00:02.587369,8,71,208,12,COMPLETE
610,610,0.011954720902755112,0.10860844582869164,2024-05-10 19:07:21.948819,2024-05-10 19:07:24.396895,0 days 00:00:02.448076,100,32,111,12,COMPLETE
611,611,-8.226066329074763,0.28004621370665445,2024-05-10 19:07:24.398015,2024-05-10 19:07:26.696847,0 days 00:00:02.298832,6,38,162,12,COMPLETE
612,612,0.27712954442270293,0.09486935462159685,2024-05-10 19:07:26.698827,2024-05-10 19:07:30.212688,0 days 00:00:03.513861,62,29,155,12,COMPLETE
613,613,-1.2303182551894827,0.1647282648579768,2024-05-10 19:07:30.213725,2024-05-10 19:07:33.764756,0 days 00:00:03.551031,87,2,15,12,COMPLETE
614,614,-0.2808112383949642,0.11546467184238929,2024-05-10 19:07:33.766751,2024-05-10 19:07:35.742424,0 days 00:00:01.975673,41,13,182,12,COMPLETE
615,615,-0.6706484980693033,0.14454765658158608,2024-05-10 19:07:35.744420,2024-05-10 19:07:39.085472,0 days 00:00:03.341052,41,116,156,12,COMPLETE
616,616,-0.2880885087369044,0.13161814556615536,2024-05-10 19:07:39.087433,2024-05-10 19:07:42.259470,0 days 00:00:03.172037,11,63,123,12,COMPLETE
617,617,-1.2890227791205016,0.14502859946461927,2024-05-10 19:07:42.261431,2024-05-10 19:07:46.181030,0 days 00:00:03.919599,32,24,213,12,COMPLETE
618,618,-0.01927522879648822,0.11746856749025555,2024-05-10 19:07:46.183028,2024-05-10 19:07:49.208541,0 days 00:00:03.025513,56,3,15,12,COMPLETE
619,619,-0.1837594818165506,0.11346381015104738,2024-05-10 19:07:49.210536,2024-05-10 19:07:52.339618,0 days 00:00:03.129082,38,48,59,12,COMPLETE
620,620,-0.4319981440682694,0.1408949443323049,2024-05-10 19:07:52.342577,2024-05-10 19:07:57.217552,0 days 00:00:04.874975,66,15,154,12,COMPLETE
621,621,-0.8035632455657741,0.15271425945668768,2024-05-10 19:07:57.219512,2024-05-10 19:07:59.520754,0 days 00:00:02.301242,35,2,13,12,COMPLETE
622,622,0.1574939897852378,0.10890554946606264,2024-05-10 19:07:59.522749,2024-05-10 19:08:03.319433,0 days 00:00:03.796684,99,14,16,12,COMPLETE
623,623,-0.27148879606495696,0.12776773977495795,2024-05-10 19:08:03.321428,2024-05-10 19:08:05.552450,0 days 00:00:02.231022,35,63,169,12,COMPLETE
624,624,-1.471764997663176,0.17560232498370112,2024-05-10 19:08:05.553447,2024-05-10 19:08:08.199669,0 days 00:00:02.646222,41,3,58,12,COMPLETE
625,625,-0.1456322749473079,0.11580619860972244,2024-05-10 19:08:08.201663,2024-05-10 19:08:10.996764,0 days 00:00:02.795101,38,76,203,12,COMPLETE
626,626,0.11750826016771757,0.10171626902825241,2024-05-10 19:08:10.997794,2024-05-10 19:08:13.786488,0 days 00:00:02.788694,51,36,59,12,COMPLETE
627,627,0.2950264227697701,0.0959805455366181,2024-05-10 19:08:13.788556,2024-05-10 19:08:17.018088,0 days 00:00:03.229532,39,51,208,12,COMPLETE
628,628,-0.30187891481335744,0.13233607163729819,2024-05-10 19:08:17.021054,2024-05-10 19:08:20.382639,0 days 00:00:03.361585,18,50,81,12,COMPLETE
629,629,0.2637129591645736,0.10070526340909813,2024-05-10 19:08:20.384310,2024-05-10 19:08:23.236363,0 days 00:00:02.852053,78,79,120,12,COMPLETE
630,630,-53.68708140801397,0.6335156903004024,2024-05-10 19:08:23.238327,2024-05-10 19:08:27.350330,0 days 00:00:04.112003,5,11,62,12,COMPLETE
631,631,-0.4935609557029016,0.12333411661930622,2024-05-10 19:08:27.352360,2024-05-10 19:08:31.987772,0 days 00:00:04.635412,30,60,66,12,COMPLETE
632,632,-0.024358167168344002,0.11365538897134772,2024-05-10 19:08:31.988699,2024-05-10 19:08:34.579329,0 days 00:00:02.590630,95,16,19,12,COMPLETE
633,633,-0.022866829057238157,0.11410720261276475,2024-05-10 19:08:34.580327,2024-05-10 19:08:38.260763,0 days 00:00:03.680436,12,11,165,12,COMPLETE
634,634,-0.10292205324587878,0.11243877439912728,2024-05-10 19:08:38.262842,2024-05-10 19:08:40.680813,0 days 00:00:02.417971,61,30,203,12,COMPLETE
635,635,-0.4186985587437791,0.1317334136637171,2024-05-10 19:08:40.682807,2024-05-10 19:08:43.357072,0 days 00:00:02.674265,97,21,119,12,COMPLETE
636,636,-0.18342310443105775,0.11915161222306399,2024-05-10 19:08:43.359066,2024-05-10 19:08:44.997602,0 days 00:00:01.638536,56,8,58,12,COMPLETE
637,637,-2.381117676868556,0.17963980689785658,2024-05-10 19:08:44.999630,2024-05-10 19:08:47.114633,0 days 00:00:02.115003,27,3,5,12,COMPLETE
638,638,0.3989988885167885,0.0847969392910683,2024-05-10 19:08:47.116628,2024-05-10 19:08:50.704707,0 days 00:00:03.588079,38,31,66,12,COMPLETE
639,639,-2.4109943593040017,0.19633455542237738,2024-05-10 19:08:50.706865,2024-05-10 19:08:52.166011,0 days 00:00:01.459146,35,41,80,12,COMPLETE
640,640,0.37722400533226963,0.08891290398873458,2024-05-10 19:08:52.166981,2024-05-10 19:08:55.341468,0 days 00:00:03.174487,47,39,138,12,COMPLETE
641,641,-0.34202858975225264,0.11319476770891494,2024-05-10 19:08:55.343463,2024-05-10 19:08:58.485334,0 days 00:00:03.141871,41,16,142,12,COMPLETE
642,642,-0.09850243783557275,0.11740699954811955,2024-05-10 19:08:58.487323,2024-05-10 19:09:01.571486,0 days 00:00:03.084163,51,99,158,12,COMPLETE
643,643,-1.6543333760555925,0.18537684128194104,2024-05-10 19:09:01.573454,2024-05-10 19:09:02.928446,0 days 00:00:01.354992,56,2,60,12,COMPLETE
644,644,-0.9479257098621281,0.15426908471719042,2024-05-10 19:09:02.931092,2024-05-10 19:09:06.622469,0 days 00:00:03.691377,50,13,59,12,COMPLETE
645,645,-0.25253664845819823,0.12537925302507702,2024-05-10 19:09:06.624453,2024-05-10 19:09:09.468306,0 days 00:00:02.843853,21,18,80,12,COMPLETE
646,646,0.3290293678146504,0.08977722834720654,2024-05-10 19:09:09.470303,2024-05-10 19:09:13.418186,0 days 00:00:03.947883,18,13,93,12,COMPLETE
647,647,-0.8739720659832045,0.16260074753159587,2024-05-10 19:09:13.420145,2024-05-10 19:09:16.336690,0 days 00:00:02.916545,91,97,153,12,COMPLETE
648,648,0.35537315609397,0.08831979129128939,2024-05-10 19:09:16.338732,2024-05-10 19:09:22.161498,0 days 00:00:05.822766,30,66,159,12,COMPLETE
649,649,-0.19631052880686936,0.12537635995078647,2024-05-10 19:09:22.163587,2024-05-10 19:09:24.665934,0 days 00:00:02.502347,94,37,58,12,COMPLETE
650,650,-0.22391731356651254,0.12094994525474834,2024-05-10 19:09:24.668076,2024-05-10 19:09:27.694561,0 days 00:00:03.026485,36,126,156,13,COMPLETE
651,651,0.2787976855356395,0.09455347317946788,2024-05-10 19:09:27.696556,2024-05-10 19:09:31.379896,0 days 00:00:03.683340,50,121,212,13,COMPLETE
652,652,-1.2794415185027592,0.17531965650180387,2024-05-10 19:09:31.382704,2024-05-10 19:09:33.597689,0 days 00:00:02.214985,30,4,59,13,COMPLETE
653,653,0.3146987799071724,0.09281828136905293,2024-05-10 19:09:33.599762,2024-05-10 19:09:35.678431,0 days 00:00:02.078669,29,9,29,13,COMPLETE
654,654,0.09594434869505748,0.11190571161819918,2024-05-10 19:09:35.680398,2024-05-10 19:09:39.449327,0 days 00:00:03.768929,75,30,59,13,COMPLETE
655,655,0.2941800739609808,0.0985799525441917,2024-05-10 19:09:39.451321,2024-05-10 19:09:43.530467,0 days 00:00:04.079146,64,83,90,13,COMPLETE
656,656,-0.04792348613267143,0.11994000198101155,2024-05-10 19:09:43.532462,2024-05-10 19:09:48.199304,0 days 00:00:04.666842,78,19,49,13,COMPLETE
657,657,-0.07680967003557511,0.11532533388139647,2024-05-10 19:09:48.201301,2024-05-10 19:09:50.912447,0 days 00:00:02.711146,62,29,66,13,COMPLETE
658,658,-0.5086551547624119,0.14328452753361115,2024-05-10 19:09:50.914289,2024-05-10 19:09:55.233362,0 days 00:00:04.319073,12,122,187,13,COMPLETE
659,659,0.3200865244626562,0.09429185842785784,2024-05-10 19:09:55.235407,2024-05-10 19:09:59.077386,0 days 00:00:03.841979,48,135,164,13,COMPLETE
660,660,-0.2823700730645844,0.1360344591403322,2024-05-10 19:09:59.079380,2024-05-10 19:10:02.835026,0 days 00:00:03.755646,99,68,87,13,COMPLETE
661,661,0.04412358442221982,0.11140425351518746,2024-05-10 19:10:02.836948,2024-05-10 19:10:05.882557,0 days 00:00:03.045609,32,28,184,13,COMPLETE
662,662,-0.4328222983842404,0.13720081355136957,2024-05-10 19:10:05.884552,2024-05-10 19:10:09.064468,0 days 00:00:03.179916,51,90,134,13,COMPLETE
663,663,0.20723356162370044,0.09717210732895618,2024-05-10 19:10:09.065495,2024-05-10 19:10:11.914353,0 days 00:00:02.848858,51,14,15,13,COMPLETE
664,664,-1.6658892914971086,0.15781212596320995,2024-05-10 19:10:11.916482,2024-05-10 19:10:15.641443,0 days 00:00:03.724961,41,6,17,13,COMPLETE
665,665,0.35967101939496965,0.09273622751785962,2024-05-10 19:10:15.643439,2024-05-10 19:10:20.871383,0 days 00:00:05.227944,91,63,69,13,COMPLETE
666,666,-0.9642545266722434,0.1647145337991725,2024-05-10 19:10:20.873378,2024-05-10 19:10:23.402321,0 days 00:00:02.528943,35,56,88,13,COMPLETE
667,667,-0.672076314117369,0.13158815369726956,2024-05-10 19:10:23.404280,2024-05-10 19:10:26.892467,0 days 00:00:03.488187,48,7,49,13,COMPLETE
668,668,-1.1087637703951723,0.14343878278422484,2024-05-10 19:10:26.894400,2024-05-10 19:10:31.504512,0 days 00:00:04.610112,58,25,150,13,COMPLETE
669,669,-1.5350585760939142,0.1622378275560669,2024-05-10 19:10:31.506611,2024-05-10 19:10:34.236610,0 days 00:00:02.729999,62,195,203,13,COMPLETE
670,670,-0.3751229071304095,0.13285330019765967,2024-05-10 19:10:34.238417,2024-05-10 19:10:37.673627,0 days 00:00:03.435210,13,41,66,13,COMPLETE
671,671,-0.055204372134007904,0.12337728009740623,2024-05-10 19:10:37.675622,2024-05-10 19:10:41.154312,0 days 00:00:03.478690,60,139,174,13,COMPLETE
672,672,-1.222946519171631,0.17358144620654611,2024-05-10 19:10:41.156307,2024-05-10 19:10:42.552415,0 days 00:00:01.396108,61,1,55,13,COMPLETE
673,673,-0.7943264859030167,0.151937701562287,2024-05-10 19:10:42.554388,2024-05-10 19:10:44.843987,0 days 00:00:02.289599,41,78,88,13,COMPLETE
674,674,0.4095508909652019,0.08640023197915085,2024-05-10 19:10:44.845425,2024-05-10 19:10:49.296901,0 days 00:00:04.451476,69,9,53,13,COMPLETE
675,675,0.18326228860510296,0.10803659798050527,2024-05-10 19:10:49.298697,2024-05-10 19:10:54.727141,0 days 00:00:05.428444,65,36,51,13,COMPLETE
676,676,0.1482218925039718,0.10046406158051122,2024-05-10 19:10:54.729135,2024-05-10 19:10:58.755746,0 days 00:00:04.026611,61,20,66,13,COMPLETE
677,677,0.3367814796035902,0.09594656565678202,2024-05-10 19:10:58.757266,2024-05-10 19:11:04.336472,0 days 00:00:05.579206,65,112,205,13,COMPLETE
678,678,-0.3303202309288946,0.13134601239681265,2024-05-10 19:11:04.338557,2024-05-10 19:11:06.950507,0 days 00:00:02.611950,92,105,181,13,COMPLETE
679,679,0.19817182415502427,0.09696533238810252,2024-05-10 19:11:06.952200,2024-05-10 19:11:09.875259,0 days 00:00:02.923059,51,59,69,13,COMPLETE
680,680,0.37489231418676106,0.08983195146495418,2024-05-10 19:11:09.877253,2024-05-10 19:11:13.048391,0 days 00:00:03.171138,65,18,66,13,COMPLETE
681,681,-1.3973026399239852,0.17086854942154234,2024-05-10 19:11:13.050149,2024-05-10 19:11:15.384773,0 days 00:00:02.334624,35,18,207,13,COMPLETE
682,682,0.3106243456048838,0.09678701596519991,2024-05-10 19:11:15.387274,2024-05-10 19:11:21.010387,0 days 00:00:05.623113,30,60,62,13,COMPLETE
683,683,-0.2424354378954356,0.1242298759452388,2024-05-10 19:11:21.011447,2024-05-10 19:11:23.177533,0 days 00:00:02.166086,67,19,88,13,COMPLETE
684,684,-1.329706825787717,0.17653046134263783,2024-05-10 19:11:23.179527,2024-05-10 19:11:25.339386,0 days 00:00:02.159859,35,8,50,13,COMPLETE
685,685,-0.1436402295946889,0.1206668552237971,2024-05-10 19:11:25.341382,2024-05-10 19:11:29.039629,0 days 00:00:03.698247,41,83,93,13,COMPLETE
686,686,-0.890612103003587,0.16299333803276034,2024-05-10 19:11:29.041624,2024-05-10 19:11:31.100487,0 days 00:00:02.058863,51,5,66,13,COMPLETE
687,687,-0.5425374190741167,0.1427813933264195,2024-05-10 19:11:31.101413,2024-05-10 19:11:34.387750,0 days 00:00:03.286337,67,6,53,13,COMPLETE
688,688,0.04648470760198329,0.09797758236027587,2024-05-10 19:11:34.388780,2024-05-10 19:11:38.007485,0 days 00:00:03.618705,50,47,197,13,COMPLETE
689,689,-1.4510087731348331,0.18322933760633492,2024-05-10 19:11:38.008481,2024-05-10 19:11:39.435494,0 days 00:00:01.427013,35,2,58,13,COMPLETE
690,690,-0.14913948908020588,0.12096605195150756,2024-05-10 19:11:39.437461,2024-05-10 19:11:44.416685,0 days 00:00:04.979224,57,15,52,13,COMPLETE
691,691,-0.7061899974562582,0.14855407486658118,2024-05-10 19:11:44.417672,2024-05-10 19:11:46.440188,0 days 00:00:02.022516,99,8,46,13,COMPLETE
692,692,-2.936622286081202,0.1800744669692058,2024-05-10 19:11:46.442149,2024-05-10 19:11:47.818286,0 days 00:00:01.376137,3,16,161,13,COMPLETE
693,693,-0.6754760279050427,0.15197247348943071,2024-05-10 19:11:47.820287,2024-05-10 19:11:53.364449,0 days 00:00:05.544162,37,14,17,13,COMPLETE
694,694,-0.5277989720778117,0.14159332235288385,2024-05-10 19:11:53.366460,2024-05-10 19:11:55.743699,0 days 00:00:02.377239,31,2,66,13,COMPLETE
695,695,-0.4364592501716297,0.11940549707567663,2024-05-10 19:11:55.745712,2024-05-10 19:11:59.290030,0 days 00:00:03.544318,37,19,128,13,COMPLETE
696,696,-1.0345566219580236,0.15977217163222607,2024-05-10 19:11:59.292025,2024-05-10 19:12:02.979464,0 days 00:00:03.687439,39,3,7,13,COMPLETE
697,697,-0.3690372421383633,0.12968633063391535,2024-05-10 19:12:02.981459,2024-05-10 19:12:06.808248,0 days 00:00:03.826789,41,38,42,13,COMPLETE
698,698,-0.03500006043139452,0.102947954207816,2024-05-10 19:12:06.810235,2024-05-10 19:12:09.435383,0 days 00:00:02.625148,57,99,205,13,COMPLETE
699,699,0.09960745648426565,0.11037120142678154,2024-05-10 19:12:09.437332,2024-05-10 19:12:14.561313,0 days 00:00:05.123981,50,103,124,13,COMPLETE
700,700,-0.20006693529366842,0.12153885396164407,2024-05-10 19:12:14.563308,2024-05-10 19:12:16.425185,0 days 00:00:01.861877,51,2,37,14,COMPLETE
701,701,0.2792503040710762,0.09514814789413237,2024-05-10 19:12:16.426309,2024-05-10 19:12:21.003642,0 days 00:00:04.577333,41,81,84,14,COMPLETE
702,702,-11.90576125826988,0.40766486703644295,2024-05-10 19:12:21.005640,2024-05-10 19:12:24.882341,0 days 00:00:03.876701,9,49,203,14,COMPLETE
703,703,0.29587199771786926,0.09339696416312405,2024-05-10 19:12:24.884304,2024-05-10 19:12:28.234207,0 days 00:00:03.349903,56,69,128,14,COMPLETE
704,704,0.16467088643402067,0.10651941055741387,2024-05-10 19:12:28.236871,2024-05-10 19:12:33.049318,0 days 00:00:04.812447,35,72,93,14,COMPLETE
705,705,-5.060992551842825,0.2680209014687381,2024-05-10 19:12:33.051312,2024-05-10 19:12:37.854534,0 days 00:00:04.803222,8,9,42,14,COMPLETE
706,706,0.3932194726969437,0.08269314425258119,2024-05-10 19:12:37.856545,2024-05-10 19:12:42.037318,0 days 00:00:04.180773,32,26,44,14,COMPLETE
707,707,-0.1593269011898001,0.11302156991423755,2024-05-10 19:12:42.040198,2024-05-10 19:12:45.354507,0 days 00:00:03.314309,46,10,208,14,COMPLETE
708,708,-5.500934376640991,0.2733402732259596,2024-05-10 19:12:45.356467,2024-05-10 19:12:48.778428,0 days 00:00:03.421961,4,21,192,14,COMPLETE
709,709,-0.40253222043817216,0.1236844534715142,2024-05-10 19:12:48.780423,2024-05-10 19:12:51.419188,0 days 00:00:02.638765,41,32,58,14,COMPLETE
710,710,-0.23060219433054216,0.1212906709499261,2024-05-10 19:12:51.421257,2024-05-10 19:12:54.999156,0 days 00:00:03.577899,67,35,49,14,COMPLETE
711,711,0.3193393014089165,0.09758856502031003,2024-05-10 19:12:55.001153,2024-05-10 19:12:59.008176,0 days 00:00:04.007023,45,85,88,14,COMPLETE
712,712,0.12795022157208497,0.11147596596889815,2024-05-10 19:12:59.010172,2024-05-10 19:13:03.276272,0 days 00:00:04.266100,67,100,202,14,COMPLETE
713,713,-0.018646049411462175,0.11302069919809184,2024-05-10 19:13:03.278267,2024-05-10 19:13:05.981517,0 days 00:00:02.703250,91,27,94,14,COMPLETE
714,714,0.002261172664910682,0.11785866318809446,2024-05-10 19:13:05.984509,2024-05-10 19:13:11.807208,0 days 00:00:05.822699,64,40,66,14,COMPLETE
715,715,-0.18596835109608523,0.12596876648480684,2024-05-10 19:13:11.809247,2024-05-10 19:13:16.926151,0 days 00:00:05.116904,35,88,94,14,COMPLETE
716,716,0.21854969848384673,0.10417624679854505,2024-05-10 19:13:16.927370,2024-05-10 19:13:19.513125,0 days 00:00:02.585755,65,67,179,14,COMPLETE
717,717,0.09163381673354135,0.10772203682469383,2024-05-10 19:13:19.514124,2024-05-10 19:13:22.911143,0 days 00:00:03.397019,85,42,139,14,COMPLETE
718,718,-39.071942524586184,0.5696000004076185,2024-05-10 19:13:22.913266,2024-05-10 19:13:26.849774,0 days 00:00:03.936508,7,132,203,14,COMPLETE
719,719,-0.03634263791549382,0.11622931964497693,2024-05-10 19:13:26.851774,2024-05-10 19:13:30.520204,0 days 00:00:03.668430,47,79,150,14,COMPLETE
720,720,-0.7637912211163261,0.14375593057978125,2024-05-10 19:13:30.522199,2024-05-10 19:13:33.933776,0 days 00:00:03.411577,30,11,179,14,COMPLETE
721,721,0.20683906418251047,0.09403633573903589,2024-05-10 19:13:33.934773,2024-05-10 19:13:36.988633,0 days 00:00:03.053860,31,42,205,14,COMPLETE
722,722,0.24483079724534385,0.10107912257006957,2024-05-10 19:13:36.990628,2024-05-10 19:13:41.220118,0 days 00:00:04.229490,51,89,141,14,COMPLETE
723,723,-0.20052516944953586,0.10640979228717759,2024-05-10 19:13:41.222113,2024-05-10 19:13:43.931619,0 days 00:00:02.709506,35,18,44,14,COMPLETE
724,724,-0.02752283305463219,0.12084051502570618,2024-05-10 19:13:43.933616,2024-05-10 19:13:48.927569,0 days 00:00:04.993953,51,197,200,14,COMPLETE
725,725,-0.6012286816593648,0.14914384991638813,2024-05-10 19:13:48.929564,2024-05-10 19:13:51.220176,0 days 00:00:02.290612,24,120,121,14,COMPLETE
726,726,0.11178430837234347,0.11331490264949748,2024-05-10 19:13:51.223168,2024-05-10 19:13:55.157253,0 days 00:00:03.934085,78,76,96,14,COMPLETE
727,727,0.3877189980166318,0.09092245500836504,2024-05-10 19:13:55.158251,2024-05-10 19:13:59.656742,0 days 00:00:04.498491,40,59,61,14,COMPLETE
728,728,0.31007659406762833,0.08918441858078378,2024-05-10 19:13:59.658770,2024-05-10 19:14:03.974703,0 days 00:00:04.315933,91,30,134,14,COMPLETE
729,729,-1.4342342092960831,0.1679182206152881,2024-05-10 19:14:03.976698,2024-05-10 19:14:07.000841,0 days 00:00:03.024143,22,12,31,14,COMPLETE
730,730,-0.3064181301277962,0.13282710400736275,2024-05-10 19:14:07.003833,2024-05-10 19:14:10.955466,0 days 00:00:03.951633,78,3,10,14,COMPLETE
731,731,-1.2772991982023911,0.1549028110035449,2024-05-10 19:14:10.957452,2024-05-10 19:14:15.118003,0 days 00:00:04.160551,32,112,116,14,COMPLETE
732,732,0.14183315218102763,0.10125118333804868,2024-05-10 19:14:15.120253,2024-05-10 19:14:22.609270,0 days 00:00:07.489017,35,7,69,14,COMPLETE
733,733,0.37433566485102204,0.08959029917079024,2024-05-10 19:14:22.612394,2024-05-10 19:14:28.834034,0 days 00:00:06.221640,60,40,50,14,COMPLETE
734,734,-1.1227771912413054,0.16752200516049323,2024-05-10 19:14:28.835772,2024-05-10 19:14:33.420075,0 days 00:00:04.584303,41,51,66,14,COMPLETE
735,735,0.0785701189974424,0.10790340937332121,2024-05-10 19:14:33.423066,2024-05-10 19:14:37.194264,0 days 00:00:03.771198,41,5,35,14,COMPLETE
736,736,0.6196894997672603,0.06668707947108127,2024-05-10 19:14:37.197226,2024-05-10 19:14:40.623023,0 days 00:00:03.425797,48,38,170,14,COMPLETE
737,737,0.14767941311351324,0.10480235102448435,2024-05-10 19:14:40.626056,2024-05-10 19:14:43.718575,0 days 00:00:03.092519,12,190,205,14,COMPLETE
738,738,-0.3739684435395872,0.13167796367515405,2024-05-10 19:14:43.720570,2024-05-10 19:14:48.331472,0 days 00:00:04.610902,38,114,141,14,COMPLETE
739,739,0.4489307569077334,0.0872803924902316,2024-05-10 19:14:48.332662,2024-05-10 19:14:51.537400,0 days 00:00:03.204738,84,30,42,14,COMPLETE
740,740,0.18927152005505077,0.100697656907663,2024-05-10 19:14:51.539394,2024-05-10 19:14:54.752303,0 days 00:00:03.212909,94,10,41,14,COMPLETE
741,741,-0.7277333018931021,0.15517629922723478,2024-05-10 19:14:54.754286,2024-05-10 19:14:57.250208,0 days 00:00:02.495922,94,1,10,14,COMPLETE
742,742,0.21857941899086847,0.10360252698544477,2024-05-10 19:14:57.251206,2024-05-10 19:15:01.502062,0 days 00:00:04.250856,32,70,70,14,COMPLETE
743,743,-0.0783074048776943,0.1117627349849768,2024-05-10 19:15:01.504057,2024-05-10 19:15:04.543418,0 days 00:00:03.039361,50,21,58,14,COMPLETE
