,number,values_0,values_1,datetime_start,datetime_complete,duration,params_dim,params_rank,params_window_length,system_attrs_nsga2:generation,state
588,588,-3.119469398628123,3.646387203756296e-05,2024-05-16 14:29:47.666109,2024-05-16 14:29:51.471066,0 days 00:00:03.804957,6,37,184,11,COMPLETE
589,589,-859.0694481740511,0.000487383248650135,2024-05-16 14:29:51.471066,2024-05-16 14:29:58.736182,0 days 00:00:07.265116,744,17,90,11,COMPLETE
590,590,-3.962722961362865,4.2991773127153845e-05,2024-05-16 14:29:58.738860,2024-05-16 14:30:04.851192,0 days 00:00:06.112332,6,79,133,11,COMPLETE
591,591,-118.93276141908424,0.0002113638827444777,2024-05-16 14:30:04.854745,2024-05-16 14:30:09.685073,0 days 00:00:04.830328,485,15,77,11,COMPLETE
592,592,-171.7377219657549,0.00025389437955095724,2024-05-16 14:30:09.685073,2024-05-16 14:30:18.197995,0 days 00:00:08.512922,780,11,27,11,COMPLETE
593,593,-4.200830481866975,4.41625525492612e-05,2024-05-16 14:30:18.197995,2024-05-16 14:30:20.945491,0 days 00:00:02.747496,6,7,145,11,COMPLETE
594,594,-5.152977630982005,4.8044708477268405e-05,2024-05-16 14:30:20.962212,2024-05-16 14:30:24.114055,0 days 00:00:03.151843,6,15,90,11,COMPLETE
595,595,-531.003446504347,0.0004356887579607979,2024-05-16 14:30:24.116049,2024-05-16 14:30:34.247916,0 days 00:00:10.131867,976,30,37,11,COMPLETE
596,596,-5.929629151270931,5.068787652613947e-05,2024-05-16 14:30:34.249911,2024-05-16 14:30:38.938407,0 days 00:00:04.688496,6,43,199,11,COMPLETE
597,597,-15.43091610084841,7.94083653538281e-05,2024-05-16 14:30:38.938407,2024-05-16 14:30:44.139829,0 days 00:00:05.201422,150,33,117,11,COMPLETE
598,598,-77830.44202121884,0.002756366456472657,2024-05-16 14:30:44.151984,2024-05-16 14:30:51.329039,0 days 00:00:07.177055,408,77,77,11,COMPLETE
599,599,-58.17264728163691,0.00015588856842884533,2024-05-16 14:30:51.329039,2024-05-16 14:30:56.091351,0 days 00:00:04.762312,421,12,24,11,COMPLETE
600,600,-5.743732936597018,5.00333203383144e-05,2024-05-16 14:30:56.093308,2024-05-16 14:30:58.398693,0 days 00:00:02.305385,6,1,5,12,COMPLETE
601,601,-1492.129631615628,0.0006592453835120198,2024-05-16 14:30:58.401149,2024-05-16 14:31:08.620412,0 days 00:00:10.219263,794,89,127,12,COMPLETE
602,602,-5.217904453538621,4.6746224885863325e-05,2024-05-16 14:31:08.620412,2024-05-16 14:31:11.708647,0 days 00:00:03.088235,6,28,62,12,COMPLETE
603,603,-6.113985997941986,5.164291744237603e-05,2024-05-16 14:31:11.708647,2024-05-16 14:31:20.332253,0 days 00:00:08.623606,6,156,156,12,COMPLETE
604,604,-4297.4784411128485,0.0009188190608042373,2024-05-16 14:31:20.332253,2024-05-16 14:31:25.530387,0 days 00:00:05.198134,639,24,35,12,COMPLETE
605,605,-1817.18867129465,0.0006111474972912278,2024-05-16 14:31:25.530387,2024-05-16 14:31:33.723795,0 days 00:00:08.193408,580,97,163,12,COMPLETE
606,606,-156027.96470377955,0.0017335997628581136,2024-05-16 14:31:33.723795,2024-05-16 14:31:37.470804,0 days 00:00:03.747009,4,42,95,12,COMPLETE
607,607,-16.529507548435454,8.383826686135805e-05,2024-05-16 14:31:37.470804,2024-05-16 14:31:41.223322,0 days 00:00:03.752518,287,24,56,12,COMPLETE
608,608,-245.4103528981923,0.00021626817722652337,2024-05-16 14:31:41.238944,2024-05-16 14:31:45.964678,0 days 00:00:04.725734,157,52,184,12,COMPLETE
609,609,-3996.17730108524,0.0007165760671306906,2024-05-16 14:31:45.964678,2024-05-16 14:31:53.879690,0 days 00:00:07.915012,394,109,145,12,COMPLETE
610,610,-1114.982607559114,0.0003897778900795672,2024-05-16 14:31:53.879690,2024-05-16 14:32:01.334036,0 days 00:00:07.454346,136,126,158,12,COMPLETE
611,611,-4.568305113407389,4.519512599719844e-05,2024-05-16 14:32:01.334036,2024-05-16 14:32:03.644542,0 days 00:00:02.310506,8,11,16,12,COMPLETE
612,612,-4.557045339940388,4.5838979331175234e-05,2024-05-16 14:32:03.644542,2024-05-16 14:32:05.623540,0 days 00:00:01.978998,6,1,152,12,COMPLETE
613,613,-434314.7175733615,0.006409442433190654,2024-05-16 14:32:05.623540,2024-05-16 14:32:13.388342,0 days 00:00:07.764802,871,36,86,12,COMPLETE
614,614,-95.11170379699419,0.00020153416883824797,2024-05-16 14:32:13.388342,2024-05-16 14:32:23.953306,0 days 00:00:10.564964,422,173,179,12,COMPLETE
615,615,-3.299257890725049,3.7630418757668926e-05,2024-05-16 14:32:23.953306,2024-05-16 14:32:26.757101,0 days 00:00:02.803795,6,17,77,12,COMPLETE
616,616,-3.936248019424584,4.319675678856169e-05,2024-05-16 14:32:26.757101,2024-05-16 14:32:29.601242,0 days 00:00:02.844141,6,6,22,12,COMPLETE
617,617,-708.6067605938904,0.0004544010665632871,2024-05-16 14:32:29.601242,2024-05-16 14:32:35.139739,0 days 00:00:05.538497,538,26,77,12,COMPLETE
618,618,-133.05533575271815,0.00023887704106676666,2024-05-16 14:32:35.139739,2024-05-16 14:32:42.916860,0 days 00:00:07.777121,618,75,90,12,COMPLETE
619,619,-5.711463238079686,4.807582034294025e-05,2024-05-16 14:32:42.916860,2024-05-16 14:32:47.865640,0 days 00:00:04.948780,6,65,80,12,COMPLETE
620,620,-24.195822373667035,6.329446116580878e-05,2024-05-16 14:32:47.867704,2024-05-16 14:32:50.663183,0 days 00:00:02.795479,6,16,121,12,COMPLETE
621,621,-877.2516806334812,0.000431171000513439,2024-05-16 14:32:50.663183,2024-05-16 14:46:48.131024,0 days 00:13:57.467841,631,43,142,12,COMPLETE
622,622,-4.23976486584326,3.9945531667582475e-05,2024-05-16 14:46:48.131024,2024-05-16 14:46:50.352450,0 days 00:00:02.221426,6,2,16,12,COMPLETE
623,623,-10384.179486880497,0.0010691603907520392,2024-05-16 14:46:50.352450,2024-05-16 14:46:55.168544,0 days 00:00:04.816094,428,32,142,12,COMPLETE
624,624,-747.2677064669101,0.0004410957554021735,2024-05-16 14:46:55.168544,2024-05-16 14:46:59.966450,0 days 00:00:04.797906,614,9,116,12,COMPLETE
625,625,-4.236131043906161,4.448575348075436e-05,2024-05-16 14:46:59.966450,2024-05-16 14:47:03.259961,0 days 00:00:03.293511,6,29,60,12,COMPLETE
626,626,-6.593849834146506,4.814549446867315e-05,2024-05-16 14:47:03.261956,2024-05-16 14:47:06.171957,0 days 00:00:02.910001,6,13,14,12,COMPLETE
627,627,-22620.781045953652,0.001854410669347621,2024-05-16 14:47:06.171957,2024-05-16 14:47:13.667969,0 days 00:00:07.496012,718,27,37,12,COMPLETE
628,628,-3.4627725244827965,3.905426606346693e-05,2024-05-16 14:47:13.667969,2024-05-16 14:47:16.447975,0 days 00:00:02.780006,4,13,28,12,COMPLETE
629,629,-9852.996679747836,0.000508318334085992,2024-05-16 14:47:16.449971,2024-05-16 14:47:21.327280,0 days 00:00:04.877309,6,64,90,12,COMPLETE
630,630,-328.82918477992723,0.00023498849913209445,2024-05-16 14:47:21.327280,2024-05-16 14:47:25.042991,0 days 00:00:03.715711,64,5,7,12,COMPLETE
631,631,-117.11665742191678,0.0001783163353635403,2024-05-16 14:47:25.046090,2024-05-16 14:47:29.887474,0 days 00:00:04.841384,392,36,62,12,COMPLETE
632,632,-5.318743642722487,4.771629267864691e-05,2024-05-16 14:47:29.887474,2024-05-16 14:47:32.781013,0 days 00:00:02.893539,15,15,16,12,COMPLETE
633,633,-158687.60221048733,0.006416740010017638,2024-05-16 14:47:32.781013,2024-05-16 14:47:40.780653,0 days 00:00:07.999640,958,19,56,12,COMPLETE
634,634,-10.345290336365816,5.983015790824161e-05,2024-05-16 14:47:40.780653,2024-05-16 14:47:42.976507,0 days 00:00:02.195854,6,1,16,12,COMPLETE
635,635,-416.85646268429,0.00041568911246075426,2024-05-16 14:47:42.976507,2024-05-16 14:47:50.821297,0 days 00:00:07.844790,828,27,96,12,COMPLETE
636,636,-5.648565958871439,4.944571288521909e-05,2024-05-16 14:47:50.836915,2024-05-16 14:47:57.340276,0 days 00:00:06.503361,6,100,129,12,COMPLETE
637,637,-4.192593092369042,4.0290082884431695e-05,2024-05-16 14:47:57.340276,2024-05-16 14:48:06.642050,0 days 00:00:09.301774,6,164,168,12,COMPLETE
638,638,-4.218196689665232,4.415772273250887e-05,2024-05-16 14:48:06.642050,2024-05-16 14:48:09.389758,0 days 00:00:02.747708,6,13,117,12,COMPLETE
639,639,-3.886445494220834,4.248184786133911e-05,2024-05-16 14:48:09.389758,2024-05-16 14:48:11.982324,0 days 00:00:02.592566,8,13,27,12,COMPLETE
640,640,-2115.907857321688,0.000504125142629451,2024-05-16 14:48:11.997944,2024-05-16 14:48:15.623858,0 days 00:00:03.625914,232,14,16,12,COMPLETE
641,641,-3.0019302638087795,3.6497155777278046e-05,2024-05-16 14:48:15.623858,2024-05-16 14:48:24.264240,0 days 00:00:08.640382,6,153,155,12,COMPLETE
642,642,-3.7601769806201717,4.2158781967816195e-05,2024-05-16 14:48:24.265444,2024-05-16 14:48:30.716835,0 days 00:00:06.451391,6,99,163,12,COMPLETE
643,643,-34.459094388489206,9.954788752125976e-05,2024-05-16 14:48:30.716835,2024-05-16 14:48:35.864515,0 days 00:00:05.147680,244,38,69,12,COMPLETE
644,644,-4.423565395208132,4.518896983899636e-05,2024-05-16 14:48:35.864515,2024-05-16 14:48:38.351208,0 days 00:00:02.486693,6,8,90,12,COMPLETE
645,645,-88.31870078100143,0.00018654801014732924,2024-05-16 14:48:38.351208,2024-05-16 14:48:42.424896,0 days 00:00:04.073688,335,8,21,12,COMPLETE
646,646,-364.4193975227491,0.0003911643029742947,2024-05-16 14:48:42.424896,2024-05-16 14:48:54.534465,0 days 00:00:12.109569,954,63,130,12,COMPLETE
647,647,-4.509826292668155,4.558410351983916e-05,2024-05-16 14:48:54.534465,2024-05-16 14:48:58.452515,0 days 00:00:03.918050,6,47,62,12,COMPLETE
648,648,-4403.681893844385,0.0009677505928377544,2024-05-16 14:48:58.454510,2024-05-16 14:49:03.469386,0 days 00:00:05.014876,576,24,84,12,COMPLETE
649,649,-278.87784545252185,0.00034966500095702616,2024-05-16 14:49:03.469386,2024-05-16 14:49:08.204664,0 days 00:00:04.735278,638,14,27,12,COMPLETE
650,650,-985707.7958405182,0.013577750690350707,2024-05-16 14:49:08.204664,2024-05-16 14:49:18.399831,0 days 00:00:10.195167,924,76,114,13,COMPLETE
651,651,-34.341915905443344,8.36870761238377e-05,2024-05-16 14:49:18.415446,2024-05-16 14:49:21.570353,0 days 00:00:03.154907,6,22,145,13,COMPLETE
652,652,-8.06994812063535,5.563260397113608e-05,2024-05-16 14:49:21.570353,2024-05-16 14:49:29.052878,0 days 00:00:07.482525,10,107,113,13,COMPLETE
653,653,-22.280979169683626,9.705227049269947e-05,2024-05-16 14:49:29.054437,2024-05-16 14:49:31.985882,0 days 00:00:02.931445,127,2,145,13,COMPLETE
654,654,-19.813384076474026,9.18840640199733e-05,2024-05-16 14:49:31.985882,2024-05-16 14:49:37.573552,0 days 00:00:05.587670,228,61,79,13,COMPLETE
655,655,-78.97750185483252,0.00018146250793123358,2024-05-16 14:49:37.575505,2024-05-16 14:49:45.702322,0 days 00:00:08.126817,485,52,174,13,COMPLETE
656,656,-18.222899112842832,7.006179812536695e-05,2024-05-16 14:49:45.717943,2024-05-16 14:49:49.081090,0 days 00:00:03.363147,6,30,152,13,COMPLETE
657,657,-4.344983228759803,4.464053884390902e-05,2024-05-16 14:49:49.081090,2024-05-16 14:49:52.695049,0 days 00:00:03.613959,6,34,152,13,COMPLETE
658,658,-271830.00069780357,0.005157555703909353,2024-05-16 14:49:52.695049,2024-05-16 14:50:01.327769,0 days 00:00:08.632720,983,24,193,13,COMPLETE
659,659,-2485.565277169789,0.000555548027589134,2024-05-16 14:50:01.327769,2024-05-16 14:50:05.554209,0 days 00:00:04.226440,306,23,52,13,COMPLETE
660,660,-14.529302011712343,8.012767036818505e-05,2024-05-16 14:50:05.554209,2024-05-16 14:50:13.773211,0 days 00:00:08.219002,58,126,166,13,COMPLETE
661,661,-30.385312514695208,0.00010564797978800653,2024-05-16 14:50:13.773211,2024-05-16 14:50:20.587396,0 days 00:00:06.814185,380,45,146,13,COMPLETE
662,662,-135.2223701262823,0.00021397886451647377,2024-05-16 14:50:20.587396,2024-05-16 14:50:28.841264,0 days 00:00:08.253868,541,89,155,13,COMPLETE
663,663,-6.694270368012999,5.3109240409467334e-05,2024-05-16 14:50:28.841264,2024-05-16 14:50:30.891294,0 days 00:00:02.050030,6,1,16,13,COMPLETE
664,664,-2467.668260246416,0.0005600095232324933,2024-05-16 14:50:30.891294,2024-05-16 14:50:34.970338,0 days 00:00:04.079044,374,6,31,13,COMPLETE
665,665,-9.083783584704852,5.502193881298374e-05,2024-05-16 14:50:34.970338,2024-05-16 14:50:40.339658,0 days 00:00:05.369320,6,47,143,13,COMPLETE
666,666,-28.8887841499678,0.00010911683369425881,2024-05-16 14:50:40.339658,2024-05-16 14:50:49.262723,0 days 00:00:08.923065,193,89,91,13,COMPLETE
667,667,-4.896532497609764,4.7195020005035495e-05,2024-05-16 14:50:49.262723,2024-05-16 14:50:52.564740,0 days 00:00:03.302017,6,19,95,13,COMPLETE
668,668,-15.727479126544376,8.267574548480273e-05,2024-05-16 14:50:52.566684,2024-05-16 14:50:56.381945,0 days 00:00:03.815261,177,1,15,13,COMPLETE
669,669,-254.62060122812187,0.00017031737677229852,2024-05-16 14:50:56.381945,2024-05-16 14:50:59.026665,0 days 00:00:02.644720,4,3,148,13,COMPLETE
670,670,-3.825539190485169,4.2663153422402584e-05,2024-05-16 14:50:59.027663,2024-05-16 14:51:02.493721,0 days 00:00:03.466058,6,13,39,13,COMPLETE
671,671,-21.854849820509724,9.563196991466244e-05,2024-05-16 14:51:02.496602,2024-05-16 14:51:05.982229,0 days 00:00:03.485627,152,2,68,13,COMPLETE
672,672,-3.215370222106695,3.8605576612502294e-05,2024-05-16 14:51:05.985223,2024-05-16 14:51:10.476489,0 days 00:00:04.491266,6,46,62,13,COMPLETE
673,673,-189.11726650061206,0.00027948216202136947,2024-05-16 14:51:10.478484,2024-05-16 14:51:20.086413,0 days 00:00:09.607929,788,3,67,13,COMPLETE
674,674,-5.9550401917759395,4.9895374630293485e-05,2024-05-16 14:51:20.089396,2024-05-16 14:51:23.804913,0 days 00:00:03.715517,6,11,100,13,COMPLETE
675,675,-93.0015713907277,0.00015831022700320217,2024-05-16 14:51:23.804913,2024-05-16 14:51:28.616060,0 days 00:00:04.811147,496,6,77,13,COMPLETE
676,676,-4.014246002370011,4.307787933834338e-05,2024-05-16 14:51:28.616060,2024-05-16 14:51:37.722478,0 days 00:00:09.106418,4,153,173,13,COMPLETE
677,677,-18824.27081728822,0.0018499841582007687,2024-05-16 14:51:37.738066,2024-05-16 14:51:46.887243,0 days 00:00:09.149177,851,56,117,13,COMPLETE
678,678,-6.159671403102758,4.771912043619263e-05,2024-05-16 14:51:46.887243,2024-05-16 14:51:55.368808,0 days 00:00:08.481565,6,144,184,13,COMPLETE
679,679,-4.748072217638466,4.511489054607262e-05,2024-05-16 14:51:55.368808,2024-05-16 14:51:59.273400,0 days 00:00:03.904592,6,45,75,13,COMPLETE
680,680,-2910.14674907539,0.0006528918622107695,2024-05-16 14:51:59.273400,2024-05-16 14:52:11.547037,0 days 00:00:12.273637,772,136,163,13,COMPLETE
681,681,-5.137536898526845,4.7858480035372056e-05,2024-05-16 14:52:11.547037,2024-05-16 14:52:14.014071,0 days 00:00:02.467034,6,5,145,13,COMPLETE
682,682,-27.895677797489434,9.822838548664604e-05,2024-05-16 14:52:14.014071,2024-05-16 14:52:21.448954,0 days 00:00:07.434883,196,80,117,13,COMPLETE
683,683,-84.79786125597681,0.0001726180808722405,2024-05-16 14:52:21.448954,2024-05-16 14:52:25.475310,0 days 00:00:04.026356,398,7,16,13,COMPLETE
684,684,-16.991232531496856,7.153101659401254e-05,2024-05-16 14:52:25.475310,2024-05-16 14:52:32.006019,0 days 00:00:06.530709,6,100,152,13,COMPLETE
685,685,-79.00897239004834,0.0001552749759060292,2024-05-16 14:52:32.006019,2024-05-16 14:52:36.500594,0 days 00:00:04.494575,358,27,41,13,COMPLETE
686,686,-4.151726104439566,4.401319943918705e-05,2024-05-16 14:52:36.500594,2024-05-16 14:52:39.261047,0 days 00:00:02.760453,6,13,62,13,COMPLETE
687,687,-69.35487183422417,0.00010717425486455379,2024-05-16 14:52:39.262045,2024-05-16 14:52:46.485832,0 days 00:00:07.223787,6,120,168,13,COMPLETE
688,688,-6.364645066085715,5.257609216966308e-05,2024-05-16 14:52:46.486798,2024-05-16 14:52:51.452326,0 days 00:00:04.965528,6,67,111,13,COMPLETE
689,689,-22.241343445900647,9.69431895477208e-05,2024-05-16 14:52:51.452326,2024-05-16 14:52:56.610391,0 days 00:00:05.158065,166,51,66,13,COMPLETE
690,690,-268.9202276750876,0.0002974628028260527,2024-05-16 14:52:56.610391,2024-05-16 14:53:05.214989,0 days 00:00:08.604598,915,2,3,13,COMPLETE
691,691,-4.744198040639847,4.624891244486516e-05,2024-05-16 14:53:05.214989,2024-05-16 14:53:08.688439,0 days 00:00:03.473450,6,32,65,13,COMPLETE
692,692,-393.19388076576985,0.00039088210775068907,2024-05-16 14:53:08.688439,2024-05-16 14:53:16.686599,0 days 00:00:07.998160,993,13,43,13,COMPLETE
693,693,-25.869252978131662,7.573704674168872e-05,2024-05-16 14:53:16.686599,2024-05-16 14:53:21.562873,0 days 00:00:04.876274,6,64,152,13,COMPLETE
694,694,-4.375069966079321,4.499959637854108e-05,2024-05-16 14:53:21.562873,2024-05-16 14:53:23.962928,0 days 00:00:02.400055,6,8,86,13,COMPLETE
695,695,-18.549750463106427,9.000673874517447e-05,2024-05-16 14:53:23.962928,2024-05-16 14:53:28.511921,0 days 00:00:04.548993,125,22,24,13,COMPLETE
696,696,-22.90896159310363,9.155274930572585e-05,2024-05-16 14:53:28.511921,2024-05-16 14:53:34.352073,0 days 00:00:05.840152,301,53,149,13,COMPLETE
697,697,-11.682930521058578,6.130560244915347e-05,2024-05-16 14:53:34.367709,2024-05-16 14:53:36.591023,0 days 00:00:02.223314,4,2,77,13,COMPLETE
698,698,-4.346404506832351,4.4702276276313506e-05,2024-05-16 14:53:36.591023,2024-05-16 14:53:42.190185,0 days 00:00:05.599162,6,77,155,13,COMPLETE
699,699,-14579.249822957418,0.0014713720415278839,2024-05-16 14:53:42.190185,2024-05-16 14:53:51.932802,0 days 00:00:09.742617,805,68,77,13,COMPLETE
700,700,-36.49638232966409,8.581719983291341e-05,2024-05-16 14:53:51.932802,2024-05-16 14:53:58.772455,0 days 00:00:06.839653,6,111,129,14,COMPLETE
701,701,-52.75260072818075,0.0001265544509632656,2024-05-16 14:53:58.772455,2024-05-16 14:54:04.400573,0 days 00:00:05.628118,53,71,196,14,COMPLETE
702,702,-27.171508927481938,9.694151576258473e-05,2024-05-16 14:54:04.401535,2024-05-16 14:54:09.715623,0 days 00:00:05.314088,186,58,79,14,COMPLETE
703,703,-1228.289207843948,0.00021248960647055672,2024-05-16 14:54:09.717619,2024-05-16 14:54:13.883578,0 days 00:00:04.165959,6,55,67,14,COMPLETE
704,704,-4.7200770575835405,4.63055213158802e-05,2024-05-16 14:54:13.883578,2024-05-16 14:54:16.358434,0 days 00:00:02.474856,6,8,117,14,COMPLETE
705,705,-4.245655090632686,4.395622009430873e-05,2024-05-16 14:54:16.374056,2024-05-16 14:54:24.288494,0 days 00:00:07.914438,4,138,179,14,COMPLETE
706,706,-17868.931917385373,0.001428610290935443,2024-05-16 14:54:24.288494,2024-05-16 14:54:31.844767,0 days 00:00:07.556273,599,81,182,14,COMPLETE
707,707,-918.161326817513,0.0004057649622457391,2024-05-16 14:54:31.844767,2024-05-16 14:54:35.635380,0 days 00:00:03.790613,432,2,52,14,COMPLETE
708,708,-5.869622340482979,5.0568683649715886e-05,2024-05-16 14:54:35.651228,2024-05-16 14:54:40.291830,0 days 00:00:04.640602,6,54,163,14,COMPLETE
709,709,-151677.66700195172,0.004414940603527319,2024-05-16 14:54:40.307452,2024-05-16 14:54:45.483033,0 days 00:00:05.175581,626,4,117,14,COMPLETE
710,710,-5.078386538102296,4.721832462842021e-05,2024-05-16 14:54:45.498654,2024-05-16 14:54:52.352695,0 days 00:00:06.854041,6,116,139,14,COMPLETE
711,711,-4.003223550101584,4.3400051618054027e-05,2024-05-16 14:54:52.352695,2024-05-16 14:54:56.632778,0 days 00:00:04.280083,6,62,67,14,COMPLETE
712,712,-4.12565738417955,4.3527647526848545e-05,2024-05-16 14:54:56.632778,2024-05-16 14:54:59.471022,0 days 00:00:02.838244,4,26,52,14,COMPLETE
713,713,-37.42129995315126,0.00010619976473361979,2024-05-16 14:54:59.471022,2024-05-16 14:55:03.521906,0 days 00:00:04.050884,82,24,67,14,COMPLETE
714,714,-10.42403206170584,5.0472986825056086e-05,2024-05-16 14:55:03.521906,2024-05-16 14:55:06.969578,0 days 00:00:03.447672,10,31,99,14,COMPLETE
715,715,-3.771554332947614,4.206171030768432e-05,2024-05-16 14:55:06.969578,2024-05-16 14:55:10.121119,0 days 00:00:03.151541,6,26,77,14,COMPLETE
716,716,-4.045333930086417,4.3491649507997605e-05,2024-05-16 14:55:10.123114,2024-05-16 14:55:13.211377,0 days 00:00:03.088263,6,26,99,14,COMPLETE
717,717,-386981.2466722309,0.008291617384209925,2024-05-16 14:55:13.226999,2024-05-16 14:55:20.511644,0 days 00:00:07.284645,863,17,26,14,COMPLETE
718,718,-4.938901468089722,4.460157760971067e-05,2024-05-16 14:55:20.511644,2024-05-16 14:55:24.279594,0 days 00:00:03.767950,6,43,77,14,COMPLETE
719,719,-4.388524947395511,4.517735221816816e-05,2024-05-16 14:55:24.279594,2024-05-16 14:55:26.959451,0 days 00:00:02.679857,4,3,9,14,COMPLETE
720,720,-3.9430827599383846,3.995618450261281e-05,2024-05-16 14:55:26.959451,2024-05-16 14:55:29.753299,0 days 00:00:02.793848,6,5,62,14,COMPLETE
721,721,-4.326722236624531,4.460888327108299e-05,2024-05-16 14:55:29.753299,2024-05-16 14:55:33.306594,0 days 00:00:03.553295,6,33,77,14,COMPLETE
722,722,-4.3260092580898455,4.467481817618199e-05,2024-05-16 14:55:33.322217,2024-05-16 14:55:40.060130,0 days 00:00:06.737913,6,101,155,14,COMPLETE
723,723,-3.9718977558116904,4.3071558610384e-05,2024-05-16 14:55:40.060130,2024-05-16 14:55:43.239075,0 days 00:00:03.178945,6,29,33,14,COMPLETE
724,724,-5.620954524846839,4.9237491784348226e-05,2024-05-16 14:55:43.239075,2024-05-16 14:55:45.567112,0 days 00:00:02.328037,6,3,3,14,COMPLETE
725,725,-1314.7568998622055,0.0006020770828192583,2024-05-16 14:55:45.567112,2024-05-16 15:13:26.980871,0 days 00:17:41.413759,851,14,16,14,COMPLETE
726,726,-5.509290737247864,4.887741784955278e-05,2024-05-16 15:13:26.996492,2024-05-16 15:13:33.810117,0 days 00:00:06.813625,6,120,129,14,COMPLETE
727,727,-5.0178475608695665,4.7472431458146095e-05,2024-05-16 15:13:33.810117,2024-05-16 15:13:39.163321,0 days 00:00:05.353204,6,81,152,14,COMPLETE
728,728,-28.022203370350574,0.00010858253094607794,2024-05-16 15:13:39.163321,2024-05-16 15:13:50.134560,0 days 00:00:10.971239,267,170,191,14,COMPLETE
729,729,-2832283.6220087553,0.016023773816721258,2024-05-16 15:13:50.134560,2024-05-16 15:13:54.547466,0 days 00:00:04.412906,345,25,67,14,COMPLETE
730,730,-4.125219926999221,4.367836606544002e-05,2024-05-16 15:13:54.547466,2024-05-16 15:13:58.929217,0 days 00:00:04.381751,6,56,129,14,COMPLETE
731,731,-1049.4991977036211,0.00018058313314229984,2024-05-16 15:13:58.946389,2024-05-16 15:14:05.560606,0 days 00:00:06.614217,6,109,144,14,COMPLETE
732,732,-58.65537391198069,0.00010699950216613372,2024-05-16 15:14:05.560606,2024-05-16 15:14:09.156875,0 days 00:00:03.596269,6,32,66,14,COMPLETE
733,733,-327.19213643150664,0.0003685548107025755,2024-05-16 15:14:09.156875,2024-05-16 15:14:20.896529,0 days 00:00:11.739654,805,97,155,14,COMPLETE
