,number,values_0,values_1,datetime_start,datetime_complete,duration,params_dim,params_rank,params_window_length,system_attrs_nsga2:generation,state
440,440,-0.7889261598035493,0.006764412577231728,2024-05-18 12:47:51.225914,2024-05-18 12:47:56.833217,0 days 00:00:05.607303,436,84,87,8,COMPLETE
441,441,-0.6992614149705865,0.006696992706709923,2024-05-18 12:47:56.834213,2024-05-18 12:48:02.560388,0 days 00:00:05.726175,341,83,169,8,COMPLETE
442,442,-0.35789384710558136,0.0058899928547948305,2024-05-18 12:48:02.562383,2024-05-18 12:48:12.118841,0 days 00:00:09.556458,993,115,142,8,COMPLETE
443,443,-0.7116757687233571,0.006628451590270777,2024-05-18 12:48:12.120836,2024-05-18 12:48:19.695141,0 days 00:00:07.574305,634,115,161,8,COMPLETE
444,444,-0.3593468725612389,0.005980610587747645,2024-05-18 12:48:19.696240,2024-05-18 12:48:23.392352,0 days 00:00:03.696112,397,38,87,8,COMPLETE
445,445,-388.219472867136,0.06064532610507471,2024-05-18 12:48:23.394347,2024-05-18 12:48:30.441153,0 days 00:00:07.046806,764,74,147,8,COMPLETE
446,446,-0.6648935320228928,0.006457738020937251,2024-05-18 12:48:30.443148,2024-05-18 12:48:38.586059,0 days 00:00:08.142911,724,107,161,8,COMPLETE
447,447,-0.8726511957780965,0.006911545955763094,2024-05-18 12:48:38.588056,2024-05-18 12:48:43.527376,0 days 00:00:04.939320,690,31,136,8,COMPLETE
448,448,-0.5542048209721372,0.006458108489303868,2024-05-18 12:48:43.529370,2024-05-18 12:48:48.916746,0 days 00:00:05.387376,846,34,51,8,COMPLETE
449,449,-0.5451801768099938,0.0064171417033010185,2024-05-18 12:48:48.918819,2024-05-18 12:48:51.691110,0 days 00:00:02.772291,435,10,35,8,COMPLETE
450,450,-0.5669010859243467,0.006314393596246683,2024-05-18 12:48:51.693104,2024-05-18 12:48:54.793919,0 days 00:00:03.100815,629,12,12,9,COMPLETE
451,451,-0.9209730701067583,0.007106338872026272,2024-05-18 12:48:54.795938,2024-05-18 12:48:59.345588,0 days 00:00:04.549650,436,47,297,9,COMPLETE
452,452,-0.5772168590020226,0.0063352533894920045,2024-05-18 12:48:59.347586,2024-05-18 12:49:02.333260,0 days 00:00:02.985674,512,15,93,9,COMPLETE
453,453,-0.5962405321235975,0.006600968546279283,2024-05-18 12:49:02.335255,2024-05-18 12:49:04.998400,0 days 00:00:02.663145,253,16,218,9,COMPLETE
454,454,-0.8806541004699788,0.0070436144651847745,2024-05-18 12:49:05.000394,2024-05-18 12:49:07.896286,0 days 00:00:02.895892,261,28,66,9,COMPLETE
455,455,-0.944191893984506,0.007086213200986227,2024-05-18 12:49:07.898281,2024-05-18 12:49:16.344559,0 days 00:00:08.446278,950,91,219,9,COMPLETE
456,456,-0.773886534331451,0.006742335027656624,2024-05-18 12:49:16.346553,2024-05-18 12:49:30.618268,0 days 00:00:14.271715,711,231,282,9,COMPLETE
457,457,-0.35040970708113967,0.005916549551875157,2024-05-18 12:49:30.620262,2024-05-18 12:49:38.192140,0 days 00:00:07.571878,436,95,272,9,COMPLETE
458,458,-0.8634182905258271,0.006964089176004931,2024-05-18 12:49:38.194135,2024-05-18 12:49:46.107732,0 days 00:00:07.913597,790,88,224,9,COMPLETE
459,459,-0.42296577503493504,0.006177060383300922,2024-05-18 12:49:46.109725,2024-05-18 12:49:51.399442,0 days 00:00:05.289717,436,76,134,9,COMPLETE
460,460,-0.6882160012033405,0.006653887406687549,2024-05-18 12:49:51.401435,2024-05-18 12:50:01.449795,0 days 00:00:10.048360,238,186,242,9,COMPLETE
461,461,-0.661559318947434,0.0065535594269469895,2024-05-18 12:50:01.451789,2024-05-18 12:50:10.874526,0 days 00:00:09.422737,589,155,219,9,COMPLETE
462,462,-1.2577961836219562,0.007528400393510065,2024-05-18 12:50:10.876520,2024-05-18 12:50:14.950356,0 days 00:00:04.073836,799,4,5,9,COMPLETE
463,463,-0.7300143276501272,0.0066242422796680646,2024-05-18 12:50:14.951351,2024-05-18 12:50:27.689315,0 days 00:00:12.737964,993,192,224,9,COMPLETE
464,464,-0.49300076504734475,0.006187979805557317,2024-05-18 12:50:27.691310,2024-05-18 12:50:37.583343,0 days 00:00:09.892033,635,163,244,9,COMPLETE
465,465,-1.4211159706456156,0.008062258003348,2024-05-18 12:50:37.586399,2024-05-18 12:50:42.185367,0 days 00:00:04.598968,993,7,11,9,COMPLETE
466,466,-0.3008042904262994,0.005742451838465378,2024-05-18 12:50:42.188358,2024-05-18 12:50:45.214790,0 days 00:00:03.026432,351,22,145,9,COMPLETE
467,467,-19.308780595151468,0.01747919955807748,2024-05-18 12:50:45.215787,2024-05-18 12:50:51.237390,0 days 00:00:06.021603,983,30,44,9,COMPLETE
468,468,-0.4703222530722993,0.006179425112945782,2024-05-18 12:50:51.239383,2024-05-18 12:50:54.772540,0 days 00:00:03.533157,629,11,44,9,COMPLETE
469,469,-0.731021514510797,0.006703080821797239,2024-05-18 12:50:54.774589,2024-05-18 12:51:00.605563,0 days 00:00:05.830974,700,57,142,9,COMPLETE
470,470,-0.943790889187078,0.007164491908305979,2024-05-18 12:51:00.607557,2024-05-18 12:51:12.073953,0 days 00:00:11.466396,436,210,224,9,COMPLETE
471,471,-0.996714458783333,0.007071634982928568,2024-05-18 12:51:12.075946,2024-05-18 12:51:18.582337,0 days 00:00:06.506391,746,55,224,9,COMPLETE
472,472,-0.8481522013076027,0.0069113134351377874,2024-05-18 12:51:18.584333,2024-05-18 12:51:21.858610,0 days 00:00:03.274277,468,7,12,9,COMPLETE
473,473,-0.9873905703146344,0.007128753410738868,2024-05-18 12:51:21.860606,2024-05-18 12:51:30.470107,0 days 00:00:08.609501,177,148,249,9,COMPLETE
474,474,-0.6164297994173418,0.006429676866003946,2024-05-18 12:51:30.472107,2024-05-18 12:51:36.055583,0 days 00:00:05.583476,805,39,94,9,COMPLETE
475,475,-1.720806253799185,0.007985786102598726,2024-05-18 12:51:36.057578,2024-05-18 12:51:44.876903,0 days 00:00:08.819325,811,118,170,9,COMPLETE
476,476,-0.3333809226976334,0.005869935942420535,2024-05-18 12:51:44.878898,2024-05-18 12:52:02.502259,0 days 00:00:17.623361,958,273,285,9,COMPLETE
477,477,-0.6320323348013028,0.006429937244610109,2024-05-18 12:52:02.504253,2024-05-18 12:52:05.229308,0 days 00:00:02.725055,412,10,250,9,COMPLETE
478,478,-0.1969911233123541,0.005571846812633639,2024-05-18 12:52:05.231302,2024-05-18 12:52:10.148138,0 days 00:00:04.916836,958,20,59,9,COMPLETE
479,479,-0.6627229444000882,0.006454698536614128,2024-05-18 12:52:10.150132,2024-05-18 12:52:21.241436,0 days 00:00:11.091304,957,145,283,9,COMPLETE
480,480,-15.684386485688014,0.018923984969379894,2024-05-18 12:52:21.242433,2024-05-18 12:52:31.284453,0 days 00:00:10.042020,921,136,224,9,COMPLETE
481,481,-0.7573903967119826,0.006645598248359375,2024-05-18 12:52:31.286447,2024-05-18 12:52:43.850198,0 days 00:00:12.563751,319,236,264,9,COMPLETE
482,482,-0.9174445833529064,0.006998384403792243,2024-05-18 12:52:43.852191,2024-05-18 12:52:58.645061,0 days 00:00:14.792870,958,241,244,9,COMPLETE
483,483,-0.41099998799005116,0.005882356520296143,2024-05-18 12:52:58.647055,2024-05-18 12:53:02.830410,0 days 00:00:04.183355,405,42,282,9,COMPLETE
484,484,-0.8764751441691647,0.006933760194293398,2024-05-18 12:53:02.831408,2024-05-18 12:53:18.608163,0 days 00:00:15.776755,651,276,300,9,COMPLETE
485,485,-1.0459447677200338,0.007431310552328761,2024-05-18 12:53:18.609159,2024-05-18 12:53:23.722931,0 days 00:00:05.113772,361,72,185,9,COMPLETE
486,486,-0.9652836099929782,0.007083339426913979,2024-05-18 12:53:23.724926,2024-05-18 12:53:27.695589,0 days 00:00:03.970663,760,6,11,9,COMPLETE
487,487,-0.5322928023208189,0.00632442651394328,2024-05-18 12:53:27.696586,2024-05-18 12:53:33.484803,0 days 00:00:05.788217,957,37,218,9,COMPLETE
488,488,-0.7566372921117706,0.0068293923201625615,2024-05-18 12:53:33.486799,2024-05-18 12:53:45.250980,0 days 00:00:11.764181,766,169,219,9,COMPLETE
489,489,-0.36389583599544173,0.005887950622142078,2024-05-18 12:53:45.251977,2024-05-18 12:53:57.523706,0 days 00:00:12.271729,437,215,285,9,COMPLETE
490,490,-0.6225817959042994,0.006297002356632292,2024-05-18 12:53:57.525704,2024-05-18 12:54:02.198803,0 days 00:00:04.673099,789,21,126,9,COMPLETE
491,491,-0.5356426894689011,0.006269878392232124,2024-05-18 12:54:02.200799,2024-05-18 12:54:09.675322,0 days 00:00:07.474523,900,80,200,9,COMPLETE
492,492,-0.8459750992806603,0.006981918220928207,2024-05-18 12:54:09.677389,2024-05-18 12:54:12.522946,0 days 00:00:02.845557,436,16,57,9,COMPLETE
493,493,-0.28352715038451815,0.00571750184603875,2024-05-18 12:54:12.525011,2024-05-18 12:54:19.664785,0 days 00:00:07.139774,192,121,244,9,COMPLETE
494,494,-0.6081256629076275,0.00633616560213634,2024-05-18 12:54:19.665782,2024-05-18 12:54:22.846001,0 days 00:00:03.180219,204,28,282,9,COMPLETE
495,495,-0.6572386195094543,0.006531483787693406,2024-05-18 12:54:22.847995,2024-05-18 12:54:38.430043,0 days 00:00:15.582048,958,241,292,9,COMPLETE
496,496,-0.7568704066502627,0.006733581910730445,2024-05-18 12:54:38.432038,2024-05-18 12:54:48.016020,0 days 00:00:09.583982,826,138,181,9,COMPLETE
497,497,-0.2164203363727982,0.005588910659382775,2024-05-18 12:54:48.018016,2024-05-18 12:54:52.436079,0 days 00:00:04.418063,651,36,200,9,COMPLETE
498,498,-0.4957331068061782,0.006284603441011648,2024-05-18 12:54:52.438076,2024-05-18 12:54:58.027605,0 days 00:00:05.589529,958,41,51,9,COMPLETE
499,499,-1.0079253019651049,0.007295184566234332,2024-05-18 12:54:58.029600,2024-05-18 12:55:04.407799,0 days 00:00:06.378199,907,65,67,9,COMPLETE
500,500,-0.6203497365361746,0.006620623626177822,2024-05-18 12:55:04.408851,2024-05-18 12:55:07.881543,0 days 00:00:03.472692,661,2,59,10,COMPLETE
501,501,-0.2761736850573575,0.0058034252016270675,2024-05-18 12:55:07.884537,2024-05-18 12:55:14.275945,0 days 00:00:06.391408,908,53,209,10,COMPLETE
502,502,-1.9382621912182347,0.008738075971642115,2024-05-18 12:55:14.277941,2024-05-18 12:55:26.092134,0 days 00:00:11.814193,958,156,285,10,COMPLETE
503,503,-1.3290681517102017,0.007686779807965333,2024-05-18 12:55:26.093129,2024-05-18 12:55:32.944887,0 days 00:00:06.851758,712,72,123,10,COMPLETE
504,504,-0.7961159866230908,0.006770657394172537,2024-05-18 12:55:32.946882,2024-05-18 12:55:41.200131,0 days 00:00:08.253249,958,67,244,10,COMPLETE
505,505,-0.28579676545497695,0.0059009138490860825,2024-05-18 12:55:41.201129,2024-05-18 12:55:45.029297,0 days 00:00:03.828168,670,5,121,10,COMPLETE
506,506,-0.7232642175607739,0.006636195204371827,2024-05-18 12:55:45.031294,2024-05-18 12:55:49.303995,0 days 00:00:04.272701,874,3,66,10,COMPLETE
507,507,-0.6495083377198103,0.006576954403939414,2024-05-18 12:55:49.305988,2024-05-18 12:55:54.301029,0 days 00:00:04.995041,351,75,121,10,COMPLETE
508,508,-0.5226751875912579,0.006256087978075138,2024-05-18 12:55:54.302028,2024-05-18 12:56:02.048378,0 days 00:00:07.746350,435,124,241,10,COMPLETE
509,509,-0.3533310279184729,0.005862298656372934,2024-05-18 12:56:02.050375,2024-05-18 12:56:08.262926,0 days 00:00:06.212551,933,55,70,10,COMPLETE
510,510,-0.9869014765435924,0.007076272703128076,2024-05-18 12:56:08.264922,2024-05-18 12:56:19.093878,0 days 00:00:10.828956,361,186,224,10,COMPLETE
511,511,-1.1372446978325796,0.007243533170193911,2024-05-18 12:56:19.096870,2024-05-18 12:56:23.902198,0 days 00:00:04.805328,412,45,219,10,COMPLETE
512,512,-1.07699651050975,0.007335082176222929,2024-05-18 12:56:23.904194,2024-05-18 12:56:28.647617,0 days 00:00:04.743423,958,14,51,10,COMPLETE
513,513,-0.8136419714826957,0.0068699404194927805,2024-05-18 12:56:28.649613,2024-05-18 12:56:31.475905,0 days 00:00:02.826292,584,7,29,10,COMPLETE
514,514,-0.7208622006772457,0.006686602075755663,2024-05-18 12:56:31.477902,2024-05-18 12:56:36.860193,0 days 00:00:05.382291,252,81,200,10,COMPLETE
515,515,-0.681045073223021,0.006564342606502306,2024-05-18 12:56:36.862189,2024-05-18 12:56:40.320469,0 days 00:00:03.458280,361,36,64,10,COMPLETE
516,516,-0.5388754610450149,0.0063063717416183525,2024-05-18 12:56:40.322464,2024-05-18 12:56:43.694027,0 days 00:00:03.371563,481,31,35,10,COMPLETE
517,517,-0.3176697502143181,0.005681596710920949,2024-05-18 12:56:43.696024,2024-05-18 12:56:50.553906,0 days 00:00:06.857882,905,35,224,10,COMPLETE
518,518,-1.566444658160608,0.008279006750340387,2024-05-18 12:56:50.555901,2024-05-18 12:56:58.138812,0 days 00:00:07.582911,173,134,192,10,COMPLETE
519,519,-0.8477231332985143,0.006922588852910564,2024-05-18 12:56:58.139810,2024-05-18 12:57:07.911120,0 days 00:00:09.771310,690,120,219,10,COMPLETE
520,520,-0.6080506654564901,0.006462479444665078,2024-05-18 12:57:07.913117,2024-05-18 12:57:12.593892,0 days 00:00:04.680775,958,12,69,10,COMPLETE
521,521,-0.5320827436733458,0.006312837908720179,2024-05-18 12:57:12.594891,2024-05-18 12:57:17.880587,0 days 00:00:05.285696,629,68,103,10,COMPLETE
522,522,-0.5167655027533499,0.006193604069312244,2024-05-18 12:57:17.881583,2024-05-18 12:57:27.944376,0 days 00:00:10.062793,859,137,244,10,COMPLETE
523,523,-0.4681824316431015,0.006122102012763799,2024-05-18 12:57:27.946373,2024-05-18 12:57:34.378004,0 days 00:00:06.431631,645,83,224,10,COMPLETE
524,524,-0.8401784434846704,0.006868469565316904,2024-05-18 12:57:34.380000,2024-05-18 12:57:37.102116,0 days 00:00:02.722116,637,2,13,10,COMPLETE
525,525,-0.5327828108777324,0.00634198866117319,2024-05-18 12:57:37.104112,2024-05-18 12:57:43.652331,0 days 00:00:06.548219,764,56,66,10,COMPLETE
526,526,-0.5370053436854253,0.0063397694852432825,2024-05-18 12:57:43.654328,2024-05-18 12:57:47.455257,0 days 00:00:03.800929,690,7,59,10,COMPLETE
527,527,-1.1830246039663628,0.007538835540877015,2024-05-18 12:57:47.457254,2024-05-18 12:57:49.911164,0 days 00:00:02.453910,272,6,282,10,COMPLETE
528,528,-0.9749002809224393,0.007097891601379427,2024-05-18 12:57:49.912162,2024-05-18 12:57:55.784032,0 days 00:00:05.871870,240,97,148,10,COMPLETE
529,529,-0.37120616586051597,0.005847218221012336,2024-05-18 12:57:55.785031,2024-05-18 12:58:01.387433,0 days 00:00:05.602402,752,54,59,10,COMPLETE
530,530,-0.5181388875102062,0.0062754027843063605,2024-05-18 12:58:01.388432,2024-05-18 12:58:08.565092,0 days 00:00:07.176660,993,74,99,10,COMPLETE
531,531,-0.7133907124743045,0.0067770717461866385,2024-05-18 12:58:08.567087,2024-05-18 12:58:11.562475,0 days 00:00:02.995388,252,20,244,10,COMPLETE
532,532,-0.60333988577725,0.0062660681632723215,2024-05-18 12:58:11.564472,2024-05-18 12:58:21.950825,0 days 00:00:10.386353,790,160,167,10,COMPLETE
533,533,-0.8963505453322644,0.00695539878034363,2024-05-18 12:58:21.951824,2024-05-18 12:58:32.083992,0 days 00:00:10.132168,539,162,282,10,COMPLETE
534,534,-0.481570438192269,0.006160267512719186,2024-05-18 12:58:32.085987,2024-05-18 12:58:42.458434,0 days 00:00:10.372447,472,172,285,10,COMPLETE
535,535,-1.271482553781593,0.007707779153965423,2024-05-18 12:58:42.460428,2024-05-18 12:58:50.162339,0 days 00:00:07.701911,123,151,152,10,COMPLETE
536,536,-4.3319268249810055,0.008609744618616511,2024-05-18 12:58:50.164304,2024-05-18 12:58:53.903081,0 days 00:00:03.738777,15,49,235,10,COMPLETE
537,537,-0.6753636522708313,0.006434427931565669,2024-05-18 12:58:53.904079,2024-05-18 12:59:05.260245,0 days 00:00:11.356166,606,201,219,10,COMPLETE
538,538,-0.6834832855733555,0.00664108398429551,2024-05-18 12:59:05.262241,2024-05-18 12:59:07.906642,0 days 00:00:02.644401,64,27,59,10,COMPLETE
539,539,-0.3646291186248754,0.005930846634354033,2024-05-18 12:59:07.908637,2024-05-18 12:59:16.764301,0 days 00:00:08.855664,591,153,153,10,COMPLETE
540,540,-0.38476994788295216,0.005911536794830641,2024-05-18 12:59:16.765392,2024-05-18 12:59:21.032516,0 days 00:00:04.267124,690,14,244,10,COMPLETE
541,541,-0.24103917313703946,0.005674393973719315,2024-05-18 12:59:21.033474,2024-05-18 12:59:33.281396,0 days 00:00:12.247922,857,190,224,10,COMPLETE
542,542,-0.3847798453972701,0.006082465550866843,2024-05-18 12:59:33.283393,2024-05-18 12:59:44.388741,0 days 00:00:11.105348,436,170,255,10,COMPLETE
543,543,-0.9649546367885012,0.0073215881338960665,2024-05-18 12:59:44.389764,2024-05-18 12:59:48.264204,0 days 00:00:03.874440,178,54,93,10,COMPLETE
544,544,-0.4471793167801593,0.006289824336314062,2024-05-18 12:59:48.265276,2024-05-18 12:59:53.302382,0 days 00:00:05.037106,265,69,224,10,COMPLETE
545,545,-0.5890407082825021,0.006513516374672989,2024-05-18 12:59:53.303473,2024-05-18 12:59:57.000819,0 days 00:00:03.697346,378,42,51,10,COMPLETE
546,546,-0.9058597852829136,0.006993416303797313,2024-05-18 12:59:57.002893,2024-05-18 13:00:00.468684,0 days 00:00:03.465791,584,25,26,10,COMPLETE
547,547,-0.7327567842804318,0.006543032958153168,2024-05-18 13:00:00.469682,2024-05-18 13:00:03.413959,0 days 00:00:02.944277,126,31,142,10,COMPLETE
548,548,-0.34902316029251235,0.0058201866500378835,2024-05-18 13:00:03.415954,2024-05-18 13:00:08.602357,0 days 00:00:05.186403,211,88,93,10,COMPLETE
549,549,-1.5364931629205865,0.00808854348025343,2024-05-18 13:00:08.603354,2024-05-18 13:00:15.916648,0 days 00:00:07.313294,727,80,266,10,COMPLETE
550,550,-0.45516612407890716,0.006169981902725058,2024-05-18 13:00:15.918641,2024-05-18 13:00:22.730447,0 days 00:00:06.811806,974,64,120,11,COMPLETE
551,551,-1.4842133484489097,0.007597152557872898,2024-05-18 13:00:22.732406,2024-05-18 13:00:28.406493,0 days 00:00:05.674087,790,51,52,11,COMPLETE
552,552,-0.4049683969680135,0.006070337464033477,2024-05-18 13:00:28.408489,2024-05-18 13:00:35.541287,0 days 00:00:07.132798,177,126,195,11,COMPLETE
553,553,-0.6876179076704046,0.006454502836720291,2024-05-18 13:00:35.543250,2024-05-18 13:00:37.458630,0 days 00:00:01.915380,203,2,4,11,COMPLETE
554,554,-0.6264958434532668,0.006290262829147067,2024-05-18 13:00:37.459628,2024-05-18 13:00:42.899241,0 days 00:00:05.439613,866,43,58,11,COMPLETE
555,555,-0.4986332577095999,0.00631705131398589,2024-05-18 13:00:42.901236,2024-05-18 13:00:53.156556,0 days 00:00:10.255320,238,190,242,11,COMPLETE
556,556,-6.054670612601396,0.012598912672552125,2024-05-18 13:00:53.158550,2024-05-18 13:01:01.685181,0 days 00:00:08.526631,949,99,224,11,COMPLETE
557,557,-0.789350475477376,0.006502541275870378,2024-05-18 13:01:01.687176,2024-05-18 13:01:04.631309,0 days 00:00:02.944133,651,7,20,11,COMPLETE
558,558,-0.6307793456669959,0.00638367501000772,2024-05-18 13:01:04.633303,2024-05-18 13:01:14.498148,0 days 00:00:09.864845,448,165,285,11,COMPLETE
559,559,-1.7554707504617917,0.00853576666454237,2024-05-18 13:01:14.500140,2024-05-18 13:01:25.142792,0 days 00:00:10.642652,764,138,264,11,COMPLETE
560,560,-0.7202878615091544,0.006530518118626287,2024-05-18 13:01:25.144785,2024-05-18 13:01:27.035895,0 days 00:00:01.891110,205,3,36,11,COMPLETE
561,561,-0.6277850406823459,0.006470685326255811,2024-05-18 13:01:27.037890,2024-05-18 13:01:30.958198,0 days 00:00:03.920308,641,27,224,11,COMPLETE
562,562,-0.7095765724783458,0.006812194772042969,2024-05-18 13:01:30.960252,2024-05-18 13:01:33.949803,0 days 00:00:02.989551,211,31,93,11,COMPLETE
563,563,-0.9355982131435743,0.007100347391065213,2024-05-18 13:01:33.951797,2024-05-18 13:01:38.711546,0 days 00:00:04.759749,946,13,245,11,COMPLETE
564,564,-0.8269840803814412,0.006892697427700464,2024-05-18 13:01:38.712543,2024-05-18 13:01:43.092735,0 days 00:00:04.380192,353,55,192,11,COMPLETE
565,565,-0.7779812722295896,0.0068501077384531175,2024-05-18 13:01:43.094728,2024-05-18 13:01:48.525405,0 days 00:00:05.430677,484,72,158,11,COMPLETE
566,566,-0.42509240407980287,0.006048328014903879,2024-05-18 13:01:48.528397,2024-05-18 13:01:58.168576,0 days 00:00:09.640179,958,127,208,11,COMPLETE
567,567,-0.4698804759298012,0.006065225008032598,2024-05-18 13:01:58.170571,2024-05-18 13:02:04.035009,0 days 00:00:05.864438,669,58,125,11,COMPLETE
568,568,-0.41470669367812274,0.006010324181799346,2024-05-18 13:02:04.037002,2024-05-18 13:02:06.503538,0 days 00:00:02.466536,357,9,11,11,COMPLETE
569,569,-0.7715631363484381,0.006718892730155736,2024-05-18 13:02:06.505533,2024-05-18 13:02:18.964123,0 days 00:00:12.458590,1000,189,209,11,COMPLETE
570,570,-0.47499633597465457,0.006205080815449849,2024-05-18 13:02:18.966119,2024-05-18 13:02:25.811314,0 days 00:00:06.845195,250,126,136,11,COMPLETE
571,571,-0.933690709161945,0.007017898245019072,2024-05-18 13:02:25.812309,2024-05-18 13:02:31.523644,0 days 00:00:05.711335,993,30,179,11,COMPLETE
572,572,-0.21657515260658253,0.005646636347096953,2024-05-18 13:02:31.525640,2024-05-18 13:02:36.294702,0 days 00:00:04.769062,796,28,59,11,COMPLETE
573,573,-0.5782014674841464,0.006223496038465541,2024-05-18 13:02:36.296697,2024-05-18 13:02:38.698643,0 days 00:00:02.401946,209,10,243,11,COMPLETE
574,574,-0.299619185506886,0.005733712848648079,2024-05-18 13:02:38.700637,2024-05-18 13:02:43.662272,0 days 00:00:04.961635,764,32,145,11,COMPLETE
575,575,-0.41226486884365254,0.005967289506192601,2024-05-18 13:02:43.664265,2024-05-18 13:02:49.255321,0 days 00:00:05.591056,447,81,142,11,COMPLETE
576,576,-0.43061493368362935,0.006145884669828519,2024-05-18 13:02:49.257315,2024-05-18 13:02:56.214912,0 days 00:00:06.957597,957,66,171,11,COMPLETE
577,577,-0.6890686381615281,0.006627104118959923,2024-05-18 13:02:56.216905,2024-05-18 13:03:00.363785,0 days 00:00:04.146880,857,4,224,11,COMPLETE
578,578,-1.10276527346214,0.007347975083699635,2024-05-18 13:03:00.365778,2024-05-18 13:03:03.707395,0 days 00:00:03.341617,341,34,44,11,COMPLETE
579,579,-0.4448883220165955,0.005886294976910235,2024-05-18 13:03:03.708457,2024-05-18 13:03:13.783881,0 days 00:00:10.075424,438,178,231,11,COMPLETE
580,580,-0.947570455888798,0.007122358411710097,2024-05-18 13:03:13.785876,2024-05-18 13:03:16.320729,0 days 00:00:02.534853,436,5,224,11,COMPLETE
581,581,-0.481556759329684,0.006101396579572144,2024-05-18 13:03:16.322790,2024-05-18 13:03:28.208464,0 days 00:00:11.885674,958,172,252,11,COMPLETE
582,582,-0.9821551000911676,0.007141353601214184,2024-05-18 13:03:28.210458,2024-05-18 13:03:31.705902,0 days 00:00:03.495444,596,18,244,11,COMPLETE
583,583,-0.7099949599006615,0.006348305250428746,2024-05-18 13:03:31.707895,2024-05-18 13:03:35.457738,0 days 00:00:03.749843,116,50,164,11,COMPLETE
584,584,-1.016948277343963,0.007107296212172974,2024-05-18 13:03:35.459731,2024-05-18 13:03:45.835924,0 days 00:00:10.376193,463,168,209,11,COMPLETE
585,585,-0.5315915538755716,0.00626082420856946,2024-05-18 13:03:45.837918,2024-05-18 13:03:51.457114,0 days 00:00:05.619196,978,37,114,11,COMPLETE
