,number,values_0,values_1,datetime_start,datetime_complete,duration,params_dim,params_rank,params_window_length,system_attrs_nsga2:generation,state
0,0,-1.050051607557626,0.16052934328511193,2024-05-10 17:45:45.012687,2024-05-10 17:45:48.984183,0 days 00:00:03.971496,24,147,196,0,COMPLETE
1,1,0.2877852875497463,0.09150459225973984,2024-05-10 17:45:48.984183,2024-05-10 17:45:58.387875,0 days 00:00:09.403692,30,23,59,0,COMPLETE
2,2,-0.3217178456898123,0.13014731566772922,2024-05-10 17:45:58.394504,2024-05-10 17:46:03.944206,0 days 00:00:05.549702,38,5,32,0,COMPLETE
3,3,0.04964095032270786,0.1156144955771999,2024-05-10 17:46:03.960863,2024-05-10 17:46:14.025659,0 days 00:00:10.064796,33,131,136,0,COMPLETE
4,4,0.36900062914869675,0.08955142162487209,2024-05-10 17:46:14.030534,2024-05-10 17:46:22.451643,0 days 00:00:08.421109,78,146,203,0,COMPLETE
5,5,0.5829473166097682,0.07235924439665911,2024-05-10 17:46:22.451643,2024-05-10 17:46:31.382067,0 days 00:00:08.930424,50,24,42,0,COMPLETE
6,6,-0.4366724481131329,0.14161166890244536,2024-05-10 17:46:31.382067,2024-05-10 17:46:36.937185,0 days 00:00:05.555118,88,44,66,0,COMPLETE
7,7,-0.7173821408654024,0.15365187329067376,2024-05-10 17:46:36.945233,2024-05-10 17:46:41.051245,0 days 00:00:04.106012,24,76,97,0,COMPLETE
8,8,-9.87635242775048,0.3561163099412244,2024-05-10 17:46:41.060865,2024-05-10 17:46:49.407211,0 days 00:00:08.346346,8,94,96,0,COMPLETE
9,9,0.02885921558629545,0.1155301964996756,2024-05-10 17:46:49.423061,2024-05-10 17:46:56.636472,0 days 00:00:07.213411,37,68,119,0,COMPLETE
10,10,-0.04639080416118526,0.11090724763082005,2024-05-10 17:46:56.636472,2024-05-10 17:47:04.212173,0 days 00:00:07.575701,14,63,97,0,COMPLETE
11,11,-0.03436873635567088,0.11823905753004589,2024-05-10 17:47:04.216437,2024-05-10 17:47:13.095753,0 days 00:00:08.879316,14,170,171,0,COMPLETE
12,12,0.03393657119322706,0.11832845084734293,2024-05-10 17:47:13.095753,2024-05-10 17:47:18.693662,0 days 00:00:05.597909,71,67,110,0,COMPLETE
13,13,0.18459605630927578,0.10579448774610882,2024-05-10 17:47:18.694660,2024-05-10 17:47:27.027166,0 days 00:00:08.332506,87,148,179,0,COMPLETE
14,14,0.17607498253341036,0.10502812926227596,2024-05-10 17:47:27.027166,2024-05-10 17:47:33.836605,0 days 00:00:06.809439,90,44,47,0,COMPLETE
15,15,0.11460022515393813,0.11146525872143118,2024-05-10 17:47:33.836605,2024-05-10 17:47:39.774632,0 days 00:00:05.938027,62,23,26,0,COMPLETE
16,16,-0.00874154012353845,0.1093557349043961,2024-05-10 17:47:39.779085,2024-05-10 17:47:46.800707,0 days 00:00:07.021622,41,26,73,0,COMPLETE
17,17,-0.6975812829275307,0.14276661979727195,2024-05-10 17:47:46.806800,2024-05-10 17:47:57.255528,0 days 00:00:10.448728,17,90,205,0,COMPLETE
18,18,0.19974160389755663,0.08904842924508607,2024-05-10 17:47:57.260106,2024-05-10 17:48:07.017158,0 days 00:00:09.757052,49,22,147,0,COMPLETE
19,19,-4.485478586063606,0.21663390080116943,2024-05-10 17:48:07.041514,2024-05-10 17:48:11.601612,0 days 00:00:04.560098,23,22,107,0,COMPLETE
20,20,-0.7495674049930943,0.1502208493450754,2024-05-10 17:48:11.605313,2024-05-10 17:48:17.311903,0 days 00:00:05.706590,75,2,54,0,COMPLETE
21,21,0.2765112426603641,0.09833758550281634,2024-05-10 17:48:17.311903,2024-05-10 17:48:28.747292,0 days 00:00:11.435389,89,44,71,0,COMPLETE
22,22,0.33410376140335446,0.09041375593565629,2024-05-10 17:48:28.749280,2024-05-10 17:48:43.042787,0 days 00:00:14.293507,36,140,166,0,COMPLETE
23,23,-0.11234967168033752,0.1181070842848323,2024-05-10 17:48:43.049516,2024-05-10 17:48:51.390530,0 days 00:00:08.341014,18,85,141,0,COMPLETE
24,24,-0.4174322947488597,0.13004435464024175,2024-05-10 17:48:51.394518,2024-05-10 17:48:55.521753,0 days 00:00:04.127235,94,143,179,0,COMPLETE
25,25,-0.40051317943329756,0.13242501269946685,2024-05-10 17:48:55.521753,2024-05-10 17:49:04.026930,0 days 00:00:08.505177,51,85,213,0,COMPLETE
26,26,-0.8142993154275835,0.15737571403303582,2024-05-10 17:49:04.032029,2024-05-10 17:49:09.327983,0 days 00:00:05.295954,63,126,128,0,COMPLETE
27,27,-0.34287495924765016,0.1287235946220949,2024-05-10 17:49:09.330382,2024-05-10 17:49:21.360132,0 days 00:00:12.029750,12,161,179,0,COMPLETE
28,28,0.1191759045221072,0.10623917311252133,2024-05-10 17:49:21.369915,2024-05-10 17:49:31.803534,0 days 00:00:10.433619,37,4,10,0,COMPLETE
29,29,0.5085434633901784,0.07794322320061511,2024-05-10 17:49:31.809230,2024-05-10 17:49:47.219294,0 days 00:00:15.410064,58,26,52,0,COMPLETE
30,30,-0.02898911953999077,0.1187331642033062,2024-05-10 17:49:47.226124,2024-05-10 17:49:56.394125,0 days 00:00:09.168001,80,27,210,0,COMPLETE
31,31,-6.9053358748752744,0.30415714916888187,2024-05-10 17:49:56.400305,2024-05-10 17:50:08.510794,0 days 00:00:12.110489,9,22,47,0,COMPLETE
32,32,-0.12890187612383358,0.12592322111891757,2024-05-10 17:50:08.521847,2024-05-10 17:50:18.009210,0 days 00:00:09.487363,56,110,143,0,COMPLETE
33,33,0.05081765867554997,0.11772907025113497,2024-05-10 17:50:18.012494,2024-05-10 17:50:35.530006,0 days 00:00:17.517512,70,149,189,0,COMPLETE
34,34,0.053122706233940754,0.10696431076188391,2024-05-10 17:50:35.537227,2024-05-10 17:50:39.667397,0 days 00:00:04.130170,18,3,5,0,COMPLETE
35,35,-7.844000299794404,0.2663050535551882,2024-05-10 17:50:39.672439,2024-05-10 17:50:46.554641,0 days 00:00:06.882202,5,131,133,0,COMPLETE
36,36,-7.344058597400069,0.29381439427008826,2024-05-10 17:50:46.560010,2024-05-10 17:50:55.405983,0 days 00:00:08.845973,8,23,25,0,COMPLETE
37,37,0.22301104040579442,0.09839408842333648,2024-05-10 17:50:55.414239,2024-05-10 17:51:07.392218,0 days 00:00:11.977979,68,109,183,0,COMPLETE
38,38,0.5218494567584584,0.0732105441057954,2024-05-10 17:51:07.395665,2024-05-10 17:51:20.705389,0 days 00:00:13.309724,41,12,156,0,COMPLETE
39,39,0.057918167750549275,0.11033849397280156,2024-05-10 17:51:20.709398,2024-05-10 17:51:31.176683,0 days 00:00:10.467285,90,47,52,0,COMPLETE
40,40,-0.024298412637217548,0.09998766496031017,2024-05-10 17:51:31.182114,2024-05-10 17:51:38.531035,0 days 00:00:07.348921,47,20,42,0,COMPLETE
41,41,-0.6259197506627119,0.15000685307153683,2024-05-10 17:51:38.536652,2024-05-10 17:51:46.840235,0 days 00:00:08.303583,16,4,35,0,COMPLETE
42,42,-1.0502847113636284,0.1512276546674193,2024-05-10 17:51:46.842274,2024-05-10 17:51:54.074739,0 days 00:00:07.232465,26,34,38,0,COMPLETE
43,43,0.2712421243382849,0.09319016810022683,2024-05-10 17:51:54.080306,2024-05-10 17:52:02.689667,0 days 00:00:08.609361,40,10,93,0,COMPLETE
44,44,0.09591683478169784,0.1098905005266562,2024-05-10 17:52:02.690664,2024-05-10 17:52:12.999140,0 days 00:00:10.308476,95,148,189,0,COMPLETE
45,45,0.027156319766451074,0.11588429798873841,2024-05-10 17:52:12.999140,2024-05-10 17:52:24.679116,0 days 00:00:11.679976,84,26,33,0,COMPLETE
46,46,-0.08077234945201409,0.12211275853206378,2024-05-10 17:52:24.679116,2024-05-10 17:52:32.619593,0 days 00:00:07.940477,55,57,121,0,COMPLETE
47,47,0.4001981264009496,0.0873969159974221,2024-05-10 17:52:32.627028,2024-05-10 17:52:44.802501,0 days 00:00:12.175473,56,33,128,0,COMPLETE
48,48,-0.03568201669446227,0.11721196172172832,2024-05-10 17:52:44.809575,2024-05-10 17:52:55.349683,0 days 00:00:10.540108,79,54,116,0,COMPLETE
49,49,-0.6419672512434784,0.14589014026699848,2024-05-10 17:52:55.350712,2024-05-10 17:53:04.755189,0 days 00:00:09.404477,77,48,108,0,COMPLETE
50,50,-2.4999184515660047,0.18972019572459617,2024-05-10 17:53:04.759178,2024-05-10 17:53:10.089654,0 days 00:00:05.330476,52,18,93,1,COMPLETE
51,51,-0.1281146306324269,0.10508917565137285,2024-05-10 17:53:10.094386,2024-05-10 17:53:15.684758,0 days 00:00:05.590372,49,17,141,1,COMPLETE
52,52,-0.1279939831595135,0.11829374836011741,2024-05-10 17:53:15.688900,2024-05-10 17:53:24.093730,0 days 00:00:08.404830,74,45,71,1,COMPLETE
53,53,-0.2123184922380746,0.12597322905816152,2024-05-10 17:53:24.097586,2024-05-10 17:53:29.908270,0 days 00:00:05.810684,72,67,82,1,COMPLETE
54,54,-6.273591345446631,0.301663447650556,2024-05-10 17:53:29.915129,2024-05-10 17:53:45.069598,0 days 00:00:15.154469,4,5,104,1,COMPLETE
55,55,-0.3747421572862516,0.135694772023185,2024-05-10 17:53:45.076793,2024-05-10 17:53:53.858996,0 days 00:00:08.782203,41,75,128,1,COMPLETE
56,56,0.017777559309280155,0.10811676225166089,2024-05-10 17:53:53.858996,2024-05-10 17:53:59.688722,0 days 00:00:05.829726,78,30,109,1,COMPLETE
57,57,-5.546563969744172,0.2894484284876921,2024-05-10 17:53:59.697282,2024-05-10 17:54:07.681085,0 days 00:00:07.983803,5,48,119,1,COMPLETE
58,58,-0.916199507788748,0.15174891474576563,2024-05-10 17:54:07.687993,2024-05-10 17:54:23.091339,0 days 00:00:15.403346,33,11,136,1,COMPLETE
59,59,-0.4772315865695857,0.14125383928117388,2024-05-10 17:54:23.098737,2024-05-10 17:54:31.253337,0 days 00:00:08.154600,65,92,189,1,COMPLETE
60,60,-2.9714869071950742,0.2130561429304298,2024-05-10 17:54:31.259686,2024-05-10 17:54:39.300643,0 days 00:00:08.040957,3,11,39,1,COMPLETE
61,61,-2.260980131427422,0.1927597171318875,2024-05-10 17:54:39.309057,2024-05-10 17:54:46.011082,0 days 00:00:06.702025,26,49,59,1,COMPLETE
62,62,-8.422466623201005,0.34290616299710236,2024-05-10 17:54:46.014871,2024-05-10 17:54:50.998924,0 days 00:00:04.984053,3,23,52,1,COMPLETE
63,63,-0.2380937966697716,0.1298168289197294,2024-05-10 17:54:50.998924,2024-05-10 17:55:02.627923,0 days 00:00:11.628999,14,59,97,1,COMPLETE
64,64,-0.39927205412439165,0.13149387943177185,2024-05-10 17:55:02.629919,2024-05-10 17:55:11.040034,0 days 00:00:08.410115,79,32,156,1,COMPLETE
65,65,0.47368044851489105,0.07929592267542393,2024-05-10 17:55:11.049264,2024-05-10 17:55:20.986625,0 days 00:00:09.937361,99,24,66,1,COMPLETE
66,66,0.12429481999422107,0.10412912857030229,2024-05-10 17:55:20.995032,2024-05-10 17:55:35.049218,0 days 00:00:14.054186,48,88,128,1,COMPLETE
67,67,0.09925465675343788,0.1118667653752452,2024-05-10 17:55:35.056036,2024-05-10 17:55:41.757297,0 days 00:00:06.701261,70,19,22,1,COMPLETE
68,68,0.22247010711365078,0.09285865507361198,2024-05-10 17:55:41.759318,2024-05-10 17:55:50.066104,0 days 00:00:08.306786,49,25,47,1,COMPLETE
69,69,-0.08421155022989305,0.12218507144263284,2024-05-10 17:55:50.070287,2024-05-10 17:56:01.751682,0 days 00:00:11.681395,78,188,204,1,COMPLETE
70,70,0.36806472350322245,0.09261328785408043,2024-05-10 17:56:01.757280,2024-05-10 17:56:09.580336,0 days 00:00:07.823056,62,90,121,1,COMPLETE
71,71,-0.26208524359873797,0.13653929487947403,2024-05-10 17:56:09.583329,2024-05-10 17:56:18.996425,0 days 00:00:09.413096,56,94,143,1,COMPLETE
72,72,0.24548012822658266,0.09827272429592468,2024-05-10 17:56:18.998735,2024-05-10 17:56:33.166788,0 days 00:00:14.168053,26,43,139,1,COMPLETE
73,73,-0.4232221998242188,0.13036103845047706,2024-05-10 17:56:33.170585,2024-05-10 17:56:46.411509,0 days 00:00:13.240924,30,86,164,1,COMPLETE
74,74,-0.07149585651226328,0.12363605551386567,2024-05-10 17:56:46.416368,2024-05-10 17:57:01.403100,0 days 00:00:14.986732,38,9,10,1,COMPLETE
75,75,-4.198633798272848,0.2508923630840396,2024-05-10 17:57:01.406701,2024-05-10 17:57:09.427622,0 days 00:00:08.020921,10,63,66,1,COMPLETE
76,76,-20.549205301318505,0.4091877459448362,2024-05-10 17:57:09.431747,2024-05-10 17:57:18.066612,0 days 00:00:08.634865,6,30,71,1,COMPLETE
77,77,-0.5141752610135539,0.14166516536269452,2024-05-10 17:57:18.071584,2024-05-10 17:57:25.622526,0 days 00:00:07.550942,52,140,143,1,COMPLETE
78,78,0.16450820077812903,0.10524341965923625,2024-05-10 17:57:25.627043,2024-05-10 17:57:32.321536,0 days 00:00:06.694493,77,37,49,1,COMPLETE
79,79,0.33259530732628123,0.09372479274848142,2024-05-10 17:57:32.321536,2024-05-10 17:57:44.550410,0 days 00:00:12.228874,90,177,210,1,COMPLETE
80,80,-0.002223663677914156,0.11469879459662728,2024-05-10 17:57:44.551409,2024-05-10 17:57:55.106374,0 days 00:00:10.554965,87,48,156,1,COMPLETE
81,81,-16.65453821864621,0.4632879310505139,2024-05-10 17:57:55.111512,2024-05-10 17:58:07.009062,0 days 00:00:11.897550,9,62,205,1,COMPLETE
82,82,0.3347520036580331,0.09449205084797822,2024-05-10 17:58:07.011115,2024-05-10 17:58:15.454867,0 days 00:00:08.443752,30,97,99,1,COMPLETE
83,83,-0.11624229554578447,0.12128710604516275,2024-05-10 17:58:15.458764,2024-05-10 17:58:23.590085,0 days 00:00:08.131321,77,96,108,1,COMPLETE
84,84,-0.021371713596407126,0.11467617308563519,2024-05-10 17:58:23.599929,2024-05-10 17:58:31.881441,0 days 00:00:08.281512,80,33,58,1,COMPLETE
85,85,-12.166403042693704,0.34668450165943776,2024-05-10 17:58:31.886547,2024-05-10 17:58:41.979099,0 days 00:00:10.092552,7,93,166,1,COMPLETE
86,86,-0.14583438072186106,0.11704813246704693,2024-05-10 17:58:41.980716,2024-05-10 17:58:50.840126,0 days 00:00:08.859410,73,5,10,1,COMPLETE
87,87,-1.5490802108846689,0.14198342956479512,2024-05-10 17:58:50.844117,2024-05-10 17:59:00.666921,0 days 00:00:09.822804,47,169,172,1,COMPLETE
88,88,-0.03904895017664822,0.11558689757692409,2024-05-10 17:59:00.668918,2024-05-10 17:59:12.499602,0 days 00:00:11.830684,41,83,156,1,COMPLETE
89,89,-13.866870777572345,0.36703083528363234,2024-05-10 17:59:12.508797,2024-05-10 17:59:22.138340,0 days 00:00:09.629543,4,8,25,1,COMPLETE
90,90,-0.04994300300597243,0.12210218325107106,2024-05-10 17:59:22.142709,2024-05-10 17:59:35.539947,0 days 00:00:13.397238,55,112,181,1,COMPLETE
91,91,0.00427169312359017,0.11310410231727981,2024-05-10 17:59:35.549780,2024-05-10 17:59:47.629272,0 days 00:00:12.079492,14,19,201,1,COMPLETE
92,92,-0.27724729412270405,0.1245187530847649,2024-05-10 17:59:47.629272,2024-05-10 17:59:57.561449,0 days 00:00:09.932177,17,79,147,1,COMPLETE
93,93,-2.1481314830080462,0.21638459897980042,2024-05-10 17:59:57.568433,2024-05-10 17:59:58.472326,0 days 00:00:00.903893,56,1,128,1,COMPLETE
94,94,-0.21312023489622503,0.12877925252481642,2024-05-10 17:59:58.476577,2024-05-10 18:00:10.953159,0 days 00:00:12.476582,84,4,33,1,COMPLETE
95,95,0.1005678561575909,0.1002821607732125,2024-05-10 18:00:10.958668,2024-05-10 18:00:18.953247,0 days 00:00:07.994579,63,35,124,1,COMPLETE
96,96,0.4490737586237863,0.08123169208305173,2024-05-10 18:00:18.957940,2024-05-10 18:00:31.653585,0 days 00:00:12.695645,41,58,205,1,COMPLETE
97,97,-0.3254508171010033,0.1263491784186152,2024-05-10 18:00:31.658347,2024-05-10 18:00:38.517749,0 days 00:00:06.859402,36,8,114,1,COMPLETE
98,98,0.11809944906621397,0.10359626881996313,2024-05-10 18:00:38.522263,2024-05-10 18:00:49.288507,0 days 00:00:10.766244,37,46,102,1,COMPLETE
99,99,-1.036253364169983,0.16756517954177266,2024-05-10 18:00:49.290508,2024-05-10 18:00:54.836318,0 days 00:00:05.545810,68,6,54,1,COMPLETE
100,100,0.2592589242887319,0.09616482090149461,2024-05-10 18:00:54.838895,2024-05-10 18:01:02.429330,0 days 00:00:07.590435,90,44,63,2,COMPLETE
101,101,-0.5560615723468842,0.1378075029667618,2024-05-10 18:01:02.437474,2024-05-10 18:01:09.890617,0 days 00:00:07.453143,47,4,121,2,COMPLETE
102,102,-0.8471038892453111,0.16486407552328047,2024-05-10 18:01:09.924053,2024-05-10 18:01:13.916562,0 days 00:00:03.992509,73,3,38,2,COMPLETE
103,103,0.521747349618614,0.07849244567394298,2024-05-10 18:01:13.921285,2024-05-10 18:01:23.269673,0 days 00:00:09.348388,78,36,49,2,COMPLETE
104,104,0.05624506500426962,0.10841397819102697,2024-05-10 18:01:23.279493,2024-05-10 18:01:29.668587,0 days 00:00:06.389094,95,29,55,2,COMPLETE
105,105,0.3987116484787837,0.0831653295866571,2024-05-10 18:01:29.678716,2024-05-10 18:01:49.071323,0 days 00:00:19.392607,41,16,93,2,COMPLETE
106,106,0.36090039264584384,0.08941439803053894,2024-05-10 18:01:49.074918,2024-05-10 18:01:58.589852,0 days 00:00:09.514934,79,10,21,2,COMPLETE
107,107,0.003903080410688231,0.11974523722260097,2024-05-10 18:01:58.589852,2024-05-10 18:02:06.551292,0 days 00:00:07.961440,87,128,163,2,COMPLETE
108,108,-0.7327329925620164,0.15091200339126995,2024-05-10 18:02:06.557802,2024-05-10 18:02:14.005723,0 days 00:00:07.447921,90,97,123,2,COMPLETE
109,109,-2.4471679744111023,0.21100357045601434,2024-05-10 18:02:14.010190,2024-05-10 18:02:19.997548,0 days 00:00:05.987358,24,89,142,2,COMPLETE
110,110,-5.481664911484723,0.2977341299147828,2024-05-10 18:02:19.999544,2024-05-10 18:02:24.960338,0 days 00:00:04.960794,3,20,93,2,COMPLETE
111,111,-0.7502774957273836,0.1560441365665625,2024-05-10 18:02:24.967043,2024-05-10 18:02:32.309374,0 days 00:00:07.342331,63,2,8,2,COMPLETE
112,112,-1.0834228842283427,0.173456917122339,2024-05-10 18:02:32.323052,2024-05-10 18:02:39.759739,0 days 00:00:07.436687,74,2,49,2,COMPLETE
113,113,0.37926673657770027,0.0902579742532185,2024-05-10 18:02:39.768360,2024-05-10 18:02:49.667686,0 days 00:00:09.899326,44,81,210,2,COMPLETE
114,114,-0.40158803679309846,0.13578362204034317,2024-05-10 18:02:49.669679,2024-05-10 18:03:00.286161,0 days 00:00:10.616482,37,3,10,2,COMPLETE
115,115,0.31436797774491254,0.08740336398957231,2024-05-10 18:03:00.291730,2024-05-10 18:03:09.120993,0 days 00:00:08.829263,31,54,97,2,COMPLETE
116,116,0.2280938775238274,0.10286009399282237,2024-05-10 18:03:09.123982,2024-05-10 18:03:16.439543,0 days 00:00:07.315561,75,147,189,2,COMPLETE
117,117,0.4457282173720379,0.08344997524164632,2024-05-10 18:03:16.442687,2024-05-10 18:03:26.758032,0 days 00:00:10.315345,48,80,128,2,COMPLETE
118,118,-0.7230299850513663,0.15195366411694614,2024-05-10 18:03:26.759029,2024-05-10 18:03:33.069449,0 days 00:00:06.310420,37,25,180,2,COMPLETE
119,119,-0.37654541803297736,0.11755812758448189,2024-05-10 18:03:33.077101,2024-05-10 18:03:42.718289,0 days 00:00:09.641188,20,18,186,2,COMPLETE
120,120,-0.07625169586134786,0.12118491238807867,2024-05-10 18:03:42.723859,2024-05-10 18:03:52.528563,0 days 00:00:09.804704,78,62,109,2,COMPLETE
121,121,0.25764755932205025,0.09305695783526821,2024-05-10 18:03:52.537175,2024-05-10 18:04:00.868174,0 days 00:00:08.330999,99,40,66,2,COMPLETE
122,122,0.2753047757919968,0.09398959011698431,2024-05-10 18:04:00.870177,2024-05-10 18:04:14.810730,0 days 00:00:13.940553,52,14,93,2,COMPLETE
123,123,0.27808910648961166,0.09741950158357607,2024-05-10 18:04:14.817624,2024-05-10 18:04:25.940013,0 days 00:00:11.122389,92,42,66,2,COMPLETE
124,124,-2.790731060706581,0.20262778540006013,2024-05-10 18:04:25.948916,2024-05-10 18:04:34.758505,0 days 00:00:08.809589,4,90,93,2,COMPLETE
125,125,-1.368842811932475,0.1688577272612293,2024-05-10 18:04:34.758505,2024-05-10 18:04:40.449701,0 days 00:00:05.691196,80,20,66,2,COMPLETE
126,126,0.16712529277333893,0.10233366821430719,2024-05-10 18:04:40.458545,2024-05-10 18:04:46.455948,0 days 00:00:05.997403,40,64,93,2,COMPLETE
127,127,-0.8743574537757581,0.14081421561586677,2024-05-10 18:04:46.463153,2024-05-10 18:04:54.778862,0 days 00:00:08.315709,90,19,63,2,COMPLETE
128,128,0.16965362732661204,0.10582611248762228,2024-05-10 18:04:54.787262,2024-05-10 18:05:04.221882,0 days 00:00:09.434620,99,87,130,2,COMPLETE
129,129,-0.6356166633856597,0.1344879612247236,2024-05-10 18:05:04.229101,2024-05-10 18:05:10.900296,0 days 00:00:06.671195,41,88,205,2,COMPLETE
130,130,-0.2508969014800593,0.12980085255979187,2024-05-10 18:05:10.904283,2024-05-10 18:05:20.218631,0 days 00:00:09.314348,47,64,71,2,COMPLETE
131,131,0.20286827207953761,0.09957222158502252,2024-05-10 18:05:20.228854,2024-05-10 18:05:30.209999,0 days 00:00:09.981145,37,84,120,2,COMPLETE
132,132,-0.8649873767060035,0.16344788788928938,2024-05-10 18:05:30.216098,2024-05-10 18:05:36.700976,0 days 00:00:06.484878,95,129,189,2,COMPLETE
133,133,0.14682672573257965,0.10937467905751372,2024-05-10 18:05:36.704564,2024-05-10 18:05:47.709501,0 days 00:00:11.004937,72,40,49,2,COMPLETE
134,134,-1.3280453465071034,0.16939887118672986,2024-05-10 18:05:47.717418,2024-05-10 18:05:53.238653,0 days 00:00:05.521235,58,4,16,2,COMPLETE
135,135,-0.4390654819979535,0.13652515940084353,2024-05-10 18:05:53.250110,2024-05-10 18:06:04.418350,0 days 00:00:11.168240,90,4,33,2,COMPLETE
136,136,0.08272431211333811,0.1105923559143146,2024-05-10 18:06:04.421992,2024-05-10 18:06:12.267437,0 days 00:00:07.845445,90,46,47,2,COMPLETE
137,137,-0.1030674336211351,0.11620061496478722,2024-05-10 18:06:12.271492,2024-05-10 18:06:21.421479,0 days 00:00:09.149987,37,34,49,2,COMPLETE
138,138,0.1458154434131832,0.09962438576655319,2024-05-10 18:06:21.428555,2024-05-10 18:06:28.389210,0 days 00:00:06.960655,75,24,53,2,COMPLETE
139,139,-0.23537073406970416,0.12465520855756687,2024-05-10 18:06:28.399602,2024-05-10 18:06:33.282947,0 days 00:00:04.883345,83,3,57,2,COMPLETE
140,140,-4.7927056327011694,0.19626816872599198,2024-05-10 18:06:33.288530,2024-05-10 18:06:39.818214,0 days 00:00:06.529684,57,34,77,2,COMPLETE
141,141,0.35254711008560713,0.09163878173651768,2024-05-10 18:06:39.819687,2024-05-10 18:06:47.848968,0 days 00:00:08.029281,94,17,42,2,COMPLETE
142,142,-3.5979635799142313,0.18994542566789496,2024-05-10 18:06:47.860319,2024-05-10 18:06:56.259606,0 days 00:00:08.399287,6,98,124,2,COMPLETE
143,143,-6.720090696638354,0.2530196127224269,2024-05-10 18:06:56.267804,2024-05-10 18:07:01.135773,0 days 00:00:04.867969,31,104,181,2,COMPLETE
144,144,-0.260017269768002,0.1259252852678453,2024-05-10 18:07:01.138351,2024-05-10 18:07:12.309725,0 days 00:00:11.171374,48,77,175,2,COMPLETE
145,145,-0.8231751573465624,0.1473932953260049,2024-05-10 18:07:12.316912,2024-05-10 18:07:17.649665,0 days 00:00:05.332753,84,81,173,2,COMPLETE
146,146,-0.6304692194849334,0.15156021803936648,2024-05-10 18:07:17.654411,2024-05-10 18:07:26.432564,0 days 00:00:08.778153,78,32,203,2,COMPLETE
147,147,0.31472999481232794,0.09065478930813896,2024-05-10 18:07:26.435987,2024-05-10 18:07:37.508285,0 days 00:00:11.072298,62,11,128,2,COMPLETE
148,148,0.1321328574870701,0.11095361383065576,2024-05-10 18:07:37.519282,2024-05-10 18:07:49.841128,0 days 00:00:12.321846,90,92,108,2,COMPLETE
149,149,-0.6681530331628289,0.14547337780821995,2024-05-10 18:07:49.849044,2024-05-10 18:08:00.467961,0 days 00:00:10.618917,37,2,10,2,COMPLETE
