,number,values_0,values_1,datetime_start,datetime_complete,duration,params_dim,params_rank,params_window_length,system_attrs_nsga2:generation,state
744,744,0.057474631418914644,0.10632993576451151,2024-05-10 19:15:04.545413,2024-05-10 19:15:06.567014,0 days 00:00:02.021601,99,49,69,14,COMPLETE
745,745,0.29792556567013484,0.09647018271781131,2024-05-10 19:15:06.569206,2024-05-10 19:15:09.664717,0 days 00:00:03.095511,76,10,52,14,COMPLETE
746,746,0.3451228726603789,0.09005151908430907,2024-05-10 19:15:09.665736,2024-05-10 19:15:13.924542,0 days 00:00:04.258806,30,40,59,14,COMPLETE
747,747,-0.1912662555745943,0.12082110919556219,2024-05-10 19:15:13.926536,2024-05-10 19:15:16.857208,0 days 00:00:02.930672,94,82,203,14,COMPLETE
748,748,-0.16781791035831606,0.1252346948345286,2024-05-10 19:15:16.859203,2024-05-10 19:15:19.406305,0 days 00:00:02.547102,74,14,15,14,COMPLETE
749,749,0.13654413060912537,0.10592870370790197,2024-05-10 19:15:19.408349,2024-05-10 19:15:23.328451,0 days 00:00:03.920102,82,48,59,14,COMPLETE
750,750,0.5218808820767891,0.0793062205992747,2024-05-10 19:15:23.330446,2024-05-10 19:15:26.943550,0 days 00:00:03.613104,65,47,65,15,COMPLETE
751,751,-1.637838591083538,0.18557505011951977,2024-05-10 19:15:26.945545,2024-05-10 19:15:31.065234,0 days 00:00:04.119689,37,147,205,15,COMPLETE
752,752,-0.5189964016649423,0.1391865799464076,2024-05-10 19:15:31.067228,2024-05-10 19:15:33.182102,0 days 00:00:02.114874,41,39,110,15,COMPLETE
753,753,-5.000017624862432,0.25655351126829207,2024-05-10 19:15:33.184070,2024-05-10 19:15:35.921300,0 days 00:00:02.737230,5,9,10,15,COMPLETE
754,754,0.11459570937128778,0.11075026964806312,2024-05-10 19:15:35.923167,2024-05-10 19:15:40.360127,0 days 00:00:04.436960,32,54,58,15,COMPLETE
755,755,0.09162762454974879,0.10441416931171824,2024-05-10 19:15:40.362123,2024-05-10 19:15:42.406279,0 days 00:00:02.044156,54,14,93,15,COMPLETE
756,756,0.31345371119250093,0.0915273625608288,2024-05-10 19:15:42.408274,2024-05-10 19:15:47.317359,0 days 00:00:04.909085,30,25,59,15,COMPLETE
757,757,-0.057275407928277455,0.12252136298557618,2024-05-10 19:15:47.319354,2024-05-10 19:15:49.863758,0 days 00:00:02.544404,93,75,91,15,COMPLETE
758,758,-0.5956758748327152,0.1215167628493766,2024-05-10 19:15:49.866395,2024-05-10 19:15:53.199178,0 days 00:00:03.332783,41,40,70,15,COMPLETE
759,759,0.2579902269676364,0.10031607488479173,2024-05-10 19:15:53.201173,2024-05-10 19:15:56.856526,0 days 00:00:03.655353,54,123,156,15,COMPLETE
760,760,-0.8446307462288027,0.162220807157043,2024-05-10 19:15:56.858520,2024-05-10 19:15:58.095070,0 days 00:00:01.236550,67,2,184,15,COMPLETE
761,761,0.19196378338024384,0.10000219645404355,2024-05-10 19:15:58.097021,2024-05-10 19:16:00.550375,0 days 00:00:02.453354,75,13,154,15,COMPLETE
762,762,0.027313027808944047,0.10206263151637018,2024-05-10 19:16:00.552372,2024-05-10 19:16:04.475105,0 days 00:00:03.922733,41,66,196,15,COMPLETE
763,763,-3.5927411135406153,0.1979254593114708,2024-05-10 19:16:04.476174,2024-05-10 19:16:07.109847,0 days 00:00:02.633673,70,76,171,15,COMPLETE
764,764,0.3175981468185055,0.09065317109018392,2024-05-10 19:16:07.112979,2024-05-10 19:16:11.469114,0 days 00:00:04.356135,37,55,109,15,COMPLETE
765,765,0.0403107393011374,0.11245204332941335,2024-05-10 19:16:11.470067,2024-05-10 19:16:15.182248,0 days 00:00:03.712181,47,59,66,15,COMPLETE
766,766,0.31135515727567936,0.08929062496849782,2024-05-10 19:16:15.184243,2024-05-10 19:16:18.879351,0 days 00:00:03.695108,84,30,190,15,COMPLETE
767,767,0.29167074840211754,0.09728108941483968,2024-05-10 19:16:18.881345,2024-05-10 19:16:21.609457,0 days 00:00:02.728112,50,28,42,15,COMPLETE
768,768,0.034442920719904624,0.1117196730731741,2024-05-10 19:16:21.611442,2024-05-10 19:16:26.288085,0 days 00:00:04.676643,51,6,92,15,COMPLETE
769,769,-0.038015869518550224,0.11949332560549375,2024-05-10 19:16:26.289979,2024-05-10 19:16:29.462119,0 days 00:00:03.172140,96,9,170,15,COMPLETE
770,770,-0.44752703483589357,0.13893722834233133,2024-05-10 19:16:29.465227,2024-05-10 19:16:36.119096,0 days 00:00:06.653869,32,3,161,15,COMPLETE
771,771,-0.567298624851557,0.14411307333001375,2024-05-10 19:16:36.121092,2024-05-10 19:16:39.895369,0 days 00:00:03.774277,94,73,161,15,COMPLETE
772,772,0.3043102159644631,0.09516971768930399,2024-05-10 19:16:39.896483,2024-05-10 19:16:43.807234,0 days 00:00:03.910751,65,33,66,15,COMPLETE
773,773,-4.964470445384917,0.20050335148149995,2024-05-10 19:16:43.809696,2024-05-10 19:16:49.138739,0 days 00:00:05.329043,46,1,15,15,COMPLETE
774,774,-0.028111565601252053,0.1168449343913174,2024-05-10 19:16:49.140713,2024-05-10 19:16:51.742035,0 days 00:00:02.601322,67,45,62,15,COMPLETE
775,775,0.23555974823167553,0.10393382422013175,2024-05-10 19:16:51.744063,2024-05-10 19:16:56.171683,0 days 00:00:04.427620,56,31,50,15,COMPLETE
776,776,0.34745956514636744,0.09373552637168894,2024-05-10 19:16:56.173678,2024-05-10 19:17:02.336368,0 days 00:00:06.162690,51,35,77,15,COMPLETE
777,777,0.2926107163815588,0.09656198270755818,2024-05-10 19:17:02.338311,2024-05-10 19:17:04.748931,0 days 00:00:02.410620,71,7,15,15,COMPLETE
778,778,0.5841148641930405,0.07118782052975703,2024-05-10 19:17:04.750842,2024-05-10 19:17:08.405149,0 days 00:00:03.654307,38,53,59,15,COMPLETE
779,779,-0.4143625662355612,0.13011885039969662,2024-05-10 19:17:08.407145,2024-05-10 19:17:11.496335,0 days 00:00:03.089190,30,55,79,15,COMPLETE
780,780,-15.359753145753894,0.38197310412118546,2024-05-10 19:17:11.499211,2024-05-10 19:17:15.948069,0 days 00:00:04.448858,9,9,193,15,COMPLETE
781,781,-2.6439649019464664,0.19550261128815966,2024-05-10 19:17:15.950064,2024-05-10 19:17:18.190586,0 days 00:00:02.240522,21,5,59,15,COMPLETE
782,782,-1.1770019107458598,0.1750761422015204,2024-05-10 19:17:18.192565,2024-05-10 19:17:20.968331,0 days 00:00:02.775766,33,7,186,15,COMPLETE
783,783,-0.05021704440035126,0.11873975000291499,2024-05-10 19:17:20.976390,2024-05-10 19:17:24.269156,0 days 00:00:03.292766,38,191,192,15,COMPLETE
784,784,-0.1139735188361207,0.11872137734776837,2024-05-10 19:17:24.271152,2024-05-10 19:17:28.552129,0 days 00:00:04.280977,93,50,66,15,COMPLETE
785,785,-0.4897291315366159,0.13804678596617442,2024-05-10 19:17:28.554124,2024-05-10 19:17:33.461336,0 days 00:00:04.907212,36,73,90,15,COMPLETE
786,786,0.21048143600377242,0.10333930380813068,2024-05-10 19:17:33.464328,2024-05-10 19:17:37.508359,0 days 00:00:04.044031,100,138,170,15,COMPLETE
787,787,0.0464509179967467,0.11537084392881261,2024-05-10 19:17:37.510354,2024-05-10 19:17:40.570266,0 days 00:00:03.059912,69,106,136,15,COMPLETE
788,788,-0.13556153704506796,0.12248896503034248,2024-05-10 19:17:40.572225,2024-05-10 19:17:42.780255,0 days 00:00:02.208030,85,17,156,15,COMPLETE
789,789,-1.0916116685417094,0.1644159983279301,2024-05-10 19:17:42.782250,2024-05-10 19:17:44.077683,0 days 00:00:01.295433,66,1,14,15,COMPLETE
790,790,-0.27880402865087,0.13353201187390404,2024-05-10 19:17:44.079678,2024-05-10 19:17:47.368356,0 days 00:00:03.288678,91,26,85,15,COMPLETE
791,791,-0.3074854478980809,0.12561774842584125,2024-05-10 19:17:47.370351,2024-05-10 19:17:50.485400,0 days 00:00:03.115049,50,25,42,15,COMPLETE
792,792,-0.4673211156662408,0.12111040529688881,2024-05-10 19:17:50.487347,2024-05-10 19:17:52.971910,0 days 00:00:02.484563,38,23,52,15,COMPLETE
793,793,-1.8713736807324182,0.18009154878260641,2024-05-10 19:17:52.973905,2024-05-10 19:17:55.229426,0 days 00:00:02.255521,59,3,180,15,COMPLETE
794,794,-1.1679017164942542,0.16877856013362988,2024-05-10 19:17:55.231419,2024-05-10 19:17:57.368934,0 days 00:00:02.137515,30,4,80,15,COMPLETE
795,795,-0.3594636777441294,0.13435257036344617,2024-05-10 19:17:57.371926,2024-05-10 19:17:58.206295,0 days 00:00:00.834369,85,4,48,15,COMPLETE
796,796,-0.2595131048487042,0.1224734730287659,2024-05-10 19:17:58.208326,2024-05-10 19:18:00.489966,0 days 00:00:02.281640,51,12,116,15,COMPLETE
797,797,0.14656683491201386,0.10707451893822166,2024-05-10 19:18:00.491961,2024-05-10 19:18:04.153062,0 days 00:00:03.661101,71,101,180,15,COMPLETE
798,798,-0.2794429515315147,0.12416008962818118,2024-05-10 19:18:04.155071,2024-05-10 19:18:06.672987,0 days 00:00:02.517916,30,125,146,15,COMPLETE
799,799,-1.8618126515679887,0.1853671203822814,2024-05-10 19:18:06.674983,2024-05-10 19:18:08.626827,0 days 00:00:01.951844,41,16,58,15,COMPLETE
800,800,-0.8560214346345656,0.15790740883031446,2024-05-10 19:18:08.628867,2024-05-10 19:18:10.436259,0 days 00:00:01.807392,38,6,134,16,COMPLETE
801,801,0.0855412323485589,0.11269544240580891,2024-05-10 19:18:10.441277,2024-05-10 19:18:14.534020,0 days 00:00:04.092743,94,98,164,16,COMPLETE
802,802,0.5458832291270189,0.07607218584170664,2024-05-10 19:18:14.536122,2024-05-10 19:18:17.675209,0 days 00:00:03.139087,59,22,50,16,COMPLETE
803,803,0.1520034766570926,0.09769807866556297,2024-05-10 19:18:17.676209,2024-05-10 19:18:21.285008,0 days 00:00:03.608799,51,71,141,16,COMPLETE
804,804,-0.1522244117736963,0.12726002921767998,2024-05-10 19:18:21.287003,2024-05-10 19:18:25.066311,0 days 00:00:03.779308,41,57,58,16,COMPLETE
805,805,0.05886748036696858,0.10962251617805993,2024-05-10 19:18:25.068303,2024-05-10 19:18:29.403944,0 days 00:00:04.335641,94,36,124,16,COMPLETE
806,806,0.11563021542521494,0.10055166195772507,2024-05-10 19:18:29.405950,2024-05-10 19:18:32.378153,0 days 00:00:02.972203,30,83,208,16,COMPLETE
807,807,-0.61471204167497,0.14901731937723123,2024-05-10 19:18:32.381003,2024-05-10 19:18:34.920253,0 days 00:00:02.539250,57,5,10,16,COMPLETE
808,808,-0.28175487828987544,0.13006434652577584,2024-05-10 19:18:34.922248,2024-05-10 19:18:38.522930,0 days 00:00:03.600682,68,17,19,16,COMPLETE
809,809,0.27066775255880715,0.09840671527508957,2024-05-10 19:18:38.525889,2024-05-10 19:18:42.314605,0 days 00:00:03.788716,41,51,52,16,COMPLETE
810,810,-0.13026632336636348,0.11593138100451708,2024-05-10 19:18:42.316112,2024-05-10 19:18:45.941024,0 days 00:00:03.624912,56,59,88,16,COMPLETE
811,811,-0.4491927551795186,0.13560356061306064,2024-05-10 19:18:45.943012,2024-05-10 19:18:48.621851,0 days 00:00:02.678839,89,2,42,16,COMPLETE
812,812,-0.9337581983713223,0.15265958950351116,2024-05-10 19:18:48.623846,2024-05-10 19:18:51.174071,0 days 00:00:02.550225,20,18,58,16,COMPLETE
813,813,-0.21099540826298108,0.12248431792388763,2024-05-10 19:18:51.176199,2024-05-10 19:18:55.691126,0 days 00:00:04.514927,71,203,213,16,COMPLETE
814,814,-0.5690298500701227,0.14270526191864044,2024-05-10 19:18:55.693121,2024-05-10 19:18:59.037011,0 days 00:00:03.343890,16,132,134,16,COMPLETE
815,815,-0.5574506712720286,0.13154360512053387,2024-05-10 19:18:59.039630,2024-05-10 19:19:03.599293,0 days 00:00:04.559663,42,136,144,16,COMPLETE
816,816,-1.7403470851235106,0.18040888062519872,2024-05-10 19:19:03.601256,2024-05-10 19:19:05.399007,0 days 00:00:01.797751,84,30,42,16,COMPLETE
817,817,0.531654820892143,0.07566332354408936,2024-05-10 19:19:05.401986,2024-05-10 19:19:07.949075,0 days 00:00:02.547089,49,52,70,16,COMPLETE
818,818,0.15961313103994013,0.09894396691826242,2024-05-10 19:19:07.951040,2024-05-10 19:19:11.538537,0 days 00:00:03.587497,35,18,69,16,COMPLETE
819,819,-0.4323589287625377,0.14033845950352405,2024-05-10 19:19:11.540534,2024-05-10 19:19:13.729033,0 days 00:00:02.188499,58,5,52,16,COMPLETE
820,820,0.49135370571057846,0.07874246915291254,2024-05-10 19:19:13.731029,2024-05-10 19:19:17.098953,0 days 00:00:03.367924,51,57,103,16,COMPLETE
821,821,0.22158747354322586,0.10281363683248572,2024-05-10 19:19:17.100948,2024-05-10 19:19:20.575441,0 days 00:00:03.474493,49,102,213,16,COMPLETE
822,822,-2.2725750115491685,0.2112833091107532,2024-05-10 19:19:20.577437,2024-05-10 19:19:22.811817,0 days 00:00:02.234380,21,23,49,16,COMPLETE
823,823,-0.868384183378524,0.153426110439323,2024-05-10 19:19:22.813957,2024-05-10 19:19:24.999393,0 days 00:00:02.185436,25,91,167,16,COMPLETE
824,824,-1.4461065152862171,0.16931712604058258,2024-05-10 19:19:25.001388,2024-05-10 19:19:26.457896,0 days 00:00:01.456508,51,4,66,16,COMPLETE
825,825,-1.0351183756538826,0.16164778485438383,2024-05-10 19:19:26.459891,2024-05-10 19:19:29.109962,0 days 00:00:02.650071,67,146,205,16,COMPLETE
826,826,-0.7774039682351888,0.14551059489510282,2024-05-10 19:19:29.113012,2024-05-10 19:19:31.335333,0 days 00:00:02.222321,38,43,59,16,COMPLETE
827,827,-1.7379160957999837,0.19196942113964505,2024-05-10 19:19:31.337396,2024-05-10 19:19:33.892582,0 days 00:00:02.555186,36,24,136,16,COMPLETE
828,828,-0.6414730452245115,0.14760723605082046,2024-05-10 19:19:33.893932,2024-05-10 19:19:35.276986,0 days 00:00:01.383054,61,2,8,16,COMPLETE
829,829,0.33668743481099844,0.09663426120958313,2024-05-10 19:19:35.278981,2024-05-10 19:19:38.906139,0 days 00:00:03.627158,59,143,179,16,COMPLETE
830,830,-0.348695020165757,0.12203751933328558,2024-05-10 19:19:38.908134,2024-05-10 19:19:40.732940,0 days 00:00:01.824806,74,31,55,16,COMPLETE
831,831,-0.2472422811660505,0.1192085240922494,2024-05-10 19:19:40.734935,2024-05-10 19:19:44.218859,0 days 00:00:03.483924,30,24,45,16,COMPLETE
832,832,-0.1923338807792573,0.11441241483801586,2024-05-10 19:19:44.220881,2024-05-10 19:19:47.751935,0 days 00:00:03.531054,67,34,59,16,COMPLETE
833,833,-0.7077888063148956,0.14840043040876943,2024-05-10 19:19:47.754046,2024-05-10 19:19:51.537858,0 days 00:00:03.783812,41,124,210,16,COMPLETE
834,834,0.4548803709344858,0.08078775991430406,2024-05-10 19:19:51.539719,2024-05-10 19:19:56.471020,0 days 00:00:04.931301,50,15,35,16,COMPLETE
835,835,-1.5966149172121888,0.1668290980559033,2024-05-10 19:19:56.474213,2024-05-10 19:20:00.743183,0 days 00:00:04.268970,20,48,124,16,COMPLETE
836,836,0.11130973642795143,0.10453801566288448,2024-05-10 19:20:00.744180,2024-05-10 19:20:03.513004,0 days 00:00:02.768824,65,25,149,16,COMPLETE
837,837,-0.43386018979378294,0.1354163686762658,2024-05-10 19:20:03.516017,2024-05-10 19:20:07.328864,0 days 00:00:03.812847,50,117,124,16,COMPLETE
838,838,0.08963744083836604,0.10914312334113477,2024-05-10 19:20:07.331021,2024-05-10 19:20:12.434722,0 days 00:00:05.103701,30,57,110,16,COMPLETE
839,839,0.09032367728336341,0.11321695468173618,2024-05-10 19:20:12.438449,2024-05-10 19:20:17.400280,0 days 00:00:04.961831,53,22,33,16,COMPLETE
840,840,-0.534708478546932,0.14759054128244734,2024-05-10 19:20:17.402274,2024-05-10 19:20:20.726960,0 days 00:00:03.324686,62,107,203,16,COMPLETE
841,841,-1.391532192749818,0.17736239268428466,2024-05-10 19:20:20.728954,2024-05-10 19:20:23.262645,0 days 00:00:02.533691,35,5,59,16,COMPLETE
842,842,0.4218694101202704,0.08539326246400214,2024-05-10 19:20:23.265638,2024-05-10 19:20:26.829361,0 days 00:00:03.563723,48,64,88,16,COMPLETE
843,843,0.19875496152404976,0.10820231992966647,2024-05-10 19:20:26.829361,2024-05-10 19:20:29.644763,0 days 00:00:02.815402,81,56,76,16,COMPLETE
844,844,0.05010351069740637,0.11365423936964492,2024-05-10 19:20:29.646757,2024-05-10 19:20:34.211690,0 days 00:00:04.564933,83,65,171,16,COMPLETE
845,845,-1.1877772856678264,0.14349563758002004,2024-05-10 19:20:34.212688,2024-05-10 19:20:37.817300,0 days 00:00:03.604612,86,33,95,16,COMPLETE
846,846,-0.14265831678207064,0.11858870869363472,2024-05-10 19:20:37.819365,2024-05-10 19:20:40.452852,0 days 00:00:02.633487,83,13,29,16,COMPLETE
847,847,-44.78182755698598,0.6674757320621413,2024-05-10 19:20:40.455842,2024-05-10 19:20:44.378223,0 days 00:00:03.922381,7,24,35,16,COMPLETE
848,848,0.26233340162171465,0.09696268166530471,2024-05-10 19:20:44.379958,2024-05-10 19:20:48.253737,0 days 00:00:03.873779,88,38,59,16,COMPLETE
849,849,0.07366779887379989,0.1104651530647945,2024-05-10 19:20:48.254734,2024-05-10 19:20:50.942980,0 days 00:00:02.688246,73,28,59,16,COMPLETE
850,850,-1.0741788158305487,0.15836394955062463,2024-05-10 19:20:50.943977,2024-05-10 19:20:52.709150,0 days 00:00:01.765173,36,10,15,17,COMPLETE
851,851,0.31737980087265594,0.09323817362983305,2024-05-10 19:20:52.710148,2024-05-10 19:20:57.473624,0 days 00:00:04.763476,51,120,124,17,COMPLETE
852,852,0.5166519356564855,0.07777157311198712,2024-05-10 19:20:57.478896,2024-05-10 19:21:00.830933,0 days 00:00:03.352037,50,69,124,17,COMPLETE
853,853,-7.2953294083926945,0.3095972807444689,2024-05-10 19:21:00.830933,2024-05-10 19:21:05.748371,0 days 00:00:04.917438,6,9,136,17,COMPLETE
854,854,-0.1836960700021621,0.1250688693294296,2024-05-10 19:21:05.760232,2024-05-10 19:21:08.421390,0 days 00:00:02.661158,51,78,116,17,COMPLETE
855,855,-0.08508860227264745,0.11652876468709297,2024-05-10 19:21:08.424283,2024-05-10 19:21:11.859532,0 days 00:00:03.435249,38,31,59,17,COMPLETE
856,856,-0.5240749039425071,0.13864656735529807,2024-05-10 19:21:11.859532,2024-05-10 19:21:15.391199,0 days 00:00:03.531667,48,6,8,17,COMPLETE
857,857,0.28868144221965186,0.09718455674501714,2024-05-10 19:21:15.391199,2024-05-10 19:21:19.019283,0 days 00:00:03.628084,78,23,29,17,COMPLETE
858,858,0.41053503978453254,0.08753826723208115,2024-05-10 19:21:19.021034,2024-05-10 19:21:22.787948,0 days 00:00:03.766914,39,126,170,17,COMPLETE
859,859,0.2259038534510224,0.10117583426024261,2024-05-10 19:21:22.787948,2024-05-10 19:21:25.752343,0 days 00:00:02.964395,94,61,70,17,COMPLETE
860,860,0.304534218405271,0.0920069583599302,2024-05-10 19:21:25.752343,2024-05-10 19:21:28.876921,0 days 00:00:03.124578,54,152,208,17,COMPLETE
861,861,0.28860538522282625,0.0969631754296886,2024-05-10 19:21:28.878939,2024-05-10 19:21:34.149622,0 days 00:00:05.270683,69,31,93,17,COMPLETE
862,862,0.2377855060150508,0.10006434569417677,2024-05-10 19:21:34.149622,2024-05-10 19:21:37.013005,0 days 00:00:02.863383,64,146,188,17,COMPLETE
863,863,0.11669209568322322,0.10629420980250606,2024-05-10 19:21:37.014999,2024-05-10 19:21:39.832641,0 days 00:00:02.817642,65,13,88,17,COMPLETE
864,864,0.07305046724679638,0.11823309842256777,2024-05-10 19:21:39.832641,2024-05-10 19:21:43.167944,0 days 00:00:03.335303,59,154,199,17,COMPLETE
865,865,-3.1247292022765207,0.17271114655463368,2024-05-10 19:21:43.169237,2024-05-10 19:21:44.760513,0 days 00:00:01.591276,33,3,203,17,COMPLETE
866,866,0.041691413705638,0.11301706384851781,2024-05-10 19:21:44.778720,2024-05-10 19:21:48.015623,0 days 00:00:03.236903,100,86,188,17,COMPLETE
867,867,-0.30174240441072014,0.13440040581592647,2024-05-10 19:21:48.016621,2024-05-10 19:21:50.925014,0 days 00:00:02.908393,16,154,208,17,COMPLETE
868,868,-1.3481953912808406,0.1588734258537109,2024-05-10 19:21:50.925014,2024-05-10 19:21:53.490054,0 days 00:00:02.565040,35,28,69,17,COMPLETE
869,869,-0.08561559505745002,0.11947524187222776,2024-05-10 19:21:53.490054,2024-05-10 19:21:56.621926,0 days 00:00:03.131872,12,41,60,17,COMPLETE
870,870,-4.335963003223944,0.24469455075709817,2024-05-10 19:21:56.621926,2024-05-10 19:22:00.038168,0 days 00:00:03.416242,4,42,66,17,COMPLETE
871,871,-2.6827484790898155,0.2258422401643457,2024-05-10 19:22:00.038168,2024-05-10 19:22:01.187567,0 days 00:00:01.149399,58,1,59,17,COMPLETE
872,872,0.11961766463539843,0.11138408351059885,2024-05-10 19:22:01.187567,2024-05-10 19:22:05.318158,0 days 00:00:04.130591,96,74,146,17,COMPLETE
873,873,-0.2711084296605152,0.1290864228948002,2024-05-10 19:22:05.318158,2024-05-10 19:22:10.184902,0 days 00:00:04.866744,96,163,208,17,COMPLETE
874,874,-37.109279346859225,0.6052960407019445,2024-05-10 19:22:10.184902,2024-05-10 19:22:13.464500,0 days 00:00:03.279598,6,25,58,17,COMPLETE
875,875,-0.5109002541407295,0.1457275958621663,2024-05-10 19:22:13.464500,2024-05-10 19:22:16.057920,0 days 00:00:02.593420,65,89,112,17,COMPLETE
876,876,-1.460204313561658,0.179077611950406,2024-05-10 19:22:16.057920,2024-05-10 19:22:17.030462,0 days 00:00:00.972542,51,4,145,17,COMPLETE
877,877,-0.6352916656894717,0.14662224432619558,2024-05-10 19:22:17.046277,2024-05-10 19:22:18.532740,0 days 00:00:01.486463,94,14,124,17,COMPLETE
878,878,-1.3839570828724952,0.15357713671559117,2024-05-10 19:22:18.533738,2024-05-10 19:22:20.695405,0 days 00:00:02.161667,7,1,3,17,COMPLETE
879,879,0.2038772298276162,0.10228394111337522,2024-05-10 19:22:20.695405,2024-05-10 19:22:24.892748,0 days 00:00:04.197343,56,130,157,17,COMPLETE
880,880,0.07372807887660762,0.10196571793348519,2024-05-10 19:22:24.892748,2024-05-10 19:22:26.925257,0 days 00:00:02.032509,77,23,59,17,COMPLETE
881,881,-1.9014739367582947,0.19484395944665428,2024-05-10 19:22:26.925257,2024-05-10 19:22:28.574436,0 days 00:00:01.649179,31,1,17,17,COMPLETE
882,882,0.2733773915847339,0.09314532454239417,2024-05-10 19:22:28.574436,2024-05-10 19:22:31.889641,0 days 00:00:03.315205,58,15,111,17,COMPLETE
883,883,-28.646635622612582,0.39325079498473514,2024-05-10 19:22:31.890639,2024-05-10 19:22:35.171856,0 days 00:00:03.281217,6,70,88,17,COMPLETE
884,884,0.33461842500009265,0.09293612282418538,2024-05-10 19:22:35.172853,2024-05-10 19:22:38.770729,0 days 00:00:03.597876,88,36,66,17,COMPLETE
885,885,-0.7443765880252808,0.15438925523816127,2024-05-10 19:22:38.770729,2024-05-10 19:22:41.392738,0 days 00:00:02.622009,22,89,168,17,COMPLETE
886,886,-0.9628894319296041,0.16911530883961381,2024-05-10 19:22:41.392738,2024-05-10 19:22:43.935254,0 days 00:00:02.542516,32,76,213,17,COMPLETE
887,887,-0.7032219210190982,0.1552334577344968,2024-05-10 19:22:43.949939,2024-05-10 19:22:45.717813,0 days 00:00:01.767874,99,19,122,17,COMPLETE
888,888,0.2559375875737982,0.09914249422311978,2024-05-10 19:22:45.717813,2024-05-10 19:22:49.341475,0 days 00:00:03.623662,51,41,80,17,COMPLETE
889,889,0.33902121480791286,0.09230346438558366,2024-05-10 19:22:49.343375,2024-05-10 19:22:54.898507,0 days 00:00:05.555132,65,21,59,17,COMPLETE
890,890,0.3928677605153531,0.08746796840721996,2024-05-10 19:22:54.898507,2024-05-10 19:22:57.478917,0 days 00:00:02.580410,50,8,35,17,COMPLETE
891,891,0.21054969882263902,0.10182371583593024,2024-05-10 19:22:57.478917,2024-05-10 19:23:01.375393,0 days 00:00:03.896476,96,36,213,17,COMPLETE
