,number,values_0,values_1,datetime_start,datetime_complete,duration,params_dim,params_rank,params_window_length,system_attrs_nsga2:generation,state
0,0,-310.07327829098654,0.0003394170643103365,2024-05-16 13:14:03.426370,2024-05-16 13:14:17.214438,0 days 00:00:13.788068,794,66,95,0,COMPLETE
1,1,-1340.6123154806612,0.000537078160373122,2024-05-16 13:14:17.217430,2024-05-16 13:14:31.511028,0 days 00:00:14.293598,775,51,168,0,COMPLETE
2,2,-387.4394391802524,0.0003738377821753137,2024-05-16 13:14:31.515018,2024-05-16 13:14:43.886455,0 days 00:00:12.371437,705,18,81,0,COMPLETE
3,3,-5.845168935170693,5.026537339004919e-05,2024-05-16 13:14:43.889449,2024-05-16 13:14:54.879986,0 days 00:00:10.990537,21,59,111,0,COMPLETE
4,4,-9.010187879273825,5.8886878018073555e-05,2024-05-16 13:14:54.881069,2024-05-16 13:14:58.480879,0 days 00:00:03.599810,23,15,104,0,COMPLETE
5,5,-20.811341707810378,8.923305522227423e-05,2024-05-16 13:14:58.482165,2024-05-16 13:15:04.510737,0 days 00:00:06.028572,191,18,83,0,COMPLETE
6,6,-209.3142821625379,0.00029492785419259296,2024-05-16 13:15:04.511747,2024-05-16 13:15:19.270115,0 days 00:00:14.758368,838,85,151,0,COMPLETE
7,7,-13184.36616599117,0.0016399453178675143,2024-05-16 13:15:19.272976,2024-05-16 13:15:25.425715,0 days 00:00:06.152739,599,36,44,0,COMPLETE
8,8,-945.0388370110793,0.0005596306391072297,2024-05-16 13:15:25.436850,2024-05-16 13:15:33.106198,0 days 00:00:07.669348,920,13,33,0,COMPLETE
9,9,-4736.4581058117055,0.000884742407253615,2024-05-16 13:15:33.109587,2024-05-16 13:15:41.683497,0 days 00:00:08.573910,855,8,92,0,COMPLETE
10,10,-300.27204253751694,0.0003636082213950021,2024-05-16 13:15:41.689961,2024-05-16 13:15:49.778909,0 days 00:00:08.088948,826,13,88,0,COMPLETE
11,11,-89.36304164716907,0.0001486016242088285,2024-05-16 13:15:49.781924,2024-05-16 13:15:53.029566,0 days 00:00:03.247642,165,16,27,0,COMPLETE
12,12,-4426.524596995865,0.0008596846192863201,2024-05-16 13:15:53.032472,2024-05-16 13:16:06.714282,0 days 00:00:13.681810,566,157,158,0,COMPLETE
13,13,-84132.2803994078,0.0029353619464215636,2024-05-16 13:16:06.717228,2024-05-16 13:16:16.684640,0 days 00:00:09.967412,774,32,38,0,COMPLETE
14,14,-12378.427351892675,0.0011791974511421188,2024-05-16 13:16:16.694607,2024-05-16 13:16:20.770628,0 days 00:00:04.076021,451,5,35,0,COMPLETE
15,15,-20.132260385508832,9.116232308637455e-05,2024-05-16 13:16:20.773030,2024-05-16 13:16:24.883232,0 days 00:00:04.110202,363,7,189,0,COMPLETE
16,16,-217.18478128176463,0.00030660317982308006,2024-05-16 13:16:24.892287,2024-05-16 13:16:34.044281,0 days 00:00:09.151994,906,3,14,0,COMPLETE
17,17,-1017.7733303986321,0.0005154321974008244,2024-05-16 13:16:34.048952,2024-05-16 13:16:48.148408,0 days 00:00:14.099456,835,98,115,0,COMPLETE
18,18,-205.04726165205653,0.00028594852757552977,2024-05-16 13:16:48.150317,2024-05-16 13:16:54.326110,0 days 00:00:06.175793,555,16,62,0,COMPLETE
19,19,-4.28895617698341,4.450517847204267e-05,2024-05-16 13:16:54.329159,2024-05-16 13:16:56.556364,0 days 00:00:02.227205,6,1,3,0,COMPLETE
20,20,-100.88511812848165,0.00020604843781856023,2024-05-16 13:16:56.557587,2024-05-16 13:17:04.442513,0 days 00:00:07.884926,582,58,61,0,COMPLETE
21,21,-586.7132951893593,0.0003705587891385718,2024-05-16 13:17:04.443912,2024-05-16 13:17:17.966472,0 days 00:00:13.522560,512,148,161,0,COMPLETE
22,22,-68639.43074254664,0.0036082800599583514,2024-05-16 13:17:17.970111,2024-05-16 13:17:31.652402,0 days 00:00:13.682291,832,95,165,0,COMPLETE
23,23,-206.24427511067216,0.00025868010586947677,2024-05-16 13:17:31.660022,2024-05-16 13:17:42.607816,0 days 00:00:10.947794,596,111,189,0,COMPLETE
24,24,-2404.133752385941,0.0005889395432009763,2024-05-16 13:17:42.613238,2024-05-16 13:17:46.578133,0 days 00:00:03.964895,437,2,3,0,COMPLETE
25,25,-1780.3905055092196,0.0007063859486193157,2024-05-16 13:17:46.580441,2024-05-16 13:17:57.924872,0 days 00:00:11.344431,752,37,153,0,COMPLETE
26,26,-178.66405212642718,0.0002614942369926884,2024-05-16 13:17:57.939004,2024-05-16 13:18:02.850422,0 days 00:00:04.911418,573,3,139,0,COMPLETE
27,27,-1253.1861930288046,0.0006040212645832619,2024-05-16 13:18:02.852005,2024-05-16 13:18:12.450189,0 days 00:00:09.598184,966,42,97,0,COMPLETE
28,28,-938.3257767769071,0.00048505530932042607,2024-05-16 13:18:12.452319,2024-05-16 13:18:19.539648,0 days 00:00:07.087329,675,15,23,0,COMPLETE
29,29,-11402.817159686585,0.0013015405828582104,2024-05-16 13:18:19.543822,2024-05-16 13:18:28.261152,0 days 00:00:08.717330,758,4,9,0,COMPLETE
30,30,-12715.668974650036,0.0018213750071751403,2024-05-16 13:18:28.264199,2024-05-16 13:18:35.250402,0 days 00:00:06.986203,451,63,131,0,COMPLETE
31,31,-26917.832431592902,0.0020317703547689005,2024-05-16 13:18:35.252979,2024-05-16 13:18:40.423960,0 days 00:00:05.170981,633,5,28,0,COMPLETE
32,32,-15675.96905867802,0.0013544448909140372,2024-05-16 13:18:40.435813,2024-05-16 13:18:44.503483,0 days 00:00:04.067670,426,1,192,0,COMPLETE
33,33,-57.94537482743755,0.00014535432248087262,2024-05-16 13:18:44.514546,2024-05-16 13:18:50.292977,0 days 00:00:05.778431,344,56,101,0,COMPLETE
34,34,-31001.559385506047,0.002097612650466999,2024-05-16 13:18:50.295009,2024-05-16 13:18:54.299098,0 days 00:00:04.004089,454,4,18,0,COMPLETE
35,35,-238.84902500134203,0.00021503366177432547,2024-05-16 13:18:54.312051,2024-05-16 13:19:02.462145,0 days 00:00:08.150094,197,94,198,0,COMPLETE
36,36,-281.92867755612986,0.0003417243334798408,2024-05-16 13:19:02.470920,2024-05-16 13:19:08.909417,0 days 00:00:06.438497,682,19,24,0,COMPLETE
37,37,-24488.805554395654,0.0016540761090286433,2024-05-16 13:19:08.914903,2024-05-16 13:19:17.876362,0 days 00:00:08.961459,724,3,8,0,COMPLETE
38,38,-1166.380905334141,0.00040029753490679863,2024-05-16 13:19:17.879404,2024-05-16 13:19:22.970741,0 days 00:00:05.091337,299,27,121,0,COMPLETE
39,39,-106.4463115122926,0.0001658738495851166,2024-05-16 13:19:22.982566,2024-05-16 13:19:26.250661,0 days 00:00:03.268095,279,6,63,0,COMPLETE
40,40,-1307.734439211753,0.0005654400732579065,2024-05-16 13:19:26.260169,2024-05-16 13:19:34.457733,0 days 00:00:08.197564,878,2,177,0,COMPLETE
41,41,-212.29593356373795,0.0002930872709862424,2024-05-16 13:19:34.459729,2024-05-16 13:19:44.880801,0 days 00:00:10.421072,807,84,121,0,COMPLETE
42,42,-629.9807954604701,0.0004708238925020423,2024-05-16 13:19:44.882991,2024-05-16 13:19:54.406916,0 days 00:00:09.523925,787,82,94,0,COMPLETE
43,43,-30.630114119097065,0.00010405299747476431,2024-05-16 13:19:54.408911,2024-05-16 13:19:56.674700,0 days 00:00:02.265789,37,7,17,0,COMPLETE
44,44,-245.86350014804057,0.0003120467993335416,2024-05-16 13:19:56.676175,2024-05-16 13:20:09.652346,0 days 00:00:12.976171,953,120,127,0,COMPLETE
45,45,-3964.360176197446,0.0008009313984615627,2024-05-16 13:20:09.653343,2024-05-16 13:20:15.252279,0 days 00:00:05.598936,668,16,33,0,COMPLETE
46,46,-115.20287280428519,0.00021384786361197303,2024-05-16 13:20:15.254440,2024-05-16 13:20:19.253957,0 days 00:00:03.999517,606,7,12,0,COMPLETE
47,47,-3433.0874304779813,0.0008654092600703904,2024-05-16 13:20:19.255951,2024-05-16 13:20:31.438419,0 days 00:00:12.182468,868,135,142,0,COMPLETE
48,48,-4.630251490457161,4.582186659995782e-05,2024-05-16 13:20:31.441372,2024-05-16 13:20:34.030531,0 days 00:00:02.589159,4,18,21,0,COMPLETE
49,49,-145.74037625978798,0.000160053106802929,2024-05-16 13:20:34.031528,2024-05-16 13:20:42.261835,0 days 00:00:08.230307,290,132,156,0,COMPLETE
50,50,-4061.43405893573,0.000927892691493176,2024-05-16 13:20:42.263830,2024-05-16 13:20:52.497914,0 days 00:00:10.234084,912,66,73,1,COMPLETE
51,51,-6528.351008110346,0.0009935810605994292,2024-05-16 13:20:52.498911,2024-05-16 13:21:00.109995,0 days 00:00:07.611084,758,50,98,1,COMPLETE
52,52,-16.1764082073812,8.346584245325784e-05,2024-05-16 13:21:00.112015,2024-05-16 13:21:06.815070,0 days 00:00:06.703055,279,51,161,1,COMPLETE
53,53,-18917.55655262163,0.0014798374534001797,2024-05-16 13:21:06.816041,2024-05-16 13:21:15.303239,0 days 00:00:08.487198,863,46,130,1,COMPLETE
54,54,-370.0011528948281,0.00028949402888404165,2024-05-16 13:21:15.305701,2024-05-16 13:21:19.682028,0 days 00:00:04.376327,411,21,139,1,COMPLETE
55,55,-20.45576728493005,9.245472561971776e-05,2024-05-16 13:21:19.684030,2024-05-16 13:21:24.548438,0 days 00:00:04.864408,231,44,95,1,COMPLETE
56,56,-400260.81657385535,0.0062589275846423945,2024-05-16 13:21:24.553179,2024-05-16 13:21:32.455917,0 days 00:00:07.902738,745,38,172,1,COMPLETE
57,57,-14.349697964131689,7.742702123032615e-05,2024-05-16 13:21:32.457912,2024-05-16 13:21:38.411524,0 days 00:00:05.953612,255,58,62,1,COMPLETE
58,58,-716436.2783755909,0.008342204163545764,2024-05-16 13:21:38.413517,2024-05-16 13:21:48.997487,0 days 00:00:10.583970,849,83,189,1,COMPLETE
59,59,-3267.104519493098,0.0006793905039573138,2024-05-16 13:21:48.998816,2024-05-16 13:21:53.966025,0 days 00:00:04.967209,562,27,71,1,COMPLETE
60,60,-89.11390557287183,0.0001930911794884394,2024-05-16 13:21:53.968220,2024-05-16 13:22:00.091819,0 days 00:00:06.123599,555,35,110,1,COMPLETE
61,61,-195.98926041242996,0.0002872434037763819,2024-05-16 13:22:00.094240,2024-05-16 13:22:12.835442,0 days 00:00:12.741202,890,69,154,1,COMPLETE
62,62,-3.7301383922731572,4.1910073075443575e-05,2024-05-16 13:22:12.837437,2024-05-16 13:22:16.586868,0 days 00:00:03.749431,6,35,144,1,COMPLETE
63,63,-469.91413886728543,0.0003815546131141938,2024-05-16 13:22:16.591994,2024-05-16 13:22:29.598896,0 days 00:00:13.006902,573,164,197,1,COMPLETE
64,64,-27736.724943648715,0.0017488703746937405,2024-05-16 13:22:29.599895,2024-05-16 13:22:35.451119,0 days 00:00:05.851224,573,44,139,1,COMPLETE
65,65,-84.18981400553037,0.00016318305417869773,2024-05-16 13:22:35.452564,2024-05-16 13:22:41.926277,0 days 00:00:06.473713,290,71,83,1,COMPLETE
66,66,-78.52567957434759,0.00014134355928751698,2024-05-16 13:22:41.927057,2024-05-16 13:22:48.699639,0 days 00:00:06.772582,281,72,189,1,COMPLETE
67,67,-150.16480321933767,0.0002469833744126691,2024-05-16 13:22:48.701078,2024-05-16 13:22:56.225357,0 days 00:00:07.524279,807,33,104,1,COMPLETE
68,68,-105.63649629499045,0.00016321456469361407,2024-05-16 13:22:56.227350,2024-05-16 13:23:00.460750,0 days 00:00:04.233400,103,34,53,1,COMPLETE
69,69,-3394.4087223274146,0.0008755874514795821,2024-05-16 13:23:00.462745,2024-05-16 13:23:12.186129,0 days 00:00:11.723384,699,93,101,1,COMPLETE
70,70,-23.027231448070005,9.881169643844985e-05,2024-05-16 13:23:12.188124,2024-05-16 13:23:16.818670,0 days 00:00:04.630546,228,9,44,1,COMPLETE
71,71,-60.378217824565,0.00015739497181740727,2024-05-16 13:23:16.822617,2024-05-16 13:23:21.850549,0 days 00:00:05.027932,437,21,24,1,COMPLETE
72,72,-3270.768367287278,0.0008179962197413943,2024-05-16 13:23:21.857773,2024-05-16 13:23:27.405188,0 days 00:00:05.547415,623,21,111,1,COMPLETE
73,73,-305.55011804455677,0.0003564181541304909,2024-05-16 13:23:27.407451,2024-05-16 13:23:36.973081,0 days 00:00:09.565630,793,60,145,1,COMPLETE
74,74,-1167.5583487973631,0.0005774195925540052,2024-05-16 13:23:36.975038,2024-05-16 13:23:44.707022,0 days 00:00:07.731984,966,11,17,1,COMPLETE
75,75,-4.925018770252472,4.67503381229153e-05,2024-05-16 13:23:44.709769,2024-05-16 13:23:47.336026,0 days 00:00:02.626257,6,3,3,1,COMPLETE
76,76,-101842.63045046527,0.003315815901135608,2024-05-16 13:23:47.337023,2024-05-16 13:23:56.182045,0 days 00:00:08.845022,775,47,57,1,COMPLETE
77,77,-274.4963711971263,0.0003436214018019788,2024-05-16 13:23:56.186648,2024-05-16 13:24:11.960132,0 days 00:00:15.773484,765,142,142,1,COMPLETE
78,78,-1050.594388489719,0.00042533930889431307,2024-05-16 13:24:11.963881,2024-05-16 13:24:16.804309,0 days 00:00:04.840428,381,4,14,1,COMPLETE
79,79,-731.7997815481465,0.0003279051415698762,2024-05-16 13:24:16.807955,2024-05-16 13:24:24.048582,0 days 00:00:07.240627,168,93,142,1,COMPLETE
80,80,-96594.4448854513,0.004740977328013421,2024-05-16 13:24:24.050705,2024-05-16 13:24:33.452115,0 days 00:00:09.401410,914,8,10,1,COMPLETE
81,81,-128.4071107944235,0.00021527500235476947,2024-05-16 13:24:33.457303,2024-05-16 13:24:44.893100,0 days 00:00:11.435797,566,134,158,1,COMPLETE
82,82,-16.107430708930522,6.832554811236941e-05,2024-05-16 13:24:44.901990,2024-05-16 13:24:49.607572,0 days 00:00:04.705582,4,66,66,1,COMPLETE
83,83,-85.08388481661245,0.00018640903824865084,2024-05-16 13:24:49.610672,2024-05-16 13:24:55.837245,0 days 00:00:06.226573,426,77,104,1,COMPLETE
84,84,-989.4194178342617,0.00042303001101212976,2024-05-16 13:24:55.839449,2024-05-16 13:24:59.536530,0 days 00:00:03.697081,191,25,53,1,COMPLETE
85,85,-300.64636248368197,0.00035625187850812766,2024-05-16 13:24:59.538297,2024-05-16 13:25:07.729072,0 days 00:00:08.190775,956,27,88,1,COMPLETE
86,86,-20.690723835291408,9.40969579398714e-05,2024-05-16 13:25:07.734057,2024-05-16 13:25:13.242994,0 days 00:00:05.508937,165,69,159,1,COMPLETE
87,87,-499.82923541168867,0.0004147144883767721,2024-05-16 13:25:13.243992,2024-05-16 13:25:23.819210,0 days 00:00:10.575218,868,90,142,1,COMPLETE
88,88,-67.26386677897133,0.00016544744475218077,2024-05-16 13:25:23.820343,2024-05-16 13:25:27.272843,0 days 00:00:03.452500,363,1,4,1,COMPLETE
89,89,-31661.2666376457,0.0018413966256342292,2024-05-16 13:25:27.274836,2024-05-16 13:25:31.455991,0 days 00:00:04.181155,454,3,108,1,COMPLETE
90,90,-17.526349459471795,8.685862920381706e-05,2024-05-16 13:25:31.457988,2024-05-16 13:25:35.474719,0 days 00:00:04.016731,214,28,127,1,COMPLETE
91,91,-1314.6239798818951,0.0005508657064930746,2024-05-16 13:25:35.476863,2024-05-16 13:25:42.970518,0 days 00:00:07.493655,607,44,186,1,COMPLETE
92,92,-42632.523400342536,0.002225255841346981,2024-05-16 13:25:42.972512,2024-05-16 13:25:59.982489,0 days 00:00:17.009977,991,188,189,1,COMPLETE
93,93,-65.70379389761055,0.00013122724762573777,2024-05-16 13:25:59.984483,2024-05-16 13:26:03.324122,0 days 00:00:03.339639,165,13,61,1,COMPLETE
94,94,-215.9276457946668,0.0002910945012475414,2024-05-16 13:26:03.326084,2024-05-16 13:26:09.273641,0 days 00:00:05.947557,615,30,133,1,COMPLETE
95,95,-298807.3250553155,0.00552194785533292,2024-05-16 13:26:09.276706,2024-05-16 13:26:13.933897,0 days 00:00:04.657191,505,1,3,1,COMPLETE
96,96,-15.90258459439571,8.421362694455657e-05,2024-05-16 13:26:13.935892,2024-05-16 13:26:19.517576,0 days 00:00:05.581684,258,39,62,1,COMPLETE
97,97,-78.37661181024916,0.00015052531632350996,2024-05-16 13:26:19.520533,2024-05-16 13:26:26.608196,0 days 00:00:07.087663,299,58,62,1,COMPLETE
98,98,-5.616172935366937,4.948933517798888e-05,2024-05-16 13:26:26.614651,2024-05-16 13:26:32.675721,0 days 00:00:06.061070,21,77,185,1,COMPLETE
99,99,-21.450154778391926,9.640762241169273e-05,2024-05-16 13:26:32.677684,2024-05-16 13:26:36.703160,0 days 00:00:04.025476,162,23,24,1,COMPLETE
100,100,-758.3176709545548,0.0004171885587806256,2024-05-16 13:26:36.705622,2024-05-16 13:26:40.612269,0 days 00:00:03.906647,363,2,13,2,COMPLETE
101,101,-128.02733691875687,0.00023868428266713196,2024-05-16 13:26:40.613997,2024-05-16 13:26:46.316335,0 days 00:00:05.702338,528,28,120,2,COMPLETE
102,102,-27374.832254523615,0.002444251748934054,2024-05-16 13:26:46.318330,2024-05-16 13:26:54.481127,0 days 00:00:08.162797,555,52,106,2,COMPLETE
103,103,-991.1856279230944,0.0005377271985823318,2024-05-16 13:26:54.485118,2024-05-16 13:27:01.561014,0 days 00:00:07.075896,931,1,24,2,COMPLETE
104,104,-40.684346647908704,0.00013475174588063561,2024-05-16 13:27:01.563024,2024-05-16 13:27:06.632084,0 days 00:00:05.069060,370,5,24,2,COMPLETE
105,105,-113.75410709995636,0.0002076825427099939,2024-05-16 13:27:06.634081,2024-05-16 13:27:19.567587,0 days 00:00:12.933506,576,148,158,2,COMPLETE
106,106,-473.9699794612129,0.00026810303094602445,2024-05-16 13:27:19.570060,2024-05-16 13:27:23.240854,0 days 00:00:03.670794,173,14,140,2,COMPLETE
107,107,-36.89007449961094,0.00010996466249662296,2024-05-16 13:27:23.247324,2024-05-16 13:27:32.288584,0 days 00:00:09.041260,345,129,158,2,COMPLETE
108,108,-219.44244673942654,0.00022642692588296766,2024-05-16 13:27:32.290579,2024-05-16 13:27:35.685840,0 days 00:00:03.395261,299,9,21,2,COMPLETE
109,109,-29041.77404483754,0.0016652612709801048,2024-05-16 13:27:35.688236,2024-05-16 13:27:40.673186,0 days 00:00:04.984950,290,51,83,2,COMPLETE
110,110,-4820.665119016818,0.000641385254628862,2024-05-16 13:27:40.679765,2024-05-16 13:27:47.331443,0 days 00:00:06.651678,23,104,139,2,COMPLETE
111,111,-13.042484769106442,7.595845330249859e-05,2024-05-16 13:27:47.333094,2024-05-16 13:27:50.013770,0 days 00:00:02.680676,37,9,19,2,COMPLETE
112,112,-4.103863409635129,4.1546557551216254e-05,2024-05-16 13:27:50.015763,2024-05-16 13:27:57.029766,0 days 00:00:07.014003,6,120,144,2,COMPLETE
113,113,-5.2158447463636906,4.797265415031355e-05,2024-05-16 13:27:57.031010,2024-05-16 13:28:03.038117,0 days 00:00:06.007107,14,86,127,2,COMPLETE
114,114,-867.0307471368621,0.00034788681542015506,2024-05-16 13:28:03.039835,2024-05-16 13:28:11.007109,0 days 00:00:07.967274,279,99,161,2,COMPLETE
115,115,-5.067329492313123,4.784770251936428e-05,2024-05-16 13:28:11.012163,2024-05-16 13:28:13.109702,0 days 00:00:02.097539,4,1,13,2,COMPLETE
116,116,-329.7016202338743,0.0003183109506197466,2024-05-16 13:28:13.111696,2024-05-16 13:28:25.430702,0 days 00:00:12.319006,946,39,102,2,COMPLETE
117,117,-17.67769792223512,8.359906293068818e-05,2024-05-16 13:28:25.431699,2024-05-16 13:28:30.479753,0 days 00:00:05.048054,70,59,77,2,COMPLETE
118,118,-58.10884250963287,9.789101578395817e-05,2024-05-16 13:28:30.483174,2024-05-16 13:28:33.012654,0 days 00:00:02.529480,6,9,62,2,COMPLETE
119,119,-15960.769503727197,0.0013404873849754975,2024-05-16 13:28:33.014151,2024-05-16 13:28:46.794476,0 days 00:00:13.780325,596,188,189,2,COMPLETE
120,120,-168.66514401542292,0.000266942610984919,2024-05-16 13:28:46.796300,2024-05-16 13:28:56.701322,0 days 00:00:09.905022,803,37,70,2,COMPLETE
121,121,-177.51060306627684,0.00027001914907760094,2024-05-16 13:28:56.702591,2024-05-16 13:29:01.927788,0 days 00:00:05.225197,615,12,24,2,COMPLETE
122,122,-58.65332367237953,0.0001612366740229415,2024-05-16 13:29:01.929431,2024-05-16 13:29:06.750211,0 days 00:00:04.820780,413,9,90,2,COMPLETE
123,123,-17.086278426520703,8.646400839672409e-05,2024-05-16 13:29:06.751209,2024-05-16 13:29:12.016857,0 days 00:00:05.265648,214,54,127,2,COMPLETE
124,124,-23.368725210775875,0.00010252376443841388,2024-05-16 13:29:12.017913,2024-05-16 13:29:14.930977,0 days 00:00:02.913064,248,1,3,2,COMPLETE
125,125,-1202.977205271278,0.0005505215996262957,2024-05-16 13:29:14.939097,2024-05-16 13:29:24.139579,0 days 00:00:09.200482,665,34,110,2,COMPLETE
126,126,-29.28734749406674,0.00010548921031786774,2024-05-16 13:29:24.146308,2024-05-16 13:29:31.137828,0 days 00:00:06.991520,363,48,114,2,COMPLETE
127,127,-16.774235595865573,8.362920545784294e-05,2024-05-16 13:29:31.140821,2024-05-16 13:29:36.397029,0 days 00:00:05.256208,168,37,193,2,COMPLETE
128,128,-75.0448747126218,0.00016781901821476662,2024-05-16 13:29:36.399024,2024-05-16 13:29:45.763745,0 days 00:00:09.364721,769,11,21,2,COMPLETE
129,129,-891.74104231552,0.000427091288019123,2024-05-16 13:29:45.765815,2024-05-16 13:29:58.036641,0 days 00:00:12.270826,890,74,156,2,COMPLETE
130,130,-4.927429473062643,4.708098447500616e-05,2024-05-16 13:29:58.038632,2024-05-16 13:30:00.200188,0 days 00:00:02.161556,6,2,3,2,COMPLETE
131,131,-44.99216564902372,0.00011139744543553473,2024-05-16 13:30:00.201229,2024-05-16 13:30:05.627696,0 days 00:00:05.426467,306,35,139,2,COMPLETE
132,132,-202.2665692676748,0.00020580243240907268,2024-05-16 13:30:05.628955,2024-05-16 13:30:09.586888,0 days 00:00:03.957933,165,11,27,2,COMPLETE
133,133,-212.89082227407098,0.00021347025787833086,2024-05-16 13:30:09.587886,2024-05-16 13:30:19.636710,0 days 00:00:10.048824,284,117,181,2,COMPLETE
134,134,-11.521052396471687,7.191392462124358e-05,2024-05-16 13:30:19.637611,2024-05-16 13:30:23.179565,0 days 00:00:03.541954,35,20,62,2,COMPLETE
135,135,-11.404277364771437,6.593359203753889e-05,2024-05-16 13:30:23.182090,2024-05-16 13:30:26.214962,0 days 00:00:03.032872,39,10,10,2,COMPLETE
136,136,-25.772451845944822,0.00010678375007000933,2024-05-16 13:30:26.216957,2024-05-16 13:30:29.851836,0 days 00:00:03.634879,103,23,27,2,COMPLETE
137,137,-689.6323764761571,0.0003162604627183474,2024-05-16 13:30:29.853223,2024-05-16 13:30:34.988826,0 days 00:00:05.135603,279,31,79,2,COMPLETE
138,138,-61.43853395862531,0.0001591796881556892,2024-05-16 13:30:34.994570,2024-05-16 13:30:41.178928,0 days 00:00:06.184358,317,47,62,2,COMPLETE
139,139,-44.076189095974335,0.00012703445849520967,2024-05-16 13:30:41.181079,2024-05-16 13:30:49.264754,0 days 00:00:08.083675,191,109,134,2,COMPLETE
140,140,-127.2280432469687,0.00022201314381030884,2024-05-16 13:30:49.267869,2024-05-16 13:30:58.454475,0 days 00:00:09.186606,557,112,172,2,COMPLETE
141,141,-12492.484790153543,0.0016686630556310919,2024-05-16 13:30:58.459552,2024-05-16 13:31:10.530633,0 days 00:00:12.071081,776,122,127,2,COMPLETE
142,142,-16.89777892673289,8.230808266142684e-05,2024-05-16 13:31:10.531630,2024-05-16 13:31:15.706798,0 days 00:00:05.175168,299,20,62,2,COMPLETE
143,143,-178.9582456733603,0.0002758968739295993,2024-05-16 13:31:15.709824,2024-05-16 13:31:23.508505,0 days 00:00:07.798681,669,4,179,2,COMPLETE
144,144,-188.0085494118286,0.0002826928471903186,2024-05-16 13:31:23.510500,2024-05-16 13:31:32.821592,0 days 00:00:09.311092,991,2,83,2,COMPLETE
145,145,-12.403179551719319,7.319880781657924e-05,2024-05-16 13:31:32.823521,2024-05-16 13:31:37.344321,0 days 00:00:04.520800,263,8,56,2,COMPLETE
146,146,-8867.934464192918,0.00108721266814276,2024-05-16 13:31:37.346316,2024-05-16 13:31:50.800480,0 days 00:00:13.454164,997,75,164,2,COMPLETE
