,number,values_0,values_1,datetime_start,datetime_complete,duration,params_dim,params_rank,params_window_length,system_attrs_nsga2:generation,state
731,731,-0.7709785319950819,0.006705864492077204,2024-05-18 13:20:31.662475,2024-05-18 13:20:36.824192,0 days 00:00:05.161717,78,74,229,14,COMPLETE
732,732,-0.49589735519128747,0.006276605968373654,2024-05-18 13:20:36.824192,2024-05-18 13:20:44.203264,0 days 00:00:07.379072,106,120,226,14,COMPLETE
733,733,-0.7944464572541718,0.00676276364005097,2024-05-18 13:20:44.218886,2024-05-18 13:20:51.206921,0 days 00:00:06.988035,790,52,230,14,COMPLETE
734,734,-0.640761773340919,0.006441875318960177,2024-05-18 13:20:51.206921,2024-05-18 13:21:01.384270,0 days 00:00:10.177349,532,165,224,14,COMPLETE
735,735,-0.9156493674025323,0.007000530894457934,2024-05-18 13:21:01.384270,2024-05-18 13:21:06.943325,0 days 00:00:05.559055,796,31,59,14,COMPLETE
736,736,-0.38141898367935106,0.006012327577637824,2024-05-18 13:21:06.945320,2024-05-18 13:21:21.063046,0 days 00:00:14.117726,785,211,224,14,COMPLETE
737,737,-1.2070732815193042,0.007519606921866448,2024-05-18 13:21:21.063046,2024-05-18 13:21:24.650839,0 days 00:00:03.587793,652,6,11,14,COMPLETE
738,738,-0.5156463855161842,0.006163240565243471,2024-05-18 13:21:24.652433,2024-05-18 13:21:29.740365,0 days 00:00:05.087932,790,16,59,14,COMPLETE
739,739,-0.6301074558611947,0.006410190728160634,2024-05-18 13:21:29.740365,2024-05-18 13:21:38.401568,0 days 00:00:08.661203,764,79,202,14,COMPLETE
740,740,-1.917901750332117,0.008325875776924618,2024-05-18 13:21:38.403563,2024-05-18 13:21:41.901794,0 days 00:00:03.498231,70,28,224,14,COMPLETE
741,741,-0.38897172647460254,0.005863012245124122,2024-05-18 13:21:41.903789,2024-05-18 13:21:49.218303,0 days 00:00:07.314514,436,86,192,14,COMPLETE
742,742,-0.5175041309520283,0.006362289943903062,2024-05-18 13:21:49.220297,2024-05-18 13:21:58.076202,0 days 00:00:08.855905,361,134,219,14,COMPLETE
743,743,-0.6617282038637076,0.00650900795288151,2024-05-18 13:21:58.076202,2024-05-18 13:22:14.513115,0 days 00:00:16.436913,790,202,224,14,COMPLETE
744,744,-0.46794114279199717,0.006055252997934675,2024-05-18 13:22:14.513115,2024-05-18 13:22:18.139219,0 days 00:00:03.626104,463,9,228,14,COMPLETE
745,745,-1.0086243499051737,0.007085746118570296,2024-05-18 13:22:18.139219,2024-05-18 13:22:20.242001,0 days 00:00:02.102782,36,3,6,14,COMPLETE
746,746,-0.9244225412392894,0.007030134057368966,2024-05-18 13:22:20.242001,2024-05-18 13:22:23.286397,0 days 00:00:03.044396,301,13,26,14,COMPLETE
747,747,-1.1805777778731383,0.007416346154924143,2024-05-18 13:22:23.286397,2024-05-18 13:22:25.856663,0 days 00:00:02.570266,212,11,23,14,COMPLETE
748,748,-0.9186293464089641,0.006922396449389562,2024-05-18 13:22:25.856663,2024-05-18 13:22:33.768790,0 days 00:00:07.912127,412,121,239,14,COMPLETE
749,749,-0.806837422989615,0.006790965965015531,2024-05-18 13:22:33.768790,2024-05-18 13:22:37.472783,0 days 00:00:03.703993,512,20,26,14,COMPLETE
750,750,-0.44896499054998673,0.006038963092890745,2024-05-18 13:22:37.487909,2024-05-18 13:22:43.014813,0 days 00:00:05.526904,694,37,66,15,COMPLETE
751,751,-0.330978412226942,0.0058004841152835065,2024-05-18 13:22:43.014813,2024-05-18 13:22:48.717059,0 days 00:00:05.702246,832,14,224,15,COMPLETE
752,752,-0.4858320417707823,0.006175854558672847,2024-05-18 13:22:48.717059,2024-05-18 13:22:54.304224,0 days 00:00:05.587165,436,54,242,15,COMPLETE
753,753,-0.8563751464334315,0.006765779576484605,2024-05-18 13:22:54.306219,2024-05-18 13:23:04.774724,0 days 00:00:10.468505,211,158,196,15,COMPLETE
754,754,-1.320318060553957,0.007568347029545014,2024-05-18 13:23:04.774724,2024-05-18 13:23:09.972641,0 days 00:00:05.197917,651,51,94,15,COMPLETE
755,755,-0.48804402943043634,0.006009528317373438,2024-05-18 13:23:09.972641,2024-05-18 13:23:15.169953,0 days 00:00:05.197312,676,18,192,15,COMPLETE
756,756,-1.0394886574164037,0.007219748156682635,2024-05-18 13:23:15.169953,2024-05-18 13:23:23.050042,0 days 00:00:07.880089,907,67,85,15,COMPLETE
757,757,-0.15318513507294781,0.005467967861855648,2024-05-18 13:23:23.052954,2024-05-18 13:23:25.581508,0 days 00:00:02.528554,213,7,125,15,COMPLETE
758,758,-0.8489895974910915,0.006784953225983365,2024-05-18 13:23:25.583504,2024-05-18 13:24:07.479325,0 days 00:00:41.895821,790,276,297,15,COMPLETE
759,759,-0.2287546616008979,0.005582188948020748,2024-05-18 13:24:07.518939,2024-05-18 13:24:23.182493,0 days 00:00:15.663554,505,186,224,15,COMPLETE
760,760,-1.1681569051354848,0.007518194654625776,2024-05-18 13:24:23.185485,2024-05-18 13:24:27.171455,0 days 00:00:03.985970,378,11,59,15,COMPLETE
761,761,-1.0332606292984656,0.007181692897293365,2024-05-18 13:24:27.171455,2024-05-18 13:24:33.768564,0 days 00:00:06.597109,612,50,224,15,COMPLETE
762,762,-1.2627422611020709,0.007679350328804256,2024-05-18 13:24:33.768564,2024-05-18 13:24:39.449615,0 days 00:00:05.681051,361,44,192,15,COMPLETE
763,763,-0.6321658986267353,0.006425419779245743,2024-05-18 13:24:39.449615,2024-05-18 13:24:42.614950,0 days 00:00:03.165335,66,29,51,15,COMPLETE
764,764,-0.572328798490552,0.006263024178087474,2024-05-18 13:24:42.631977,2024-05-18 13:24:52.076935,0 days 00:00:09.444958,814,80,177,15,COMPLETE
765,765,-1.366798856145137,0.007788769445252095,2024-05-18 13:24:52.079926,2024-05-18 13:25:02.455829,0 days 00:00:10.375903,644,131,192,15,COMPLETE
766,766,-1.1752009445356415,0.007605085339232156,2024-05-18 13:25:02.455829,2024-05-18 13:25:08.536362,0 days 00:00:06.080533,651,48,241,15,COMPLETE
767,767,-0.6214379354381532,0.0063967177479904765,2024-05-18 13:25:08.536362,2024-05-18 13:25:16.919446,0 days 00:00:08.383084,48,142,158,15,COMPLETE
768,768,-1.023574665102345,0.0070566897830008565,2024-05-18 13:25:16.921441,2024-05-18 13:25:28.893841,0 days 00:00:11.972400,60,201,224,15,COMPLETE
769,769,-0.4732790244349362,0.0061189197404947935,2024-05-18 13:25:28.909463,2024-05-18 13:25:37.424569,0 days 00:00:08.515106,804,86,175,15,COMPLETE
770,770,-0.3580447978497995,0.005941922032414262,2024-05-18 13:25:37.424569,2024-05-18 13:25:49.888164,0 days 00:00:12.463595,993,153,166,15,COMPLETE
771,771,-0.4711003536369819,0.0061934288382176714,2024-05-18 13:25:49.888164,2024-05-18 13:25:55.141752,0 days 00:00:05.253588,880,5,59,15,COMPLETE
772,772,-0.7594063076365603,0.006711504743672656,2024-05-18 13:25:55.141752,2024-05-18 13:26:00.709035,0 days 00:00:05.567283,178,84,93,15,COMPLETE
773,773,-0.4996444284339628,0.006267335478703817,2024-05-18 13:26:00.712739,2024-05-18 13:26:06.791576,0 days 00:00:06.078837,725,14,208,15,COMPLETE
774,774,-0.9131102405114703,0.007071076954095451,2024-05-18 13:26:06.791576,2024-05-18 13:26:18.088898,0 days 00:00:11.297322,238,150,199,15,COMPLETE
775,775,-1.0093644657662089,0.0072623532336954484,2024-05-18 13:26:18.088898,2024-05-18 13:26:29.050485,0 days 00:00:10.961587,192,154,244,15,COMPLETE
776,776,-0.32252470721871485,0.005915691941712338,2024-05-18 13:26:29.050485,2024-05-18 13:26:32.215998,0 days 00:00:03.165513,399,2,224,15,COMPLETE
777,777,-0.6293180747098203,0.006421515606443985,2024-05-18 13:26:32.215998,2024-05-18 13:26:37.863353,0 days 00:00:05.647355,690,17,32,15,COMPLETE
778,778,-0.40622147031310263,0.006030606833294265,2024-05-18 13:26:37.863353,2024-05-18 13:26:44.485192,0 days 00:00:06.621839,612,35,236,15,COMPLETE
779,779,-0.7911403257221404,0.006737534742340031,2024-05-18 13:26:44.487186,2024-05-18 13:26:55.278082,0 days 00:00:10.790896,851,90,107,15,COMPLETE
780,780,-0.7836688506735758,0.006718029279512291,2024-05-18 13:26:55.280075,2024-05-18 13:26:59.874960,0 days 00:00:04.594885,584,21,26,15,COMPLETE
781,781,-0.42068408722538636,0.006007940886575256,2024-05-18 13:26:59.876955,2024-05-18 13:27:04.967554,0 days 00:00:05.090599,505,35,59,15,COMPLETE
782,782,-0.41150442344435356,0.005969700521211888,2024-05-18 13:27:04.970546,2024-05-18 13:27:09.310543,0 days 00:00:04.339997,584,9,26,15,COMPLETE
783,783,-0.19506608689376193,0.005654673009304694,2024-05-18 13:27:09.312537,2024-05-18 13:27:13.743250,0 days 00:00:04.430713,629,8,200,15,COMPLETE
784,784,-1.932226275854628,0.009103455801346236,2024-05-18 13:27:13.745245,2024-05-18 13:27:17.086464,0 days 00:00:03.341219,412,6,66,15,COMPLETE
785,785,-0.4207503832169749,0.006075129950835982,2024-05-18 13:27:17.088459,2024-05-18 13:27:24.568300,0 days 00:00:07.479841,857,29,72,15,COMPLETE
786,786,-1.1949288327390026,0.007688594903053005,2024-05-18 13:27:24.571294,2024-05-18 13:27:29.913687,0 days 00:00:05.342393,180,60,192,15,COMPLETE
787,787,-1.220160534644895,0.007829341549730456,2024-05-18 13:27:29.915682,2024-05-18 13:27:32.341607,0 days 00:00:02.425925,15,12,26,15,COMPLETE
788,788,-1.0950355506949658,0.007287331330227619,2024-05-18 13:27:32.343602,2024-05-18 13:27:40.301407,0 days 00:00:07.957805,790,57,59,15,COMPLETE
789,789,-0.4890146630767068,0.006152035643221576,2024-05-18 13:27:40.304400,2024-05-18 13:27:47.946004,0 days 00:00:07.641604,845,36,192,15,COMPLETE
790,790,-0.634898339767345,0.006523566391494981,2024-05-18 13:27:47.948998,2024-05-18 13:28:06.001038,0 days 00:00:18.052040,694,213,297,15,COMPLETE
791,791,-0.39217409686266397,0.005915438889652404,2024-05-18 13:28:06.004029,2024-05-18 13:28:13.000409,0 days 00:00:06.996380,280,89,168,15,COMPLETE
792,792,-1.2042669089473474,0.007674898196539809,2024-05-18 13:28:13.003402,2024-05-18 13:28:15.573174,0 days 00:00:02.569772,281,2,44,15,COMPLETE
793,793,-0.932682804025929,0.007157759161846425,2024-05-18 13:28:15.575170,2024-05-18 13:28:19.178354,0 days 00:00:03.603184,560,5,26,15,COMPLETE
794,794,-1.9210344525249021,0.008704163314677339,2024-05-18 13:28:19.180350,2024-05-18 13:28:23.986700,0 days 00:00:04.806350,790,6,24,15,COMPLETE
795,795,-0.8245085314859161,0.006815004492312979,2024-05-18 13:28:23.988694,2024-05-18 13:28:30.009405,0 days 00:00:06.020711,827,27,55,15,COMPLETE
796,796,-1.0009275306385501,0.007263170653269815,2024-05-18 13:28:30.011400,2024-05-18 13:28:39.978392,0 days 00:00:09.966992,178,158,167,15,COMPLETE
797,797,-0.6639843651455398,0.006406136302054212,2024-05-18 13:28:39.980387,2024-05-18 13:28:48.464261,0 days 00:00:08.483874,335,138,152,15,COMPLETE
798,798,-10.661283705429996,0.014329870510094506,2024-05-18 13:28:48.466257,2024-05-18 13:29:03.878890,0 days 00:00:15.412633,908,196,287,15,COMPLETE
799,799,-0.7223181612189574,0.006536925854065954,2024-05-18 13:29:03.880884,2024-05-18 13:29:08.009837,0 days 00:00:04.128953,412,30,219,15,COMPLETE
800,800,-1.0951613894488887,0.007466126344732928,2024-05-18 13:29:08.011832,2024-05-18 13:29:14.606062,0 days 00:00:06.594230,749,40,246,16,COMPLETE
801,801,-0.4186711631024293,0.006145147706701949,2024-05-18 13:29:14.608057,2024-05-18 13:29:25.500572,0 days 00:00:10.892515,790,132,182,16,COMPLETE
802,802,-2.301889213256014,0.008776728206721408,2024-05-18 13:29:25.503564,2024-05-18 13:29:40.973559,0 days 00:00:15.469995,32,263,264,16,COMPLETE
803,803,-0.5628334263190033,0.006433979547834162,2024-05-18 13:29:40.976550,2024-05-18 13:29:55.464271,0 days 00:00:14.487721,436,227,258,16,COMPLETE
804,804,-0.8857360663421018,0.006973664398496562,2024-05-18 13:29:55.466266,2024-05-18 13:30:01.459837,0 days 00:00:05.993571,670,43,121,16,COMPLETE
805,805,-0.5148143235673367,0.006326080819738086,2024-05-18 13:30:01.462830,2024-05-18 13:30:09.067171,0 days 00:00:07.604341,117,114,224,16,COMPLETE
806,806,-1.1758415606745574,0.007648816759960724,2024-05-18 13:30:09.069165,2024-05-18 13:30:12.335247,0 days 00:00:03.266082,82,34,91,16,COMPLETE
807,807,-0.4570931215396655,0.006151303349114377,2024-05-18 13:30:12.337240,2024-05-18 13:30:16.017814,0 days 00:00:03.680574,531,17,41,16,COMPLETE
808,808,-0.9095904642953399,0.007138370806250549,2024-05-18 13:30:16.019839,2024-05-18 13:30:19.255051,0 days 00:00:03.235212,412,14,83,16,COMPLETE
809,809,-0.33836318665989396,0.005896564268094688,2024-05-18 13:30:19.257048,2024-05-18 13:30:28.537929,0 days 00:00:09.280881,315,123,219,16,COMPLETE
810,810,-0.5765426238644267,0.006361381293738563,2024-05-18 13:30:28.540920,2024-05-18 13:30:36.008304,0 days 00:00:07.467384,505,79,224,16,COMPLETE
811,811,-0.33437162188535346,0.0059950781793248345,2024-05-18 13:30:36.011294,2024-05-18 13:30:38.671456,0 days 00:00:02.660162,213,1,125,16,COMPLETE
812,812,-0.47082858131826716,0.006109802238192475,2024-05-18 13:30:38.673452,2024-05-18 13:30:43.088716,0 days 00:00:04.415264,181,37,124,16,COMPLETE
813,813,-0.5923244209504028,0.006405197171359282,2024-05-18 13:30:43.091705,2024-05-18 13:30:56.868168,0 days 00:00:13.776463,505,176,224,16,COMPLETE
814,814,-19.866504977657556,0.019775153485113266,2024-05-18 13:30:56.871154,2024-05-18 13:31:10.812240,0 days 00:00:13.941086,11,201,249,16,COMPLETE
815,815,-14.823882448521767,0.015345193390595608,2024-05-18 13:31:10.812240,2024-05-18 13:31:26.182792,0 days 00:00:15.370552,879,191,300,16,COMPLETE
816,816,-0.3982638712547172,0.006051604611454486,2024-05-18 13:31:26.182792,2024-05-18 13:31:39.125036,0 days 00:00:12.942244,629,181,288,16,COMPLETE
817,817,-0.552554474138646,0.006105499321084456,2024-05-18 13:31:39.125036,2024-05-18 13:31:45.560030,0 days 00:00:06.434994,361,82,144,16,COMPLETE
818,818,-0.7229730996814461,0.006559176323729406,2024-05-18 13:31:45.560030,2024-05-18 13:31:48.838279,0 days 00:00:03.278249,57,30,125,16,COMPLETE
819,819,-0.6232694062308328,0.006395306006058107,2024-05-18 13:31:48.841271,2024-05-18 13:31:52.474392,0 days 00:00:03.633121,577,12,215,16,COMPLETE
820,820,-0.2287677544793892,0.005586511935138806,2024-05-18 13:31:52.474392,2024-05-18 13:32:05.443195,0 days 00:00:12.968803,857,171,204,16,COMPLETE
821,821,-0.3889181217407053,0.005956513374253175,2024-05-18 13:32:05.443195,2024-05-18 13:32:13.987848,0 days 00:00:08.544653,762,97,145,16,COMPLETE
822,822,-2.5861303969760554,0.009984457980321073,2024-05-18 13:32:13.987848,2024-05-18 13:32:20.919928,0 days 00:00:06.932080,73,119,132,16,COMPLETE
823,823,-3.08465646169992,0.010233840087872103,2024-05-18 13:32:20.919928,2024-05-18 13:32:29.934981,0 days 00:00:09.015053,540,124,238,16,COMPLETE
824,824,-0.39235887621660875,0.006049998170610575,2024-05-18 13:32:29.936974,2024-05-18 13:32:42.166421,0 days 00:00:12.229447,651,163,264,16,COMPLETE
825,825,-1.120769686956867,0.007281104519545445,2024-05-18 13:32:42.166421,2024-05-18 13:32:52.179912,0 days 00:00:10.013491,213,155,264,16,COMPLETE
826,826,-0.9068782127078139,0.007000125745750932,2024-05-18 13:32:52.182879,2024-05-18 13:32:55.245549,0 days 00:00:03.062670,331,14,231,16,COMPLETE
827,827,-1.1637232488019364,0.007289337867700918,2024-05-18 13:32:55.245549,2024-05-18 13:32:59.548116,0 days 00:00:04.302567,448,33,285,16,COMPLETE
828,828,-33.46654518782289,0.022179782409048616,2024-05-18 13:32:59.550110,2024-05-18 13:33:03.440121,0 days 00:00:03.890011,5,53,200,16,COMPLETE
829,829,-2.2905814622696687,0.008633155363669234,2024-05-18 13:33:03.440121,2024-05-18 13:33:10.285617,0 days 00:00:06.845496,629,93,200,16,COMPLETE
830,830,-0.9013849526023993,0.007031438910868276,2024-05-18 13:33:10.288605,2024-05-18 13:33:17.159836,0 days 00:00:06.871231,436,106,170,16,COMPLETE
831,831,-0.2543682507109616,0.005738970789220901,2024-05-18 13:33:17.161831,2024-05-18 13:33:28.129822,0 days 00:00:10.967991,233,195,224,16,COMPLETE
832,832,-0.43150836629793526,0.00606942428391323,2024-05-18 13:33:28.129822,2024-05-18 13:33:33.284947,0 days 00:00:05.155125,993,10,11,16,COMPLETE
833,833,-0.48335825168984037,0.00617347635719785,2024-05-18 13:33:33.284947,2024-05-18 13:33:37.219596,0 days 00:00:03.934649,455,39,76,16,COMPLETE
834,834,-0.9182331512344323,0.006984813398868452,2024-05-18 13:33:37.219596,2024-05-18 13:33:41.990152,0 days 00:00:04.770556,928,4,21,16,COMPLETE
835,835,-0.4891340931845585,0.0061386329430320255,2024-05-18 13:33:41.990152,2024-05-18 13:33:52.785852,0 days 00:00:10.795700,505,161,224,16,COMPLETE
836,836,-0.938007603427527,0.006880912359300773,2024-05-18 13:33:52.785852,2024-05-18 13:33:59.758277,0 days 00:00:06.972425,221,53,175,16,COMPLETE
837,837,-0.6393649148846186,0.006405359919286142,2024-05-18 13:33:59.758277,2024-05-18 13:34:03.997215,0 days 00:00:04.238938,436,15,59,16,COMPLETE
838,838,-0.35494715319198533,0.005913957360379843,2024-05-18 13:34:03.997215,2024-05-18 13:34:17.081805,0 days 00:00:13.084590,360,204,234,16,COMPLETE
839,839,-1.2501523389169775,0.007583827654588883,2024-05-18 13:34:17.083799,2024-05-18 13:34:23.606802,0 days 00:00:06.523003,629,63,294,16,COMPLETE
840,840,-0.7051370134572829,0.006709336604696093,2024-05-18 13:34:23.606802,2024-05-18 13:34:29.855446,0 days 00:00:06.248644,385,87,125,16,COMPLETE
841,841,-0.7216759463472299,0.00654988263691865,2024-05-18 13:34:29.855446,2024-05-18 13:34:38.087538,0 days 00:00:08.232092,651,100,224,16,COMPLETE
842,842,-1.2218283079055243,0.007716125060115582,2024-05-18 13:34:38.087538,2024-05-18 13:34:41.878652,0 days 00:00:03.791114,436,21,128,16,COMPLETE
843,843,-0.7760500819886527,0.006624653486439197,2024-05-18 13:34:41.878652,2024-05-18 13:34:49.052520,0 days 00:00:07.173868,371,107,125,16,COMPLETE
844,844,-0.3759220883957277,0.005975255469505032,2024-05-18 13:34:49.055513,2024-05-18 13:34:56.782797,0 days 00:00:07.727284,292,114,155,16,COMPLETE
845,845,-0.37820785333598617,0.005912889764437828,2024-05-18 13:34:56.785484,2024-05-18 13:35:04.301049,0 days 00:00:07.515565,958,49,94,16,COMPLETE
846,846,-0.601128318858299,0.00649349842860174,2024-05-18 13:35:04.304041,2024-05-18 13:35:12.482095,0 days 00:00:08.178054,348,105,294,16,COMPLETE
847,847,-0.48967360049178293,0.006223516394475301,2024-05-18 13:35:12.484090,2024-05-18 13:35:18.680387,0 days 00:00:06.196297,922,29,30,16,COMPLETE
848,848,-2.3448379963487356,0.008888954417279774,2024-05-18 13:35:18.680387,2024-05-18 13:35:27.261349,0 days 00:00:08.580962,74,131,285,16,COMPLETE
849,849,-0.6465586146387714,0.006482007805332192,2024-05-18 13:35:27.261349,2024-05-18 13:35:33.220942,0 days 00:00:05.959593,549,72,91,16,COMPLETE
850,850,-0.9380973997595288,0.007148328366407462,2024-05-18 13:35:33.220942,2024-05-18 13:35:38.269228,0 days 00:00:05.048286,967,3,19,17,COMPLETE
851,851,-0.33404211344485646,0.005922219113645364,2024-05-18 13:35:38.269228,2024-05-18 13:35:44.120834,0 days 00:00:05.851606,857,18,297,17,COMPLETE
852,852,-0.6147589911746257,0.006343238151704242,2024-05-18 13:35:44.120834,2024-05-18 13:35:49.602191,0 days 00:00:05.481357,790,27,59,17,COMPLETE
853,853,-0.5839073213482715,0.006325458448757609,2024-05-18 13:35:49.604133,2024-05-18 13:35:55.931098,0 days 00:00:06.326965,856,33,104,17,COMPLETE
854,854,-0.21123150067721158,0.005607166288278481,2024-05-18 13:35:55.931098,2024-05-18 13:35:59.115232,0 days 00:00:03.184134,584,2,26,17,COMPLETE
855,855,-0.5587733150757878,0.006214621359652976,2024-05-18 13:35:59.115232,2024-05-18 13:36:11.909680,0 days 00:00:12.794448,485,210,224,17,COMPLETE
856,856,-1.2400416610705491,0.007422769299131568,2024-05-18 13:36:11.909680,2024-05-18 13:36:23.872493,0 days 00:00:11.962813,213,215,224,17,COMPLETE
857,857,-0.5397481049405073,0.0062269333085154515,2024-05-18 13:36:23.888083,2024-05-18 13:36:27.073474,0 days 00:00:03.185391,325,23,40,17,COMPLETE
858,858,-0.5152942659501502,0.006187020047328876,2024-05-18 13:36:27.073474,2024-05-18 13:36:38.257467,0 days 00:00:11.183993,977,128,155,17,COMPLETE
859,859,-1.1774993407344616,0.007372908627433084,2024-05-18 13:36:38.259463,2024-05-18 13:36:51.373766,0 days 00:00:13.114303,993,160,193,17,COMPLETE
860,860,-0.3130418464593757,0.005832132938180794,2024-05-18 13:36:51.373766,2024-05-18 13:37:00.652059,0 days 00:00:09.278293,361,139,198,17,COMPLETE
861,861,-0.478571138909063,0.006128569512935839,2024-05-18 13:37:00.652059,2024-05-18 13:37:11.120227,0 days 00:00:10.468168,151,166,221,17,COMPLETE
862,862,-1.0104109341024734,0.0071430619181970054,2024-05-18 13:37:11.120227,2024-05-18 13:37:23.393944,0 days 00:00:12.273717,796,153,224,17,COMPLETE
863,863,-0.785035630673305,0.006815843432430348,2024-05-18 13:37:23.393944,2024-05-18 13:37:30.740962,0 days 00:00:07.347018,857,50,224,17,COMPLETE
864,864,-0.6283348480274167,0.006453217043171119,2024-05-18 13:37:30.740962,2024-05-18 13:37:40.009827,0 days 00:00:09.268865,897,105,152,17,COMPLETE
865,865,-0.40667025936500834,0.006091071494971354,2024-05-18 13:37:40.009827,2024-05-18 13:37:43.359183,0 days 00:00:03.349356,436,14,81,17,COMPLETE
866,866,-0.47800301852681504,0.006208862191515721,2024-05-18 13:37:43.359183,2024-05-18 13:37:49.185536,0 days 00:00:05.826353,645,60,62,17,COMPLETE
867,867,-0.6790630536105018,0.006532709518369357,2024-05-18 13:37:49.187530,2024-05-18 13:37:57.269589,0 days 00:00:08.082059,542,97,204,17,COMPLETE
868,868,-1.1476262038209177,0.00745792903813851,2024-05-18 13:37:57.271584,2024-05-18 13:38:02.356519,0 days 00:00:05.084935,136,64,143,17,COMPLETE
869,869,-0.3146300847040102,0.005783037294675137,2024-05-18 13:38:02.359511,2024-05-18 13:38:07.939359,0 days 00:00:05.579848,361,69,101,17,COMPLETE
870,870,-0.5448063467071321,0.006282592368398494,2024-05-18 13:38:07.942352,2024-05-18 13:38:10.281313,0 days 00:00:02.338961,213,2,125,17,COMPLETE
871,871,-0.5481814632346603,0.006284651252913827,2024-05-18 13:38:10.283308,2024-05-18 13:38:18.668456,0 days 00:00:08.385148,448,104,285,17,COMPLETE
872,872,-0.6129975445857474,0.006418592069830679,2024-05-18 13:38:18.668456,2024-05-18 13:38:26.138779,0 days 00:00:07.470323,958,45,200,17,COMPLETE
873,873,-0.34950778238524843,0.005894536494258961,2024-05-18 13:38:26.141773,2024-05-18 13:38:36.260154,0 days 00:00:10.118381,875,97,242,17,COMPLETE
874,874,-0.2513631152832143,0.00579711829947063,2024-05-18 13:38:36.262588,2024-05-18 13:38:42.557716,0 days 00:00:06.295128,296,73,224,17,COMPLETE
875,875,-0.9094515546879961,0.0069178205225495365,2024-05-18 13:38:42.560708,2024-05-18 13:38:45.822668,0 days 00:00:03.261960,471,3,25,17,COMPLETE
