,number,values_0,values_1,datetime_start,datetime_complete,duration,params_dim,params_rank,params_window_length,system_attrs_nsga2:generation,state
441,441,-16647.175606352725,0.0014020940675991329,2024-05-16 14:14:33.967157,2024-05-16 14:14:41.663725,0 days 00:00:07.696568,806,40,90,8,COMPLETE
442,442,-68.05215471554553,0.00015831633887433805,2024-05-16 14:14:41.679347,2024-05-16 14:14:46.478841,0 days 00:00:04.799494,356,31,67,8,COMPLETE
443,443,-5.795088512595628,5.1350170493427415e-05,2024-05-16 14:14:46.494462,2024-05-16 14:14:49.160929,0 days 00:00:02.666467,21,1,3,8,COMPLETE
444,444,-574.6237894178801,0.0004906011286338989,2024-05-16 14:14:49.176552,2024-05-16 14:14:55.374936,0 days 00:00:06.198384,590,36,171,8,COMPLETE
445,445,-156.26859499768256,0.00013223415242892818,2024-05-16 14:14:55.374936,2024-05-16 14:15:01.142962,0 days 00:00:05.768026,6,90,90,8,COMPLETE
446,446,-4.452374528713405,4.484629504982355e-05,2024-05-16 14:15:01.142962,2024-05-16 14:15:04.047585,0 days 00:00:02.904623,8,14,16,8,COMPLETE
447,447,-5.313599709655949,4.848232788541873e-05,2024-05-16 14:15:04.047585,2024-05-16 14:15:06.726608,0 days 00:00:02.679023,6,10,16,8,COMPLETE
448,448,-34.64736993254367,0.0001238572292050221,2024-05-16 14:15:06.726608,2024-05-16 14:15:10.636517,0 days 00:00:03.909909,318,12,36,8,COMPLETE
449,449,-275.1557849863313,0.0003343294707189098,2024-05-16 14:15:10.636517,2024-05-16 14:15:17.965469,0 days 00:00:07.328952,860,10,144,8,COMPLETE
450,450,-7399.7520841458445,0.0009912947409706835,2024-05-16 14:15:17.965469,2024-05-16 14:15:23.675374,0 days 00:00:05.709905,628,28,109,9,COMPLETE
451,451,-31.49017809609572,0.00011104843974029184,2024-05-16 14:15:23.675374,2024-05-16 14:15:27.211760,0 days 00:00:03.536386,410,9,9,9,COMPLETE
452,452,-842.802204328165,0.0003613751409750889,2024-05-16 14:15:27.212756,2024-05-16 14:15:30.726109,0 days 00:00:03.513353,314,8,16,9,COMPLETE
453,453,-5.685608994707701,4.82303759819416e-05,2024-05-16 14:15:30.726109,2024-05-16 14:15:41.121465,0 days 00:00:10.395356,6,179,192,9,COMPLETE
454,454,-4.1945170671751955,4.277853251001594e-05,2024-05-16 14:15:41.121465,2024-05-16 14:15:45.627357,0 days 00:00:04.505892,6,49,163,9,COMPLETE
455,455,-6.8432290153083155,5.27607193653807e-05,2024-05-16 14:15:45.627357,2024-05-16 14:15:47.925270,0 days 00:00:02.297913,6,3,9,9,COMPLETE
456,456,-8.795455288529842,5.430102760671399e-05,2024-05-16 14:15:47.925270,2024-05-16 14:15:54.676645,0 days 00:00:06.751375,6,103,117,9,COMPLETE
457,457,-150.05966119592227,0.0001968278949412022,2024-05-16 14:15:54.692267,2024-05-16 14:16:06.059777,0 days 00:00:11.367510,234,178,181,9,COMPLETE
458,458,-750.6336755502542,0.0005163967105611832,2024-05-16 14:16:06.059777,2024-05-16 14:16:10.751372,0 days 00:00:04.691595,627,6,29,9,COMPLETE
459,459,-5.131159682894354,4.7776277327125285e-05,2024-05-16 14:16:10.751372,2024-05-16 14:16:13.347143,0 days 00:00:02.595771,4,7,53,9,COMPLETE
460,460,-6.4696368300517495,5.074646823910915e-05,2024-05-16 14:16:13.347143,2024-05-16 14:16:19.140319,0 days 00:00:05.793176,21,53,56,9,COMPLETE
461,461,-4.944710799105554,4.706554719675079e-05,2024-05-16 14:16:19.140319,2024-05-16 14:16:23.257972,0 days 00:00:04.117653,6,19,26,9,COMPLETE
462,462,-253.02271644928715,0.00025221646956845756,2024-05-16 14:16:23.259967,2024-05-16 14:16:29.982956,0 days 00:00:06.722989,83,60,66,9,COMPLETE
463,463,-245.43589322414556,0.0003168517391827411,2024-05-16 14:16:29.984951,2024-05-16 14:16:44.325715,0 days 00:00:14.340764,843,64,144,9,COMPLETE
464,464,-44597.37017036653,0.001954121477847472,2024-05-16 14:16:44.325715,2024-05-16 14:16:51.766506,0 days 00:00:07.440791,166,74,109,9,COMPLETE
465,465,-5.307745937949294,4.800271399675526e-05,2024-05-16 14:16:51.766506,2024-05-16 14:16:58.408358,0 days 00:00:06.641852,4,79,112,9,COMPLETE
466,466,-4246.512321005567,0.0007885071113860982,2024-05-16 14:16:58.410350,2024-05-16 14:17:03.168296,0 days 00:00:04.757946,452,2,62,9,COMPLETE
467,467,-16413.43713078282,0.001284868297153676,2024-05-16 14:17:03.168296,2024-05-16 14:17:12.588880,0 days 00:00:09.420584,122,100,152,9,COMPLETE
468,468,-1328.0521907438986,0.000516580417786833,2024-05-16 14:17:12.588880,2024-05-16 14:17:22.077903,0 days 00:00:09.489023,786,9,16,9,COMPLETE
469,469,-311.05405410740883,0.00037202929262787615,2024-05-16 14:17:22.077903,2024-05-16 14:17:34.444494,0 days 00:00:12.366591,867,40,95,9,COMPLETE
470,470,-291.5416110268096,0.0001803484793848545,2024-05-16 14:17:34.444494,2024-05-16 14:17:43.574654,0 days 00:00:09.130160,6,125,130,9,COMPLETE
471,471,-1516.9899237129637,0.0005158144878484053,2024-05-16 14:17:43.576650,2024-05-16 14:17:48.627787,0 days 00:00:05.051137,289,17,24,9,COMPLETE
472,472,-4.26525260566463,4.223044974712956e-05,2024-05-16 14:17:48.627787,2024-05-16 14:17:51.670284,0 days 00:00:03.042497,6,13,24,9,COMPLETE
473,473,-4.805940758966122,4.610310589911943e-05,2024-05-16 14:17:51.670284,2024-05-16 14:17:55.630565,0 days 00:00:03.960281,6,2,3,9,COMPLETE
474,474,-4.299450433315113,4.4749385261836195e-05,2024-05-16 14:17:55.630565,2024-05-16 14:17:58.709197,0 days 00:00:03.078632,6,5,91,9,COMPLETE
475,475,-5.187417338759928,4.782554808215538e-05,2024-05-16 14:17:58.724819,2024-05-16 14:18:04.569723,0 days 00:00:05.844904,6,43,58,9,COMPLETE
476,476,-3758.4091900515973,0.0007878859590383088,2024-05-16 14:18:04.569723,2024-05-16 14:18:12.949133,0 days 00:00:08.379410,700,6,108,9,COMPLETE
477,477,-12.123092367496971,5.839061054768893e-05,2024-05-16 14:18:12.949133,2024-05-16 14:18:18.584256,0 days 00:00:05.635123,6,56,67,9,COMPLETE
478,478,-25.448319448643982,9.707680525803197e-05,2024-05-16 14:18:18.584256,2024-05-16 14:18:25.399170,0 days 00:00:06.814914,229,47,62,9,COMPLETE
479,479,-458.8898214071434,0.0004221259339815789,2024-05-16 14:18:25.399170,2024-05-16 14:18:33.875147,0 days 00:00:08.475977,891,2,24,9,COMPLETE
480,480,-56.27249761282707,9.941133199636424e-05,2024-05-16 14:18:33.875147,2024-05-16 14:18:36.516830,0 days 00:00:02.641683,6,1,95,9,COMPLETE
481,481,-74.82992737303451,0.00010835738890086977,2024-05-16 14:18:36.516830,2024-05-16 14:18:47.738007,0 days 00:00:11.221177,6,159,171,9,COMPLETE
482,482,-41.70693836705032,0.00011458353878877108,2024-05-16 14:18:47.738007,2024-05-16 14:18:55.430456,0 days 00:00:07.692449,135,56,152,9,COMPLETE
483,483,-5617.301592802911,0.0008228827436069525,2024-05-16 14:18:55.430456,2024-05-16 14:19:02.722033,0 days 00:00:07.291577,486,38,117,9,COMPLETE
484,484,-11065.205249457169,0.0010862073060741123,2024-05-16 14:19:02.722033,2024-05-16 14:19:11.190805,0 days 00:00:08.468772,432,57,199,9,COMPLETE
485,485,-3.9056913963158224,4.032015754686632e-05,2024-05-16 14:19:11.190805,2024-05-16 14:19:15.208677,0 days 00:00:04.017872,4,22,28,9,COMPLETE
486,486,-10.351470685352798,5.6837799390965205e-05,2024-05-16 14:19:15.208677,2024-05-16 14:19:20.571121,0 days 00:00:05.362444,21,46,199,9,COMPLETE
487,487,-16.524610699361894,8.291828435301162e-05,2024-05-16 14:19:20.573543,2024-05-16 14:19:24.680056,0 days 00:00:04.106513,213,4,107,9,COMPLETE
488,488,-5.48042837355486,4.903973880835208e-05,2024-05-16 14:19:24.680056,2024-05-16 14:19:30.620657,0 days 00:00:05.940601,6,64,170,9,COMPLETE
489,489,-42.7057328255235,0.00012054322885979604,2024-05-16 14:19:30.620657,2024-05-16 14:19:34.445469,0 days 00:00:03.824812,147,5,16,9,COMPLETE
490,490,-5.618747514142615,4.9869160367375256e-05,2024-05-16 14:19:34.445469,2024-05-16 14:19:37.048467,0 days 00:00:02.602998,6,1,16,9,COMPLETE
491,491,-10.779408982841971,4.8705335366376165e-05,2024-05-16 14:19:37.048467,2024-05-16 14:19:44.879511,0 days 00:00:07.831044,6,101,129,9,COMPLETE
492,492,-4.634448429019292,4.532683617266904e-05,2024-05-16 14:19:44.882585,2024-05-16 14:19:49.143766,0 days 00:00:04.261181,4,34,62,9,COMPLETE
493,493,-102.64206997568245,0.00021371408512908834,2024-05-16 14:19:49.143766,2024-05-16 14:20:00.815069,0 days 00:00:11.671303,522,100,128,9,COMPLETE
494,494,-5.814982361450166,4.994248620123704e-05,2024-05-16 14:20:00.817064,2024-05-16 14:20:09.551214,0 days 00:00:08.734150,8,105,129,9,COMPLETE
495,495,-98.11375476411305,0.00020568488650242266,2024-05-16 14:20:09.551214,2024-05-16 14:20:18.932803,0 days 00:00:09.381589,467,83,163,9,COMPLETE
496,496,-4.015722635658433,4.324113231559123e-05,2024-05-16 14:20:18.932803,2024-05-16 14:20:22.498664,0 days 00:00:03.565861,6,12,177,9,COMPLETE
497,497,-27.199602685984793,0.00010030385940760907,2024-05-16 14:20:22.498664,2024-05-16 14:20:30.722128,0 days 00:00:08.223464,363,76,144,9,COMPLETE
498,498,-5.571896784162495,4.938999507955906e-05,2024-05-16 14:20:30.722128,2024-05-16 14:20:38.489540,0 days 00:00:07.767412,8,89,173,9,COMPLETE
499,499,-3.4422770869337613,4.010787641077783e-05,2024-05-16 14:20:38.489540,2024-05-16 14:20:45.434528,0 days 00:00:06.944988,6,72,117,9,COMPLETE
500,500,-5.306972888994439,4.841359432185363e-05,2024-05-16 14:20:45.434528,2024-05-16 14:20:50.474935,0 days 00:00:05.040407,6,61,135,10,COMPLETE
501,501,-394549.350799244,0.006116505542340025,2024-05-16 14:20:50.474935,2024-05-16 14:21:02.743826,0 days 00:00:12.268891,547,54,90,10,COMPLETE
502,502,-3.881576572566755,4.216700127424069e-05,2024-05-16 14:21:02.743826,2024-05-16 14:21:06.489035,0 days 00:00:03.745209,10,20,130,10,COMPLETE
503,503,-5.7016049811622915,4.453295052667173e-05,2024-05-16 14:21:06.489035,2024-05-16 14:21:17.408519,0 days 00:00:10.919484,6,159,168,10,COMPLETE
504,504,-10446.604390483713,0.0012283850158433232,2024-05-16 14:21:17.408519,2024-05-16 14:21:21.786806,0 days 00:00:04.378287,372,3,8,10,COMPLETE
505,505,-17289.79447752398,0.0018007256987023676,2024-05-16 14:21:21.789799,2024-05-16 14:21:31.347496,0 days 00:00:09.557697,401,95,158,10,COMPLETE
506,506,-3.5182843436877773,4.085762761558123e-05,2024-05-16 14:21:31.348847,2024-05-16 14:21:37.323937,0 days 00:00:05.975090,6,65,130,10,COMPLETE
507,507,-29.221531741658698,0.00010486740464164126,2024-05-16 14:21:37.323937,2024-05-16 14:21:42.879340,0 days 00:00:05.555403,159,45,62,10,COMPLETE
508,508,-295.5255090750049,0.0003535158904608241,2024-05-16 14:21:42.882332,2024-05-16 14:21:55.644379,0 days 00:00:12.762047,947,70,129,10,COMPLETE
509,509,-46.27360175829789,0.000134501907217095,2024-05-16 14:21:55.644379,2024-05-16 14:22:01.144017,0 days 00:00:05.499638,260,23,120,10,COMPLETE
510,510,-106.40152265361837,0.00020047235122225556,2024-05-16 14:22:01.144017,2024-05-16 14:22:07.949176,0 days 00:00:06.805159,584,9,48,10,COMPLETE
511,511,-312.61219426573797,0.00034543197661062564,2024-05-16 14:22:07.949176,2024-05-16 14:22:17.036961,0 days 00:00:09.087785,774,12,129,10,COMPLETE
512,512,-3.8690021615484183,4.276817331336091e-05,2024-05-16 14:22:17.036961,2024-05-16 14:22:20.140765,0 days 00:00:03.103804,8,9,27,10,COMPLETE
513,513,-5.144828992848559,4.68601972452565e-05,2024-05-16 14:22:20.156384,2024-05-16 14:22:23.123274,0 days 00:00:02.966890,6,7,24,10,COMPLETE
514,514,-30233.86049841466,0.001684636204205898,2024-05-16 14:22:23.125315,2024-05-16 14:22:27.570866,0 days 00:00:04.445551,285,1,28,10,COMPLETE
515,515,-20.38419332134305,6.986033886458708e-05,2024-05-16 14:22:27.586522,2024-05-16 14:22:32.399932,0 days 00:00:04.813410,4,38,74,10,COMPLETE
516,516,-3.8737491733922327,4.209946479409552e-05,2024-05-16 14:22:32.399932,2024-05-16 14:22:36.304306,0 days 00:00:03.904374,6,20,66,10,COMPLETE
517,517,-9654.898442858492,0.0014470231709474172,2024-05-16 14:22:36.304306,2024-05-16 14:22:53.911232,0 days 00:00:17.606926,677,199,199,10,COMPLETE
518,518,-3.736574485373932,4.0937365160758095e-05,2024-05-16 14:22:53.911232,2024-05-16 14:22:57.325335,0 days 00:00:03.414103,6,16,142,10,COMPLETE
519,519,-10016.566769381934,0.0011590154804296574,2024-05-16 14:22:57.325335,2024-05-16 14:23:05.968393,0 days 00:00:08.643058,568,69,90,10,COMPLETE
520,520,-5.793819331586991,4.9694929547698826e-05,2024-05-16 14:23:05.968393,2024-05-16 14:23:09.482470,0 days 00:00:03.514077,4,21,77,10,COMPLETE
521,521,-3.913968305739646,4.284629299368817e-05,2024-05-16 14:23:09.482470,2024-05-16 14:23:13.761816,0 days 00:00:04.279346,6,38,56,10,COMPLETE
522,522,-10.391792344115327,6.012123256060126e-05,2024-05-16 14:23:13.777435,2024-05-16 14:23:16.899385,0 days 00:00:03.121950,8,11,16,10,COMPLETE
523,523,-12.368756599772123,6.337758691052281e-05,2024-05-16 14:23:16.899385,2024-05-16 14:23:20.633750,0 days 00:00:03.734365,6,19,96,10,COMPLETE
524,524,-6.830941902963974,5.133047092370869e-05,2024-05-16 14:23:20.633750,2024-05-16 14:23:28.714600,0 days 00:00:08.080850,6,110,117,10,COMPLETE
525,525,-4.390667511194904,4.4885507920920026e-05,2024-05-16 14:23:28.714600,2024-05-16 14:23:37.991348,0 days 00:00:09.276748,6,127,172,10,COMPLETE
526,526,-4.330696192936296,4.465393904742515e-05,2024-05-16 14:23:37.994458,2024-05-16 14:23:44.080628,0 days 00:00:06.086170,6,69,113,10,COMPLETE
527,527,-5.0064673590137145,4.738546604812283e-05,2024-05-16 14:23:44.082622,2024-05-16 14:23:49.968219,0 days 00:00:05.885597,6,55,117,10,COMPLETE
528,528,-3.06604496404385,3.89753220780033e-05,2024-05-16 14:23:49.968219,2024-05-16 14:23:56.762932,0 days 00:00:06.794713,6,82,145,10,COMPLETE
529,529,-5121.678467545135,0.0009641384525566869,2024-05-16 14:23:56.762932,2024-05-16 14:24:12.099548,0 days 00:00:15.336616,997,121,144,10,COMPLETE
530,530,-4.321746582569469,4.4834440259056165e-05,2024-05-16 14:24:12.099548,2024-05-16 14:24:18.419236,0 days 00:00:06.319688,6,70,168,10,COMPLETE
531,531,-5.598264981394805,4.9853383572153225e-05,2024-05-16 14:24:18.421265,2024-05-16 14:24:24.207882,0 days 00:00:05.786617,6,60,163,10,COMPLETE
532,532,-120.76134748487866,0.00019727709039807172,2024-05-16 14:24:24.209874,2024-05-16 14:24:30.595973,0 days 00:00:06.386099,594,2,57,10,COMPLETE
533,533,-4.621544247047256,4.598302759258255e-05,2024-05-16 14:24:30.595973,2024-05-16 14:24:39.975696,0 days 00:00:09.379723,6,132,144,10,COMPLETE
534,534,-3.931070328979107,4.271183311275061e-05,2024-05-16 14:24:39.975696,2024-05-16 14:24:43.527232,0 days 00:00:03.551536,6,19,32,10,COMPLETE
535,535,-4.6837885505788766,4.6220032802825656e-05,2024-05-16 14:24:43.527232,2024-05-16 14:24:47.820568,0 days 00:00:04.293336,8,32,93,10,COMPLETE
536,536,-30.772456154954597,0.00011521759433240407,2024-05-16 14:24:47.820568,2024-05-16 14:24:53.016580,0 days 00:00:05.196012,397,7,7,10,COMPLETE
537,537,-178.08047669304838,0.0002811964942276617,2024-05-16 14:24:53.016580,2024-05-16 14:25:05.677813,0 days 00:00:12.661233,634,125,199,10,COMPLETE
538,538,-4.76498087914411,4.606298018674684e-05,2024-05-16 14:25:05.679808,2024-05-16 14:25:12.106768,0 days 00:00:06.426960,6,78,109,10,COMPLETE
539,539,-5.911175571907146,4.9067749659136386e-05,2024-05-16 14:25:12.106768,2024-05-16 14:25:15.987026,0 days 00:00:03.880258,6,21,138,10,COMPLETE
540,540,-786.8633412733789,0.0004725047835841426,2024-05-16 14:25:15.987026,2024-05-16 14:25:24.732996,0 days 00:00:08.745970,877,12,16,10,COMPLETE
541,541,-10.772580500100352,6.656705406433195e-05,2024-05-16 14:25:24.748618,2024-05-16 14:25:29.610525,0 days 00:00:04.861907,27,40,117,10,COMPLETE
542,542,-4.4997094983699135,4.5549623673923467e-05,2024-05-16 14:25:29.610525,2024-05-16 14:25:32.843416,0 days 00:00:03.232891,6,8,56,10,COMPLETE
543,543,-84.26366280960221,0.0001311271981379517,2024-05-16 14:25:32.843416,2024-05-16 14:25:41.582789,0 days 00:00:08.739373,58,119,129,10,COMPLETE
544,544,-4.88688181948183,4.6779458556371016e-05,2024-05-16 14:25:41.582789,2024-05-16 14:25:44.733455,0 days 00:00:03.150666,6,10,67,10,COMPLETE
545,545,-34.93506505144376,0.00011929681847750489,2024-05-16 14:25:44.733455,2024-05-16 14:25:48.744255,0 days 00:00:04.010800,204,4,4,10,COMPLETE
546,546,-6.962054813268911,5.447625867185847e-05,2024-05-16 14:25:48.759876,2024-05-16 14:25:52.256210,0 days 00:00:03.496334,21,12,25,10,COMPLETE
547,547,-33.82931502708654,0.00011175856929333347,2024-05-16 14:25:52.256210,2024-05-16 14:25:57.299330,0 days 00:00:05.043120,377,19,24,10,COMPLETE
548,548,-5.092136475652796,4.685531062196297e-05,2024-05-16 14:25:57.302323,2024-05-16 14:26:03.975471,0 days 00:00:06.673148,6,73,106,10,COMPLETE
549,549,-2332.7426692615254,0.0007407570129367444,2024-05-16 14:26:03.977467,2024-05-16 14:26:10.709310,0 days 00:00:06.731843,518,15,67,10,COMPLETE
550,550,-4.1254393530258096,4.4009100211711737e-05,2024-05-16 14:26:10.711305,2024-05-16 14:26:13.624801,0 days 00:00:02.913496,6,5,123,11,COMPLETE
551,551,-3.301858392311422,3.996869776654401e-05,2024-05-16 14:26:13.626795,2024-05-16 14:26:17.943706,0 days 00:00:04.316911,6,37,67,11,COMPLETE
552,552,-48.93260909441931,0.00014669934790867016,2024-05-16 14:26:17.945701,2024-05-16 14:26:27.289339,0 days 00:00:09.343638,422,111,117,11,COMPLETE
553,553,-3.2686093845605457,3.974722137900752e-05,2024-05-16 14:26:27.291335,2024-05-16 14:26:31.219748,0 days 00:00:03.928413,6,22,163,11,COMPLETE
554,554,-21.5256302743221,9.562027802281162e-05,2024-05-16 14:26:31.221743,2024-05-16 14:26:39.042968,0 days 00:00:07.821225,223,86,95,11,COMPLETE
555,555,-7.233463471285418,5.559382741426608e-05,2024-05-16 14:26:39.044963,2024-05-16 14:26:44.296603,0 days 00:00:05.251640,21,49,151,11,COMPLETE
556,556,-5.418191526646388,4.919486304579098e-05,2024-05-16 14:26:44.298597,2024-05-16 14:26:47.034757,0 days 00:00:02.736160,4,2,18,11,COMPLETE
557,557,-3.1129700475564723,3.8217407268025636e-05,2024-05-16 14:26:47.036752,2024-05-16 14:26:51.545391,0 days 00:00:04.508639,10,38,62,11,COMPLETE
558,558,-13327.968550848149,0.0015600792597124733,2024-05-16 14:26:51.547385,2024-05-16 14:26:58.828550,0 days 00:00:07.281165,461,73,157,11,COMPLETE
559,559,-61.28214377419728,0.00013424314297280946,2024-05-16 14:26:58.830054,2024-05-16 14:27:03.599815,0 days 00:00:04.769761,136,56,62,11,COMPLETE
560,560,-24.769206755724447,0.00010448896979555725,2024-05-16 14:27:03.601810,2024-05-16 14:27:06.670592,0 days 00:00:03.068782,80,17,49,11,COMPLETE
561,561,-5343.740465459114,0.000388275509188653,2024-05-16 14:27:06.672647,2024-05-16 14:27:14.651866,0 days 00:00:07.979219,6,139,163,11,COMPLETE
562,562,-99.748700614633,0.00019607385568963057,2024-05-16 14:27:14.653861,2024-05-16 14:27:19.186483,0 days 00:00:04.532622,478,11,49,11,COMPLETE
563,563,-3.2762414635974273,3.9908333071590495e-05,2024-05-16 14:27:19.186483,2024-05-16 14:27:22.158444,0 days 00:00:02.971961,6,8,66,11,COMPLETE
564,564,-31.784994851109513,8.163050955413192e-05,2024-05-16 14:27:22.158444,2024-05-16 14:27:26.103230,0 days 00:00:03.944786,6,32,125,11,COMPLETE
565,565,-921.7814110904807,0.0004344555369793121,2024-05-16 14:27:26.103230,2024-05-16 14:27:32.403466,0 days 00:00:06.300236,478,59,62,11,COMPLETE
566,566,-3.6244206679310387,3.982247271511036e-05,2024-05-16 14:27:32.403466,2024-05-16 14:27:40.611967,0 days 00:00:08.208501,4,113,127,11,COMPLETE
567,567,-4.053391398430399,4.359760489804433e-05,2024-05-16 14:27:40.613933,2024-05-16 14:27:49.438019,0 days 00:00:08.824086,6,141,152,11,COMPLETE
568,568,-1839.4392073999832,0.0006665020311902891,2024-05-16 14:27:49.440013,2024-05-16 14:28:02.202009,0 days 00:00:12.761996,838,108,117,11,COMPLETE
569,569,-2.109630213734538,3.192940606801481e-05,2024-05-16 14:28:02.217628,2024-05-16 14:28:04.708055,0 days 00:00:02.490427,6,9,77,11,COMPLETE
570,570,-39.888947002162354,8.923348830667825e-05,2024-05-16 14:28:04.723675,2024-05-16 14:28:07.097957,0 days 00:00:02.374282,6,6,130,11,COMPLETE
571,571,-557.6467670974451,0.00045447422710024634,2024-05-16 14:28:07.097957,2024-05-16 14:28:16.243197,0 days 00:00:09.145240,764,54,138,11,COMPLETE
572,572,-5.09432338748513,4.633774098340217e-05,2024-05-16 14:28:16.244195,2024-05-16 14:28:18.667198,0 days 00:00:02.423003,4,4,82,11,COMPLETE
573,573,-4.129245624867953,4.3951228484146886e-05,2024-05-16 14:28:18.667198,2024-05-16 14:28:24.499518,0 days 00:00:05.832320,4,59,171,11,COMPLETE
574,574,-3.322763756002807,3.967761446634043e-05,2024-05-16 14:28:24.499518,2024-05-16 14:28:27.325127,0 days 00:00:02.825609,6,9,77,11,COMPLETE
575,575,-4.591190597450246,4.5893509476828756e-05,2024-05-16 14:28:27.325127,2024-05-16 14:28:30.425733,0 days 00:00:03.100606,6,17,198,11,COMPLETE
576,576,-6.766772701488764,4.913509208672017e-05,2024-05-16 14:28:30.428850,2024-05-16 14:28:36.483155,0 days 00:00:06.054305,10,93,98,11,COMPLETE
577,577,-99391.84490979441,0.0013267538024515568,2024-05-16 14:28:36.483155,2024-05-16 14:28:38.680962,0 days 00:00:02.197807,6,3,24,11,COMPLETE
578,578,-25.89453023644262,0.00010368527410322499,2024-05-16 14:28:38.680962,2024-05-16 14:28:46.109211,0 days 00:00:07.428249,97,114,129,11,COMPLETE
579,579,-11345.75541128396,0.0016461641762781309,2024-05-16 14:28:46.111204,2024-05-16 14:28:53.337845,0 days 00:00:07.226641,816,7,24,11,COMPLETE
580,580,-76.6486573466104,0.00018205497275137762,2024-05-16 14:28:53.339808,2024-05-16 14:29:05.846322,0 days 00:00:12.506514,434,192,193,11,COMPLETE
581,581,-15.909121501332782,7.82066479561991e-05,2024-05-16 14:29:05.863153,2024-05-16 14:29:09.703468,0 days 00:00:03.840315,196,11,191,11,COMPLETE
582,582,-2.9876844757262235,3.6648370995063255e-05,2024-05-16 14:29:09.705463,2024-05-16 14:29:13.387237,0 days 00:00:03.681774,10,35,67,11,COMPLETE
583,583,-16.546441806418205,8.121095107797446e-05,2024-05-16 14:29:13.387237,2024-05-16 14:29:19.235716,0 days 00:00:05.848479,246,62,88,11,COMPLETE
584,584,-117.83249309685993,0.00022161687989909114,2024-05-16 14:29:19.235716,2024-05-16 14:29:24.521156,0 days 00:00:05.285440,556,32,51,11,COMPLETE
585,585,-586.4967623722262,0.0004730580257465759,2024-05-16 14:29:24.521156,2024-05-16 14:29:36.078963,0 days 00:00:11.557807,970,72,144,11,COMPLETE
586,586,-4.72932616074232,4.649328764038612e-05,2024-05-16 14:29:36.078963,2024-05-16 14:29:39.481065,0 days 00:00:03.402102,6,30,145,11,COMPLETE
587,587,-3.5389801665137854,4.052343099874597e-05,2024-05-16 14:29:39.481065,2024-05-16 14:29:47.665143,0 days 00:00:08.184078,6,135,155,11,COMPLETE
