,number,values_0,values_1,datetime_start,datetime_complete,duration,params_dim,params_rank,params_window_length,system_attrs_nsga2:generation,state
294,294,-0.522635704279676,0.006324828989068346,2024-05-18 12:31:34.884544,2024-05-18 12:31:39.585484,0 days 00:00:04.700940,651,35,264,5,COMPLETE
295,295,-0.6962288556952541,0.00666407788196766,2024-05-18 12:31:39.585484,2024-05-18 12:31:46.548515,0 days 00:00:06.963031,552,89,239,5,COMPLETE
296,296,-0.9815689712992895,0.007011710846971929,2024-05-18 12:31:46.548515,2024-05-18 12:31:51.454079,0 days 00:00:04.905564,638,48,122,5,COMPLETE
297,297,-0.39936232560739615,0.005996904100502694,2024-05-18 12:31:51.454079,2024-05-18 12:31:54.110610,0 days 00:00:02.656531,250,16,43,5,COMPLETE
298,298,-0.5846589015835095,0.006396253509005949,2024-05-18 12:31:54.110610,2024-05-18 12:31:59.423573,0 days 00:00:05.312963,987,8,72,5,COMPLETE
299,299,-0.479239182148529,0.006087568554141633,2024-05-18 12:31:59.423573,2024-05-18 12:32:04.077681,0 days 00:00:04.654108,732,16,86,5,COMPLETE
300,300,-0.670903417035483,0.006542055114821523,2024-05-18 12:32:04.077681,2024-05-18 12:32:06.697032,0 days 00:00:02.619351,320,11,36,6,COMPLETE
301,301,-0.2654000301283069,0.005893416131270143,2024-05-18 12:32:06.697032,2024-05-18 12:32:18.040248,0 days 00:00:11.343216,505,183,224,6,COMPLETE
302,302,-0.6316669820759317,0.006525538069432282,2024-05-18 12:32:18.040248,2024-05-18 12:32:23.428584,0 days 00:00:05.388336,958,11,219,6,COMPLETE
303,303,-0.548070690294073,0.006323597973811171,2024-05-18 12:32:23.428584,2024-05-18 12:32:34.547958,0 days 00:00:11.119374,832,150,219,6,COMPLETE
304,304,-0.7371509983068255,0.0066051229711054805,2024-05-18 12:32:34.547958,2024-05-18 12:32:36.543789,0 days 00:00:01.995831,105,7,48,6,COMPLETE
305,305,-0.4824742234356668,0.006111664672124526,2024-05-18 12:32:36.543789,2024-05-18 12:32:41.999419,0 days 00:00:05.455630,708,41,41,6,COMPLETE
306,306,-0.5282295274421269,0.006221135951913869,2024-05-18 12:32:42.015042,2024-05-18 12:32:45.294941,0 days 00:00:03.279899,629,7,142,6,COMPLETE
307,307,-3.286073441726812,0.010017099032884582,2024-05-18 12:32:45.310567,2024-05-18 12:32:48.257290,0 days 00:00:02.946723,584,3,26,6,COMPLETE
308,308,-0.48658024556101187,0.006219731212072204,2024-05-18 12:32:48.272912,2024-05-18 12:32:50.726313,0 days 00:00:02.453401,436,1,141,6,COMPLETE
309,309,-0.9924893008066829,0.007182262941279115,2024-05-18 12:32:50.726313,2024-05-18 12:32:53.161406,0 days 00:00:02.435093,238,6,250,6,COMPLETE
310,310,-0.6910601872942808,0.006504076166277603,2024-05-18 12:32:53.162402,2024-05-18 12:33:09.727428,0 days 00:00:16.565026,651,269,272,6,COMPLETE
311,311,-0.36800182901984335,0.005939762980708851,2024-05-18 12:33:09.729467,2024-05-18 12:33:16.077745,0 days 00:00:06.348278,790,46,297,6,COMPLETE
312,312,-0.6164028429275532,0.006394154961785288,2024-05-18 12:33:16.078810,2024-05-18 12:33:21.777172,0 days 00:00:05.698362,914,37,50,6,COMPLETE
313,313,-2.6529508467269443,0.00901657584019089,2024-05-18 12:33:21.778230,2024-05-18 12:33:25.131881,0 days 00:00:03.353651,651,10,121,6,COMPLETE
314,314,-1.7962594133925258,0.00843252898404565,2024-05-18 12:33:25.133876,2024-05-18 12:33:36.769593,0 days 00:00:11.635717,458,181,260,6,COMPLETE
315,315,-0.8738849157973927,0.007019684506841555,2024-05-18 12:33:36.771588,2024-05-18 12:33:40.854965,0 days 00:00:04.083377,658,5,142,6,COMPLETE
316,316,-1.1462645492009254,0.007392492080438384,2024-05-18 12:33:40.856959,2024-05-18 12:33:49.498244,0 days 00:00:08.641285,436,135,223,6,COMPLETE
317,317,-0.6608116929982486,0.006509187963455454,2024-05-18 12:33:49.500237,2024-05-18 12:33:54.292917,0 days 00:00:04.792680,362,58,192,6,COMPLETE
318,318,-0.6836595399778496,0.006647702807325984,2024-05-18 12:33:54.295909,2024-05-18 12:34:04.971091,0 days 00:00:10.675182,341,183,224,6,COMPLETE
319,319,-0.45609440035827625,0.006122092354641143,2024-05-18 12:34:04.973085,2024-05-18 12:34:10.952068,0 days 00:00:05.978983,764,49,145,6,COMPLETE
320,320,-0.5880129351384003,0.006321745406743466,2024-05-18 12:34:10.955057,2024-05-18 12:34:14.476290,0 days 00:00:03.521233,448,31,39,6,COMPLETE
321,321,-0.6076381435936612,0.00643053878957521,2024-05-18 12:34:14.478245,2024-05-18 12:34:16.582100,0 days 00:00:02.103855,175,4,269,6,COMPLETE
322,322,-0.5500253130103855,0.006293146359736862,2024-05-18 12:34:16.584095,2024-05-18 12:34:31.794321,0 days 00:00:15.210226,971,219,242,6,COMPLETE
323,323,-0.7602596587892879,0.006767526423545027,2024-05-18 12:34:31.797310,2024-05-18 12:34:36.481617,0 days 00:00:04.684307,690,26,29,6,COMPLETE
324,324,-0.5861217735985349,0.006374160174329469,2024-05-18 12:34:36.483612,2024-05-18 12:34:41.330695,0 days 00:00:04.847083,405,65,89,6,COMPLETE
325,325,-0.540927765039454,0.006265386848103663,2024-05-18 12:34:41.332757,2024-05-18 12:34:48.072760,0 days 00:00:06.740003,651,87,219,6,COMPLETE
326,326,-0.4952853547545953,0.006100054610496623,2024-05-18 12:34:48.074753,2024-05-18 12:34:56.062955,0 days 00:00:07.988202,436,111,272,6,COMPLETE
327,327,-0.7848667088868266,0.0067116688863856355,2024-05-18 12:34:56.065946,2024-05-18 12:34:59.583434,0 days 00:00:03.517488,178,43,93,6,COMPLETE
328,328,-0.4324685888358422,0.006031018903493527,2024-05-18 12:34:59.584431,2024-05-18 12:35:06.760453,0 days 00:00:07.176022,790,79,87,6,COMPLETE
329,329,-1.0200546256571734,0.006971539409188934,2024-05-18 12:35:06.761453,2024-05-18 12:35:09.547794,0 days 00:00:02.786341,435,12,26,6,COMPLETE
330,330,-0.8951656447350548,0.006988718330539376,2024-05-18 12:35:09.549788,2024-05-18 12:35:13.327000,0 days 00:00:03.777212,76,52,142,6,COMPLETE
331,331,-0.628000519891579,0.006627599808309364,2024-05-18 12:35:13.328994,2024-05-18 12:35:18.205388,0 days 00:00:04.876394,987,8,19,6,COMPLETE
332,332,-1.311403124659279,0.0077907113955086775,2024-05-18 12:35:18.207382,2024-05-18 12:35:26.769153,0 days 00:00:08.561771,434,139,193,6,COMPLETE
333,333,-1.3877852759358844,0.00796468392041095,2024-05-18 12:35:26.771146,2024-05-18 12:35:30.187178,0 days 00:00:03.416032,231,16,19,6,COMPLETE
334,334,-0.6653608917381337,0.006680423282124227,2024-05-18 12:35:30.189174,2024-05-18 12:35:38.783051,0 days 00:00:08.593877,629,125,192,6,COMPLETE
335,335,-0.45078199518826717,0.006135526534906711,2024-05-18 12:35:38.785045,2024-05-18 12:35:44.156934,0 days 00:00:05.371889,994,16,297,6,COMPLETE
336,336,-1.1393720058345693,0.007434747799670805,2024-05-18 12:35:44.159032,2024-05-18 12:35:46.622198,0 days 00:00:02.463166,189,18,44,6,COMPLETE
337,337,-0.4785528661723957,0.006169258695861763,2024-05-18 12:35:46.624191,2024-05-18 12:35:58.323273,0 days 00:00:11.699082,752,157,264,6,COMPLETE
338,338,-0.5264501636405308,0.006280895699472119,2024-05-18 12:35:58.326331,2024-05-18 12:36:03.106239,0 days 00:00:04.779908,993,5,26,6,COMPLETE
339,339,-0.7738601676708621,0.0066727484882836505,2024-05-18 12:36:03.107236,2024-05-18 12:36:13.213375,0 days 00:00:10.106139,361,155,297,6,COMPLETE
340,340,-0.6616896107417786,0.006570445364933728,2024-05-18 12:36:13.216366,2024-05-18 12:36:26.539354,0 days 00:00:13.322988,958,161,297,6,COMPLETE
341,341,-0.9211171841764457,0.007127596172677148,2024-05-18 12:36:26.541425,2024-05-18 12:36:29.563268,0 days 00:00:03.021843,448,14,121,6,COMPLETE
342,342,-0.6188476296193507,0.006480783514185946,2024-05-18 12:36:29.565290,2024-05-18 12:36:37.241662,0 days 00:00:07.676372,250,135,158,6,COMPLETE
343,343,-0.7610936077645057,0.0066426781822467446,2024-05-18 12:36:37.243655,2024-05-18 12:36:43.055048,0 days 00:00:05.811393,987,38,49,6,COMPLETE
344,344,-0.7328687411931861,0.006669967806625326,2024-05-18 12:36:43.058039,2024-05-18 12:36:50.928008,0 days 00:00:07.869969,634,116,147,6,COMPLETE
345,345,-1.457814662330779,0.007839022880677688,2024-05-18 12:36:50.930002,2024-05-18 12:36:56.460708,0 days 00:00:05.530706,148,93,117,6,COMPLETE
346,346,-1.7124575103384063,0.0079928919561303,2024-05-18 12:36:56.462701,2024-05-18 12:37:12.552312,0 days 00:00:16.089611,764,247,273,6,COMPLETE
347,347,-1.2229905079161276,0.007758133901017375,2024-05-18 12:37:12.554274,2024-05-18 12:37:24.207078,0 days 00:00:11.652804,816,173,218,6,COMPLETE
348,348,-0.8800419772745862,0.006753317037344391,2024-05-18 12:37:24.208076,2024-05-18 12:37:32.301146,0 days 00:00:08.093070,629,95,218,6,COMPLETE
349,349,-0.659410848589396,0.00645050330455197,2024-05-18 12:37:32.303140,2024-05-18 12:37:37.696792,0 days 00:00:05.393652,989,18,44,6,COMPLETE
350,350,-0.48975538287179654,0.00614012519448071,2024-05-18 12:37:37.698784,2024-05-18 12:37:45.016807,0 days 00:00:07.318023,827,80,91,7,COMPLETE
351,351,-0.4039219967248364,0.005968496655927708,2024-05-18 12:37:45.017804,2024-05-18 12:37:53.945583,0 days 00:00:08.927779,816,97,299,7,COMPLETE
352,352,-0.35823694632014746,0.005873672488512192,2024-05-18 12:37:53.947651,2024-05-18 12:37:57.355681,0 days 00:00:03.408030,436,26,57,7,COMPLETE
353,353,-0.4530059399208984,0.0061820576624857905,2024-05-18 12:37:57.357674,2024-05-18 12:38:09.193732,0 days 00:00:11.836058,664,179,228,7,COMPLETE
354,354,-0.5263655826355553,0.0062282952465720015,2024-05-18 12:38:09.195726,2024-05-18 12:38:20.397986,0 days 00:00:11.202260,819,142,297,7,COMPLETE
355,355,-0.5694914738407217,0.006347542255132366,2024-05-18 12:38:20.399980,2024-05-18 12:38:24.416855,0 days 00:00:04.016875,690,6,192,7,COMPLETE
356,356,-0.5690933164760604,0.006367000904244758,2024-05-18 12:38:24.417853,2024-05-18 12:38:33.698832,0 days 00:00:09.280979,651,147,192,7,COMPLETE
357,357,-1.051530395950117,0.0071977359214203855,2024-05-18 12:38:33.699829,2024-05-18 12:38:37.833962,0 days 00:00:04.134133,560,40,45,7,COMPLETE
358,358,-1.3918030197876479,0.007812474974137629,2024-05-18 12:38:37.835955,2024-05-18 12:38:40.389044,0 days 00:00:02.553089,422,7,26,7,COMPLETE
359,359,-0.491229057012233,0.006206865375624748,2024-05-18 12:38:40.391109,2024-05-18 12:38:49.399156,0 days 00:00:09.008047,437,137,285,7,COMPLETE
360,360,-0.43215052267475684,0.006105366431286211,2024-05-18 12:38:49.401150,2024-05-18 12:38:54.021986,0 days 00:00:04.620836,871,13,44,7,COMPLETE
361,361,-0.5764594655359381,0.006431424531762009,2024-05-18 12:38:54.023944,2024-05-18 12:39:00.425992,0 days 00:00:06.402048,341,101,145,7,COMPLETE
362,362,-0.9127396410869139,0.007116563640087369,2024-05-18 12:39:00.427986,2024-05-18 12:39:06.953284,0 days 00:00:06.525298,99,99,285,7,COMPLETE
363,363,-0.48565102151384565,0.0062924429377524075,2024-05-18 12:39:06.954281,2024-05-18 12:39:14.101718,0 days 00:00:07.147437,175,124,200,7,COMPLETE
364,364,-29.80570255529135,0.02054777297519974,2024-05-18 12:39:14.103711,2024-05-18 12:39:17.164940,0 days 00:00:03.061229,541,10,163,7,COMPLETE
365,365,-0.4308855258078915,0.006082564804479583,2024-05-18 12:39:17.166932,2024-05-18 12:39:24.604547,0 days 00:00:07.437615,924,81,87,7,COMPLETE
366,366,-1.118206733961534,0.00744229859544801,2024-05-18 12:39:24.605544,2024-05-18 12:39:27.303682,0 days 00:00:02.698138,180,24,60,7,COMPLETE
367,367,-0.537426949910446,0.0063184520656712415,2024-05-18 12:39:27.305676,2024-05-18 12:39:33.938245,0 days 00:00:06.632569,576,69,158,7,COMPLETE
368,368,-0.7390267705214703,0.006869085226449548,2024-05-18 12:39:33.940238,2024-05-18 12:39:37.701619,0 days 00:00:03.761381,505,28,146,7,COMPLETE
369,369,-0.6046199639803749,0.006517138042973094,2024-05-18 12:39:37.703613,2024-05-18 12:39:42.145817,0 days 00:00:04.442204,790,10,160,7,COMPLETE
370,370,-0.3868980034330504,0.006058632719064846,2024-05-18 12:39:42.147810,2024-05-18 12:39:47.477692,0 days 00:00:05.329882,605,52,281,7,COMPLETE
371,371,-1.8822369460787118,0.008507458852498843,2024-05-18 12:39:47.479755,2024-05-18 12:39:53.108994,0 days 00:00:05.629239,747,40,142,7,COMPLETE
372,372,-1.5470491996592226,0.008219929016181671,2024-05-18 12:39:53.109991,2024-05-18 12:40:03.704682,0 days 00:00:10.594691,161,193,224,7,COMPLETE
373,373,-1.098376397314899,0.007418639834573057,2024-05-18 12:40:03.706676,2024-05-18 12:40:05.885265,0 days 00:00:02.178589,159,9,145,7,COMPLETE
374,374,-0.6490495154554949,0.006496241828334995,2024-05-18 12:40:05.887258,2024-05-18 12:40:08.652028,0 days 00:00:02.764770,525,5,51,7,COMPLETE
375,375,-0.8472734215181417,0.006884383700051541,2024-05-18 12:40:08.653024,2024-05-18 12:40:18.467335,0 days 00:00:09.814311,178,185,190,7,COMPLETE
376,376,-0.34263977859585,0.005867102001791224,2024-05-18 12:40:18.469330,2024-05-18 12:40:29.738548,0 days 00:00:11.269218,487,199,224,7,COMPLETE
377,377,-0.5802561300175461,0.006291924166171343,2024-05-18 12:40:29.740541,2024-05-18 12:40:41.635582,0 days 00:00:11.895041,852,164,269,7,COMPLETE
378,378,-0.33768395344922014,0.005898392801363223,2024-05-18 12:40:41.637578,2024-05-18 12:40:49.775176,0 days 00:00:08.137598,724,100,161,7,COMPLETE
379,379,-0.6573802202197833,0.006530945681819039,2024-05-18 12:40:49.777170,2024-05-18 12:40:53.289067,0 days 00:00:03.511897,41,49,92,7,COMPLETE
380,380,-0.47247911476705695,0.006053094767327888,2024-05-18 12:40:53.291139,2024-05-18 12:41:03.432904,0 days 00:00:10.141765,629,162,219,7,COMPLETE
381,381,-0.8041235973266578,0.006923125336573963,2024-05-18 12:41:03.433901,2024-05-18 12:41:07.755038,0 days 00:00:04.321137,397,44,192,7,COMPLETE
382,382,-1.3922708818932823,0.007942844834881843,2024-05-18 12:41:07.757034,2024-05-18 12:41:13.847023,0 days 00:00:06.089989,505,78,215,7,COMPLETE
383,383,-0.6540894021616472,0.006598694813835561,2024-05-18 12:41:13.849018,2024-05-18 12:41:23.103346,0 days 00:00:09.254328,436,124,272,7,COMPLETE
384,384,-0.9619924032471843,0.007191557084180203,2024-05-18 12:41:23.105340,2024-05-18 12:41:34.660678,0 days 00:00:11.555338,790,160,185,7,COMPLETE
385,385,-1.1612506007133243,0.007382511049374809,2024-05-18 12:41:34.662673,2024-05-18 12:41:36.495250,0 days 00:00:01.832577,107,3,19,7,COMPLETE
386,386,-0.3795037765560497,0.005915409392047712,2024-05-18 12:41:36.497244,2024-05-18 12:41:49.340533,0 days 00:00:12.843289,559,211,263,7,COMPLETE
387,387,-0.37149238523902894,0.005995375229296286,2024-05-18 12:41:49.342600,2024-05-18 12:41:57.293871,0 days 00:00:07.951271,813,93,106,7,COMPLETE
388,388,-0.7335226536988804,0.006541570286263572,2024-05-18 12:41:57.295866,2024-05-18 12:42:00.754979,0 days 00:00:03.459113,651,10,264,7,COMPLETE
389,389,-0.4699180075997374,0.006252380862200357,2024-05-18 12:42:00.756976,2024-05-18 12:42:05.550869,0 days 00:00:04.793893,377,65,105,7,COMPLETE
390,390,-0.912697055518306,0.006984352604926682,2024-05-18 12:42:05.553861,2024-05-18 12:42:20.064341,0 days 00:00:14.510480,643,244,275,7,COMPLETE
391,391,-0.8487381035078017,0.007022391231358019,2024-05-18 12:42:20.066336,2024-05-18 12:42:23.997751,0 days 00:00:03.931415,412,30,286,7,COMPLETE
392,392,-0.9364298488254192,0.007126300769580121,2024-05-18 12:42:23.999748,2024-05-18 12:42:28.235175,0 days 00:00:04.235427,701,12,50,7,COMPLETE
393,393,-0.5453976191981905,0.0063773684047031595,2024-05-18 12:42:28.237170,2024-05-18 12:42:30.790874,0 days 00:00:02.553704,469,4,11,7,COMPLETE
394,394,-0.6658480415043473,0.006527974739474024,2024-05-18 12:42:30.792871,2024-05-18 12:42:45.326442,0 days 00:00:14.533571,766,228,244,7,COMPLETE
395,395,-0.8883744698878632,0.006997390090633569,2024-05-18 12:42:45.328399,2024-05-18 12:42:49.427668,0 days 00:00:04.099269,690,7,11,7,COMPLETE
396,396,-1.2593789265299549,0.007777781311646355,2024-05-18 12:42:49.428666,2024-05-18 12:42:54.306328,0 days 00:00:04.877662,512,60,92,7,COMPLETE
397,397,-0.7956171380145834,0.00682479346786243,2024-05-18 12:42:54.308322,2024-05-18 12:43:01.094201,0 days 00:00:06.785879,993,41,300,7,COMPLETE
398,398,-0.4238937707805432,0.006027644818656843,2024-05-18 12:43:01.096262,2024-05-18 12:43:05.743575,0 days 00:00:04.647313,821,5,284,7,COMPLETE
399,399,-1.4698926524731775,0.007919153627776048,2024-05-18 12:43:05.745571,2024-05-18 12:43:11.351304,0 days 00:00:05.605733,790,37,38,7,COMPLETE
400,400,-0.5099304691356068,0.006168185169201359,2024-05-18 12:43:11.352302,2024-05-18 12:43:16.649698,0 days 00:00:05.297396,133,87,129,8,COMPLETE
401,401,-2.586248465403366,0.008907396759596722,2024-05-18 12:43:16.650695,2024-05-18 12:43:24.975483,0 days 00:00:08.324788,496,127,206,8,COMPLETE
402,402,-1.1425134186570367,0.007395406404946217,2024-05-18 12:43:24.977479,2024-05-18 12:43:32.842262,0 days 00:00:07.864783,764,82,103,8,COMPLETE
403,403,-3.384010742976894,0.010034983085665947,2024-05-18 12:43:32.844257,2024-05-18 12:43:38.427046,0 days 00:00:05.582789,149,73,192,8,COMPLETE
404,404,-0.48999816474043867,0.006213106708711165,2024-05-18 12:43:38.429109,2024-05-18 12:43:42.917379,0 days 00:00:04.488270,720,10,246,8,COMPLETE
405,405,-0.507424722646967,0.006252494730954317,2024-05-18 12:43:42.918405,2024-05-18 12:43:47.839050,0 days 00:00:04.920645,538,58,92,8,COMPLETE
406,406,-0.39412325318111174,0.005980571319717913,2024-05-18 12:43:47.841045,2024-05-18 12:44:04.152399,0 days 00:00:16.311354,957,240,285,8,COMPLETE
407,407,-1.0649227837819069,0.0074456765883076,2024-05-18 12:44:04.154394,2024-05-18 12:44:09.474848,0 days 00:00:05.320454,690,44,92,8,COMPLETE
408,408,-0.8089232008483298,0.006700323395565785,2024-05-18 12:44:09.476843,2024-05-18 12:44:12.986957,0 days 00:00:03.510114,638,22,26,8,COMPLETE
409,409,-1.0304924026181905,0.007212824273345934,2024-05-18 12:44:12.988949,2024-05-18 12:44:17.010800,0 days 00:00:04.021851,707,10,71,8,COMPLETE
410,410,-0.9282435034390357,0.007208275933208294,2024-05-18 12:44:17.011798,2024-05-18 12:44:23.934147,0 days 00:00:06.922349,433,101,224,8,COMPLETE
411,411,-0.36992925193251514,0.005910615584672598,2024-05-18 12:44:23.936142,2024-05-18 12:44:30.698439,0 days 00:00:06.762297,957,54,62,8,COMPLETE
412,412,-0.7546091950535555,0.00678182954795465,2024-05-18 12:44:30.699436,2024-05-18 12:44:35.613803,0 days 00:00:04.914367,958,4,10,8,COMPLETE
413,413,-0.3346733960517888,0.005899091212525028,2024-05-18 12:44:35.615800,2024-05-18 12:44:40.474559,0 days 00:00:04.858759,958,6,12,8,COMPLETE
414,414,-0.6821718982667369,0.006558582342782737,2024-05-18 12:44:40.476552,2024-05-18 12:44:53.904201,0 days 00:00:13.427649,690,218,224,8,COMPLETE
415,415,-0.936315423432632,0.0069951101535971226,2024-05-18 12:44:53.906296,2024-05-18 12:44:57.808337,0 days 00:00:03.902041,674,7,45,8,COMPLETE
416,416,-0.5637686390515656,0.006281978993131554,2024-05-18 12:44:57.810333,2024-05-18 12:45:05.591118,0 days 00:00:07.780785,957,76,92,8,COMPLETE
417,417,-0.6149764539595897,0.006464032957149172,2024-05-18 12:45:05.593113,2024-05-18 12:45:11.570164,0 days 00:00:05.977051,942,31,264,8,COMPLETE
418,418,-0.9306565491449243,0.006970577380770454,2024-05-18 12:45:11.572233,2024-05-18 12:45:22.099591,0 days 00:00:10.527358,436,175,252,8,COMPLETE
419,419,-1.414971231876455,0.00807549692464083,2024-05-18 12:45:22.101586,2024-05-18 12:45:29.150459,0 days 00:00:07.048873,412,111,182,8,COMPLETE
420,420,-0.4346989598017227,0.006066251879548815,2024-05-18 12:45:29.152456,2024-05-18 12:45:37.168179,0 days 00:00:08.015723,845,62,142,8,COMPLETE
421,421,-0.8409852624519758,0.006837133820408689,2024-05-18 12:45:37.171171,2024-05-18 12:45:40.401640,0 days 00:00:03.230469,525,17,56,8,COMPLETE
422,422,-0.8193355768887773,0.006901954905020077,2024-05-18 12:45:40.403635,2024-05-18 12:45:48.540958,0 days 00:00:08.137323,238,134,242,8,COMPLETE
423,423,-0.5641093905169443,0.006282241426831955,2024-05-18 12:45:48.542954,2024-05-18 12:45:53.486439,0 days 00:00:04.943485,690,29,166,8,COMPLETE
424,424,-0.5245456469700708,0.006251564039588259,2024-05-18 12:45:53.488435,2024-05-18 12:45:59.435597,0 days 00:00:05.947162,690,49,244,8,COMPLETE
425,425,-0.43640033390928545,0.006090508033824567,2024-05-18 12:45:59.436596,2024-05-18 12:46:04.774369,0 days 00:00:05.337773,884,24,28,8,COMPLETE
426,426,-2.1343742893083486,0.009027863820568957,2024-05-18 12:46:04.776364,2024-05-18 12:46:09.763433,0 days 00:00:04.987069,305,76,88,8,COMPLETE
427,427,-0.7821368008751739,0.0068583892945763055,2024-05-18 12:46:09.765426,2024-05-18 12:46:12.917485,0 days 00:00:03.152059,514,15,50,8,COMPLETE
428,428,-0.7198710908514675,0.00665831003400163,2024-05-18 12:46:12.919482,2024-05-18 12:46:20.074868,0 days 00:00:07.155386,658,71,85,8,COMPLETE
429,429,-0.5458012090962648,0.006269834400938939,2024-05-18 12:46:20.077860,2024-05-18 12:46:31.527058,0 days 00:00:11.449198,663,162,244,8,COMPLETE
430,430,-0.23718900304433538,0.005504006456585812,2024-05-18 12:46:31.529055,2024-05-18 12:46:44.264872,0 days 00:00:12.735817,790,194,224,8,COMPLETE
431,431,-0.9461396152743425,0.007022725060404436,2024-05-18 12:46:44.266866,2024-05-18 12:46:51.007375,0 days 00:00:06.740509,487,89,262,8,COMPLETE
432,432,-0.7058953854927591,0.006538510853608286,2024-05-18 12:46:51.009372,2024-05-18 12:46:56.321261,0 days 00:00:05.311889,343,69,208,8,COMPLETE
433,433,-0.6672857732532667,0.0065455186281738395,2024-05-18 12:46:56.322256,2024-05-18 12:47:02.880602,0 days 00:00:06.558346,250,100,199,8,COMPLETE
434,434,-0.41023295389402525,0.0060714532864415,2024-05-18 12:47:02.881570,2024-05-18 12:47:13.377247,0 days 00:00:10.495677,333,177,272,8,COMPLETE
435,435,-0.7226727861746257,0.006704648233382392,2024-05-18 12:47:13.379242,2024-05-18 12:47:16.592028,0 days 00:00:03.212786,127,31,171,8,COMPLETE
436,436,-0.5488479409476508,0.006293020686689762,2024-05-18 12:47:16.593990,2024-05-18 12:47:23.619532,0 days 00:00:07.025542,690,73,244,8,COMPLETE
437,437,-0.4802264892551202,0.0062674819438698045,2024-05-18 12:47:23.621488,2024-05-18 12:47:32.008689,0 days 00:00:08.387201,645,114,281,8,COMPLETE
438,438,-2.7263904286487994,0.009552207443589335,2024-05-18 12:47:32.010684,2024-05-18 12:47:35.921375,0 days 00:00:03.910691,71,40,92,8,COMPLETE
439,439,-0.5877074825054726,0.0062881951295763764,2024-05-18 12:47:35.923370,2024-05-18 12:47:51.223921,0 days 00:00:15.300551,958,222,284,8,COMPLETE
